[2022-05-13 16:14:44,139] {taskinstance.py:1159} INFO - Dependencies all met for <TaskInstance: example_bash_operator.runme_0 scheduled__2022-05-12T00:00:00+00:00 [queued]>
[2022-05-13 16:14:44,148] {taskinstance.py:1159} INFO - Dependencies all met for <TaskInstance: example_bash_operator.runme_0 scheduled__2022-05-12T00:00:00+00:00 [queued]>
[2022-05-13 16:14:44,148] {taskinstance.py:1356} INFO - 
--------------------------------------------------------------------------------
[2022-05-13 16:14:44,148] {taskinstance.py:1357} INFO - Starting attempt 1 of 1
[2022-05-13 16:14:44,148] {taskinstance.py:1358} INFO - 
--------------------------------------------------------------------------------
[2022-05-13 16:14:44,190] {taskinstance.py:1377} INFO - Executing <Task(BashOperator): runme_0> on 2022-05-12 00:00:00+00:00
[2022-05-13 16:14:44,191] {standard_task_runner.py:52} INFO - Started process 4928 to run task
[2022-05-13 16:14:44,194] {standard_task_runner.py:79} INFO - Running: ['airflow', 'tasks', 'run', 'example_bash_operator', 'runme_0', 'scheduled__2022-05-12T00:00:00+00:00', '--job-id', '23', '--raw', '--subdir', '/usr/local/lib/python3.10/dist-packages/airflow/example_dags/example_bash_operator.py', '--cfg-path', '/tmp/tmpcj2wse33', '--error-file', '/tmp/tmpc3eg21yb']
[2022-05-13 16:14:44,195] {standard_task_runner.py:80} INFO - Job 23: Subtask runme_0
[2022-05-13 16:14:44,243] {task_command.py:369} INFO - Running <TaskInstance: example_bash_operator.runme_0 scheduled__2022-05-12T00:00:00+00:00 [running]> on host roshan-Latitude-E5440
[2022-05-13 16:14:44,309] {taskinstance.py:1569} INFO - Exporting the following env vars:
AIRFLOW_CTX_DAG_OWNER=airflow
AIRFLOW_CTX_DAG_ID=example_bash_operator
AIRFLOW_CTX_TASK_ID=runme_0
AIRFLOW_CTX_EXECUTION_DATE=2022-05-12T00:00:00+00:00
AIRFLOW_CTX_TRY_NUMBER=1
AIRFLOW_CTX_DAG_RUN_ID=scheduled__2022-05-12T00:00:00+00:00
[2022-05-13 16:14:44,310] {subprocess.py:62} INFO - Tmp dir root location: 
 /tmp
[2022-05-13 16:14:44,311] {subprocess.py:74} INFO - Running command: ['bash', '-c', 'echo "example_bash_operator__runme_0__20220512" && sleep 1']
[2022-05-13 16:14:44,317] {subprocess.py:85} INFO - Output:
[2022-05-13 16:14:44,318] {subprocess.py:92} INFO - example_bash_operator__runme_0__20220512
[2022-05-13 16:14:45,328] {subprocess.py:96} INFO - Command exited with return code 0
[2022-05-13 16:14:45,363] {taskinstance.py:1395} INFO - Marking task as SUCCESS. dag_id=example_bash_operator, task_id=runme_0, execution_date=20220512T000000, start_date=20220513T104444, end_date=20220513T104445
[2022-05-13 16:14:45,408] {local_task_job.py:156} INFO - Task exited with return code 0
[2022-05-13 16:14:45,439] {local_task_job.py:273} INFO - 0 downstream tasks scheduled from follow-on schedule check
