[2022-05-17 18:13:51,272] {taskinstance.py:1159} INFO - Dependencies all met for <TaskInstance: example_bash_operator.runme_0 scheduled__2022-05-13T00:00:00+00:00 [queued]>
[2022-05-17 18:13:51,278] {taskinstance.py:1159} INFO - Dependencies all met for <TaskInstance: example_bash_operator.runme_0 scheduled__2022-05-13T00:00:00+00:00 [queued]>
[2022-05-17 18:13:51,279] {taskinstance.py:1356} INFO - 
--------------------------------------------------------------------------------
[2022-05-17 18:13:51,279] {taskinstance.py:1357} INFO - Starting attempt 1 of 1
[2022-05-17 18:13:51,279] {taskinstance.py:1358} INFO - 
--------------------------------------------------------------------------------
[2022-05-17 18:13:51,301] {taskinstance.py:1377} INFO - Executing <Task(BashOperator): runme_0> on 2022-05-13 00:00:00+00:00
[2022-05-17 18:13:51,303] {standard_task_runner.py:52} INFO - Started process 4454 to run task
[2022-05-17 18:13:51,306] {standard_task_runner.py:79} INFO - Running: ['airflow', 'tasks', 'run', 'example_bash_operator', 'runme_0', 'scheduled__2022-05-13T00:00:00+00:00', '--job-id', '54', '--raw', '--subdir', '/usr/local/lib/python3.10/dist-packages/airflow/example_dags/example_bash_operator.py', '--cfg-path', '/tmp/tmph4w1f9e6', '--error-file', '/tmp/tmpha7xhztu']
[2022-05-17 18:13:51,307] {standard_task_runner.py:80} INFO - Job 54: Subtask runme_0
[2022-05-17 18:13:51,347] {task_command.py:369} INFO - Running <TaskInstance: example_bash_operator.runme_0 scheduled__2022-05-13T00:00:00+00:00 [running]> on host roshan-Latitude-E5440
[2022-05-17 18:13:51,402] {taskinstance.py:1569} INFO - Exporting the following env vars:
AIRFLOW_CTX_DAG_OWNER=airflow
AIRFLOW_CTX_DAG_ID=example_bash_operator
AIRFLOW_CTX_TASK_ID=runme_0
AIRFLOW_CTX_EXECUTION_DATE=2022-05-13T00:00:00+00:00
AIRFLOW_CTX_TRY_NUMBER=1
AIRFLOW_CTX_DAG_RUN_ID=scheduled__2022-05-13T00:00:00+00:00
[2022-05-17 18:13:51,403] {subprocess.py:62} INFO - Tmp dir root location: 
 /tmp
[2022-05-17 18:13:51,403] {subprocess.py:74} INFO - Running command: ['bash', '-c', 'echo "example_bash_operator__runme_0__20220513" && sleep 1']
[2022-05-17 18:13:51,408] {subprocess.py:85} INFO - Output:
[2022-05-17 18:13:51,409] {subprocess.py:92} INFO - example_bash_operator__runme_0__20220513
[2022-05-17 18:13:52,410] {subprocess.py:96} INFO - Command exited with return code 0
[2022-05-17 18:13:52,485] {taskinstance.py:1395} INFO - Marking task as SUCCESS. dag_id=example_bash_operator, task_id=runme_0, execution_date=20220513T000000, start_date=20220517T124351, end_date=20220517T124352
[2022-05-17 18:13:52,522] {local_task_job.py:156} INFO - Task exited with return code 0
[2022-05-17 18:13:52,543] {local_task_job.py:273} INFO - 0 downstream tasks scheduled from follow-on schedule check
