[2022-05-11 19:30:17,967] {taskinstance.py:1159} INFO - Dependencies all met for <TaskInstance: example_bash_operator.runme_0 manual__2022-05-11T14:00:15.813135+00:00 [queued]>
[2022-05-11 19:30:17,977] {taskinstance.py:1159} INFO - Dependencies all met for <TaskInstance: example_bash_operator.runme_0 manual__2022-05-11T14:00:15.813135+00:00 [queued]>
[2022-05-11 19:30:17,977] {taskinstance.py:1356} INFO - 
--------------------------------------------------------------------------------
[2022-05-11 19:30:17,977] {taskinstance.py:1357} INFO - Starting attempt 1 of 1
[2022-05-11 19:30:17,978] {taskinstance.py:1358} INFO - 
--------------------------------------------------------------------------------
[2022-05-11 19:30:18,004] {taskinstance.py:1377} INFO - Executing <Task(BashOperator): runme_0> on 2022-05-11 14:00:15.813135+00:00
[2022-05-11 19:30:18,006] {standard_task_runner.py:52} INFO - Started process 10383 to run task
[2022-05-11 19:30:18,011] {standard_task_runner.py:79} INFO - Running: ['airflow', 'tasks', 'run', 'example_bash_operator', 'runme_0', 'manual__2022-05-11T14:00:15.813135+00:00', '--job-id', '8', '--raw', '--subdir', '/usr/local/lib/python3.10/dist-packages/airflow/example_dags/example_bash_operator.py', '--cfg-path', '/tmp/tmpcigq6_nd', '--error-file', '/tmp/tmpmih_4_sj']
[2022-05-11 19:30:18,012] {standard_task_runner.py:80} INFO - Job 8: Subtask runme_0
[2022-05-11 19:30:18,062] {task_command.py:369} INFO - Running <TaskInstance: example_bash_operator.runme_0 manual__2022-05-11T14:00:15.813135+00:00 [running]> on host roshan-Latitude-E5440
[2022-05-11 19:30:18,136] {taskinstance.py:1569} INFO - Exporting the following env vars:
AIRFLOW_CTX_DAG_OWNER=airflow
AIRFLOW_CTX_DAG_ID=example_bash_operator
AIRFLOW_CTX_TASK_ID=runme_0
AIRFLOW_CTX_EXECUTION_DATE=2022-05-11T14:00:15.813135+00:00
AIRFLOW_CTX_TRY_NUMBER=1
AIRFLOW_CTX_DAG_RUN_ID=manual__2022-05-11T14:00:15.813135+00:00
[2022-05-11 19:30:18,137] {subprocess.py:62} INFO - Tmp dir root location: 
 /tmp
[2022-05-11 19:30:18,138] {subprocess.py:74} INFO - Running command: ['bash', '-c', 'echo "example_bash_operator__runme_0__20220511" && sleep 1']
[2022-05-11 19:30:18,146] {subprocess.py:85} INFO - Output:
[2022-05-11 19:30:18,146] {subprocess.py:92} INFO - example_bash_operator__runme_0__20220511
[2022-05-11 19:30:19,148] {subprocess.py:96} INFO - Command exited with return code 0
[2022-05-11 19:30:19,185] {taskinstance.py:1395} INFO - Marking task as SUCCESS. dag_id=example_bash_operator, task_id=runme_0, execution_date=20220511T140015, start_date=20220511T140017, end_date=20220511T140019
[2022-05-11 19:30:19,225] {local_task_job.py:156} INFO - Task exited with return code 0
[2022-05-11 19:30:19,271] {local_task_job.py:273} INFO - 0 downstream tasks scheduled from follow-on schedule check
