[2022-06-14 18:33:11,548] {taskinstance.py:1159} INFO - Dependencies all met for <TaskInstance: example_bash_operator.runme_0 scheduled__2022-06-13T00:00:00+00:00 [queued]>
[2022-06-14 18:33:11,563] {taskinstance.py:1159} INFO - Dependencies all met for <TaskInstance: example_bash_operator.runme_0 scheduled__2022-06-13T00:00:00+00:00 [queued]>
[2022-06-14 18:33:11,563] {taskinstance.py:1356} INFO - 
--------------------------------------------------------------------------------
[2022-06-14 18:33:11,564] {taskinstance.py:1357} INFO - Starting attempt 1 of 1
[2022-06-14 18:33:11,564] {taskinstance.py:1358} INFO - 
--------------------------------------------------------------------------------
[2022-06-14 18:33:11,607] {taskinstance.py:1377} INFO - Executing <Task(BashOperator): runme_0> on 2022-06-13 00:00:00+00:00
[2022-06-14 18:33:11,611] {standard_task_runner.py:52} INFO - Started process 6553 to run task
[2022-06-14 18:33:11,615] {standard_task_runner.py:79} INFO - Running: ['airflow', 'tasks', 'run', 'example_bash_operator', 'runme_0', 'scheduled__2022-06-13T00:00:00+00:00', '--job-id', '109', '--raw', '--subdir', '/usr/local/lib/python3.10/dist-packages/airflow/example_dags/example_bash_operator.py', '--cfg-path', '/tmp/tmpwdwzry_a', '--error-file', '/tmp/tmp9e3h8hui']
[2022-06-14 18:33:11,616] {standard_task_runner.py:80} INFO - Job 109: Subtask runme_0
[2022-06-14 18:33:11,718] {task_command.py:369} INFO - Running <TaskInstance: example_bash_operator.runme_0 scheduled__2022-06-13T00:00:00+00:00 [running]> on host roshan-Latitude-E5440
[2022-06-14 18:33:11,828] {taskinstance.py:1569} INFO - Exporting the following env vars:
AIRFLOW_CTX_DAG_OWNER=airflow
AIRFLOW_CTX_DAG_ID=example_bash_operator
AIRFLOW_CTX_TASK_ID=runme_0
AIRFLOW_CTX_EXECUTION_DATE=2022-06-13T00:00:00+00:00
AIRFLOW_CTX_TRY_NUMBER=1
AIRFLOW_CTX_DAG_RUN_ID=scheduled__2022-06-13T00:00:00+00:00
[2022-06-14 18:33:11,829] {subprocess.py:62} INFO - Tmp dir root location: 
 /tmp
[2022-06-14 18:33:11,830] {subprocess.py:74} INFO - Running command: ['bash', '-c', 'echo "example_bash_operator__runme_0__20220613" && sleep 1']
[2022-06-14 18:33:11,835] {subprocess.py:85} INFO - Output:
[2022-06-14 18:33:11,836] {subprocess.py:92} INFO - example_bash_operator__runme_0__20220613
[2022-06-14 18:33:12,837] {subprocess.py:96} INFO - Command exited with return code 0
[2022-06-14 18:33:12,945] {taskinstance.py:1395} INFO - Marking task as SUCCESS. dag_id=example_bash_operator, task_id=runme_0, execution_date=20220613T000000, start_date=20220614T130311, end_date=20220614T130312
[2022-06-14 18:33:13,034] {local_task_job.py:156} INFO - Task exited with return code 0
[2022-06-14 18:33:13,128] {local_task_job.py:273} INFO - 0 downstream tasks scheduled from follow-on schedule check
