[2022-05-11 19:27:15,685] {processor.py:153} INFO - Started process (PID=10135) to work on /usr/local/lib/python3.10/dist-packages/airflow/example_dags/example_short_circuit_operator.py
[2022-05-11 19:27:15,685] {processor.py:641} INFO - Processing file /usr/local/lib/python3.10/dist-packages/airflow/example_dags/example_short_circuit_operator.py for tasks to queue
[2022-05-11 19:27:15,686] {logging_mixin.py:115} INFO - [2022-05-11 19:27:15,686] {dagbag.py:507} INFO - Filling up the DagBag from /usr/local/lib/python3.10/dist-packages/airflow/example_dags/example_short_circuit_operator.py
[2022-05-11 19:27:15,695] {processor.py:651} INFO - DAG(s) dict_keys(['example_short_circuit_operator']) retrieved from /usr/local/lib/python3.10/dist-packages/airflow/example_dags/example_short_circuit_operator.py
[2022-05-11 19:27:15,784] {logging_mixin.py:115} INFO - [2022-05-11 19:27:15,783] {manager.py:508} INFO - Created Permission View: can read on DAG:example_short_circuit_operator
[2022-05-11 19:27:15,799] {logging_mixin.py:115} INFO - [2022-05-11 19:27:15,799] {manager.py:508} INFO - Created Permission View: can delete on DAG:example_short_circuit_operator
[2022-05-11 19:27:15,815] {logging_mixin.py:115} INFO - [2022-05-11 19:27:15,815] {manager.py:508} INFO - Created Permission View: can edit on DAG:example_short_circuit_operator
[2022-05-11 19:27:15,815] {logging_mixin.py:115} INFO - [2022-05-11 19:27:15,815] {dag.py:2371} INFO - Sync 1 DAGs
[2022-05-11 19:27:15,823] {logging_mixin.py:115} INFO - [2022-05-11 19:27:15,823] {dag.py:2390} INFO - Creating ORM DAG for example_short_circuit_operator
[2022-05-11 19:27:15,833] {logging_mixin.py:115} INFO - [2022-05-11 19:27:15,833] {dag.py:2915} INFO - Setting next_dagrun for example_short_circuit_operator to 2022-05-10T13:57:15.833480+00:00, run_after=2022-05-11T13:57:15.833480+00:00
[2022-05-11 19:27:15,860] {processor.py:161} INFO - Processing /usr/local/lib/python3.10/dist-packages/airflow/example_dags/example_short_circuit_operator.py took 0.178 seconds
[2022-05-11 19:27:51,408] {processor.py:153} INFO - Started process (PID=10189) to work on /usr/local/lib/python3.10/dist-packages/airflow/example_dags/example_short_circuit_operator.py
[2022-05-11 19:27:51,409] {processor.py:641} INFO - Processing file /usr/local/lib/python3.10/dist-packages/airflow/example_dags/example_short_circuit_operator.py for tasks to queue
[2022-05-11 19:27:51,409] {logging_mixin.py:115} INFO - [2022-05-11 19:27:51,409] {dagbag.py:507} INFO - Filling up the DagBag from /usr/local/lib/python3.10/dist-packages/airflow/example_dags/example_short_circuit_operator.py
[2022-05-11 19:27:51,418] {processor.py:651} INFO - DAG(s) dict_keys(['example_short_circuit_operator']) retrieved from /usr/local/lib/python3.10/dist-packages/airflow/example_dags/example_short_circuit_operator.py
[2022-05-11 19:27:51,435] {logging_mixin.py:115} INFO - [2022-05-11 19:27:51,435] {dag.py:2371} INFO - Sync 1 DAGs
[2022-05-11 19:27:51,453] {logging_mixin.py:115} INFO - [2022-05-11 19:27:51,452] {dag.py:2915} INFO - Setting next_dagrun for example_short_circuit_operator to 2022-05-10T13:57:51.452713+00:00, run_after=2022-05-11T13:57:51.452713+00:00
[2022-05-11 19:27:51,476] {processor.py:161} INFO - Processing /usr/local/lib/python3.10/dist-packages/airflow/example_dags/example_short_circuit_operator.py took 0.071 seconds
[2022-05-11 19:28:24,354] {processor.py:153} INFO - Started process (PID=10240) to work on /usr/local/lib/python3.10/dist-packages/airflow/example_dags/example_short_circuit_operator.py
[2022-05-11 19:28:24,354] {processor.py:641} INFO - Processing file /usr/local/lib/python3.10/dist-packages/airflow/example_dags/example_short_circuit_operator.py for tasks to queue
[2022-05-11 19:28:24,355] {logging_mixin.py:115} INFO - [2022-05-11 19:28:24,355] {dagbag.py:507} INFO - Filling up the DagBag from /usr/local/lib/python3.10/dist-packages/airflow/example_dags/example_short_circuit_operator.py
[2022-05-11 19:28:24,363] {processor.py:651} INFO - DAG(s) dict_keys(['example_short_circuit_operator']) retrieved from /usr/local/lib/python3.10/dist-packages/airflow/example_dags/example_short_circuit_operator.py
[2022-05-11 19:28:24,380] {logging_mixin.py:115} INFO - [2022-05-11 19:28:24,380] {dag.py:2371} INFO - Sync 1 DAGs
[2022-05-11 19:28:24,399] {logging_mixin.py:115} INFO - [2022-05-11 19:28:24,398] {dag.py:2915} INFO - Setting next_dagrun for example_short_circuit_operator to 2022-05-10T13:58:24.398603+00:00, run_after=2022-05-11T13:58:24.398603+00:00
[2022-05-11 19:28:24,418] {processor.py:161} INFO - Processing /usr/local/lib/python3.10/dist-packages/airflow/example_dags/example_short_circuit_operator.py took 0.067 seconds
[2022-05-11 19:28:57,705] {processor.py:153} INFO - Started process (PID=10288) to work on /usr/local/lib/python3.10/dist-packages/airflow/example_dags/example_short_circuit_operator.py
[2022-05-11 19:28:57,706] {processor.py:641} INFO - Processing file /usr/local/lib/python3.10/dist-packages/airflow/example_dags/example_short_circuit_operator.py for tasks to queue
[2022-05-11 19:28:57,706] {logging_mixin.py:115} INFO - [2022-05-11 19:28:57,706] {dagbag.py:507} INFO - Filling up the DagBag from /usr/local/lib/python3.10/dist-packages/airflow/example_dags/example_short_circuit_operator.py
[2022-05-11 19:28:57,716] {processor.py:651} INFO - DAG(s) dict_keys(['example_short_circuit_operator']) retrieved from /usr/local/lib/python3.10/dist-packages/airflow/example_dags/example_short_circuit_operator.py
[2022-05-11 19:28:57,733] {logging_mixin.py:115} INFO - [2022-05-11 19:28:57,733] {dag.py:2371} INFO - Sync 1 DAGs
[2022-05-11 19:28:57,749] {logging_mixin.py:115} INFO - [2022-05-11 19:28:57,749] {dag.py:2915} INFO - Setting next_dagrun for example_short_circuit_operator to 2022-05-10T13:58:57.749149+00:00, run_after=2022-05-11T13:58:57.749149+00:00
[2022-05-11 19:28:57,767] {processor.py:161} INFO - Processing /usr/local/lib/python3.10/dist-packages/airflow/example_dags/example_short_circuit_operator.py took 0.065 seconds
[2022-05-11 19:29:31,845] {processor.py:153} INFO - Started process (PID=10326) to work on /usr/local/lib/python3.10/dist-packages/airflow/example_dags/example_short_circuit_operator.py
[2022-05-11 19:29:31,846] {processor.py:641} INFO - Processing file /usr/local/lib/python3.10/dist-packages/airflow/example_dags/example_short_circuit_operator.py for tasks to queue
[2022-05-11 19:29:31,847] {logging_mixin.py:115} INFO - [2022-05-11 19:29:31,846] {dagbag.py:507} INFO - Filling up the DagBag from /usr/local/lib/python3.10/dist-packages/airflow/example_dags/example_short_circuit_operator.py
[2022-05-11 19:29:31,862] {processor.py:651} INFO - DAG(s) dict_keys(['example_short_circuit_operator']) retrieved from /usr/local/lib/python3.10/dist-packages/airflow/example_dags/example_short_circuit_operator.py
[2022-05-11 19:29:31,884] {logging_mixin.py:115} INFO - [2022-05-11 19:29:31,884] {dag.py:2371} INFO - Sync 1 DAGs
[2022-05-11 19:29:31,906] {logging_mixin.py:115} INFO - [2022-05-11 19:29:31,906] {dag.py:2915} INFO - Setting next_dagrun for example_short_circuit_operator to 2022-05-10T13:59:31.906190+00:00, run_after=2022-05-11T13:59:31.906190+00:00
[2022-05-11 19:29:31,927] {processor.py:161} INFO - Processing /usr/local/lib/python3.10/dist-packages/airflow/example_dags/example_short_circuit_operator.py took 0.085 seconds
[2022-05-11 19:30:32,554] {processor.py:153} INFO - Started process (PID=10402) to work on /usr/local/lib/python3.10/dist-packages/airflow/example_dags/example_short_circuit_operator.py
[2022-05-11 19:30:32,554] {processor.py:641} INFO - Processing file /usr/local/lib/python3.10/dist-packages/airflow/example_dags/example_short_circuit_operator.py for tasks to queue
[2022-05-11 19:30:32,555] {logging_mixin.py:115} INFO - [2022-05-11 19:30:32,555] {dagbag.py:507} INFO - Filling up the DagBag from /usr/local/lib/python3.10/dist-packages/airflow/example_dags/example_short_circuit_operator.py
[2022-05-11 19:30:32,565] {processor.py:651} INFO - DAG(s) dict_keys(['example_short_circuit_operator']) retrieved from /usr/local/lib/python3.10/dist-packages/airflow/example_dags/example_short_circuit_operator.py
[2022-05-11 19:30:32,582] {logging_mixin.py:115} INFO - [2022-05-11 19:30:32,582] {dag.py:2371} INFO - Sync 1 DAGs
[2022-05-11 19:30:32,600] {logging_mixin.py:115} INFO - [2022-05-11 19:30:32,599] {dag.py:2915} INFO - Setting next_dagrun for example_short_circuit_operator to 2022-05-10T14:00:32.599795+00:00, run_after=2022-05-11T14:00:32.599795+00:00
[2022-05-11 19:30:32,619] {processor.py:161} INFO - Processing /usr/local/lib/python3.10/dist-packages/airflow/example_dags/example_short_circuit_operator.py took 0.068 seconds
[2022-05-11 19:31:05,710] {processor.py:153} INFO - Started process (PID=10454) to work on /usr/local/lib/python3.10/dist-packages/airflow/example_dags/example_short_circuit_operator.py
[2022-05-11 19:31:05,711] {processor.py:641} INFO - Processing file /usr/local/lib/python3.10/dist-packages/airflow/example_dags/example_short_circuit_operator.py for tasks to queue
[2022-05-11 19:31:05,711] {logging_mixin.py:115} INFO - [2022-05-11 19:31:05,711] {dagbag.py:507} INFO - Filling up the DagBag from /usr/local/lib/python3.10/dist-packages/airflow/example_dags/example_short_circuit_operator.py
[2022-05-11 19:31:05,722] {processor.py:651} INFO - DAG(s) dict_keys(['example_short_circuit_operator']) retrieved from /usr/local/lib/python3.10/dist-packages/airflow/example_dags/example_short_circuit_operator.py
[2022-05-11 19:31:05,740] {logging_mixin.py:115} INFO - [2022-05-11 19:31:05,740] {dag.py:2371} INFO - Sync 1 DAGs
[2022-05-11 19:31:05,757] {logging_mixin.py:115} INFO - [2022-05-11 19:31:05,757] {dag.py:2915} INFO - Setting next_dagrun for example_short_circuit_operator to 2022-05-10T14:01:05.757365+00:00, run_after=2022-05-11T14:01:05.757365+00:00
[2022-05-11 19:31:05,776] {processor.py:161} INFO - Processing /usr/local/lib/python3.10/dist-packages/airflow/example_dags/example_short_circuit_operator.py took 0.069 seconds
[2022-05-11 19:31:41,330] {processor.py:153} INFO - Started process (PID=10746) to work on /usr/local/lib/python3.10/dist-packages/airflow/example_dags/example_short_circuit_operator.py
[2022-05-11 19:31:41,330] {processor.py:641} INFO - Processing file /usr/local/lib/python3.10/dist-packages/airflow/example_dags/example_short_circuit_operator.py for tasks to queue
[2022-05-11 19:31:41,331] {logging_mixin.py:115} INFO - [2022-05-11 19:31:41,331] {dagbag.py:507} INFO - Filling up the DagBag from /usr/local/lib/python3.10/dist-packages/airflow/example_dags/example_short_circuit_operator.py
[2022-05-11 19:31:41,341] {processor.py:651} INFO - DAG(s) dict_keys(['example_short_circuit_operator']) retrieved from /usr/local/lib/python3.10/dist-packages/airflow/example_dags/example_short_circuit_operator.py
[2022-05-11 19:31:41,358] {logging_mixin.py:115} INFO - [2022-05-11 19:31:41,358] {dag.py:2371} INFO - Sync 1 DAGs
[2022-05-11 19:31:41,376] {logging_mixin.py:115} INFO - [2022-05-11 19:31:41,376] {dag.py:2915} INFO - Setting next_dagrun for example_short_circuit_operator to 2022-05-10T14:01:41.376321+00:00, run_after=2022-05-11T14:01:41.376321+00:00
[2022-05-11 19:31:41,395] {processor.py:161} INFO - Processing /usr/local/lib/python3.10/dist-packages/airflow/example_dags/example_short_circuit_operator.py took 0.068 seconds
