[2022-05-11 19:27:18,187] {processor.py:153} INFO - Started process (PID=10137) to work on /usr/local/lib/python3.10/dist-packages/airflow/example_dags/example_xcom.py
[2022-05-11 19:27:18,188] {processor.py:641} INFO - Processing file /usr/local/lib/python3.10/dist-packages/airflow/example_dags/example_xcom.py for tasks to queue
[2022-05-11 19:27:18,188] {logging_mixin.py:115} INFO - [2022-05-11 19:27:18,188] {dagbag.py:507} INFO - Filling up the DagBag from /usr/local/lib/python3.10/dist-packages/airflow/example_dags/example_xcom.py
[2022-05-11 19:27:18,211] {processor.py:651} INFO - DAG(s) dict_keys(['example_xcom']) retrieved from /usr/local/lib/python3.10/dist-packages/airflow/example_dags/example_xcom.py
[2022-05-11 19:27:18,289] {logging_mixin.py:115} INFO - [2022-05-11 19:27:18,289] {manager.py:508} INFO - Created Permission View: can read on DAG:example_xcom
[2022-05-11 19:27:18,305] {logging_mixin.py:115} INFO - [2022-05-11 19:27:18,305] {manager.py:508} INFO - Created Permission View: can delete on DAG:example_xcom
[2022-05-11 19:27:18,318] {logging_mixin.py:115} INFO - [2022-05-11 19:27:18,318] {manager.py:508} INFO - Created Permission View: can edit on DAG:example_xcom
[2022-05-11 19:27:18,318] {logging_mixin.py:115} INFO - [2022-05-11 19:27:18,318] {dag.py:2371} INFO - Sync 1 DAGs
[2022-05-11 19:27:18,325] {logging_mixin.py:115} INFO - [2022-05-11 19:27:18,325] {dag.py:2390} INFO - Creating ORM DAG for example_xcom
[2022-05-11 19:27:18,334] {logging_mixin.py:115} INFO - [2022-05-11 19:27:18,334] {dag.py:2915} INFO - Setting next_dagrun for example_xcom to 2021-01-01T00:00:00+00:00, run_after=2021-01-01T00:00:00+00:00
[2022-05-11 19:27:18,359] {processor.py:161} INFO - Processing /usr/local/lib/python3.10/dist-packages/airflow/example_dags/example_xcom.py took 0.176 seconds
[2022-05-11 19:27:53,335] {processor.py:153} INFO - Started process (PID=10191) to work on /usr/local/lib/python3.10/dist-packages/airflow/example_dags/example_xcom.py
[2022-05-11 19:27:53,336] {processor.py:641} INFO - Processing file /usr/local/lib/python3.10/dist-packages/airflow/example_dags/example_xcom.py for tasks to queue
[2022-05-11 19:27:53,337] {logging_mixin.py:115} INFO - [2022-05-11 19:27:53,337] {dagbag.py:507} INFO - Filling up the DagBag from /usr/local/lib/python3.10/dist-packages/airflow/example_dags/example_xcom.py
[2022-05-11 19:27:53,357] {processor.py:651} INFO - DAG(s) dict_keys(['example_xcom']) retrieved from /usr/local/lib/python3.10/dist-packages/airflow/example_dags/example_xcom.py
[2022-05-11 19:27:53,397] {logging_mixin.py:115} INFO - [2022-05-11 19:27:53,396] {dag.py:2371} INFO - Sync 1 DAGs
[2022-05-11 19:27:53,412] {logging_mixin.py:115} INFO - [2022-05-11 19:27:53,412] {dag.py:2915} INFO - Setting next_dagrun for example_xcom to 2021-01-01T00:00:00+00:00, run_after=2021-01-01T00:00:00+00:00
[2022-05-11 19:27:53,430] {processor.py:161} INFO - Processing /usr/local/lib/python3.10/dist-packages/airflow/example_dags/example_xcom.py took 0.098 seconds
[2022-05-11 19:28:26,628] {processor.py:153} INFO - Started process (PID=10247) to work on /usr/local/lib/python3.10/dist-packages/airflow/example_dags/example_xcom.py
[2022-05-11 19:28:26,632] {processor.py:641} INFO - Processing file /usr/local/lib/python3.10/dist-packages/airflow/example_dags/example_xcom.py for tasks to queue
[2022-05-11 19:28:26,633] {logging_mixin.py:115} INFO - [2022-05-11 19:28:26,633] {dagbag.py:507} INFO - Filling up the DagBag from /usr/local/lib/python3.10/dist-packages/airflow/example_dags/example_xcom.py
[2022-05-11 19:28:26,672] {processor.py:651} INFO - DAG(s) dict_keys(['example_xcom']) retrieved from /usr/local/lib/python3.10/dist-packages/airflow/example_dags/example_xcom.py
[2022-05-11 19:28:26,699] {logging_mixin.py:115} INFO - [2022-05-11 19:28:26,699] {dag.py:2371} INFO - Sync 1 DAGs
[2022-05-11 19:28:26,727] {logging_mixin.py:115} INFO - [2022-05-11 19:28:26,727] {dag.py:2915} INFO - Setting next_dagrun for example_xcom to 2021-01-01T00:00:00+00:00, run_after=2021-01-01T00:00:00+00:00
[2022-05-11 19:28:26,755] {processor.py:161} INFO - Processing /usr/local/lib/python3.10/dist-packages/airflow/example_dags/example_xcom.py took 0.130 seconds
[2022-05-11 19:28:59,410] {processor.py:153} INFO - Started process (PID=10290) to work on /usr/local/lib/python3.10/dist-packages/airflow/example_dags/example_xcom.py
[2022-05-11 19:28:59,411] {processor.py:641} INFO - Processing file /usr/local/lib/python3.10/dist-packages/airflow/example_dags/example_xcom.py for tasks to queue
[2022-05-11 19:28:59,411] {logging_mixin.py:115} INFO - [2022-05-11 19:28:59,411] {dagbag.py:507} INFO - Filling up the DagBag from /usr/local/lib/python3.10/dist-packages/airflow/example_dags/example_xcom.py
[2022-05-11 19:28:59,433] {processor.py:651} INFO - DAG(s) dict_keys(['example_xcom']) retrieved from /usr/local/lib/python3.10/dist-packages/airflow/example_dags/example_xcom.py
[2022-05-11 19:28:59,448] {logging_mixin.py:115} INFO - [2022-05-11 19:28:59,448] {dag.py:2371} INFO - Sync 1 DAGs
[2022-05-11 19:28:59,466] {logging_mixin.py:115} INFO - [2022-05-11 19:28:59,466] {dag.py:2915} INFO - Setting next_dagrun for example_xcom to 2021-01-01T00:00:00+00:00, run_after=2021-01-01T00:00:00+00:00
[2022-05-11 19:28:59,482] {processor.py:161} INFO - Processing /usr/local/lib/python3.10/dist-packages/airflow/example_dags/example_xcom.py took 0.075 seconds
[2022-05-11 19:29:32,839] {processor.py:153} INFO - Started process (PID=10328) to work on /usr/local/lib/python3.10/dist-packages/airflow/example_dags/example_xcom.py
[2022-05-11 19:29:32,839] {processor.py:641} INFO - Processing file /usr/local/lib/python3.10/dist-packages/airflow/example_dags/example_xcom.py for tasks to queue
[2022-05-11 19:29:32,840] {logging_mixin.py:115} INFO - [2022-05-11 19:29:32,840] {dagbag.py:507} INFO - Filling up the DagBag from /usr/local/lib/python3.10/dist-packages/airflow/example_dags/example_xcom.py
[2022-05-11 19:29:32,868] {processor.py:651} INFO - DAG(s) dict_keys(['example_xcom']) retrieved from /usr/local/lib/python3.10/dist-packages/airflow/example_dags/example_xcom.py
[2022-05-11 19:29:32,939] {logging_mixin.py:115} INFO - [2022-05-11 19:29:32,939] {dag.py:2371} INFO - Sync 1 DAGs
[2022-05-11 19:29:32,968] {logging_mixin.py:115} INFO - [2022-05-11 19:29:32,968] {dag.py:2915} INFO - Setting next_dagrun for example_xcom to 2021-01-01T00:00:00+00:00, run_after=2021-01-01T00:00:00+00:00
[2022-05-11 19:29:33,020] {processor.py:161} INFO - Processing /usr/local/lib/python3.10/dist-packages/airflow/example_dags/example_xcom.py took 0.185 seconds
[2022-05-11 19:30:34,501] {processor.py:153} INFO - Started process (PID=10404) to work on /usr/local/lib/python3.10/dist-packages/airflow/example_dags/example_xcom.py
[2022-05-11 19:30:34,502] {processor.py:641} INFO - Processing file /usr/local/lib/python3.10/dist-packages/airflow/example_dags/example_xcom.py for tasks to queue
[2022-05-11 19:30:34,502] {logging_mixin.py:115} INFO - [2022-05-11 19:30:34,502] {dagbag.py:507} INFO - Filling up the DagBag from /usr/local/lib/python3.10/dist-packages/airflow/example_dags/example_xcom.py
[2022-05-11 19:30:34,524] {processor.py:651} INFO - DAG(s) dict_keys(['example_xcom']) retrieved from /usr/local/lib/python3.10/dist-packages/airflow/example_dags/example_xcom.py
[2022-05-11 19:30:34,539] {logging_mixin.py:115} INFO - [2022-05-11 19:30:34,539] {dag.py:2371} INFO - Sync 1 DAGs
[2022-05-11 19:30:34,557] {logging_mixin.py:115} INFO - [2022-05-11 19:30:34,557] {dag.py:2915} INFO - Setting next_dagrun for example_xcom to 2021-01-01T00:00:00+00:00, run_after=2021-01-01T00:00:00+00:00
[2022-05-11 19:30:34,576] {processor.py:161} INFO - Processing /usr/local/lib/python3.10/dist-packages/airflow/example_dags/example_xcom.py took 0.078 seconds
[2022-05-11 19:31:08,002] {processor.py:153} INFO - Started process (PID=10457) to work on /usr/local/lib/python3.10/dist-packages/airflow/example_dags/example_xcom.py
[2022-05-11 19:31:08,003] {processor.py:641} INFO - Processing file /usr/local/lib/python3.10/dist-packages/airflow/example_dags/example_xcom.py for tasks to queue
[2022-05-11 19:31:08,003] {logging_mixin.py:115} INFO - [2022-05-11 19:31:08,003] {dagbag.py:507} INFO - Filling up the DagBag from /usr/local/lib/python3.10/dist-packages/airflow/example_dags/example_xcom.py
[2022-05-11 19:31:08,024] {processor.py:651} INFO - DAG(s) dict_keys(['example_xcom']) retrieved from /usr/local/lib/python3.10/dist-packages/airflow/example_dags/example_xcom.py
[2022-05-11 19:31:08,067] {logging_mixin.py:115} INFO - [2022-05-11 19:31:08,067] {dag.py:2371} INFO - Sync 1 DAGs
[2022-05-11 19:31:08,084] {logging_mixin.py:115} INFO - [2022-05-11 19:31:08,084] {dag.py:2915} INFO - Setting next_dagrun for example_xcom to 2021-01-01T00:00:00+00:00, run_after=2021-01-01T00:00:00+00:00
[2022-05-11 19:31:08,102] {processor.py:161} INFO - Processing /usr/local/lib/python3.10/dist-packages/airflow/example_dags/example_xcom.py took 0.103 seconds
[2022-05-11 19:31:43,241] {processor.py:153} INFO - Started process (PID=10748) to work on /usr/local/lib/python3.10/dist-packages/airflow/example_dags/example_xcom.py
[2022-05-11 19:31:43,242] {processor.py:641} INFO - Processing file /usr/local/lib/python3.10/dist-packages/airflow/example_dags/example_xcom.py for tasks to queue
[2022-05-11 19:31:43,243] {logging_mixin.py:115} INFO - [2022-05-11 19:31:43,243] {dagbag.py:507} INFO - Filling up the DagBag from /usr/local/lib/python3.10/dist-packages/airflow/example_dags/example_xcom.py
[2022-05-11 19:31:43,272] {processor.py:651} INFO - DAG(s) dict_keys(['example_xcom']) retrieved from /usr/local/lib/python3.10/dist-packages/airflow/example_dags/example_xcom.py
[2022-05-11 19:31:43,335] {logging_mixin.py:115} INFO - [2022-05-11 19:31:43,335] {dag.py:2371} INFO - Sync 1 DAGs
[2022-05-11 19:31:43,356] {logging_mixin.py:115} INFO - [2022-05-11 19:31:43,356] {dag.py:2915} INFO - Setting next_dagrun for example_xcom to 2021-01-01T00:00:00+00:00, run_after=2021-01-01T00:00:00+00:00
[2022-05-11 19:31:43,380] {processor.py:161} INFO - Processing /usr/local/lib/python3.10/dist-packages/airflow/example_dags/example_xcom.py took 0.142 seconds
