[2022-05-11 19:27:08,825] {processor.py:153} INFO - Started process (PID=10128) to work on /usr/local/lib/python3.10/dist-packages/airflow/example_dags/example_latest_only.py
[2022-05-11 19:27:08,826] {processor.py:641} INFO - Processing file /usr/local/lib/python3.10/dist-packages/airflow/example_dags/example_latest_only.py for tasks to queue
[2022-05-11 19:27:08,826] {logging_mixin.py:115} INFO - [2022-05-11 19:27:08,826] {dagbag.py:507} INFO - Filling up the DagBag from /usr/local/lib/python3.10/dist-packages/airflow/example_dags/example_latest_only.py
[2022-05-11 19:27:08,832] {processor.py:651} INFO - DAG(s) dict_keys(['latest_only']) retrieved from /usr/local/lib/python3.10/dist-packages/airflow/example_dags/example_latest_only.py
[2022-05-11 19:27:08,903] {logging_mixin.py:115} INFO - [2022-05-11 19:27:08,903] {manager.py:508} INFO - Created Permission View: can read on DAG:latest_only
[2022-05-11 19:27:08,917] {logging_mixin.py:115} INFO - [2022-05-11 19:27:08,917] {manager.py:508} INFO - Created Permission View: can delete on DAG:latest_only
[2022-05-11 19:27:08,929] {logging_mixin.py:115} INFO - [2022-05-11 19:27:08,929] {manager.py:508} INFO - Created Permission View: can edit on DAG:latest_only
[2022-05-11 19:27:08,929] {logging_mixin.py:115} INFO - [2022-05-11 19:27:08,929] {dag.py:2371} INFO - Sync 1 DAGs
[2022-05-11 19:27:08,938] {logging_mixin.py:115} INFO - [2022-05-11 19:27:08,938] {dag.py:2390} INFO - Creating ORM DAG for latest_only
[2022-05-11 19:27:08,946] {logging_mixin.py:115} INFO - [2022-05-11 19:27:08,946] {dag.py:2915} INFO - Setting next_dagrun for latest_only to 2022-05-11T09:57:08.946213+00:00, run_after=2022-05-11T13:57:08.946213+00:00
[2022-05-11 19:27:08,969] {processor.py:161} INFO - Processing /usr/local/lib/python3.10/dist-packages/airflow/example_dags/example_latest_only.py took 0.146 seconds
[2022-05-11 19:27:44,266] {processor.py:153} INFO - Started process (PID=10163) to work on /usr/local/lib/python3.10/dist-packages/airflow/example_dags/example_latest_only.py
[2022-05-11 19:27:44,267] {processor.py:641} INFO - Processing file /usr/local/lib/python3.10/dist-packages/airflow/example_dags/example_latest_only.py for tasks to queue
[2022-05-11 19:27:44,268] {logging_mixin.py:115} INFO - [2022-05-11 19:27:44,268] {dagbag.py:507} INFO - Filling up the DagBag from /usr/local/lib/python3.10/dist-packages/airflow/example_dags/example_latest_only.py
[2022-05-11 19:27:44,275] {processor.py:651} INFO - DAG(s) dict_keys(['latest_only']) retrieved from /usr/local/lib/python3.10/dist-packages/airflow/example_dags/example_latest_only.py
[2022-05-11 19:27:44,301] {logging_mixin.py:115} INFO - [2022-05-11 19:27:44,300] {dag.py:2371} INFO - Sync 1 DAGs
[2022-05-11 19:27:44,319] {logging_mixin.py:115} INFO - [2022-05-11 19:27:44,319] {dag.py:2915} INFO - Setting next_dagrun for latest_only to 2022-05-11T09:57:44.319197+00:00, run_after=2022-05-11T13:57:44.319197+00:00
[2022-05-11 19:27:44,337] {processor.py:161} INFO - Processing /usr/local/lib/python3.10/dist-packages/airflow/example_dags/example_latest_only.py took 0.074 seconds
[2022-05-11 19:28:18,030] {processor.py:153} INFO - Started process (PID=10230) to work on /usr/local/lib/python3.10/dist-packages/airflow/example_dags/example_latest_only.py
[2022-05-11 19:28:18,031] {processor.py:641} INFO - Processing file /usr/local/lib/python3.10/dist-packages/airflow/example_dags/example_latest_only.py for tasks to queue
[2022-05-11 19:28:18,031] {logging_mixin.py:115} INFO - [2022-05-11 19:28:18,031] {dagbag.py:507} INFO - Filling up the DagBag from /usr/local/lib/python3.10/dist-packages/airflow/example_dags/example_latest_only.py
[2022-05-11 19:28:18,037] {processor.py:651} INFO - DAG(s) dict_keys(['latest_only']) retrieved from /usr/local/lib/python3.10/dist-packages/airflow/example_dags/example_latest_only.py
[2022-05-11 19:28:18,053] {logging_mixin.py:115} INFO - [2022-05-11 19:28:18,053] {dag.py:2371} INFO - Sync 1 DAGs
[2022-05-11 19:28:18,070] {logging_mixin.py:115} INFO - [2022-05-11 19:28:18,070] {dag.py:2915} INFO - Setting next_dagrun for latest_only to 2022-05-11T09:58:18.070207+00:00, run_after=2022-05-11T13:58:18.070207+00:00
[2022-05-11 19:28:18,107] {processor.py:161} INFO - Processing /usr/local/lib/python3.10/dist-packages/airflow/example_dags/example_latest_only.py took 0.081 seconds
[2022-05-11 19:28:50,234] {processor.py:153} INFO - Started process (PID=10281) to work on /usr/local/lib/python3.10/dist-packages/airflow/example_dags/example_latest_only.py
[2022-05-11 19:28:50,235] {processor.py:641} INFO - Processing file /usr/local/lib/python3.10/dist-packages/airflow/example_dags/example_latest_only.py for tasks to queue
[2022-05-11 19:28:50,235] {logging_mixin.py:115} INFO - [2022-05-11 19:28:50,235] {dagbag.py:507} INFO - Filling up the DagBag from /usr/local/lib/python3.10/dist-packages/airflow/example_dags/example_latest_only.py
[2022-05-11 19:28:50,241] {processor.py:651} INFO - DAG(s) dict_keys(['latest_only']) retrieved from /usr/local/lib/python3.10/dist-packages/airflow/example_dags/example_latest_only.py
[2022-05-11 19:28:50,255] {logging_mixin.py:115} INFO - [2022-05-11 19:28:50,255] {dag.py:2371} INFO - Sync 1 DAGs
[2022-05-11 19:28:50,272] {logging_mixin.py:115} INFO - [2022-05-11 19:28:50,271] {dag.py:2915} INFO - Setting next_dagrun for latest_only to 2022-05-11T09:58:50.271750+00:00, run_after=2022-05-11T13:58:50.271750+00:00
[2022-05-11 19:28:50,290] {processor.py:161} INFO - Processing /usr/local/lib/python3.10/dist-packages/airflow/example_dags/example_latest_only.py took 0.058 seconds
[2022-05-11 19:29:25,003] {processor.py:153} INFO - Started process (PID=10319) to work on /usr/local/lib/python3.10/dist-packages/airflow/example_dags/example_latest_only.py
[2022-05-11 19:29:25,004] {processor.py:641} INFO - Processing file /usr/local/lib/python3.10/dist-packages/airflow/example_dags/example_latest_only.py for tasks to queue
[2022-05-11 19:29:25,004] {logging_mixin.py:115} INFO - [2022-05-11 19:29:25,004] {dagbag.py:507} INFO - Filling up the DagBag from /usr/local/lib/python3.10/dist-packages/airflow/example_dags/example_latest_only.py
[2022-05-11 19:29:25,009] {processor.py:651} INFO - DAG(s) dict_keys(['latest_only']) retrieved from /usr/local/lib/python3.10/dist-packages/airflow/example_dags/example_latest_only.py
[2022-05-11 19:29:25,025] {logging_mixin.py:115} INFO - [2022-05-11 19:29:25,025] {dag.py:2371} INFO - Sync 1 DAGs
[2022-05-11 19:29:25,044] {logging_mixin.py:115} INFO - [2022-05-11 19:29:25,044] {dag.py:2915} INFO - Setting next_dagrun for latest_only to 2022-05-11T09:59:25.044418+00:00, run_after=2022-05-11T13:59:25.044418+00:00
[2022-05-11 19:29:25,065] {processor.py:161} INFO - Processing /usr/local/lib/python3.10/dist-packages/airflow/example_dags/example_latest_only.py took 0.065 seconds
[2022-05-11 19:29:58,919] {processor.py:153} INFO - Started process (PID=10357) to work on /usr/local/lib/python3.10/dist-packages/airflow/example_dags/example_latest_only.py
[2022-05-11 19:29:58,920] {processor.py:641} INFO - Processing file /usr/local/lib/python3.10/dist-packages/airflow/example_dags/example_latest_only.py for tasks to queue
[2022-05-11 19:29:58,921] {logging_mixin.py:115} INFO - [2022-05-11 19:29:58,920] {dagbag.py:507} INFO - Filling up the DagBag from /usr/local/lib/python3.10/dist-packages/airflow/example_dags/example_latest_only.py
[2022-05-11 19:29:58,926] {processor.py:651} INFO - DAG(s) dict_keys(['latest_only']) retrieved from /usr/local/lib/python3.10/dist-packages/airflow/example_dags/example_latest_only.py
[2022-05-11 19:29:58,943] {logging_mixin.py:115} INFO - [2022-05-11 19:29:58,943] {dag.py:2371} INFO - Sync 1 DAGs
[2022-05-11 19:29:58,965] {logging_mixin.py:115} INFO - [2022-05-11 19:29:58,965] {dag.py:2915} INFO - Setting next_dagrun for latest_only to 2022-05-11T09:59:58.964838+00:00, run_after=2022-05-11T13:59:58.964838+00:00
[2022-05-11 19:29:58,988] {processor.py:161} INFO - Processing /usr/local/lib/python3.10/dist-packages/airflow/example_dags/example_latest_only.py took 0.072 seconds
[2022-05-11 19:30:58,859] {processor.py:153} INFO - Started process (PID=10440) to work on /usr/local/lib/python3.10/dist-packages/airflow/example_dags/example_latest_only.py
[2022-05-11 19:30:58,860] {processor.py:641} INFO - Processing file /usr/local/lib/python3.10/dist-packages/airflow/example_dags/example_latest_only.py for tasks to queue
[2022-05-11 19:30:58,860] {logging_mixin.py:115} INFO - [2022-05-11 19:30:58,860] {dagbag.py:507} INFO - Filling up the DagBag from /usr/local/lib/python3.10/dist-packages/airflow/example_dags/example_latest_only.py
[2022-05-11 19:30:58,866] {processor.py:651} INFO - DAG(s) dict_keys(['latest_only']) retrieved from /usr/local/lib/python3.10/dist-packages/airflow/example_dags/example_latest_only.py
[2022-05-11 19:30:58,884] {logging_mixin.py:115} INFO - [2022-05-11 19:30:58,883] {dag.py:2371} INFO - Sync 1 DAGs
[2022-05-11 19:30:58,901] {logging_mixin.py:115} INFO - [2022-05-11 19:30:58,901] {dag.py:2915} INFO - Setting next_dagrun for latest_only to 2022-05-11T10:00:58.901272+00:00, run_after=2022-05-11T14:00:58.901272+00:00
[2022-05-11 19:30:58,920] {processor.py:161} INFO - Processing /usr/local/lib/python3.10/dist-packages/airflow/example_dags/example_latest_only.py took 0.064 seconds
[2022-05-11 19:31:33,930] {processor.py:153} INFO - Started process (PID=10738) to work on /usr/local/lib/python3.10/dist-packages/airflow/example_dags/example_latest_only.py
[2022-05-11 19:31:33,931] {processor.py:641} INFO - Processing file /usr/local/lib/python3.10/dist-packages/airflow/example_dags/example_latest_only.py for tasks to queue
[2022-05-11 19:31:33,932] {logging_mixin.py:115} INFO - [2022-05-11 19:31:33,932] {dagbag.py:507} INFO - Filling up the DagBag from /usr/local/lib/python3.10/dist-packages/airflow/example_dags/example_latest_only.py
[2022-05-11 19:31:33,937] {processor.py:651} INFO - DAG(s) dict_keys(['latest_only']) retrieved from /usr/local/lib/python3.10/dist-packages/airflow/example_dags/example_latest_only.py
[2022-05-11 19:31:33,953] {logging_mixin.py:115} INFO - [2022-05-11 19:31:33,953] {dag.py:2371} INFO - Sync 1 DAGs
[2022-05-11 19:31:33,970] {logging_mixin.py:115} INFO - [2022-05-11 19:31:33,970] {dag.py:2915} INFO - Setting next_dagrun for latest_only to 2022-05-11T10:01:33.970069+00:00, run_after=2022-05-11T14:01:33.970069+00:00
[2022-05-11 19:31:33,988] {processor.py:161} INFO - Processing /usr/local/lib/python3.10/dist-packages/airflow/example_dags/example_latest_only.py took 0.061 seconds
