[2022-05-11 19:27:34,040] {processor.py:153} INFO - Started process (PID=10154) to work on /usr/local/lib/python3.10/dist-packages/airflow/example_dags/example_branch_operator.py
[2022-05-11 19:27:34,041] {processor.py:641} INFO - Processing file /usr/local/lib/python3.10/dist-packages/airflow/example_dags/example_branch_operator.py for tasks to queue
[2022-05-11 19:27:34,042] {logging_mixin.py:115} INFO - [2022-05-11 19:27:34,042] {dagbag.py:507} INFO - Filling up the DagBag from /usr/local/lib/python3.10/dist-packages/airflow/example_dags/example_branch_operator.py
[2022-05-11 19:27:34,053] {processor.py:651} INFO - DAG(s) dict_keys(['example_branch_operator']) retrieved from /usr/local/lib/python3.10/dist-packages/airflow/example_dags/example_branch_operator.py
[2022-05-11 19:27:34,154] {logging_mixin.py:115} INFO - [2022-05-11 19:27:34,154] {manager.py:508} INFO - Created Permission View: can read on DAG:example_branch_operator
[2022-05-11 19:27:34,175] {logging_mixin.py:115} INFO - [2022-05-11 19:27:34,175] {manager.py:508} INFO - Created Permission View: can delete on DAG:example_branch_operator
[2022-05-11 19:27:34,195] {logging_mixin.py:115} INFO - [2022-05-11 19:27:34,195] {manager.py:508} INFO - Created Permission View: can edit on DAG:example_branch_operator
[2022-05-11 19:27:34,195] {logging_mixin.py:115} INFO - [2022-05-11 19:27:34,195] {dag.py:2371} INFO - Sync 1 DAGs
[2022-05-11 19:27:34,209] {logging_mixin.py:115} INFO - [2022-05-11 19:27:34,208] {dag.py:2390} INFO - Creating ORM DAG for example_branch_operator
[2022-05-11 19:27:34,227] {logging_mixin.py:115} INFO - [2022-05-11 19:27:34,227] {dag.py:2915} INFO - Setting next_dagrun for example_branch_operator to 2022-05-10T00:00:00+00:00, run_after=2022-05-11T00:00:00+00:00
[2022-05-11 19:27:34,257] {processor.py:161} INFO - Processing /usr/local/lib/python3.10/dist-packages/airflow/example_dags/example_branch_operator.py took 0.220 seconds
[2022-05-11 19:28:08,907] {processor.py:153} INFO - Started process (PID=10216) to work on /usr/local/lib/python3.10/dist-packages/airflow/example_dags/example_branch_operator.py
[2022-05-11 19:28:08,908] {processor.py:641} INFO - Processing file /usr/local/lib/python3.10/dist-packages/airflow/example_dags/example_branch_operator.py for tasks to queue
[2022-05-11 19:28:08,908] {logging_mixin.py:115} INFO - [2022-05-11 19:28:08,908] {dagbag.py:507} INFO - Filling up the DagBag from /usr/local/lib/python3.10/dist-packages/airflow/example_dags/example_branch_operator.py
[2022-05-11 19:28:08,920] {processor.py:651} INFO - DAG(s) dict_keys(['example_branch_operator']) retrieved from /usr/local/lib/python3.10/dist-packages/airflow/example_dags/example_branch_operator.py
[2022-05-11 19:28:08,936] {logging_mixin.py:115} INFO - [2022-05-11 19:28:08,935] {dag.py:2371} INFO - Sync 1 DAGs
[2022-05-11 19:28:08,953] {logging_mixin.py:115} INFO - [2022-05-11 19:28:08,952] {dag.py:2915} INFO - Setting next_dagrun for example_branch_operator to 2022-05-10T00:00:00+00:00, run_after=2022-05-11T00:00:00+00:00
[2022-05-11 19:28:08,969] {processor.py:161} INFO - Processing /usr/local/lib/python3.10/dist-packages/airflow/example_dags/example_branch_operator.py took 0.065 seconds
[2022-05-11 19:28:42,142] {processor.py:153} INFO - Started process (PID=10270) to work on /usr/local/lib/python3.10/dist-packages/airflow/example_dags/example_branch_operator.py
[2022-05-11 19:28:42,143] {processor.py:641} INFO - Processing file /usr/local/lib/python3.10/dist-packages/airflow/example_dags/example_branch_operator.py for tasks to queue
[2022-05-11 19:28:42,143] {logging_mixin.py:115} INFO - [2022-05-11 19:28:42,143] {dagbag.py:507} INFO - Filling up the DagBag from /usr/local/lib/python3.10/dist-packages/airflow/example_dags/example_branch_operator.py
[2022-05-11 19:28:42,155] {processor.py:651} INFO - DAG(s) dict_keys(['example_branch_operator']) retrieved from /usr/local/lib/python3.10/dist-packages/airflow/example_dags/example_branch_operator.py
[2022-05-11 19:28:42,171] {logging_mixin.py:115} INFO - [2022-05-11 19:28:42,171] {dag.py:2371} INFO - Sync 1 DAGs
[2022-05-11 19:28:42,189] {logging_mixin.py:115} INFO - [2022-05-11 19:28:42,188] {dag.py:2915} INFO - Setting next_dagrun for example_branch_operator to 2022-05-10T00:00:00+00:00, run_after=2022-05-11T00:00:00+00:00
[2022-05-11 19:28:42,205] {processor.py:161} INFO - Processing /usr/local/lib/python3.10/dist-packages/airflow/example_dags/example_branch_operator.py took 0.067 seconds
[2022-05-11 19:29:15,173] {processor.py:153} INFO - Started process (PID=10310) to work on /usr/local/lib/python3.10/dist-packages/airflow/example_dags/example_branch_operator.py
[2022-05-11 19:29:15,173] {processor.py:641} INFO - Processing file /usr/local/lib/python3.10/dist-packages/airflow/example_dags/example_branch_operator.py for tasks to queue
[2022-05-11 19:29:15,174] {logging_mixin.py:115} INFO - [2022-05-11 19:29:15,173] {dagbag.py:507} INFO - Filling up the DagBag from /usr/local/lib/python3.10/dist-packages/airflow/example_dags/example_branch_operator.py
[2022-05-11 19:29:15,183] {processor.py:651} INFO - DAG(s) dict_keys(['example_branch_operator']) retrieved from /usr/local/lib/python3.10/dist-packages/airflow/example_dags/example_branch_operator.py
[2022-05-11 19:29:15,199] {logging_mixin.py:115} INFO - [2022-05-11 19:29:15,199] {dag.py:2371} INFO - Sync 1 DAGs
[2022-05-11 19:29:15,217] {logging_mixin.py:115} INFO - [2022-05-11 19:29:15,217] {dag.py:2915} INFO - Setting next_dagrun for example_branch_operator to 2022-05-10T00:00:00+00:00, run_after=2022-05-11T00:00:00+00:00
[2022-05-11 19:29:15,233] {processor.py:161} INFO - Processing /usr/local/lib/python3.10/dist-packages/airflow/example_dags/example_branch_operator.py took 0.063 seconds
[2022-05-11 19:29:49,621] {processor.py:153} INFO - Started process (PID=10345) to work on /usr/local/lib/python3.10/dist-packages/airflow/example_dags/example_branch_operator.py
[2022-05-11 19:29:49,623] {processor.py:641} INFO - Processing file /usr/local/lib/python3.10/dist-packages/airflow/example_dags/example_branch_operator.py for tasks to queue
[2022-05-11 19:29:49,623] {logging_mixin.py:115} INFO - [2022-05-11 19:29:49,623] {dagbag.py:507} INFO - Filling up the DagBag from /usr/local/lib/python3.10/dist-packages/airflow/example_dags/example_branch_operator.py
[2022-05-11 19:29:49,636] {processor.py:651} INFO - DAG(s) dict_keys(['example_branch_operator']) retrieved from /usr/local/lib/python3.10/dist-packages/airflow/example_dags/example_branch_operator.py
[2022-05-11 19:29:49,651] {logging_mixin.py:115} INFO - [2022-05-11 19:29:49,651] {dag.py:2371} INFO - Sync 1 DAGs
[2022-05-11 19:29:49,668] {logging_mixin.py:115} INFO - [2022-05-11 19:29:49,668] {dag.py:2915} INFO - Setting next_dagrun for example_branch_operator to 2022-05-10T00:00:00+00:00, run_after=2022-05-11T00:00:00+00:00
[2022-05-11 19:29:49,684] {processor.py:161} INFO - Processing /usr/local/lib/python3.10/dist-packages/airflow/example_dags/example_branch_operator.py took 0.066 seconds
[2022-05-11 19:30:49,515] {processor.py:153} INFO - Started process (PID=10428) to work on /usr/local/lib/python3.10/dist-packages/airflow/example_dags/example_branch_operator.py
[2022-05-11 19:30:49,516] {processor.py:641} INFO - Processing file /usr/local/lib/python3.10/dist-packages/airflow/example_dags/example_branch_operator.py for tasks to queue
[2022-05-11 19:30:49,517] {logging_mixin.py:115} INFO - [2022-05-11 19:30:49,517] {dagbag.py:507} INFO - Filling up the DagBag from /usr/local/lib/python3.10/dist-packages/airflow/example_dags/example_branch_operator.py
[2022-05-11 19:30:49,529] {processor.py:651} INFO - DAG(s) dict_keys(['example_branch_operator']) retrieved from /usr/local/lib/python3.10/dist-packages/airflow/example_dags/example_branch_operator.py
[2022-05-11 19:30:49,546] {logging_mixin.py:115} INFO - [2022-05-11 19:30:49,545] {dag.py:2371} INFO - Sync 1 DAGs
[2022-05-11 19:30:49,566] {logging_mixin.py:115} INFO - [2022-05-11 19:30:49,566] {dag.py:2915} INFO - Setting next_dagrun for example_branch_operator to 2022-05-10T00:00:00+00:00, run_after=2022-05-11T00:00:00+00:00
[2022-05-11 19:30:49,585] {processor.py:161} INFO - Processing /usr/local/lib/python3.10/dist-packages/airflow/example_dags/example_branch_operator.py took 0.074 seconds
[2022-05-11 19:31:24,712] {processor.py:153} INFO - Started process (PID=10535) to work on /usr/local/lib/python3.10/dist-packages/airflow/example_dags/example_branch_operator.py
[2022-05-11 19:31:24,716] {processor.py:641} INFO - Processing file /usr/local/lib/python3.10/dist-packages/airflow/example_dags/example_branch_operator.py for tasks to queue
[2022-05-11 19:31:24,717] {logging_mixin.py:115} INFO - [2022-05-11 19:31:24,717] {dagbag.py:507} INFO - Filling up the DagBag from /usr/local/lib/python3.10/dist-packages/airflow/example_dags/example_branch_operator.py
[2022-05-11 19:31:24,737] {processor.py:651} INFO - DAG(s) dict_keys(['example_branch_operator']) retrieved from /usr/local/lib/python3.10/dist-packages/airflow/example_dags/example_branch_operator.py
[2022-05-11 19:31:24,770] {logging_mixin.py:115} INFO - [2022-05-11 19:31:24,770] {dag.py:2371} INFO - Sync 1 DAGs
[2022-05-11 19:31:24,806] {logging_mixin.py:115} INFO - [2022-05-11 19:31:24,806] {dag.py:2915} INFO - Setting next_dagrun for example_branch_operator to 2022-05-10T00:00:00+00:00, run_after=2022-05-11T00:00:00+00:00
[2022-05-11 19:31:24,850] {processor.py:161} INFO - Processing /usr/local/lib/python3.10/dist-packages/airflow/example_dags/example_branch_operator.py took 0.142 seconds
[2022-05-11 19:31:59,891] {processor.py:153} INFO - Started process (PID=10766) to work on /usr/local/lib/python3.10/dist-packages/airflow/example_dags/example_branch_operator.py
[2022-05-11 19:31:59,891] {processor.py:641} INFO - Processing file /usr/local/lib/python3.10/dist-packages/airflow/example_dags/example_branch_operator.py for tasks to queue
[2022-05-11 19:31:59,892] {logging_mixin.py:115} INFO - [2022-05-11 19:31:59,892] {dagbag.py:507} INFO - Filling up the DagBag from /usr/local/lib/python3.10/dist-packages/airflow/example_dags/example_branch_operator.py
[2022-05-11 19:31:59,904] {processor.py:651} INFO - DAG(s) dict_keys(['example_branch_operator']) retrieved from /usr/local/lib/python3.10/dist-packages/airflow/example_dags/example_branch_operator.py
[2022-05-11 19:31:59,921] {logging_mixin.py:115} INFO - [2022-05-11 19:31:59,921] {dag.py:2371} INFO - Sync 1 DAGs
[2022-05-11 19:31:59,940] {logging_mixin.py:115} INFO - [2022-05-11 19:31:59,939] {dag.py:2915} INFO - Setting next_dagrun for example_branch_operator to 2022-05-10T00:00:00+00:00, run_after=2022-05-11T00:00:00+00:00
[2022-05-11 19:31:59,958] {processor.py:161} INFO - Processing /usr/local/lib/python3.10/dist-packages/airflow/example_dags/example_branch_operator.py took 0.071 seconds
