[2022-05-11 19:27:03,935] {processor.py:153} INFO - Started process (PID=10124) to work on /usr/local/lib/python3.10/dist-packages/airflow/example_dags/example_trigger_target_dag.py
[2022-05-11 19:27:03,935] {processor.py:641} INFO - Processing file /usr/local/lib/python3.10/dist-packages/airflow/example_dags/example_trigger_target_dag.py for tasks to queue
[2022-05-11 19:27:03,936] {logging_mixin.py:115} INFO - [2022-05-11 19:27:03,936] {dagbag.py:507} INFO - Filling up the DagBag from /usr/local/lib/python3.10/dist-packages/airflow/example_dags/example_trigger_target_dag.py
[2022-05-11 19:27:03,953] {processor.py:651} INFO - DAG(s) dict_keys(['example_trigger_target_dag']) retrieved from /usr/local/lib/python3.10/dist-packages/airflow/example_dags/example_trigger_target_dag.py
[2022-05-11 19:27:04,025] {logging_mixin.py:115} INFO - [2022-05-11 19:27:04,025] {manager.py:508} INFO - Created Permission View: can read on DAG:example_trigger_target_dag
[2022-05-11 19:27:04,040] {logging_mixin.py:115} INFO - [2022-05-11 19:27:04,040] {manager.py:508} INFO - Created Permission View: can delete on DAG:example_trigger_target_dag
[2022-05-11 19:27:04,052] {logging_mixin.py:115} INFO - [2022-05-11 19:27:04,052] {manager.py:508} INFO - Created Permission View: can edit on DAG:example_trigger_target_dag
[2022-05-11 19:27:04,053] {logging_mixin.py:115} INFO - [2022-05-11 19:27:04,052] {dag.py:2371} INFO - Sync 1 DAGs
[2022-05-11 19:27:04,059] {logging_mixin.py:115} INFO - [2022-05-11 19:27:04,059] {dag.py:2390} INFO - Creating ORM DAG for example_trigger_target_dag
[2022-05-11 19:27:04,068] {logging_mixin.py:115} INFO - [2022-05-11 19:27:04,067] {dag.py:2915} INFO - Setting next_dagrun for example_trigger_target_dag to None, run_after=None
[2022-05-11 19:27:04,092] {processor.py:161} INFO - Processing /usr/local/lib/python3.10/dist-packages/airflow/example_dags/example_trigger_target_dag.py took 0.160 seconds
[2022-05-11 19:27:40,223] {processor.py:153} INFO - Started process (PID=10159) to work on /usr/local/lib/python3.10/dist-packages/airflow/example_dags/example_trigger_target_dag.py
[2022-05-11 19:27:40,224] {processor.py:641} INFO - Processing file /usr/local/lib/python3.10/dist-packages/airflow/example_dags/example_trigger_target_dag.py for tasks to queue
[2022-05-11 19:27:40,224] {logging_mixin.py:115} INFO - [2022-05-11 19:27:40,224] {dagbag.py:507} INFO - Filling up the DagBag from /usr/local/lib/python3.10/dist-packages/airflow/example_dags/example_trigger_target_dag.py
[2022-05-11 19:27:40,243] {processor.py:651} INFO - DAG(s) dict_keys(['example_trigger_target_dag']) retrieved from /usr/local/lib/python3.10/dist-packages/airflow/example_dags/example_trigger_target_dag.py
[2022-05-11 19:27:40,256] {logging_mixin.py:115} INFO - [2022-05-11 19:27:40,256] {dag.py:2371} INFO - Sync 1 DAGs
[2022-05-11 19:27:40,272] {logging_mixin.py:115} INFO - [2022-05-11 19:27:40,272] {dag.py:2915} INFO - Setting next_dagrun for example_trigger_target_dag to None, run_after=None
[2022-05-11 19:27:40,288] {processor.py:161} INFO - Processing /usr/local/lib/python3.10/dist-packages/airflow/example_dags/example_trigger_target_dag.py took 0.068 seconds
[2022-05-11 19:28:14,035] {processor.py:153} INFO - Started process (PID=10224) to work on /usr/local/lib/python3.10/dist-packages/airflow/example_dags/example_trigger_target_dag.py
[2022-05-11 19:28:14,036] {processor.py:641} INFO - Processing file /usr/local/lib/python3.10/dist-packages/airflow/example_dags/example_trigger_target_dag.py for tasks to queue
[2022-05-11 19:28:14,036] {logging_mixin.py:115} INFO - [2022-05-11 19:28:14,036] {dagbag.py:507} INFO - Filling up the DagBag from /usr/local/lib/python3.10/dist-packages/airflow/example_dags/example_trigger_target_dag.py
[2022-05-11 19:28:14,055] {processor.py:651} INFO - DAG(s) dict_keys(['example_trigger_target_dag']) retrieved from /usr/local/lib/python3.10/dist-packages/airflow/example_dags/example_trigger_target_dag.py
[2022-05-11 19:28:14,069] {logging_mixin.py:115} INFO - [2022-05-11 19:28:14,069] {dag.py:2371} INFO - Sync 1 DAGs
[2022-05-11 19:28:14,084] {logging_mixin.py:115} INFO - [2022-05-11 19:28:14,084] {dag.py:2915} INFO - Setting next_dagrun for example_trigger_target_dag to None, run_after=None
[2022-05-11 19:28:14,101] {processor.py:161} INFO - Processing /usr/local/lib/python3.10/dist-packages/airflow/example_dags/example_trigger_target_dag.py took 0.070 seconds
[2022-05-11 19:28:46,579] {processor.py:153} INFO - Started process (PID=10275) to work on /usr/local/lib/python3.10/dist-packages/airflow/example_dags/example_trigger_target_dag.py
[2022-05-11 19:28:46,580] {processor.py:641} INFO - Processing file /usr/local/lib/python3.10/dist-packages/airflow/example_dags/example_trigger_target_dag.py for tasks to queue
[2022-05-11 19:28:46,580] {logging_mixin.py:115} INFO - [2022-05-11 19:28:46,580] {dagbag.py:507} INFO - Filling up the DagBag from /usr/local/lib/python3.10/dist-packages/airflow/example_dags/example_trigger_target_dag.py
[2022-05-11 19:28:46,597] {processor.py:651} INFO - DAG(s) dict_keys(['example_trigger_target_dag']) retrieved from /usr/local/lib/python3.10/dist-packages/airflow/example_dags/example_trigger_target_dag.py
[2022-05-11 19:28:46,610] {logging_mixin.py:115} INFO - [2022-05-11 19:28:46,610] {dag.py:2371} INFO - Sync 1 DAGs
[2022-05-11 19:28:46,626] {logging_mixin.py:115} INFO - [2022-05-11 19:28:46,626] {dag.py:2915} INFO - Setting next_dagrun for example_trigger_target_dag to None, run_after=None
[2022-05-11 19:28:46,643] {processor.py:161} INFO - Processing /usr/local/lib/python3.10/dist-packages/airflow/example_dags/example_trigger_target_dag.py took 0.067 seconds
[2022-05-11 19:29:20,346] {processor.py:153} INFO - Started process (PID=10315) to work on /usr/local/lib/python3.10/dist-packages/airflow/example_dags/example_trigger_target_dag.py
[2022-05-11 19:29:20,354] {processor.py:641} INFO - Processing file /usr/local/lib/python3.10/dist-packages/airflow/example_dags/example_trigger_target_dag.py for tasks to queue
[2022-05-11 19:29:20,354] {logging_mixin.py:115} INFO - [2022-05-11 19:29:20,354] {dagbag.py:507} INFO - Filling up the DagBag from /usr/local/lib/python3.10/dist-packages/airflow/example_dags/example_trigger_target_dag.py
[2022-05-11 19:29:20,373] {processor.py:651} INFO - DAG(s) dict_keys(['example_trigger_target_dag']) retrieved from /usr/local/lib/python3.10/dist-packages/airflow/example_dags/example_trigger_target_dag.py
[2022-05-11 19:29:20,388] {logging_mixin.py:115} INFO - [2022-05-11 19:29:20,388] {dag.py:2371} INFO - Sync 1 DAGs
[2022-05-11 19:29:20,404] {logging_mixin.py:115} INFO - [2022-05-11 19:29:20,404] {dag.py:2915} INFO - Setting next_dagrun for example_trigger_target_dag to None, run_after=None
[2022-05-11 19:29:20,425] {processor.py:161} INFO - Processing /usr/local/lib/python3.10/dist-packages/airflow/example_dags/example_trigger_target_dag.py took 0.082 seconds
[2022-05-11 19:29:54,497] {processor.py:153} INFO - Started process (PID=10352) to work on /usr/local/lib/python3.10/dist-packages/airflow/example_dags/example_trigger_target_dag.py
[2022-05-11 19:29:54,498] {processor.py:641} INFO - Processing file /usr/local/lib/python3.10/dist-packages/airflow/example_dags/example_trigger_target_dag.py for tasks to queue
[2022-05-11 19:29:54,498] {logging_mixin.py:115} INFO - [2022-05-11 19:29:54,498] {dagbag.py:507} INFO - Filling up the DagBag from /usr/local/lib/python3.10/dist-packages/airflow/example_dags/example_trigger_target_dag.py
[2022-05-11 19:29:54,516] {processor.py:651} INFO - DAG(s) dict_keys(['example_trigger_target_dag']) retrieved from /usr/local/lib/python3.10/dist-packages/airflow/example_dags/example_trigger_target_dag.py
[2022-05-11 19:29:54,532] {logging_mixin.py:115} INFO - [2022-05-11 19:29:54,532] {dag.py:2371} INFO - Sync 1 DAGs
[2022-05-11 19:29:54,559] {logging_mixin.py:115} INFO - [2022-05-11 19:29:54,559] {dag.py:2915} INFO - Setting next_dagrun for example_trigger_target_dag to None, run_after=None
[2022-05-11 19:29:54,616] {processor.py:161} INFO - Processing /usr/local/lib/python3.10/dist-packages/airflow/example_dags/example_trigger_target_dag.py took 0.123 seconds
[2022-05-11 19:30:54,723] {processor.py:153} INFO - Started process (PID=10434) to work on /usr/local/lib/python3.10/dist-packages/airflow/example_dags/example_trigger_target_dag.py
[2022-05-11 19:30:54,723] {processor.py:641} INFO - Processing file /usr/local/lib/python3.10/dist-packages/airflow/example_dags/example_trigger_target_dag.py for tasks to queue
[2022-05-11 19:30:54,724] {logging_mixin.py:115} INFO - [2022-05-11 19:30:54,724] {dagbag.py:507} INFO - Filling up the DagBag from /usr/local/lib/python3.10/dist-packages/airflow/example_dags/example_trigger_target_dag.py
[2022-05-11 19:30:54,742] {processor.py:651} INFO - DAG(s) dict_keys(['example_trigger_target_dag']) retrieved from /usr/local/lib/python3.10/dist-packages/airflow/example_dags/example_trigger_target_dag.py
[2022-05-11 19:30:54,757] {logging_mixin.py:115} INFO - [2022-05-11 19:30:54,757] {dag.py:2371} INFO - Sync 1 DAGs
[2022-05-11 19:30:54,773] {logging_mixin.py:115} INFO - [2022-05-11 19:30:54,773] {dag.py:2915} INFO - Setting next_dagrun for example_trigger_target_dag to None, run_after=None
[2022-05-11 19:30:54,790] {processor.py:161} INFO - Processing /usr/local/lib/python3.10/dist-packages/airflow/example_dags/example_trigger_target_dag.py took 0.071 seconds
[2022-05-11 19:31:29,927] {processor.py:153} INFO - Started process (PID=10707) to work on /usr/local/lib/python3.10/dist-packages/airflow/example_dags/example_trigger_target_dag.py
[2022-05-11 19:31:29,932] {processor.py:641} INFO - Processing file /usr/local/lib/python3.10/dist-packages/airflow/example_dags/example_trigger_target_dag.py for tasks to queue
[2022-05-11 19:31:29,933] {logging_mixin.py:115} INFO - [2022-05-11 19:31:29,933] {dagbag.py:507} INFO - Filling up the DagBag from /usr/local/lib/python3.10/dist-packages/airflow/example_dags/example_trigger_target_dag.py
[2022-05-11 19:31:29,967] {processor.py:651} INFO - DAG(s) dict_keys(['example_trigger_target_dag']) retrieved from /usr/local/lib/python3.10/dist-packages/airflow/example_dags/example_trigger_target_dag.py
[2022-05-11 19:31:29,992] {logging_mixin.py:115} INFO - [2022-05-11 19:31:29,992] {dag.py:2371} INFO - Sync 1 DAGs
[2022-05-11 19:31:30,026] {logging_mixin.py:115} INFO - [2022-05-11 19:31:30,026] {dag.py:2915} INFO - Setting next_dagrun for example_trigger_target_dag to None, run_after=None
[2022-05-11 19:31:30,075] {processor.py:161} INFO - Processing /usr/local/lib/python3.10/dist-packages/airflow/example_dags/example_trigger_target_dag.py took 0.152 seconds
