[2022-05-11 19:27:00,395] {processor.py:153} INFO - Started process (PID=10121) to work on /usr/local/lib/python3.10/dist-packages/airflow/example_dags/tutorial_taskflow_api_etl_virtualenv.py
[2022-05-11 19:27:00,395] {processor.py:641} INFO - Processing file /usr/local/lib/python3.10/dist-packages/airflow/example_dags/tutorial_taskflow_api_etl_virtualenv.py for tasks to queue
[2022-05-11 19:27:00,396] {logging_mixin.py:115} INFO - [2022-05-11 19:27:00,396] {dagbag.py:507} INFO - Filling up the DagBag from /usr/local/lib/python3.10/dist-packages/airflow/example_dags/tutorial_taskflow_api_etl_virtualenv.py
[2022-05-11 19:27:00,411] {processor.py:651} INFO - DAG(s) dict_keys(['tutorial_taskflow_api_etl_virtualenv']) retrieved from /usr/local/lib/python3.10/dist-packages/airflow/example_dags/tutorial_taskflow_api_etl_virtualenv.py
[2022-05-11 19:27:00,484] {logging_mixin.py:115} INFO - [2022-05-11 19:27:00,484] {manager.py:508} INFO - Created Permission View: can read on DAG:tutorial_taskflow_api_etl_virtualenv
[2022-05-11 19:27:00,500] {logging_mixin.py:115} INFO - [2022-05-11 19:27:00,499] {manager.py:508} INFO - Created Permission View: can delete on DAG:tutorial_taskflow_api_etl_virtualenv
[2022-05-11 19:27:00,512] {logging_mixin.py:115} INFO - [2022-05-11 19:27:00,512] {manager.py:508} INFO - Created Permission View: can edit on DAG:tutorial_taskflow_api_etl_virtualenv
[2022-05-11 19:27:00,513] {logging_mixin.py:115} INFO - [2022-05-11 19:27:00,513] {dag.py:2371} INFO - Sync 1 DAGs
[2022-05-11 19:27:00,519] {logging_mixin.py:115} INFO - [2022-05-11 19:27:00,519] {dag.py:2390} INFO - Creating ORM DAG for tutorial_taskflow_api_etl_virtualenv
[2022-05-11 19:27:00,527] {logging_mixin.py:115} INFO - [2022-05-11 19:27:00,527] {dag.py:2915} INFO - Setting next_dagrun for tutorial_taskflow_api_etl_virtualenv to None, run_after=None
[2022-05-11 19:27:00,548] {processor.py:161} INFO - Processing /usr/local/lib/python3.10/dist-packages/airflow/example_dags/tutorial_taskflow_api_etl_virtualenv.py took 0.155 seconds
[2022-05-11 19:27:36,610] {processor.py:153} INFO - Started process (PID=10156) to work on /usr/local/lib/python3.10/dist-packages/airflow/example_dags/tutorial_taskflow_api_etl_virtualenv.py
[2022-05-11 19:27:36,611] {processor.py:641} INFO - Processing file /usr/local/lib/python3.10/dist-packages/airflow/example_dags/tutorial_taskflow_api_etl_virtualenv.py for tasks to queue
[2022-05-11 19:27:36,612] {logging_mixin.py:115} INFO - [2022-05-11 19:27:36,612] {dagbag.py:507} INFO - Filling up the DagBag from /usr/local/lib/python3.10/dist-packages/airflow/example_dags/tutorial_taskflow_api_etl_virtualenv.py
[2022-05-11 19:27:36,631] {processor.py:651} INFO - DAG(s) dict_keys(['tutorial_taskflow_api_etl_virtualenv']) retrieved from /usr/local/lib/python3.10/dist-packages/airflow/example_dags/tutorial_taskflow_api_etl_virtualenv.py
[2022-05-11 19:27:36,669] {logging_mixin.py:115} INFO - [2022-05-11 19:27:36,669] {dag.py:2371} INFO - Sync 1 DAGs
[2022-05-11 19:27:36,686] {logging_mixin.py:115} INFO - [2022-05-11 19:27:36,686] {dag.py:2915} INFO - Setting next_dagrun for tutorial_taskflow_api_etl_virtualenv to None, run_after=None
[2022-05-11 19:27:36,706] {processor.py:161} INFO - Processing /usr/local/lib/python3.10/dist-packages/airflow/example_dags/tutorial_taskflow_api_etl_virtualenv.py took 0.099 seconds
[2022-05-11 19:28:11,219] {processor.py:153} INFO - Started process (PID=10221) to work on /usr/local/lib/python3.10/dist-packages/airflow/example_dags/tutorial_taskflow_api_etl_virtualenv.py
[2022-05-11 19:28:11,219] {processor.py:641} INFO - Processing file /usr/local/lib/python3.10/dist-packages/airflow/example_dags/tutorial_taskflow_api_etl_virtualenv.py for tasks to queue
[2022-05-11 19:28:11,220] {logging_mixin.py:115} INFO - [2022-05-11 19:28:11,220] {dagbag.py:507} INFO - Filling up the DagBag from /usr/local/lib/python3.10/dist-packages/airflow/example_dags/tutorial_taskflow_api_etl_virtualenv.py
[2022-05-11 19:28:11,238] {processor.py:651} INFO - DAG(s) dict_keys(['tutorial_taskflow_api_etl_virtualenv']) retrieved from /usr/local/lib/python3.10/dist-packages/airflow/example_dags/tutorial_taskflow_api_etl_virtualenv.py
[2022-05-11 19:28:11,251] {logging_mixin.py:115} INFO - [2022-05-11 19:28:11,251] {dag.py:2371} INFO - Sync 1 DAGs
[2022-05-11 19:28:11,267] {logging_mixin.py:115} INFO - [2022-05-11 19:28:11,267] {dag.py:2915} INFO - Setting next_dagrun for tutorial_taskflow_api_etl_virtualenv to None, run_after=None
[2022-05-11 19:28:11,284] {processor.py:161} INFO - Processing /usr/local/lib/python3.10/dist-packages/airflow/example_dags/tutorial_taskflow_api_etl_virtualenv.py took 0.068 seconds
[2022-05-11 19:28:43,871] {processor.py:153} INFO - Started process (PID=10272) to work on /usr/local/lib/python3.10/dist-packages/airflow/example_dags/tutorial_taskflow_api_etl_virtualenv.py
[2022-05-11 19:28:43,871] {processor.py:641} INFO - Processing file /usr/local/lib/python3.10/dist-packages/airflow/example_dags/tutorial_taskflow_api_etl_virtualenv.py for tasks to queue
[2022-05-11 19:28:43,872] {logging_mixin.py:115} INFO - [2022-05-11 19:28:43,872] {dagbag.py:507} INFO - Filling up the DagBag from /usr/local/lib/python3.10/dist-packages/airflow/example_dags/tutorial_taskflow_api_etl_virtualenv.py
[2022-05-11 19:28:43,891] {processor.py:651} INFO - DAG(s) dict_keys(['tutorial_taskflow_api_etl_virtualenv']) retrieved from /usr/local/lib/python3.10/dist-packages/airflow/example_dags/tutorial_taskflow_api_etl_virtualenv.py
[2022-05-11 19:28:43,904] {logging_mixin.py:115} INFO - [2022-05-11 19:28:43,904] {dag.py:2371} INFO - Sync 1 DAGs
[2022-05-11 19:28:43,920] {logging_mixin.py:115} INFO - [2022-05-11 19:28:43,920] {dag.py:2915} INFO - Setting next_dagrun for tutorial_taskflow_api_etl_virtualenv to None, run_after=None
[2022-05-11 19:28:43,937] {processor.py:161} INFO - Processing /usr/local/lib/python3.10/dist-packages/airflow/example_dags/tutorial_taskflow_api_etl_virtualenv.py took 0.069 seconds
[2022-05-11 19:29:16,881] {processor.py:153} INFO - Started process (PID=10312) to work on /usr/local/lib/python3.10/dist-packages/airflow/example_dags/tutorial_taskflow_api_etl_virtualenv.py
[2022-05-11 19:29:16,882] {processor.py:641} INFO - Processing file /usr/local/lib/python3.10/dist-packages/airflow/example_dags/tutorial_taskflow_api_etl_virtualenv.py for tasks to queue
[2022-05-11 19:29:16,883] {logging_mixin.py:115} INFO - [2022-05-11 19:29:16,883] {dagbag.py:507} INFO - Filling up the DagBag from /usr/local/lib/python3.10/dist-packages/airflow/example_dags/tutorial_taskflow_api_etl_virtualenv.py
[2022-05-11 19:29:16,901] {processor.py:651} INFO - DAG(s) dict_keys(['tutorial_taskflow_api_etl_virtualenv']) retrieved from /usr/local/lib/python3.10/dist-packages/airflow/example_dags/tutorial_taskflow_api_etl_virtualenv.py
[2022-05-11 19:29:16,939] {logging_mixin.py:115} INFO - [2022-05-11 19:29:16,939] {dag.py:2371} INFO - Sync 1 DAGs
[2022-05-11 19:29:16,957] {logging_mixin.py:115} INFO - [2022-05-11 19:29:16,957] {dag.py:2915} INFO - Setting next_dagrun for tutorial_taskflow_api_etl_virtualenv to None, run_after=None
[2022-05-11 19:29:16,977] {processor.py:161} INFO - Processing /usr/local/lib/python3.10/dist-packages/airflow/example_dags/tutorial_taskflow_api_etl_virtualenv.py took 0.099 seconds
[2022-05-11 19:29:51,340] {processor.py:153} INFO - Started process (PID=10349) to work on /usr/local/lib/python3.10/dist-packages/airflow/example_dags/tutorial_taskflow_api_etl_virtualenv.py
[2022-05-11 19:29:51,341] {processor.py:641} INFO - Processing file /usr/local/lib/python3.10/dist-packages/airflow/example_dags/tutorial_taskflow_api_etl_virtualenv.py for tasks to queue
[2022-05-11 19:29:51,342] {logging_mixin.py:115} INFO - [2022-05-11 19:29:51,342] {dagbag.py:507} INFO - Filling up the DagBag from /usr/local/lib/python3.10/dist-packages/airflow/example_dags/tutorial_taskflow_api_etl_virtualenv.py
[2022-05-11 19:29:51,370] {processor.py:651} INFO - DAG(s) dict_keys(['tutorial_taskflow_api_etl_virtualenv']) retrieved from /usr/local/lib/python3.10/dist-packages/airflow/example_dags/tutorial_taskflow_api_etl_virtualenv.py
[2022-05-11 19:29:51,389] {logging_mixin.py:115} INFO - [2022-05-11 19:29:51,389] {dag.py:2371} INFO - Sync 1 DAGs
[2022-05-11 19:29:51,416] {logging_mixin.py:115} INFO - [2022-05-11 19:29:51,416] {dag.py:2915} INFO - Setting next_dagrun for tutorial_taskflow_api_etl_virtualenv to None, run_after=None
[2022-05-11 19:29:51,434] {processor.py:161} INFO - Processing /usr/local/lib/python3.10/dist-packages/airflow/example_dags/tutorial_taskflow_api_etl_virtualenv.py took 0.098 seconds
[2022-05-11 19:30:51,266] {processor.py:153} INFO - Started process (PID=10430) to work on /usr/local/lib/python3.10/dist-packages/airflow/example_dags/tutorial_taskflow_api_etl_virtualenv.py
[2022-05-11 19:30:51,267] {processor.py:641} INFO - Processing file /usr/local/lib/python3.10/dist-packages/airflow/example_dags/tutorial_taskflow_api_etl_virtualenv.py for tasks to queue
[2022-05-11 19:30:51,268] {logging_mixin.py:115} INFO - [2022-05-11 19:30:51,268] {dagbag.py:507} INFO - Filling up the DagBag from /usr/local/lib/python3.10/dist-packages/airflow/example_dags/tutorial_taskflow_api_etl_virtualenv.py
[2022-05-11 19:30:51,287] {processor.py:651} INFO - DAG(s) dict_keys(['tutorial_taskflow_api_etl_virtualenv']) retrieved from /usr/local/lib/python3.10/dist-packages/airflow/example_dags/tutorial_taskflow_api_etl_virtualenv.py
[2022-05-11 19:30:51,301] {logging_mixin.py:115} INFO - [2022-05-11 19:30:51,301] {dag.py:2371} INFO - Sync 1 DAGs
[2022-05-11 19:30:51,317] {logging_mixin.py:115} INFO - [2022-05-11 19:30:51,317] {dag.py:2915} INFO - Setting next_dagrun for tutorial_taskflow_api_etl_virtualenv to None, run_after=None
[2022-05-11 19:30:51,333] {processor.py:161} INFO - Processing /usr/local/lib/python3.10/dist-packages/airflow/example_dags/tutorial_taskflow_api_etl_virtualenv.py took 0.070 seconds
[2022-05-11 19:31:26,337] {processor.py:153} INFO - Started process (PID=10644) to work on /usr/local/lib/python3.10/dist-packages/airflow/example_dags/tutorial_taskflow_api_etl_virtualenv.py
[2022-05-11 19:31:26,338] {processor.py:641} INFO - Processing file /usr/local/lib/python3.10/dist-packages/airflow/example_dags/tutorial_taskflow_api_etl_virtualenv.py for tasks to queue
[2022-05-11 19:31:26,339] {logging_mixin.py:115} INFO - [2022-05-11 19:31:26,339] {dagbag.py:507} INFO - Filling up the DagBag from /usr/local/lib/python3.10/dist-packages/airflow/example_dags/tutorial_taskflow_api_etl_virtualenv.py
[2022-05-11 19:31:26,366] {processor.py:651} INFO - DAG(s) dict_keys(['tutorial_taskflow_api_etl_virtualenv']) retrieved from /usr/local/lib/python3.10/dist-packages/airflow/example_dags/tutorial_taskflow_api_etl_virtualenv.py
[2022-05-11 19:31:26,430] {logging_mixin.py:115} INFO - [2022-05-11 19:31:26,430] {dag.py:2371} INFO - Sync 1 DAGs
[2022-05-11 19:31:26,454] {logging_mixin.py:115} INFO - [2022-05-11 19:31:26,454] {dag.py:2915} INFO - Setting next_dagrun for tutorial_taskflow_api_etl_virtualenv to None, run_after=None
[2022-05-11 19:31:26,476] {processor.py:161} INFO - Processing /usr/local/lib/python3.10/dist-packages/airflow/example_dags/tutorial_taskflow_api_etl_virtualenv.py took 0.143 seconds
[2022-05-11 19:32:01,494] {processor.py:153} INFO - Started process (PID=10772) to work on /usr/local/lib/python3.10/dist-packages/airflow/example_dags/tutorial_taskflow_api_etl_virtualenv.py
[2022-05-11 19:32:01,495] {processor.py:641} INFO - Processing file /usr/local/lib/python3.10/dist-packages/airflow/example_dags/tutorial_taskflow_api_etl_virtualenv.py for tasks to queue
[2022-05-11 19:32:01,495] {logging_mixin.py:115} INFO - [2022-05-11 19:32:01,495] {dagbag.py:507} INFO - Filling up the DagBag from /usr/local/lib/python3.10/dist-packages/airflow/example_dags/tutorial_taskflow_api_etl_virtualenv.py
[2022-05-11 19:32:01,512] {processor.py:651} INFO - DAG(s) dict_keys(['tutorial_taskflow_api_etl_virtualenv']) retrieved from /usr/local/lib/python3.10/dist-packages/airflow/example_dags/tutorial_taskflow_api_etl_virtualenv.py
[2022-05-11 19:32:01,556] {logging_mixin.py:115} INFO - [2022-05-11 19:32:01,556] {dag.py:2371} INFO - Sync 1 DAGs
[2022-05-11 19:32:01,574] {logging_mixin.py:115} INFO - [2022-05-11 19:32:01,574] {dag.py:2915} INFO - Setting next_dagrun for tutorial_taskflow_api_etl_virtualenv to None, run_after=None
[2022-05-11 19:32:01,594] {processor.py:161} INFO - Processing /usr/local/lib/python3.10/dist-packages/airflow/example_dags/tutorial_taskflow_api_etl_virtualenv.py took 0.102 seconds
