[2022-05-17 23:05:02,100] {taskinstance.py:1159} INFO - Dependencies all met for <TaskInstance: example_bash_operator.this_will_skip backfill__2015-01-01T00:00:00+00:00 [queued]>
[2022-05-17 23:05:02,109] {taskinstance.py:1159} INFO - Dependencies all met for <TaskInstance: example_bash_operator.this_will_skip backfill__2015-01-01T00:00:00+00:00 [queued]>
[2022-05-17 23:05:02,109] {taskinstance.py:1356} INFO - 
--------------------------------------------------------------------------------
[2022-05-17 23:05:02,109] {taskinstance.py:1357} INFO - Starting attempt 1 of 1
[2022-05-17 23:05:02,109] {taskinstance.py:1358} INFO - 
--------------------------------------------------------------------------------
[2022-05-17 23:05:02,133] {taskinstance.py:1377} INFO - Executing <Task(BashOperator): this_will_skip> on 2015-01-01 00:00:00+00:00
[2022-05-17 23:05:02,135] {standard_task_runner.py:52} INFO - Started process 4802 to run task
[2022-05-17 23:05:02,139] {standard_task_runner.py:79} INFO - Running: ['airflow', 'tasks', 'run', 'example_bash_operator', 'this_will_skip', 'backfill__2015-01-01T00:00:00+00:00', '--job-id', '75', '--pool', 'default_pool', '--raw', '--subdir', '/usr/local/lib/python3.10/dist-packages/airflow/example_dags/example_bash_operator.py', '--cfg-path', '/tmp/tmp7iqev5c6', '--error-file', '/tmp/tmpsf7hzvcd']
[2022-05-17 23:05:02,139] {standard_task_runner.py:80} INFO - Job 75: Subtask this_will_skip
[2022-05-17 23:05:02,188] {task_command.py:369} INFO - Running <TaskInstance: example_bash_operator.this_will_skip backfill__2015-01-01T00:00:00+00:00 [running]> on host roshan-Latitude-E5440
[2022-05-17 23:05:02,251] {taskinstance.py:1569} INFO - Exporting the following env vars:
AIRFLOW_CTX_DAG_OWNER=airflow
AIRFLOW_CTX_DAG_ID=example_bash_operator
AIRFLOW_CTX_TASK_ID=this_will_skip
AIRFLOW_CTX_EXECUTION_DATE=2015-01-01T00:00:00+00:00
AIRFLOW_CTX_TRY_NUMBER=1
AIRFLOW_CTX_DAG_RUN_ID=backfill__2015-01-01T00:00:00+00:00
[2022-05-17 23:05:02,252] {subprocess.py:62} INFO - Tmp dir root location: 
 /tmp
[2022-05-17 23:05:02,252] {subprocess.py:74} INFO - Running command: ['bash', '-c', 'echo "hello world"; exit 99;']
[2022-05-17 23:05:02,257] {subprocess.py:85} INFO - Output:
[2022-05-17 23:05:02,258] {subprocess.py:92} INFO - hello world
[2022-05-17 23:05:02,258] {subprocess.py:96} INFO - Command exited with return code 99
[2022-05-17 23:05:02,259] {taskinstance.py:1478} INFO - Bash command returned exit code 99. Skipping.
[2022-05-17 23:05:02,269] {taskinstance.py:1395} INFO - Marking task as SKIPPED. dag_id=example_bash_operator, task_id=this_will_skip, execution_date=20150101T000000, start_date=20220517T173502, end_date=20220517T173502
[2022-05-17 23:05:02,310] {local_task_job.py:156} INFO - Task exited with return code 0
[2022-05-17 23:05:02,328] {local_task_job.py:273} INFO - 0 downstream tasks scheduled from follow-on schedule check
