[2022-05-12 12:12:21,725] {taskinstance.py:1159} INFO - Dependencies all met for <TaskInstance: example_bash_operator.runme_1 scheduled__2022-05-11T00:00:00+00:00 [queued]>
[2022-05-12 12:12:21,734] {taskinstance.py:1159} INFO - Dependencies all met for <TaskInstance: example_bash_operator.runme_1 scheduled__2022-05-11T00:00:00+00:00 [queued]>
[2022-05-12 12:12:21,734] {taskinstance.py:1356} INFO - 
--------------------------------------------------------------------------------
[2022-05-12 12:12:21,734] {taskinstance.py:1357} INFO - Starting attempt 1 of 1
[2022-05-12 12:12:21,735] {taskinstance.py:1358} INFO - 
--------------------------------------------------------------------------------
[2022-05-12 12:12:21,966] {taskinstance.py:1377} INFO - Executing <Task(BashOperator): runme_1> on 2022-05-11 00:00:00+00:00
[2022-05-12 12:12:21,970] {standard_task_runner.py:52} INFO - Started process 12961 to run task
[2022-05-12 12:12:21,975] {standard_task_runner.py:79} INFO - Running: ['airflow', 'tasks', 'run', 'example_bash_operator', 'runme_1', 'scheduled__2022-05-11T00:00:00+00:00', '--job-id', '16', '--raw', '--subdir', '/usr/local/lib/python3.10/dist-packages/airflow/example_dags/example_bash_operator.py', '--cfg-path', '/tmp/tmpphw12_i4', '--error-file', '/tmp/tmpqvil1tkf']
[2022-05-12 12:12:21,976] {standard_task_runner.py:80} INFO - Job 16: Subtask runme_1
[2022-05-12 12:12:22,140] {task_command.py:369} INFO - Running <TaskInstance: example_bash_operator.runme_1 scheduled__2022-05-11T00:00:00+00:00 [running]> on host roshan-Latitude-E5440
[2022-05-12 12:12:22,479] {taskinstance.py:1569} INFO - Exporting the following env vars:
AIRFLOW_CTX_DAG_OWNER=airflow
AIRFLOW_CTX_DAG_ID=example_bash_operator
AIRFLOW_CTX_TASK_ID=runme_1
AIRFLOW_CTX_EXECUTION_DATE=2022-05-11T00:00:00+00:00
AIRFLOW_CTX_TRY_NUMBER=1
AIRFLOW_CTX_DAG_RUN_ID=scheduled__2022-05-11T00:00:00+00:00
[2022-05-12 12:12:22,481] {subprocess.py:62} INFO - Tmp dir root location: 
 /tmp
[2022-05-12 12:12:22,482] {subprocess.py:74} INFO - Running command: ['bash', '-c', 'echo "example_bash_operator__runme_1__20220511" && sleep 1']
[2022-05-12 12:12:22,490] {subprocess.py:85} INFO - Output:
[2022-05-12 12:12:22,491] {subprocess.py:92} INFO - example_bash_operator__runme_1__20220511
[2022-05-12 12:12:23,492] {subprocess.py:96} INFO - Command exited with return code 0
[2022-05-12 12:12:23,628] {taskinstance.py:1395} INFO - Marking task as SUCCESS. dag_id=example_bash_operator, task_id=runme_1, execution_date=20220511T000000, start_date=20220512T064221, end_date=20220512T064223
[2022-05-12 12:12:23,834] {local_task_job.py:156} INFO - Task exited with return code 0
[2022-05-12 12:12:23,896] {local_task_job.py:273} INFO - 0 downstream tasks scheduled from follow-on schedule check
