[2022-06-14 18:33:32,066] {processor.py:153} INFO - Started process (PID=6616) to work on /usr/local/lib/python3.10/dist-packages/airflow/example_dags/plugins/workday.py
[2022-06-14 18:33:32,067] {processor.py:641} INFO - Processing file /usr/local/lib/python3.10/dist-packages/airflow/example_dags/plugins/workday.py for tasks to queue
[2022-06-14 18:33:32,067] {logging_mixin.py:115} INFO - [2022-06-14 18:33:32,067] {dagbag.py:507} INFO - Filling up the DagBag from /usr/local/lib/python3.10/dist-packages/airflow/example_dags/plugins/workday.py
[2022-06-14 18:33:32,069] {processor.py:653} WARNING - No viable dags retrieved from /usr/local/lib/python3.10/dist-packages/airflow/example_dags/plugins/workday.py
[2022-06-14 18:33:32,079] {processor.py:161} INFO - Processing /usr/local/lib/python3.10/dist-packages/airflow/example_dags/plugins/workday.py took 0.015 seconds
[2022-06-14 18:34:04,994] {processor.py:153} INFO - Started process (PID=6664) to work on /usr/local/lib/python3.10/dist-packages/airflow/example_dags/plugins/workday.py
[2022-06-14 18:34:04,995] {processor.py:641} INFO - Processing file /usr/local/lib/python3.10/dist-packages/airflow/example_dags/plugins/workday.py for tasks to queue
[2022-06-14 18:34:04,995] {logging_mixin.py:115} INFO - [2022-06-14 18:34:04,995] {dagbag.py:507} INFO - Filling up the DagBag from /usr/local/lib/python3.10/dist-packages/airflow/example_dags/plugins/workday.py
[2022-06-14 18:34:04,997] {processor.py:653} WARNING - No viable dags retrieved from /usr/local/lib/python3.10/dist-packages/airflow/example_dags/plugins/workday.py
[2022-06-14 18:34:05,007] {processor.py:161} INFO - Processing /usr/local/lib/python3.10/dist-packages/airflow/example_dags/plugins/workday.py took 0.015 seconds
[2022-06-14 18:34:41,126] {processor.py:153} INFO - Started process (PID=6721) to work on /usr/local/lib/python3.10/dist-packages/airflow/example_dags/plugins/workday.py
[2022-06-14 18:34:41,127] {processor.py:641} INFO - Processing file /usr/local/lib/python3.10/dist-packages/airflow/example_dags/plugins/workday.py for tasks to queue
[2022-06-14 18:34:41,127] {logging_mixin.py:115} INFO - [2022-06-14 18:34:41,127] {dagbag.py:507} INFO - Filling up the DagBag from /usr/local/lib/python3.10/dist-packages/airflow/example_dags/plugins/workday.py
[2022-06-14 18:34:41,129] {processor.py:653} WARNING - No viable dags retrieved from /usr/local/lib/python3.10/dist-packages/airflow/example_dags/plugins/workday.py
[2022-06-14 18:34:41,139] {processor.py:161} INFO - Processing /usr/local/lib/python3.10/dist-packages/airflow/example_dags/plugins/workday.py took 0.015 seconds
[2022-06-14 18:35:14,775] {processor.py:153} INFO - Started process (PID=6780) to work on /usr/local/lib/python3.10/dist-packages/airflow/example_dags/plugins/workday.py
[2022-06-14 18:35:14,776] {processor.py:641} INFO - Processing file /usr/local/lib/python3.10/dist-packages/airflow/example_dags/plugins/workday.py for tasks to queue
[2022-06-14 18:35:14,776] {logging_mixin.py:115} INFO - [2022-06-14 18:35:14,776] {dagbag.py:507} INFO - Filling up the DagBag from /usr/local/lib/python3.10/dist-packages/airflow/example_dags/plugins/workday.py
[2022-06-14 18:35:14,778] {processor.py:653} WARNING - No viable dags retrieved from /usr/local/lib/python3.10/dist-packages/airflow/example_dags/plugins/workday.py
[2022-06-14 18:35:14,788] {processor.py:161} INFO - Processing /usr/local/lib/python3.10/dist-packages/airflow/example_dags/plugins/workday.py took 0.015 seconds
[2022-06-14 18:35:50,409] {processor.py:153} INFO - Started process (PID=6830) to work on /usr/local/lib/python3.10/dist-packages/airflow/example_dags/plugins/workday.py
[2022-06-14 18:35:50,410] {processor.py:641} INFO - Processing file /usr/local/lib/python3.10/dist-packages/airflow/example_dags/plugins/workday.py for tasks to queue
[2022-06-14 18:35:50,410] {logging_mixin.py:115} INFO - [2022-06-14 18:35:50,410] {dagbag.py:507} INFO - Filling up the DagBag from /usr/local/lib/python3.10/dist-packages/airflow/example_dags/plugins/workday.py
[2022-06-14 18:35:50,412] {processor.py:653} WARNING - No viable dags retrieved from /usr/local/lib/python3.10/dist-packages/airflow/example_dags/plugins/workday.py
[2022-06-14 18:35:50,422] {processor.py:161} INFO - Processing /usr/local/lib/python3.10/dist-packages/airflow/example_dags/plugins/workday.py took 0.016 seconds
[2022-06-14 18:36:24,225] {processor.py:153} INFO - Started process (PID=6877) to work on /usr/local/lib/python3.10/dist-packages/airflow/example_dags/plugins/workday.py
[2022-06-14 18:36:24,225] {processor.py:641} INFO - Processing file /usr/local/lib/python3.10/dist-packages/airflow/example_dags/plugins/workday.py for tasks to queue
[2022-06-14 18:36:24,226] {logging_mixin.py:115} INFO - [2022-06-14 18:36:24,226] {dagbag.py:507} INFO - Filling up the DagBag from /usr/local/lib/python3.10/dist-packages/airflow/example_dags/plugins/workday.py
[2022-06-14 18:36:24,228] {processor.py:653} WARNING - No viable dags retrieved from /usr/local/lib/python3.10/dist-packages/airflow/example_dags/plugins/workday.py
[2022-06-14 18:36:24,237] {processor.py:161} INFO - Processing /usr/local/lib/python3.10/dist-packages/airflow/example_dags/plugins/workday.py took 0.015 seconds
[2022-06-14 18:37:00,306] {processor.py:153} INFO - Started process (PID=6931) to work on /usr/local/lib/python3.10/dist-packages/airflow/example_dags/plugins/workday.py
[2022-06-14 18:37:00,306] {processor.py:641} INFO - Processing file /usr/local/lib/python3.10/dist-packages/airflow/example_dags/plugins/workday.py for tasks to queue
[2022-06-14 18:37:00,307] {logging_mixin.py:115} INFO - [2022-06-14 18:37:00,307] {dagbag.py:507} INFO - Filling up the DagBag from /usr/local/lib/python3.10/dist-packages/airflow/example_dags/plugins/workday.py
[2022-06-14 18:37:00,309] {processor.py:653} WARNING - No viable dags retrieved from /usr/local/lib/python3.10/dist-packages/airflow/example_dags/plugins/workday.py
[2022-06-14 18:37:00,319] {processor.py:161} INFO - Processing /usr/local/lib/python3.10/dist-packages/airflow/example_dags/plugins/workday.py took 0.016 seconds
[2022-06-14 18:37:33,177] {processor.py:153} INFO - Started process (PID=6974) to work on /usr/local/lib/python3.10/dist-packages/airflow/example_dags/plugins/workday.py
[2022-06-14 18:37:33,178] {processor.py:641} INFO - Processing file /usr/local/lib/python3.10/dist-packages/airflow/example_dags/plugins/workday.py for tasks to queue
[2022-06-14 18:37:33,179] {logging_mixin.py:115} INFO - [2022-06-14 18:37:33,179] {dagbag.py:507} INFO - Filling up the DagBag from /usr/local/lib/python3.10/dist-packages/airflow/example_dags/plugins/workday.py
[2022-06-14 18:37:33,182] {processor.py:653} WARNING - No viable dags retrieved from /usr/local/lib/python3.10/dist-packages/airflow/example_dags/plugins/workday.py
[2022-06-14 18:37:33,192] {processor.py:161} INFO - Processing /usr/local/lib/python3.10/dist-packages/airflow/example_dags/plugins/workday.py took 0.018 seconds
[2022-06-14 18:38:06,046] {processor.py:153} INFO - Started process (PID=7019) to work on /usr/local/lib/python3.10/dist-packages/airflow/example_dags/plugins/workday.py
[2022-06-14 18:38:06,047] {processor.py:641} INFO - Processing file /usr/local/lib/python3.10/dist-packages/airflow/example_dags/plugins/workday.py for tasks to queue
[2022-06-14 18:38:06,048] {logging_mixin.py:115} INFO - [2022-06-14 18:38:06,048] {dagbag.py:507} INFO - Filling up the DagBag from /usr/local/lib/python3.10/dist-packages/airflow/example_dags/plugins/workday.py
[2022-06-14 18:38:06,050] {processor.py:653} WARNING - No viable dags retrieved from /usr/local/lib/python3.10/dist-packages/airflow/example_dags/plugins/workday.py
[2022-06-14 18:38:06,059] {processor.py:161} INFO - Processing /usr/local/lib/python3.10/dist-packages/airflow/example_dags/plugins/workday.py took 0.016 seconds
[2022-06-14 18:38:38,092] {processor.py:153} INFO - Started process (PID=7065) to work on /usr/local/lib/python3.10/dist-packages/airflow/example_dags/plugins/workday.py
[2022-06-14 18:38:38,093] {processor.py:641} INFO - Processing file /usr/local/lib/python3.10/dist-packages/airflow/example_dags/plugins/workday.py for tasks to queue
[2022-06-14 18:38:38,093] {logging_mixin.py:115} INFO - [2022-06-14 18:38:38,093] {dagbag.py:507} INFO - Filling up the DagBag from /usr/local/lib/python3.10/dist-packages/airflow/example_dags/plugins/workday.py
[2022-06-14 18:38:38,095] {processor.py:653} WARNING - No viable dags retrieved from /usr/local/lib/python3.10/dist-packages/airflow/example_dags/plugins/workday.py
[2022-06-14 18:38:38,105] {processor.py:161} INFO - Processing /usr/local/lib/python3.10/dist-packages/airflow/example_dags/plugins/workday.py took 0.015 seconds
[2022-06-14 18:39:10,160] {processor.py:153} INFO - Started process (PID=7115) to work on /usr/local/lib/python3.10/dist-packages/airflow/example_dags/plugins/workday.py
[2022-06-14 18:39:10,161] {processor.py:641} INFO - Processing file /usr/local/lib/python3.10/dist-packages/airflow/example_dags/plugins/workday.py for tasks to queue
[2022-06-14 18:39:10,161] {logging_mixin.py:115} INFO - [2022-06-14 18:39:10,161] {dagbag.py:507} INFO - Filling up the DagBag from /usr/local/lib/python3.10/dist-packages/airflow/example_dags/plugins/workday.py
[2022-06-14 18:39:10,163] {processor.py:653} WARNING - No viable dags retrieved from /usr/local/lib/python3.10/dist-packages/airflow/example_dags/plugins/workday.py
[2022-06-14 18:39:10,172] {processor.py:161} INFO - Processing /usr/local/lib/python3.10/dist-packages/airflow/example_dags/plugins/workday.py took 0.014 seconds
[2022-06-14 18:39:41,116] {processor.py:153} INFO - Started process (PID=7159) to work on /usr/local/lib/python3.10/dist-packages/airflow/example_dags/plugins/workday.py
[2022-06-14 18:39:41,117] {processor.py:641} INFO - Processing file /usr/local/lib/python3.10/dist-packages/airflow/example_dags/plugins/workday.py for tasks to queue
[2022-06-14 18:39:41,117] {logging_mixin.py:115} INFO - [2022-06-14 18:39:41,117] {dagbag.py:507} INFO - Filling up the DagBag from /usr/local/lib/python3.10/dist-packages/airflow/example_dags/plugins/workday.py
[2022-06-14 18:39:41,119] {processor.py:653} WARNING - No viable dags retrieved from /usr/local/lib/python3.10/dist-packages/airflow/example_dags/plugins/workday.py
[2022-06-14 18:39:41,128] {processor.py:161} INFO - Processing /usr/local/lib/python3.10/dist-packages/airflow/example_dags/plugins/workday.py took 0.015 seconds
[2022-06-14 18:40:16,153] {processor.py:153} INFO - Started process (PID=7213) to work on /usr/local/lib/python3.10/dist-packages/airflow/example_dags/plugins/workday.py
[2022-06-14 18:40:16,154] {processor.py:641} INFO - Processing file /usr/local/lib/python3.10/dist-packages/airflow/example_dags/plugins/workday.py for tasks to queue
[2022-06-14 18:40:16,154] {logging_mixin.py:115} INFO - [2022-06-14 18:40:16,154] {dagbag.py:507} INFO - Filling up the DagBag from /usr/local/lib/python3.10/dist-packages/airflow/example_dags/plugins/workday.py
[2022-06-14 18:40:16,156] {processor.py:653} WARNING - No viable dags retrieved from /usr/local/lib/python3.10/dist-packages/airflow/example_dags/plugins/workday.py
[2022-06-14 18:40:16,166] {processor.py:161} INFO - Processing /usr/local/lib/python3.10/dist-packages/airflow/example_dags/plugins/workday.py took 0.015 seconds
[2022-06-14 18:40:47,877] {processor.py:153} INFO - Started process (PID=7255) to work on /usr/local/lib/python3.10/dist-packages/airflow/example_dags/plugins/workday.py
[2022-06-14 18:40:47,878] {processor.py:641} INFO - Processing file /usr/local/lib/python3.10/dist-packages/airflow/example_dags/plugins/workday.py for tasks to queue
[2022-06-14 18:40:47,878] {logging_mixin.py:115} INFO - [2022-06-14 18:40:47,878] {dagbag.py:507} INFO - Filling up the DagBag from /usr/local/lib/python3.10/dist-packages/airflow/example_dags/plugins/workday.py
[2022-06-14 18:40:47,880] {processor.py:653} WARNING - No viable dags retrieved from /usr/local/lib/python3.10/dist-packages/airflow/example_dags/plugins/workday.py
[2022-06-14 18:40:47,890] {processor.py:161} INFO - Processing /usr/local/lib/python3.10/dist-packages/airflow/example_dags/plugins/workday.py took 0.015 seconds
[2022-06-14 18:41:21,478] {processor.py:153} INFO - Started process (PID=7314) to work on /usr/local/lib/python3.10/dist-packages/airflow/example_dags/plugins/workday.py
[2022-06-14 18:41:21,479] {processor.py:641} INFO - Processing file /usr/local/lib/python3.10/dist-packages/airflow/example_dags/plugins/workday.py for tasks to queue
[2022-06-14 18:41:21,479] {logging_mixin.py:115} INFO - [2022-06-14 18:41:21,479] {dagbag.py:507} INFO - Filling up the DagBag from /usr/local/lib/python3.10/dist-packages/airflow/example_dags/plugins/workday.py
[2022-06-14 18:41:21,481] {processor.py:653} WARNING - No viable dags retrieved from /usr/local/lib/python3.10/dist-packages/airflow/example_dags/plugins/workday.py
[2022-06-14 18:41:21,491] {processor.py:161} INFO - Processing /usr/local/lib/python3.10/dist-packages/airflow/example_dags/plugins/workday.py took 0.015 seconds
[2022-06-14 18:41:59,738] {processor.py:153} INFO - Started process (PID=7371) to work on /usr/local/lib/python3.10/dist-packages/airflow/example_dags/plugins/workday.py
[2022-06-14 18:41:59,739] {processor.py:641} INFO - Processing file /usr/local/lib/python3.10/dist-packages/airflow/example_dags/plugins/workday.py for tasks to queue
[2022-06-14 18:41:59,739] {logging_mixin.py:115} INFO - [2022-06-14 18:41:59,739] {dagbag.py:507} INFO - Filling up the DagBag from /usr/local/lib/python3.10/dist-packages/airflow/example_dags/plugins/workday.py
[2022-06-14 18:41:59,741] {processor.py:653} WARNING - No viable dags retrieved from /usr/local/lib/python3.10/dist-packages/airflow/example_dags/plugins/workday.py
[2022-06-14 18:41:59,751] {processor.py:161} INFO - Processing /usr/local/lib/python3.10/dist-packages/airflow/example_dags/plugins/workday.py took 0.016 seconds
[2022-06-14 18:42:32,982] {processor.py:153} INFO - Started process (PID=7463) to work on /usr/local/lib/python3.10/dist-packages/airflow/example_dags/plugins/workday.py
[2022-06-14 18:42:32,983] {processor.py:641} INFO - Processing file /usr/local/lib/python3.10/dist-packages/airflow/example_dags/plugins/workday.py for tasks to queue
[2022-06-14 18:42:32,983] {logging_mixin.py:115} INFO - [2022-06-14 18:42:32,983] {dagbag.py:507} INFO - Filling up the DagBag from /usr/local/lib/python3.10/dist-packages/airflow/example_dags/plugins/workday.py
[2022-06-14 18:42:32,985] {processor.py:653} WARNING - No viable dags retrieved from /usr/local/lib/python3.10/dist-packages/airflow/example_dags/plugins/workday.py
[2022-06-14 18:42:32,998] {processor.py:161} INFO - Processing /usr/local/lib/python3.10/dist-packages/airflow/example_dags/plugins/workday.py took 0.019 seconds
[2022-06-14 18:43:06,735] {processor.py:153} INFO - Started process (PID=7556) to work on /usr/local/lib/python3.10/dist-packages/airflow/example_dags/plugins/workday.py
[2022-06-14 18:43:06,735] {processor.py:641} INFO - Processing file /usr/local/lib/python3.10/dist-packages/airflow/example_dags/plugins/workday.py for tasks to queue
[2022-06-14 18:43:06,736] {logging_mixin.py:115} INFO - [2022-06-14 18:43:06,736] {dagbag.py:507} INFO - Filling up the DagBag from /usr/local/lib/python3.10/dist-packages/airflow/example_dags/plugins/workday.py
[2022-06-14 18:43:06,738] {processor.py:653} WARNING - No viable dags retrieved from /usr/local/lib/python3.10/dist-packages/airflow/example_dags/plugins/workday.py
[2022-06-14 18:43:06,748] {processor.py:161} INFO - Processing /usr/local/lib/python3.10/dist-packages/airflow/example_dags/plugins/workday.py took 0.016 seconds
[2022-06-14 18:43:46,441] {processor.py:153} INFO - Started process (PID=7602) to work on /usr/local/lib/python3.10/dist-packages/airflow/example_dags/plugins/workday.py
[2022-06-14 18:43:46,442] {processor.py:641} INFO - Processing file /usr/local/lib/python3.10/dist-packages/airflow/example_dags/plugins/workday.py for tasks to queue
[2022-06-14 18:43:46,442] {logging_mixin.py:115} INFO - [2022-06-14 18:43:46,442] {dagbag.py:507} INFO - Filling up the DagBag from /usr/local/lib/python3.10/dist-packages/airflow/example_dags/plugins/workday.py
[2022-06-14 18:43:46,444] {processor.py:653} WARNING - No viable dags retrieved from /usr/local/lib/python3.10/dist-packages/airflow/example_dags/plugins/workday.py
[2022-06-14 18:43:46,455] {processor.py:161} INFO - Processing /usr/local/lib/python3.10/dist-packages/airflow/example_dags/plugins/workday.py took 0.016 seconds
[2022-06-14 18:44:17,611] {processor.py:153} INFO - Started process (PID=7669) to work on /usr/local/lib/python3.10/dist-packages/airflow/example_dags/plugins/workday.py
[2022-06-14 18:44:17,614] {processor.py:641} INFO - Processing file /usr/local/lib/python3.10/dist-packages/airflow/example_dags/plugins/workday.py for tasks to queue
[2022-06-14 18:44:17,615] {logging_mixin.py:115} INFO - [2022-06-14 18:44:17,615] {dagbag.py:507} INFO - Filling up the DagBag from /usr/local/lib/python3.10/dist-packages/airflow/example_dags/plugins/workday.py
[2022-06-14 18:44:17,618] {processor.py:653} WARNING - No viable dags retrieved from /usr/local/lib/python3.10/dist-packages/airflow/example_dags/plugins/workday.py
[2022-06-14 18:44:17,644] {processor.py:161} INFO - Processing /usr/local/lib/python3.10/dist-packages/airflow/example_dags/plugins/workday.py took 0.037 seconds
[2022-06-14 18:44:51,217] {processor.py:153} INFO - Started process (PID=7722) to work on /usr/local/lib/python3.10/dist-packages/airflow/example_dags/plugins/workday.py
[2022-06-14 18:44:51,217] {processor.py:641} INFO - Processing file /usr/local/lib/python3.10/dist-packages/airflow/example_dags/plugins/workday.py for tasks to queue
[2022-06-14 18:44:51,218] {logging_mixin.py:115} INFO - [2022-06-14 18:44:51,218] {dagbag.py:507} INFO - Filling up the DagBag from /usr/local/lib/python3.10/dist-packages/airflow/example_dags/plugins/workday.py
[2022-06-14 18:44:51,219] {processor.py:653} WARNING - No viable dags retrieved from /usr/local/lib/python3.10/dist-packages/airflow/example_dags/plugins/workday.py
[2022-06-14 18:44:51,229] {processor.py:161} INFO - Processing /usr/local/lib/python3.10/dist-packages/airflow/example_dags/plugins/workday.py took 0.015 seconds
[2022-06-14 18:45:25,568] {processor.py:153} INFO - Started process (PID=7830) to work on /usr/local/lib/python3.10/dist-packages/airflow/example_dags/plugins/workday.py
[2022-06-14 18:45:25,568] {processor.py:641} INFO - Processing file /usr/local/lib/python3.10/dist-packages/airflow/example_dags/plugins/workday.py for tasks to queue
[2022-06-14 18:45:25,569] {logging_mixin.py:115} INFO - [2022-06-14 18:45:25,569] {dagbag.py:507} INFO - Filling up the DagBag from /usr/local/lib/python3.10/dist-packages/airflow/example_dags/plugins/workday.py
[2022-06-14 18:45:25,571] {processor.py:653} WARNING - No viable dags retrieved from /usr/local/lib/python3.10/dist-packages/airflow/example_dags/plugins/workday.py
[2022-06-14 18:45:25,581] {processor.py:161} INFO - Processing /usr/local/lib/python3.10/dist-packages/airflow/example_dags/plugins/workday.py took 0.016 seconds
[2022-06-14 18:46:04,650] {processor.py:153} INFO - Started process (PID=7895) to work on /usr/local/lib/python3.10/dist-packages/airflow/example_dags/plugins/workday.py
[2022-06-14 18:46:04,650] {processor.py:641} INFO - Processing file /usr/local/lib/python3.10/dist-packages/airflow/example_dags/plugins/workday.py for tasks to queue
[2022-06-14 18:46:04,651] {logging_mixin.py:115} INFO - [2022-06-14 18:46:04,651] {dagbag.py:507} INFO - Filling up the DagBag from /usr/local/lib/python3.10/dist-packages/airflow/example_dags/plugins/workday.py
[2022-06-14 18:46:04,652] {processor.py:653} WARNING - No viable dags retrieved from /usr/local/lib/python3.10/dist-packages/airflow/example_dags/plugins/workday.py
[2022-06-14 18:46:04,662] {processor.py:161} INFO - Processing /usr/local/lib/python3.10/dist-packages/airflow/example_dags/plugins/workday.py took 0.015 seconds
[2022-06-14 18:46:38,447] {processor.py:153} INFO - Started process (PID=7987) to work on /usr/local/lib/python3.10/dist-packages/airflow/example_dags/plugins/workday.py
[2022-06-14 18:46:38,448] {processor.py:641} INFO - Processing file /usr/local/lib/python3.10/dist-packages/airflow/example_dags/plugins/workday.py for tasks to queue
[2022-06-14 18:46:38,448] {logging_mixin.py:115} INFO - [2022-06-14 18:46:38,448] {dagbag.py:507} INFO - Filling up the DagBag from /usr/local/lib/python3.10/dist-packages/airflow/example_dags/plugins/workday.py
[2022-06-14 18:46:38,450] {processor.py:653} WARNING - No viable dags retrieved from /usr/local/lib/python3.10/dist-packages/airflow/example_dags/plugins/workday.py
[2022-06-14 18:46:38,460] {processor.py:161} INFO - Processing /usr/local/lib/python3.10/dist-packages/airflow/example_dags/plugins/workday.py took 0.015 seconds
[2022-06-14 18:47:09,995] {processor.py:153} INFO - Started process (PID=8036) to work on /usr/local/lib/python3.10/dist-packages/airflow/example_dags/plugins/workday.py
[2022-06-14 18:47:09,996] {processor.py:641} INFO - Processing file /usr/local/lib/python3.10/dist-packages/airflow/example_dags/plugins/workday.py for tasks to queue
[2022-06-14 18:47:09,996] {logging_mixin.py:115} INFO - [2022-06-14 18:47:09,996] {dagbag.py:507} INFO - Filling up the DagBag from /usr/local/lib/python3.10/dist-packages/airflow/example_dags/plugins/workday.py
[2022-06-14 18:47:09,998] {processor.py:653} WARNING - No viable dags retrieved from /usr/local/lib/python3.10/dist-packages/airflow/example_dags/plugins/workday.py
[2022-06-14 18:47:10,009] {processor.py:161} INFO - Processing /usr/local/lib/python3.10/dist-packages/airflow/example_dags/plugins/workday.py took 0.016 seconds
[2022-06-14 18:47:47,637] {processor.py:153} INFO - Started process (PID=8103) to work on /usr/local/lib/python3.10/dist-packages/airflow/example_dags/plugins/workday.py
[2022-06-14 18:47:47,637] {processor.py:641} INFO - Processing file /usr/local/lib/python3.10/dist-packages/airflow/example_dags/plugins/workday.py for tasks to queue
[2022-06-14 18:47:47,638] {logging_mixin.py:115} INFO - [2022-06-14 18:47:47,638] {dagbag.py:507} INFO - Filling up the DagBag from /usr/local/lib/python3.10/dist-packages/airflow/example_dags/plugins/workday.py
[2022-06-14 18:47:47,639] {processor.py:653} WARNING - No viable dags retrieved from /usr/local/lib/python3.10/dist-packages/airflow/example_dags/plugins/workday.py
[2022-06-14 18:47:47,650] {processor.py:161} INFO - Processing /usr/local/lib/python3.10/dist-packages/airflow/example_dags/plugins/workday.py took 0.016 seconds
[2022-06-14 18:48:26,533] {processor.py:153} INFO - Started process (PID=8163) to work on /usr/local/lib/python3.10/dist-packages/airflow/example_dags/plugins/workday.py
[2022-06-14 18:48:26,533] {processor.py:641} INFO - Processing file /usr/local/lib/python3.10/dist-packages/airflow/example_dags/plugins/workday.py for tasks to queue
[2022-06-14 18:48:26,534] {logging_mixin.py:115} INFO - [2022-06-14 18:48:26,534] {dagbag.py:507} INFO - Filling up the DagBag from /usr/local/lib/python3.10/dist-packages/airflow/example_dags/plugins/workday.py
[2022-06-14 18:48:26,535] {processor.py:653} WARNING - No viable dags retrieved from /usr/local/lib/python3.10/dist-packages/airflow/example_dags/plugins/workday.py
[2022-06-14 18:48:26,546] {processor.py:161} INFO - Processing /usr/local/lib/python3.10/dist-packages/airflow/example_dags/plugins/workday.py took 0.016 seconds
[2022-06-14 18:49:00,908] {processor.py:153} INFO - Started process (PID=8223) to work on /usr/local/lib/python3.10/dist-packages/airflow/example_dags/plugins/workday.py
[2022-06-14 18:49:00,909] {processor.py:641} INFO - Processing file /usr/local/lib/python3.10/dist-packages/airflow/example_dags/plugins/workday.py for tasks to queue
[2022-06-14 18:49:00,909] {logging_mixin.py:115} INFO - [2022-06-14 18:49:00,909] {dagbag.py:507} INFO - Filling up the DagBag from /usr/local/lib/python3.10/dist-packages/airflow/example_dags/plugins/workday.py
[2022-06-14 18:49:00,911] {processor.py:653} WARNING - No viable dags retrieved from /usr/local/lib/python3.10/dist-packages/airflow/example_dags/plugins/workday.py
[2022-06-14 18:49:00,921] {processor.py:161} INFO - Processing /usr/local/lib/python3.10/dist-packages/airflow/example_dags/plugins/workday.py took 0.016 seconds
[2022-06-14 18:49:36,056] {processor.py:153} INFO - Started process (PID=8281) to work on /usr/local/lib/python3.10/dist-packages/airflow/example_dags/plugins/workday.py
[2022-06-14 18:49:36,057] {processor.py:641} INFO - Processing file /usr/local/lib/python3.10/dist-packages/airflow/example_dags/plugins/workday.py for tasks to queue
[2022-06-14 18:49:36,057] {logging_mixin.py:115} INFO - [2022-06-14 18:49:36,057] {dagbag.py:507} INFO - Filling up the DagBag from /usr/local/lib/python3.10/dist-packages/airflow/example_dags/plugins/workday.py
[2022-06-14 18:49:36,059] {processor.py:653} WARNING - No viable dags retrieved from /usr/local/lib/python3.10/dist-packages/airflow/example_dags/plugins/workday.py
[2022-06-14 18:49:36,070] {processor.py:161} INFO - Processing /usr/local/lib/python3.10/dist-packages/airflow/example_dags/plugins/workday.py took 0.016 seconds
[2022-06-14 18:50:08,984] {processor.py:153} INFO - Started process (PID=8349) to work on /usr/local/lib/python3.10/dist-packages/airflow/example_dags/plugins/workday.py
[2022-06-14 18:50:08,984] {processor.py:641} INFO - Processing file /usr/local/lib/python3.10/dist-packages/airflow/example_dags/plugins/workday.py for tasks to queue
[2022-06-14 18:50:08,985] {logging_mixin.py:115} INFO - [2022-06-14 18:50:08,985] {dagbag.py:507} INFO - Filling up the DagBag from /usr/local/lib/python3.10/dist-packages/airflow/example_dags/plugins/workday.py
[2022-06-14 18:50:08,987] {processor.py:653} WARNING - No viable dags retrieved from /usr/local/lib/python3.10/dist-packages/airflow/example_dags/plugins/workday.py
[2022-06-14 18:50:08,997] {processor.py:161} INFO - Processing /usr/local/lib/python3.10/dist-packages/airflow/example_dags/plugins/workday.py took 0.015 seconds
[2022-06-14 18:50:42,118] {processor.py:153} INFO - Started process (PID=8422) to work on /usr/local/lib/python3.10/dist-packages/airflow/example_dags/plugins/workday.py
[2022-06-14 18:50:42,118] {processor.py:641} INFO - Processing file /usr/local/lib/python3.10/dist-packages/airflow/example_dags/plugins/workday.py for tasks to queue
[2022-06-14 18:50:42,119] {logging_mixin.py:115} INFO - [2022-06-14 18:50:42,119] {dagbag.py:507} INFO - Filling up the DagBag from /usr/local/lib/python3.10/dist-packages/airflow/example_dags/plugins/workday.py
[2022-06-14 18:50:42,121] {processor.py:653} WARNING - No viable dags retrieved from /usr/local/lib/python3.10/dist-packages/airflow/example_dags/plugins/workday.py
[2022-06-14 18:50:42,130] {processor.py:161} INFO - Processing /usr/local/lib/python3.10/dist-packages/airflow/example_dags/plugins/workday.py took 0.015 seconds
[2022-06-14 18:51:17,005] {processor.py:153} INFO - Started process (PID=8480) to work on /usr/local/lib/python3.10/dist-packages/airflow/example_dags/plugins/workday.py
[2022-06-14 18:51:17,005] {processor.py:641} INFO - Processing file /usr/local/lib/python3.10/dist-packages/airflow/example_dags/plugins/workday.py for tasks to queue
[2022-06-14 18:51:17,006] {logging_mixin.py:115} INFO - [2022-06-14 18:51:17,006] {dagbag.py:507} INFO - Filling up the DagBag from /usr/local/lib/python3.10/dist-packages/airflow/example_dags/plugins/workday.py
[2022-06-14 18:51:17,008] {processor.py:653} WARNING - No viable dags retrieved from /usr/local/lib/python3.10/dist-packages/airflow/example_dags/plugins/workday.py
[2022-06-14 18:51:17,020] {processor.py:161} INFO - Processing /usr/local/lib/python3.10/dist-packages/airflow/example_dags/plugins/workday.py took 0.018 seconds
[2022-06-14 18:51:58,323] {processor.py:153} INFO - Started process (PID=8544) to work on /usr/local/lib/python3.10/dist-packages/airflow/example_dags/plugins/workday.py
[2022-06-14 18:51:58,324] {processor.py:641} INFO - Processing file /usr/local/lib/python3.10/dist-packages/airflow/example_dags/plugins/workday.py for tasks to queue
[2022-06-14 18:51:58,324] {logging_mixin.py:115} INFO - [2022-06-14 18:51:58,324] {dagbag.py:507} INFO - Filling up the DagBag from /usr/local/lib/python3.10/dist-packages/airflow/example_dags/plugins/workday.py
[2022-06-14 18:51:58,327] {processor.py:653} WARNING - No viable dags retrieved from /usr/local/lib/python3.10/dist-packages/airflow/example_dags/plugins/workday.py
[2022-06-14 18:51:58,339] {processor.py:161} INFO - Processing /usr/local/lib/python3.10/dist-packages/airflow/example_dags/plugins/workday.py took 0.019 seconds
[2022-06-14 18:52:31,540] {processor.py:153} INFO - Started process (PID=8596) to work on /usr/local/lib/python3.10/dist-packages/airflow/example_dags/plugins/workday.py
[2022-06-14 18:52:31,541] {processor.py:641} INFO - Processing file /usr/local/lib/python3.10/dist-packages/airflow/example_dags/plugins/workday.py for tasks to queue
[2022-06-14 18:52:31,541] {logging_mixin.py:115} INFO - [2022-06-14 18:52:31,541] {dagbag.py:507} INFO - Filling up the DagBag from /usr/local/lib/python3.10/dist-packages/airflow/example_dags/plugins/workday.py
[2022-06-14 18:52:31,544] {processor.py:653} WARNING - No viable dags retrieved from /usr/local/lib/python3.10/dist-packages/airflow/example_dags/plugins/workday.py
[2022-06-14 18:52:31,556] {processor.py:161} INFO - Processing /usr/local/lib/python3.10/dist-packages/airflow/example_dags/plugins/workday.py took 0.019 seconds
[2022-06-14 18:53:08,855] {processor.py:153} INFO - Started process (PID=8672) to work on /usr/local/lib/python3.10/dist-packages/airflow/example_dags/plugins/workday.py
[2022-06-14 18:53:08,855] {processor.py:641} INFO - Processing file /usr/local/lib/python3.10/dist-packages/airflow/example_dags/plugins/workday.py for tasks to queue
[2022-06-14 18:53:08,856] {logging_mixin.py:115} INFO - [2022-06-14 18:53:08,856] {dagbag.py:507} INFO - Filling up the DagBag from /usr/local/lib/python3.10/dist-packages/airflow/example_dags/plugins/workday.py
[2022-06-14 18:53:08,858] {processor.py:653} WARNING - No viable dags retrieved from /usr/local/lib/python3.10/dist-packages/airflow/example_dags/plugins/workday.py
[2022-06-14 18:53:08,868] {processor.py:161} INFO - Processing /usr/local/lib/python3.10/dist-packages/airflow/example_dags/plugins/workday.py took 0.016 seconds
[2022-06-14 18:53:45,092] {processor.py:153} INFO - Started process (PID=8728) to work on /usr/local/lib/python3.10/dist-packages/airflow/example_dags/plugins/workday.py
[2022-06-14 18:53:45,092] {processor.py:641} INFO - Processing file /usr/local/lib/python3.10/dist-packages/airflow/example_dags/plugins/workday.py for tasks to queue
[2022-06-14 18:53:45,093] {logging_mixin.py:115} INFO - [2022-06-14 18:53:45,093] {dagbag.py:507} INFO - Filling up the DagBag from /usr/local/lib/python3.10/dist-packages/airflow/example_dags/plugins/workday.py
[2022-06-14 18:53:45,095] {processor.py:653} WARNING - No viable dags retrieved from /usr/local/lib/python3.10/dist-packages/airflow/example_dags/plugins/workday.py
[2022-06-14 18:53:45,107] {processor.py:161} INFO - Processing /usr/local/lib/python3.10/dist-packages/airflow/example_dags/plugins/workday.py took 0.018 seconds
[2022-06-14 18:54:25,116] {processor.py:153} INFO - Started process (PID=8791) to work on /usr/local/lib/python3.10/dist-packages/airflow/example_dags/plugins/workday.py
[2022-06-14 18:54:25,117] {processor.py:641} INFO - Processing file /usr/local/lib/python3.10/dist-packages/airflow/example_dags/plugins/workday.py for tasks to queue
[2022-06-14 18:54:25,118] {logging_mixin.py:115} INFO - [2022-06-14 18:54:25,118] {dagbag.py:507} INFO - Filling up the DagBag from /usr/local/lib/python3.10/dist-packages/airflow/example_dags/plugins/workday.py
[2022-06-14 18:54:25,120] {processor.py:653} WARNING - No viable dags retrieved from /usr/local/lib/python3.10/dist-packages/airflow/example_dags/plugins/workday.py
[2022-06-14 18:54:25,132] {processor.py:161} INFO - Processing /usr/local/lib/python3.10/dist-packages/airflow/example_dags/plugins/workday.py took 0.018 seconds
[2022-06-14 18:55:01,272] {processor.py:153} INFO - Started process (PID=8840) to work on /usr/local/lib/python3.10/dist-packages/airflow/example_dags/plugins/workday.py
[2022-06-14 18:55:01,272] {processor.py:641} INFO - Processing file /usr/local/lib/python3.10/dist-packages/airflow/example_dags/plugins/workday.py for tasks to queue
[2022-06-14 18:55:01,273] {logging_mixin.py:115} INFO - [2022-06-14 18:55:01,273] {dagbag.py:507} INFO - Filling up the DagBag from /usr/local/lib/python3.10/dist-packages/airflow/example_dags/plugins/workday.py
[2022-06-14 18:55:01,275] {processor.py:653} WARNING - No viable dags retrieved from /usr/local/lib/python3.10/dist-packages/airflow/example_dags/plugins/workday.py
[2022-06-14 18:55:01,287] {processor.py:161} INFO - Processing /usr/local/lib/python3.10/dist-packages/airflow/example_dags/plugins/workday.py took 0.019 seconds
[2022-06-14 18:55:35,133] {processor.py:153} INFO - Started process (PID=8883) to work on /usr/local/lib/python3.10/dist-packages/airflow/example_dags/plugins/workday.py
[2022-06-14 18:55:35,134] {processor.py:641} INFO - Processing file /usr/local/lib/python3.10/dist-packages/airflow/example_dags/plugins/workday.py for tasks to queue
[2022-06-14 18:55:35,134] {logging_mixin.py:115} INFO - [2022-06-14 18:55:35,134] {dagbag.py:507} INFO - Filling up the DagBag from /usr/local/lib/python3.10/dist-packages/airflow/example_dags/plugins/workday.py
[2022-06-14 18:55:35,136] {processor.py:653} WARNING - No viable dags retrieved from /usr/local/lib/python3.10/dist-packages/airflow/example_dags/plugins/workday.py
[2022-06-14 18:55:35,148] {processor.py:161} INFO - Processing /usr/local/lib/python3.10/dist-packages/airflow/example_dags/plugins/workday.py took 0.018 seconds
[2022-06-14 18:56:09,428] {processor.py:153} INFO - Started process (PID=8926) to work on /usr/local/lib/python3.10/dist-packages/airflow/example_dags/plugins/workday.py
[2022-06-14 18:56:09,429] {processor.py:641} INFO - Processing file /usr/local/lib/python3.10/dist-packages/airflow/example_dags/plugins/workday.py for tasks to queue
[2022-06-14 18:56:09,430] {logging_mixin.py:115} INFO - [2022-06-14 18:56:09,429] {dagbag.py:507} INFO - Filling up the DagBag from /usr/local/lib/python3.10/dist-packages/airflow/example_dags/plugins/workday.py
[2022-06-14 18:56:09,432] {processor.py:653} WARNING - No viable dags retrieved from /usr/local/lib/python3.10/dist-packages/airflow/example_dags/plugins/workday.py
[2022-06-14 18:56:09,443] {processor.py:161} INFO - Processing /usr/local/lib/python3.10/dist-packages/airflow/example_dags/plugins/workday.py took 0.017 seconds
[2022-06-14 18:56:42,135] {processor.py:153} INFO - Started process (PID=8972) to work on /usr/local/lib/python3.10/dist-packages/airflow/example_dags/plugins/workday.py
[2022-06-14 18:56:42,136] {processor.py:641} INFO - Processing file /usr/local/lib/python3.10/dist-packages/airflow/example_dags/plugins/workday.py for tasks to queue
[2022-06-14 18:56:42,137] {logging_mixin.py:115} INFO - [2022-06-14 18:56:42,137] {dagbag.py:507} INFO - Filling up the DagBag from /usr/local/lib/python3.10/dist-packages/airflow/example_dags/plugins/workday.py
[2022-06-14 18:56:42,139] {processor.py:653} WARNING - No viable dags retrieved from /usr/local/lib/python3.10/dist-packages/airflow/example_dags/plugins/workday.py
[2022-06-14 18:56:42,151] {processor.py:161} INFO - Processing /usr/local/lib/python3.10/dist-packages/airflow/example_dags/plugins/workday.py took 0.019 seconds
[2022-06-14 18:57:19,552] {processor.py:153} INFO - Started process (PID=9031) to work on /usr/local/lib/python3.10/dist-packages/airflow/example_dags/plugins/workday.py
[2022-06-14 18:57:19,553] {processor.py:641} INFO - Processing file /usr/local/lib/python3.10/dist-packages/airflow/example_dags/plugins/workday.py for tasks to queue
[2022-06-14 18:57:19,553] {logging_mixin.py:115} INFO - [2022-06-14 18:57:19,553] {dagbag.py:507} INFO - Filling up the DagBag from /usr/local/lib/python3.10/dist-packages/airflow/example_dags/plugins/workday.py
[2022-06-14 18:57:19,556] {processor.py:653} WARNING - No viable dags retrieved from /usr/local/lib/python3.10/dist-packages/airflow/example_dags/plugins/workday.py
[2022-06-14 18:57:19,567] {processor.py:161} INFO - Processing /usr/local/lib/python3.10/dist-packages/airflow/example_dags/plugins/workday.py took 0.018 seconds
[2022-06-14 18:57:59,673] {processor.py:153} INFO - Started process (PID=9104) to work on /usr/local/lib/python3.10/dist-packages/airflow/example_dags/plugins/workday.py
[2022-06-14 18:57:59,673] {processor.py:641} INFO - Processing file /usr/local/lib/python3.10/dist-packages/airflow/example_dags/plugins/workday.py for tasks to queue
[2022-06-14 18:57:59,674] {logging_mixin.py:115} INFO - [2022-06-14 18:57:59,674] {dagbag.py:507} INFO - Filling up the DagBag from /usr/local/lib/python3.10/dist-packages/airflow/example_dags/plugins/workday.py
[2022-06-14 18:57:59,676] {processor.py:653} WARNING - No viable dags retrieved from /usr/local/lib/python3.10/dist-packages/airflow/example_dags/plugins/workday.py
[2022-06-14 18:57:59,686] {processor.py:161} INFO - Processing /usr/local/lib/python3.10/dist-packages/airflow/example_dags/plugins/workday.py took 0.016 seconds
[2022-06-14 18:58:35,765] {processor.py:153} INFO - Started process (PID=9154) to work on /usr/local/lib/python3.10/dist-packages/airflow/example_dags/plugins/workday.py
[2022-06-14 18:58:35,765] {processor.py:641} INFO - Processing file /usr/local/lib/python3.10/dist-packages/airflow/example_dags/plugins/workday.py for tasks to queue
[2022-06-14 18:58:35,766] {logging_mixin.py:115} INFO - [2022-06-14 18:58:35,766] {dagbag.py:507} INFO - Filling up the DagBag from /usr/local/lib/python3.10/dist-packages/airflow/example_dags/plugins/workday.py
[2022-06-14 18:58:35,768] {processor.py:653} WARNING - No viable dags retrieved from /usr/local/lib/python3.10/dist-packages/airflow/example_dags/plugins/workday.py
[2022-06-14 18:58:35,778] {processor.py:161} INFO - Processing /usr/local/lib/python3.10/dist-packages/airflow/example_dags/plugins/workday.py took 0.016 seconds
[2022-06-14 18:59:10,706] {processor.py:153} INFO - Started process (PID=9208) to work on /usr/local/lib/python3.10/dist-packages/airflow/example_dags/plugins/workday.py
[2022-06-14 18:59:10,706] {processor.py:641} INFO - Processing file /usr/local/lib/python3.10/dist-packages/airflow/example_dags/plugins/workday.py for tasks to queue
[2022-06-14 18:59:10,707] {logging_mixin.py:115} INFO - [2022-06-14 18:59:10,707] {dagbag.py:507} INFO - Filling up the DagBag from /usr/local/lib/python3.10/dist-packages/airflow/example_dags/plugins/workday.py
[2022-06-14 18:59:10,709] {processor.py:653} WARNING - No viable dags retrieved from /usr/local/lib/python3.10/dist-packages/airflow/example_dags/plugins/workday.py
[2022-06-14 18:59:10,719] {processor.py:161} INFO - Processing /usr/local/lib/python3.10/dist-packages/airflow/example_dags/plugins/workday.py took 0.015 seconds
[2022-06-14 18:59:43,233] {processor.py:153} INFO - Started process (PID=9253) to work on /usr/local/lib/python3.10/dist-packages/airflow/example_dags/plugins/workday.py
[2022-06-14 18:59:43,233] {processor.py:641} INFO - Processing file /usr/local/lib/python3.10/dist-packages/airflow/example_dags/plugins/workday.py for tasks to queue
[2022-06-14 18:59:43,234] {logging_mixin.py:115} INFO - [2022-06-14 18:59:43,234] {dagbag.py:507} INFO - Filling up the DagBag from /usr/local/lib/python3.10/dist-packages/airflow/example_dags/plugins/workday.py
[2022-06-14 18:59:43,236] {processor.py:653} WARNING - No viable dags retrieved from /usr/local/lib/python3.10/dist-packages/airflow/example_dags/plugins/workday.py
[2022-06-14 18:59:43,247] {processor.py:161} INFO - Processing /usr/local/lib/python3.10/dist-packages/airflow/example_dags/plugins/workday.py took 0.017 seconds
[2022-06-14 19:00:18,301] {processor.py:153} INFO - Started process (PID=9322) to work on /usr/local/lib/python3.10/dist-packages/airflow/example_dags/plugins/workday.py
[2022-06-14 19:00:18,302] {processor.py:641} INFO - Processing file /usr/local/lib/python3.10/dist-packages/airflow/example_dags/plugins/workday.py for tasks to queue
[2022-06-14 19:00:18,302] {logging_mixin.py:115} INFO - [2022-06-14 19:00:18,302] {dagbag.py:507} INFO - Filling up the DagBag from /usr/local/lib/python3.10/dist-packages/airflow/example_dags/plugins/workday.py
[2022-06-14 19:00:18,304] {processor.py:653} WARNING - No viable dags retrieved from /usr/local/lib/python3.10/dist-packages/airflow/example_dags/plugins/workday.py
[2022-06-14 19:00:18,314] {processor.py:161} INFO - Processing /usr/local/lib/python3.10/dist-packages/airflow/example_dags/plugins/workday.py took 0.015 seconds
[2022-06-14 19:00:52,998] {processor.py:153} INFO - Started process (PID=9367) to work on /usr/local/lib/python3.10/dist-packages/airflow/example_dags/plugins/workday.py
[2022-06-14 19:00:52,999] {processor.py:641} INFO - Processing file /usr/local/lib/python3.10/dist-packages/airflow/example_dags/plugins/workday.py for tasks to queue
[2022-06-14 19:00:52,999] {logging_mixin.py:115} INFO - [2022-06-14 19:00:52,999] {dagbag.py:507} INFO - Filling up the DagBag from /usr/local/lib/python3.10/dist-packages/airflow/example_dags/plugins/workday.py
[2022-06-14 19:00:53,001] {processor.py:653} WARNING - No viable dags retrieved from /usr/local/lib/python3.10/dist-packages/airflow/example_dags/plugins/workday.py
[2022-06-14 19:00:53,011] {processor.py:161} INFO - Processing /usr/local/lib/python3.10/dist-packages/airflow/example_dags/plugins/workday.py took 0.015 seconds
[2022-06-14 19:01:27,018] {processor.py:153} INFO - Started process (PID=9416) to work on /usr/local/lib/python3.10/dist-packages/airflow/example_dags/plugins/workday.py
[2022-06-14 19:01:27,019] {processor.py:641} INFO - Processing file /usr/local/lib/python3.10/dist-packages/airflow/example_dags/plugins/workday.py for tasks to queue
[2022-06-14 19:01:27,019] {logging_mixin.py:115} INFO - [2022-06-14 19:01:27,019] {dagbag.py:507} INFO - Filling up the DagBag from /usr/local/lib/python3.10/dist-packages/airflow/example_dags/plugins/workday.py
[2022-06-14 19:01:27,021] {processor.py:653} WARNING - No viable dags retrieved from /usr/local/lib/python3.10/dist-packages/airflow/example_dags/plugins/workday.py
[2022-06-14 19:01:27,031] {processor.py:161} INFO - Processing /usr/local/lib/python3.10/dist-packages/airflow/example_dags/plugins/workday.py took 0.016 seconds
[2022-06-14 19:02:06,457] {processor.py:153} INFO - Started process (PID=9472) to work on /usr/local/lib/python3.10/dist-packages/airflow/example_dags/plugins/workday.py
[2022-06-14 19:02:06,458] {processor.py:641} INFO - Processing file /usr/local/lib/python3.10/dist-packages/airflow/example_dags/plugins/workday.py for tasks to queue
[2022-06-14 19:02:06,458] {logging_mixin.py:115} INFO - [2022-06-14 19:02:06,458] {dagbag.py:507} INFO - Filling up the DagBag from /usr/local/lib/python3.10/dist-packages/airflow/example_dags/plugins/workday.py
[2022-06-14 19:02:06,460] {processor.py:653} WARNING - No viable dags retrieved from /usr/local/lib/python3.10/dist-packages/airflow/example_dags/plugins/workday.py
[2022-06-14 19:02:06,470] {processor.py:161} INFO - Processing /usr/local/lib/python3.10/dist-packages/airflow/example_dags/plugins/workday.py took 0.016 seconds
[2022-06-14 19:02:41,420] {processor.py:153} INFO - Started process (PID=9517) to work on /usr/local/lib/python3.10/dist-packages/airflow/example_dags/plugins/workday.py
[2022-06-14 19:02:41,420] {processor.py:641} INFO - Processing file /usr/local/lib/python3.10/dist-packages/airflow/example_dags/plugins/workday.py for tasks to queue
[2022-06-14 19:02:41,421] {logging_mixin.py:115} INFO - [2022-06-14 19:02:41,421] {dagbag.py:507} INFO - Filling up the DagBag from /usr/local/lib/python3.10/dist-packages/airflow/example_dags/plugins/workday.py
[2022-06-14 19:02:41,423] {processor.py:653} WARNING - No viable dags retrieved from /usr/local/lib/python3.10/dist-packages/airflow/example_dags/plugins/workday.py
[2022-06-14 19:02:41,435] {processor.py:161} INFO - Processing /usr/local/lib/python3.10/dist-packages/airflow/example_dags/plugins/workday.py took 0.019 seconds
[2022-06-14 19:03:19,346] {processor.py:153} INFO - Started process (PID=9607) to work on /usr/local/lib/python3.10/dist-packages/airflow/example_dags/plugins/workday.py
[2022-06-14 19:03:19,346] {processor.py:641} INFO - Processing file /usr/local/lib/python3.10/dist-packages/airflow/example_dags/plugins/workday.py for tasks to queue
[2022-06-14 19:03:19,347] {logging_mixin.py:115} INFO - [2022-06-14 19:03:19,347] {dagbag.py:507} INFO - Filling up the DagBag from /usr/local/lib/python3.10/dist-packages/airflow/example_dags/plugins/workday.py
[2022-06-14 19:03:19,348] {processor.py:653} WARNING - No viable dags retrieved from /usr/local/lib/python3.10/dist-packages/airflow/example_dags/plugins/workday.py
[2022-06-14 19:03:19,359] {processor.py:161} INFO - Processing /usr/local/lib/python3.10/dist-packages/airflow/example_dags/plugins/workday.py took 0.016 seconds
[2022-06-14 19:03:55,345] {processor.py:153} INFO - Started process (PID=9656) to work on /usr/local/lib/python3.10/dist-packages/airflow/example_dags/plugins/workday.py
[2022-06-14 19:03:55,346] {processor.py:641} INFO - Processing file /usr/local/lib/python3.10/dist-packages/airflow/example_dags/plugins/workday.py for tasks to queue
[2022-06-14 19:03:55,346] {logging_mixin.py:115} INFO - [2022-06-14 19:03:55,346] {dagbag.py:507} INFO - Filling up the DagBag from /usr/local/lib/python3.10/dist-packages/airflow/example_dags/plugins/workday.py
[2022-06-14 19:03:55,348] {processor.py:653} WARNING - No viable dags retrieved from /usr/local/lib/python3.10/dist-packages/airflow/example_dags/plugins/workday.py
[2022-06-14 19:03:55,358] {processor.py:161} INFO - Processing /usr/local/lib/python3.10/dist-packages/airflow/example_dags/plugins/workday.py took 0.016 seconds
[2022-06-14 19:04:27,409] {processor.py:153} INFO - Started process (PID=9702) to work on /usr/local/lib/python3.10/dist-packages/airflow/example_dags/plugins/workday.py
[2022-06-14 19:04:27,409] {processor.py:641} INFO - Processing file /usr/local/lib/python3.10/dist-packages/airflow/example_dags/plugins/workday.py for tasks to queue
[2022-06-14 19:04:27,410] {logging_mixin.py:115} INFO - [2022-06-14 19:04:27,409] {dagbag.py:507} INFO - Filling up the DagBag from /usr/local/lib/python3.10/dist-packages/airflow/example_dags/plugins/workday.py
[2022-06-14 19:04:27,411] {processor.py:653} WARNING - No viable dags retrieved from /usr/local/lib/python3.10/dist-packages/airflow/example_dags/plugins/workday.py
[2022-06-14 19:04:27,422] {processor.py:161} INFO - Processing /usr/local/lib/python3.10/dist-packages/airflow/example_dags/plugins/workday.py took 0.016 seconds
[2022-06-14 19:05:03,924] {processor.py:153} INFO - Started process (PID=9748) to work on /usr/local/lib/python3.10/dist-packages/airflow/example_dags/plugins/workday.py
[2022-06-14 19:05:03,924] {processor.py:641} INFO - Processing file /usr/local/lib/python3.10/dist-packages/airflow/example_dags/plugins/workday.py for tasks to queue
[2022-06-14 19:05:03,925] {logging_mixin.py:115} INFO - [2022-06-14 19:05:03,925] {dagbag.py:507} INFO - Filling up the DagBag from /usr/local/lib/python3.10/dist-packages/airflow/example_dags/plugins/workday.py
[2022-06-14 19:05:03,926] {processor.py:653} WARNING - No viable dags retrieved from /usr/local/lib/python3.10/dist-packages/airflow/example_dags/plugins/workday.py
[2022-06-14 19:05:03,937] {processor.py:161} INFO - Processing /usr/local/lib/python3.10/dist-packages/airflow/example_dags/plugins/workday.py took 0.016 seconds
[2022-06-14 19:05:36,525] {processor.py:153} INFO - Started process (PID=9798) to work on /usr/local/lib/python3.10/dist-packages/airflow/example_dags/plugins/workday.py
[2022-06-14 19:05:36,526] {processor.py:641} INFO - Processing file /usr/local/lib/python3.10/dist-packages/airflow/example_dags/plugins/workday.py for tasks to queue
[2022-06-14 19:05:36,526] {logging_mixin.py:115} INFO - [2022-06-14 19:05:36,526] {dagbag.py:507} INFO - Filling up the DagBag from /usr/local/lib/python3.10/dist-packages/airflow/example_dags/plugins/workday.py
[2022-06-14 19:05:36,528] {processor.py:653} WARNING - No viable dags retrieved from /usr/local/lib/python3.10/dist-packages/airflow/example_dags/plugins/workday.py
[2022-06-14 19:05:36,539] {processor.py:161} INFO - Processing /usr/local/lib/python3.10/dist-packages/airflow/example_dags/plugins/workday.py took 0.016 seconds
[2022-06-14 19:06:14,447] {processor.py:153} INFO - Started process (PID=9848) to work on /usr/local/lib/python3.10/dist-packages/airflow/example_dags/plugins/workday.py
[2022-06-14 19:06:14,448] {processor.py:641} INFO - Processing file /usr/local/lib/python3.10/dist-packages/airflow/example_dags/plugins/workday.py for tasks to queue
[2022-06-14 19:06:14,448] {logging_mixin.py:115} INFO - [2022-06-14 19:06:14,448] {dagbag.py:507} INFO - Filling up the DagBag from /usr/local/lib/python3.10/dist-packages/airflow/example_dags/plugins/workday.py
[2022-06-14 19:06:14,450] {processor.py:653} WARNING - No viable dags retrieved from /usr/local/lib/python3.10/dist-packages/airflow/example_dags/plugins/workday.py
[2022-06-14 19:06:14,460] {processor.py:161} INFO - Processing /usr/local/lib/python3.10/dist-packages/airflow/example_dags/plugins/workday.py took 0.016 seconds
[2022-06-14 19:06:46,527] {processor.py:153} INFO - Started process (PID=9892) to work on /usr/local/lib/python3.10/dist-packages/airflow/example_dags/plugins/workday.py
[2022-06-14 19:06:46,528] {processor.py:641} INFO - Processing file /usr/local/lib/python3.10/dist-packages/airflow/example_dags/plugins/workday.py for tasks to queue
[2022-06-14 19:06:46,528] {logging_mixin.py:115} INFO - [2022-06-14 19:06:46,528] {dagbag.py:507} INFO - Filling up the DagBag from /usr/local/lib/python3.10/dist-packages/airflow/example_dags/plugins/workday.py
[2022-06-14 19:06:46,530] {processor.py:653} WARNING - No viable dags retrieved from /usr/local/lib/python3.10/dist-packages/airflow/example_dags/plugins/workday.py
[2022-06-14 19:06:46,540] {processor.py:161} INFO - Processing /usr/local/lib/python3.10/dist-packages/airflow/example_dags/plugins/workday.py took 0.016 seconds
[2022-06-14 19:07:25,682] {processor.py:153} INFO - Started process (PID=9949) to work on /usr/local/lib/python3.10/dist-packages/airflow/example_dags/plugins/workday.py
[2022-06-14 19:07:25,683] {processor.py:641} INFO - Processing file /usr/local/lib/python3.10/dist-packages/airflow/example_dags/plugins/workday.py for tasks to queue
[2022-06-14 19:07:25,683] {logging_mixin.py:115} INFO - [2022-06-14 19:07:25,683] {dagbag.py:507} INFO - Filling up the DagBag from /usr/local/lib/python3.10/dist-packages/airflow/example_dags/plugins/workday.py
[2022-06-14 19:07:25,685] {processor.py:653} WARNING - No viable dags retrieved from /usr/local/lib/python3.10/dist-packages/airflow/example_dags/plugins/workday.py
[2022-06-14 19:07:25,695] {processor.py:161} INFO - Processing /usr/local/lib/python3.10/dist-packages/airflow/example_dags/plugins/workday.py took 0.015 seconds
[2022-06-14 19:08:00,225] {processor.py:153} INFO - Started process (PID=10000) to work on /usr/local/lib/python3.10/dist-packages/airflow/example_dags/plugins/workday.py
[2022-06-14 19:08:00,226] {processor.py:641} INFO - Processing file /usr/local/lib/python3.10/dist-packages/airflow/example_dags/plugins/workday.py for tasks to queue
[2022-06-14 19:08:00,226] {logging_mixin.py:115} INFO - [2022-06-14 19:08:00,226] {dagbag.py:507} INFO - Filling up the DagBag from /usr/local/lib/python3.10/dist-packages/airflow/example_dags/plugins/workday.py
[2022-06-14 19:08:00,228] {processor.py:653} WARNING - No viable dags retrieved from /usr/local/lib/python3.10/dist-packages/airflow/example_dags/plugins/workday.py
[2022-06-14 19:08:00,238] {processor.py:161} INFO - Processing /usr/local/lib/python3.10/dist-packages/airflow/example_dags/plugins/workday.py took 0.016 seconds
[2022-06-14 19:08:38,951] {processor.py:153} INFO - Started process (PID=10048) to work on /usr/local/lib/python3.10/dist-packages/airflow/example_dags/plugins/workday.py
[2022-06-14 19:08:38,952] {processor.py:641} INFO - Processing file /usr/local/lib/python3.10/dist-packages/airflow/example_dags/plugins/workday.py for tasks to queue
[2022-06-14 19:08:38,952] {logging_mixin.py:115} INFO - [2022-06-14 19:08:38,952] {dagbag.py:507} INFO - Filling up the DagBag from /usr/local/lib/python3.10/dist-packages/airflow/example_dags/plugins/workday.py
[2022-06-14 19:08:38,954] {processor.py:653} WARNING - No viable dags retrieved from /usr/local/lib/python3.10/dist-packages/airflow/example_dags/plugins/workday.py
[2022-06-14 19:08:38,964] {processor.py:161} INFO - Processing /usr/local/lib/python3.10/dist-packages/airflow/example_dags/plugins/workday.py took 0.016 seconds
[2022-06-14 19:09:14,410] {processor.py:153} INFO - Started process (PID=10102) to work on /usr/local/lib/python3.10/dist-packages/airflow/example_dags/plugins/workday.py
[2022-06-14 19:09:14,411] {processor.py:641} INFO - Processing file /usr/local/lib/python3.10/dist-packages/airflow/example_dags/plugins/workday.py for tasks to queue
[2022-06-14 19:09:14,411] {logging_mixin.py:115} INFO - [2022-06-14 19:09:14,411] {dagbag.py:507} INFO - Filling up the DagBag from /usr/local/lib/python3.10/dist-packages/airflow/example_dags/plugins/workday.py
[2022-06-14 19:09:14,413] {processor.py:653} WARNING - No viable dags retrieved from /usr/local/lib/python3.10/dist-packages/airflow/example_dags/plugins/workday.py
[2022-06-14 19:09:14,423] {processor.py:161} INFO - Processing /usr/local/lib/python3.10/dist-packages/airflow/example_dags/plugins/workday.py took 0.016 seconds
[2022-06-14 19:09:49,510] {processor.py:153} INFO - Started process (PID=10150) to work on /usr/local/lib/python3.10/dist-packages/airflow/example_dags/plugins/workday.py
[2022-06-14 19:09:49,511] {processor.py:641} INFO - Processing file /usr/local/lib/python3.10/dist-packages/airflow/example_dags/plugins/workday.py for tasks to queue
[2022-06-14 19:09:49,511] {logging_mixin.py:115} INFO - [2022-06-14 19:09:49,511] {dagbag.py:507} INFO - Filling up the DagBag from /usr/local/lib/python3.10/dist-packages/airflow/example_dags/plugins/workday.py
[2022-06-14 19:09:49,513] {processor.py:653} WARNING - No viable dags retrieved from /usr/local/lib/python3.10/dist-packages/airflow/example_dags/plugins/workday.py
[2022-06-14 19:09:49,523] {processor.py:161} INFO - Processing /usr/local/lib/python3.10/dist-packages/airflow/example_dags/plugins/workday.py took 0.016 seconds
[2022-06-14 19:10:24,325] {processor.py:153} INFO - Started process (PID=10247) to work on /usr/local/lib/python3.10/dist-packages/airflow/example_dags/plugins/workday.py
[2022-06-14 19:10:24,326] {processor.py:641} INFO - Processing file /usr/local/lib/python3.10/dist-packages/airflow/example_dags/plugins/workday.py for tasks to queue
[2022-06-14 19:10:24,326] {logging_mixin.py:115} INFO - [2022-06-14 19:10:24,326] {dagbag.py:507} INFO - Filling up the DagBag from /usr/local/lib/python3.10/dist-packages/airflow/example_dags/plugins/workday.py
[2022-06-14 19:10:24,328] {processor.py:653} WARNING - No viable dags retrieved from /usr/local/lib/python3.10/dist-packages/airflow/example_dags/plugins/workday.py
[2022-06-14 19:10:24,338] {processor.py:161} INFO - Processing /usr/local/lib/python3.10/dist-packages/airflow/example_dags/plugins/workday.py took 0.015 seconds
