[2022-05-17 18:14:16,755] {taskinstance.py:1159} INFO - Dependencies all met for <TaskInstance: example_bash_operator.run_after_loop scheduled__2022-05-16T00:00:00+00:00 [queued]>
[2022-05-17 18:14:16,762] {taskinstance.py:1159} INFO - Dependencies all met for <TaskInstance: example_bash_operator.run_after_loop scheduled__2022-05-16T00:00:00+00:00 [queued]>
[2022-05-17 18:14:16,762] {taskinstance.py:1356} INFO - 
--------------------------------------------------------------------------------
[2022-05-17 18:14:16,762] {taskinstance.py:1357} INFO - Starting attempt 1 of 1
[2022-05-17 18:14:16,762] {taskinstance.py:1358} INFO - 
--------------------------------------------------------------------------------
[2022-05-17 18:14:16,783] {taskinstance.py:1377} INFO - Executing <Task(BashOperator): run_after_loop> on 2022-05-16 00:00:00+00:00
[2022-05-17 18:14:16,785] {standard_task_runner.py:52} INFO - Started process 4509 to run task
[2022-05-17 18:14:16,788] {standard_task_runner.py:79} INFO - Running: ['airflow', 'tasks', 'run', 'example_bash_operator', 'run_after_loop', 'scheduled__2022-05-16T00:00:00+00:00', '--job-id', '65', '--raw', '--subdir', '/usr/local/lib/python3.10/dist-packages/airflow/example_dags/example_bash_operator.py', '--cfg-path', '/tmp/tmpehirbpgr', '--error-file', '/tmp/tmphcm1bz78']
[2022-05-17 18:14:16,788] {standard_task_runner.py:80} INFO - Job 65: Subtask run_after_loop
[2022-05-17 18:14:16,827] {task_command.py:369} INFO - Running <TaskInstance: example_bash_operator.run_after_loop scheduled__2022-05-16T00:00:00+00:00 [running]> on host roshan-Latitude-E5440
[2022-05-17 18:14:16,882] {taskinstance.py:1569} INFO - Exporting the following env vars:
AIRFLOW_CTX_DAG_OWNER=airflow
AIRFLOW_CTX_DAG_ID=example_bash_operator
AIRFLOW_CTX_TASK_ID=run_after_loop
AIRFLOW_CTX_EXECUTION_DATE=2022-05-16T00:00:00+00:00
AIRFLOW_CTX_TRY_NUMBER=1
AIRFLOW_CTX_DAG_RUN_ID=scheduled__2022-05-16T00:00:00+00:00
[2022-05-17 18:14:16,883] {subprocess.py:62} INFO - Tmp dir root location: 
 /tmp
[2022-05-17 18:14:16,883] {subprocess.py:74} INFO - Running command: ['bash', '-c', 'echo 1']
[2022-05-17 18:14:16,888] {subprocess.py:85} INFO - Output:
[2022-05-17 18:14:16,889] {subprocess.py:92} INFO - 1
[2022-05-17 18:14:16,889] {subprocess.py:96} INFO - Command exited with return code 0
[2022-05-17 18:14:17,070] {taskinstance.py:1395} INFO - Marking task as SUCCESS. dag_id=example_bash_operator, task_id=run_after_loop, execution_date=20220516T000000, start_date=20220517T124416, end_date=20220517T124417
[2022-05-17 18:14:17,120] {local_task_job.py:156} INFO - Task exited with return code 0
[2022-05-17 18:14:17,144] {local_task_job.py:273} INFO - 0 downstream tasks scheduled from follow-on schedule check
