[2022-06-09 18:47:56,535] {processor.py:153} INFO - Started process (PID=30969) to work on /usr/local/lib/python3.10/dist-packages/airflow/example_dags/plugins/workday.py
[2022-06-09 18:47:56,535] {processor.py:641} INFO - Processing file /usr/local/lib/python3.10/dist-packages/airflow/example_dags/plugins/workday.py for tasks to queue
[2022-06-09 18:47:56,536] {logging_mixin.py:115} INFO - [2022-06-09 18:47:56,536] {dagbag.py:507} INFO - Filling up the DagBag from /usr/local/lib/python3.10/dist-packages/airflow/example_dags/plugins/workday.py
[2022-06-09 18:47:56,537] {processor.py:653} WARNING - No viable dags retrieved from /usr/local/lib/python3.10/dist-packages/airflow/example_dags/plugins/workday.py
[2022-06-09 18:47:56,546] {processor.py:161} INFO - Processing /usr/local/lib/python3.10/dist-packages/airflow/example_dags/plugins/workday.py took 0.014 seconds
[2022-06-09 18:48:31,983] {processor.py:153} INFO - Started process (PID=31077) to work on /usr/local/lib/python3.10/dist-packages/airflow/example_dags/plugins/workday.py
[2022-06-09 18:48:31,984] {processor.py:641} INFO - Processing file /usr/local/lib/python3.10/dist-packages/airflow/example_dags/plugins/workday.py for tasks to queue
[2022-06-09 18:48:31,985] {logging_mixin.py:115} INFO - [2022-06-09 18:48:31,984] {dagbag.py:507} INFO - Filling up the DagBag from /usr/local/lib/python3.10/dist-packages/airflow/example_dags/plugins/workday.py
[2022-06-09 18:48:31,986] {processor.py:653} WARNING - No viable dags retrieved from /usr/local/lib/python3.10/dist-packages/airflow/example_dags/plugins/workday.py
[2022-06-09 18:48:31,996] {processor.py:161} INFO - Processing /usr/local/lib/python3.10/dist-packages/airflow/example_dags/plugins/workday.py took 0.015 seconds
[2022-06-09 18:49:12,433] {processor.py:153} INFO - Started process (PID=31154) to work on /usr/local/lib/python3.10/dist-packages/airflow/example_dags/plugins/workday.py
[2022-06-09 18:49:12,434] {processor.py:641} INFO - Processing file /usr/local/lib/python3.10/dist-packages/airflow/example_dags/plugins/workday.py for tasks to queue
[2022-06-09 18:49:12,434] {logging_mixin.py:115} INFO - [2022-06-09 18:49:12,434] {dagbag.py:507} INFO - Filling up the DagBag from /usr/local/lib/python3.10/dist-packages/airflow/example_dags/plugins/workday.py
[2022-06-09 18:49:12,436] {processor.py:653} WARNING - No viable dags retrieved from /usr/local/lib/python3.10/dist-packages/airflow/example_dags/plugins/workday.py
[2022-06-09 18:49:12,445] {processor.py:161} INFO - Processing /usr/local/lib/python3.10/dist-packages/airflow/example_dags/plugins/workday.py took 0.014 seconds
[2022-06-09 18:49:48,644] {processor.py:153} INFO - Started process (PID=31196) to work on /usr/local/lib/python3.10/dist-packages/airflow/example_dags/plugins/workday.py
[2022-06-09 18:49:48,645] {processor.py:641} INFO - Processing file /usr/local/lib/python3.10/dist-packages/airflow/example_dags/plugins/workday.py for tasks to queue
[2022-06-09 18:49:48,646] {logging_mixin.py:115} INFO - [2022-06-09 18:49:48,646] {dagbag.py:507} INFO - Filling up the DagBag from /usr/local/lib/python3.10/dist-packages/airflow/example_dags/plugins/workday.py
[2022-06-09 18:49:48,648] {processor.py:653} WARNING - No viable dags retrieved from /usr/local/lib/python3.10/dist-packages/airflow/example_dags/plugins/workday.py
[2022-06-09 18:49:48,657] {processor.py:161} INFO - Processing /usr/local/lib/python3.10/dist-packages/airflow/example_dags/plugins/workday.py took 0.016 seconds
[2022-06-09 18:50:23,709] {processor.py:153} INFO - Started process (PID=31243) to work on /usr/local/lib/python3.10/dist-packages/airflow/example_dags/plugins/workday.py
[2022-06-09 18:50:23,709] {processor.py:641} INFO - Processing file /usr/local/lib/python3.10/dist-packages/airflow/example_dags/plugins/workday.py for tasks to queue
[2022-06-09 18:50:23,710] {logging_mixin.py:115} INFO - [2022-06-09 18:50:23,710] {dagbag.py:507} INFO - Filling up the DagBag from /usr/local/lib/python3.10/dist-packages/airflow/example_dags/plugins/workday.py
[2022-06-09 18:50:23,711] {processor.py:653} WARNING - No viable dags retrieved from /usr/local/lib/python3.10/dist-packages/airflow/example_dags/plugins/workday.py
[2022-06-09 18:50:23,721] {processor.py:161} INFO - Processing /usr/local/lib/python3.10/dist-packages/airflow/example_dags/plugins/workday.py took 0.014 seconds
[2022-06-09 18:51:00,905] {processor.py:153} INFO - Started process (PID=31284) to work on /usr/local/lib/python3.10/dist-packages/airflow/example_dags/plugins/workday.py
[2022-06-09 18:51:00,905] {processor.py:641} INFO - Processing file /usr/local/lib/python3.10/dist-packages/airflow/example_dags/plugins/workday.py for tasks to queue
[2022-06-09 18:51:00,906] {logging_mixin.py:115} INFO - [2022-06-09 18:51:00,905] {dagbag.py:507} INFO - Filling up the DagBag from /usr/local/lib/python3.10/dist-packages/airflow/example_dags/plugins/workday.py
[2022-06-09 18:51:00,907] {processor.py:653} WARNING - No viable dags retrieved from /usr/local/lib/python3.10/dist-packages/airflow/example_dags/plugins/workday.py
[2022-06-09 18:51:00,916] {processor.py:161} INFO - Processing /usr/local/lib/python3.10/dist-packages/airflow/example_dags/plugins/workday.py took 0.014 seconds
[2022-06-09 18:51:38,603] {processor.py:153} INFO - Started process (PID=31342) to work on /usr/local/lib/python3.10/dist-packages/airflow/example_dags/plugins/workday.py
[2022-06-09 18:51:38,604] {processor.py:641} INFO - Processing file /usr/local/lib/python3.10/dist-packages/airflow/example_dags/plugins/workday.py for tasks to queue
[2022-06-09 18:51:38,605] {logging_mixin.py:115} INFO - [2022-06-09 18:51:38,605] {dagbag.py:507} INFO - Filling up the DagBag from /usr/local/lib/python3.10/dist-packages/airflow/example_dags/plugins/workday.py
[2022-06-09 18:51:38,606] {processor.py:653} WARNING - No viable dags retrieved from /usr/local/lib/python3.10/dist-packages/airflow/example_dags/plugins/workday.py
[2022-06-09 18:51:38,617] {processor.py:161} INFO - Processing /usr/local/lib/python3.10/dist-packages/airflow/example_dags/plugins/workday.py took 0.016 seconds
[2022-06-09 18:52:33,342] {processor.py:153} INFO - Started process (PID=31413) to work on /usr/local/lib/python3.10/dist-packages/airflow/example_dags/plugins/workday.py
[2022-06-09 18:52:33,344] {processor.py:641} INFO - Processing file /usr/local/lib/python3.10/dist-packages/airflow/example_dags/plugins/workday.py for tasks to queue
[2022-06-09 18:52:33,344] {logging_mixin.py:115} INFO - [2022-06-09 18:52:33,344] {dagbag.py:507} INFO - Filling up the DagBag from /usr/local/lib/python3.10/dist-packages/airflow/example_dags/plugins/workday.py
[2022-06-09 18:52:33,346] {processor.py:653} WARNING - No viable dags retrieved from /usr/local/lib/python3.10/dist-packages/airflow/example_dags/plugins/workday.py
[2022-06-09 18:52:33,355] {processor.py:161} INFO - Processing /usr/local/lib/python3.10/dist-packages/airflow/example_dags/plugins/workday.py took 0.016 seconds
[2022-06-09 18:53:07,199] {processor.py:153} INFO - Started process (PID=31469) to work on /usr/local/lib/python3.10/dist-packages/airflow/example_dags/plugins/workday.py
[2022-06-09 18:53:07,200] {processor.py:641} INFO - Processing file /usr/local/lib/python3.10/dist-packages/airflow/example_dags/plugins/workday.py for tasks to queue
[2022-06-09 18:53:07,201] {logging_mixin.py:115} INFO - [2022-06-09 18:53:07,200] {dagbag.py:507} INFO - Filling up the DagBag from /usr/local/lib/python3.10/dist-packages/airflow/example_dags/plugins/workday.py
[2022-06-09 18:53:07,202] {processor.py:653} WARNING - No viable dags retrieved from /usr/local/lib/python3.10/dist-packages/airflow/example_dags/plugins/workday.py
[2022-06-09 18:53:07,211] {processor.py:161} INFO - Processing /usr/local/lib/python3.10/dist-packages/airflow/example_dags/plugins/workday.py took 0.014 seconds
[2022-06-09 18:53:42,138] {processor.py:153} INFO - Started process (PID=31509) to work on /usr/local/lib/python3.10/dist-packages/airflow/example_dags/plugins/workday.py
[2022-06-09 18:53:42,139] {processor.py:641} INFO - Processing file /usr/local/lib/python3.10/dist-packages/airflow/example_dags/plugins/workday.py for tasks to queue
[2022-06-09 18:53:42,139] {logging_mixin.py:115} INFO - [2022-06-09 18:53:42,139] {dagbag.py:507} INFO - Filling up the DagBag from /usr/local/lib/python3.10/dist-packages/airflow/example_dags/plugins/workday.py
[2022-06-09 18:53:42,141] {processor.py:653} WARNING - No viable dags retrieved from /usr/local/lib/python3.10/dist-packages/airflow/example_dags/plugins/workday.py
[2022-06-09 18:53:42,150] {processor.py:161} INFO - Processing /usr/local/lib/python3.10/dist-packages/airflow/example_dags/plugins/workday.py took 0.014 seconds
[2022-06-09 18:54:14,234] {processor.py:153} INFO - Started process (PID=31549) to work on /usr/local/lib/python3.10/dist-packages/airflow/example_dags/plugins/workday.py
[2022-06-09 18:54:14,234] {processor.py:641} INFO - Processing file /usr/local/lib/python3.10/dist-packages/airflow/example_dags/plugins/workday.py for tasks to queue
[2022-06-09 18:54:14,235] {logging_mixin.py:115} INFO - [2022-06-09 18:54:14,235] {dagbag.py:507} INFO - Filling up the DagBag from /usr/local/lib/python3.10/dist-packages/airflow/example_dags/plugins/workday.py
[2022-06-09 18:54:14,237] {processor.py:653} WARNING - No viable dags retrieved from /usr/local/lib/python3.10/dist-packages/airflow/example_dags/plugins/workday.py
[2022-06-09 18:54:14,246] {processor.py:161} INFO - Processing /usr/local/lib/python3.10/dist-packages/airflow/example_dags/plugins/workday.py took 0.015 seconds
[2022-06-09 18:54:48,022] {processor.py:153} INFO - Started process (PID=31583) to work on /usr/local/lib/python3.10/dist-packages/airflow/example_dags/plugins/workday.py
[2022-06-09 18:54:48,023] {processor.py:641} INFO - Processing file /usr/local/lib/python3.10/dist-packages/airflow/example_dags/plugins/workday.py for tasks to queue
[2022-06-09 18:54:48,023] {logging_mixin.py:115} INFO - [2022-06-09 18:54:48,023] {dagbag.py:507} INFO - Filling up the DagBag from /usr/local/lib/python3.10/dist-packages/airflow/example_dags/plugins/workday.py
[2022-06-09 18:54:48,025] {processor.py:653} WARNING - No viable dags retrieved from /usr/local/lib/python3.10/dist-packages/airflow/example_dags/plugins/workday.py
[2022-06-09 18:54:48,034] {processor.py:161} INFO - Processing /usr/local/lib/python3.10/dist-packages/airflow/example_dags/plugins/workday.py took 0.014 seconds
[2022-06-09 18:55:20,089] {processor.py:153} INFO - Started process (PID=31625) to work on /usr/local/lib/python3.10/dist-packages/airflow/example_dags/plugins/workday.py
[2022-06-09 18:55:20,090] {processor.py:641} INFO - Processing file /usr/local/lib/python3.10/dist-packages/airflow/example_dags/plugins/workday.py for tasks to queue
[2022-06-09 18:55:20,090] {logging_mixin.py:115} INFO - [2022-06-09 18:55:20,090] {dagbag.py:507} INFO - Filling up the DagBag from /usr/local/lib/python3.10/dist-packages/airflow/example_dags/plugins/workday.py
[2022-06-09 18:55:20,092] {processor.py:653} WARNING - No viable dags retrieved from /usr/local/lib/python3.10/dist-packages/airflow/example_dags/plugins/workday.py
[2022-06-09 18:55:20,101] {processor.py:161} INFO - Processing /usr/local/lib/python3.10/dist-packages/airflow/example_dags/plugins/workday.py took 0.014 seconds
[2022-06-09 18:55:53,156] {processor.py:153} INFO - Started process (PID=31664) to work on /usr/local/lib/python3.10/dist-packages/airflow/example_dags/plugins/workday.py
[2022-06-09 18:55:53,156] {processor.py:641} INFO - Processing file /usr/local/lib/python3.10/dist-packages/airflow/example_dags/plugins/workday.py for tasks to queue
[2022-06-09 18:55:53,157] {logging_mixin.py:115} INFO - [2022-06-09 18:55:53,157] {dagbag.py:507} INFO - Filling up the DagBag from /usr/local/lib/python3.10/dist-packages/airflow/example_dags/plugins/workday.py
[2022-06-09 18:55:53,158] {processor.py:653} WARNING - No viable dags retrieved from /usr/local/lib/python3.10/dist-packages/airflow/example_dags/plugins/workday.py
[2022-06-09 18:55:53,168] {processor.py:161} INFO - Processing /usr/local/lib/python3.10/dist-packages/airflow/example_dags/plugins/workday.py took 0.014 seconds
[2022-06-09 18:56:28,308] {processor.py:153} INFO - Started process (PID=31709) to work on /usr/local/lib/python3.10/dist-packages/airflow/example_dags/plugins/workday.py
[2022-06-09 18:56:28,309] {processor.py:641} INFO - Processing file /usr/local/lib/python3.10/dist-packages/airflow/example_dags/plugins/workday.py for tasks to queue
[2022-06-09 18:56:28,309] {logging_mixin.py:115} INFO - [2022-06-09 18:56:28,309] {dagbag.py:507} INFO - Filling up the DagBag from /usr/local/lib/python3.10/dist-packages/airflow/example_dags/plugins/workday.py
[2022-06-09 18:56:28,311] {processor.py:653} WARNING - No viable dags retrieved from /usr/local/lib/python3.10/dist-packages/airflow/example_dags/plugins/workday.py
[2022-06-09 18:56:28,320] {processor.py:161} INFO - Processing /usr/local/lib/python3.10/dist-packages/airflow/example_dags/plugins/workday.py took 0.015 seconds
[2022-06-09 18:57:01,245] {processor.py:153} INFO - Started process (PID=31745) to work on /usr/local/lib/python3.10/dist-packages/airflow/example_dags/plugins/workday.py
[2022-06-09 18:57:01,245] {processor.py:641} INFO - Processing file /usr/local/lib/python3.10/dist-packages/airflow/example_dags/plugins/workday.py for tasks to queue
[2022-06-09 18:57:01,246] {logging_mixin.py:115} INFO - [2022-06-09 18:57:01,246] {dagbag.py:507} INFO - Filling up the DagBag from /usr/local/lib/python3.10/dist-packages/airflow/example_dags/plugins/workday.py
[2022-06-09 18:57:01,248] {processor.py:653} WARNING - No viable dags retrieved from /usr/local/lib/python3.10/dist-packages/airflow/example_dags/plugins/workday.py
[2022-06-09 18:57:01,261] {processor.py:161} INFO - Processing /usr/local/lib/python3.10/dist-packages/airflow/example_dags/plugins/workday.py took 0.019 seconds
[2022-06-09 18:57:35,078] {processor.py:153} INFO - Started process (PID=31787) to work on /usr/local/lib/python3.10/dist-packages/airflow/example_dags/plugins/workday.py
[2022-06-09 18:57:35,078] {processor.py:641} INFO - Processing file /usr/local/lib/python3.10/dist-packages/airflow/example_dags/plugins/workday.py for tasks to queue
[2022-06-09 18:57:35,079] {logging_mixin.py:115} INFO - [2022-06-09 18:57:35,079] {dagbag.py:507} INFO - Filling up the DagBag from /usr/local/lib/python3.10/dist-packages/airflow/example_dags/plugins/workday.py
[2022-06-09 18:57:35,081] {processor.py:653} WARNING - No viable dags retrieved from /usr/local/lib/python3.10/dist-packages/airflow/example_dags/plugins/workday.py
[2022-06-09 18:57:35,094] {processor.py:161} INFO - Processing /usr/local/lib/python3.10/dist-packages/airflow/example_dags/plugins/workday.py took 0.019 seconds
[2022-06-09 18:58:08,502] {processor.py:153} INFO - Started process (PID=31828) to work on /usr/local/lib/python3.10/dist-packages/airflow/example_dags/plugins/workday.py
[2022-06-09 18:58:08,503] {processor.py:641} INFO - Processing file /usr/local/lib/python3.10/dist-packages/airflow/example_dags/plugins/workday.py for tasks to queue
[2022-06-09 18:58:08,503] {logging_mixin.py:115} INFO - [2022-06-09 18:58:08,503] {dagbag.py:507} INFO - Filling up the DagBag from /usr/local/lib/python3.10/dist-packages/airflow/example_dags/plugins/workday.py
[2022-06-09 18:58:08,505] {processor.py:653} WARNING - No viable dags retrieved from /usr/local/lib/python3.10/dist-packages/airflow/example_dags/plugins/workday.py
[2022-06-09 18:58:08,514] {processor.py:161} INFO - Processing /usr/local/lib/python3.10/dist-packages/airflow/example_dags/plugins/workday.py took 0.015 seconds
[2022-06-09 18:58:42,178] {processor.py:153} INFO - Started process (PID=31880) to work on /usr/local/lib/python3.10/dist-packages/airflow/example_dags/plugins/workday.py
[2022-06-09 18:58:42,180] {processor.py:641} INFO - Processing file /usr/local/lib/python3.10/dist-packages/airflow/example_dags/plugins/workday.py for tasks to queue
[2022-06-09 18:58:42,180] {logging_mixin.py:115} INFO - [2022-06-09 18:58:42,180] {dagbag.py:507} INFO - Filling up the DagBag from /usr/local/lib/python3.10/dist-packages/airflow/example_dags/plugins/workday.py
[2022-06-09 18:58:42,182] {processor.py:653} WARNING - No viable dags retrieved from /usr/local/lib/python3.10/dist-packages/airflow/example_dags/plugins/workday.py
[2022-06-09 18:58:42,191] {processor.py:161} INFO - Processing /usr/local/lib/python3.10/dist-packages/airflow/example_dags/plugins/workday.py took 0.016 seconds
[2022-06-09 18:59:17,584] {processor.py:153} INFO - Started process (PID=31926) to work on /usr/local/lib/python3.10/dist-packages/airflow/example_dags/plugins/workday.py
[2022-06-09 18:59:17,585] {processor.py:641} INFO - Processing file /usr/local/lib/python3.10/dist-packages/airflow/example_dags/plugins/workday.py for tasks to queue
[2022-06-09 18:59:17,586] {logging_mixin.py:115} INFO - [2022-06-09 18:59:17,585] {dagbag.py:507} INFO - Filling up the DagBag from /usr/local/lib/python3.10/dist-packages/airflow/example_dags/plugins/workday.py
[2022-06-09 18:59:17,587] {processor.py:653} WARNING - No viable dags retrieved from /usr/local/lib/python3.10/dist-packages/airflow/example_dags/plugins/workday.py
[2022-06-09 18:59:17,597] {processor.py:161} INFO - Processing /usr/local/lib/python3.10/dist-packages/airflow/example_dags/plugins/workday.py took 0.015 seconds
[2022-06-09 18:59:54,829] {processor.py:153} INFO - Started process (PID=31970) to work on /usr/local/lib/python3.10/dist-packages/airflow/example_dags/plugins/workday.py
[2022-06-09 18:59:54,830] {processor.py:641} INFO - Processing file /usr/local/lib/python3.10/dist-packages/airflow/example_dags/plugins/workday.py for tasks to queue
[2022-06-09 18:59:54,830] {logging_mixin.py:115} INFO - [2022-06-09 18:59:54,830] {dagbag.py:507} INFO - Filling up the DagBag from /usr/local/lib/python3.10/dist-packages/airflow/example_dags/plugins/workday.py
[2022-06-09 18:59:54,832] {processor.py:653} WARNING - No viable dags retrieved from /usr/local/lib/python3.10/dist-packages/airflow/example_dags/plugins/workday.py
[2022-06-09 18:59:54,841] {processor.py:161} INFO - Processing /usr/local/lib/python3.10/dist-packages/airflow/example_dags/plugins/workday.py took 0.014 seconds
[2022-06-09 19:00:29,793] {processor.py:153} INFO - Started process (PID=32011) to work on /usr/local/lib/python3.10/dist-packages/airflow/example_dags/plugins/workday.py
[2022-06-09 19:00:29,794] {processor.py:641} INFO - Processing file /usr/local/lib/python3.10/dist-packages/airflow/example_dags/plugins/workday.py for tasks to queue
[2022-06-09 19:00:29,794] {logging_mixin.py:115} INFO - [2022-06-09 19:00:29,794] {dagbag.py:507} INFO - Filling up the DagBag from /usr/local/lib/python3.10/dist-packages/airflow/example_dags/plugins/workday.py
[2022-06-09 19:00:29,796] {processor.py:653} WARNING - No viable dags retrieved from /usr/local/lib/python3.10/dist-packages/airflow/example_dags/plugins/workday.py
[2022-06-09 19:00:29,806] {processor.py:161} INFO - Processing /usr/local/lib/python3.10/dist-packages/airflow/example_dags/plugins/workday.py took 0.015 seconds
[2022-06-09 19:01:05,913] {processor.py:153} INFO - Started process (PID=32055) to work on /usr/local/lib/python3.10/dist-packages/airflow/example_dags/plugins/workday.py
[2022-06-09 19:01:05,914] {processor.py:641} INFO - Processing file /usr/local/lib/python3.10/dist-packages/airflow/example_dags/plugins/workday.py for tasks to queue
[2022-06-09 19:01:05,915] {logging_mixin.py:115} INFO - [2022-06-09 19:01:05,914] {dagbag.py:507} INFO - Filling up the DagBag from /usr/local/lib/python3.10/dist-packages/airflow/example_dags/plugins/workday.py
[2022-06-09 19:01:05,916] {processor.py:653} WARNING - No viable dags retrieved from /usr/local/lib/python3.10/dist-packages/airflow/example_dags/plugins/workday.py
[2022-06-09 19:01:05,926] {processor.py:161} INFO - Processing /usr/local/lib/python3.10/dist-packages/airflow/example_dags/plugins/workday.py took 0.015 seconds
[2022-06-09 19:01:39,076] {processor.py:153} INFO - Started process (PID=32092) to work on /usr/local/lib/python3.10/dist-packages/airflow/example_dags/plugins/workday.py
[2022-06-09 19:01:39,077] {processor.py:641} INFO - Processing file /usr/local/lib/python3.10/dist-packages/airflow/example_dags/plugins/workday.py for tasks to queue
[2022-06-09 19:01:39,077] {logging_mixin.py:115} INFO - [2022-06-09 19:01:39,077] {dagbag.py:507} INFO - Filling up the DagBag from /usr/local/lib/python3.10/dist-packages/airflow/example_dags/plugins/workday.py
[2022-06-09 19:01:39,079] {processor.py:653} WARNING - No viable dags retrieved from /usr/local/lib/python3.10/dist-packages/airflow/example_dags/plugins/workday.py
[2022-06-09 19:01:39,088] {processor.py:161} INFO - Processing /usr/local/lib/python3.10/dist-packages/airflow/example_dags/plugins/workday.py took 0.015 seconds
[2022-06-09 19:02:11,915] {processor.py:153} INFO - Started process (PID=32137) to work on /usr/local/lib/python3.10/dist-packages/airflow/example_dags/plugins/workday.py
[2022-06-09 19:02:11,916] {processor.py:641} INFO - Processing file /usr/local/lib/python3.10/dist-packages/airflow/example_dags/plugins/workday.py for tasks to queue
[2022-06-09 19:02:11,916] {logging_mixin.py:115} INFO - [2022-06-09 19:02:11,916] {dagbag.py:507} INFO - Filling up the DagBag from /usr/local/lib/python3.10/dist-packages/airflow/example_dags/plugins/workday.py
[2022-06-09 19:02:11,918] {processor.py:653} WARNING - No viable dags retrieved from /usr/local/lib/python3.10/dist-packages/airflow/example_dags/plugins/workday.py
[2022-06-09 19:02:11,928] {processor.py:161} INFO - Processing /usr/local/lib/python3.10/dist-packages/airflow/example_dags/plugins/workday.py took 0.015 seconds
[2022-06-09 19:02:50,486] {processor.py:153} INFO - Started process (PID=32185) to work on /usr/local/lib/python3.10/dist-packages/airflow/example_dags/plugins/workday.py
[2022-06-09 19:02:50,487] {processor.py:641} INFO - Processing file /usr/local/lib/python3.10/dist-packages/airflow/example_dags/plugins/workday.py for tasks to queue
[2022-06-09 19:02:50,487] {logging_mixin.py:115} INFO - [2022-06-09 19:02:50,487] {dagbag.py:507} INFO - Filling up the DagBag from /usr/local/lib/python3.10/dist-packages/airflow/example_dags/plugins/workday.py
[2022-06-09 19:02:50,489] {processor.py:653} WARNING - No viable dags retrieved from /usr/local/lib/python3.10/dist-packages/airflow/example_dags/plugins/workday.py
[2022-06-09 19:02:50,499] {processor.py:161} INFO - Processing /usr/local/lib/python3.10/dist-packages/airflow/example_dags/plugins/workday.py took 0.015 seconds
[2022-06-09 19:03:26,577] {processor.py:153} INFO - Started process (PID=32234) to work on /usr/local/lib/python3.10/dist-packages/airflow/example_dags/plugins/workday.py
[2022-06-09 19:03:26,578] {processor.py:641} INFO - Processing file /usr/local/lib/python3.10/dist-packages/airflow/example_dags/plugins/workday.py for tasks to queue
[2022-06-09 19:03:26,578] {logging_mixin.py:115} INFO - [2022-06-09 19:03:26,578] {dagbag.py:507} INFO - Filling up the DagBag from /usr/local/lib/python3.10/dist-packages/airflow/example_dags/plugins/workday.py
[2022-06-09 19:03:26,580] {processor.py:653} WARNING - No viable dags retrieved from /usr/local/lib/python3.10/dist-packages/airflow/example_dags/plugins/workday.py
[2022-06-09 19:03:26,591] {processor.py:161} INFO - Processing /usr/local/lib/python3.10/dist-packages/airflow/example_dags/plugins/workday.py took 0.017 seconds
[2022-06-09 19:04:04,378] {processor.py:153} INFO - Started process (PID=32281) to work on /usr/local/lib/python3.10/dist-packages/airflow/example_dags/plugins/workday.py
[2022-06-09 19:04:04,379] {processor.py:641} INFO - Processing file /usr/local/lib/python3.10/dist-packages/airflow/example_dags/plugins/workday.py for tasks to queue
[2022-06-09 19:04:04,379] {logging_mixin.py:115} INFO - [2022-06-09 19:04:04,379] {dagbag.py:507} INFO - Filling up the DagBag from /usr/local/lib/python3.10/dist-packages/airflow/example_dags/plugins/workday.py
[2022-06-09 19:04:04,381] {processor.py:653} WARNING - No viable dags retrieved from /usr/local/lib/python3.10/dist-packages/airflow/example_dags/plugins/workday.py
[2022-06-09 19:04:04,391] {processor.py:161} INFO - Processing /usr/local/lib/python3.10/dist-packages/airflow/example_dags/plugins/workday.py took 0.017 seconds
[2022-06-09 19:04:43,042] {processor.py:153} INFO - Started process (PID=32330) to work on /usr/local/lib/python3.10/dist-packages/airflow/example_dags/plugins/workday.py
[2022-06-09 19:04:43,043] {processor.py:641} INFO - Processing file /usr/local/lib/python3.10/dist-packages/airflow/example_dags/plugins/workday.py for tasks to queue
[2022-06-09 19:04:43,043] {logging_mixin.py:115} INFO - [2022-06-09 19:04:43,043] {dagbag.py:507} INFO - Filling up the DagBag from /usr/local/lib/python3.10/dist-packages/airflow/example_dags/plugins/workday.py
[2022-06-09 19:04:43,045] {processor.py:653} WARNING - No viable dags retrieved from /usr/local/lib/python3.10/dist-packages/airflow/example_dags/plugins/workday.py
[2022-06-09 19:04:43,059] {processor.py:161} INFO - Processing /usr/local/lib/python3.10/dist-packages/airflow/example_dags/plugins/workday.py took 0.019 seconds
[2022-06-09 19:05:18,950] {processor.py:153} INFO - Started process (PID=32370) to work on /usr/local/lib/python3.10/dist-packages/airflow/example_dags/plugins/workday.py
[2022-06-09 19:05:18,951] {processor.py:641} INFO - Processing file /usr/local/lib/python3.10/dist-packages/airflow/example_dags/plugins/workday.py for tasks to queue
[2022-06-09 19:05:18,951] {logging_mixin.py:115} INFO - [2022-06-09 19:05:18,951] {dagbag.py:507} INFO - Filling up the DagBag from /usr/local/lib/python3.10/dist-packages/airflow/example_dags/plugins/workday.py
[2022-06-09 19:05:18,953] {processor.py:653} WARNING - No viable dags retrieved from /usr/local/lib/python3.10/dist-packages/airflow/example_dags/plugins/workday.py
[2022-06-09 19:05:18,963] {processor.py:161} INFO - Processing /usr/local/lib/python3.10/dist-packages/airflow/example_dags/plugins/workday.py took 0.015 seconds
[2022-06-09 19:05:54,890] {processor.py:153} INFO - Started process (PID=32413) to work on /usr/local/lib/python3.10/dist-packages/airflow/example_dags/plugins/workday.py
[2022-06-09 19:05:54,891] {processor.py:641} INFO - Processing file /usr/local/lib/python3.10/dist-packages/airflow/example_dags/plugins/workday.py for tasks to queue
[2022-06-09 19:05:54,892] {logging_mixin.py:115} INFO - [2022-06-09 19:05:54,892] {dagbag.py:507} INFO - Filling up the DagBag from /usr/local/lib/python3.10/dist-packages/airflow/example_dags/plugins/workday.py
[2022-06-09 19:05:54,895] {processor.py:653} WARNING - No viable dags retrieved from /usr/local/lib/python3.10/dist-packages/airflow/example_dags/plugins/workday.py
[2022-06-09 19:05:54,907] {processor.py:161} INFO - Processing /usr/local/lib/python3.10/dist-packages/airflow/example_dags/plugins/workday.py took 0.019 seconds
[2022-06-09 19:06:27,465] {processor.py:153} INFO - Started process (PID=32459) to work on /usr/local/lib/python3.10/dist-packages/airflow/example_dags/plugins/workday.py
[2022-06-09 19:06:27,466] {processor.py:641} INFO - Processing file /usr/local/lib/python3.10/dist-packages/airflow/example_dags/plugins/workday.py for tasks to queue
[2022-06-09 19:06:27,466] {logging_mixin.py:115} INFO - [2022-06-09 19:06:27,466] {dagbag.py:507} INFO - Filling up the DagBag from /usr/local/lib/python3.10/dist-packages/airflow/example_dags/plugins/workday.py
[2022-06-09 19:06:27,468] {processor.py:653} WARNING - No viable dags retrieved from /usr/local/lib/python3.10/dist-packages/airflow/example_dags/plugins/workday.py
[2022-06-09 19:06:27,477] {processor.py:161} INFO - Processing /usr/local/lib/python3.10/dist-packages/airflow/example_dags/plugins/workday.py took 0.015 seconds
[2022-06-09 19:07:06,000] {processor.py:153} INFO - Started process (PID=32520) to work on /usr/local/lib/python3.10/dist-packages/airflow/example_dags/plugins/workday.py
[2022-06-09 19:07:06,000] {processor.py:641} INFO - Processing file /usr/local/lib/python3.10/dist-packages/airflow/example_dags/plugins/workday.py for tasks to queue
[2022-06-09 19:07:06,001] {logging_mixin.py:115} INFO - [2022-06-09 19:07:06,001] {dagbag.py:507} INFO - Filling up the DagBag from /usr/local/lib/python3.10/dist-packages/airflow/example_dags/plugins/workday.py
[2022-06-09 19:07:06,003] {processor.py:653} WARNING - No viable dags retrieved from /usr/local/lib/python3.10/dist-packages/airflow/example_dags/plugins/workday.py
[2022-06-09 19:07:06,015] {processor.py:161} INFO - Processing /usr/local/lib/python3.10/dist-packages/airflow/example_dags/plugins/workday.py took 0.017 seconds
[2022-06-09 19:07:40,948] {processor.py:153} INFO - Started process (PID=32578) to work on /usr/local/lib/python3.10/dist-packages/airflow/example_dags/plugins/workday.py
[2022-06-09 19:07:40,949] {processor.py:641} INFO - Processing file /usr/local/lib/python3.10/dist-packages/airflow/example_dags/plugins/workday.py for tasks to queue
[2022-06-09 19:07:40,949] {logging_mixin.py:115} INFO - [2022-06-09 19:07:40,949] {dagbag.py:507} INFO - Filling up the DagBag from /usr/local/lib/python3.10/dist-packages/airflow/example_dags/plugins/workday.py
[2022-06-09 19:07:40,951] {processor.py:653} WARNING - No viable dags retrieved from /usr/local/lib/python3.10/dist-packages/airflow/example_dags/plugins/workday.py
[2022-06-09 19:07:40,960] {processor.py:161} INFO - Processing /usr/local/lib/python3.10/dist-packages/airflow/example_dags/plugins/workday.py took 0.015 seconds
[2022-06-09 19:08:13,531] {processor.py:153} INFO - Started process (PID=32632) to work on /usr/local/lib/python3.10/dist-packages/airflow/example_dags/plugins/workday.py
[2022-06-09 19:08:13,531] {processor.py:641} INFO - Processing file /usr/local/lib/python3.10/dist-packages/airflow/example_dags/plugins/workday.py for tasks to queue
[2022-06-09 19:08:13,532] {logging_mixin.py:115} INFO - [2022-06-09 19:08:13,532] {dagbag.py:507} INFO - Filling up the DagBag from /usr/local/lib/python3.10/dist-packages/airflow/example_dags/plugins/workday.py
[2022-06-09 19:08:13,533] {processor.py:653} WARNING - No viable dags retrieved from /usr/local/lib/python3.10/dist-packages/airflow/example_dags/plugins/workday.py
[2022-06-09 19:08:13,543] {processor.py:161} INFO - Processing /usr/local/lib/python3.10/dist-packages/airflow/example_dags/plugins/workday.py took 0.014 seconds
[2022-06-09 19:08:45,732] {processor.py:153} INFO - Started process (PID=32668) to work on /usr/local/lib/python3.10/dist-packages/airflow/example_dags/plugins/workday.py
[2022-06-09 19:08:45,733] {processor.py:641} INFO - Processing file /usr/local/lib/python3.10/dist-packages/airflow/example_dags/plugins/workday.py for tasks to queue
[2022-06-09 19:08:45,733] {logging_mixin.py:115} INFO - [2022-06-09 19:08:45,733] {dagbag.py:507} INFO - Filling up the DagBag from /usr/local/lib/python3.10/dist-packages/airflow/example_dags/plugins/workday.py
[2022-06-09 19:08:45,735] {processor.py:653} WARNING - No viable dags retrieved from /usr/local/lib/python3.10/dist-packages/airflow/example_dags/plugins/workday.py
[2022-06-09 19:08:45,744] {processor.py:161} INFO - Processing /usr/local/lib/python3.10/dist-packages/airflow/example_dags/plugins/workday.py took 0.015 seconds
[2022-06-09 19:09:18,761] {processor.py:153} INFO - Started process (PID=32725) to work on /usr/local/lib/python3.10/dist-packages/airflow/example_dags/plugins/workday.py
[2022-06-09 19:09:18,761] {processor.py:641} INFO - Processing file /usr/local/lib/python3.10/dist-packages/airflow/example_dags/plugins/workday.py for tasks to queue
[2022-06-09 19:09:18,762] {logging_mixin.py:115} INFO - [2022-06-09 19:09:18,762] {dagbag.py:507} INFO - Filling up the DagBag from /usr/local/lib/python3.10/dist-packages/airflow/example_dags/plugins/workday.py
[2022-06-09 19:09:18,764] {processor.py:653} WARNING - No viable dags retrieved from /usr/local/lib/python3.10/dist-packages/airflow/example_dags/plugins/workday.py
[2022-06-09 19:09:18,774] {processor.py:161} INFO - Processing /usr/local/lib/python3.10/dist-packages/airflow/example_dags/plugins/workday.py took 0.017 seconds
[2022-06-09 19:09:51,419] {processor.py:153} INFO - Started process (PID=32770) to work on /usr/local/lib/python3.10/dist-packages/airflow/example_dags/plugins/workday.py
[2022-06-09 19:09:51,420] {processor.py:641} INFO - Processing file /usr/local/lib/python3.10/dist-packages/airflow/example_dags/plugins/workday.py for tasks to queue
[2022-06-09 19:09:51,420] {logging_mixin.py:115} INFO - [2022-06-09 19:09:51,420] {dagbag.py:507} INFO - Filling up the DagBag from /usr/local/lib/python3.10/dist-packages/airflow/example_dags/plugins/workday.py
[2022-06-09 19:09:51,422] {processor.py:653} WARNING - No viable dags retrieved from /usr/local/lib/python3.10/dist-packages/airflow/example_dags/plugins/workday.py
[2022-06-09 19:09:51,431] {processor.py:161} INFO - Processing /usr/local/lib/python3.10/dist-packages/airflow/example_dags/plugins/workday.py took 0.014 seconds
[2022-06-09 19:10:28,526] {processor.py:153} INFO - Started process (PID=32815) to work on /usr/local/lib/python3.10/dist-packages/airflow/example_dags/plugins/workday.py
[2022-06-09 19:10:28,527] {processor.py:641} INFO - Processing file /usr/local/lib/python3.10/dist-packages/airflow/example_dags/plugins/workday.py for tasks to queue
[2022-06-09 19:10:28,528] {logging_mixin.py:115} INFO - [2022-06-09 19:10:28,527] {dagbag.py:507} INFO - Filling up the DagBag from /usr/local/lib/python3.10/dist-packages/airflow/example_dags/plugins/workday.py
[2022-06-09 19:10:28,529] {processor.py:653} WARNING - No viable dags retrieved from /usr/local/lib/python3.10/dist-packages/airflow/example_dags/plugins/workday.py
[2022-06-09 19:10:28,538] {processor.py:161} INFO - Processing /usr/local/lib/python3.10/dist-packages/airflow/example_dags/plugins/workday.py took 0.014 seconds
[2022-06-09 19:10:59,975] {processor.py:153} INFO - Started process (PID=32854) to work on /usr/local/lib/python3.10/dist-packages/airflow/example_dags/plugins/workday.py
[2022-06-09 19:10:59,975] {processor.py:641} INFO - Processing file /usr/local/lib/python3.10/dist-packages/airflow/example_dags/plugins/workday.py for tasks to queue
[2022-06-09 19:10:59,976] {logging_mixin.py:115} INFO - [2022-06-09 19:10:59,976] {dagbag.py:507} INFO - Filling up the DagBag from /usr/local/lib/python3.10/dist-packages/airflow/example_dags/plugins/workday.py
[2022-06-09 19:10:59,977] {processor.py:653} WARNING - No viable dags retrieved from /usr/local/lib/python3.10/dist-packages/airflow/example_dags/plugins/workday.py
[2022-06-09 19:10:59,987] {processor.py:161} INFO - Processing /usr/local/lib/python3.10/dist-packages/airflow/example_dags/plugins/workday.py took 0.014 seconds
[2022-06-09 19:11:31,898] {processor.py:153} INFO - Started process (PID=32900) to work on /usr/local/lib/python3.10/dist-packages/airflow/example_dags/plugins/workday.py
[2022-06-09 19:11:31,899] {processor.py:641} INFO - Processing file /usr/local/lib/python3.10/dist-packages/airflow/example_dags/plugins/workday.py for tasks to queue
[2022-06-09 19:11:31,899] {logging_mixin.py:115} INFO - [2022-06-09 19:11:31,899] {dagbag.py:507} INFO - Filling up the DagBag from /usr/local/lib/python3.10/dist-packages/airflow/example_dags/plugins/workday.py
[2022-06-09 19:11:31,901] {processor.py:653} WARNING - No viable dags retrieved from /usr/local/lib/python3.10/dist-packages/airflow/example_dags/plugins/workday.py
[2022-06-09 19:11:31,917] {processor.py:161} INFO - Processing /usr/local/lib/python3.10/dist-packages/airflow/example_dags/plugins/workday.py took 0.022 seconds
[2022-06-09 19:12:09,082] {processor.py:153} INFO - Started process (PID=32940) to work on /usr/local/lib/python3.10/dist-packages/airflow/example_dags/plugins/workday.py
[2022-06-09 19:12:09,083] {processor.py:641} INFO - Processing file /usr/local/lib/python3.10/dist-packages/airflow/example_dags/plugins/workday.py for tasks to queue
[2022-06-09 19:12:09,083] {logging_mixin.py:115} INFO - [2022-06-09 19:12:09,083] {dagbag.py:507} INFO - Filling up the DagBag from /usr/local/lib/python3.10/dist-packages/airflow/example_dags/plugins/workday.py
[2022-06-09 19:12:09,085] {processor.py:653} WARNING - No viable dags retrieved from /usr/local/lib/python3.10/dist-packages/airflow/example_dags/plugins/workday.py
[2022-06-09 19:12:09,097] {processor.py:161} INFO - Processing /usr/local/lib/python3.10/dist-packages/airflow/example_dags/plugins/workday.py took 0.017 seconds
[2022-06-09 19:12:43,915] {processor.py:153} INFO - Started process (PID=32985) to work on /usr/local/lib/python3.10/dist-packages/airflow/example_dags/plugins/workday.py
[2022-06-09 19:12:43,916] {processor.py:641} INFO - Processing file /usr/local/lib/python3.10/dist-packages/airflow/example_dags/plugins/workday.py for tasks to queue
[2022-06-09 19:12:43,916] {logging_mixin.py:115} INFO - [2022-06-09 19:12:43,916] {dagbag.py:507} INFO - Filling up the DagBag from /usr/local/lib/python3.10/dist-packages/airflow/example_dags/plugins/workday.py
[2022-06-09 19:12:43,918] {processor.py:653} WARNING - No viable dags retrieved from /usr/local/lib/python3.10/dist-packages/airflow/example_dags/plugins/workday.py
[2022-06-09 19:12:43,927] {processor.py:161} INFO - Processing /usr/local/lib/python3.10/dist-packages/airflow/example_dags/plugins/workday.py took 0.015 seconds
[2022-06-09 19:13:18,585] {processor.py:153} INFO - Started process (PID=33031) to work on /usr/local/lib/python3.10/dist-packages/airflow/example_dags/plugins/workday.py
[2022-06-09 19:13:18,585] {processor.py:641} INFO - Processing file /usr/local/lib/python3.10/dist-packages/airflow/example_dags/plugins/workday.py for tasks to queue
[2022-06-09 19:13:18,586] {logging_mixin.py:115} INFO - [2022-06-09 19:13:18,586] {dagbag.py:507} INFO - Filling up the DagBag from /usr/local/lib/python3.10/dist-packages/airflow/example_dags/plugins/workday.py
[2022-06-09 19:13:18,588] {processor.py:653} WARNING - No viable dags retrieved from /usr/local/lib/python3.10/dist-packages/airflow/example_dags/plugins/workday.py
[2022-06-09 19:13:18,597] {processor.py:161} INFO - Processing /usr/local/lib/python3.10/dist-packages/airflow/example_dags/plugins/workday.py took 0.015 seconds
[2022-06-09 19:13:52,018] {processor.py:153} INFO - Started process (PID=33075) to work on /usr/local/lib/python3.10/dist-packages/airflow/example_dags/plugins/workday.py
[2022-06-09 19:13:52,019] {processor.py:641} INFO - Processing file /usr/local/lib/python3.10/dist-packages/airflow/example_dags/plugins/workday.py for tasks to queue
[2022-06-09 19:13:52,020] {logging_mixin.py:115} INFO - [2022-06-09 19:13:52,019] {dagbag.py:507} INFO - Filling up the DagBag from /usr/local/lib/python3.10/dist-packages/airflow/example_dags/plugins/workday.py
[2022-06-09 19:13:52,021] {processor.py:653} WARNING - No viable dags retrieved from /usr/local/lib/python3.10/dist-packages/airflow/example_dags/plugins/workday.py
[2022-06-09 19:13:52,031] {processor.py:161} INFO - Processing /usr/local/lib/python3.10/dist-packages/airflow/example_dags/plugins/workday.py took 0.015 seconds
[2022-06-09 19:14:30,943] {processor.py:153} INFO - Started process (PID=33125) to work on /usr/local/lib/python3.10/dist-packages/airflow/example_dags/plugins/workday.py
[2022-06-09 19:14:30,944] {processor.py:641} INFO - Processing file /usr/local/lib/python3.10/dist-packages/airflow/example_dags/plugins/workday.py for tasks to queue
[2022-06-09 19:14:30,944] {logging_mixin.py:115} INFO - [2022-06-09 19:14:30,944] {dagbag.py:507} INFO - Filling up the DagBag from /usr/local/lib/python3.10/dist-packages/airflow/example_dags/plugins/workday.py
[2022-06-09 19:14:30,946] {processor.py:653} WARNING - No viable dags retrieved from /usr/local/lib/python3.10/dist-packages/airflow/example_dags/plugins/workday.py
[2022-06-09 19:14:30,955] {processor.py:161} INFO - Processing /usr/local/lib/python3.10/dist-packages/airflow/example_dags/plugins/workday.py took 0.014 seconds
[2022-06-09 19:15:05,764] {processor.py:153} INFO - Started process (PID=33276) to work on /usr/local/lib/python3.10/dist-packages/airflow/example_dags/plugins/workday.py
[2022-06-09 19:15:05,764] {processor.py:641} INFO - Processing file /usr/local/lib/python3.10/dist-packages/airflow/example_dags/plugins/workday.py for tasks to queue
[2022-06-09 19:15:05,765] {logging_mixin.py:115} INFO - [2022-06-09 19:15:05,765] {dagbag.py:507} INFO - Filling up the DagBag from /usr/local/lib/python3.10/dist-packages/airflow/example_dags/plugins/workday.py
[2022-06-09 19:15:05,766] {processor.py:653} WARNING - No viable dags retrieved from /usr/local/lib/python3.10/dist-packages/airflow/example_dags/plugins/workday.py
[2022-06-09 19:15:05,776] {processor.py:161} INFO - Processing /usr/local/lib/python3.10/dist-packages/airflow/example_dags/plugins/workday.py took 0.015 seconds
[2022-06-09 19:15:42,275] {processor.py:153} INFO - Started process (PID=33323) to work on /usr/local/lib/python3.10/dist-packages/airflow/example_dags/plugins/workday.py
[2022-06-09 19:15:42,275] {processor.py:641} INFO - Processing file /usr/local/lib/python3.10/dist-packages/airflow/example_dags/plugins/workday.py for tasks to queue
[2022-06-09 19:15:42,276] {logging_mixin.py:115} INFO - [2022-06-09 19:15:42,276] {dagbag.py:507} INFO - Filling up the DagBag from /usr/local/lib/python3.10/dist-packages/airflow/example_dags/plugins/workday.py
[2022-06-09 19:15:42,277] {processor.py:653} WARNING - No viable dags retrieved from /usr/local/lib/python3.10/dist-packages/airflow/example_dags/plugins/workday.py
[2022-06-09 19:15:42,286] {processor.py:161} INFO - Processing /usr/local/lib/python3.10/dist-packages/airflow/example_dags/plugins/workday.py took 0.014 seconds
[2022-06-09 19:16:21,242] {processor.py:153} INFO - Started process (PID=33387) to work on /usr/local/lib/python3.10/dist-packages/airflow/example_dags/plugins/workday.py
[2022-06-09 19:16:21,243] {processor.py:641} INFO - Processing file /usr/local/lib/python3.10/dist-packages/airflow/example_dags/plugins/workday.py for tasks to queue
[2022-06-09 19:16:21,244] {logging_mixin.py:115} INFO - [2022-06-09 19:16:21,244] {dagbag.py:507} INFO - Filling up the DagBag from /usr/local/lib/python3.10/dist-packages/airflow/example_dags/plugins/workday.py
[2022-06-09 19:16:21,246] {processor.py:653} WARNING - No viable dags retrieved from /usr/local/lib/python3.10/dist-packages/airflow/example_dags/plugins/workday.py
[2022-06-09 19:16:21,257] {processor.py:161} INFO - Processing /usr/local/lib/python3.10/dist-packages/airflow/example_dags/plugins/workday.py took 0.018 seconds
[2022-06-09 19:16:58,397] {processor.py:153} INFO - Started process (PID=33447) to work on /usr/local/lib/python3.10/dist-packages/airflow/example_dags/plugins/workday.py
[2022-06-09 19:16:58,398] {processor.py:641} INFO - Processing file /usr/local/lib/python3.10/dist-packages/airflow/example_dags/plugins/workday.py for tasks to queue
[2022-06-09 19:16:58,398] {logging_mixin.py:115} INFO - [2022-06-09 19:16:58,398] {dagbag.py:507} INFO - Filling up the DagBag from /usr/local/lib/python3.10/dist-packages/airflow/example_dags/plugins/workday.py
[2022-06-09 19:16:58,400] {processor.py:653} WARNING - No viable dags retrieved from /usr/local/lib/python3.10/dist-packages/airflow/example_dags/plugins/workday.py
[2022-06-09 19:16:58,409] {processor.py:161} INFO - Processing /usr/local/lib/python3.10/dist-packages/airflow/example_dags/plugins/workday.py took 0.014 seconds
[2022-06-09 19:17:33,352] {processor.py:153} INFO - Started process (PID=33505) to work on /usr/local/lib/python3.10/dist-packages/airflow/example_dags/plugins/workday.py
[2022-06-09 19:17:33,353] {processor.py:641} INFO - Processing file /usr/local/lib/python3.10/dist-packages/airflow/example_dags/plugins/workday.py for tasks to queue
[2022-06-09 19:17:33,353] {logging_mixin.py:115} INFO - [2022-06-09 19:17:33,353] {dagbag.py:507} INFO - Filling up the DagBag from /usr/local/lib/python3.10/dist-packages/airflow/example_dags/plugins/workday.py
[2022-06-09 19:17:33,355] {processor.py:653} WARNING - No viable dags retrieved from /usr/local/lib/python3.10/dist-packages/airflow/example_dags/plugins/workday.py
[2022-06-09 19:17:33,364] {processor.py:161} INFO - Processing /usr/local/lib/python3.10/dist-packages/airflow/example_dags/plugins/workday.py took 0.015 seconds
[2022-06-09 19:18:05,292] {processor.py:153} INFO - Started process (PID=33591) to work on /usr/local/lib/python3.10/dist-packages/airflow/example_dags/plugins/workday.py
[2022-06-09 19:18:05,293] {processor.py:641} INFO - Processing file /usr/local/lib/python3.10/dist-packages/airflow/example_dags/plugins/workday.py for tasks to queue
[2022-06-09 19:18:05,293] {logging_mixin.py:115} INFO - [2022-06-09 19:18:05,293] {dagbag.py:507} INFO - Filling up the DagBag from /usr/local/lib/python3.10/dist-packages/airflow/example_dags/plugins/workday.py
[2022-06-09 19:18:05,295] {processor.py:653} WARNING - No viable dags retrieved from /usr/local/lib/python3.10/dist-packages/airflow/example_dags/plugins/workday.py
[2022-06-09 19:18:05,304] {processor.py:161} INFO - Processing /usr/local/lib/python3.10/dist-packages/airflow/example_dags/plugins/workday.py took 0.014 seconds
[2022-06-09 19:18:38,048] {processor.py:153} INFO - Started process (PID=33632) to work on /usr/local/lib/python3.10/dist-packages/airflow/example_dags/plugins/workday.py
[2022-06-09 19:18:38,048] {processor.py:641} INFO - Processing file /usr/local/lib/python3.10/dist-packages/airflow/example_dags/plugins/workday.py for tasks to queue
[2022-06-09 19:18:38,049] {logging_mixin.py:115} INFO - [2022-06-09 19:18:38,049] {dagbag.py:507} INFO - Filling up the DagBag from /usr/local/lib/python3.10/dist-packages/airflow/example_dags/plugins/workday.py
[2022-06-09 19:18:38,051] {processor.py:653} WARNING - No viable dags retrieved from /usr/local/lib/python3.10/dist-packages/airflow/example_dags/plugins/workday.py
[2022-06-09 19:18:38,061] {processor.py:161} INFO - Processing /usr/local/lib/python3.10/dist-packages/airflow/example_dags/plugins/workday.py took 0.015 seconds
[2022-06-09 19:19:10,425] {processor.py:153} INFO - Started process (PID=33717) to work on /usr/local/lib/python3.10/dist-packages/airflow/example_dags/plugins/workday.py
[2022-06-09 19:19:10,425] {processor.py:641} INFO - Processing file /usr/local/lib/python3.10/dist-packages/airflow/example_dags/plugins/workday.py for tasks to queue
[2022-06-09 19:19:10,426] {logging_mixin.py:115} INFO - [2022-06-09 19:19:10,426] {dagbag.py:507} INFO - Filling up the DagBag from /usr/local/lib/python3.10/dist-packages/airflow/example_dags/plugins/workday.py
[2022-06-09 19:19:10,428] {processor.py:653} WARNING - No viable dags retrieved from /usr/local/lib/python3.10/dist-packages/airflow/example_dags/plugins/workday.py
[2022-06-09 19:19:10,440] {processor.py:161} INFO - Processing /usr/local/lib/python3.10/dist-packages/airflow/example_dags/plugins/workday.py took 0.018 seconds
[2022-06-09 19:19:43,562] {processor.py:153} INFO - Started process (PID=33802) to work on /usr/local/lib/python3.10/dist-packages/airflow/example_dags/plugins/workday.py
[2022-06-09 19:19:43,563] {processor.py:641} INFO - Processing file /usr/local/lib/python3.10/dist-packages/airflow/example_dags/plugins/workday.py for tasks to queue
[2022-06-09 19:19:43,563] {logging_mixin.py:115} INFO - [2022-06-09 19:19:43,563] {dagbag.py:507} INFO - Filling up the DagBag from /usr/local/lib/python3.10/dist-packages/airflow/example_dags/plugins/workday.py
[2022-06-09 19:19:43,566] {processor.py:653} WARNING - No viable dags retrieved from /usr/local/lib/python3.10/dist-packages/airflow/example_dags/plugins/workday.py
[2022-06-09 19:19:43,581] {processor.py:161} INFO - Processing /usr/local/lib/python3.10/dist-packages/airflow/example_dags/plugins/workday.py took 0.022 seconds
[2022-06-09 19:20:16,109] {processor.py:153} INFO - Started process (PID=33839) to work on /usr/local/lib/python3.10/dist-packages/airflow/example_dags/plugins/workday.py
[2022-06-09 19:20:16,110] {processor.py:641} INFO - Processing file /usr/local/lib/python3.10/dist-packages/airflow/example_dags/plugins/workday.py for tasks to queue
[2022-06-09 19:20:16,111] {logging_mixin.py:115} INFO - [2022-06-09 19:20:16,111] {dagbag.py:507} INFO - Filling up the DagBag from /usr/local/lib/python3.10/dist-packages/airflow/example_dags/plugins/workday.py
[2022-06-09 19:20:16,112] {processor.py:653} WARNING - No viable dags retrieved from /usr/local/lib/python3.10/dist-packages/airflow/example_dags/plugins/workday.py
[2022-06-09 19:20:16,122] {processor.py:161} INFO - Processing /usr/local/lib/python3.10/dist-packages/airflow/example_dags/plugins/workday.py took 0.016 seconds
[2022-06-09 19:20:47,211] {processor.py:153} INFO - Started process (PID=33875) to work on /usr/local/lib/python3.10/dist-packages/airflow/example_dags/plugins/workday.py
[2022-06-09 19:20:47,212] {processor.py:641} INFO - Processing file /usr/local/lib/python3.10/dist-packages/airflow/example_dags/plugins/workday.py for tasks to queue
[2022-06-09 19:20:47,212] {logging_mixin.py:115} INFO - [2022-06-09 19:20:47,212] {dagbag.py:507} INFO - Filling up the DagBag from /usr/local/lib/python3.10/dist-packages/airflow/example_dags/plugins/workday.py
[2022-06-09 19:20:47,214] {processor.py:653} WARNING - No viable dags retrieved from /usr/local/lib/python3.10/dist-packages/airflow/example_dags/plugins/workday.py
[2022-06-09 19:20:47,224] {processor.py:161} INFO - Processing /usr/local/lib/python3.10/dist-packages/airflow/example_dags/plugins/workday.py took 0.015 seconds
[2022-06-09 19:21:24,260] {processor.py:153} INFO - Started process (PID=33923) to work on /usr/local/lib/python3.10/dist-packages/airflow/example_dags/plugins/workday.py
[2022-06-09 19:21:24,261] {processor.py:641} INFO - Processing file /usr/local/lib/python3.10/dist-packages/airflow/example_dags/plugins/workday.py for tasks to queue
[2022-06-09 19:21:24,261] {logging_mixin.py:115} INFO - [2022-06-09 19:21:24,261] {dagbag.py:507} INFO - Filling up the DagBag from /usr/local/lib/python3.10/dist-packages/airflow/example_dags/plugins/workday.py
[2022-06-09 19:21:24,263] {processor.py:653} WARNING - No viable dags retrieved from /usr/local/lib/python3.10/dist-packages/airflow/example_dags/plugins/workday.py
[2022-06-09 19:21:24,272] {processor.py:161} INFO - Processing /usr/local/lib/python3.10/dist-packages/airflow/example_dags/plugins/workday.py took 0.015 seconds
[2022-06-09 19:22:03,908] {processor.py:153} INFO - Started process (PID=33995) to work on /usr/local/lib/python3.10/dist-packages/airflow/example_dags/plugins/workday.py
[2022-06-09 19:22:03,909] {processor.py:641} INFO - Processing file /usr/local/lib/python3.10/dist-packages/airflow/example_dags/plugins/workday.py for tasks to queue
[2022-06-09 19:22:03,909] {logging_mixin.py:115} INFO - [2022-06-09 19:22:03,909] {dagbag.py:507} INFO - Filling up the DagBag from /usr/local/lib/python3.10/dist-packages/airflow/example_dags/plugins/workday.py
[2022-06-09 19:22:03,911] {processor.py:653} WARNING - No viable dags retrieved from /usr/local/lib/python3.10/dist-packages/airflow/example_dags/plugins/workday.py
[2022-06-09 19:22:03,923] {processor.py:161} INFO - Processing /usr/local/lib/python3.10/dist-packages/airflow/example_dags/plugins/workday.py took 0.017 seconds
[2022-06-09 19:22:37,582] {processor.py:153} INFO - Started process (PID=34083) to work on /usr/local/lib/python3.10/dist-packages/airflow/example_dags/plugins/workday.py
[2022-06-09 19:22:37,583] {processor.py:641} INFO - Processing file /usr/local/lib/python3.10/dist-packages/airflow/example_dags/plugins/workday.py for tasks to queue
[2022-06-09 19:22:37,583] {logging_mixin.py:115} INFO - [2022-06-09 19:22:37,583] {dagbag.py:507} INFO - Filling up the DagBag from /usr/local/lib/python3.10/dist-packages/airflow/example_dags/plugins/workday.py
[2022-06-09 19:22:37,585] {processor.py:653} WARNING - No viable dags retrieved from /usr/local/lib/python3.10/dist-packages/airflow/example_dags/plugins/workday.py
[2022-06-09 19:22:37,597] {processor.py:161} INFO - Processing /usr/local/lib/python3.10/dist-packages/airflow/example_dags/plugins/workday.py took 0.017 seconds
[2022-06-09 19:23:09,600] {processor.py:153} INFO - Started process (PID=34212) to work on /usr/local/lib/python3.10/dist-packages/airflow/example_dags/plugins/workday.py
[2022-06-09 19:23:09,603] {processor.py:641} INFO - Processing file /usr/local/lib/python3.10/dist-packages/airflow/example_dags/plugins/workday.py for tasks to queue
[2022-06-09 19:23:09,604] {logging_mixin.py:115} INFO - [2022-06-09 19:23:09,604] {dagbag.py:507} INFO - Filling up the DagBag from /usr/local/lib/python3.10/dist-packages/airflow/example_dags/plugins/workday.py
[2022-06-09 19:23:09,607] {processor.py:653} WARNING - No viable dags retrieved from /usr/local/lib/python3.10/dist-packages/airflow/example_dags/plugins/workday.py
[2022-06-09 19:23:09,624] {processor.py:161} INFO - Processing /usr/local/lib/python3.10/dist-packages/airflow/example_dags/plugins/workday.py took 0.028 seconds
[2022-06-09 19:23:44,814] {processor.py:153} INFO - Started process (PID=34274) to work on /usr/local/lib/python3.10/dist-packages/airflow/example_dags/plugins/workday.py
[2022-06-09 19:23:44,815] {processor.py:641} INFO - Processing file /usr/local/lib/python3.10/dist-packages/airflow/example_dags/plugins/workday.py for tasks to queue
[2022-06-09 19:23:44,815] {logging_mixin.py:115} INFO - [2022-06-09 19:23:44,815] {dagbag.py:507} INFO - Filling up the DagBag from /usr/local/lib/python3.10/dist-packages/airflow/example_dags/plugins/workday.py
[2022-06-09 19:23:44,817] {processor.py:653} WARNING - No viable dags retrieved from /usr/local/lib/python3.10/dist-packages/airflow/example_dags/plugins/workday.py
[2022-06-09 19:23:44,831] {processor.py:161} INFO - Processing /usr/local/lib/python3.10/dist-packages/airflow/example_dags/plugins/workday.py took 0.020 seconds
[2022-06-09 19:24:18,080] {processor.py:153} INFO - Started process (PID=34318) to work on /usr/local/lib/python3.10/dist-packages/airflow/example_dags/plugins/workday.py
[2022-06-09 19:24:18,081] {processor.py:641} INFO - Processing file /usr/local/lib/python3.10/dist-packages/airflow/example_dags/plugins/workday.py for tasks to queue
[2022-06-09 19:24:18,081] {logging_mixin.py:115} INFO - [2022-06-09 19:24:18,081] {dagbag.py:507} INFO - Filling up the DagBag from /usr/local/lib/python3.10/dist-packages/airflow/example_dags/plugins/workday.py
[2022-06-09 19:24:18,083] {processor.py:653} WARNING - No viable dags retrieved from /usr/local/lib/python3.10/dist-packages/airflow/example_dags/plugins/workday.py
[2022-06-09 19:24:18,097] {processor.py:161} INFO - Processing /usr/local/lib/python3.10/dist-packages/airflow/example_dags/plugins/workday.py took 0.020 seconds
[2022-06-09 19:24:54,683] {processor.py:153} INFO - Started process (PID=34406) to work on /usr/local/lib/python3.10/dist-packages/airflow/example_dags/plugins/workday.py
[2022-06-09 19:24:54,684] {processor.py:641} INFO - Processing file /usr/local/lib/python3.10/dist-packages/airflow/example_dags/plugins/workday.py for tasks to queue
[2022-06-09 19:24:54,685] {logging_mixin.py:115} INFO - [2022-06-09 19:24:54,685] {dagbag.py:507} INFO - Filling up the DagBag from /usr/local/lib/python3.10/dist-packages/airflow/example_dags/plugins/workday.py
[2022-06-09 19:24:54,687] {processor.py:653} WARNING - No viable dags retrieved from /usr/local/lib/python3.10/dist-packages/airflow/example_dags/plugins/workday.py
[2022-06-09 19:24:54,696] {processor.py:161} INFO - Processing /usr/local/lib/python3.10/dist-packages/airflow/example_dags/plugins/workday.py took 0.015 seconds
[2022-06-09 19:25:27,952] {processor.py:153} INFO - Started process (PID=34448) to work on /usr/local/lib/python3.10/dist-packages/airflow/example_dags/plugins/workday.py
[2022-06-09 19:25:27,952] {processor.py:641} INFO - Processing file /usr/local/lib/python3.10/dist-packages/airflow/example_dags/plugins/workday.py for tasks to queue
[2022-06-09 19:25:27,953] {logging_mixin.py:115} INFO - [2022-06-09 19:25:27,953] {dagbag.py:507} INFO - Filling up the DagBag from /usr/local/lib/python3.10/dist-packages/airflow/example_dags/plugins/workday.py
[2022-06-09 19:25:27,954] {processor.py:653} WARNING - No viable dags retrieved from /usr/local/lib/python3.10/dist-packages/airflow/example_dags/plugins/workday.py
[2022-06-09 19:25:27,964] {processor.py:161} INFO - Processing /usr/local/lib/python3.10/dist-packages/airflow/example_dags/plugins/workday.py took 0.015 seconds
[2022-06-09 19:26:07,077] {processor.py:153} INFO - Started process (PID=34493) to work on /usr/local/lib/python3.10/dist-packages/airflow/example_dags/plugins/workday.py
[2022-06-09 19:26:07,078] {processor.py:641} INFO - Processing file /usr/local/lib/python3.10/dist-packages/airflow/example_dags/plugins/workday.py for tasks to queue
[2022-06-09 19:26:07,079] {logging_mixin.py:115} INFO - [2022-06-09 19:26:07,079] {dagbag.py:507} INFO - Filling up the DagBag from /usr/local/lib/python3.10/dist-packages/airflow/example_dags/plugins/workday.py
[2022-06-09 19:26:07,081] {processor.py:653} WARNING - No viable dags retrieved from /usr/local/lib/python3.10/dist-packages/airflow/example_dags/plugins/workday.py
[2022-06-09 19:26:07,094] {processor.py:161} INFO - Processing /usr/local/lib/python3.10/dist-packages/airflow/example_dags/plugins/workday.py took 0.020 seconds
[2022-06-09 19:26:43,164] {processor.py:153} INFO - Started process (PID=34546) to work on /usr/local/lib/python3.10/dist-packages/airflow/example_dags/plugins/workday.py
[2022-06-09 19:26:43,164] {processor.py:641} INFO - Processing file /usr/local/lib/python3.10/dist-packages/airflow/example_dags/plugins/workday.py for tasks to queue
[2022-06-09 19:26:43,165] {logging_mixin.py:115} INFO - [2022-06-09 19:26:43,165] {dagbag.py:507} INFO - Filling up the DagBag from /usr/local/lib/python3.10/dist-packages/airflow/example_dags/plugins/workday.py
[2022-06-09 19:26:43,167] {processor.py:653} WARNING - No viable dags retrieved from /usr/local/lib/python3.10/dist-packages/airflow/example_dags/plugins/workday.py
[2022-06-09 19:26:43,176] {processor.py:161} INFO - Processing /usr/local/lib/python3.10/dist-packages/airflow/example_dags/plugins/workday.py took 0.015 seconds
[2022-06-09 19:27:16,464] {processor.py:153} INFO - Started process (PID=34585) to work on /usr/local/lib/python3.10/dist-packages/airflow/example_dags/plugins/workday.py
[2022-06-09 19:27:16,464] {processor.py:641} INFO - Processing file /usr/local/lib/python3.10/dist-packages/airflow/example_dags/plugins/workday.py for tasks to queue
[2022-06-09 19:27:16,465] {logging_mixin.py:115} INFO - [2022-06-09 19:27:16,465] {dagbag.py:507} INFO - Filling up the DagBag from /usr/local/lib/python3.10/dist-packages/airflow/example_dags/plugins/workday.py
[2022-06-09 19:27:16,467] {processor.py:653} WARNING - No viable dags retrieved from /usr/local/lib/python3.10/dist-packages/airflow/example_dags/plugins/workday.py
[2022-06-09 19:27:16,480] {processor.py:161} INFO - Processing /usr/local/lib/python3.10/dist-packages/airflow/example_dags/plugins/workday.py took 0.018 seconds
[2022-06-09 19:27:49,796] {processor.py:153} INFO - Started process (PID=34626) to work on /usr/local/lib/python3.10/dist-packages/airflow/example_dags/plugins/workday.py
[2022-06-09 19:27:49,796] {processor.py:641} INFO - Processing file /usr/local/lib/python3.10/dist-packages/airflow/example_dags/plugins/workday.py for tasks to queue
[2022-06-09 19:27:49,797] {logging_mixin.py:115} INFO - [2022-06-09 19:27:49,797] {dagbag.py:507} INFO - Filling up the DagBag from /usr/local/lib/python3.10/dist-packages/airflow/example_dags/plugins/workday.py
[2022-06-09 19:27:49,798] {processor.py:653} WARNING - No viable dags retrieved from /usr/local/lib/python3.10/dist-packages/airflow/example_dags/plugins/workday.py
[2022-06-09 19:27:49,808] {processor.py:161} INFO - Processing /usr/local/lib/python3.10/dist-packages/airflow/example_dags/plugins/workday.py took 0.015 seconds
[2022-06-09 19:28:28,950] {processor.py:153} INFO - Started process (PID=34703) to work on /usr/local/lib/python3.10/dist-packages/airflow/example_dags/plugins/workday.py
[2022-06-09 19:28:28,951] {processor.py:641} INFO - Processing file /usr/local/lib/python3.10/dist-packages/airflow/example_dags/plugins/workday.py for tasks to queue
[2022-06-09 19:28:28,952] {logging_mixin.py:115} INFO - [2022-06-09 19:28:28,952] {dagbag.py:507} INFO - Filling up the DagBag from /usr/local/lib/python3.10/dist-packages/airflow/example_dags/plugins/workday.py
[2022-06-09 19:28:28,953] {processor.py:653} WARNING - No viable dags retrieved from /usr/local/lib/python3.10/dist-packages/airflow/example_dags/plugins/workday.py
[2022-06-09 19:28:28,963] {processor.py:161} INFO - Processing /usr/local/lib/python3.10/dist-packages/airflow/example_dags/plugins/workday.py took 0.015 seconds
[2022-06-09 19:29:08,051] {processor.py:153} INFO - Started process (PID=34759) to work on /usr/local/lib/python3.10/dist-packages/airflow/example_dags/plugins/workday.py
[2022-06-09 19:29:08,053] {processor.py:641} INFO - Processing file /usr/local/lib/python3.10/dist-packages/airflow/example_dags/plugins/workday.py for tasks to queue
[2022-06-09 19:29:08,054] {logging_mixin.py:115} INFO - [2022-06-09 19:29:08,054] {dagbag.py:507} INFO - Filling up the DagBag from /usr/local/lib/python3.10/dist-packages/airflow/example_dags/plugins/workday.py
[2022-06-09 19:29:08,057] {processor.py:653} WARNING - No viable dags retrieved from /usr/local/lib/python3.10/dist-packages/airflow/example_dags/plugins/workday.py
[2022-06-09 19:29:08,074] {processor.py:161} INFO - Processing /usr/local/lib/python3.10/dist-packages/airflow/example_dags/plugins/workday.py took 0.029 seconds
[2022-06-09 19:29:44,266] {processor.py:153} INFO - Started process (PID=34807) to work on /usr/local/lib/python3.10/dist-packages/airflow/example_dags/plugins/workday.py
[2022-06-09 19:29:44,266] {processor.py:641} INFO - Processing file /usr/local/lib/python3.10/dist-packages/airflow/example_dags/plugins/workday.py for tasks to queue
[2022-06-09 19:29:44,267] {logging_mixin.py:115} INFO - [2022-06-09 19:29:44,267] {dagbag.py:507} INFO - Filling up the DagBag from /usr/local/lib/python3.10/dist-packages/airflow/example_dags/plugins/workday.py
[2022-06-09 19:29:44,269] {processor.py:653} WARNING - No viable dags retrieved from /usr/local/lib/python3.10/dist-packages/airflow/example_dags/plugins/workday.py
[2022-06-09 19:29:44,278] {processor.py:161} INFO - Processing /usr/local/lib/python3.10/dist-packages/airflow/example_dags/plugins/workday.py took 0.015 seconds
[2022-06-09 19:30:17,468] {processor.py:153} INFO - Started process (PID=34893) to work on /usr/local/lib/python3.10/dist-packages/airflow/example_dags/plugins/workday.py
[2022-06-09 19:30:17,468] {processor.py:641} INFO - Processing file /usr/local/lib/python3.10/dist-packages/airflow/example_dags/plugins/workday.py for tasks to queue
[2022-06-09 19:30:17,468] {logging_mixin.py:115} INFO - [2022-06-09 19:30:17,468] {dagbag.py:507} INFO - Filling up the DagBag from /usr/local/lib/python3.10/dist-packages/airflow/example_dags/plugins/workday.py
[2022-06-09 19:30:17,470] {processor.py:653} WARNING - No viable dags retrieved from /usr/local/lib/python3.10/dist-packages/airflow/example_dags/plugins/workday.py
[2022-06-09 19:30:17,481] {processor.py:161} INFO - Processing /usr/local/lib/python3.10/dist-packages/airflow/example_dags/plugins/workday.py took 0.015 seconds
[2022-06-09 19:30:56,058] {processor.py:153} INFO - Started process (PID=34938) to work on /usr/local/lib/python3.10/dist-packages/airflow/example_dags/plugins/workday.py
[2022-06-09 19:30:56,059] {processor.py:641} INFO - Processing file /usr/local/lib/python3.10/dist-packages/airflow/example_dags/plugins/workday.py for tasks to queue
[2022-06-09 19:30:56,059] {logging_mixin.py:115} INFO - [2022-06-09 19:30:56,059] {dagbag.py:507} INFO - Filling up the DagBag from /usr/local/lib/python3.10/dist-packages/airflow/example_dags/plugins/workday.py
[2022-06-09 19:30:56,061] {processor.py:653} WARNING - No viable dags retrieved from /usr/local/lib/python3.10/dist-packages/airflow/example_dags/plugins/workday.py
[2022-06-09 19:30:56,070] {processor.py:161} INFO - Processing /usr/local/lib/python3.10/dist-packages/airflow/example_dags/plugins/workday.py took 0.014 seconds
[2022-06-09 19:31:32,097] {processor.py:153} INFO - Started process (PID=34990) to work on /usr/local/lib/python3.10/dist-packages/airflow/example_dags/plugins/workday.py
[2022-06-09 19:31:32,098] {processor.py:641} INFO - Processing file /usr/local/lib/python3.10/dist-packages/airflow/example_dags/plugins/workday.py for tasks to queue
[2022-06-09 19:31:32,098] {logging_mixin.py:115} INFO - [2022-06-09 19:31:32,098] {dagbag.py:507} INFO - Filling up the DagBag from /usr/local/lib/python3.10/dist-packages/airflow/example_dags/plugins/workday.py
[2022-06-09 19:31:32,100] {processor.py:653} WARNING - No viable dags retrieved from /usr/local/lib/python3.10/dist-packages/airflow/example_dags/plugins/workday.py
[2022-06-09 19:31:32,112] {processor.py:161} INFO - Processing /usr/local/lib/python3.10/dist-packages/airflow/example_dags/plugins/workday.py took 0.017 seconds
[2022-06-09 19:32:05,677] {processor.py:153} INFO - Started process (PID=35028) to work on /usr/local/lib/python3.10/dist-packages/airflow/example_dags/plugins/workday.py
[2022-06-09 19:32:05,677] {processor.py:641} INFO - Processing file /usr/local/lib/python3.10/dist-packages/airflow/example_dags/plugins/workday.py for tasks to queue
[2022-06-09 19:32:05,678] {logging_mixin.py:115} INFO - [2022-06-09 19:32:05,678] {dagbag.py:507} INFO - Filling up the DagBag from /usr/local/lib/python3.10/dist-packages/airflow/example_dags/plugins/workday.py
[2022-06-09 19:32:05,680] {processor.py:653} WARNING - No viable dags retrieved from /usr/local/lib/python3.10/dist-packages/airflow/example_dags/plugins/workday.py
[2022-06-09 19:32:05,689] {processor.py:161} INFO - Processing /usr/local/lib/python3.10/dist-packages/airflow/example_dags/plugins/workday.py took 0.015 seconds
[2022-06-09 19:32:40,873] {processor.py:153} INFO - Started process (PID=35244) to work on /usr/local/lib/python3.10/dist-packages/airflow/example_dags/plugins/workday.py
[2022-06-09 19:32:40,874] {processor.py:641} INFO - Processing file /usr/local/lib/python3.10/dist-packages/airflow/example_dags/plugins/workday.py for tasks to queue
[2022-06-09 19:32:40,875] {logging_mixin.py:115} INFO - [2022-06-09 19:32:40,875] {dagbag.py:507} INFO - Filling up the DagBag from /usr/local/lib/python3.10/dist-packages/airflow/example_dags/plugins/workday.py
[2022-06-09 19:32:40,876] {processor.py:653} WARNING - No viable dags retrieved from /usr/local/lib/python3.10/dist-packages/airflow/example_dags/plugins/workday.py
[2022-06-09 19:32:40,891] {processor.py:161} INFO - Processing /usr/local/lib/python3.10/dist-packages/airflow/example_dags/plugins/workday.py took 0.021 seconds
[2022-06-09 19:33:19,006] {processor.py:153} INFO - Started process (PID=35321) to work on /usr/local/lib/python3.10/dist-packages/airflow/example_dags/plugins/workday.py
[2022-06-09 19:33:19,007] {processor.py:641} INFO - Processing file /usr/local/lib/python3.10/dist-packages/airflow/example_dags/plugins/workday.py for tasks to queue
[2022-06-09 19:33:19,007] {logging_mixin.py:115} INFO - [2022-06-09 19:33:19,007] {dagbag.py:507} INFO - Filling up the DagBag from /usr/local/lib/python3.10/dist-packages/airflow/example_dags/plugins/workday.py
[2022-06-09 19:33:19,009] {processor.py:653} WARNING - No viable dags retrieved from /usr/local/lib/python3.10/dist-packages/airflow/example_dags/plugins/workday.py
[2022-06-09 19:33:19,019] {processor.py:161} INFO - Processing /usr/local/lib/python3.10/dist-packages/airflow/example_dags/plugins/workday.py took 0.015 seconds
[2022-06-09 19:33:57,162] {processor.py:153} INFO - Started process (PID=35385) to work on /usr/local/lib/python3.10/dist-packages/airflow/example_dags/plugins/workday.py
[2022-06-09 19:33:57,162] {processor.py:641} INFO - Processing file /usr/local/lib/python3.10/dist-packages/airflow/example_dags/plugins/workday.py for tasks to queue
[2022-06-09 19:33:57,163] {logging_mixin.py:115} INFO - [2022-06-09 19:33:57,163] {dagbag.py:507} INFO - Filling up the DagBag from /usr/local/lib/python3.10/dist-packages/airflow/example_dags/plugins/workday.py
[2022-06-09 19:33:57,165] {processor.py:653} WARNING - No viable dags retrieved from /usr/local/lib/python3.10/dist-packages/airflow/example_dags/plugins/workday.py
[2022-06-09 19:33:57,174] {processor.py:161} INFO - Processing /usr/local/lib/python3.10/dist-packages/airflow/example_dags/plugins/workday.py took 0.014 seconds
[2022-06-09 19:34:32,484] {processor.py:153} INFO - Started process (PID=35463) to work on /usr/local/lib/python3.10/dist-packages/airflow/example_dags/plugins/workday.py
[2022-06-09 19:34:32,484] {processor.py:641} INFO - Processing file /usr/local/lib/python3.10/dist-packages/airflow/example_dags/plugins/workday.py for tasks to queue
[2022-06-09 19:34:32,485] {logging_mixin.py:115} INFO - [2022-06-09 19:34:32,485] {dagbag.py:507} INFO - Filling up the DagBag from /usr/local/lib/python3.10/dist-packages/airflow/example_dags/plugins/workday.py
[2022-06-09 19:34:32,486] {processor.py:653} WARNING - No viable dags retrieved from /usr/local/lib/python3.10/dist-packages/airflow/example_dags/plugins/workday.py
[2022-06-09 19:34:32,496] {processor.py:161} INFO - Processing /usr/local/lib/python3.10/dist-packages/airflow/example_dags/plugins/workday.py took 0.014 seconds
[2022-06-09 19:35:05,296] {processor.py:153} INFO - Started process (PID=35561) to work on /usr/local/lib/python3.10/dist-packages/airflow/example_dags/plugins/workday.py
[2022-06-09 19:35:05,297] {processor.py:641} INFO - Processing file /usr/local/lib/python3.10/dist-packages/airflow/example_dags/plugins/workday.py for tasks to queue
[2022-06-09 19:35:05,298] {logging_mixin.py:115} INFO - [2022-06-09 19:35:05,298] {dagbag.py:507} INFO - Filling up the DagBag from /usr/local/lib/python3.10/dist-packages/airflow/example_dags/plugins/workday.py
[2022-06-09 19:35:05,300] {processor.py:653} WARNING - No viable dags retrieved from /usr/local/lib/python3.10/dist-packages/airflow/example_dags/plugins/workday.py
[2022-06-09 19:35:05,309] {processor.py:161} INFO - Processing /usr/local/lib/python3.10/dist-packages/airflow/example_dags/plugins/workday.py took 0.016 seconds
[2022-06-09 19:35:38,467] {processor.py:153} INFO - Started process (PID=35602) to work on /usr/local/lib/python3.10/dist-packages/airflow/example_dags/plugins/workday.py
[2022-06-09 19:35:38,468] {processor.py:641} INFO - Processing file /usr/local/lib/python3.10/dist-packages/airflow/example_dags/plugins/workday.py for tasks to queue
[2022-06-09 19:35:38,468] {logging_mixin.py:115} INFO - [2022-06-09 19:35:38,468] {dagbag.py:507} INFO - Filling up the DagBag from /usr/local/lib/python3.10/dist-packages/airflow/example_dags/plugins/workday.py
[2022-06-09 19:35:38,470] {processor.py:653} WARNING - No viable dags retrieved from /usr/local/lib/python3.10/dist-packages/airflow/example_dags/plugins/workday.py
[2022-06-09 19:35:38,480] {processor.py:161} INFO - Processing /usr/local/lib/python3.10/dist-packages/airflow/example_dags/plugins/workday.py took 0.015 seconds
[2022-06-09 19:36:13,528] {processor.py:153} INFO - Started process (PID=35650) to work on /usr/local/lib/python3.10/dist-packages/airflow/example_dags/plugins/workday.py
[2022-06-09 19:36:13,528] {processor.py:641} INFO - Processing file /usr/local/lib/python3.10/dist-packages/airflow/example_dags/plugins/workday.py for tasks to queue
[2022-06-09 19:36:13,529] {logging_mixin.py:115} INFO - [2022-06-09 19:36:13,529] {dagbag.py:507} INFO - Filling up the DagBag from /usr/local/lib/python3.10/dist-packages/airflow/example_dags/plugins/workday.py
[2022-06-09 19:36:13,532] {processor.py:653} WARNING - No viable dags retrieved from /usr/local/lib/python3.10/dist-packages/airflow/example_dags/plugins/workday.py
[2022-06-09 19:36:13,543] {processor.py:161} INFO - Processing /usr/local/lib/python3.10/dist-packages/airflow/example_dags/plugins/workday.py took 0.018 seconds
[2022-06-09 19:36:51,792] {processor.py:153} INFO - Started process (PID=35693) to work on /usr/local/lib/python3.10/dist-packages/airflow/example_dags/plugins/workday.py
[2022-06-09 19:36:51,793] {processor.py:641} INFO - Processing file /usr/local/lib/python3.10/dist-packages/airflow/example_dags/plugins/workday.py for tasks to queue
[2022-06-09 19:36:51,793] {logging_mixin.py:115} INFO - [2022-06-09 19:36:51,793] {dagbag.py:507} INFO - Filling up the DagBag from /usr/local/lib/python3.10/dist-packages/airflow/example_dags/plugins/workday.py
[2022-06-09 19:36:51,795] {processor.py:653} WARNING - No viable dags retrieved from /usr/local/lib/python3.10/dist-packages/airflow/example_dags/plugins/workday.py
[2022-06-09 19:36:51,804] {processor.py:161} INFO - Processing /usr/local/lib/python3.10/dist-packages/airflow/example_dags/plugins/workday.py took 0.014 seconds
[2022-06-09 19:37:28,796] {processor.py:153} INFO - Started process (PID=35781) to work on /usr/local/lib/python3.10/dist-packages/airflow/example_dags/plugins/workday.py
[2022-06-09 19:37:28,797] {processor.py:641} INFO - Processing file /usr/local/lib/python3.10/dist-packages/airflow/example_dags/plugins/workday.py for tasks to queue
[2022-06-09 19:37:28,797] {logging_mixin.py:115} INFO - [2022-06-09 19:37:28,797] {dagbag.py:507} INFO - Filling up the DagBag from /usr/local/lib/python3.10/dist-packages/airflow/example_dags/plugins/workday.py
[2022-06-09 19:37:28,799] {processor.py:653} WARNING - No viable dags retrieved from /usr/local/lib/python3.10/dist-packages/airflow/example_dags/plugins/workday.py
[2022-06-09 19:37:28,810] {processor.py:161} INFO - Processing /usr/local/lib/python3.10/dist-packages/airflow/example_dags/plugins/workday.py took 0.018 seconds
[2022-06-09 19:38:01,653] {processor.py:153} INFO - Started process (PID=35852) to work on /usr/local/lib/python3.10/dist-packages/airflow/example_dags/plugins/workday.py
[2022-06-09 19:38:01,654] {processor.py:641} INFO - Processing file /usr/local/lib/python3.10/dist-packages/airflow/example_dags/plugins/workday.py for tasks to queue
[2022-06-09 19:38:01,654] {logging_mixin.py:115} INFO - [2022-06-09 19:38:01,654] {dagbag.py:507} INFO - Filling up the DagBag from /usr/local/lib/python3.10/dist-packages/airflow/example_dags/plugins/workday.py
[2022-06-09 19:38:01,656] {processor.py:653} WARNING - No viable dags retrieved from /usr/local/lib/python3.10/dist-packages/airflow/example_dags/plugins/workday.py
[2022-06-09 19:38:01,668] {processor.py:161} INFO - Processing /usr/local/lib/python3.10/dist-packages/airflow/example_dags/plugins/workday.py took 0.018 seconds
[2022-06-09 19:38:40,704] {processor.py:153} INFO - Started process (PID=35924) to work on /usr/local/lib/python3.10/dist-packages/airflow/example_dags/plugins/workday.py
[2022-06-09 19:38:40,706] {processor.py:641} INFO - Processing file /usr/local/lib/python3.10/dist-packages/airflow/example_dags/plugins/workday.py for tasks to queue
[2022-06-09 19:38:40,707] {logging_mixin.py:115} INFO - [2022-06-09 19:38:40,707] {dagbag.py:507} INFO - Filling up the DagBag from /usr/local/lib/python3.10/dist-packages/airflow/example_dags/plugins/workday.py
[2022-06-09 19:38:40,709] {processor.py:653} WARNING - No viable dags retrieved from /usr/local/lib/python3.10/dist-packages/airflow/example_dags/plugins/workday.py
[2022-06-09 19:38:40,719] {processor.py:161} INFO - Processing /usr/local/lib/python3.10/dist-packages/airflow/example_dags/plugins/workday.py took 0.017 seconds
[2022-06-09 19:39:12,853] {processor.py:153} INFO - Started process (PID=36015) to work on /usr/local/lib/python3.10/dist-packages/airflow/example_dags/plugins/workday.py
[2022-06-09 19:39:12,853] {processor.py:641} INFO - Processing file /usr/local/lib/python3.10/dist-packages/airflow/example_dags/plugins/workday.py for tasks to queue
[2022-06-09 19:39:12,854] {logging_mixin.py:115} INFO - [2022-06-09 19:39:12,854] {dagbag.py:507} INFO - Filling up the DagBag from /usr/local/lib/python3.10/dist-packages/airflow/example_dags/plugins/workday.py
[2022-06-09 19:39:12,856] {processor.py:653} WARNING - No viable dags retrieved from /usr/local/lib/python3.10/dist-packages/airflow/example_dags/plugins/workday.py
[2022-06-09 19:39:12,865] {processor.py:161} INFO - Processing /usr/local/lib/python3.10/dist-packages/airflow/example_dags/plugins/workday.py took 0.016 seconds
[2022-06-09 19:39:52,096] {processor.py:153} INFO - Started process (PID=36067) to work on /usr/local/lib/python3.10/dist-packages/airflow/example_dags/plugins/workday.py
[2022-06-09 19:39:52,097] {processor.py:641} INFO - Processing file /usr/local/lib/python3.10/dist-packages/airflow/example_dags/plugins/workday.py for tasks to queue
[2022-06-09 19:39:52,097] {logging_mixin.py:115} INFO - [2022-06-09 19:39:52,097] {dagbag.py:507} INFO - Filling up the DagBag from /usr/local/lib/python3.10/dist-packages/airflow/example_dags/plugins/workday.py
[2022-06-09 19:39:52,100] {processor.py:653} WARNING - No viable dags retrieved from /usr/local/lib/python3.10/dist-packages/airflow/example_dags/plugins/workday.py
[2022-06-09 19:39:52,111] {processor.py:161} INFO - Processing /usr/local/lib/python3.10/dist-packages/airflow/example_dags/plugins/workday.py took 0.017 seconds
[2022-06-09 19:40:31,490] {processor.py:153} INFO - Started process (PID=36140) to work on /usr/local/lib/python3.10/dist-packages/airflow/example_dags/plugins/workday.py
[2022-06-09 19:40:31,491] {processor.py:641} INFO - Processing file /usr/local/lib/python3.10/dist-packages/airflow/example_dags/plugins/workday.py for tasks to queue
[2022-06-09 19:40:31,491] {logging_mixin.py:115} INFO - [2022-06-09 19:40:31,491] {dagbag.py:507} INFO - Filling up the DagBag from /usr/local/lib/python3.10/dist-packages/airflow/example_dags/plugins/workday.py
[2022-06-09 19:40:31,493] {processor.py:653} WARNING - No viable dags retrieved from /usr/local/lib/python3.10/dist-packages/airflow/example_dags/plugins/workday.py
[2022-06-09 19:40:31,503] {processor.py:161} INFO - Processing /usr/local/lib/python3.10/dist-packages/airflow/example_dags/plugins/workday.py took 0.015 seconds
[2022-06-09 19:41:05,401] {processor.py:153} INFO - Started process (PID=36185) to work on /usr/local/lib/python3.10/dist-packages/airflow/example_dags/plugins/workday.py
[2022-06-09 19:41:05,403] {processor.py:641} INFO - Processing file /usr/local/lib/python3.10/dist-packages/airflow/example_dags/plugins/workday.py for tasks to queue
[2022-06-09 19:41:05,404] {logging_mixin.py:115} INFO - [2022-06-09 19:41:05,404] {dagbag.py:507} INFO - Filling up the DagBag from /usr/local/lib/python3.10/dist-packages/airflow/example_dags/plugins/workday.py
[2022-06-09 19:41:05,407] {processor.py:653} WARNING - No viable dags retrieved from /usr/local/lib/python3.10/dist-packages/airflow/example_dags/plugins/workday.py
[2022-06-09 19:41:05,418] {processor.py:161} INFO - Processing /usr/local/lib/python3.10/dist-packages/airflow/example_dags/plugins/workday.py took 0.020 seconds
[2022-06-09 19:41:43,700] {processor.py:153} INFO - Started process (PID=36230) to work on /usr/local/lib/python3.10/dist-packages/airflow/example_dags/plugins/workday.py
[2022-06-09 19:41:43,700] {processor.py:641} INFO - Processing file /usr/local/lib/python3.10/dist-packages/airflow/example_dags/plugins/workday.py for tasks to queue
[2022-06-09 19:41:43,701] {logging_mixin.py:115} INFO - [2022-06-09 19:41:43,701] {dagbag.py:507} INFO - Filling up the DagBag from /usr/local/lib/python3.10/dist-packages/airflow/example_dags/plugins/workday.py
[2022-06-09 19:41:43,703] {processor.py:653} WARNING - No viable dags retrieved from /usr/local/lib/python3.10/dist-packages/airflow/example_dags/plugins/workday.py
[2022-06-09 19:41:43,713] {processor.py:161} INFO - Processing /usr/local/lib/python3.10/dist-packages/airflow/example_dags/plugins/workday.py took 0.016 seconds
[2022-06-09 19:42:20,414] {processor.py:153} INFO - Started process (PID=36287) to work on /usr/local/lib/python3.10/dist-packages/airflow/example_dags/plugins/workday.py
[2022-06-09 19:42:20,415] {processor.py:641} INFO - Processing file /usr/local/lib/python3.10/dist-packages/airflow/example_dags/plugins/workday.py for tasks to queue
[2022-06-09 19:42:20,415] {logging_mixin.py:115} INFO - [2022-06-09 19:42:20,415] {dagbag.py:507} INFO - Filling up the DagBag from /usr/local/lib/python3.10/dist-packages/airflow/example_dags/plugins/workday.py
[2022-06-09 19:42:20,417] {processor.py:653} WARNING - No viable dags retrieved from /usr/local/lib/python3.10/dist-packages/airflow/example_dags/plugins/workday.py
[2022-06-09 19:42:20,428] {processor.py:161} INFO - Processing /usr/local/lib/python3.10/dist-packages/airflow/example_dags/plugins/workday.py took 0.016 seconds
[2022-06-09 19:42:58,994] {processor.py:153} INFO - Started process (PID=36336) to work on /usr/local/lib/python3.10/dist-packages/airflow/example_dags/plugins/workday.py
[2022-06-09 19:42:58,994] {processor.py:641} INFO - Processing file /usr/local/lib/python3.10/dist-packages/airflow/example_dags/plugins/workday.py for tasks to queue
[2022-06-09 19:42:58,995] {logging_mixin.py:115} INFO - [2022-06-09 19:42:58,995] {dagbag.py:507} INFO - Filling up the DagBag from /usr/local/lib/python3.10/dist-packages/airflow/example_dags/plugins/workday.py
[2022-06-09 19:42:58,997] {processor.py:653} WARNING - No viable dags retrieved from /usr/local/lib/python3.10/dist-packages/airflow/example_dags/plugins/workday.py
[2022-06-09 19:42:59,007] {processor.py:161} INFO - Processing /usr/local/lib/python3.10/dist-packages/airflow/example_dags/plugins/workday.py took 0.016 seconds
[2022-06-09 19:43:34,139] {processor.py:153} INFO - Started process (PID=36376) to work on /usr/local/lib/python3.10/dist-packages/airflow/example_dags/plugins/workday.py
[2022-06-09 19:43:34,140] {processor.py:641} INFO - Processing file /usr/local/lib/python3.10/dist-packages/airflow/example_dags/plugins/workday.py for tasks to queue
[2022-06-09 19:43:34,140] {logging_mixin.py:115} INFO - [2022-06-09 19:43:34,140] {dagbag.py:507} INFO - Filling up the DagBag from /usr/local/lib/python3.10/dist-packages/airflow/example_dags/plugins/workday.py
[2022-06-09 19:43:34,142] {processor.py:653} WARNING - No viable dags retrieved from /usr/local/lib/python3.10/dist-packages/airflow/example_dags/plugins/workday.py
[2022-06-09 19:43:34,153] {processor.py:161} INFO - Processing /usr/local/lib/python3.10/dist-packages/airflow/example_dags/plugins/workday.py took 0.017 seconds
[2022-06-09 19:44:06,740] {processor.py:153} INFO - Started process (PID=36509) to work on /usr/local/lib/python3.10/dist-packages/airflow/example_dags/plugins/workday.py
[2022-06-09 19:44:06,743] {processor.py:641} INFO - Processing file /usr/local/lib/python3.10/dist-packages/airflow/example_dags/plugins/workday.py for tasks to queue
[2022-06-09 19:44:06,744] {logging_mixin.py:115} INFO - [2022-06-09 19:44:06,744] {dagbag.py:507} INFO - Filling up the DagBag from /usr/local/lib/python3.10/dist-packages/airflow/example_dags/plugins/workday.py
[2022-06-09 19:44:06,745] {processor.py:653} WARNING - No viable dags retrieved from /usr/local/lib/python3.10/dist-packages/airflow/example_dags/plugins/workday.py
[2022-06-09 19:44:06,755] {processor.py:161} INFO - Processing /usr/local/lib/python3.10/dist-packages/airflow/example_dags/plugins/workday.py took 0.018 seconds
[2022-06-09 19:44:38,820] {processor.py:153} INFO - Started process (PID=36597) to work on /usr/local/lib/python3.10/dist-packages/airflow/example_dags/plugins/workday.py
[2022-06-09 19:44:38,821] {processor.py:641} INFO - Processing file /usr/local/lib/python3.10/dist-packages/airflow/example_dags/plugins/workday.py for tasks to queue
[2022-06-09 19:44:38,822] {logging_mixin.py:115} INFO - [2022-06-09 19:44:38,821] {dagbag.py:507} INFO - Filling up the DagBag from /usr/local/lib/python3.10/dist-packages/airflow/example_dags/plugins/workday.py
[2022-06-09 19:44:38,823] {processor.py:653} WARNING - No viable dags retrieved from /usr/local/lib/python3.10/dist-packages/airflow/example_dags/plugins/workday.py
[2022-06-09 19:44:38,834] {processor.py:161} INFO - Processing /usr/local/lib/python3.10/dist-packages/airflow/example_dags/plugins/workday.py took 0.017 seconds
[2022-06-09 19:45:17,011] {processor.py:153} INFO - Started process (PID=36659) to work on /usr/local/lib/python3.10/dist-packages/airflow/example_dags/plugins/workday.py
[2022-06-09 19:45:17,012] {processor.py:641} INFO - Processing file /usr/local/lib/python3.10/dist-packages/airflow/example_dags/plugins/workday.py for tasks to queue
[2022-06-09 19:45:17,012] {logging_mixin.py:115} INFO - [2022-06-09 19:45:17,012] {dagbag.py:507} INFO - Filling up the DagBag from /usr/local/lib/python3.10/dist-packages/airflow/example_dags/plugins/workday.py
[2022-06-09 19:45:17,014] {processor.py:653} WARNING - No viable dags retrieved from /usr/local/lib/python3.10/dist-packages/airflow/example_dags/plugins/workday.py
[2022-06-09 19:45:17,025] {processor.py:161} INFO - Processing /usr/local/lib/python3.10/dist-packages/airflow/example_dags/plugins/workday.py took 0.016 seconds
[2022-06-09 19:45:54,422] {processor.py:153} INFO - Started process (PID=36756) to work on /usr/local/lib/python3.10/dist-packages/airflow/example_dags/plugins/workday.py
[2022-06-09 19:45:54,423] {processor.py:641} INFO - Processing file /usr/local/lib/python3.10/dist-packages/airflow/example_dags/plugins/workday.py for tasks to queue
[2022-06-09 19:45:54,423] {logging_mixin.py:115} INFO - [2022-06-09 19:45:54,423] {dagbag.py:507} INFO - Filling up the DagBag from /usr/local/lib/python3.10/dist-packages/airflow/example_dags/plugins/workday.py
[2022-06-09 19:45:54,425] {processor.py:653} WARNING - No viable dags retrieved from /usr/local/lib/python3.10/dist-packages/airflow/example_dags/plugins/workday.py
[2022-06-09 19:45:54,437] {processor.py:161} INFO - Processing /usr/local/lib/python3.10/dist-packages/airflow/example_dags/plugins/workday.py took 0.018 seconds
[2022-06-09 19:46:27,102] {processor.py:153} INFO - Started process (PID=36803) to work on /usr/local/lib/python3.10/dist-packages/airflow/example_dags/plugins/workday.py
[2022-06-09 19:46:27,103] {processor.py:641} INFO - Processing file /usr/local/lib/python3.10/dist-packages/airflow/example_dags/plugins/workday.py for tasks to queue
[2022-06-09 19:46:27,104] {logging_mixin.py:115} INFO - [2022-06-09 19:46:27,104] {dagbag.py:507} INFO - Filling up the DagBag from /usr/local/lib/python3.10/dist-packages/airflow/example_dags/plugins/workday.py
[2022-06-09 19:46:27,106] {processor.py:653} WARNING - No viable dags retrieved from /usr/local/lib/python3.10/dist-packages/airflow/example_dags/plugins/workday.py
[2022-06-09 19:46:27,117] {processor.py:161} INFO - Processing /usr/local/lib/python3.10/dist-packages/airflow/example_dags/plugins/workday.py took 0.018 seconds
[2022-06-09 19:46:58,669] {processor.py:153} INFO - Started process (PID=36887) to work on /usr/local/lib/python3.10/dist-packages/airflow/example_dags/plugins/workday.py
[2022-06-09 19:46:58,670] {processor.py:641} INFO - Processing file /usr/local/lib/python3.10/dist-packages/airflow/example_dags/plugins/workday.py for tasks to queue
[2022-06-09 19:46:58,671] {logging_mixin.py:115} INFO - [2022-06-09 19:46:58,671] {dagbag.py:507} INFO - Filling up the DagBag from /usr/local/lib/python3.10/dist-packages/airflow/example_dags/plugins/workday.py
[2022-06-09 19:46:58,673] {processor.py:653} WARNING - No viable dags retrieved from /usr/local/lib/python3.10/dist-packages/airflow/example_dags/plugins/workday.py
[2022-06-09 19:46:58,685] {processor.py:161} INFO - Processing /usr/local/lib/python3.10/dist-packages/airflow/example_dags/plugins/workday.py took 0.018 seconds
[2022-06-09 19:47:33,146] {processor.py:153} INFO - Started process (PID=36955) to work on /usr/local/lib/python3.10/dist-packages/airflow/example_dags/plugins/workday.py
[2022-06-09 19:47:33,147] {processor.py:641} INFO - Processing file /usr/local/lib/python3.10/dist-packages/airflow/example_dags/plugins/workday.py for tasks to queue
[2022-06-09 19:47:33,147] {logging_mixin.py:115} INFO - [2022-06-09 19:47:33,147] {dagbag.py:507} INFO - Filling up the DagBag from /usr/local/lib/python3.10/dist-packages/airflow/example_dags/plugins/workday.py
[2022-06-09 19:47:33,149] {processor.py:653} WARNING - No viable dags retrieved from /usr/local/lib/python3.10/dist-packages/airflow/example_dags/plugins/workday.py
[2022-06-09 19:47:33,161] {processor.py:161} INFO - Processing /usr/local/lib/python3.10/dist-packages/airflow/example_dags/plugins/workday.py took 0.017 seconds
[2022-06-09 19:48:10,947] {processor.py:153} INFO - Started process (PID=37043) to work on /usr/local/lib/python3.10/dist-packages/airflow/example_dags/plugins/workday.py
[2022-06-09 19:48:10,948] {processor.py:641} INFO - Processing file /usr/local/lib/python3.10/dist-packages/airflow/example_dags/plugins/workday.py for tasks to queue
[2022-06-09 19:48:10,948] {logging_mixin.py:115} INFO - [2022-06-09 19:48:10,948] {dagbag.py:507} INFO - Filling up the DagBag from /usr/local/lib/python3.10/dist-packages/airflow/example_dags/plugins/workday.py
[2022-06-09 19:48:10,950] {processor.py:653} WARNING - No viable dags retrieved from /usr/local/lib/python3.10/dist-packages/airflow/example_dags/plugins/workday.py
[2022-06-09 19:48:10,961] {processor.py:161} INFO - Processing /usr/local/lib/python3.10/dist-packages/airflow/example_dags/plugins/workday.py took 0.017 seconds
[2022-06-09 19:48:50,028] {processor.py:153} INFO - Started process (PID=37139) to work on /usr/local/lib/python3.10/dist-packages/airflow/example_dags/plugins/workday.py
[2022-06-09 19:48:50,028] {processor.py:641} INFO - Processing file /usr/local/lib/python3.10/dist-packages/airflow/example_dags/plugins/workday.py for tasks to queue
[2022-06-09 19:48:50,029] {logging_mixin.py:115} INFO - [2022-06-09 19:48:50,029] {dagbag.py:507} INFO - Filling up the DagBag from /usr/local/lib/python3.10/dist-packages/airflow/example_dags/plugins/workday.py
[2022-06-09 19:48:50,030] {processor.py:653} WARNING - No viable dags retrieved from /usr/local/lib/python3.10/dist-packages/airflow/example_dags/plugins/workday.py
[2022-06-09 19:48:50,040] {processor.py:161} INFO - Processing /usr/local/lib/python3.10/dist-packages/airflow/example_dags/plugins/workday.py took 0.015 seconds
[2022-06-09 19:49:22,745] {processor.py:153} INFO - Started process (PID=37227) to work on /usr/local/lib/python3.10/dist-packages/airflow/example_dags/plugins/workday.py
[2022-06-09 19:49:22,746] {processor.py:641} INFO - Processing file /usr/local/lib/python3.10/dist-packages/airflow/example_dags/plugins/workday.py for tasks to queue
[2022-06-09 19:49:22,746] {logging_mixin.py:115} INFO - [2022-06-09 19:49:22,746] {dagbag.py:507} INFO - Filling up the DagBag from /usr/local/lib/python3.10/dist-packages/airflow/example_dags/plugins/workday.py
[2022-06-09 19:49:22,748] {processor.py:653} WARNING - No viable dags retrieved from /usr/local/lib/python3.10/dist-packages/airflow/example_dags/plugins/workday.py
[2022-06-09 19:49:22,758] {processor.py:161} INFO - Processing /usr/local/lib/python3.10/dist-packages/airflow/example_dags/plugins/workday.py took 0.016 seconds
[2022-06-09 19:49:58,941] {processor.py:153} INFO - Started process (PID=37366) to work on /usr/local/lib/python3.10/dist-packages/airflow/example_dags/plugins/workday.py
[2022-06-09 19:49:58,941] {processor.py:641} INFO - Processing file /usr/local/lib/python3.10/dist-packages/airflow/example_dags/plugins/workday.py for tasks to queue
[2022-06-09 19:49:58,942] {logging_mixin.py:115} INFO - [2022-06-09 19:49:58,942] {dagbag.py:507} INFO - Filling up the DagBag from /usr/local/lib/python3.10/dist-packages/airflow/example_dags/plugins/workday.py
[2022-06-09 19:49:58,944] {processor.py:653} WARNING - No viable dags retrieved from /usr/local/lib/python3.10/dist-packages/airflow/example_dags/plugins/workday.py
[2022-06-09 19:49:58,955] {processor.py:161} INFO - Processing /usr/local/lib/python3.10/dist-packages/airflow/example_dags/plugins/workday.py took 0.016 seconds
[2022-06-09 19:50:31,593] {processor.py:153} INFO - Started process (PID=37568) to work on /usr/local/lib/python3.10/dist-packages/airflow/example_dags/plugins/workday.py
[2022-06-09 19:50:31,594] {processor.py:641} INFO - Processing file /usr/local/lib/python3.10/dist-packages/airflow/example_dags/plugins/workday.py for tasks to queue
[2022-06-09 19:50:31,595] {logging_mixin.py:115} INFO - [2022-06-09 19:50:31,594] {dagbag.py:507} INFO - Filling up the DagBag from /usr/local/lib/python3.10/dist-packages/airflow/example_dags/plugins/workday.py
[2022-06-09 19:50:31,599] {processor.py:653} WARNING - No viable dags retrieved from /usr/local/lib/python3.10/dist-packages/airflow/example_dags/plugins/workday.py
[2022-06-09 19:50:31,616] {processor.py:161} INFO - Processing /usr/local/lib/python3.10/dist-packages/airflow/example_dags/plugins/workday.py took 0.027 seconds
[2022-06-09 19:51:05,060] {processor.py:153} INFO - Started process (PID=37653) to work on /usr/local/lib/python3.10/dist-packages/airflow/example_dags/plugins/workday.py
[2022-06-09 19:51:05,061] {processor.py:641} INFO - Processing file /usr/local/lib/python3.10/dist-packages/airflow/example_dags/plugins/workday.py for tasks to queue
[2022-06-09 19:51:05,061] {logging_mixin.py:115} INFO - [2022-06-09 19:51:05,061] {dagbag.py:507} INFO - Filling up the DagBag from /usr/local/lib/python3.10/dist-packages/airflow/example_dags/plugins/workday.py
[2022-06-09 19:51:05,064] {processor.py:653} WARNING - No viable dags retrieved from /usr/local/lib/python3.10/dist-packages/airflow/example_dags/plugins/workday.py
[2022-06-09 19:51:05,075] {processor.py:161} INFO - Processing /usr/local/lib/python3.10/dist-packages/airflow/example_dags/plugins/workday.py took 0.018 seconds
[2022-06-09 19:51:41,149] {processor.py:153} INFO - Started process (PID=37779) to work on /usr/local/lib/python3.10/dist-packages/airflow/example_dags/plugins/workday.py
[2022-06-09 19:51:41,149] {processor.py:641} INFO - Processing file /usr/local/lib/python3.10/dist-packages/airflow/example_dags/plugins/workday.py for tasks to queue
[2022-06-09 19:51:41,150] {logging_mixin.py:115} INFO - [2022-06-09 19:51:41,150] {dagbag.py:507} INFO - Filling up the DagBag from /usr/local/lib/python3.10/dist-packages/airflow/example_dags/plugins/workday.py
[2022-06-09 19:51:41,152] {processor.py:653} WARNING - No viable dags retrieved from /usr/local/lib/python3.10/dist-packages/airflow/example_dags/plugins/workday.py
[2022-06-09 19:51:41,164] {processor.py:161} INFO - Processing /usr/local/lib/python3.10/dist-packages/airflow/example_dags/plugins/workday.py took 0.018 seconds
[2022-06-09 19:52:20,799] {processor.py:153} INFO - Started process (PID=37883) to work on /usr/local/lib/python3.10/dist-packages/airflow/example_dags/plugins/workday.py
[2022-06-09 19:52:20,838] {processor.py:641} INFO - Processing file /usr/local/lib/python3.10/dist-packages/airflow/example_dags/plugins/workday.py for tasks to queue
[2022-06-09 19:52:20,838] {logging_mixin.py:115} INFO - [2022-06-09 19:52:20,838] {dagbag.py:507} INFO - Filling up the DagBag from /usr/local/lib/python3.10/dist-packages/airflow/example_dags/plugins/workday.py
[2022-06-09 19:52:20,840] {processor.py:653} WARNING - No viable dags retrieved from /usr/local/lib/python3.10/dist-packages/airflow/example_dags/plugins/workday.py
[2022-06-09 19:52:20,851] {processor.py:161} INFO - Processing /usr/local/lib/python3.10/dist-packages/airflow/example_dags/plugins/workday.py took 0.054 seconds
[2022-06-09 19:53:01,295] {processor.py:153} INFO - Started process (PID=37986) to work on /usr/local/lib/python3.10/dist-packages/airflow/example_dags/plugins/workday.py
[2022-06-09 19:53:01,298] {processor.py:641} INFO - Processing file /usr/local/lib/python3.10/dist-packages/airflow/example_dags/plugins/workday.py for tasks to queue
[2022-06-09 19:53:01,300] {logging_mixin.py:115} INFO - [2022-06-09 19:53:01,299] {dagbag.py:507} INFO - Filling up the DagBag from /usr/local/lib/python3.10/dist-packages/airflow/example_dags/plugins/workday.py
[2022-06-09 19:53:01,304] {processor.py:653} WARNING - No viable dags retrieved from /usr/local/lib/python3.10/dist-packages/airflow/example_dags/plugins/workday.py
[2022-06-09 19:53:01,329] {processor.py:161} INFO - Processing /usr/local/lib/python3.10/dist-packages/airflow/example_dags/plugins/workday.py took 0.041 seconds
[2022-06-09 19:53:34,342] {processor.py:153} INFO - Started process (PID=38061) to work on /usr/local/lib/python3.10/dist-packages/airflow/example_dags/plugins/workday.py
[2022-06-09 19:53:34,343] {processor.py:641} INFO - Processing file /usr/local/lib/python3.10/dist-packages/airflow/example_dags/plugins/workday.py for tasks to queue
[2022-06-09 19:53:34,343] {logging_mixin.py:115} INFO - [2022-06-09 19:53:34,343] {dagbag.py:507} INFO - Filling up the DagBag from /usr/local/lib/python3.10/dist-packages/airflow/example_dags/plugins/workday.py
[2022-06-09 19:53:34,346] {processor.py:653} WARNING - No viable dags retrieved from /usr/local/lib/python3.10/dist-packages/airflow/example_dags/plugins/workday.py
[2022-06-09 19:53:34,359] {processor.py:161} INFO - Processing /usr/local/lib/python3.10/dist-packages/airflow/example_dags/plugins/workday.py took 0.020 seconds
[2022-06-09 19:54:06,808] {processor.py:153} INFO - Started process (PID=38222) to work on /usr/local/lib/python3.10/dist-packages/airflow/example_dags/plugins/workday.py
[2022-06-09 19:54:06,809] {processor.py:641} INFO - Processing file /usr/local/lib/python3.10/dist-packages/airflow/example_dags/plugins/workday.py for tasks to queue
[2022-06-09 19:54:06,809] {logging_mixin.py:115} INFO - [2022-06-09 19:54:06,809] {dagbag.py:507} INFO - Filling up the DagBag from /usr/local/lib/python3.10/dist-packages/airflow/example_dags/plugins/workday.py
[2022-06-09 19:54:06,812] {processor.py:653} WARNING - No viable dags retrieved from /usr/local/lib/python3.10/dist-packages/airflow/example_dags/plugins/workday.py
[2022-06-09 19:54:06,822] {processor.py:161} INFO - Processing /usr/local/lib/python3.10/dist-packages/airflow/example_dags/plugins/workday.py took 0.016 seconds
