[2022-05-13 16:14:55,717] {taskinstance.py:1159} INFO - Dependencies all met for <TaskInstance: example_bash_operator.this_will_skip scheduled__2022-05-12T00:00:00+00:00 [queued]>
[2022-05-13 16:14:55,726] {taskinstance.py:1159} INFO - Dependencies all met for <TaskInstance: example_bash_operator.this_will_skip scheduled__2022-05-12T00:00:00+00:00 [queued]>
[2022-05-13 16:14:55,726] {taskinstance.py:1356} INFO - 
--------------------------------------------------------------------------------
[2022-05-13 16:14:55,726] {taskinstance.py:1357} INFO - Starting attempt 1 of 1
[2022-05-13 16:14:55,726] {taskinstance.py:1358} INFO - 
--------------------------------------------------------------------------------
[2022-05-13 16:14:55,849] {taskinstance.py:1377} INFO - Executing <Task(BashOperator): this_will_skip> on 2022-05-12 00:00:00+00:00
[2022-05-13 16:14:55,851] {standard_task_runner.py:52} INFO - Started process 4941 to run task
[2022-05-13 16:14:55,855] {standard_task_runner.py:79} INFO - Running: ['airflow', 'tasks', 'run', 'example_bash_operator', 'this_will_skip', 'scheduled__2022-05-12T00:00:00+00:00', '--job-id', '27', '--raw', '--subdir', '/usr/local/lib/python3.10/dist-packages/airflow/example_dags/example_bash_operator.py', '--cfg-path', '/tmp/tmpcq_l1794', '--error-file', '/tmp/tmp5z31uj_r']
[2022-05-13 16:14:55,856] {standard_task_runner.py:80} INFO - Job 27: Subtask this_will_skip
[2022-05-13 16:14:55,905] {task_command.py:369} INFO - Running <TaskInstance: example_bash_operator.this_will_skip scheduled__2022-05-12T00:00:00+00:00 [running]> on host roshan-Latitude-E5440
[2022-05-13 16:14:55,967] {taskinstance.py:1569} INFO - Exporting the following env vars:
AIRFLOW_CTX_DAG_OWNER=airflow
AIRFLOW_CTX_DAG_ID=example_bash_operator
AIRFLOW_CTX_TASK_ID=this_will_skip
AIRFLOW_CTX_EXECUTION_DATE=2022-05-12T00:00:00+00:00
AIRFLOW_CTX_TRY_NUMBER=1
AIRFLOW_CTX_DAG_RUN_ID=scheduled__2022-05-12T00:00:00+00:00
[2022-05-13 16:14:55,968] {subprocess.py:62} INFO - Tmp dir root location: 
 /tmp
[2022-05-13 16:14:55,969] {subprocess.py:74} INFO - Running command: ['bash', '-c', 'echo "hello world"; exit 99;']
[2022-05-13 16:14:55,974] {subprocess.py:85} INFO - Output:
[2022-05-13 16:14:55,975] {subprocess.py:92} INFO - hello world
[2022-05-13 16:14:55,976] {subprocess.py:96} INFO - Command exited with return code 99
[2022-05-13 16:14:55,976] {taskinstance.py:1478} INFO - Bash command returned exit code 99. Skipping.
[2022-05-13 16:14:55,986] {taskinstance.py:1395} INFO - Marking task as SKIPPED. dag_id=example_bash_operator, task_id=this_will_skip, execution_date=20220512T000000, start_date=20220513T104455, end_date=20220513T104455
[2022-05-13 16:14:56,028] {local_task_job.py:156} INFO - Task exited with return code 0
[2022-05-13 16:14:56,069] {local_task_job.py:273} INFO - 0 downstream tasks scheduled from follow-on schedule check
