[2022-06-14 18:32:58,579] {taskinstance.py:1159} INFO - Dependencies all met for <TaskInstance: example_bash_operator.runme_0 scheduled__2022-06-09T00:00:00+00:00 [queued]>
[2022-06-14 18:32:58,588] {taskinstance.py:1159} INFO - Dependencies all met for <TaskInstance: example_bash_operator.runme_0 scheduled__2022-06-09T00:00:00+00:00 [queued]>
[2022-06-14 18:32:58,588] {taskinstance.py:1356} INFO - 
--------------------------------------------------------------------------------
[2022-06-14 18:32:58,588] {taskinstance.py:1357} INFO - Starting attempt 1 of 1
[2022-06-14 18:32:58,588] {taskinstance.py:1358} INFO - 
--------------------------------------------------------------------------------
[2022-06-14 18:32:58,611] {taskinstance.py:1377} INFO - Executing <Task(BashOperator): runme_0> on 2022-06-09 00:00:00+00:00
[2022-06-14 18:32:58,613] {standard_task_runner.py:52} INFO - Started process 6461 to run task
[2022-06-14 18:32:58,616] {standard_task_runner.py:79} INFO - Running: ['airflow', 'tasks', 'run', 'example_bash_operator', 'runme_0', 'scheduled__2022-06-09T00:00:00+00:00', '--job-id', '104', '--raw', '--subdir', '/usr/local/lib/python3.10/dist-packages/airflow/example_dags/example_bash_operator.py', '--cfg-path', '/tmp/tmphuvuno_8', '--error-file', '/tmp/tmptducdytf']
[2022-06-14 18:32:58,617] {standard_task_runner.py:80} INFO - Job 104: Subtask runme_0
[2022-06-14 18:32:58,660] {task_command.py:369} INFO - Running <TaskInstance: example_bash_operator.runme_0 scheduled__2022-06-09T00:00:00+00:00 [running]> on host roshan-Latitude-E5440
[2022-06-14 18:32:58,748] {taskinstance.py:1569} INFO - Exporting the following env vars:
AIRFLOW_CTX_DAG_OWNER=airflow
AIRFLOW_CTX_DAG_ID=example_bash_operator
AIRFLOW_CTX_TASK_ID=runme_0
AIRFLOW_CTX_EXECUTION_DATE=2022-06-09T00:00:00+00:00
AIRFLOW_CTX_TRY_NUMBER=1
AIRFLOW_CTX_DAG_RUN_ID=scheduled__2022-06-09T00:00:00+00:00
[2022-06-14 18:32:58,749] {subprocess.py:62} INFO - Tmp dir root location: 
 /tmp
[2022-06-14 18:32:58,749] {subprocess.py:74} INFO - Running command: ['bash', '-c', 'echo "example_bash_operator__runme_0__20220609" && sleep 1']
[2022-06-14 18:32:58,754] {subprocess.py:85} INFO - Output:
[2022-06-14 18:32:58,755] {subprocess.py:92} INFO - example_bash_operator__runme_0__20220609
[2022-06-14 18:32:59,756] {subprocess.py:96} INFO - Command exited with return code 0
[2022-06-14 18:32:59,788] {taskinstance.py:1395} INFO - Marking task as SUCCESS. dag_id=example_bash_operator, task_id=runme_0, execution_date=20220609T000000, start_date=20220614T130258, end_date=20220614T130259
[2022-06-14 18:32:59,831] {local_task_job.py:156} INFO - Task exited with return code 0
[2022-06-14 18:32:59,854] {local_task_job.py:273} INFO - 0 downstream tasks scheduled from follow-on schedule check
