[2022-05-19 19:10:54,892] {taskinstance.py:1159} INFO - Dependencies all met for <TaskInstance: example_bash_operator.also_run_this scheduled__2022-05-18T00:00:00+00:00 [queued]>
[2022-05-19 19:10:54,904] {taskinstance.py:1159} INFO - Dependencies all met for <TaskInstance: example_bash_operator.also_run_this scheduled__2022-05-18T00:00:00+00:00 [queued]>
[2022-05-19 19:10:54,905] {taskinstance.py:1356} INFO - 
--------------------------------------------------------------------------------
[2022-05-19 19:10:54,905] {taskinstance.py:1357} INFO - Starting attempt 1 of 1
[2022-05-19 19:10:54,905] {taskinstance.py:1358} INFO - 
--------------------------------------------------------------------------------
[2022-05-19 19:10:54,934] {taskinstance.py:1377} INFO - Executing <Task(BashOperator): also_run_this> on 2022-05-18 00:00:00+00:00
[2022-05-19 19:10:54,936] {standard_task_runner.py:52} INFO - Started process 8057 to run task
[2022-05-19 19:10:54,940] {standard_task_runner.py:79} INFO - Running: ['airflow', 'tasks', 'run', 'example_bash_operator', 'also_run_this', 'scheduled__2022-05-18T00:00:00+00:00', '--job-id', '92', '--raw', '--subdir', '/usr/local/lib/python3.10/dist-packages/airflow/example_dags/example_bash_operator.py', '--cfg-path', '/tmp/tmpsmyor223', '--error-file', '/tmp/tmps1kxfmmf']
[2022-05-19 19:10:54,941] {standard_task_runner.py:80} INFO - Job 92: Subtask also_run_this
[2022-05-19 19:10:54,987] {task_command.py:369} INFO - Running <TaskInstance: example_bash_operator.also_run_this scheduled__2022-05-18T00:00:00+00:00 [running]> on host roshan-Latitude-E5440
[2022-05-19 19:10:55,049] {taskinstance.py:1569} INFO - Exporting the following env vars:
AIRFLOW_CTX_DAG_OWNER=airflow
AIRFLOW_CTX_DAG_ID=example_bash_operator
AIRFLOW_CTX_TASK_ID=also_run_this
AIRFLOW_CTX_EXECUTION_DATE=2022-05-18T00:00:00+00:00
AIRFLOW_CTX_TRY_NUMBER=1
AIRFLOW_CTX_DAG_RUN_ID=scheduled__2022-05-18T00:00:00+00:00
[2022-05-19 19:10:55,050] {subprocess.py:62} INFO - Tmp dir root location: 
 /tmp
[2022-05-19 19:10:55,050] {subprocess.py:74} INFO - Running command: ['bash', '-c', 'echo "run_id=scheduled__2022-05-18T00:00:00+00:00 | dag_run=<DagRun example_bash_operator @ 2022-05-18 00:00:00+00:00: scheduled__2022-05-18T00:00:00+00:00, externally triggered: False>"']
[2022-05-19 19:10:55,055] {subprocess.py:85} INFO - Output:
[2022-05-19 19:10:55,056] {subprocess.py:92} INFO - run_id=scheduled__2022-05-18T00:00:00+00:00 | dag_run=<DagRun example_bash_operator @ 2022-05-18 00:00:00+00:00: scheduled__2022-05-18T00:00:00+00:00, externally triggered: False>
[2022-05-19 19:10:55,056] {subprocess.py:96} INFO - Command exited with return code 0
[2022-05-19 19:10:55,083] {taskinstance.py:1395} INFO - Marking task as SUCCESS. dag_id=example_bash_operator, task_id=also_run_this, execution_date=20220518T000000, start_date=20220519T134054, end_date=20220519T134055
[2022-05-19 19:10:55,111] {local_task_job.py:156} INFO - Task exited with return code 0
[2022-05-19 19:10:55,131] {local_task_job.py:273} INFO - 0 downstream tasks scheduled from follow-on schedule check
