[2022-06-16 19:59:51,952] {processor.py:153} INFO - Started process (PID=5095) to work on /usr/local/lib/python3.10/dist-packages/airflow/example_dags/example_branch_labels.py
[2022-06-16 19:59:51,953] {processor.py:641} INFO - Processing file /usr/local/lib/python3.10/dist-packages/airflow/example_dags/example_branch_labels.py for tasks to queue
[2022-06-16 19:59:51,953] {logging_mixin.py:115} INFO - [2022-06-16 19:59:51,953] {dagbag.py:507} INFO - Filling up the DagBag from /usr/local/lib/python3.10/dist-packages/airflow/example_dags/example_branch_labels.py
[2022-06-16 19:59:51,959] {processor.py:651} INFO - DAG(s) dict_keys(['example_branch_labels']) retrieved from /usr/local/lib/python3.10/dist-packages/airflow/example_dags/example_branch_labels.py
[2022-06-16 19:59:51,976] {logging_mixin.py:115} INFO - [2022-06-16 19:59:51,976] {dag.py:2371} INFO - Sync 1 DAGs
[2022-06-16 19:59:51,997] {logging_mixin.py:115} INFO - [2022-06-16 19:59:51,997] {dag.py:2915} INFO - Setting next_dagrun for example_branch_labels to 2022-06-15T00:00:00+00:00, run_after=2022-06-16T00:00:00+00:00
[2022-06-16 19:59:52,058] {processor.py:161} INFO - Processing /usr/local/lib/python3.10/dist-packages/airflow/example_dags/example_branch_labels.py took 0.108 seconds
[2022-06-16 20:00:32,885] {processor.py:153} INFO - Started process (PID=5216) to work on /usr/local/lib/python3.10/dist-packages/airflow/example_dags/example_branch_labels.py
[2022-06-16 20:00:32,886] {processor.py:641} INFO - Processing file /usr/local/lib/python3.10/dist-packages/airflow/example_dags/example_branch_labels.py for tasks to queue
[2022-06-16 20:00:32,887] {logging_mixin.py:115} INFO - [2022-06-16 20:00:32,887] {dagbag.py:507} INFO - Filling up the DagBag from /usr/local/lib/python3.10/dist-packages/airflow/example_dags/example_branch_labels.py
[2022-06-16 20:00:32,893] {processor.py:651} INFO - DAG(s) dict_keys(['example_branch_labels']) retrieved from /usr/local/lib/python3.10/dist-packages/airflow/example_dags/example_branch_labels.py
[2022-06-16 20:00:32,910] {logging_mixin.py:115} INFO - [2022-06-16 20:00:32,910] {dag.py:2371} INFO - Sync 1 DAGs
[2022-06-16 20:00:32,933] {logging_mixin.py:115} INFO - [2022-06-16 20:00:32,933] {dag.py:2915} INFO - Setting next_dagrun for example_branch_labels to 2022-06-15T00:00:00+00:00, run_after=2022-06-16T00:00:00+00:00
[2022-06-16 20:00:32,967] {processor.py:161} INFO - Processing /usr/local/lib/python3.10/dist-packages/airflow/example_dags/example_branch_labels.py took 0.084 seconds
[2022-06-16 20:01:12,160] {processor.py:153} INFO - Started process (PID=5338) to work on /usr/local/lib/python3.10/dist-packages/airflow/example_dags/example_branch_labels.py
[2022-06-16 20:01:12,161] {processor.py:641} INFO - Processing file /usr/local/lib/python3.10/dist-packages/airflow/example_dags/example_branch_labels.py for tasks to queue
[2022-06-16 20:01:12,162] {logging_mixin.py:115} INFO - [2022-06-16 20:01:12,162] {dagbag.py:507} INFO - Filling up the DagBag from /usr/local/lib/python3.10/dist-packages/airflow/example_dags/example_branch_labels.py
[2022-06-16 20:01:12,170] {processor.py:651} INFO - DAG(s) dict_keys(['example_branch_labels']) retrieved from /usr/local/lib/python3.10/dist-packages/airflow/example_dags/example_branch_labels.py
[2022-06-16 20:01:12,199] {logging_mixin.py:115} INFO - [2022-06-16 20:01:12,199] {dag.py:2371} INFO - Sync 1 DAGs
[2022-06-16 20:01:12,231] {logging_mixin.py:115} INFO - [2022-06-16 20:01:12,231] {dag.py:2915} INFO - Setting next_dagrun for example_branch_labels to 2022-06-15T00:00:00+00:00, run_after=2022-06-16T00:00:00+00:00
[2022-06-16 20:01:12,265] {processor.py:161} INFO - Processing /usr/local/lib/python3.10/dist-packages/airflow/example_dags/example_branch_labels.py took 0.110 seconds
[2022-06-16 20:01:56,938] {processor.py:153} INFO - Started process (PID=5503) to work on /usr/local/lib/python3.10/dist-packages/airflow/example_dags/example_branch_labels.py
[2022-06-16 20:01:56,938] {processor.py:641} INFO - Processing file /usr/local/lib/python3.10/dist-packages/airflow/example_dags/example_branch_labels.py for tasks to queue
[2022-06-16 20:01:56,939] {logging_mixin.py:115} INFO - [2022-06-16 20:01:56,939] {dagbag.py:507} INFO - Filling up the DagBag from /usr/local/lib/python3.10/dist-packages/airflow/example_dags/example_branch_labels.py
[2022-06-16 20:01:56,944] {processor.py:651} INFO - DAG(s) dict_keys(['example_branch_labels']) retrieved from /usr/local/lib/python3.10/dist-packages/airflow/example_dags/example_branch_labels.py
[2022-06-16 20:01:56,961] {logging_mixin.py:115} INFO - [2022-06-16 20:01:56,961] {dag.py:2371} INFO - Sync 1 DAGs
[2022-06-16 20:01:56,981] {logging_mixin.py:115} INFO - [2022-06-16 20:01:56,981] {dag.py:2915} INFO - Setting next_dagrun for example_branch_labels to 2022-06-15T00:00:00+00:00, run_after=2022-06-16T00:00:00+00:00
[2022-06-16 20:01:57,020] {processor.py:161} INFO - Processing /usr/local/lib/python3.10/dist-packages/airflow/example_dags/example_branch_labels.py took 0.085 seconds
[2022-06-16 20:02:36,154] {processor.py:153} INFO - Started process (PID=5578) to work on /usr/local/lib/python3.10/dist-packages/airflow/example_dags/example_branch_labels.py
[2022-06-16 20:02:36,155] {processor.py:641} INFO - Processing file /usr/local/lib/python3.10/dist-packages/airflow/example_dags/example_branch_labels.py for tasks to queue
[2022-06-16 20:02:36,156] {logging_mixin.py:115} INFO - [2022-06-16 20:02:36,155] {dagbag.py:507} INFO - Filling up the DagBag from /usr/local/lib/python3.10/dist-packages/airflow/example_dags/example_branch_labels.py
[2022-06-16 20:02:36,161] {processor.py:651} INFO - DAG(s) dict_keys(['example_branch_labels']) retrieved from /usr/local/lib/python3.10/dist-packages/airflow/example_dags/example_branch_labels.py
[2022-06-16 20:02:36,178] {logging_mixin.py:115} INFO - [2022-06-16 20:02:36,178] {dag.py:2371} INFO - Sync 1 DAGs
[2022-06-16 20:02:36,198] {logging_mixin.py:115} INFO - [2022-06-16 20:02:36,198] {dag.py:2915} INFO - Setting next_dagrun for example_branch_labels to 2022-06-15T00:00:00+00:00, run_after=2022-06-16T00:00:00+00:00
[2022-06-16 20:02:36,219] {processor.py:161} INFO - Processing /usr/local/lib/python3.10/dist-packages/airflow/example_dags/example_branch_labels.py took 0.067 seconds
[2022-06-16 20:03:14,175] {processor.py:153} INFO - Started process (PID=5673) to work on /usr/local/lib/python3.10/dist-packages/airflow/example_dags/example_branch_labels.py
[2022-06-16 20:03:14,176] {processor.py:641} INFO - Processing file /usr/local/lib/python3.10/dist-packages/airflow/example_dags/example_branch_labels.py for tasks to queue
[2022-06-16 20:03:14,177] {logging_mixin.py:115} INFO - [2022-06-16 20:03:14,177] {dagbag.py:507} INFO - Filling up the DagBag from /usr/local/lib/python3.10/dist-packages/airflow/example_dags/example_branch_labels.py
[2022-06-16 20:03:14,182] {processor.py:651} INFO - DAG(s) dict_keys(['example_branch_labels']) retrieved from /usr/local/lib/python3.10/dist-packages/airflow/example_dags/example_branch_labels.py
[2022-06-16 20:03:14,199] {logging_mixin.py:115} INFO - [2022-06-16 20:03:14,198] {dag.py:2371} INFO - Sync 1 DAGs
[2022-06-16 20:03:14,219] {logging_mixin.py:115} INFO - [2022-06-16 20:03:14,219] {dag.py:2915} INFO - Setting next_dagrun for example_branch_labels to 2022-06-15T00:00:00+00:00, run_after=2022-06-16T00:00:00+00:00
[2022-06-16 20:03:14,237] {processor.py:161} INFO - Processing /usr/local/lib/python3.10/dist-packages/airflow/example_dags/example_branch_labels.py took 0.064 seconds
[2022-06-16 20:03:56,197] {processor.py:153} INFO - Started process (PID=5801) to work on /usr/local/lib/python3.10/dist-packages/airflow/example_dags/example_branch_labels.py
[2022-06-16 20:03:56,198] {processor.py:641} INFO - Processing file /usr/local/lib/python3.10/dist-packages/airflow/example_dags/example_branch_labels.py for tasks to queue
[2022-06-16 20:03:56,198] {logging_mixin.py:115} INFO - [2022-06-16 20:03:56,198] {dagbag.py:507} INFO - Filling up the DagBag from /usr/local/lib/python3.10/dist-packages/airflow/example_dags/example_branch_labels.py
[2022-06-16 20:03:56,204] {processor.py:651} INFO - DAG(s) dict_keys(['example_branch_labels']) retrieved from /usr/local/lib/python3.10/dist-packages/airflow/example_dags/example_branch_labels.py
[2022-06-16 20:03:56,221] {logging_mixin.py:115} INFO - [2022-06-16 20:03:56,221] {dag.py:2371} INFO - Sync 1 DAGs
[2022-06-16 20:03:56,241] {logging_mixin.py:115} INFO - [2022-06-16 20:03:56,241] {dag.py:2915} INFO - Setting next_dagrun for example_branch_labels to 2022-06-15T00:00:00+00:00, run_after=2022-06-16T00:00:00+00:00
[2022-06-16 20:03:56,260] {processor.py:161} INFO - Processing /usr/local/lib/python3.10/dist-packages/airflow/example_dags/example_branch_labels.py took 0.065 seconds
[2022-06-16 20:04:40,508] {processor.py:153} INFO - Started process (PID=5897) to work on /usr/local/lib/python3.10/dist-packages/airflow/example_dags/example_branch_labels.py
[2022-06-16 20:04:40,509] {processor.py:641} INFO - Processing file /usr/local/lib/python3.10/dist-packages/airflow/example_dags/example_branch_labels.py for tasks to queue
[2022-06-16 20:04:40,509] {logging_mixin.py:115} INFO - [2022-06-16 20:04:40,509] {dagbag.py:507} INFO - Filling up the DagBag from /usr/local/lib/python3.10/dist-packages/airflow/example_dags/example_branch_labels.py
[2022-06-16 20:04:40,515] {processor.py:651} INFO - DAG(s) dict_keys(['example_branch_labels']) retrieved from /usr/local/lib/python3.10/dist-packages/airflow/example_dags/example_branch_labels.py
[2022-06-16 20:04:40,535] {logging_mixin.py:115} INFO - [2022-06-16 20:04:40,535] {dag.py:2371} INFO - Sync 1 DAGs
[2022-06-16 20:04:40,558] {logging_mixin.py:115} INFO - [2022-06-16 20:04:40,557] {dag.py:2915} INFO - Setting next_dagrun for example_branch_labels to 2022-06-15T00:00:00+00:00, run_after=2022-06-16T00:00:00+00:00
[2022-06-16 20:04:40,576] {processor.py:161} INFO - Processing /usr/local/lib/python3.10/dist-packages/airflow/example_dags/example_branch_labels.py took 0.071 seconds
[2022-06-16 20:05:19,110] {processor.py:153} INFO - Started process (PID=5993) to work on /usr/local/lib/python3.10/dist-packages/airflow/example_dags/example_branch_labels.py
[2022-06-16 20:05:19,110] {processor.py:641} INFO - Processing file /usr/local/lib/python3.10/dist-packages/airflow/example_dags/example_branch_labels.py for tasks to queue
[2022-06-16 20:05:19,111] {logging_mixin.py:115} INFO - [2022-06-16 20:05:19,111] {dagbag.py:507} INFO - Filling up the DagBag from /usr/local/lib/python3.10/dist-packages/airflow/example_dags/example_branch_labels.py
[2022-06-16 20:05:19,117] {processor.py:651} INFO - DAG(s) dict_keys(['example_branch_labels']) retrieved from /usr/local/lib/python3.10/dist-packages/airflow/example_dags/example_branch_labels.py
[2022-06-16 20:05:19,133] {logging_mixin.py:115} INFO - [2022-06-16 20:05:19,133] {dag.py:2371} INFO - Sync 1 DAGs
[2022-06-16 20:05:19,154] {logging_mixin.py:115} INFO - [2022-06-16 20:05:19,154] {dag.py:2915} INFO - Setting next_dagrun for example_branch_labels to 2022-06-15T00:00:00+00:00, run_after=2022-06-16T00:00:00+00:00
[2022-06-16 20:05:19,206] {processor.py:161} INFO - Processing /usr/local/lib/python3.10/dist-packages/airflow/example_dags/example_branch_labels.py took 0.099 seconds
[2022-06-16 20:06:00,521] {processor.py:153} INFO - Started process (PID=6088) to work on /usr/local/lib/python3.10/dist-packages/airflow/example_dags/example_branch_labels.py
[2022-06-16 20:06:00,522] {processor.py:641} INFO - Processing file /usr/local/lib/python3.10/dist-packages/airflow/example_dags/example_branch_labels.py for tasks to queue
[2022-06-16 20:06:00,522] {logging_mixin.py:115} INFO - [2022-06-16 20:06:00,522] {dagbag.py:507} INFO - Filling up the DagBag from /usr/local/lib/python3.10/dist-packages/airflow/example_dags/example_branch_labels.py
[2022-06-16 20:06:00,528] {processor.py:651} INFO - DAG(s) dict_keys(['example_branch_labels']) retrieved from /usr/local/lib/python3.10/dist-packages/airflow/example_dags/example_branch_labels.py
[2022-06-16 20:06:00,546] {logging_mixin.py:115} INFO - [2022-06-16 20:06:00,546] {dag.py:2371} INFO - Sync 1 DAGs
[2022-06-16 20:06:00,567] {logging_mixin.py:115} INFO - [2022-06-16 20:06:00,567] {dag.py:2915} INFO - Setting next_dagrun for example_branch_labels to 2022-06-15T00:00:00+00:00, run_after=2022-06-16T00:00:00+00:00
[2022-06-16 20:06:00,622] {processor.py:161} INFO - Processing /usr/local/lib/python3.10/dist-packages/airflow/example_dags/example_branch_labels.py took 0.104 seconds
[2022-06-16 20:06:39,926] {processor.py:153} INFO - Started process (PID=6175) to work on /usr/local/lib/python3.10/dist-packages/airflow/example_dags/example_branch_labels.py
[2022-06-16 20:06:39,927] {processor.py:641} INFO - Processing file /usr/local/lib/python3.10/dist-packages/airflow/example_dags/example_branch_labels.py for tasks to queue
[2022-06-16 20:06:39,927] {logging_mixin.py:115} INFO - [2022-06-16 20:06:39,927] {dagbag.py:507} INFO - Filling up the DagBag from /usr/local/lib/python3.10/dist-packages/airflow/example_dags/example_branch_labels.py
[2022-06-16 20:06:39,933] {processor.py:651} INFO - DAG(s) dict_keys(['example_branch_labels']) retrieved from /usr/local/lib/python3.10/dist-packages/airflow/example_dags/example_branch_labels.py
[2022-06-16 20:06:39,949] {logging_mixin.py:115} INFO - [2022-06-16 20:06:39,949] {dag.py:2371} INFO - Sync 1 DAGs
[2022-06-16 20:06:39,970] {logging_mixin.py:115} INFO - [2022-06-16 20:06:39,970] {dag.py:2915} INFO - Setting next_dagrun for example_branch_labels to 2022-06-15T00:00:00+00:00, run_after=2022-06-16T00:00:00+00:00
[2022-06-16 20:06:40,024] {processor.py:161} INFO - Processing /usr/local/lib/python3.10/dist-packages/airflow/example_dags/example_branch_labels.py took 0.100 seconds
[2022-06-16 20:07:19,331] {processor.py:153} INFO - Started process (PID=6272) to work on /usr/local/lib/python3.10/dist-packages/airflow/example_dags/example_branch_labels.py
[2022-06-16 20:07:19,332] {processor.py:641} INFO - Processing file /usr/local/lib/python3.10/dist-packages/airflow/example_dags/example_branch_labels.py for tasks to queue
[2022-06-16 20:07:19,332] {logging_mixin.py:115} INFO - [2022-06-16 20:07:19,332] {dagbag.py:507} INFO - Filling up the DagBag from /usr/local/lib/python3.10/dist-packages/airflow/example_dags/example_branch_labels.py
[2022-06-16 20:07:19,338] {processor.py:651} INFO - DAG(s) dict_keys(['example_branch_labels']) retrieved from /usr/local/lib/python3.10/dist-packages/airflow/example_dags/example_branch_labels.py
[2022-06-16 20:07:19,354] {logging_mixin.py:115} INFO - [2022-06-16 20:07:19,354] {dag.py:2371} INFO - Sync 1 DAGs
[2022-06-16 20:07:19,378] {logging_mixin.py:115} INFO - [2022-06-16 20:07:19,378] {dag.py:2915} INFO - Setting next_dagrun for example_branch_labels to 2022-06-15T00:00:00+00:00, run_after=2022-06-16T00:00:00+00:00
[2022-06-16 20:07:19,396] {processor.py:161} INFO - Processing /usr/local/lib/python3.10/dist-packages/airflow/example_dags/example_branch_labels.py took 0.068 seconds
[2022-06-16 20:08:02,311] {processor.py:153} INFO - Started process (PID=6370) to work on /usr/local/lib/python3.10/dist-packages/airflow/example_dags/example_branch_labels.py
[2022-06-16 20:08:02,312] {processor.py:641} INFO - Processing file /usr/local/lib/python3.10/dist-packages/airflow/example_dags/example_branch_labels.py for tasks to queue
[2022-06-16 20:08:02,312] {logging_mixin.py:115} INFO - [2022-06-16 20:08:02,312] {dagbag.py:507} INFO - Filling up the DagBag from /usr/local/lib/python3.10/dist-packages/airflow/example_dags/example_branch_labels.py
[2022-06-16 20:08:02,318] {processor.py:651} INFO - DAG(s) dict_keys(['example_branch_labels']) retrieved from /usr/local/lib/python3.10/dist-packages/airflow/example_dags/example_branch_labels.py
[2022-06-16 20:08:02,335] {logging_mixin.py:115} INFO - [2022-06-16 20:08:02,335] {dag.py:2371} INFO - Sync 1 DAGs
[2022-06-16 20:08:02,356] {logging_mixin.py:115} INFO - [2022-06-16 20:08:02,356] {dag.py:2915} INFO - Setting next_dagrun for example_branch_labels to 2022-06-15T00:00:00+00:00, run_after=2022-06-16T00:00:00+00:00
[2022-06-16 20:08:02,411] {processor.py:161} INFO - Processing /usr/local/lib/python3.10/dist-packages/airflow/example_dags/example_branch_labels.py took 0.103 seconds
[2022-06-16 20:08:40,102] {processor.py:153} INFO - Started process (PID=6459) to work on /usr/local/lib/python3.10/dist-packages/airflow/example_dags/example_branch_labels.py
[2022-06-16 20:08:40,103] {processor.py:641} INFO - Processing file /usr/local/lib/python3.10/dist-packages/airflow/example_dags/example_branch_labels.py for tasks to queue
[2022-06-16 20:08:40,104] {logging_mixin.py:115} INFO - [2022-06-16 20:08:40,103] {dagbag.py:507} INFO - Filling up the DagBag from /usr/local/lib/python3.10/dist-packages/airflow/example_dags/example_branch_labels.py
[2022-06-16 20:08:40,110] {processor.py:651} INFO - DAG(s) dict_keys(['example_branch_labels']) retrieved from /usr/local/lib/python3.10/dist-packages/airflow/example_dags/example_branch_labels.py
[2022-06-16 20:08:40,126] {logging_mixin.py:115} INFO - [2022-06-16 20:08:40,126] {dag.py:2371} INFO - Sync 1 DAGs
[2022-06-16 20:08:40,147] {logging_mixin.py:115} INFO - [2022-06-16 20:08:40,147] {dag.py:2915} INFO - Setting next_dagrun for example_branch_labels to 2022-06-15T00:00:00+00:00, run_after=2022-06-16T00:00:00+00:00
[2022-06-16 20:08:40,177] {processor.py:161} INFO - Processing /usr/local/lib/python3.10/dist-packages/airflow/example_dags/example_branch_labels.py took 0.077 seconds
[2022-06-16 20:09:19,122] {processor.py:153} INFO - Started process (PID=6575) to work on /usr/local/lib/python3.10/dist-packages/airflow/example_dags/example_branch_labels.py
[2022-06-16 20:09:19,123] {processor.py:641} INFO - Processing file /usr/local/lib/python3.10/dist-packages/airflow/example_dags/example_branch_labels.py for tasks to queue
[2022-06-16 20:09:19,124] {logging_mixin.py:115} INFO - [2022-06-16 20:09:19,123] {dagbag.py:507} INFO - Filling up the DagBag from /usr/local/lib/python3.10/dist-packages/airflow/example_dags/example_branch_labels.py
[2022-06-16 20:09:19,130] {processor.py:651} INFO - DAG(s) dict_keys(['example_branch_labels']) retrieved from /usr/local/lib/python3.10/dist-packages/airflow/example_dags/example_branch_labels.py
[2022-06-16 20:09:19,147] {logging_mixin.py:115} INFO - [2022-06-16 20:09:19,147] {dag.py:2371} INFO - Sync 1 DAGs
[2022-06-16 20:09:19,168] {logging_mixin.py:115} INFO - [2022-06-16 20:09:19,168] {dag.py:2915} INFO - Setting next_dagrun for example_branch_labels to 2022-06-15T00:00:00+00:00, run_after=2022-06-16T00:00:00+00:00
[2022-06-16 20:09:19,186] {processor.py:161} INFO - Processing /usr/local/lib/python3.10/dist-packages/airflow/example_dags/example_branch_labels.py took 0.067 seconds
[2022-06-16 20:09:58,632] {processor.py:153} INFO - Started process (PID=6648) to work on /usr/local/lib/python3.10/dist-packages/airflow/example_dags/example_branch_labels.py
[2022-06-16 20:09:58,633] {processor.py:641} INFO - Processing file /usr/local/lib/python3.10/dist-packages/airflow/example_dags/example_branch_labels.py for tasks to queue
[2022-06-16 20:09:58,634] {logging_mixin.py:115} INFO - [2022-06-16 20:09:58,634] {dagbag.py:507} INFO - Filling up the DagBag from /usr/local/lib/python3.10/dist-packages/airflow/example_dags/example_branch_labels.py
[2022-06-16 20:09:58,641] {processor.py:651} INFO - DAG(s) dict_keys(['example_branch_labels']) retrieved from /usr/local/lib/python3.10/dist-packages/airflow/example_dags/example_branch_labels.py
[2022-06-16 20:09:58,658] {logging_mixin.py:115} INFO - [2022-06-16 20:09:58,657] {dag.py:2371} INFO - Sync 1 DAGs
[2022-06-16 20:09:58,678] {logging_mixin.py:115} INFO - [2022-06-16 20:09:58,678] {dag.py:2915} INFO - Setting next_dagrun for example_branch_labels to 2022-06-15T00:00:00+00:00, run_after=2022-06-16T00:00:00+00:00
[2022-06-16 20:09:58,740] {processor.py:161} INFO - Processing /usr/local/lib/python3.10/dist-packages/airflow/example_dags/example_branch_labels.py took 0.111 seconds
[2022-06-16 20:10:38,313] {processor.py:153} INFO - Started process (PID=6740) to work on /usr/local/lib/python3.10/dist-packages/airflow/example_dags/example_branch_labels.py
[2022-06-16 20:10:38,314] {processor.py:641} INFO - Processing file /usr/local/lib/python3.10/dist-packages/airflow/example_dags/example_branch_labels.py for tasks to queue
[2022-06-16 20:10:38,314] {logging_mixin.py:115} INFO - [2022-06-16 20:10:38,314] {dagbag.py:507} INFO - Filling up the DagBag from /usr/local/lib/python3.10/dist-packages/airflow/example_dags/example_branch_labels.py
[2022-06-16 20:10:38,322] {processor.py:651} INFO - DAG(s) dict_keys(['example_branch_labels']) retrieved from /usr/local/lib/python3.10/dist-packages/airflow/example_dags/example_branch_labels.py
[2022-06-16 20:10:38,344] {logging_mixin.py:115} INFO - [2022-06-16 20:10:38,344] {dag.py:2371} INFO - Sync 1 DAGs
[2022-06-16 20:10:38,368] {logging_mixin.py:115} INFO - [2022-06-16 20:10:38,368] {dag.py:2915} INFO - Setting next_dagrun for example_branch_labels to 2022-06-15T00:00:00+00:00, run_after=2022-06-16T00:00:00+00:00
[2022-06-16 20:10:38,413] {processor.py:161} INFO - Processing /usr/local/lib/python3.10/dist-packages/airflow/example_dags/example_branch_labels.py took 0.103 seconds
[2022-06-16 20:11:15,593] {processor.py:153} INFO - Started process (PID=6828) to work on /usr/local/lib/python3.10/dist-packages/airflow/example_dags/example_branch_labels.py
[2022-06-16 20:11:15,593] {processor.py:641} INFO - Processing file /usr/local/lib/python3.10/dist-packages/airflow/example_dags/example_branch_labels.py for tasks to queue
[2022-06-16 20:11:15,594] {logging_mixin.py:115} INFO - [2022-06-16 20:11:15,594] {dagbag.py:507} INFO - Filling up the DagBag from /usr/local/lib/python3.10/dist-packages/airflow/example_dags/example_branch_labels.py
[2022-06-16 20:11:15,600] {processor.py:651} INFO - DAG(s) dict_keys(['example_branch_labels']) retrieved from /usr/local/lib/python3.10/dist-packages/airflow/example_dags/example_branch_labels.py
[2022-06-16 20:11:15,616] {logging_mixin.py:115} INFO - [2022-06-16 20:11:15,616] {dag.py:2371} INFO - Sync 1 DAGs
[2022-06-16 20:11:15,637] {logging_mixin.py:115} INFO - [2022-06-16 20:11:15,637] {dag.py:2915} INFO - Setting next_dagrun for example_branch_labels to 2022-06-15T00:00:00+00:00, run_after=2022-06-16T00:00:00+00:00
[2022-06-16 20:11:15,654] {processor.py:161} INFO - Processing /usr/local/lib/python3.10/dist-packages/airflow/example_dags/example_branch_labels.py took 0.064 seconds
[2022-06-16 20:11:57,395] {processor.py:153} INFO - Started process (PID=6926) to work on /usr/local/lib/python3.10/dist-packages/airflow/example_dags/example_branch_labels.py
[2022-06-16 20:11:57,451] {processor.py:641} INFO - Processing file /usr/local/lib/python3.10/dist-packages/airflow/example_dags/example_branch_labels.py for tasks to queue
[2022-06-16 20:11:57,452] {logging_mixin.py:115} INFO - [2022-06-16 20:11:57,452] {dagbag.py:507} INFO - Filling up the DagBag from /usr/local/lib/python3.10/dist-packages/airflow/example_dags/example_branch_labels.py
[2022-06-16 20:11:57,458] {processor.py:651} INFO - DAG(s) dict_keys(['example_branch_labels']) retrieved from /usr/local/lib/python3.10/dist-packages/airflow/example_dags/example_branch_labels.py
[2022-06-16 20:11:57,475] {logging_mixin.py:115} INFO - [2022-06-16 20:11:57,474] {dag.py:2371} INFO - Sync 1 DAGs
[2022-06-16 20:11:57,495] {logging_mixin.py:115} INFO - [2022-06-16 20:11:57,495] {dag.py:2915} INFO - Setting next_dagrun for example_branch_labels to 2022-06-15T00:00:00+00:00, run_after=2022-06-16T00:00:00+00:00
[2022-06-16 20:11:57,513] {processor.py:161} INFO - Processing /usr/local/lib/python3.10/dist-packages/airflow/example_dags/example_branch_labels.py took 0.121 seconds
[2022-06-16 20:12:39,433] {processor.py:153} INFO - Started process (PID=7017) to work on /usr/local/lib/python3.10/dist-packages/airflow/example_dags/example_branch_labels.py
[2022-06-16 20:12:39,433] {processor.py:641} INFO - Processing file /usr/local/lib/python3.10/dist-packages/airflow/example_dags/example_branch_labels.py for tasks to queue
[2022-06-16 20:12:39,434] {logging_mixin.py:115} INFO - [2022-06-16 20:12:39,434] {dagbag.py:507} INFO - Filling up the DagBag from /usr/local/lib/python3.10/dist-packages/airflow/example_dags/example_branch_labels.py
[2022-06-16 20:12:39,441] {processor.py:651} INFO - DAG(s) dict_keys(['example_branch_labels']) retrieved from /usr/local/lib/python3.10/dist-packages/airflow/example_dags/example_branch_labels.py
[2022-06-16 20:12:39,459] {logging_mixin.py:115} INFO - [2022-06-16 20:12:39,459] {dag.py:2371} INFO - Sync 1 DAGs
[2022-06-16 20:12:39,480] {logging_mixin.py:115} INFO - [2022-06-16 20:12:39,479] {dag.py:2915} INFO - Setting next_dagrun for example_branch_labels to 2022-06-15T00:00:00+00:00, run_after=2022-06-16T00:00:00+00:00
[2022-06-16 20:12:39,529] {processor.py:161} INFO - Processing /usr/local/lib/python3.10/dist-packages/airflow/example_dags/example_branch_labels.py took 0.100 seconds
[2022-06-16 20:13:26,773] {processor.py:153} INFO - Started process (PID=7128) to work on /usr/local/lib/python3.10/dist-packages/airflow/example_dags/example_branch_labels.py
[2022-06-16 20:13:26,774] {processor.py:641} INFO - Processing file /usr/local/lib/python3.10/dist-packages/airflow/example_dags/example_branch_labels.py for tasks to queue
[2022-06-16 20:13:26,774] {logging_mixin.py:115} INFO - [2022-06-16 20:13:26,774] {dagbag.py:507} INFO - Filling up the DagBag from /usr/local/lib/python3.10/dist-packages/airflow/example_dags/example_branch_labels.py
[2022-06-16 20:13:26,781] {processor.py:651} INFO - DAG(s) dict_keys(['example_branch_labels']) retrieved from /usr/local/lib/python3.10/dist-packages/airflow/example_dags/example_branch_labels.py
[2022-06-16 20:13:26,798] {logging_mixin.py:115} INFO - [2022-06-16 20:13:26,798] {dag.py:2371} INFO - Sync 1 DAGs
[2022-06-16 20:13:26,818] {logging_mixin.py:115} INFO - [2022-06-16 20:13:26,818] {dag.py:2915} INFO - Setting next_dagrun for example_branch_labels to 2022-06-15T00:00:00+00:00, run_after=2022-06-16T00:00:00+00:00
[2022-06-16 20:13:26,837] {processor.py:161} INFO - Processing /usr/local/lib/python3.10/dist-packages/airflow/example_dags/example_branch_labels.py took 0.066 seconds
[2022-06-16 20:14:11,087] {processor.py:153} INFO - Started process (PID=7274) to work on /usr/local/lib/python3.10/dist-packages/airflow/example_dags/example_branch_labels.py
[2022-06-16 20:14:11,088] {processor.py:641} INFO - Processing file /usr/local/lib/python3.10/dist-packages/airflow/example_dags/example_branch_labels.py for tasks to queue
[2022-06-16 20:14:11,088] {logging_mixin.py:115} INFO - [2022-06-16 20:14:11,088] {dagbag.py:507} INFO - Filling up the DagBag from /usr/local/lib/python3.10/dist-packages/airflow/example_dags/example_branch_labels.py
[2022-06-16 20:14:11,094] {processor.py:651} INFO - DAG(s) dict_keys(['example_branch_labels']) retrieved from /usr/local/lib/python3.10/dist-packages/airflow/example_dags/example_branch_labels.py
[2022-06-16 20:14:11,111] {logging_mixin.py:115} INFO - [2022-06-16 20:14:11,111] {dag.py:2371} INFO - Sync 1 DAGs
[2022-06-16 20:14:11,132] {logging_mixin.py:115} INFO - [2022-06-16 20:14:11,131] {dag.py:2915} INFO - Setting next_dagrun for example_branch_labels to 2022-06-15T00:00:00+00:00, run_after=2022-06-16T00:00:00+00:00
[2022-06-16 20:14:11,150] {processor.py:161} INFO - Processing /usr/local/lib/python3.10/dist-packages/airflow/example_dags/example_branch_labels.py took 0.065 seconds
[2022-06-16 20:14:47,947] {processor.py:153} INFO - Started process (PID=7360) to work on /usr/local/lib/python3.10/dist-packages/airflow/example_dags/example_branch_labels.py
[2022-06-16 20:14:47,948] {processor.py:641} INFO - Processing file /usr/local/lib/python3.10/dist-packages/airflow/example_dags/example_branch_labels.py for tasks to queue
[2022-06-16 20:14:47,948] {logging_mixin.py:115} INFO - [2022-06-16 20:14:47,948] {dagbag.py:507} INFO - Filling up the DagBag from /usr/local/lib/python3.10/dist-packages/airflow/example_dags/example_branch_labels.py
[2022-06-16 20:14:47,955] {processor.py:651} INFO - DAG(s) dict_keys(['example_branch_labels']) retrieved from /usr/local/lib/python3.10/dist-packages/airflow/example_dags/example_branch_labels.py
[2022-06-16 20:14:47,972] {logging_mixin.py:115} INFO - [2022-06-16 20:14:47,972] {dag.py:2371} INFO - Sync 1 DAGs
[2022-06-16 20:14:47,992] {logging_mixin.py:115} INFO - [2022-06-16 20:14:47,991] {dag.py:2915} INFO - Setting next_dagrun for example_branch_labels to 2022-06-15T00:00:00+00:00, run_after=2022-06-16T00:00:00+00:00
[2022-06-16 20:14:48,009] {processor.py:161} INFO - Processing /usr/local/lib/python3.10/dist-packages/airflow/example_dags/example_branch_labels.py took 0.065 seconds
[2022-06-16 20:15:27,791] {processor.py:153} INFO - Started process (PID=7456) to work on /usr/local/lib/python3.10/dist-packages/airflow/example_dags/example_branch_labels.py
[2022-06-16 20:15:27,791] {processor.py:641} INFO - Processing file /usr/local/lib/python3.10/dist-packages/airflow/example_dags/example_branch_labels.py for tasks to queue
[2022-06-16 20:15:27,792] {logging_mixin.py:115} INFO - [2022-06-16 20:15:27,792] {dagbag.py:507} INFO - Filling up the DagBag from /usr/local/lib/python3.10/dist-packages/airflow/example_dags/example_branch_labels.py
[2022-06-16 20:15:27,799] {processor.py:651} INFO - DAG(s) dict_keys(['example_branch_labels']) retrieved from /usr/local/lib/python3.10/dist-packages/airflow/example_dags/example_branch_labels.py
[2022-06-16 20:15:27,818] {logging_mixin.py:115} INFO - [2022-06-16 20:15:27,817] {dag.py:2371} INFO - Sync 1 DAGs
[2022-06-16 20:15:27,840] {logging_mixin.py:115} INFO - [2022-06-16 20:15:27,840] {dag.py:2915} INFO - Setting next_dagrun for example_branch_labels to 2022-06-15T00:00:00+00:00, run_after=2022-06-16T00:00:00+00:00
[2022-06-16 20:15:27,861] {processor.py:161} INFO - Processing /usr/local/lib/python3.10/dist-packages/airflow/example_dags/example_branch_labels.py took 0.072 seconds
[2022-06-16 20:16:05,791] {processor.py:153} INFO - Started process (PID=7549) to work on /usr/local/lib/python3.10/dist-packages/airflow/example_dags/example_branch_labels.py
[2022-06-16 20:16:05,792] {processor.py:641} INFO - Processing file /usr/local/lib/python3.10/dist-packages/airflow/example_dags/example_branch_labels.py for tasks to queue
[2022-06-16 20:16:05,792] {logging_mixin.py:115} INFO - [2022-06-16 20:16:05,792] {dagbag.py:507} INFO - Filling up the DagBag from /usr/local/lib/python3.10/dist-packages/airflow/example_dags/example_branch_labels.py
[2022-06-16 20:16:05,798] {processor.py:651} INFO - DAG(s) dict_keys(['example_branch_labels']) retrieved from /usr/local/lib/python3.10/dist-packages/airflow/example_dags/example_branch_labels.py
[2022-06-16 20:16:05,814] {logging_mixin.py:115} INFO - [2022-06-16 20:16:05,814] {dag.py:2371} INFO - Sync 1 DAGs
[2022-06-16 20:16:05,834] {logging_mixin.py:115} INFO - [2022-06-16 20:16:05,834] {dag.py:2915} INFO - Setting next_dagrun for example_branch_labels to 2022-06-15T00:00:00+00:00, run_after=2022-06-16T00:00:00+00:00
[2022-06-16 20:16:05,851] {processor.py:161} INFO - Processing /usr/local/lib/python3.10/dist-packages/airflow/example_dags/example_branch_labels.py took 0.063 seconds
[2022-06-16 20:16:52,248] {processor.py:153} INFO - Started process (PID=7650) to work on /usr/local/lib/python3.10/dist-packages/airflow/example_dags/example_branch_labels.py
[2022-06-16 20:16:52,249] {processor.py:641} INFO - Processing file /usr/local/lib/python3.10/dist-packages/airflow/example_dags/example_branch_labels.py for tasks to queue
[2022-06-16 20:16:52,249] {logging_mixin.py:115} INFO - [2022-06-16 20:16:52,249] {dagbag.py:507} INFO - Filling up the DagBag from /usr/local/lib/python3.10/dist-packages/airflow/example_dags/example_branch_labels.py
[2022-06-16 20:16:52,255] {processor.py:651} INFO - DAG(s) dict_keys(['example_branch_labels']) retrieved from /usr/local/lib/python3.10/dist-packages/airflow/example_dags/example_branch_labels.py
[2022-06-16 20:16:52,271] {logging_mixin.py:115} INFO - [2022-06-16 20:16:52,271] {dag.py:2371} INFO - Sync 1 DAGs
[2022-06-16 20:16:52,292] {logging_mixin.py:115} INFO - [2022-06-16 20:16:52,292] {dag.py:2915} INFO - Setting next_dagrun for example_branch_labels to 2022-06-15T00:00:00+00:00, run_after=2022-06-16T00:00:00+00:00
[2022-06-16 20:16:52,311] {processor.py:161} INFO - Processing /usr/local/lib/python3.10/dist-packages/airflow/example_dags/example_branch_labels.py took 0.066 seconds
[2022-06-16 20:17:32,677] {processor.py:153} INFO - Started process (PID=7750) to work on /usr/local/lib/python3.10/dist-packages/airflow/example_dags/example_branch_labels.py
[2022-06-16 20:17:32,677] {processor.py:641} INFO - Processing file /usr/local/lib/python3.10/dist-packages/airflow/example_dags/example_branch_labels.py for tasks to queue
[2022-06-16 20:17:32,678] {logging_mixin.py:115} INFO - [2022-06-16 20:17:32,678] {dagbag.py:507} INFO - Filling up the DagBag from /usr/local/lib/python3.10/dist-packages/airflow/example_dags/example_branch_labels.py
[2022-06-16 20:17:32,684] {processor.py:651} INFO - DAG(s) dict_keys(['example_branch_labels']) retrieved from /usr/local/lib/python3.10/dist-packages/airflow/example_dags/example_branch_labels.py
[2022-06-16 20:17:32,703] {logging_mixin.py:115} INFO - [2022-06-16 20:17:32,703] {dag.py:2371} INFO - Sync 1 DAGs
[2022-06-16 20:17:32,731] {logging_mixin.py:115} INFO - [2022-06-16 20:17:32,731] {dag.py:2915} INFO - Setting next_dagrun for example_branch_labels to 2022-06-15T00:00:00+00:00, run_after=2022-06-16T00:00:00+00:00
[2022-06-16 20:17:32,810] {processor.py:161} INFO - Processing /usr/local/lib/python3.10/dist-packages/airflow/example_dags/example_branch_labels.py took 0.137 seconds
[2022-06-16 20:18:17,601] {processor.py:153} INFO - Started process (PID=7857) to work on /usr/local/lib/python3.10/dist-packages/airflow/example_dags/example_branch_labels.py
[2022-06-16 20:18:17,601] {processor.py:641} INFO - Processing file /usr/local/lib/python3.10/dist-packages/airflow/example_dags/example_branch_labels.py for tasks to queue
[2022-06-16 20:18:17,602] {logging_mixin.py:115} INFO - [2022-06-16 20:18:17,602] {dagbag.py:507} INFO - Filling up the DagBag from /usr/local/lib/python3.10/dist-packages/airflow/example_dags/example_branch_labels.py
[2022-06-16 20:18:17,607] {processor.py:651} INFO - DAG(s) dict_keys(['example_branch_labels']) retrieved from /usr/local/lib/python3.10/dist-packages/airflow/example_dags/example_branch_labels.py
[2022-06-16 20:18:17,625] {logging_mixin.py:115} INFO - [2022-06-16 20:18:17,625] {dag.py:2371} INFO - Sync 1 DAGs
[2022-06-16 20:18:17,648] {logging_mixin.py:115} INFO - [2022-06-16 20:18:17,647] {dag.py:2915} INFO - Setting next_dagrun for example_branch_labels to 2022-06-15T00:00:00+00:00, run_after=2022-06-16T00:00:00+00:00
[2022-06-16 20:18:17,678] {processor.py:161} INFO - Processing /usr/local/lib/python3.10/dist-packages/airflow/example_dags/example_branch_labels.py took 0.080 seconds
[2022-06-16 20:18:57,816] {processor.py:153} INFO - Started process (PID=7937) to work on /usr/local/lib/python3.10/dist-packages/airflow/example_dags/example_branch_labels.py
[2022-06-16 20:18:57,817] {processor.py:641} INFO - Processing file /usr/local/lib/python3.10/dist-packages/airflow/example_dags/example_branch_labels.py for tasks to queue
[2022-06-16 20:18:57,817] {logging_mixin.py:115} INFO - [2022-06-16 20:18:57,817] {dagbag.py:507} INFO - Filling up the DagBag from /usr/local/lib/python3.10/dist-packages/airflow/example_dags/example_branch_labels.py
[2022-06-16 20:18:57,823] {processor.py:651} INFO - DAG(s) dict_keys(['example_branch_labels']) retrieved from /usr/local/lib/python3.10/dist-packages/airflow/example_dags/example_branch_labels.py
[2022-06-16 20:18:57,840] {logging_mixin.py:115} INFO - [2022-06-16 20:18:57,840] {dag.py:2371} INFO - Sync 1 DAGs
[2022-06-16 20:18:57,861] {logging_mixin.py:115} INFO - [2022-06-16 20:18:57,861] {dag.py:2915} INFO - Setting next_dagrun for example_branch_labels to 2022-06-15T00:00:00+00:00, run_after=2022-06-16T00:00:00+00:00
[2022-06-16 20:18:57,879] {processor.py:161} INFO - Processing /usr/local/lib/python3.10/dist-packages/airflow/example_dags/example_branch_labels.py took 0.065 seconds
[2022-06-16 20:19:36,996] {processor.py:153} INFO - Started process (PID=7990) to work on /usr/local/lib/python3.10/dist-packages/airflow/example_dags/example_branch_labels.py
[2022-06-16 20:19:36,997] {processor.py:641} INFO - Processing file /usr/local/lib/python3.10/dist-packages/airflow/example_dags/example_branch_labels.py for tasks to queue
[2022-06-16 20:19:36,997] {logging_mixin.py:115} INFO - [2022-06-16 20:19:36,997] {dagbag.py:507} INFO - Filling up the DagBag from /usr/local/lib/python3.10/dist-packages/airflow/example_dags/example_branch_labels.py
[2022-06-16 20:19:37,003] {processor.py:651} INFO - DAG(s) dict_keys(['example_branch_labels']) retrieved from /usr/local/lib/python3.10/dist-packages/airflow/example_dags/example_branch_labels.py
[2022-06-16 20:19:37,020] {logging_mixin.py:115} INFO - [2022-06-16 20:19:37,020] {dag.py:2371} INFO - Sync 1 DAGs
[2022-06-16 20:19:37,041] {logging_mixin.py:115} INFO - [2022-06-16 20:19:37,040] {dag.py:2915} INFO - Setting next_dagrun for example_branch_labels to 2022-06-15T00:00:00+00:00, run_after=2022-06-16T00:00:00+00:00
[2022-06-16 20:19:37,059] {processor.py:161} INFO - Processing /usr/local/lib/python3.10/dist-packages/airflow/example_dags/example_branch_labels.py took 0.066 seconds
[2022-06-16 20:20:16,155] {processor.py:153} INFO - Started process (PID=8063) to work on /usr/local/lib/python3.10/dist-packages/airflow/example_dags/example_branch_labels.py
[2022-06-16 20:20:16,156] {processor.py:641} INFO - Processing file /usr/local/lib/python3.10/dist-packages/airflow/example_dags/example_branch_labels.py for tasks to queue
[2022-06-16 20:20:16,157] {logging_mixin.py:115} INFO - [2022-06-16 20:20:16,157] {dagbag.py:507} INFO - Filling up the DagBag from /usr/local/lib/python3.10/dist-packages/airflow/example_dags/example_branch_labels.py
[2022-06-16 20:20:16,164] {processor.py:651} INFO - DAG(s) dict_keys(['example_branch_labels']) retrieved from /usr/local/lib/python3.10/dist-packages/airflow/example_dags/example_branch_labels.py
[2022-06-16 20:20:16,185] {logging_mixin.py:115} INFO - [2022-06-16 20:20:16,184] {dag.py:2371} INFO - Sync 1 DAGs
[2022-06-16 20:20:16,209] {logging_mixin.py:115} INFO - [2022-06-16 20:20:16,209] {dag.py:2915} INFO - Setting next_dagrun for example_branch_labels to 2022-06-15T00:00:00+00:00, run_after=2022-06-16T00:00:00+00:00
[2022-06-16 20:20:16,228] {processor.py:161} INFO - Processing /usr/local/lib/python3.10/dist-packages/airflow/example_dags/example_branch_labels.py took 0.075 seconds
[2022-06-16 20:20:54,540] {processor.py:153} INFO - Started process (PID=8110) to work on /usr/local/lib/python3.10/dist-packages/airflow/example_dags/example_branch_labels.py
[2022-06-16 20:20:54,541] {processor.py:641} INFO - Processing file /usr/local/lib/python3.10/dist-packages/airflow/example_dags/example_branch_labels.py for tasks to queue
[2022-06-16 20:20:54,541] {logging_mixin.py:115} INFO - [2022-06-16 20:20:54,541] {dagbag.py:507} INFO - Filling up the DagBag from /usr/local/lib/python3.10/dist-packages/airflow/example_dags/example_branch_labels.py
[2022-06-16 20:20:54,547] {processor.py:651} INFO - DAG(s) dict_keys(['example_branch_labels']) retrieved from /usr/local/lib/python3.10/dist-packages/airflow/example_dags/example_branch_labels.py
[2022-06-16 20:20:54,563] {logging_mixin.py:115} INFO - [2022-06-16 20:20:54,563] {dag.py:2371} INFO - Sync 1 DAGs
[2022-06-16 20:20:54,583] {logging_mixin.py:115} INFO - [2022-06-16 20:20:54,583] {dag.py:2915} INFO - Setting next_dagrun for example_branch_labels to 2022-06-15T00:00:00+00:00, run_after=2022-06-16T00:00:00+00:00
[2022-06-16 20:20:54,636] {processor.py:161} INFO - Processing /usr/local/lib/python3.10/dist-packages/airflow/example_dags/example_branch_labels.py took 0.099 seconds
[2022-06-16 20:21:33,895] {processor.py:153} INFO - Started process (PID=8156) to work on /usr/local/lib/python3.10/dist-packages/airflow/example_dags/example_branch_labels.py
[2022-06-16 20:21:33,895] {processor.py:641} INFO - Processing file /usr/local/lib/python3.10/dist-packages/airflow/example_dags/example_branch_labels.py for tasks to queue
[2022-06-16 20:21:33,896] {logging_mixin.py:115} INFO - [2022-06-16 20:21:33,896] {dagbag.py:507} INFO - Filling up the DagBag from /usr/local/lib/python3.10/dist-packages/airflow/example_dags/example_branch_labels.py
[2022-06-16 20:21:33,902] {processor.py:651} INFO - DAG(s) dict_keys(['example_branch_labels']) retrieved from /usr/local/lib/python3.10/dist-packages/airflow/example_dags/example_branch_labels.py
[2022-06-16 20:21:33,920] {logging_mixin.py:115} INFO - [2022-06-16 20:21:33,920] {dag.py:2371} INFO - Sync 1 DAGs
[2022-06-16 20:21:33,943] {logging_mixin.py:115} INFO - [2022-06-16 20:21:33,943] {dag.py:2915} INFO - Setting next_dagrun for example_branch_labels to 2022-06-15T00:00:00+00:00, run_after=2022-06-16T00:00:00+00:00
[2022-06-16 20:21:34,011] {processor.py:161} INFO - Processing /usr/local/lib/python3.10/dist-packages/airflow/example_dags/example_branch_labels.py took 0.119 seconds
[2022-06-16 20:22:12,977] {processor.py:153} INFO - Started process (PID=8199) to work on /usr/local/lib/python3.10/dist-packages/airflow/example_dags/example_branch_labels.py
[2022-06-16 20:22:12,977] {processor.py:641} INFO - Processing file /usr/local/lib/python3.10/dist-packages/airflow/example_dags/example_branch_labels.py for tasks to queue
[2022-06-16 20:22:12,978] {logging_mixin.py:115} INFO - [2022-06-16 20:22:12,977] {dagbag.py:507} INFO - Filling up the DagBag from /usr/local/lib/python3.10/dist-packages/airflow/example_dags/example_branch_labels.py
[2022-06-16 20:22:12,984] {processor.py:651} INFO - DAG(s) dict_keys(['example_branch_labels']) retrieved from /usr/local/lib/python3.10/dist-packages/airflow/example_dags/example_branch_labels.py
[2022-06-16 20:22:13,000] {logging_mixin.py:115} INFO - [2022-06-16 20:22:13,000] {dag.py:2371} INFO - Sync 1 DAGs
[2022-06-16 20:22:13,021] {logging_mixin.py:115} INFO - [2022-06-16 20:22:13,021] {dag.py:2915} INFO - Setting next_dagrun for example_branch_labels to 2022-06-15T00:00:00+00:00, run_after=2022-06-16T00:00:00+00:00
[2022-06-16 20:22:13,040] {processor.py:161} INFO - Processing /usr/local/lib/python3.10/dist-packages/airflow/example_dags/example_branch_labels.py took 0.066 seconds
[2022-06-16 20:22:57,464] {processor.py:153} INFO - Started process (PID=8266) to work on /usr/local/lib/python3.10/dist-packages/airflow/example_dags/example_branch_labels.py
[2022-06-16 20:22:57,465] {processor.py:641} INFO - Processing file /usr/local/lib/python3.10/dist-packages/airflow/example_dags/example_branch_labels.py for tasks to queue
[2022-06-16 20:22:57,465] {logging_mixin.py:115} INFO - [2022-06-16 20:22:57,465] {dagbag.py:507} INFO - Filling up the DagBag from /usr/local/lib/python3.10/dist-packages/airflow/example_dags/example_branch_labels.py
[2022-06-16 20:22:57,472] {processor.py:651} INFO - DAG(s) dict_keys(['example_branch_labels']) retrieved from /usr/local/lib/python3.10/dist-packages/airflow/example_dags/example_branch_labels.py
[2022-06-16 20:22:57,488] {logging_mixin.py:115} INFO - [2022-06-16 20:22:57,488] {dag.py:2371} INFO - Sync 1 DAGs
[2022-06-16 20:22:57,510] {logging_mixin.py:115} INFO - [2022-06-16 20:22:57,510] {dag.py:2915} INFO - Setting next_dagrun for example_branch_labels to 2022-06-15T00:00:00+00:00, run_after=2022-06-16T00:00:00+00:00
[2022-06-16 20:22:57,530] {processor.py:161} INFO - Processing /usr/local/lib/python3.10/dist-packages/airflow/example_dags/example_branch_labels.py took 0.070 seconds
[2022-06-16 20:23:35,520] {processor.py:153} INFO - Started process (PID=8310) to work on /usr/local/lib/python3.10/dist-packages/airflow/example_dags/example_branch_labels.py
[2022-06-16 20:23:35,520] {processor.py:641} INFO - Processing file /usr/local/lib/python3.10/dist-packages/airflow/example_dags/example_branch_labels.py for tasks to queue
[2022-06-16 20:23:35,521] {logging_mixin.py:115} INFO - [2022-06-16 20:23:35,521] {dagbag.py:507} INFO - Filling up the DagBag from /usr/local/lib/python3.10/dist-packages/airflow/example_dags/example_branch_labels.py
[2022-06-16 20:23:35,527] {processor.py:651} INFO - DAG(s) dict_keys(['example_branch_labels']) retrieved from /usr/local/lib/python3.10/dist-packages/airflow/example_dags/example_branch_labels.py
[2022-06-16 20:23:35,544] {logging_mixin.py:115} INFO - [2022-06-16 20:23:35,544] {dag.py:2371} INFO - Sync 1 DAGs
[2022-06-16 20:23:35,565] {logging_mixin.py:115} INFO - [2022-06-16 20:23:35,565] {dag.py:2915} INFO - Setting next_dagrun for example_branch_labels to 2022-06-15T00:00:00+00:00, run_after=2022-06-16T00:00:00+00:00
[2022-06-16 20:23:35,585] {processor.py:161} INFO - Processing /usr/local/lib/python3.10/dist-packages/airflow/example_dags/example_branch_labels.py took 0.068 seconds
[2022-06-16 20:24:15,680] {processor.py:153} INFO - Started process (PID=8392) to work on /usr/local/lib/python3.10/dist-packages/airflow/example_dags/example_branch_labels.py
[2022-06-16 20:24:15,681] {processor.py:641} INFO - Processing file /usr/local/lib/python3.10/dist-packages/airflow/example_dags/example_branch_labels.py for tasks to queue
[2022-06-16 20:24:15,681] {logging_mixin.py:115} INFO - [2022-06-16 20:24:15,681] {dagbag.py:507} INFO - Filling up the DagBag from /usr/local/lib/python3.10/dist-packages/airflow/example_dags/example_branch_labels.py
[2022-06-16 20:24:15,687] {processor.py:651} INFO - DAG(s) dict_keys(['example_branch_labels']) retrieved from /usr/local/lib/python3.10/dist-packages/airflow/example_dags/example_branch_labels.py
[2022-06-16 20:24:15,704] {logging_mixin.py:115} INFO - [2022-06-16 20:24:15,704] {dag.py:2371} INFO - Sync 1 DAGs
[2022-06-16 20:24:15,725] {logging_mixin.py:115} INFO - [2022-06-16 20:24:15,724] {dag.py:2915} INFO - Setting next_dagrun for example_branch_labels to 2022-06-15T00:00:00+00:00, run_after=2022-06-16T00:00:00+00:00
[2022-06-16 20:24:15,743] {processor.py:161} INFO - Processing /usr/local/lib/python3.10/dist-packages/airflow/example_dags/example_branch_labels.py took 0.066 seconds
[2022-06-16 20:24:54,099] {processor.py:153} INFO - Started process (PID=8451) to work on /usr/local/lib/python3.10/dist-packages/airflow/example_dags/example_branch_labels.py
[2022-06-16 20:24:54,100] {processor.py:641} INFO - Processing file /usr/local/lib/python3.10/dist-packages/airflow/example_dags/example_branch_labels.py for tasks to queue
[2022-06-16 20:24:54,100] {logging_mixin.py:115} INFO - [2022-06-16 20:24:54,100] {dagbag.py:507} INFO - Filling up the DagBag from /usr/local/lib/python3.10/dist-packages/airflow/example_dags/example_branch_labels.py
[2022-06-16 20:24:54,106] {processor.py:651} INFO - DAG(s) dict_keys(['example_branch_labels']) retrieved from /usr/local/lib/python3.10/dist-packages/airflow/example_dags/example_branch_labels.py
[2022-06-16 20:24:54,124] {logging_mixin.py:115} INFO - [2022-06-16 20:24:54,123] {dag.py:2371} INFO - Sync 1 DAGs
[2022-06-16 20:24:54,147] {logging_mixin.py:115} INFO - [2022-06-16 20:24:54,146] {dag.py:2915} INFO - Setting next_dagrun for example_branch_labels to 2022-06-15T00:00:00+00:00, run_after=2022-06-16T00:00:00+00:00
[2022-06-16 20:24:54,187] {processor.py:161} INFO - Processing /usr/local/lib/python3.10/dist-packages/airflow/example_dags/example_branch_labels.py took 0.091 seconds
[2022-06-16 20:25:31,551] {processor.py:153} INFO - Started process (PID=8498) to work on /usr/local/lib/python3.10/dist-packages/airflow/example_dags/example_branch_labels.py
[2022-06-16 20:25:31,552] {processor.py:641} INFO - Processing file /usr/local/lib/python3.10/dist-packages/airflow/example_dags/example_branch_labels.py for tasks to queue
[2022-06-16 20:25:31,553] {logging_mixin.py:115} INFO - [2022-06-16 20:25:31,553] {dagbag.py:507} INFO - Filling up the DagBag from /usr/local/lib/python3.10/dist-packages/airflow/example_dags/example_branch_labels.py
[2022-06-16 20:25:31,562] {processor.py:651} INFO - DAG(s) dict_keys(['example_branch_labels']) retrieved from /usr/local/lib/python3.10/dist-packages/airflow/example_dags/example_branch_labels.py
[2022-06-16 20:25:31,589] {logging_mixin.py:115} INFO - [2022-06-16 20:25:31,588] {dag.py:2371} INFO - Sync 1 DAGs
[2022-06-16 20:25:31,619] {logging_mixin.py:115} INFO - [2022-06-16 20:25:31,619] {dag.py:2915} INFO - Setting next_dagrun for example_branch_labels to 2022-06-15T00:00:00+00:00, run_after=2022-06-16T00:00:00+00:00
[2022-06-16 20:25:31,641] {processor.py:161} INFO - Processing /usr/local/lib/python3.10/dist-packages/airflow/example_dags/example_branch_labels.py took 0.093 seconds
[2022-06-16 20:26:09,768] {processor.py:153} INFO - Started process (PID=8542) to work on /usr/local/lib/python3.10/dist-packages/airflow/example_dags/example_branch_labels.py
[2022-06-16 20:26:09,769] {processor.py:641} INFO - Processing file /usr/local/lib/python3.10/dist-packages/airflow/example_dags/example_branch_labels.py for tasks to queue
[2022-06-16 20:26:09,769] {logging_mixin.py:115} INFO - [2022-06-16 20:26:09,769] {dagbag.py:507} INFO - Filling up the DagBag from /usr/local/lib/python3.10/dist-packages/airflow/example_dags/example_branch_labels.py
[2022-06-16 20:26:09,775] {processor.py:651} INFO - DAG(s) dict_keys(['example_branch_labels']) retrieved from /usr/local/lib/python3.10/dist-packages/airflow/example_dags/example_branch_labels.py
[2022-06-16 20:26:09,791] {logging_mixin.py:115} INFO - [2022-06-16 20:26:09,791] {dag.py:2371} INFO - Sync 1 DAGs
[2022-06-16 20:26:09,811] {logging_mixin.py:115} INFO - [2022-06-16 20:26:09,811] {dag.py:2915} INFO - Setting next_dagrun for example_branch_labels to 2022-06-15T00:00:00+00:00, run_after=2022-06-16T00:00:00+00:00
[2022-06-16 20:26:09,833] {processor.py:161} INFO - Processing /usr/local/lib/python3.10/dist-packages/airflow/example_dags/example_branch_labels.py took 0.068 seconds
[2022-06-16 20:26:48,913] {processor.py:153} INFO - Started process (PID=8601) to work on /usr/local/lib/python3.10/dist-packages/airflow/example_dags/example_branch_labels.py
[2022-06-16 20:26:48,914] {processor.py:641} INFO - Processing file /usr/local/lib/python3.10/dist-packages/airflow/example_dags/example_branch_labels.py for tasks to queue
[2022-06-16 20:26:48,915] {logging_mixin.py:115} INFO - [2022-06-16 20:26:48,914] {dagbag.py:507} INFO - Filling up the DagBag from /usr/local/lib/python3.10/dist-packages/airflow/example_dags/example_branch_labels.py
[2022-06-16 20:26:48,924] {processor.py:651} INFO - DAG(s) dict_keys(['example_branch_labels']) retrieved from /usr/local/lib/python3.10/dist-packages/airflow/example_dags/example_branch_labels.py
[2022-06-16 20:26:48,946] {logging_mixin.py:115} INFO - [2022-06-16 20:26:48,946] {dag.py:2371} INFO - Sync 1 DAGs
[2022-06-16 20:26:48,976] {logging_mixin.py:115} INFO - [2022-06-16 20:26:48,976] {dag.py:2915} INFO - Setting next_dagrun for example_branch_labels to 2022-06-15T00:00:00+00:00, run_after=2022-06-16T00:00:00+00:00
[2022-06-16 20:26:49,082] {processor.py:161} INFO - Processing /usr/local/lib/python3.10/dist-packages/airflow/example_dags/example_branch_labels.py took 0.172 seconds
