[2022-06-16 19:59:58,371] {processor.py:153} INFO - Started process (PID=5107) to work on /usr/local/lib/python3.10/dist-packages/airflow/example_dags/example_branch_operator_decorator.py
[2022-06-16 19:59:58,372] {processor.py:641} INFO - Processing file /usr/local/lib/python3.10/dist-packages/airflow/example_dags/example_branch_operator_decorator.py for tasks to queue
[2022-06-16 19:59:58,372] {logging_mixin.py:115} INFO - [2022-06-16 19:59:58,372] {dagbag.py:507} INFO - Filling up the DagBag from /usr/local/lib/python3.10/dist-packages/airflow/example_dags/example_branch_operator_decorator.py
[2022-06-16 19:59:58,394] {processor.py:651} INFO - DAG(s) dict_keys(['example_branch_python_operator_decorator']) retrieved from /usr/local/lib/python3.10/dist-packages/airflow/example_dags/example_branch_operator_decorator.py
[2022-06-16 19:59:58,411] {logging_mixin.py:115} INFO - [2022-06-16 19:59:58,411] {dag.py:2371} INFO - Sync 1 DAGs
[2022-06-16 19:59:58,439] {logging_mixin.py:115} INFO - [2022-06-16 19:59:58,438] {dag.py:2915} INFO - Setting next_dagrun for example_branch_python_operator_decorator to 2022-06-15T00:00:00+00:00, run_after=2022-06-16T00:00:00+00:00
[2022-06-16 19:59:58,481] {processor.py:161} INFO - Processing /usr/local/lib/python3.10/dist-packages/airflow/example_dags/example_branch_operator_decorator.py took 0.112 seconds
[2022-06-16 20:00:38,150] {processor.py:153} INFO - Started process (PID=5222) to work on /usr/local/lib/python3.10/dist-packages/airflow/example_dags/example_branch_operator_decorator.py
[2022-06-16 20:00:38,151] {processor.py:641} INFO - Processing file /usr/local/lib/python3.10/dist-packages/airflow/example_dags/example_branch_operator_decorator.py for tasks to queue
[2022-06-16 20:00:38,153] {logging_mixin.py:115} INFO - [2022-06-16 20:00:38,152] {dagbag.py:507} INFO - Filling up the DagBag from /usr/local/lib/python3.10/dist-packages/airflow/example_dags/example_branch_operator_decorator.py
[2022-06-16 20:00:38,176] {processor.py:651} INFO - DAG(s) dict_keys(['example_branch_python_operator_decorator']) retrieved from /usr/local/lib/python3.10/dist-packages/airflow/example_dags/example_branch_operator_decorator.py
[2022-06-16 20:00:38,195] {logging_mixin.py:115} INFO - [2022-06-16 20:00:38,194] {dag.py:2371} INFO - Sync 1 DAGs
[2022-06-16 20:00:38,217] {logging_mixin.py:115} INFO - [2022-06-16 20:00:38,217] {dag.py:2915} INFO - Setting next_dagrun for example_branch_python_operator_decorator to 2022-06-15T00:00:00+00:00, run_after=2022-06-16T00:00:00+00:00
[2022-06-16 20:00:38,240] {processor.py:161} INFO - Processing /usr/local/lib/python3.10/dist-packages/airflow/example_dags/example_branch_operator_decorator.py took 0.094 seconds
[2022-06-16 20:01:18,481] {processor.py:153} INFO - Started process (PID=5374) to work on /usr/local/lib/python3.10/dist-packages/airflow/example_dags/example_branch_operator_decorator.py
[2022-06-16 20:01:18,481] {processor.py:641} INFO - Processing file /usr/local/lib/python3.10/dist-packages/airflow/example_dags/example_branch_operator_decorator.py for tasks to queue
[2022-06-16 20:01:18,482] {logging_mixin.py:115} INFO - [2022-06-16 20:01:18,482] {dagbag.py:507} INFO - Filling up the DagBag from /usr/local/lib/python3.10/dist-packages/airflow/example_dags/example_branch_operator_decorator.py
[2022-06-16 20:01:18,502] {processor.py:651} INFO - DAG(s) dict_keys(['example_branch_python_operator_decorator']) retrieved from /usr/local/lib/python3.10/dist-packages/airflow/example_dags/example_branch_operator_decorator.py
[2022-06-16 20:01:18,519] {logging_mixin.py:115} INFO - [2022-06-16 20:01:18,519] {dag.py:2371} INFO - Sync 1 DAGs
[2022-06-16 20:01:18,540] {logging_mixin.py:115} INFO - [2022-06-16 20:01:18,540] {dag.py:2915} INFO - Setting next_dagrun for example_branch_python_operator_decorator to 2022-06-15T00:00:00+00:00, run_after=2022-06-16T00:00:00+00:00
[2022-06-16 20:01:18,559] {processor.py:161} INFO - Processing /usr/local/lib/python3.10/dist-packages/airflow/example_dags/example_branch_operator_decorator.py took 0.081 seconds
[2022-06-16 20:02:03,461] {processor.py:153} INFO - Started process (PID=5513) to work on /usr/local/lib/python3.10/dist-packages/airflow/example_dags/example_branch_operator_decorator.py
[2022-06-16 20:02:03,462] {processor.py:641} INFO - Processing file /usr/local/lib/python3.10/dist-packages/airflow/example_dags/example_branch_operator_decorator.py for tasks to queue
[2022-06-16 20:02:03,463] {logging_mixin.py:115} INFO - [2022-06-16 20:02:03,463] {dagbag.py:507} INFO - Filling up the DagBag from /usr/local/lib/python3.10/dist-packages/airflow/example_dags/example_branch_operator_decorator.py
[2022-06-16 20:02:03,484] {processor.py:651} INFO - DAG(s) dict_keys(['example_branch_python_operator_decorator']) retrieved from /usr/local/lib/python3.10/dist-packages/airflow/example_dags/example_branch_operator_decorator.py
[2022-06-16 20:02:03,506] {logging_mixin.py:115} INFO - [2022-06-16 20:02:03,506] {dag.py:2371} INFO - Sync 1 DAGs
[2022-06-16 20:02:03,534] {logging_mixin.py:115} INFO - [2022-06-16 20:02:03,534] {dag.py:2915} INFO - Setting next_dagrun for example_branch_python_operator_decorator to 2022-06-15T00:00:00+00:00, run_after=2022-06-16T00:00:00+00:00
[2022-06-16 20:02:03,555] {processor.py:161} INFO - Processing /usr/local/lib/python3.10/dist-packages/airflow/example_dags/example_branch_operator_decorator.py took 0.097 seconds
[2022-06-16 20:02:47,601] {processor.py:153} INFO - Started process (PID=5604) to work on /usr/local/lib/python3.10/dist-packages/airflow/example_dags/example_branch_operator_decorator.py
[2022-06-16 20:02:47,601] {processor.py:641} INFO - Processing file /usr/local/lib/python3.10/dist-packages/airflow/example_dags/example_branch_operator_decorator.py for tasks to queue
[2022-06-16 20:02:47,602] {logging_mixin.py:115} INFO - [2022-06-16 20:02:47,602] {dagbag.py:507} INFO - Filling up the DagBag from /usr/local/lib/python3.10/dist-packages/airflow/example_dags/example_branch_operator_decorator.py
[2022-06-16 20:02:47,622] {processor.py:651} INFO - DAG(s) dict_keys(['example_branch_python_operator_decorator']) retrieved from /usr/local/lib/python3.10/dist-packages/airflow/example_dags/example_branch_operator_decorator.py
[2022-06-16 20:02:47,639] {logging_mixin.py:115} INFO - [2022-06-16 20:02:47,639] {dag.py:2371} INFO - Sync 1 DAGs
[2022-06-16 20:02:47,661] {logging_mixin.py:115} INFO - [2022-06-16 20:02:47,661] {dag.py:2915} INFO - Setting next_dagrun for example_branch_python_operator_decorator to 2022-06-15T00:00:00+00:00, run_after=2022-06-16T00:00:00+00:00
[2022-06-16 20:02:47,711] {processor.py:161} INFO - Processing /usr/local/lib/python3.10/dist-packages/airflow/example_dags/example_branch_operator_decorator.py took 0.113 seconds
[2022-06-16 20:03:34,969] {processor.py:153} INFO - Started process (PID=5717) to work on /usr/local/lib/python3.10/dist-packages/airflow/example_dags/example_branch_operator_decorator.py
[2022-06-16 20:03:34,970] {processor.py:641} INFO - Processing file /usr/local/lib/python3.10/dist-packages/airflow/example_dags/example_branch_operator_decorator.py for tasks to queue
[2022-06-16 20:03:34,970] {logging_mixin.py:115} INFO - [2022-06-16 20:03:34,970] {dagbag.py:507} INFO - Filling up the DagBag from /usr/local/lib/python3.10/dist-packages/airflow/example_dags/example_branch_operator_decorator.py
[2022-06-16 20:03:34,989] {processor.py:651} INFO - DAG(s) dict_keys(['example_branch_python_operator_decorator']) retrieved from /usr/local/lib/python3.10/dist-packages/airflow/example_dags/example_branch_operator_decorator.py
[2022-06-16 20:03:35,006] {logging_mixin.py:115} INFO - [2022-06-16 20:03:35,005] {dag.py:2371} INFO - Sync 1 DAGs
[2022-06-16 20:03:35,031] {logging_mixin.py:115} INFO - [2022-06-16 20:03:35,031] {dag.py:2915} INFO - Setting next_dagrun for example_branch_python_operator_decorator to 2022-06-15T00:00:00+00:00, run_after=2022-06-16T00:00:00+00:00
[2022-06-16 20:03:35,051] {processor.py:161} INFO - Processing /usr/local/lib/python3.10/dist-packages/airflow/example_dags/example_branch_operator_decorator.py took 0.084 seconds
[2022-06-16 20:04:13,758] {processor.py:153} INFO - Started process (PID=5839) to work on /usr/local/lib/python3.10/dist-packages/airflow/example_dags/example_branch_operator_decorator.py
[2022-06-16 20:04:13,759] {processor.py:641} INFO - Processing file /usr/local/lib/python3.10/dist-packages/airflow/example_dags/example_branch_operator_decorator.py for tasks to queue
[2022-06-16 20:04:13,759] {logging_mixin.py:115} INFO - [2022-06-16 20:04:13,759] {dagbag.py:507} INFO - Filling up the DagBag from /usr/local/lib/python3.10/dist-packages/airflow/example_dags/example_branch_operator_decorator.py
[2022-06-16 20:04:13,778] {processor.py:651} INFO - DAG(s) dict_keys(['example_branch_python_operator_decorator']) retrieved from /usr/local/lib/python3.10/dist-packages/airflow/example_dags/example_branch_operator_decorator.py
[2022-06-16 20:04:13,795] {logging_mixin.py:115} INFO - [2022-06-16 20:04:13,795] {dag.py:2371} INFO - Sync 1 DAGs
[2022-06-16 20:04:13,816] {logging_mixin.py:115} INFO - [2022-06-16 20:04:13,816] {dag.py:2915} INFO - Setting next_dagrun for example_branch_python_operator_decorator to 2022-06-15T00:00:00+00:00, run_after=2022-06-16T00:00:00+00:00
[2022-06-16 20:04:13,835] {processor.py:161} INFO - Processing /usr/local/lib/python3.10/dist-packages/airflow/example_dags/example_branch_operator_decorator.py took 0.080 seconds
[2022-06-16 20:04:54,256] {processor.py:153} INFO - Started process (PID=5929) to work on /usr/local/lib/python3.10/dist-packages/airflow/example_dags/example_branch_operator_decorator.py
[2022-06-16 20:04:54,257] {processor.py:641} INFO - Processing file /usr/local/lib/python3.10/dist-packages/airflow/example_dags/example_branch_operator_decorator.py for tasks to queue
[2022-06-16 20:04:54,257] {logging_mixin.py:115} INFO - [2022-06-16 20:04:54,257] {dagbag.py:507} INFO - Filling up the DagBag from /usr/local/lib/python3.10/dist-packages/airflow/example_dags/example_branch_operator_decorator.py
[2022-06-16 20:04:54,277] {processor.py:651} INFO - DAG(s) dict_keys(['example_branch_python_operator_decorator']) retrieved from /usr/local/lib/python3.10/dist-packages/airflow/example_dags/example_branch_operator_decorator.py
[2022-06-16 20:04:54,294] {logging_mixin.py:115} INFO - [2022-06-16 20:04:54,293] {dag.py:2371} INFO - Sync 1 DAGs
[2022-06-16 20:04:54,315] {logging_mixin.py:115} INFO - [2022-06-16 20:04:54,314] {dag.py:2915} INFO - Setting next_dagrun for example_branch_python_operator_decorator to 2022-06-15T00:00:00+00:00, run_after=2022-06-16T00:00:00+00:00
[2022-06-16 20:04:54,425] {processor.py:161} INFO - Processing /usr/local/lib/python3.10/dist-packages/airflow/example_dags/example_branch_operator_decorator.py took 0.171 seconds
[2022-06-16 20:05:37,357] {processor.py:153} INFO - Started process (PID=6035) to work on /usr/local/lib/python3.10/dist-packages/airflow/example_dags/example_branch_operator_decorator.py
[2022-06-16 20:05:37,357] {processor.py:641} INFO - Processing file /usr/local/lib/python3.10/dist-packages/airflow/example_dags/example_branch_operator_decorator.py for tasks to queue
[2022-06-16 20:05:37,358] {logging_mixin.py:115} INFO - [2022-06-16 20:05:37,358] {dagbag.py:507} INFO - Filling up the DagBag from /usr/local/lib/python3.10/dist-packages/airflow/example_dags/example_branch_operator_decorator.py
[2022-06-16 20:05:37,380] {processor.py:651} INFO - DAG(s) dict_keys(['example_branch_python_operator_decorator']) retrieved from /usr/local/lib/python3.10/dist-packages/airflow/example_dags/example_branch_operator_decorator.py
[2022-06-16 20:05:37,400] {logging_mixin.py:115} INFO - [2022-06-16 20:05:37,400] {dag.py:2371} INFO - Sync 1 DAGs
[2022-06-16 20:05:37,424] {logging_mixin.py:115} INFO - [2022-06-16 20:05:37,424] {dag.py:2915} INFO - Setting next_dagrun for example_branch_python_operator_decorator to 2022-06-15T00:00:00+00:00, run_after=2022-06-16T00:00:00+00:00
[2022-06-16 20:05:37,454] {processor.py:161} INFO - Processing /usr/local/lib/python3.10/dist-packages/airflow/example_dags/example_branch_operator_decorator.py took 0.101 seconds
[2022-06-16 20:06:20,789] {processor.py:153} INFO - Started process (PID=6132) to work on /usr/local/lib/python3.10/dist-packages/airflow/example_dags/example_branch_operator_decorator.py
[2022-06-16 20:06:20,790] {processor.py:641} INFO - Processing file /usr/local/lib/python3.10/dist-packages/airflow/example_dags/example_branch_operator_decorator.py for tasks to queue
[2022-06-16 20:06:20,790] {logging_mixin.py:115} INFO - [2022-06-16 20:06:20,790] {dagbag.py:507} INFO - Filling up the DagBag from /usr/local/lib/python3.10/dist-packages/airflow/example_dags/example_branch_operator_decorator.py
[2022-06-16 20:06:20,809] {processor.py:651} INFO - DAG(s) dict_keys(['example_branch_python_operator_decorator']) retrieved from /usr/local/lib/python3.10/dist-packages/airflow/example_dags/example_branch_operator_decorator.py
[2022-06-16 20:06:20,826] {logging_mixin.py:115} INFO - [2022-06-16 20:06:20,826] {dag.py:2371} INFO - Sync 1 DAGs
[2022-06-16 20:06:20,846] {logging_mixin.py:115} INFO - [2022-06-16 20:06:20,846] {dag.py:2915} INFO - Setting next_dagrun for example_branch_python_operator_decorator to 2022-06-15T00:00:00+00:00, run_after=2022-06-16T00:00:00+00:00
[2022-06-16 20:06:20,906] {processor.py:161} INFO - Processing /usr/local/lib/python3.10/dist-packages/airflow/example_dags/example_branch_operator_decorator.py took 0.119 seconds
[2022-06-16 20:07:00,398] {processor.py:153} INFO - Started process (PID=6224) to work on /usr/local/lib/python3.10/dist-packages/airflow/example_dags/example_branch_operator_decorator.py
[2022-06-16 20:07:00,398] {processor.py:641} INFO - Processing file /usr/local/lib/python3.10/dist-packages/airflow/example_dags/example_branch_operator_decorator.py for tasks to queue
[2022-06-16 20:07:00,399] {logging_mixin.py:115} INFO - [2022-06-16 20:07:00,399] {dagbag.py:507} INFO - Filling up the DagBag from /usr/local/lib/python3.10/dist-packages/airflow/example_dags/example_branch_operator_decorator.py
[2022-06-16 20:07:00,418] {processor.py:651} INFO - DAG(s) dict_keys(['example_branch_python_operator_decorator']) retrieved from /usr/local/lib/python3.10/dist-packages/airflow/example_dags/example_branch_operator_decorator.py
[2022-06-16 20:07:00,434] {logging_mixin.py:115} INFO - [2022-06-16 20:07:00,434] {dag.py:2371} INFO - Sync 1 DAGs
[2022-06-16 20:07:00,455] {logging_mixin.py:115} INFO - [2022-06-16 20:07:00,455] {dag.py:2915} INFO - Setting next_dagrun for example_branch_python_operator_decorator to 2022-06-15T00:00:00+00:00, run_after=2022-06-16T00:00:00+00:00
[2022-06-16 20:07:00,473] {processor.py:161} INFO - Processing /usr/local/lib/python3.10/dist-packages/airflow/example_dags/example_branch_operator_decorator.py took 0.078 seconds
[2022-06-16 20:07:39,652] {processor.py:153} INFO - Started process (PID=6317) to work on /usr/local/lib/python3.10/dist-packages/airflow/example_dags/example_branch_operator_decorator.py
[2022-06-16 20:07:39,653] {processor.py:641} INFO - Processing file /usr/local/lib/python3.10/dist-packages/airflow/example_dags/example_branch_operator_decorator.py for tasks to queue
[2022-06-16 20:07:39,654] {logging_mixin.py:115} INFO - [2022-06-16 20:07:39,653] {dagbag.py:507} INFO - Filling up the DagBag from /usr/local/lib/python3.10/dist-packages/airflow/example_dags/example_branch_operator_decorator.py
[2022-06-16 20:07:39,673] {processor.py:651} INFO - DAG(s) dict_keys(['example_branch_python_operator_decorator']) retrieved from /usr/local/lib/python3.10/dist-packages/airflow/example_dags/example_branch_operator_decorator.py
[2022-06-16 20:07:39,690] {logging_mixin.py:115} INFO - [2022-06-16 20:07:39,690] {dag.py:2371} INFO - Sync 1 DAGs
[2022-06-16 20:07:39,711] {logging_mixin.py:115} INFO - [2022-06-16 20:07:39,711] {dag.py:2915} INFO - Setting next_dagrun for example_branch_python_operator_decorator to 2022-06-15T00:00:00+00:00, run_after=2022-06-16T00:00:00+00:00
[2022-06-16 20:07:39,729] {processor.py:161} INFO - Processing /usr/local/lib/python3.10/dist-packages/airflow/example_dags/example_branch_operator_decorator.py took 0.079 seconds
[2022-06-16 20:08:23,231] {processor.py:153} INFO - Started process (PID=6417) to work on /usr/local/lib/python3.10/dist-packages/airflow/example_dags/example_branch_operator_decorator.py
[2022-06-16 20:08:23,232] {processor.py:641} INFO - Processing file /usr/local/lib/python3.10/dist-packages/airflow/example_dags/example_branch_operator_decorator.py for tasks to queue
[2022-06-16 20:08:23,233] {logging_mixin.py:115} INFO - [2022-06-16 20:08:23,233] {dagbag.py:507} INFO - Filling up the DagBag from /usr/local/lib/python3.10/dist-packages/airflow/example_dags/example_branch_operator_decorator.py
[2022-06-16 20:08:23,252] {processor.py:651} INFO - DAG(s) dict_keys(['example_branch_python_operator_decorator']) retrieved from /usr/local/lib/python3.10/dist-packages/airflow/example_dags/example_branch_operator_decorator.py
[2022-06-16 20:08:23,270] {logging_mixin.py:115} INFO - [2022-06-16 20:08:23,270] {dag.py:2371} INFO - Sync 1 DAGs
[2022-06-16 20:08:23,291] {logging_mixin.py:115} INFO - [2022-06-16 20:08:23,291] {dag.py:2915} INFO - Setting next_dagrun for example_branch_python_operator_decorator to 2022-06-15T00:00:00+00:00, run_after=2022-06-16T00:00:00+00:00
[2022-06-16 20:08:23,336] {processor.py:161} INFO - Processing /usr/local/lib/python3.10/dist-packages/airflow/example_dags/example_branch_operator_decorator.py took 0.107 seconds
[2022-06-16 20:09:11,241] {processor.py:153} INFO - Started process (PID=6560) to work on /usr/local/lib/python3.10/dist-packages/airflow/example_dags/example_branch_operator_decorator.py
[2022-06-16 20:09:11,242] {processor.py:641} INFO - Processing file /usr/local/lib/python3.10/dist-packages/airflow/example_dags/example_branch_operator_decorator.py for tasks to queue
[2022-06-16 20:09:11,243] {logging_mixin.py:115} INFO - [2022-06-16 20:09:11,243] {dagbag.py:507} INFO - Filling up the DagBag from /usr/local/lib/python3.10/dist-packages/airflow/example_dags/example_branch_operator_decorator.py
[2022-06-16 20:09:11,262] {processor.py:651} INFO - DAG(s) dict_keys(['example_branch_python_operator_decorator']) retrieved from /usr/local/lib/python3.10/dist-packages/airflow/example_dags/example_branch_operator_decorator.py
[2022-06-16 20:09:11,282] {logging_mixin.py:115} INFO - [2022-06-16 20:09:11,281] {dag.py:2371} INFO - Sync 1 DAGs
[2022-06-16 20:09:11,303] {logging_mixin.py:115} INFO - [2022-06-16 20:09:11,302] {dag.py:2915} INFO - Setting next_dagrun for example_branch_python_operator_decorator to 2022-06-15T00:00:00+00:00, run_after=2022-06-16T00:00:00+00:00
[2022-06-16 20:09:11,354] {processor.py:161} INFO - Processing /usr/local/lib/python3.10/dist-packages/airflow/example_dags/example_branch_operator_decorator.py took 0.115 seconds
[2022-06-16 20:09:59,784] {processor.py:153} INFO - Started process (PID=6651) to work on /usr/local/lib/python3.10/dist-packages/airflow/example_dags/example_branch_operator_decorator.py
[2022-06-16 20:09:59,858] {processor.py:641} INFO - Processing file /usr/local/lib/python3.10/dist-packages/airflow/example_dags/example_branch_operator_decorator.py for tasks to queue
[2022-06-16 20:09:59,859] {logging_mixin.py:115} INFO - [2022-06-16 20:09:59,859] {dagbag.py:507} INFO - Filling up the DagBag from /usr/local/lib/python3.10/dist-packages/airflow/example_dags/example_branch_operator_decorator.py
[2022-06-16 20:09:59,879] {processor.py:651} INFO - DAG(s) dict_keys(['example_branch_python_operator_decorator']) retrieved from /usr/local/lib/python3.10/dist-packages/airflow/example_dags/example_branch_operator_decorator.py
[2022-06-16 20:09:59,896] {logging_mixin.py:115} INFO - [2022-06-16 20:09:59,896] {dag.py:2371} INFO - Sync 1 DAGs
[2022-06-16 20:09:59,917] {logging_mixin.py:115} INFO - [2022-06-16 20:09:59,917] {dag.py:2915} INFO - Setting next_dagrun for example_branch_python_operator_decorator to 2022-06-15T00:00:00+00:00, run_after=2022-06-16T00:00:00+00:00
[2022-06-16 20:10:00,035] {processor.py:161} INFO - Processing /usr/local/lib/python3.10/dist-packages/airflow/example_dags/example_branch_operator_decorator.py took 0.253 seconds
[2022-06-16 20:10:39,600] {processor.py:153} INFO - Started process (PID=6741) to work on /usr/local/lib/python3.10/dist-packages/airflow/example_dags/example_branch_operator_decorator.py
[2022-06-16 20:10:39,600] {processor.py:641} INFO - Processing file /usr/local/lib/python3.10/dist-packages/airflow/example_dags/example_branch_operator_decorator.py for tasks to queue
[2022-06-16 20:10:39,601] {logging_mixin.py:115} INFO - [2022-06-16 20:10:39,601] {dagbag.py:507} INFO - Filling up the DagBag from /usr/local/lib/python3.10/dist-packages/airflow/example_dags/example_branch_operator_decorator.py
[2022-06-16 20:10:39,621] {processor.py:651} INFO - DAG(s) dict_keys(['example_branch_python_operator_decorator']) retrieved from /usr/local/lib/python3.10/dist-packages/airflow/example_dags/example_branch_operator_decorator.py
[2022-06-16 20:10:39,638] {logging_mixin.py:115} INFO - [2022-06-16 20:10:39,638] {dag.py:2371} INFO - Sync 1 DAGs
[2022-06-16 20:10:39,659] {logging_mixin.py:115} INFO - [2022-06-16 20:10:39,659] {dag.py:2915} INFO - Setting next_dagrun for example_branch_python_operator_decorator to 2022-06-15T00:00:00+00:00, run_after=2022-06-16T00:00:00+00:00
[2022-06-16 20:10:39,773] {processor.py:161} INFO - Processing /usr/local/lib/python3.10/dist-packages/airflow/example_dags/example_branch_operator_decorator.py took 0.176 seconds
[2022-06-16 20:11:23,294] {processor.py:153} INFO - Started process (PID=6848) to work on /usr/local/lib/python3.10/dist-packages/airflow/example_dags/example_branch_operator_decorator.py
[2022-06-16 20:11:23,294] {processor.py:641} INFO - Processing file /usr/local/lib/python3.10/dist-packages/airflow/example_dags/example_branch_operator_decorator.py for tasks to queue
[2022-06-16 20:11:23,295] {logging_mixin.py:115} INFO - [2022-06-16 20:11:23,295] {dagbag.py:507} INFO - Filling up the DagBag from /usr/local/lib/python3.10/dist-packages/airflow/example_dags/example_branch_operator_decorator.py
[2022-06-16 20:11:23,314] {processor.py:651} INFO - DAG(s) dict_keys(['example_branch_python_operator_decorator']) retrieved from /usr/local/lib/python3.10/dist-packages/airflow/example_dags/example_branch_operator_decorator.py
[2022-06-16 20:11:23,331] {logging_mixin.py:115} INFO - [2022-06-16 20:11:23,331] {dag.py:2371} INFO - Sync 1 DAGs
[2022-06-16 20:11:23,352] {logging_mixin.py:115} INFO - [2022-06-16 20:11:23,352] {dag.py:2915} INFO - Setting next_dagrun for example_branch_python_operator_decorator to 2022-06-15T00:00:00+00:00, run_after=2022-06-16T00:00:00+00:00
[2022-06-16 20:11:23,376] {processor.py:161} INFO - Processing /usr/local/lib/python3.10/dist-packages/airflow/example_dags/example_branch_operator_decorator.py took 0.085 seconds
[2022-06-16 20:12:05,700] {processor.py:153} INFO - Started process (PID=6943) to work on /usr/local/lib/python3.10/dist-packages/airflow/example_dags/example_branch_operator_decorator.py
[2022-06-16 20:12:05,701] {processor.py:641} INFO - Processing file /usr/local/lib/python3.10/dist-packages/airflow/example_dags/example_branch_operator_decorator.py for tasks to queue
[2022-06-16 20:12:05,701] {logging_mixin.py:115} INFO - [2022-06-16 20:12:05,701] {dagbag.py:507} INFO - Filling up the DagBag from /usr/local/lib/python3.10/dist-packages/airflow/example_dags/example_branch_operator_decorator.py
[2022-06-16 20:12:05,720] {processor.py:651} INFO - DAG(s) dict_keys(['example_branch_python_operator_decorator']) retrieved from /usr/local/lib/python3.10/dist-packages/airflow/example_dags/example_branch_operator_decorator.py
[2022-06-16 20:12:05,737] {logging_mixin.py:115} INFO - [2022-06-16 20:12:05,737] {dag.py:2371} INFO - Sync 1 DAGs
[2022-06-16 20:12:05,757] {logging_mixin.py:115} INFO - [2022-06-16 20:12:05,756] {dag.py:2915} INFO - Setting next_dagrun for example_branch_python_operator_decorator to 2022-06-15T00:00:00+00:00, run_after=2022-06-16T00:00:00+00:00
[2022-06-16 20:12:05,777] {processor.py:161} INFO - Processing /usr/local/lib/python3.10/dist-packages/airflow/example_dags/example_branch_operator_decorator.py took 0.079 seconds
[2022-06-16 20:12:47,639] {processor.py:153} INFO - Started process (PID=7041) to work on /usr/local/lib/python3.10/dist-packages/airflow/example_dags/example_branch_operator_decorator.py
[2022-06-16 20:12:47,640] {processor.py:641} INFO - Processing file /usr/local/lib/python3.10/dist-packages/airflow/example_dags/example_branch_operator_decorator.py for tasks to queue
[2022-06-16 20:12:47,641] {logging_mixin.py:115} INFO - [2022-06-16 20:12:47,641] {dagbag.py:507} INFO - Filling up the DagBag from /usr/local/lib/python3.10/dist-packages/airflow/example_dags/example_branch_operator_decorator.py
[2022-06-16 20:12:47,661] {processor.py:651} INFO - DAG(s) dict_keys(['example_branch_python_operator_decorator']) retrieved from /usr/local/lib/python3.10/dist-packages/airflow/example_dags/example_branch_operator_decorator.py
[2022-06-16 20:12:47,679] {logging_mixin.py:115} INFO - [2022-06-16 20:12:47,679] {dag.py:2371} INFO - Sync 1 DAGs
[2022-06-16 20:12:47,700] {logging_mixin.py:115} INFO - [2022-06-16 20:12:47,699] {dag.py:2915} INFO - Setting next_dagrun for example_branch_python_operator_decorator to 2022-06-15T00:00:00+00:00, run_after=2022-06-16T00:00:00+00:00
[2022-06-16 20:12:47,808] {processor.py:161} INFO - Processing /usr/local/lib/python3.10/dist-packages/airflow/example_dags/example_branch_operator_decorator.py took 0.171 seconds
[2022-06-16 20:13:27,908] {processor.py:153} INFO - Started process (PID=7135) to work on /usr/local/lib/python3.10/dist-packages/airflow/example_dags/example_branch_operator_decorator.py
[2022-06-16 20:13:27,910] {processor.py:641} INFO - Processing file /usr/local/lib/python3.10/dist-packages/airflow/example_dags/example_branch_operator_decorator.py for tasks to queue
[2022-06-16 20:13:27,910] {logging_mixin.py:115} INFO - [2022-06-16 20:13:27,910] {dagbag.py:507} INFO - Filling up the DagBag from /usr/local/lib/python3.10/dist-packages/airflow/example_dags/example_branch_operator_decorator.py
[2022-06-16 20:13:27,931] {processor.py:651} INFO - DAG(s) dict_keys(['example_branch_python_operator_decorator']) retrieved from /usr/local/lib/python3.10/dist-packages/airflow/example_dags/example_branch_operator_decorator.py
[2022-06-16 20:13:27,951] {logging_mixin.py:115} INFO - [2022-06-16 20:13:27,951] {dag.py:2371} INFO - Sync 1 DAGs
[2022-06-16 20:13:27,972] {logging_mixin.py:115} INFO - [2022-06-16 20:13:27,971] {dag.py:2915} INFO - Setting next_dagrun for example_branch_python_operator_decorator to 2022-06-15T00:00:00+00:00, run_after=2022-06-16T00:00:00+00:00
[2022-06-16 20:13:28,083] {processor.py:161} INFO - Processing /usr/local/lib/python3.10/dist-packages/airflow/example_dags/example_branch_operator_decorator.py took 0.178 seconds
[2022-06-16 20:14:11,972] {processor.py:153} INFO - Started process (PID=7275) to work on /usr/local/lib/python3.10/dist-packages/airflow/example_dags/example_branch_operator_decorator.py
[2022-06-16 20:14:11,973] {processor.py:641} INFO - Processing file /usr/local/lib/python3.10/dist-packages/airflow/example_dags/example_branch_operator_decorator.py for tasks to queue
[2022-06-16 20:14:11,973] {logging_mixin.py:115} INFO - [2022-06-16 20:14:11,973] {dagbag.py:507} INFO - Filling up the DagBag from /usr/local/lib/python3.10/dist-packages/airflow/example_dags/example_branch_operator_decorator.py
[2022-06-16 20:14:11,994] {processor.py:651} INFO - DAG(s) dict_keys(['example_branch_python_operator_decorator']) retrieved from /usr/local/lib/python3.10/dist-packages/airflow/example_dags/example_branch_operator_decorator.py
[2022-06-16 20:14:12,011] {logging_mixin.py:115} INFO - [2022-06-16 20:14:12,010] {dag.py:2371} INFO - Sync 1 DAGs
[2022-06-16 20:14:12,031] {logging_mixin.py:115} INFO - [2022-06-16 20:14:12,031] {dag.py:2915} INFO - Setting next_dagrun for example_branch_python_operator_decorator to 2022-06-15T00:00:00+00:00, run_after=2022-06-16T00:00:00+00:00
[2022-06-16 20:14:12,050] {processor.py:161} INFO - Processing /usr/local/lib/python3.10/dist-packages/airflow/example_dags/example_branch_operator_decorator.py took 0.081 seconds
[2022-06-16 20:14:49,243] {processor.py:153} INFO - Started process (PID=7368) to work on /usr/local/lib/python3.10/dist-packages/airflow/example_dags/example_branch_operator_decorator.py
[2022-06-16 20:14:49,244] {processor.py:641} INFO - Processing file /usr/local/lib/python3.10/dist-packages/airflow/example_dags/example_branch_operator_decorator.py for tasks to queue
[2022-06-16 20:14:49,245] {logging_mixin.py:115} INFO - [2022-06-16 20:14:49,244] {dagbag.py:507} INFO - Filling up the DagBag from /usr/local/lib/python3.10/dist-packages/airflow/example_dags/example_branch_operator_decorator.py
[2022-06-16 20:14:49,264] {processor.py:651} INFO - DAG(s) dict_keys(['example_branch_python_operator_decorator']) retrieved from /usr/local/lib/python3.10/dist-packages/airflow/example_dags/example_branch_operator_decorator.py
[2022-06-16 20:14:49,281] {logging_mixin.py:115} INFO - [2022-06-16 20:14:49,280] {dag.py:2371} INFO - Sync 1 DAGs
[2022-06-16 20:14:49,301] {logging_mixin.py:115} INFO - [2022-06-16 20:14:49,301] {dag.py:2915} INFO - Setting next_dagrun for example_branch_python_operator_decorator to 2022-06-15T00:00:00+00:00, run_after=2022-06-16T00:00:00+00:00
[2022-06-16 20:14:49,328] {processor.py:161} INFO - Processing /usr/local/lib/python3.10/dist-packages/airflow/example_dags/example_branch_operator_decorator.py took 0.087 seconds
[2022-06-16 20:15:29,526] {processor.py:153} INFO - Started process (PID=7464) to work on /usr/local/lib/python3.10/dist-packages/airflow/example_dags/example_branch_operator_decorator.py
[2022-06-16 20:15:29,526] {processor.py:641} INFO - Processing file /usr/local/lib/python3.10/dist-packages/airflow/example_dags/example_branch_operator_decorator.py for tasks to queue
[2022-06-16 20:15:29,527] {logging_mixin.py:115} INFO - [2022-06-16 20:15:29,527] {dagbag.py:507} INFO - Filling up the DagBag from /usr/local/lib/python3.10/dist-packages/airflow/example_dags/example_branch_operator_decorator.py
[2022-06-16 20:15:29,547] {processor.py:651} INFO - DAG(s) dict_keys(['example_branch_python_operator_decorator']) retrieved from /usr/local/lib/python3.10/dist-packages/airflow/example_dags/example_branch_operator_decorator.py
[2022-06-16 20:15:29,563] {logging_mixin.py:115} INFO - [2022-06-16 20:15:29,563] {dag.py:2371} INFO - Sync 1 DAGs
[2022-06-16 20:15:29,583] {logging_mixin.py:115} INFO - [2022-06-16 20:15:29,583] {dag.py:2915} INFO - Setting next_dagrun for example_branch_python_operator_decorator to 2022-06-15T00:00:00+00:00, run_after=2022-06-16T00:00:00+00:00
[2022-06-16 20:15:29,632] {processor.py:161} INFO - Processing /usr/local/lib/python3.10/dist-packages/airflow/example_dags/example_branch_operator_decorator.py took 0.109 seconds
[2022-06-16 20:16:15,811] {processor.py:153} INFO - Started process (PID=7570) to work on /usr/local/lib/python3.10/dist-packages/airflow/example_dags/example_branch_operator_decorator.py
[2022-06-16 20:16:15,812] {processor.py:641} INFO - Processing file /usr/local/lib/python3.10/dist-packages/airflow/example_dags/example_branch_operator_decorator.py for tasks to queue
[2022-06-16 20:16:15,812] {logging_mixin.py:115} INFO - [2022-06-16 20:16:15,812] {dagbag.py:507} INFO - Filling up the DagBag from /usr/local/lib/python3.10/dist-packages/airflow/example_dags/example_branch_operator_decorator.py
[2022-06-16 20:16:15,832] {processor.py:651} INFO - DAG(s) dict_keys(['example_branch_python_operator_decorator']) retrieved from /usr/local/lib/python3.10/dist-packages/airflow/example_dags/example_branch_operator_decorator.py
[2022-06-16 20:16:15,849] {logging_mixin.py:115} INFO - [2022-06-16 20:16:15,848] {dag.py:2371} INFO - Sync 1 DAGs
[2022-06-16 20:16:15,868] {logging_mixin.py:115} INFO - [2022-06-16 20:16:15,868] {dag.py:2915} INFO - Setting next_dagrun for example_branch_python_operator_decorator to 2022-06-15T00:00:00+00:00, run_after=2022-06-16T00:00:00+00:00
[2022-06-16 20:16:15,886] {processor.py:161} INFO - Processing /usr/local/lib/python3.10/dist-packages/airflow/example_dags/example_branch_operator_decorator.py took 0.078 seconds
[2022-06-16 20:17:02,289] {processor.py:153} INFO - Started process (PID=7678) to work on /usr/local/lib/python3.10/dist-packages/airflow/example_dags/example_branch_operator_decorator.py
[2022-06-16 20:17:02,290] {processor.py:641} INFO - Processing file /usr/local/lib/python3.10/dist-packages/airflow/example_dags/example_branch_operator_decorator.py for tasks to queue
[2022-06-16 20:17:02,290] {logging_mixin.py:115} INFO - [2022-06-16 20:17:02,290] {dagbag.py:507} INFO - Filling up the DagBag from /usr/local/lib/python3.10/dist-packages/airflow/example_dags/example_branch_operator_decorator.py
[2022-06-16 20:17:02,310] {processor.py:651} INFO - DAG(s) dict_keys(['example_branch_python_operator_decorator']) retrieved from /usr/local/lib/python3.10/dist-packages/airflow/example_dags/example_branch_operator_decorator.py
[2022-06-16 20:17:02,326] {logging_mixin.py:115} INFO - [2022-06-16 20:17:02,326] {dag.py:2371} INFO - Sync 1 DAGs
[2022-06-16 20:17:02,345] {logging_mixin.py:115} INFO - [2022-06-16 20:17:02,345] {dag.py:2915} INFO - Setting next_dagrun for example_branch_python_operator_decorator to 2022-06-15T00:00:00+00:00, run_after=2022-06-16T00:00:00+00:00
[2022-06-16 20:17:02,393] {processor.py:161} INFO - Processing /usr/local/lib/python3.10/dist-packages/airflow/example_dags/example_branch_operator_decorator.py took 0.106 seconds
[2022-06-16 20:17:41,673] {processor.py:153} INFO - Started process (PID=7775) to work on /usr/local/lib/python3.10/dist-packages/airflow/example_dags/example_branch_operator_decorator.py
[2022-06-16 20:17:41,674] {processor.py:641} INFO - Processing file /usr/local/lib/python3.10/dist-packages/airflow/example_dags/example_branch_operator_decorator.py for tasks to queue
[2022-06-16 20:17:41,674] {logging_mixin.py:115} INFO - [2022-06-16 20:17:41,674] {dagbag.py:507} INFO - Filling up the DagBag from /usr/local/lib/python3.10/dist-packages/airflow/example_dags/example_branch_operator_decorator.py
[2022-06-16 20:17:41,694] {processor.py:651} INFO - DAG(s) dict_keys(['example_branch_python_operator_decorator']) retrieved from /usr/local/lib/python3.10/dist-packages/airflow/example_dags/example_branch_operator_decorator.py
[2022-06-16 20:17:41,711] {logging_mixin.py:115} INFO - [2022-06-16 20:17:41,711] {dag.py:2371} INFO - Sync 1 DAGs
[2022-06-16 20:17:41,731] {logging_mixin.py:115} INFO - [2022-06-16 20:17:41,731] {dag.py:2915} INFO - Setting next_dagrun for example_branch_python_operator_decorator to 2022-06-15T00:00:00+00:00, run_after=2022-06-16T00:00:00+00:00
[2022-06-16 20:17:41,751] {processor.py:161} INFO - Processing /usr/local/lib/python3.10/dist-packages/airflow/example_dags/example_branch_operator_decorator.py took 0.081 seconds
[2022-06-16 20:18:30,248] {processor.py:153} INFO - Started process (PID=7869) to work on /usr/local/lib/python3.10/dist-packages/airflow/example_dags/example_branch_operator_decorator.py
[2022-06-16 20:18:30,249] {processor.py:641} INFO - Processing file /usr/local/lib/python3.10/dist-packages/airflow/example_dags/example_branch_operator_decorator.py for tasks to queue
[2022-06-16 20:18:30,249] {logging_mixin.py:115} INFO - [2022-06-16 20:18:30,249] {dagbag.py:507} INFO - Filling up the DagBag from /usr/local/lib/python3.10/dist-packages/airflow/example_dags/example_branch_operator_decorator.py
[2022-06-16 20:18:30,268] {processor.py:651} INFO - DAG(s) dict_keys(['example_branch_python_operator_decorator']) retrieved from /usr/local/lib/python3.10/dist-packages/airflow/example_dags/example_branch_operator_decorator.py
[2022-06-16 20:18:30,285] {logging_mixin.py:115} INFO - [2022-06-16 20:18:30,285] {dag.py:2371} INFO - Sync 1 DAGs
[2022-06-16 20:18:30,305] {logging_mixin.py:115} INFO - [2022-06-16 20:18:30,304] {dag.py:2915} INFO - Setting next_dagrun for example_branch_python_operator_decorator to 2022-06-15T00:00:00+00:00, run_after=2022-06-16T00:00:00+00:00
[2022-06-16 20:18:30,323] {processor.py:161} INFO - Processing /usr/local/lib/python3.10/dist-packages/airflow/example_dags/example_branch_operator_decorator.py took 0.078 seconds
[2022-06-16 20:19:09,500] {processor.py:153} INFO - Started process (PID=7954) to work on /usr/local/lib/python3.10/dist-packages/airflow/example_dags/example_branch_operator_decorator.py
[2022-06-16 20:19:09,500] {processor.py:641} INFO - Processing file /usr/local/lib/python3.10/dist-packages/airflow/example_dags/example_branch_operator_decorator.py for tasks to queue
[2022-06-16 20:19:09,501] {logging_mixin.py:115} INFO - [2022-06-16 20:19:09,501] {dagbag.py:507} INFO - Filling up the DagBag from /usr/local/lib/python3.10/dist-packages/airflow/example_dags/example_branch_operator_decorator.py
[2022-06-16 20:19:09,520] {processor.py:651} INFO - DAG(s) dict_keys(['example_branch_python_operator_decorator']) retrieved from /usr/local/lib/python3.10/dist-packages/airflow/example_dags/example_branch_operator_decorator.py
[2022-06-16 20:19:09,537] {logging_mixin.py:115} INFO - [2022-06-16 20:19:09,537] {dag.py:2371} INFO - Sync 1 DAGs
[2022-06-16 20:19:09,558] {logging_mixin.py:115} INFO - [2022-06-16 20:19:09,558] {dag.py:2915} INFO - Setting next_dagrun for example_branch_python_operator_decorator to 2022-06-15T00:00:00+00:00, run_after=2022-06-16T00:00:00+00:00
[2022-06-16 20:19:09,577] {processor.py:161} INFO - Processing /usr/local/lib/python3.10/dist-packages/airflow/example_dags/example_branch_operator_decorator.py took 0.080 seconds
[2022-06-16 20:19:49,872] {processor.py:153} INFO - Started process (PID=8021) to work on /usr/local/lib/python3.10/dist-packages/airflow/example_dags/example_branch_operator_decorator.py
[2022-06-16 20:19:49,873] {processor.py:641} INFO - Processing file /usr/local/lib/python3.10/dist-packages/airflow/example_dags/example_branch_operator_decorator.py for tasks to queue
[2022-06-16 20:19:49,874] {logging_mixin.py:115} INFO - [2022-06-16 20:19:49,874] {dagbag.py:507} INFO - Filling up the DagBag from /usr/local/lib/python3.10/dist-packages/airflow/example_dags/example_branch_operator_decorator.py
[2022-06-16 20:19:49,893] {processor.py:651} INFO - DAG(s) dict_keys(['example_branch_python_operator_decorator']) retrieved from /usr/local/lib/python3.10/dist-packages/airflow/example_dags/example_branch_operator_decorator.py
[2022-06-16 20:19:49,914] {logging_mixin.py:115} INFO - [2022-06-16 20:19:49,914] {dag.py:2371} INFO - Sync 1 DAGs
[2022-06-16 20:19:49,935] {logging_mixin.py:115} INFO - [2022-06-16 20:19:49,935] {dag.py:2915} INFO - Setting next_dagrun for example_branch_python_operator_decorator to 2022-06-15T00:00:00+00:00, run_after=2022-06-16T00:00:00+00:00
[2022-06-16 20:19:49,954] {processor.py:161} INFO - Processing /usr/local/lib/python3.10/dist-packages/airflow/example_dags/example_branch_operator_decorator.py took 0.085 seconds
[2022-06-16 20:20:35,202] {processor.py:153} INFO - Started process (PID=8089) to work on /usr/local/lib/python3.10/dist-packages/airflow/example_dags/example_branch_operator_decorator.py
[2022-06-16 20:20:35,203] {processor.py:641} INFO - Processing file /usr/local/lib/python3.10/dist-packages/airflow/example_dags/example_branch_operator_decorator.py for tasks to queue
[2022-06-16 20:20:35,204] {logging_mixin.py:115} INFO - [2022-06-16 20:20:35,204] {dagbag.py:507} INFO - Filling up the DagBag from /usr/local/lib/python3.10/dist-packages/airflow/example_dags/example_branch_operator_decorator.py
[2022-06-16 20:20:35,229] {processor.py:651} INFO - DAG(s) dict_keys(['example_branch_python_operator_decorator']) retrieved from /usr/local/lib/python3.10/dist-packages/airflow/example_dags/example_branch_operator_decorator.py
[2022-06-16 20:20:35,246] {logging_mixin.py:115} INFO - [2022-06-16 20:20:35,246] {dag.py:2371} INFO - Sync 1 DAGs
[2022-06-16 20:20:35,267] {logging_mixin.py:115} INFO - [2022-06-16 20:20:35,267] {dag.py:2915} INFO - Setting next_dagrun for example_branch_python_operator_decorator to 2022-06-15T00:00:00+00:00, run_after=2022-06-16T00:00:00+00:00
[2022-06-16 20:20:35,286] {processor.py:161} INFO - Processing /usr/local/lib/python3.10/dist-packages/airflow/example_dags/example_branch_operator_decorator.py took 0.087 seconds
[2022-06-16 20:21:14,758] {processor.py:153} INFO - Started process (PID=8137) to work on /usr/local/lib/python3.10/dist-packages/airflow/example_dags/example_branch_operator_decorator.py
[2022-06-16 20:21:14,759] {processor.py:641} INFO - Processing file /usr/local/lib/python3.10/dist-packages/airflow/example_dags/example_branch_operator_decorator.py for tasks to queue
[2022-06-16 20:21:14,759] {logging_mixin.py:115} INFO - [2022-06-16 20:21:14,759] {dagbag.py:507} INFO - Filling up the DagBag from /usr/local/lib/python3.10/dist-packages/airflow/example_dags/example_branch_operator_decorator.py
[2022-06-16 20:21:14,779] {processor.py:651} INFO - DAG(s) dict_keys(['example_branch_python_operator_decorator']) retrieved from /usr/local/lib/python3.10/dist-packages/airflow/example_dags/example_branch_operator_decorator.py
[2022-06-16 20:21:14,796] {logging_mixin.py:115} INFO - [2022-06-16 20:21:14,795] {dag.py:2371} INFO - Sync 1 DAGs
[2022-06-16 20:21:14,819] {logging_mixin.py:115} INFO - [2022-06-16 20:21:14,818] {dag.py:2915} INFO - Setting next_dagrun for example_branch_python_operator_decorator to 2022-06-15T00:00:00+00:00, run_after=2022-06-16T00:00:00+00:00
[2022-06-16 20:21:14,838] {processor.py:161} INFO - Processing /usr/local/lib/python3.10/dist-packages/airflow/example_dags/example_branch_operator_decorator.py took 0.083 seconds
[2022-06-16 20:22:03,977] {processor.py:153} INFO - Started process (PID=8189) to work on /usr/local/lib/python3.10/dist-packages/airflow/example_dags/example_branch_operator_decorator.py
[2022-06-16 20:22:03,978] {processor.py:641} INFO - Processing file /usr/local/lib/python3.10/dist-packages/airflow/example_dags/example_branch_operator_decorator.py for tasks to queue
[2022-06-16 20:22:03,979] {logging_mixin.py:115} INFO - [2022-06-16 20:22:03,979] {dagbag.py:507} INFO - Filling up the DagBag from /usr/local/lib/python3.10/dist-packages/airflow/example_dags/example_branch_operator_decorator.py
[2022-06-16 20:22:03,998] {processor.py:651} INFO - DAG(s) dict_keys(['example_branch_python_operator_decorator']) retrieved from /usr/local/lib/python3.10/dist-packages/airflow/example_dags/example_branch_operator_decorator.py
[2022-06-16 20:22:04,015] {logging_mixin.py:115} INFO - [2022-06-16 20:22:04,015] {dag.py:2371} INFO - Sync 1 DAGs
[2022-06-16 20:22:04,036] {logging_mixin.py:115} INFO - [2022-06-16 20:22:04,036] {dag.py:2915} INFO - Setting next_dagrun for example_branch_python_operator_decorator to 2022-06-15T00:00:00+00:00, run_after=2022-06-16T00:00:00+00:00
[2022-06-16 20:22:04,063] {processor.py:161} INFO - Processing /usr/local/lib/python3.10/dist-packages/airflow/example_dags/example_branch_operator_decorator.py took 0.088 seconds
[2022-06-16 20:22:48,581] {processor.py:153} INFO - Started process (PID=8255) to work on /usr/local/lib/python3.10/dist-packages/airflow/example_dags/example_branch_operator_decorator.py
[2022-06-16 20:22:48,582] {processor.py:641} INFO - Processing file /usr/local/lib/python3.10/dist-packages/airflow/example_dags/example_branch_operator_decorator.py for tasks to queue
[2022-06-16 20:22:48,583] {logging_mixin.py:115} INFO - [2022-06-16 20:22:48,583] {dagbag.py:507} INFO - Filling up the DagBag from /usr/local/lib/python3.10/dist-packages/airflow/example_dags/example_branch_operator_decorator.py
[2022-06-16 20:22:48,602] {processor.py:651} INFO - DAG(s) dict_keys(['example_branch_python_operator_decorator']) retrieved from /usr/local/lib/python3.10/dist-packages/airflow/example_dags/example_branch_operator_decorator.py
[2022-06-16 20:22:48,619] {logging_mixin.py:115} INFO - [2022-06-16 20:22:48,619] {dag.py:2371} INFO - Sync 1 DAGs
[2022-06-16 20:22:48,640] {logging_mixin.py:115} INFO - [2022-06-16 20:22:48,639] {dag.py:2915} INFO - Setting next_dagrun for example_branch_python_operator_decorator to 2022-06-15T00:00:00+00:00, run_after=2022-06-16T00:00:00+00:00
[2022-06-16 20:22:48,660] {processor.py:161} INFO - Processing /usr/local/lib/python3.10/dist-packages/airflow/example_dags/example_branch_operator_decorator.py took 0.081 seconds
[2022-06-16 20:23:26,737] {processor.py:153} INFO - Started process (PID=8302) to work on /usr/local/lib/python3.10/dist-packages/airflow/example_dags/example_branch_operator_decorator.py
[2022-06-16 20:23:26,803] {processor.py:641} INFO - Processing file /usr/local/lib/python3.10/dist-packages/airflow/example_dags/example_branch_operator_decorator.py for tasks to queue
[2022-06-16 20:23:26,804] {logging_mixin.py:115} INFO - [2022-06-16 20:23:26,804] {dagbag.py:507} INFO - Filling up the DagBag from /usr/local/lib/python3.10/dist-packages/airflow/example_dags/example_branch_operator_decorator.py
[2022-06-16 20:23:26,824] {processor.py:651} INFO - DAG(s) dict_keys(['example_branch_python_operator_decorator']) retrieved from /usr/local/lib/python3.10/dist-packages/airflow/example_dags/example_branch_operator_decorator.py
[2022-06-16 20:23:26,841] {logging_mixin.py:115} INFO - [2022-06-16 20:23:26,841] {dag.py:2371} INFO - Sync 1 DAGs
[2022-06-16 20:23:26,862] {logging_mixin.py:115} INFO - [2022-06-16 20:23:26,862] {dag.py:2915} INFO - Setting next_dagrun for example_branch_python_operator_decorator to 2022-06-15T00:00:00+00:00, run_after=2022-06-16T00:00:00+00:00
[2022-06-16 20:23:26,981] {processor.py:161} INFO - Processing /usr/local/lib/python3.10/dist-packages/airflow/example_dags/example_branch_operator_decorator.py took 0.247 seconds
[2022-06-16 20:24:06,140] {processor.py:153} INFO - Started process (PID=8375) to work on /usr/local/lib/python3.10/dist-packages/airflow/example_dags/example_branch_operator_decorator.py
[2022-06-16 20:24:06,141] {processor.py:641} INFO - Processing file /usr/local/lib/python3.10/dist-packages/airflow/example_dags/example_branch_operator_decorator.py for tasks to queue
[2022-06-16 20:24:06,141] {logging_mixin.py:115} INFO - [2022-06-16 20:24:06,141] {dagbag.py:507} INFO - Filling up the DagBag from /usr/local/lib/python3.10/dist-packages/airflow/example_dags/example_branch_operator_decorator.py
[2022-06-16 20:24:06,161] {processor.py:651} INFO - DAG(s) dict_keys(['example_branch_python_operator_decorator']) retrieved from /usr/local/lib/python3.10/dist-packages/airflow/example_dags/example_branch_operator_decorator.py
[2022-06-16 20:24:06,178] {logging_mixin.py:115} INFO - [2022-06-16 20:24:06,178] {dag.py:2371} INFO - Sync 1 DAGs
[2022-06-16 20:24:06,199] {logging_mixin.py:115} INFO - [2022-06-16 20:24:06,199] {dag.py:2915} INFO - Setting next_dagrun for example_branch_python_operator_decorator to 2022-06-15T00:00:00+00:00, run_after=2022-06-16T00:00:00+00:00
[2022-06-16 20:24:06,252] {processor.py:161} INFO - Processing /usr/local/lib/python3.10/dist-packages/airflow/example_dags/example_branch_operator_decorator.py took 0.115 seconds
[2022-06-16 20:24:46,947] {processor.py:153} INFO - Started process (PID=8443) to work on /usr/local/lib/python3.10/dist-packages/airflow/example_dags/example_branch_operator_decorator.py
[2022-06-16 20:24:46,949] {processor.py:641} INFO - Processing file /usr/local/lib/python3.10/dist-packages/airflow/example_dags/example_branch_operator_decorator.py for tasks to queue
[2022-06-16 20:24:46,950] {logging_mixin.py:115} INFO - [2022-06-16 20:24:46,950] {dagbag.py:507} INFO - Filling up the DagBag from /usr/local/lib/python3.10/dist-packages/airflow/example_dags/example_branch_operator_decorator.py
[2022-06-16 20:24:46,978] {processor.py:651} INFO - DAG(s) dict_keys(['example_branch_python_operator_decorator']) retrieved from /usr/local/lib/python3.10/dist-packages/airflow/example_dags/example_branch_operator_decorator.py
[2022-06-16 20:24:46,996] {logging_mixin.py:115} INFO - [2022-06-16 20:24:46,996] {dag.py:2371} INFO - Sync 1 DAGs
[2022-06-16 20:24:47,017] {logging_mixin.py:115} INFO - [2022-06-16 20:24:47,017] {dag.py:2915} INFO - Setting next_dagrun for example_branch_python_operator_decorator to 2022-06-15T00:00:00+00:00, run_after=2022-06-16T00:00:00+00:00
[2022-06-16 20:24:47,036] {processor.py:161} INFO - Processing /usr/local/lib/python3.10/dist-packages/airflow/example_dags/example_branch_operator_decorator.py took 0.092 seconds
[2022-06-16 20:25:33,929] {processor.py:153} INFO - Started process (PID=8500) to work on /usr/local/lib/python3.10/dist-packages/airflow/example_dags/example_branch_operator_decorator.py
[2022-06-16 20:25:33,952] {processor.py:641} INFO - Processing file /usr/local/lib/python3.10/dist-packages/airflow/example_dags/example_branch_operator_decorator.py for tasks to queue
[2022-06-16 20:25:33,952] {logging_mixin.py:115} INFO - [2022-06-16 20:25:33,952] {dagbag.py:507} INFO - Filling up the DagBag from /usr/local/lib/python3.10/dist-packages/airflow/example_dags/example_branch_operator_decorator.py
[2022-06-16 20:25:33,979] {processor.py:651} INFO - DAG(s) dict_keys(['example_branch_python_operator_decorator']) retrieved from /usr/local/lib/python3.10/dist-packages/airflow/example_dags/example_branch_operator_decorator.py
[2022-06-16 20:25:34,002] {logging_mixin.py:115} INFO - [2022-06-16 20:25:34,002] {dag.py:2371} INFO - Sync 1 DAGs
[2022-06-16 20:25:34,031] {logging_mixin.py:115} INFO - [2022-06-16 20:25:34,031] {dag.py:2915} INFO - Setting next_dagrun for example_branch_python_operator_decorator to 2022-06-15T00:00:00+00:00, run_after=2022-06-16T00:00:00+00:00
[2022-06-16 20:25:34,136] {processor.py:161} INFO - Processing /usr/local/lib/python3.10/dist-packages/airflow/example_dags/example_branch_operator_decorator.py took 0.210 seconds
[2022-06-16 20:26:18,482] {processor.py:153} INFO - Started process (PID=8551) to work on /usr/local/lib/python3.10/dist-packages/airflow/example_dags/example_branch_operator_decorator.py
[2022-06-16 20:26:18,483] {processor.py:641} INFO - Processing file /usr/local/lib/python3.10/dist-packages/airflow/example_dags/example_branch_operator_decorator.py for tasks to queue
[2022-06-16 20:26:18,484] {logging_mixin.py:115} INFO - [2022-06-16 20:26:18,484] {dagbag.py:507} INFO - Filling up the DagBag from /usr/local/lib/python3.10/dist-packages/airflow/example_dags/example_branch_operator_decorator.py
[2022-06-16 20:26:18,504] {processor.py:651} INFO - DAG(s) dict_keys(['example_branch_python_operator_decorator']) retrieved from /usr/local/lib/python3.10/dist-packages/airflow/example_dags/example_branch_operator_decorator.py
[2022-06-16 20:26:18,521] {logging_mixin.py:115} INFO - [2022-06-16 20:26:18,520] {dag.py:2371} INFO - Sync 1 DAGs
[2022-06-16 20:26:18,541] {logging_mixin.py:115} INFO - [2022-06-16 20:26:18,541] {dag.py:2915} INFO - Setting next_dagrun for example_branch_python_operator_decorator to 2022-06-15T00:00:00+00:00, run_after=2022-06-16T00:00:00+00:00
[2022-06-16 20:26:18,560] {processor.py:161} INFO - Processing /usr/local/lib/python3.10/dist-packages/airflow/example_dags/example_branch_operator_decorator.py took 0.080 seconds
