[2022-06-16 19:59:59,604] {processor.py:153} INFO - Started process (PID=5108) to work on /usr/local/lib/python3.10/dist-packages/airflow/example_dags/example_branch_operator.py
[2022-06-16 19:59:59,605] {processor.py:641} INFO - Processing file /usr/local/lib/python3.10/dist-packages/airflow/example_dags/example_branch_operator.py for tasks to queue
[2022-06-16 19:59:59,605] {logging_mixin.py:115} INFO - [2022-06-16 19:59:59,605] {dagbag.py:507} INFO - Filling up the DagBag from /usr/local/lib/python3.10/dist-packages/airflow/example_dags/example_branch_operator.py
[2022-06-16 19:59:59,618] {processor.py:651} INFO - DAG(s) dict_keys(['example_branch_operator']) retrieved from /usr/local/lib/python3.10/dist-packages/airflow/example_dags/example_branch_operator.py
[2022-06-16 19:59:59,636] {logging_mixin.py:115} INFO - [2022-06-16 19:59:59,636] {dag.py:2371} INFO - Sync 1 DAGs
[2022-06-16 19:59:59,657] {logging_mixin.py:115} INFO - [2022-06-16 19:59:59,656] {dag.py:2915} INFO - Setting next_dagrun for example_branch_operator to 2022-06-15T00:00:00+00:00, run_after=2022-06-16T00:00:00+00:00
[2022-06-16 19:59:59,756] {processor.py:161} INFO - Processing /usr/local/lib/python3.10/dist-packages/airflow/example_dags/example_branch_operator.py took 0.156 seconds
[2022-06-16 20:00:39,179] {processor.py:153} INFO - Started process (PID=5223) to work on /usr/local/lib/python3.10/dist-packages/airflow/example_dags/example_branch_operator.py
[2022-06-16 20:00:39,180] {processor.py:641} INFO - Processing file /usr/local/lib/python3.10/dist-packages/airflow/example_dags/example_branch_operator.py for tasks to queue
[2022-06-16 20:00:39,181] {logging_mixin.py:115} INFO - [2022-06-16 20:00:39,181] {dagbag.py:507} INFO - Filling up the DagBag from /usr/local/lib/python3.10/dist-packages/airflow/example_dags/example_branch_operator.py
[2022-06-16 20:00:39,194] {processor.py:651} INFO - DAG(s) dict_keys(['example_branch_operator']) retrieved from /usr/local/lib/python3.10/dist-packages/airflow/example_dags/example_branch_operator.py
[2022-06-16 20:00:39,218] {logging_mixin.py:115} INFO - [2022-06-16 20:00:39,217] {dag.py:2371} INFO - Sync 1 DAGs
[2022-06-16 20:00:39,241] {logging_mixin.py:115} INFO - [2022-06-16 20:00:39,241] {dag.py:2915} INFO - Setting next_dagrun for example_branch_operator to 2022-06-15T00:00:00+00:00, run_after=2022-06-16T00:00:00+00:00
[2022-06-16 20:00:39,263] {processor.py:161} INFO - Processing /usr/local/lib/python3.10/dist-packages/airflow/example_dags/example_branch_operator.py took 0.088 seconds
[2022-06-16 20:01:27,410] {processor.py:153} INFO - Started process (PID=5391) to work on /usr/local/lib/python3.10/dist-packages/airflow/example_dags/example_branch_operator.py
[2022-06-16 20:01:27,411] {processor.py:641} INFO - Processing file /usr/local/lib/python3.10/dist-packages/airflow/example_dags/example_branch_operator.py for tasks to queue
[2022-06-16 20:01:27,412] {logging_mixin.py:115} INFO - [2022-06-16 20:01:27,412] {dagbag.py:507} INFO - Filling up the DagBag from /usr/local/lib/python3.10/dist-packages/airflow/example_dags/example_branch_operator.py
[2022-06-16 20:01:27,427] {processor.py:651} INFO - DAG(s) dict_keys(['example_branch_operator']) retrieved from /usr/local/lib/python3.10/dist-packages/airflow/example_dags/example_branch_operator.py
[2022-06-16 20:01:27,454] {logging_mixin.py:115} INFO - [2022-06-16 20:01:27,453] {dag.py:2371} INFO - Sync 1 DAGs
[2022-06-16 20:01:27,477] {logging_mixin.py:115} INFO - [2022-06-16 20:01:27,477] {dag.py:2915} INFO - Setting next_dagrun for example_branch_operator to 2022-06-15T00:00:00+00:00, run_after=2022-06-16T00:00:00+00:00
[2022-06-16 20:01:27,503] {processor.py:161} INFO - Processing /usr/local/lib/python3.10/dist-packages/airflow/example_dags/example_branch_operator.py took 0.097 seconds
[2022-06-16 20:02:11,534] {processor.py:153} INFO - Started process (PID=5523) to work on /usr/local/lib/python3.10/dist-packages/airflow/example_dags/example_branch_operator.py
[2022-06-16 20:02:11,535] {processor.py:641} INFO - Processing file /usr/local/lib/python3.10/dist-packages/airflow/example_dags/example_branch_operator.py for tasks to queue
[2022-06-16 20:02:11,535] {logging_mixin.py:115} INFO - [2022-06-16 20:02:11,535] {dagbag.py:507} INFO - Filling up the DagBag from /usr/local/lib/python3.10/dist-packages/airflow/example_dags/example_branch_operator.py
[2022-06-16 20:02:11,546] {processor.py:651} INFO - DAG(s) dict_keys(['example_branch_operator']) retrieved from /usr/local/lib/python3.10/dist-packages/airflow/example_dags/example_branch_operator.py
[2022-06-16 20:02:11,572] {logging_mixin.py:115} INFO - [2022-06-16 20:02:11,572] {dag.py:2371} INFO - Sync 1 DAGs
[2022-06-16 20:02:11,604] {logging_mixin.py:115} INFO - [2022-06-16 20:02:11,603] {dag.py:2915} INFO - Setting next_dagrun for example_branch_operator to 2022-06-15T00:00:00+00:00, run_after=2022-06-16T00:00:00+00:00
[2022-06-16 20:02:11,640] {processor.py:161} INFO - Processing /usr/local/lib/python3.10/dist-packages/airflow/example_dags/example_branch_operator.py took 0.108 seconds
[2022-06-16 20:02:55,580] {processor.py:153} INFO - Started process (PID=5624) to work on /usr/local/lib/python3.10/dist-packages/airflow/example_dags/example_branch_operator.py
[2022-06-16 20:02:55,581] {processor.py:641} INFO - Processing file /usr/local/lib/python3.10/dist-packages/airflow/example_dags/example_branch_operator.py for tasks to queue
[2022-06-16 20:02:55,582] {logging_mixin.py:115} INFO - [2022-06-16 20:02:55,582] {dagbag.py:507} INFO - Filling up the DagBag from /usr/local/lib/python3.10/dist-packages/airflow/example_dags/example_branch_operator.py
[2022-06-16 20:02:55,592] {processor.py:651} INFO - DAG(s) dict_keys(['example_branch_operator']) retrieved from /usr/local/lib/python3.10/dist-packages/airflow/example_dags/example_branch_operator.py
[2022-06-16 20:02:55,608] {logging_mixin.py:115} INFO - [2022-06-16 20:02:55,608] {dag.py:2371} INFO - Sync 1 DAGs
[2022-06-16 20:02:55,631] {logging_mixin.py:115} INFO - [2022-06-16 20:02:55,631] {dag.py:2915} INFO - Setting next_dagrun for example_branch_operator to 2022-06-15T00:00:00+00:00, run_after=2022-06-16T00:00:00+00:00
[2022-06-16 20:02:55,751] {processor.py:161} INFO - Processing /usr/local/lib/python3.10/dist-packages/airflow/example_dags/example_branch_operator.py took 0.173 seconds
[2022-06-16 20:03:36,118] {processor.py:153} INFO - Started process (PID=5724) to work on /usr/local/lib/python3.10/dist-packages/airflow/example_dags/example_branch_operator.py
[2022-06-16 20:03:36,119] {processor.py:641} INFO - Processing file /usr/local/lib/python3.10/dist-packages/airflow/example_dags/example_branch_operator.py for tasks to queue
[2022-06-16 20:03:36,120] {logging_mixin.py:115} INFO - [2022-06-16 20:03:36,119] {dagbag.py:507} INFO - Filling up the DagBag from /usr/local/lib/python3.10/dist-packages/airflow/example_dags/example_branch_operator.py
[2022-06-16 20:03:36,130] {processor.py:651} INFO - DAG(s) dict_keys(['example_branch_operator']) retrieved from /usr/local/lib/python3.10/dist-packages/airflow/example_dags/example_branch_operator.py
[2022-06-16 20:03:36,147] {logging_mixin.py:115} INFO - [2022-06-16 20:03:36,147] {dag.py:2371} INFO - Sync 1 DAGs
[2022-06-16 20:03:36,168] {logging_mixin.py:115} INFO - [2022-06-16 20:03:36,168] {dag.py:2915} INFO - Setting next_dagrun for example_branch_operator to 2022-06-15T00:00:00+00:00, run_after=2022-06-16T00:00:00+00:00
[2022-06-16 20:03:36,195] {processor.py:161} INFO - Processing /usr/local/lib/python3.10/dist-packages/airflow/example_dags/example_branch_operator.py took 0.079 seconds
[2022-06-16 20:04:14,890] {processor.py:153} INFO - Started process (PID=5840) to work on /usr/local/lib/python3.10/dist-packages/airflow/example_dags/example_branch_operator.py
[2022-06-16 20:04:14,890] {processor.py:641} INFO - Processing file /usr/local/lib/python3.10/dist-packages/airflow/example_dags/example_branch_operator.py for tasks to queue
[2022-06-16 20:04:14,891] {logging_mixin.py:115} INFO - [2022-06-16 20:04:14,891] {dagbag.py:507} INFO - Filling up the DagBag from /usr/local/lib/python3.10/dist-packages/airflow/example_dags/example_branch_operator.py
[2022-06-16 20:04:14,902] {processor.py:651} INFO - DAG(s) dict_keys(['example_branch_operator']) retrieved from /usr/local/lib/python3.10/dist-packages/airflow/example_dags/example_branch_operator.py
[2022-06-16 20:04:14,919] {logging_mixin.py:115} INFO - [2022-06-16 20:04:14,919] {dag.py:2371} INFO - Sync 1 DAGs
[2022-06-16 20:04:14,942] {logging_mixin.py:115} INFO - [2022-06-16 20:04:14,941] {dag.py:2915} INFO - Setting next_dagrun for example_branch_operator to 2022-06-15T00:00:00+00:00, run_after=2022-06-16T00:00:00+00:00
[2022-06-16 20:04:14,986] {processor.py:161} INFO - Processing /usr/local/lib/python3.10/dist-packages/airflow/example_dags/example_branch_operator.py took 0.100 seconds
[2022-06-16 20:05:03,503] {processor.py:153} INFO - Started process (PID=5955) to work on /usr/local/lib/python3.10/dist-packages/airflow/example_dags/example_branch_operator.py
[2022-06-16 20:05:03,504] {processor.py:641} INFO - Processing file /usr/local/lib/python3.10/dist-packages/airflow/example_dags/example_branch_operator.py for tasks to queue
[2022-06-16 20:05:03,504] {logging_mixin.py:115} INFO - [2022-06-16 20:05:03,504] {dagbag.py:507} INFO - Filling up the DagBag from /usr/local/lib/python3.10/dist-packages/airflow/example_dags/example_branch_operator.py
[2022-06-16 20:05:03,515] {processor.py:651} INFO - DAG(s) dict_keys(['example_branch_operator']) retrieved from /usr/local/lib/python3.10/dist-packages/airflow/example_dags/example_branch_operator.py
[2022-06-16 20:05:03,534] {logging_mixin.py:115} INFO - [2022-06-16 20:05:03,534] {dag.py:2371} INFO - Sync 1 DAGs
[2022-06-16 20:05:03,555] {logging_mixin.py:115} INFO - [2022-06-16 20:05:03,555] {dag.py:2915} INFO - Setting next_dagrun for example_branch_operator to 2022-06-15T00:00:00+00:00, run_after=2022-06-16T00:00:00+00:00
[2022-06-16 20:05:03,625] {processor.py:161} INFO - Processing /usr/local/lib/python3.10/dist-packages/airflow/example_dags/example_branch_operator.py took 0.124 seconds
[2022-06-16 20:05:44,599] {processor.py:153} INFO - Started process (PID=6050) to work on /usr/local/lib/python3.10/dist-packages/airflow/example_dags/example_branch_operator.py
[2022-06-16 20:05:44,600] {processor.py:641} INFO - Processing file /usr/local/lib/python3.10/dist-packages/airflow/example_dags/example_branch_operator.py for tasks to queue
[2022-06-16 20:05:44,601] {logging_mixin.py:115} INFO - [2022-06-16 20:05:44,600] {dagbag.py:507} INFO - Filling up the DagBag from /usr/local/lib/python3.10/dist-packages/airflow/example_dags/example_branch_operator.py
[2022-06-16 20:05:44,611] {processor.py:651} INFO - DAG(s) dict_keys(['example_branch_operator']) retrieved from /usr/local/lib/python3.10/dist-packages/airflow/example_dags/example_branch_operator.py
[2022-06-16 20:05:44,628] {logging_mixin.py:115} INFO - [2022-06-16 20:05:44,628] {dag.py:2371} INFO - Sync 1 DAGs
[2022-06-16 20:05:44,648] {logging_mixin.py:115} INFO - [2022-06-16 20:05:44,648] {dag.py:2915} INFO - Setting next_dagrun for example_branch_operator to 2022-06-15T00:00:00+00:00, run_after=2022-06-16T00:00:00+00:00
[2022-06-16 20:05:44,697] {processor.py:161} INFO - Processing /usr/local/lib/python3.10/dist-packages/airflow/example_dags/example_branch_operator.py took 0.101 seconds
[2022-06-16 20:06:29,790] {processor.py:153} INFO - Started process (PID=6153) to work on /usr/local/lib/python3.10/dist-packages/airflow/example_dags/example_branch_operator.py
[2022-06-16 20:06:29,791] {processor.py:641} INFO - Processing file /usr/local/lib/python3.10/dist-packages/airflow/example_dags/example_branch_operator.py for tasks to queue
[2022-06-16 20:06:29,791] {logging_mixin.py:115} INFO - [2022-06-16 20:06:29,791] {dagbag.py:507} INFO - Filling up the DagBag from /usr/local/lib/python3.10/dist-packages/airflow/example_dags/example_branch_operator.py
[2022-06-16 20:06:29,801] {processor.py:651} INFO - DAG(s) dict_keys(['example_branch_operator']) retrieved from /usr/local/lib/python3.10/dist-packages/airflow/example_dags/example_branch_operator.py
[2022-06-16 20:06:29,818] {logging_mixin.py:115} INFO - [2022-06-16 20:06:29,818] {dag.py:2371} INFO - Sync 1 DAGs
[2022-06-16 20:06:29,839] {logging_mixin.py:115} INFO - [2022-06-16 20:06:29,839] {dag.py:2915} INFO - Setting next_dagrun for example_branch_operator to 2022-06-15T00:00:00+00:00, run_after=2022-06-16T00:00:00+00:00
[2022-06-16 20:06:29,858] {processor.py:161} INFO - Processing /usr/local/lib/python3.10/dist-packages/airflow/example_dags/example_branch_operator.py took 0.071 seconds
[2022-06-16 20:07:10,092] {processor.py:153} INFO - Started process (PID=6247) to work on /usr/local/lib/python3.10/dist-packages/airflow/example_dags/example_branch_operator.py
[2022-06-16 20:07:10,093] {processor.py:641} INFO - Processing file /usr/local/lib/python3.10/dist-packages/airflow/example_dags/example_branch_operator.py for tasks to queue
[2022-06-16 20:07:10,093] {logging_mixin.py:115} INFO - [2022-06-16 20:07:10,093] {dagbag.py:507} INFO - Filling up the DagBag from /usr/local/lib/python3.10/dist-packages/airflow/example_dags/example_branch_operator.py
[2022-06-16 20:07:10,104] {processor.py:651} INFO - DAG(s) dict_keys(['example_branch_operator']) retrieved from /usr/local/lib/python3.10/dist-packages/airflow/example_dags/example_branch_operator.py
[2022-06-16 20:07:10,121] {logging_mixin.py:115} INFO - [2022-06-16 20:07:10,121] {dag.py:2371} INFO - Sync 1 DAGs
[2022-06-16 20:07:10,144] {logging_mixin.py:115} INFO - [2022-06-16 20:07:10,144] {dag.py:2915} INFO - Setting next_dagrun for example_branch_operator to 2022-06-15T00:00:00+00:00, run_after=2022-06-16T00:00:00+00:00
[2022-06-16 20:07:10,166] {processor.py:161} INFO - Processing /usr/local/lib/python3.10/dist-packages/airflow/example_dags/example_branch_operator.py took 0.077 seconds
[2022-06-16 20:07:54,392] {processor.py:153} INFO - Started process (PID=6354) to work on /usr/local/lib/python3.10/dist-packages/airflow/example_dags/example_branch_operator.py
[2022-06-16 20:07:54,393] {processor.py:641} INFO - Processing file /usr/local/lib/python3.10/dist-packages/airflow/example_dags/example_branch_operator.py for tasks to queue
[2022-06-16 20:07:54,394] {logging_mixin.py:115} INFO - [2022-06-16 20:07:54,393] {dagbag.py:507} INFO - Filling up the DagBag from /usr/local/lib/python3.10/dist-packages/airflow/example_dags/example_branch_operator.py
[2022-06-16 20:07:54,404] {processor.py:651} INFO - DAG(s) dict_keys(['example_branch_operator']) retrieved from /usr/local/lib/python3.10/dist-packages/airflow/example_dags/example_branch_operator.py
[2022-06-16 20:07:54,420] {logging_mixin.py:115} INFO - [2022-06-16 20:07:54,420] {dag.py:2371} INFO - Sync 1 DAGs
[2022-06-16 20:07:54,441] {logging_mixin.py:115} INFO - [2022-06-16 20:07:54,441] {dag.py:2915} INFO - Setting next_dagrun for example_branch_operator to 2022-06-15T00:00:00+00:00, run_after=2022-06-16T00:00:00+00:00
[2022-06-16 20:07:54,459] {processor.py:161} INFO - Processing /usr/local/lib/python3.10/dist-packages/airflow/example_dags/example_branch_operator.py took 0.069 seconds
[2022-06-16 20:08:41,235] {processor.py:153} INFO - Started process (PID=6460) to work on /usr/local/lib/python3.10/dist-packages/airflow/example_dags/example_branch_operator.py
[2022-06-16 20:08:41,235] {processor.py:641} INFO - Processing file /usr/local/lib/python3.10/dist-packages/airflow/example_dags/example_branch_operator.py for tasks to queue
[2022-06-16 20:08:41,236] {logging_mixin.py:115} INFO - [2022-06-16 20:08:41,236] {dagbag.py:507} INFO - Filling up the DagBag from /usr/local/lib/python3.10/dist-packages/airflow/example_dags/example_branch_operator.py
[2022-06-16 20:08:41,250] {processor.py:651} INFO - DAG(s) dict_keys(['example_branch_operator']) retrieved from /usr/local/lib/python3.10/dist-packages/airflow/example_dags/example_branch_operator.py
[2022-06-16 20:08:41,266] {logging_mixin.py:115} INFO - [2022-06-16 20:08:41,266] {dag.py:2371} INFO - Sync 1 DAGs
[2022-06-16 20:08:41,287] {logging_mixin.py:115} INFO - [2022-06-16 20:08:41,287] {dag.py:2915} INFO - Setting next_dagrun for example_branch_operator to 2022-06-15T00:00:00+00:00, run_after=2022-06-16T00:00:00+00:00
[2022-06-16 20:08:41,306] {processor.py:161} INFO - Processing /usr/local/lib/python3.10/dist-packages/airflow/example_dags/example_branch_operator.py took 0.074 seconds
[2022-06-16 20:09:19,404] {processor.py:153} INFO - Started process (PID=6582) to work on /usr/local/lib/python3.10/dist-packages/airflow/example_dags/example_branch_operator.py
[2022-06-16 20:09:19,406] {processor.py:641} INFO - Processing file /usr/local/lib/python3.10/dist-packages/airflow/example_dags/example_branch_operator.py for tasks to queue
[2022-06-16 20:09:19,406] {logging_mixin.py:115} INFO - [2022-06-16 20:09:19,406] {dagbag.py:507} INFO - Filling up the DagBag from /usr/local/lib/python3.10/dist-packages/airflow/example_dags/example_branch_operator.py
[2022-06-16 20:09:19,417] {processor.py:651} INFO - DAG(s) dict_keys(['example_branch_operator']) retrieved from /usr/local/lib/python3.10/dist-packages/airflow/example_dags/example_branch_operator.py
[2022-06-16 20:09:19,436] {logging_mixin.py:115} INFO - [2022-06-16 20:09:19,436] {dag.py:2371} INFO - Sync 1 DAGs
[2022-06-16 20:09:19,461] {logging_mixin.py:115} INFO - [2022-06-16 20:09:19,461] {dag.py:2915} INFO - Setting next_dagrun for example_branch_operator to 2022-06-15T00:00:00+00:00, run_after=2022-06-16T00:00:00+00:00
[2022-06-16 20:09:19,585] {processor.py:161} INFO - Processing /usr/local/lib/python3.10/dist-packages/airflow/example_dags/example_branch_operator.py took 0.184 seconds
[2022-06-16 20:10:01,126] {processor.py:153} INFO - Started process (PID=6658) to work on /usr/local/lib/python3.10/dist-packages/airflow/example_dags/example_branch_operator.py
[2022-06-16 20:10:01,127] {processor.py:641} INFO - Processing file /usr/local/lib/python3.10/dist-packages/airflow/example_dags/example_branch_operator.py for tasks to queue
[2022-06-16 20:10:01,127] {logging_mixin.py:115} INFO - [2022-06-16 20:10:01,127] {dagbag.py:507} INFO - Filling up the DagBag from /usr/local/lib/python3.10/dist-packages/airflow/example_dags/example_branch_operator.py
[2022-06-16 20:10:01,137] {processor.py:651} INFO - DAG(s) dict_keys(['example_branch_operator']) retrieved from /usr/local/lib/python3.10/dist-packages/airflow/example_dags/example_branch_operator.py
[2022-06-16 20:10:01,154] {logging_mixin.py:115} INFO - [2022-06-16 20:10:01,154] {dag.py:2371} INFO - Sync 1 DAGs
[2022-06-16 20:10:01,175] {logging_mixin.py:115} INFO - [2022-06-16 20:10:01,175] {dag.py:2915} INFO - Setting next_dagrun for example_branch_operator to 2022-06-15T00:00:00+00:00, run_after=2022-06-16T00:00:00+00:00
[2022-06-16 20:10:01,194] {processor.py:161} INFO - Processing /usr/local/lib/python3.10/dist-packages/airflow/example_dags/example_branch_operator.py took 0.071 seconds
[2022-06-16 20:10:40,831] {processor.py:153} INFO - Started process (PID=6748) to work on /usr/local/lib/python3.10/dist-packages/airflow/example_dags/example_branch_operator.py
[2022-06-16 20:10:40,862] {processor.py:641} INFO - Processing file /usr/local/lib/python3.10/dist-packages/airflow/example_dags/example_branch_operator.py for tasks to queue
[2022-06-16 20:10:40,862] {logging_mixin.py:115} INFO - [2022-06-16 20:10:40,862] {dagbag.py:507} INFO - Filling up the DagBag from /usr/local/lib/python3.10/dist-packages/airflow/example_dags/example_branch_operator.py
[2022-06-16 20:10:40,875] {processor.py:651} INFO - DAG(s) dict_keys(['example_branch_operator']) retrieved from /usr/local/lib/python3.10/dist-packages/airflow/example_dags/example_branch_operator.py
[2022-06-16 20:10:40,894] {logging_mixin.py:115} INFO - [2022-06-16 20:10:40,894] {dag.py:2371} INFO - Sync 1 DAGs
[2022-06-16 20:10:40,914] {logging_mixin.py:115} INFO - [2022-06-16 20:10:40,913] {dag.py:2915} INFO - Setting next_dagrun for example_branch_operator to 2022-06-15T00:00:00+00:00, run_after=2022-06-16T00:00:00+00:00
[2022-06-16 20:10:40,939] {processor.py:161} INFO - Processing /usr/local/lib/python3.10/dist-packages/airflow/example_dags/example_branch_operator.py took 0.110 seconds
[2022-06-16 20:11:24,428] {processor.py:153} INFO - Started process (PID=6849) to work on /usr/local/lib/python3.10/dist-packages/airflow/example_dags/example_branch_operator.py
[2022-06-16 20:11:24,428] {processor.py:641} INFO - Processing file /usr/local/lib/python3.10/dist-packages/airflow/example_dags/example_branch_operator.py for tasks to queue
[2022-06-16 20:11:24,429] {logging_mixin.py:115} INFO - [2022-06-16 20:11:24,429] {dagbag.py:507} INFO - Filling up the DagBag from /usr/local/lib/python3.10/dist-packages/airflow/example_dags/example_branch_operator.py
[2022-06-16 20:11:24,441] {processor.py:651} INFO - DAG(s) dict_keys(['example_branch_operator']) retrieved from /usr/local/lib/python3.10/dist-packages/airflow/example_dags/example_branch_operator.py
[2022-06-16 20:11:24,460] {logging_mixin.py:115} INFO - [2022-06-16 20:11:24,459] {dag.py:2371} INFO - Sync 1 DAGs
[2022-06-16 20:11:24,480] {logging_mixin.py:115} INFO - [2022-06-16 20:11:24,480] {dag.py:2915} INFO - Setting next_dagrun for example_branch_operator to 2022-06-15T00:00:00+00:00, run_after=2022-06-16T00:00:00+00:00
[2022-06-16 20:11:24,501] {processor.py:161} INFO - Processing /usr/local/lib/python3.10/dist-packages/airflow/example_dags/example_branch_operator.py took 0.076 seconds
[2022-06-16 20:12:06,717] {processor.py:153} INFO - Started process (PID=6950) to work on /usr/local/lib/python3.10/dist-packages/airflow/example_dags/example_branch_operator.py
[2022-06-16 20:12:06,718] {processor.py:641} INFO - Processing file /usr/local/lib/python3.10/dist-packages/airflow/example_dags/example_branch_operator.py for tasks to queue
[2022-06-16 20:12:06,718] {logging_mixin.py:115} INFO - [2022-06-16 20:12:06,718] {dagbag.py:507} INFO - Filling up the DagBag from /usr/local/lib/python3.10/dist-packages/airflow/example_dags/example_branch_operator.py
[2022-06-16 20:12:06,733] {processor.py:651} INFO - DAG(s) dict_keys(['example_branch_operator']) retrieved from /usr/local/lib/python3.10/dist-packages/airflow/example_dags/example_branch_operator.py
[2022-06-16 20:12:06,750] {logging_mixin.py:115} INFO - [2022-06-16 20:12:06,750] {dag.py:2371} INFO - Sync 1 DAGs
[2022-06-16 20:12:06,773] {logging_mixin.py:115} INFO - [2022-06-16 20:12:06,772] {dag.py:2915} INFO - Setting next_dagrun for example_branch_operator to 2022-06-15T00:00:00+00:00, run_after=2022-06-16T00:00:00+00:00
[2022-06-16 20:12:06,791] {processor.py:161} INFO - Processing /usr/local/lib/python3.10/dist-packages/airflow/example_dags/example_branch_operator.py took 0.077 seconds
[2022-06-16 20:12:48,739] {processor.py:153} INFO - Started process (PID=7042) to work on /usr/local/lib/python3.10/dist-packages/airflow/example_dags/example_branch_operator.py
[2022-06-16 20:12:48,739] {processor.py:641} INFO - Processing file /usr/local/lib/python3.10/dist-packages/airflow/example_dags/example_branch_operator.py for tasks to queue
[2022-06-16 20:12:48,740] {logging_mixin.py:115} INFO - [2022-06-16 20:12:48,740] {dagbag.py:507} INFO - Filling up the DagBag from /usr/local/lib/python3.10/dist-packages/airflow/example_dags/example_branch_operator.py
[2022-06-16 20:12:48,750] {processor.py:651} INFO - DAG(s) dict_keys(['example_branch_operator']) retrieved from /usr/local/lib/python3.10/dist-packages/airflow/example_dags/example_branch_operator.py
[2022-06-16 20:12:48,767] {logging_mixin.py:115} INFO - [2022-06-16 20:12:48,767] {dag.py:2371} INFO - Sync 1 DAGs
[2022-06-16 20:12:48,789] {logging_mixin.py:115} INFO - [2022-06-16 20:12:48,789] {dag.py:2915} INFO - Setting next_dagrun for example_branch_operator to 2022-06-15T00:00:00+00:00, run_after=2022-06-16T00:00:00+00:00
[2022-06-16 20:12:48,813] {processor.py:161} INFO - Processing /usr/local/lib/python3.10/dist-packages/airflow/example_dags/example_branch_operator.py took 0.077 seconds
[2022-06-16 20:13:29,140] {processor.py:153} INFO - Started process (PID=7136) to work on /usr/local/lib/python3.10/dist-packages/airflow/example_dags/example_branch_operator.py
[2022-06-16 20:13:29,141] {processor.py:641} INFO - Processing file /usr/local/lib/python3.10/dist-packages/airflow/example_dags/example_branch_operator.py for tasks to queue
[2022-06-16 20:13:29,141] {logging_mixin.py:115} INFO - [2022-06-16 20:13:29,141] {dagbag.py:507} INFO - Filling up the DagBag from /usr/local/lib/python3.10/dist-packages/airflow/example_dags/example_branch_operator.py
[2022-06-16 20:13:29,152] {processor.py:651} INFO - DAG(s) dict_keys(['example_branch_operator']) retrieved from /usr/local/lib/python3.10/dist-packages/airflow/example_dags/example_branch_operator.py
[2022-06-16 20:13:29,169] {logging_mixin.py:115} INFO - [2022-06-16 20:13:29,169] {dag.py:2371} INFO - Sync 1 DAGs
[2022-06-16 20:13:29,189] {logging_mixin.py:115} INFO - [2022-06-16 20:13:29,189] {dag.py:2915} INFO - Setting next_dagrun for example_branch_operator to 2022-06-15T00:00:00+00:00, run_after=2022-06-16T00:00:00+00:00
[2022-06-16 20:13:29,233] {processor.py:161} INFO - Processing /usr/local/lib/python3.10/dist-packages/airflow/example_dags/example_branch_operator.py took 0.096 seconds
[2022-06-16 20:14:13,139] {processor.py:153} INFO - Started process (PID=7282) to work on /usr/local/lib/python3.10/dist-packages/airflow/example_dags/example_branch_operator.py
[2022-06-16 20:14:13,140] {processor.py:641} INFO - Processing file /usr/local/lib/python3.10/dist-packages/airflow/example_dags/example_branch_operator.py for tasks to queue
[2022-06-16 20:14:13,140] {logging_mixin.py:115} INFO - [2022-06-16 20:14:13,140] {dagbag.py:507} INFO - Filling up the DagBag from /usr/local/lib/python3.10/dist-packages/airflow/example_dags/example_branch_operator.py
[2022-06-16 20:14:13,151] {processor.py:651} INFO - DAG(s) dict_keys(['example_branch_operator']) retrieved from /usr/local/lib/python3.10/dist-packages/airflow/example_dags/example_branch_operator.py
[2022-06-16 20:14:13,168] {logging_mixin.py:115} INFO - [2022-06-16 20:14:13,167] {dag.py:2371} INFO - Sync 1 DAGs
[2022-06-16 20:14:13,191] {logging_mixin.py:115} INFO - [2022-06-16 20:14:13,191] {dag.py:2915} INFO - Setting next_dagrun for example_branch_operator to 2022-06-15T00:00:00+00:00, run_after=2022-06-16T00:00:00+00:00
[2022-06-16 20:14:13,212] {processor.py:161} INFO - Processing /usr/local/lib/python3.10/dist-packages/airflow/example_dags/example_branch_operator.py took 0.075 seconds
[2022-06-16 20:14:58,082] {processor.py:153} INFO - Started process (PID=7386) to work on /usr/local/lib/python3.10/dist-packages/airflow/example_dags/example_branch_operator.py
[2022-06-16 20:14:58,082] {processor.py:641} INFO - Processing file /usr/local/lib/python3.10/dist-packages/airflow/example_dags/example_branch_operator.py for tasks to queue
[2022-06-16 20:14:58,083] {logging_mixin.py:115} INFO - [2022-06-16 20:14:58,083] {dagbag.py:507} INFO - Filling up the DagBag from /usr/local/lib/python3.10/dist-packages/airflow/example_dags/example_branch_operator.py
[2022-06-16 20:14:58,093] {processor.py:651} INFO - DAG(s) dict_keys(['example_branch_operator']) retrieved from /usr/local/lib/python3.10/dist-packages/airflow/example_dags/example_branch_operator.py
[2022-06-16 20:14:58,110] {logging_mixin.py:115} INFO - [2022-06-16 20:14:58,109] {dag.py:2371} INFO - Sync 1 DAGs
[2022-06-16 20:14:58,130] {logging_mixin.py:115} INFO - [2022-06-16 20:14:58,130] {dag.py:2915} INFO - Setting next_dagrun for example_branch_operator to 2022-06-15T00:00:00+00:00, run_after=2022-06-16T00:00:00+00:00
[2022-06-16 20:14:58,153] {processor.py:161} INFO - Processing /usr/local/lib/python3.10/dist-packages/airflow/example_dags/example_branch_operator.py took 0.074 seconds
[2022-06-16 20:15:38,628] {processor.py:153} INFO - Started process (PID=7480) to work on /usr/local/lib/python3.10/dist-packages/airflow/example_dags/example_branch_operator.py
[2022-06-16 20:15:38,628] {processor.py:641} INFO - Processing file /usr/local/lib/python3.10/dist-packages/airflow/example_dags/example_branch_operator.py for tasks to queue
[2022-06-16 20:15:38,629] {logging_mixin.py:115} INFO - [2022-06-16 20:15:38,629] {dagbag.py:507} INFO - Filling up the DagBag from /usr/local/lib/python3.10/dist-packages/airflow/example_dags/example_branch_operator.py
[2022-06-16 20:15:38,639] {processor.py:651} INFO - DAG(s) dict_keys(['example_branch_operator']) retrieved from /usr/local/lib/python3.10/dist-packages/airflow/example_dags/example_branch_operator.py
[2022-06-16 20:15:38,656] {logging_mixin.py:115} INFO - [2022-06-16 20:15:38,656] {dag.py:2371} INFO - Sync 1 DAGs
[2022-06-16 20:15:38,677] {logging_mixin.py:115} INFO - [2022-06-16 20:15:38,677] {dag.py:2915} INFO - Setting next_dagrun for example_branch_operator to 2022-06-15T00:00:00+00:00, run_after=2022-06-16T00:00:00+00:00
[2022-06-16 20:15:38,699] {processor.py:161} INFO - Processing /usr/local/lib/python3.10/dist-packages/airflow/example_dags/example_branch_operator.py took 0.074 seconds
[2022-06-16 20:16:24,005] {processor.py:153} INFO - Started process (PID=7584) to work on /usr/local/lib/python3.10/dist-packages/airflow/example_dags/example_branch_operator.py
[2022-06-16 20:16:24,006] {processor.py:641} INFO - Processing file /usr/local/lib/python3.10/dist-packages/airflow/example_dags/example_branch_operator.py for tasks to queue
[2022-06-16 20:16:24,006] {logging_mixin.py:115} INFO - [2022-06-16 20:16:24,006] {dagbag.py:507} INFO - Filling up the DagBag from /usr/local/lib/python3.10/dist-packages/airflow/example_dags/example_branch_operator.py
[2022-06-16 20:16:24,016] {processor.py:651} INFO - DAG(s) dict_keys(['example_branch_operator']) retrieved from /usr/local/lib/python3.10/dist-packages/airflow/example_dags/example_branch_operator.py
[2022-06-16 20:16:24,035] {logging_mixin.py:115} INFO - [2022-06-16 20:16:24,035] {dag.py:2371} INFO - Sync 1 DAGs
[2022-06-16 20:16:24,055] {logging_mixin.py:115} INFO - [2022-06-16 20:16:24,055] {dag.py:2915} INFO - Setting next_dagrun for example_branch_operator to 2022-06-15T00:00:00+00:00, run_after=2022-06-16T00:00:00+00:00
[2022-06-16 20:16:24,074] {processor.py:161} INFO - Processing /usr/local/lib/python3.10/dist-packages/airflow/example_dags/example_branch_operator.py took 0.072 seconds
[2022-06-16 20:17:03,520] {processor.py:153} INFO - Started process (PID=7681) to work on /usr/local/lib/python3.10/dist-packages/airflow/example_dags/example_branch_operator.py
[2022-06-16 20:17:03,590] {processor.py:641} INFO - Processing file /usr/local/lib/python3.10/dist-packages/airflow/example_dags/example_branch_operator.py for tasks to queue
[2022-06-16 20:17:03,591] {logging_mixin.py:115} INFO - [2022-06-16 20:17:03,591] {dagbag.py:507} INFO - Filling up the DagBag from /usr/local/lib/python3.10/dist-packages/airflow/example_dags/example_branch_operator.py
[2022-06-16 20:17:03,602] {processor.py:651} INFO - DAG(s) dict_keys(['example_branch_operator']) retrieved from /usr/local/lib/python3.10/dist-packages/airflow/example_dags/example_branch_operator.py
[2022-06-16 20:17:03,619] {logging_mixin.py:115} INFO - [2022-06-16 20:17:03,619] {dag.py:2371} INFO - Sync 1 DAGs
[2022-06-16 20:17:03,640] {logging_mixin.py:115} INFO - [2022-06-16 20:17:03,640] {dag.py:2915} INFO - Setting next_dagrun for example_branch_operator to 2022-06-15T00:00:00+00:00, run_after=2022-06-16T00:00:00+00:00
[2022-06-16 20:17:03,658] {processor.py:161} INFO - Processing /usr/local/lib/python3.10/dist-packages/airflow/example_dags/example_branch_operator.py took 0.141 seconds
[2022-06-16 20:17:42,805] {processor.py:153} INFO - Started process (PID=7776) to work on /usr/local/lib/python3.10/dist-packages/airflow/example_dags/example_branch_operator.py
[2022-06-16 20:17:42,806] {processor.py:641} INFO - Processing file /usr/local/lib/python3.10/dist-packages/airflow/example_dags/example_branch_operator.py for tasks to queue
[2022-06-16 20:17:42,807] {logging_mixin.py:115} INFO - [2022-06-16 20:17:42,807] {dagbag.py:507} INFO - Filling up the DagBag from /usr/local/lib/python3.10/dist-packages/airflow/example_dags/example_branch_operator.py
[2022-06-16 20:17:42,818] {processor.py:651} INFO - DAG(s) dict_keys(['example_branch_operator']) retrieved from /usr/local/lib/python3.10/dist-packages/airflow/example_dags/example_branch_operator.py
[2022-06-16 20:17:42,835] {logging_mixin.py:115} INFO - [2022-06-16 20:17:42,834] {dag.py:2371} INFO - Sync 1 DAGs
[2022-06-16 20:17:42,854] {logging_mixin.py:115} INFO - [2022-06-16 20:17:42,854] {dag.py:2915} INFO - Setting next_dagrun for example_branch_operator to 2022-06-15T00:00:00+00:00, run_after=2022-06-16T00:00:00+00:00
[2022-06-16 20:17:42,874] {processor.py:161} INFO - Processing /usr/local/lib/python3.10/dist-packages/airflow/example_dags/example_branch_operator.py took 0.071 seconds
[2022-06-16 20:18:31,126] {processor.py:153} INFO - Started process (PID=7871) to work on /usr/local/lib/python3.10/dist-packages/airflow/example_dags/example_branch_operator.py
[2022-06-16 20:18:31,127] {processor.py:641} INFO - Processing file /usr/local/lib/python3.10/dist-packages/airflow/example_dags/example_branch_operator.py for tasks to queue
[2022-06-16 20:18:31,127] {logging_mixin.py:115} INFO - [2022-06-16 20:18:31,127] {dagbag.py:507} INFO - Filling up the DagBag from /usr/local/lib/python3.10/dist-packages/airflow/example_dags/example_branch_operator.py
[2022-06-16 20:18:31,138] {processor.py:651} INFO - DAG(s) dict_keys(['example_branch_operator']) retrieved from /usr/local/lib/python3.10/dist-packages/airflow/example_dags/example_branch_operator.py
[2022-06-16 20:18:31,155] {logging_mixin.py:115} INFO - [2022-06-16 20:18:31,154] {dag.py:2371} INFO - Sync 1 DAGs
[2022-06-16 20:18:31,177] {logging_mixin.py:115} INFO - [2022-06-16 20:18:31,177] {dag.py:2915} INFO - Setting next_dagrun for example_branch_operator to 2022-06-15T00:00:00+00:00, run_after=2022-06-16T00:00:00+00:00
[2022-06-16 20:18:31,196] {processor.py:161} INFO - Processing /usr/local/lib/python3.10/dist-packages/airflow/example_dags/example_branch_operator.py took 0.073 seconds
[2022-06-16 20:19:10,630] {processor.py:153} INFO - Started process (PID=7955) to work on /usr/local/lib/python3.10/dist-packages/airflow/example_dags/example_branch_operator.py
[2022-06-16 20:19:10,631] {processor.py:641} INFO - Processing file /usr/local/lib/python3.10/dist-packages/airflow/example_dags/example_branch_operator.py for tasks to queue
[2022-06-16 20:19:10,632] {logging_mixin.py:115} INFO - [2022-06-16 20:19:10,632] {dagbag.py:507} INFO - Filling up the DagBag from /usr/local/lib/python3.10/dist-packages/airflow/example_dags/example_branch_operator.py
[2022-06-16 20:19:10,643] {processor.py:651} INFO - DAG(s) dict_keys(['example_branch_operator']) retrieved from /usr/local/lib/python3.10/dist-packages/airflow/example_dags/example_branch_operator.py
[2022-06-16 20:19:10,659] {logging_mixin.py:115} INFO - [2022-06-16 20:19:10,659] {dag.py:2371} INFO - Sync 1 DAGs
[2022-06-16 20:19:10,680] {logging_mixin.py:115} INFO - [2022-06-16 20:19:10,680] {dag.py:2915} INFO - Setting next_dagrun for example_branch_operator to 2022-06-15T00:00:00+00:00, run_after=2022-06-16T00:00:00+00:00
[2022-06-16 20:19:10,698] {processor.py:161} INFO - Processing /usr/local/lib/python3.10/dist-packages/airflow/example_dags/example_branch_operator.py took 0.070 seconds
[2022-06-16 20:19:50,269] {processor.py:153} INFO - Started process (PID=8022) to work on /usr/local/lib/python3.10/dist-packages/airflow/example_dags/example_branch_operator.py
[2022-06-16 20:19:50,270] {processor.py:641} INFO - Processing file /usr/local/lib/python3.10/dist-packages/airflow/example_dags/example_branch_operator.py for tasks to queue
[2022-06-16 20:19:50,270] {logging_mixin.py:115} INFO - [2022-06-16 20:19:50,270] {dagbag.py:507} INFO - Filling up the DagBag from /usr/local/lib/python3.10/dist-packages/airflow/example_dags/example_branch_operator.py
[2022-06-16 20:19:50,282] {processor.py:651} INFO - DAG(s) dict_keys(['example_branch_operator']) retrieved from /usr/local/lib/python3.10/dist-packages/airflow/example_dags/example_branch_operator.py
[2022-06-16 20:19:50,299] {logging_mixin.py:115} INFO - [2022-06-16 20:19:50,299] {dag.py:2371} INFO - Sync 1 DAGs
[2022-06-16 20:19:50,319] {logging_mixin.py:115} INFO - [2022-06-16 20:19:50,319] {dag.py:2915} INFO - Setting next_dagrun for example_branch_operator to 2022-06-15T00:00:00+00:00, run_after=2022-06-16T00:00:00+00:00
[2022-06-16 20:19:50,337] {processor.py:161} INFO - Processing /usr/local/lib/python3.10/dist-packages/airflow/example_dags/example_branch_operator.py took 0.071 seconds
[2022-06-16 20:20:36,341] {processor.py:153} INFO - Started process (PID=8090) to work on /usr/local/lib/python3.10/dist-packages/airflow/example_dags/example_branch_operator.py
[2022-06-16 20:20:36,341] {processor.py:641} INFO - Processing file /usr/local/lib/python3.10/dist-packages/airflow/example_dags/example_branch_operator.py for tasks to queue
[2022-06-16 20:20:36,342] {logging_mixin.py:115} INFO - [2022-06-16 20:20:36,342] {dagbag.py:507} INFO - Filling up the DagBag from /usr/local/lib/python3.10/dist-packages/airflow/example_dags/example_branch_operator.py
[2022-06-16 20:20:36,352] {processor.py:651} INFO - DAG(s) dict_keys(['example_branch_operator']) retrieved from /usr/local/lib/python3.10/dist-packages/airflow/example_dags/example_branch_operator.py
[2022-06-16 20:20:36,374] {logging_mixin.py:115} INFO - [2022-06-16 20:20:36,374] {dag.py:2371} INFO - Sync 1 DAGs
[2022-06-16 20:20:36,402] {logging_mixin.py:115} INFO - [2022-06-16 20:20:36,402] {dag.py:2915} INFO - Setting next_dagrun for example_branch_operator to 2022-06-15T00:00:00+00:00, run_after=2022-06-16T00:00:00+00:00
[2022-06-16 20:20:36,515] {processor.py:161} INFO - Processing /usr/local/lib/python3.10/dist-packages/airflow/example_dags/example_branch_operator.py took 0.177 seconds
[2022-06-16 20:21:15,897] {processor.py:153} INFO - Started process (PID=8138) to work on /usr/local/lib/python3.10/dist-packages/airflow/example_dags/example_branch_operator.py
[2022-06-16 20:21:15,897] {processor.py:641} INFO - Processing file /usr/local/lib/python3.10/dist-packages/airflow/example_dags/example_branch_operator.py for tasks to queue
[2022-06-16 20:21:15,898] {logging_mixin.py:115} INFO - [2022-06-16 20:21:15,898] {dagbag.py:507} INFO - Filling up the DagBag from /usr/local/lib/python3.10/dist-packages/airflow/example_dags/example_branch_operator.py
[2022-06-16 20:21:15,910] {processor.py:651} INFO - DAG(s) dict_keys(['example_branch_operator']) retrieved from /usr/local/lib/python3.10/dist-packages/airflow/example_dags/example_branch_operator.py
[2022-06-16 20:21:15,932] {logging_mixin.py:115} INFO - [2022-06-16 20:21:15,932] {dag.py:2371} INFO - Sync 1 DAGs
[2022-06-16 20:21:15,958] {logging_mixin.py:115} INFO - [2022-06-16 20:21:15,957] {dag.py:2915} INFO - Setting next_dagrun for example_branch_operator to 2022-06-15T00:00:00+00:00, run_after=2022-06-16T00:00:00+00:00
[2022-06-16 20:21:15,976] {processor.py:161} INFO - Processing /usr/local/lib/python3.10/dist-packages/airflow/example_dags/example_branch_operator.py took 0.083 seconds
[2022-06-16 20:22:04,411] {processor.py:153} INFO - Started process (PID=8190) to work on /usr/local/lib/python3.10/dist-packages/airflow/example_dags/example_branch_operator.py
[2022-06-16 20:22:04,411] {processor.py:641} INFO - Processing file /usr/local/lib/python3.10/dist-packages/airflow/example_dags/example_branch_operator.py for tasks to queue
[2022-06-16 20:22:04,412] {logging_mixin.py:115} INFO - [2022-06-16 20:22:04,412] {dagbag.py:507} INFO - Filling up the DagBag from /usr/local/lib/python3.10/dist-packages/airflow/example_dags/example_branch_operator.py
[2022-06-16 20:22:04,425] {processor.py:651} INFO - DAG(s) dict_keys(['example_branch_operator']) retrieved from /usr/local/lib/python3.10/dist-packages/airflow/example_dags/example_branch_operator.py
[2022-06-16 20:22:04,447] {logging_mixin.py:115} INFO - [2022-06-16 20:22:04,447] {dag.py:2371} INFO - Sync 1 DAGs
[2022-06-16 20:22:04,469] {logging_mixin.py:115} INFO - [2022-06-16 20:22:04,469] {dag.py:2915} INFO - Setting next_dagrun for example_branch_operator to 2022-06-15T00:00:00+00:00, run_after=2022-06-16T00:00:00+00:00
[2022-06-16 20:22:04,488] {processor.py:161} INFO - Processing /usr/local/lib/python3.10/dist-packages/airflow/example_dags/example_branch_operator.py took 0.080 seconds
[2022-06-16 20:22:49,715] {processor.py:153} INFO - Started process (PID=8256) to work on /usr/local/lib/python3.10/dist-packages/airflow/example_dags/example_branch_operator.py
[2022-06-16 20:22:49,715] {processor.py:641} INFO - Processing file /usr/local/lib/python3.10/dist-packages/airflow/example_dags/example_branch_operator.py for tasks to queue
[2022-06-16 20:22:49,716] {logging_mixin.py:115} INFO - [2022-06-16 20:22:49,716] {dagbag.py:507} INFO - Filling up the DagBag from /usr/local/lib/python3.10/dist-packages/airflow/example_dags/example_branch_operator.py
[2022-06-16 20:22:49,726] {processor.py:651} INFO - DAG(s) dict_keys(['example_branch_operator']) retrieved from /usr/local/lib/python3.10/dist-packages/airflow/example_dags/example_branch_operator.py
[2022-06-16 20:22:49,743] {logging_mixin.py:115} INFO - [2022-06-16 20:22:49,743] {dag.py:2371} INFO - Sync 1 DAGs
[2022-06-16 20:22:49,764] {logging_mixin.py:115} INFO - [2022-06-16 20:22:49,764] {dag.py:2915} INFO - Setting next_dagrun for example_branch_operator to 2022-06-15T00:00:00+00:00, run_after=2022-06-16T00:00:00+00:00
[2022-06-16 20:22:49,783] {processor.py:161} INFO - Processing /usr/local/lib/python3.10/dist-packages/airflow/example_dags/example_branch_operator.py took 0.071 seconds
[2022-06-16 20:23:36,870] {processor.py:153} INFO - Started process (PID=8312) to work on /usr/local/lib/python3.10/dist-packages/airflow/example_dags/example_branch_operator.py
[2022-06-16 20:23:36,871] {processor.py:641} INFO - Processing file /usr/local/lib/python3.10/dist-packages/airflow/example_dags/example_branch_operator.py for tasks to queue
[2022-06-16 20:23:36,871] {logging_mixin.py:115} INFO - [2022-06-16 20:23:36,871] {dagbag.py:507} INFO - Filling up the DagBag from /usr/local/lib/python3.10/dist-packages/airflow/example_dags/example_branch_operator.py
[2022-06-16 20:23:36,882] {processor.py:651} INFO - DAG(s) dict_keys(['example_branch_operator']) retrieved from /usr/local/lib/python3.10/dist-packages/airflow/example_dags/example_branch_operator.py
[2022-06-16 20:23:36,899] {logging_mixin.py:115} INFO - [2022-06-16 20:23:36,899] {dag.py:2371} INFO - Sync 1 DAGs
[2022-06-16 20:23:36,920] {logging_mixin.py:115} INFO - [2022-06-16 20:23:36,920] {dag.py:2915} INFO - Setting next_dagrun for example_branch_operator to 2022-06-15T00:00:00+00:00, run_after=2022-06-16T00:00:00+00:00
[2022-06-16 20:23:36,948] {processor.py:161} INFO - Processing /usr/local/lib/python3.10/dist-packages/airflow/example_dags/example_branch_operator.py took 0.081 seconds
[2022-06-16 20:24:16,377] {processor.py:153} INFO - Started process (PID=8394) to work on /usr/local/lib/python3.10/dist-packages/airflow/example_dags/example_branch_operator.py
[2022-06-16 20:24:16,378] {processor.py:641} INFO - Processing file /usr/local/lib/python3.10/dist-packages/airflow/example_dags/example_branch_operator.py for tasks to queue
[2022-06-16 20:24:16,379] {logging_mixin.py:115} INFO - [2022-06-16 20:24:16,379] {dagbag.py:507} INFO - Filling up the DagBag from /usr/local/lib/python3.10/dist-packages/airflow/example_dags/example_branch_operator.py
[2022-06-16 20:24:16,391] {processor.py:651} INFO - DAG(s) dict_keys(['example_branch_operator']) retrieved from /usr/local/lib/python3.10/dist-packages/airflow/example_dags/example_branch_operator.py
[2022-06-16 20:24:16,411] {logging_mixin.py:115} INFO - [2022-06-16 20:24:16,411] {dag.py:2371} INFO - Sync 1 DAGs
[2022-06-16 20:24:16,432] {logging_mixin.py:115} INFO - [2022-06-16 20:24:16,432] {dag.py:2915} INFO - Setting next_dagrun for example_branch_operator to 2022-06-15T00:00:00+00:00, run_after=2022-06-16T00:00:00+00:00
[2022-06-16 20:24:16,453] {processor.py:161} INFO - Processing /usr/local/lib/python3.10/dist-packages/airflow/example_dags/example_branch_operator.py took 0.079 seconds
[2022-06-16 20:24:56,378] {processor.py:153} INFO - Started process (PID=8454) to work on /usr/local/lib/python3.10/dist-packages/airflow/example_dags/example_branch_operator.py
[2022-06-16 20:24:56,379] {processor.py:641} INFO - Processing file /usr/local/lib/python3.10/dist-packages/airflow/example_dags/example_branch_operator.py for tasks to queue
[2022-06-16 20:24:56,380] {logging_mixin.py:115} INFO - [2022-06-16 20:24:56,380] {dagbag.py:507} INFO - Filling up the DagBag from /usr/local/lib/python3.10/dist-packages/airflow/example_dags/example_branch_operator.py
[2022-06-16 20:24:56,392] {processor.py:651} INFO - DAG(s) dict_keys(['example_branch_operator']) retrieved from /usr/local/lib/python3.10/dist-packages/airflow/example_dags/example_branch_operator.py
[2022-06-16 20:24:56,415] {logging_mixin.py:115} INFO - [2022-06-16 20:24:56,415] {dag.py:2371} INFO - Sync 1 DAGs
[2022-06-16 20:24:56,439] {logging_mixin.py:115} INFO - [2022-06-16 20:24:56,439] {dag.py:2915} INFO - Setting next_dagrun for example_branch_operator to 2022-06-15T00:00:00+00:00, run_after=2022-06-16T00:00:00+00:00
[2022-06-16 20:24:56,459] {processor.py:161} INFO - Processing /usr/local/lib/python3.10/dist-packages/airflow/example_dags/example_branch_operator.py took 0.084 seconds
[2022-06-16 20:25:44,244] {processor.py:153} INFO - Started process (PID=8511) to work on /usr/local/lib/python3.10/dist-packages/airflow/example_dags/example_branch_operator.py
[2022-06-16 20:25:44,245] {processor.py:641} INFO - Processing file /usr/local/lib/python3.10/dist-packages/airflow/example_dags/example_branch_operator.py for tasks to queue
[2022-06-16 20:25:44,245] {logging_mixin.py:115} INFO - [2022-06-16 20:25:44,245] {dagbag.py:507} INFO - Filling up the DagBag from /usr/local/lib/python3.10/dist-packages/airflow/example_dags/example_branch_operator.py
[2022-06-16 20:25:44,257] {processor.py:651} INFO - DAG(s) dict_keys(['example_branch_operator']) retrieved from /usr/local/lib/python3.10/dist-packages/airflow/example_dags/example_branch_operator.py
[2022-06-16 20:25:44,276] {logging_mixin.py:115} INFO - [2022-06-16 20:25:44,276] {dag.py:2371} INFO - Sync 1 DAGs
[2022-06-16 20:25:44,299] {logging_mixin.py:115} INFO - [2022-06-16 20:25:44,299] {dag.py:2915} INFO - Setting next_dagrun for example_branch_operator to 2022-06-15T00:00:00+00:00, run_after=2022-06-16T00:00:00+00:00
[2022-06-16 20:25:44,416] {processor.py:161} INFO - Processing /usr/local/lib/python3.10/dist-packages/airflow/example_dags/example_branch_operator.py took 0.175 seconds
[2022-06-16 20:26:26,083] {processor.py:153} INFO - Started process (PID=8559) to work on /usr/local/lib/python3.10/dist-packages/airflow/example_dags/example_branch_operator.py
[2022-06-16 20:26:26,083] {processor.py:641} INFO - Processing file /usr/local/lib/python3.10/dist-packages/airflow/example_dags/example_branch_operator.py for tasks to queue
[2022-06-16 20:26:26,084] {logging_mixin.py:115} INFO - [2022-06-16 20:26:26,084] {dagbag.py:507} INFO - Filling up the DagBag from /usr/local/lib/python3.10/dist-packages/airflow/example_dags/example_branch_operator.py
[2022-06-16 20:26:26,096] {processor.py:651} INFO - DAG(s) dict_keys(['example_branch_operator']) retrieved from /usr/local/lib/python3.10/dist-packages/airflow/example_dags/example_branch_operator.py
[2022-06-16 20:26:26,113] {logging_mixin.py:115} INFO - [2022-06-16 20:26:26,113] {dag.py:2371} INFO - Sync 1 DAGs
[2022-06-16 20:26:26,135] {logging_mixin.py:115} INFO - [2022-06-16 20:26:26,135] {dag.py:2915} INFO - Setting next_dagrun for example_branch_operator to 2022-06-15T00:00:00+00:00, run_after=2022-06-16T00:00:00+00:00
[2022-06-16 20:26:26,155] {processor.py:161} INFO - Processing /usr/local/lib/python3.10/dist-packages/airflow/example_dags/example_branch_operator.py took 0.075 seconds
