[2022-06-16 19:59:49,030] {processor.py:153} INFO - Started process (PID=5086) to work on /usr/local/lib/python3.10/dist-packages/airflow/example_dags/example_python_operator.py
[2022-06-16 19:59:49,030] {processor.py:641} INFO - Processing file /usr/local/lib/python3.10/dist-packages/airflow/example_dags/example_python_operator.py for tasks to queue
[2022-06-16 19:59:49,031] {logging_mixin.py:115} INFO - [2022-06-16 19:59:49,031] {dagbag.py:507} INFO - Filling up the DagBag from /usr/local/lib/python3.10/dist-packages/airflow/example_dags/example_python_operator.py
[2022-06-16 19:59:49,050] {processor.py:651} INFO - DAG(s) dict_keys(['example_python_operator']) retrieved from /usr/local/lib/python3.10/dist-packages/airflow/example_dags/example_python_operator.py
[2022-06-16 19:59:49,067] {logging_mixin.py:115} INFO - [2022-06-16 19:59:49,066] {dag.py:2371} INFO - Sync 1 DAGs
[2022-06-16 19:59:49,085] {logging_mixin.py:115} INFO - [2022-06-16 19:59:49,085] {dag.py:2915} INFO - Setting next_dagrun for example_python_operator to None, run_after=None
[2022-06-16 19:59:49,163] {processor.py:161} INFO - Processing /usr/local/lib/python3.10/dist-packages/airflow/example_dags/example_python_operator.py took 0.135 seconds
[2022-06-16 20:00:28,799] {processor.py:153} INFO - Started process (PID=5212) to work on /usr/local/lib/python3.10/dist-packages/airflow/example_dags/example_python_operator.py
[2022-06-16 20:00:28,800] {processor.py:641} INFO - Processing file /usr/local/lib/python3.10/dist-packages/airflow/example_dags/example_python_operator.py for tasks to queue
[2022-06-16 20:00:28,801] {logging_mixin.py:115} INFO - [2022-06-16 20:00:28,800] {dagbag.py:507} INFO - Filling up the DagBag from /usr/local/lib/python3.10/dist-packages/airflow/example_dags/example_python_operator.py
[2022-06-16 20:00:28,819] {processor.py:651} INFO - DAG(s) dict_keys(['example_python_operator']) retrieved from /usr/local/lib/python3.10/dist-packages/airflow/example_dags/example_python_operator.py
[2022-06-16 20:00:28,835] {logging_mixin.py:115} INFO - [2022-06-16 20:00:28,835] {dag.py:2371} INFO - Sync 1 DAGs
[2022-06-16 20:00:28,854] {logging_mixin.py:115} INFO - [2022-06-16 20:00:28,854] {dag.py:2915} INFO - Setting next_dagrun for example_python_operator to None, run_after=None
[2022-06-16 20:00:28,872] {processor.py:161} INFO - Processing /usr/local/lib/python3.10/dist-packages/airflow/example_dags/example_python_operator.py took 0.076 seconds
[2022-06-16 20:01:08,165] {processor.py:153} INFO - Started process (PID=5296) to work on /usr/local/lib/python3.10/dist-packages/airflow/example_dags/example_python_operator.py
[2022-06-16 20:01:08,166] {processor.py:641} INFO - Processing file /usr/local/lib/python3.10/dist-packages/airflow/example_dags/example_python_operator.py for tasks to queue
[2022-06-16 20:01:08,166] {logging_mixin.py:115} INFO - [2022-06-16 20:01:08,166] {dagbag.py:507} INFO - Filling up the DagBag from /usr/local/lib/python3.10/dist-packages/airflow/example_dags/example_python_operator.py
[2022-06-16 20:01:08,198] {processor.py:651} INFO - DAG(s) dict_keys(['example_python_operator']) retrieved from /usr/local/lib/python3.10/dist-packages/airflow/example_dags/example_python_operator.py
[2022-06-16 20:01:08,223] {logging_mixin.py:115} INFO - [2022-06-16 20:01:08,222] {dag.py:2371} INFO - Sync 1 DAGs
[2022-06-16 20:01:08,246] {logging_mixin.py:115} INFO - [2022-06-16 20:01:08,246] {dag.py:2915} INFO - Setting next_dagrun for example_python_operator to None, run_after=None
[2022-06-16 20:01:08,266] {processor.py:161} INFO - Processing /usr/local/lib/python3.10/dist-packages/airflow/example_dags/example_python_operator.py took 0.104 seconds
[2022-06-16 20:01:50,444] {processor.py:153} INFO - Started process (PID=5497) to work on /usr/local/lib/python3.10/dist-packages/airflow/example_dags/example_python_operator.py
[2022-06-16 20:01:50,473] {processor.py:641} INFO - Processing file /usr/local/lib/python3.10/dist-packages/airflow/example_dags/example_python_operator.py for tasks to queue
[2022-06-16 20:01:50,474] {logging_mixin.py:115} INFO - [2022-06-16 20:01:50,474] {dagbag.py:507} INFO - Filling up the DagBag from /usr/local/lib/python3.10/dist-packages/airflow/example_dags/example_python_operator.py
[2022-06-16 20:01:50,493] {processor.py:651} INFO - DAG(s) dict_keys(['example_python_operator']) retrieved from /usr/local/lib/python3.10/dist-packages/airflow/example_dags/example_python_operator.py
[2022-06-16 20:01:50,509] {logging_mixin.py:115} INFO - [2022-06-16 20:01:50,508] {dag.py:2371} INFO - Sync 1 DAGs
[2022-06-16 20:01:50,527] {logging_mixin.py:115} INFO - [2022-06-16 20:01:50,527] {dag.py:2915} INFO - Setting next_dagrun for example_python_operator to None, run_after=None
[2022-06-16 20:01:50,640] {processor.py:161} INFO - Processing /usr/local/lib/python3.10/dist-packages/airflow/example_dags/example_python_operator.py took 0.199 seconds
[2022-06-16 20:02:29,631] {processor.py:153} INFO - Started process (PID=5560) to work on /usr/local/lib/python3.10/dist-packages/airflow/example_dags/example_python_operator.py
[2022-06-16 20:02:29,632] {processor.py:641} INFO - Processing file /usr/local/lib/python3.10/dist-packages/airflow/example_dags/example_python_operator.py for tasks to queue
[2022-06-16 20:02:29,632] {logging_mixin.py:115} INFO - [2022-06-16 20:02:29,632] {dagbag.py:507} INFO - Filling up the DagBag from /usr/local/lib/python3.10/dist-packages/airflow/example_dags/example_python_operator.py
[2022-06-16 20:02:29,654] {processor.py:651} INFO - DAG(s) dict_keys(['example_python_operator']) retrieved from /usr/local/lib/python3.10/dist-packages/airflow/example_dags/example_python_operator.py
[2022-06-16 20:02:29,670] {logging_mixin.py:115} INFO - [2022-06-16 20:02:29,670] {dag.py:2371} INFO - Sync 1 DAGs
[2022-06-16 20:02:29,688] {logging_mixin.py:115} INFO - [2022-06-16 20:02:29,688] {dag.py:2915} INFO - Setting next_dagrun for example_python_operator to None, run_after=None
[2022-06-16 20:02:29,707] {processor.py:161} INFO - Processing /usr/local/lib/python3.10/dist-packages/airflow/example_dags/example_python_operator.py took 0.079 seconds
[2022-06-16 20:03:10,820] {processor.py:153} INFO - Started process (PID=5670) to work on /usr/local/lib/python3.10/dist-packages/airflow/example_dags/example_python_operator.py
[2022-06-16 20:03:10,821] {processor.py:641} INFO - Processing file /usr/local/lib/python3.10/dist-packages/airflow/example_dags/example_python_operator.py for tasks to queue
[2022-06-16 20:03:10,822] {logging_mixin.py:115} INFO - [2022-06-16 20:03:10,822] {dagbag.py:507} INFO - Filling up the DagBag from /usr/local/lib/python3.10/dist-packages/airflow/example_dags/example_python_operator.py
[2022-06-16 20:03:10,843] {processor.py:651} INFO - DAG(s) dict_keys(['example_python_operator']) retrieved from /usr/local/lib/python3.10/dist-packages/airflow/example_dags/example_python_operator.py
[2022-06-16 20:03:10,859] {logging_mixin.py:115} INFO - [2022-06-16 20:03:10,859] {dag.py:2371} INFO - Sync 1 DAGs
[2022-06-16 20:03:10,880] {logging_mixin.py:115} INFO - [2022-06-16 20:03:10,880] {dag.py:2915} INFO - Setting next_dagrun for example_python_operator to None, run_after=None
[2022-06-16 20:03:10,899] {processor.py:161} INFO - Processing /usr/local/lib/python3.10/dist-packages/airflow/example_dags/example_python_operator.py took 0.081 seconds
[2022-06-16 20:03:54,152] {processor.py:153} INFO - Started process (PID=5791) to work on /usr/local/lib/python3.10/dist-packages/airflow/example_dags/example_python_operator.py
[2022-06-16 20:03:54,153] {processor.py:641} INFO - Processing file /usr/local/lib/python3.10/dist-packages/airflow/example_dags/example_python_operator.py for tasks to queue
[2022-06-16 20:03:54,153] {logging_mixin.py:115} INFO - [2022-06-16 20:03:54,153] {dagbag.py:507} INFO - Filling up the DagBag from /usr/local/lib/python3.10/dist-packages/airflow/example_dags/example_python_operator.py
[2022-06-16 20:03:54,173] {processor.py:651} INFO - DAG(s) dict_keys(['example_python_operator']) retrieved from /usr/local/lib/python3.10/dist-packages/airflow/example_dags/example_python_operator.py
[2022-06-16 20:03:54,189] {logging_mixin.py:115} INFO - [2022-06-16 20:03:54,189] {dag.py:2371} INFO - Sync 1 DAGs
[2022-06-16 20:03:54,207] {logging_mixin.py:115} INFO - [2022-06-16 20:03:54,207] {dag.py:2915} INFO - Setting next_dagrun for example_python_operator to None, run_after=None
[2022-06-16 20:03:54,226] {processor.py:161} INFO - Processing /usr/local/lib/python3.10/dist-packages/airflow/example_dags/example_python_operator.py took 0.077 seconds
[2022-06-16 20:04:32,297] {processor.py:153} INFO - Started process (PID=5882) to work on /usr/local/lib/python3.10/dist-packages/airflow/example_dags/example_python_operator.py
[2022-06-16 20:04:32,297] {processor.py:641} INFO - Processing file /usr/local/lib/python3.10/dist-packages/airflow/example_dags/example_python_operator.py for tasks to queue
[2022-06-16 20:04:32,298] {logging_mixin.py:115} INFO - [2022-06-16 20:04:32,298] {dagbag.py:507} INFO - Filling up the DagBag from /usr/local/lib/python3.10/dist-packages/airflow/example_dags/example_python_operator.py
[2022-06-16 20:04:32,317] {processor.py:651} INFO - DAG(s) dict_keys(['example_python_operator']) retrieved from /usr/local/lib/python3.10/dist-packages/airflow/example_dags/example_python_operator.py
[2022-06-16 20:04:32,333] {logging_mixin.py:115} INFO - [2022-06-16 20:04:32,333] {dag.py:2371} INFO - Sync 1 DAGs
[2022-06-16 20:04:32,352] {logging_mixin.py:115} INFO - [2022-06-16 20:04:32,352] {dag.py:2915} INFO - Setting next_dagrun for example_python_operator to None, run_after=None
[2022-06-16 20:04:32,370] {processor.py:161} INFO - Processing /usr/local/lib/python3.10/dist-packages/airflow/example_dags/example_python_operator.py took 0.076 seconds
[2022-06-16 20:05:13,096] {processor.py:153} INFO - Started process (PID=5979) to work on /usr/local/lib/python3.10/dist-packages/airflow/example_dags/example_python_operator.py
[2022-06-16 20:05:13,096] {processor.py:641} INFO - Processing file /usr/local/lib/python3.10/dist-packages/airflow/example_dags/example_python_operator.py for tasks to queue
[2022-06-16 20:05:13,097] {logging_mixin.py:115} INFO - [2022-06-16 20:05:13,097] {dagbag.py:507} INFO - Filling up the DagBag from /usr/local/lib/python3.10/dist-packages/airflow/example_dags/example_python_operator.py
[2022-06-16 20:05:13,116] {processor.py:651} INFO - DAG(s) dict_keys(['example_python_operator']) retrieved from /usr/local/lib/python3.10/dist-packages/airflow/example_dags/example_python_operator.py
[2022-06-16 20:05:13,133] {logging_mixin.py:115} INFO - [2022-06-16 20:05:13,132] {dag.py:2371} INFO - Sync 1 DAGs
[2022-06-16 20:05:13,152] {logging_mixin.py:115} INFO - [2022-06-16 20:05:13,152] {dag.py:2915} INFO - Setting next_dagrun for example_python_operator to None, run_after=None
[2022-06-16 20:05:13,169] {processor.py:161} INFO - Processing /usr/local/lib/python3.10/dist-packages/airflow/example_dags/example_python_operator.py took 0.076 seconds
[2022-06-16 20:05:52,915] {processor.py:153} INFO - Started process (PID=6071) to work on /usr/local/lib/python3.10/dist-packages/airflow/example_dags/example_python_operator.py
[2022-06-16 20:05:52,916] {processor.py:641} INFO - Processing file /usr/local/lib/python3.10/dist-packages/airflow/example_dags/example_python_operator.py for tasks to queue
[2022-06-16 20:05:52,916] {logging_mixin.py:115} INFO - [2022-06-16 20:05:52,916] {dagbag.py:507} INFO - Filling up the DagBag from /usr/local/lib/python3.10/dist-packages/airflow/example_dags/example_python_operator.py
[2022-06-16 20:05:52,935] {processor.py:651} INFO - DAG(s) dict_keys(['example_python_operator']) retrieved from /usr/local/lib/python3.10/dist-packages/airflow/example_dags/example_python_operator.py
[2022-06-16 20:05:52,952] {logging_mixin.py:115} INFO - [2022-06-16 20:05:52,952] {dag.py:2371} INFO - Sync 1 DAGs
[2022-06-16 20:05:52,970] {logging_mixin.py:115} INFO - [2022-06-16 20:05:52,970] {dag.py:2915} INFO - Setting next_dagrun for example_python_operator to None, run_after=None
[2022-06-16 20:05:52,989] {processor.py:161} INFO - Processing /usr/local/lib/python3.10/dist-packages/airflow/example_dags/example_python_operator.py took 0.077 seconds
[2022-06-16 20:06:36,972] {processor.py:153} INFO - Started process (PID=6166) to work on /usr/local/lib/python3.10/dist-packages/airflow/example_dags/example_python_operator.py
[2022-06-16 20:06:36,973] {processor.py:641} INFO - Processing file /usr/local/lib/python3.10/dist-packages/airflow/example_dags/example_python_operator.py for tasks to queue
[2022-06-16 20:06:36,974] {logging_mixin.py:115} INFO - [2022-06-16 20:06:36,974] {dagbag.py:507} INFO - Filling up the DagBag from /usr/local/lib/python3.10/dist-packages/airflow/example_dags/example_python_operator.py
[2022-06-16 20:06:36,993] {processor.py:651} INFO - DAG(s) dict_keys(['example_python_operator']) retrieved from /usr/local/lib/python3.10/dist-packages/airflow/example_dags/example_python_operator.py
[2022-06-16 20:06:37,009] {logging_mixin.py:115} INFO - [2022-06-16 20:06:37,009] {dag.py:2371} INFO - Sync 1 DAGs
[2022-06-16 20:06:37,029] {logging_mixin.py:115} INFO - [2022-06-16 20:06:37,028] {dag.py:2915} INFO - Setting next_dagrun for example_python_operator to None, run_after=None
[2022-06-16 20:06:37,051] {processor.py:161} INFO - Processing /usr/local/lib/python3.10/dist-packages/airflow/example_dags/example_python_operator.py took 0.081 seconds
[2022-06-16 20:07:16,567] {processor.py:153} INFO - Started process (PID=6263) to work on /usr/local/lib/python3.10/dist-packages/airflow/example_dags/example_python_operator.py
[2022-06-16 20:07:16,568] {processor.py:641} INFO - Processing file /usr/local/lib/python3.10/dist-packages/airflow/example_dags/example_python_operator.py for tasks to queue
[2022-06-16 20:07:16,568] {logging_mixin.py:115} INFO - [2022-06-16 20:07:16,568] {dagbag.py:507} INFO - Filling up the DagBag from /usr/local/lib/python3.10/dist-packages/airflow/example_dags/example_python_operator.py
[2022-06-16 20:07:16,587] {processor.py:651} INFO - DAG(s) dict_keys(['example_python_operator']) retrieved from /usr/local/lib/python3.10/dist-packages/airflow/example_dags/example_python_operator.py
[2022-06-16 20:07:16,603] {logging_mixin.py:115} INFO - [2022-06-16 20:07:16,603] {dag.py:2371} INFO - Sync 1 DAGs
[2022-06-16 20:07:16,621] {logging_mixin.py:115} INFO - [2022-06-16 20:07:16,620] {dag.py:2915} INFO - Setting next_dagrun for example_python_operator to None, run_after=None
[2022-06-16 20:07:16,640] {processor.py:161} INFO - Processing /usr/local/lib/python3.10/dist-packages/airflow/example_dags/example_python_operator.py took 0.075 seconds
[2022-06-16 20:07:52,122] {processor.py:153} INFO - Started process (PID=6345) to work on /usr/local/lib/python3.10/dist-packages/airflow/example_dags/example_python_operator.py
[2022-06-16 20:07:52,123] {processor.py:641} INFO - Processing file /usr/local/lib/python3.10/dist-packages/airflow/example_dags/example_python_operator.py for tasks to queue
[2022-06-16 20:07:52,123] {logging_mixin.py:115} INFO - [2022-06-16 20:07:52,123] {dagbag.py:507} INFO - Filling up the DagBag from /usr/local/lib/python3.10/dist-packages/airflow/example_dags/example_python_operator.py
[2022-06-16 20:07:52,142] {processor.py:651} INFO - DAG(s) dict_keys(['example_python_operator']) retrieved from /usr/local/lib/python3.10/dist-packages/airflow/example_dags/example_python_operator.py
[2022-06-16 20:07:52,158] {logging_mixin.py:115} INFO - [2022-06-16 20:07:52,158] {dag.py:2371} INFO - Sync 1 DAGs
[2022-06-16 20:07:52,177] {logging_mixin.py:115} INFO - [2022-06-16 20:07:52,177] {dag.py:2915} INFO - Setting next_dagrun for example_python_operator to None, run_after=None
[2022-06-16 20:07:52,196] {processor.py:161} INFO - Processing /usr/local/lib/python3.10/dist-packages/airflow/example_dags/example_python_operator.py took 0.076 seconds
[2022-06-16 20:08:31,710] {processor.py:153} INFO - Started process (PID=6438) to work on /usr/local/lib/python3.10/dist-packages/airflow/example_dags/example_python_operator.py
[2022-06-16 20:08:31,711] {processor.py:641} INFO - Processing file /usr/local/lib/python3.10/dist-packages/airflow/example_dags/example_python_operator.py for tasks to queue
[2022-06-16 20:08:31,711] {logging_mixin.py:115} INFO - [2022-06-16 20:08:31,711] {dagbag.py:507} INFO - Filling up the DagBag from /usr/local/lib/python3.10/dist-packages/airflow/example_dags/example_python_operator.py
[2022-06-16 20:08:31,731] {processor.py:651} INFO - DAG(s) dict_keys(['example_python_operator']) retrieved from /usr/local/lib/python3.10/dist-packages/airflow/example_dags/example_python_operator.py
[2022-06-16 20:08:31,748] {logging_mixin.py:115} INFO - [2022-06-16 20:08:31,748] {dag.py:2371} INFO - Sync 1 DAGs
[2022-06-16 20:08:31,766] {logging_mixin.py:115} INFO - [2022-06-16 20:08:31,766] {dag.py:2915} INFO - Setting next_dagrun for example_python_operator to None, run_after=None
[2022-06-16 20:08:31,821] {processor.py:161} INFO - Processing /usr/local/lib/python3.10/dist-packages/airflow/example_dags/example_python_operator.py took 0.114 seconds
[2022-06-16 20:09:10,109] {processor.py:153} INFO - Started process (PID=6559) to work on /usr/local/lib/python3.10/dist-packages/airflow/example_dags/example_python_operator.py
[2022-06-16 20:09:10,110] {processor.py:641} INFO - Processing file /usr/local/lib/python3.10/dist-packages/airflow/example_dags/example_python_operator.py for tasks to queue
[2022-06-16 20:09:10,110] {logging_mixin.py:115} INFO - [2022-06-16 20:09:10,110] {dagbag.py:507} INFO - Filling up the DagBag from /usr/local/lib/python3.10/dist-packages/airflow/example_dags/example_python_operator.py
[2022-06-16 20:09:10,130] {processor.py:651} INFO - DAG(s) dict_keys(['example_python_operator']) retrieved from /usr/local/lib/python3.10/dist-packages/airflow/example_dags/example_python_operator.py
[2022-06-16 20:09:10,146] {logging_mixin.py:115} INFO - [2022-06-16 20:09:10,145] {dag.py:2371} INFO - Sync 1 DAGs
[2022-06-16 20:09:10,164] {logging_mixin.py:115} INFO - [2022-06-16 20:09:10,164] {dag.py:2915} INFO - Setting next_dagrun for example_python_operator to None, run_after=None
[2022-06-16 20:09:10,198] {processor.py:161} INFO - Processing /usr/local/lib/python3.10/dist-packages/airflow/example_dags/example_python_operator.py took 0.091 seconds
[2022-06-16 20:09:55,480] {processor.py:153} INFO - Started process (PID=6645) to work on /usr/local/lib/python3.10/dist-packages/airflow/example_dags/example_python_operator.py
[2022-06-16 20:09:55,481] {processor.py:641} INFO - Processing file /usr/local/lib/python3.10/dist-packages/airflow/example_dags/example_python_operator.py for tasks to queue
[2022-06-16 20:09:55,481] {logging_mixin.py:115} INFO - [2022-06-16 20:09:55,481] {dagbag.py:507} INFO - Filling up the DagBag from /usr/local/lib/python3.10/dist-packages/airflow/example_dags/example_python_operator.py
[2022-06-16 20:09:55,503] {processor.py:651} INFO - DAG(s) dict_keys(['example_python_operator']) retrieved from /usr/local/lib/python3.10/dist-packages/airflow/example_dags/example_python_operator.py
[2022-06-16 20:09:55,520] {logging_mixin.py:115} INFO - [2022-06-16 20:09:55,520] {dag.py:2371} INFO - Sync 1 DAGs
[2022-06-16 20:09:55,539] {logging_mixin.py:115} INFO - [2022-06-16 20:09:55,539] {dag.py:2915} INFO - Setting next_dagrun for example_python_operator to None, run_after=None
[2022-06-16 20:09:55,586] {processor.py:161} INFO - Processing /usr/local/lib/python3.10/dist-packages/airflow/example_dags/example_python_operator.py took 0.109 seconds
[2022-06-16 20:10:35,187] {processor.py:153} INFO - Started process (PID=6731) to work on /usr/local/lib/python3.10/dist-packages/airflow/example_dags/example_python_operator.py
[2022-06-16 20:10:35,188] {processor.py:641} INFO - Processing file /usr/local/lib/python3.10/dist-packages/airflow/example_dags/example_python_operator.py for tasks to queue
[2022-06-16 20:10:35,188] {logging_mixin.py:115} INFO - [2022-06-16 20:10:35,188] {dagbag.py:507} INFO - Filling up the DagBag from /usr/local/lib/python3.10/dist-packages/airflow/example_dags/example_python_operator.py
[2022-06-16 20:10:35,208] {processor.py:651} INFO - DAG(s) dict_keys(['example_python_operator']) retrieved from /usr/local/lib/python3.10/dist-packages/airflow/example_dags/example_python_operator.py
[2022-06-16 20:10:35,224] {logging_mixin.py:115} INFO - [2022-06-16 20:10:35,224] {dag.py:2371} INFO - Sync 1 DAGs
[2022-06-16 20:10:35,243] {logging_mixin.py:115} INFO - [2022-06-16 20:10:35,243] {dag.py:2915} INFO - Setting next_dagrun for example_python_operator to None, run_after=None
[2022-06-16 20:10:35,292] {processor.py:161} INFO - Processing /usr/local/lib/python3.10/dist-packages/airflow/example_dags/example_python_operator.py took 0.108 seconds
[2022-06-16 20:11:12,984] {processor.py:153} INFO - Started process (PID=6825) to work on /usr/local/lib/python3.10/dist-packages/airflow/example_dags/example_python_operator.py
[2022-06-16 20:11:12,985] {processor.py:641} INFO - Processing file /usr/local/lib/python3.10/dist-packages/airflow/example_dags/example_python_operator.py for tasks to queue
[2022-06-16 20:11:12,985] {logging_mixin.py:115} INFO - [2022-06-16 20:11:12,985] {dagbag.py:507} INFO - Filling up the DagBag from /usr/local/lib/python3.10/dist-packages/airflow/example_dags/example_python_operator.py
[2022-06-16 20:11:13,004] {processor.py:651} INFO - DAG(s) dict_keys(['example_python_operator']) retrieved from /usr/local/lib/python3.10/dist-packages/airflow/example_dags/example_python_operator.py
[2022-06-16 20:11:13,020] {logging_mixin.py:115} INFO - [2022-06-16 20:11:13,020] {dag.py:2371} INFO - Sync 1 DAGs
[2022-06-16 20:11:13,038] {logging_mixin.py:115} INFO - [2022-06-16 20:11:13,037] {dag.py:2915} INFO - Setting next_dagrun for example_python_operator to None, run_after=None
[2022-06-16 20:11:13,060] {processor.py:161} INFO - Processing /usr/local/lib/python3.10/dist-packages/airflow/example_dags/example_python_operator.py took 0.078 seconds
[2022-06-16 20:11:54,572] {processor.py:153} INFO - Started process (PID=6917) to work on /usr/local/lib/python3.10/dist-packages/airflow/example_dags/example_python_operator.py
[2022-06-16 20:11:54,607] {processor.py:641} INFO - Processing file /usr/local/lib/python3.10/dist-packages/airflow/example_dags/example_python_operator.py for tasks to queue
[2022-06-16 20:11:54,607] {logging_mixin.py:115} INFO - [2022-06-16 20:11:54,607] {dagbag.py:507} INFO - Filling up the DagBag from /usr/local/lib/python3.10/dist-packages/airflow/example_dags/example_python_operator.py
[2022-06-16 20:11:54,627] {processor.py:651} INFO - DAG(s) dict_keys(['example_python_operator']) retrieved from /usr/local/lib/python3.10/dist-packages/airflow/example_dags/example_python_operator.py
[2022-06-16 20:11:54,643] {logging_mixin.py:115} INFO - [2022-06-16 20:11:54,643] {dag.py:2371} INFO - Sync 1 DAGs
[2022-06-16 20:11:54,662] {logging_mixin.py:115} INFO - [2022-06-16 20:11:54,662] {dag.py:2915} INFO - Setting next_dagrun for example_python_operator to None, run_after=None
[2022-06-16 20:11:54,683] {processor.py:161} INFO - Processing /usr/local/lib/python3.10/dist-packages/airflow/example_dags/example_python_operator.py took 0.113 seconds
[2022-06-16 20:12:36,012] {processor.py:153} INFO - Started process (PID=7008) to work on /usr/local/lib/python3.10/dist-packages/airflow/example_dags/example_python_operator.py
[2022-06-16 20:12:36,012] {processor.py:641} INFO - Processing file /usr/local/lib/python3.10/dist-packages/airflow/example_dags/example_python_operator.py for tasks to queue
[2022-06-16 20:12:36,013] {logging_mixin.py:115} INFO - [2022-06-16 20:12:36,013] {dagbag.py:507} INFO - Filling up the DagBag from /usr/local/lib/python3.10/dist-packages/airflow/example_dags/example_python_operator.py
[2022-06-16 20:12:36,032] {processor.py:651} INFO - DAG(s) dict_keys(['example_python_operator']) retrieved from /usr/local/lib/python3.10/dist-packages/airflow/example_dags/example_python_operator.py
[2022-06-16 20:12:36,047] {logging_mixin.py:115} INFO - [2022-06-16 20:12:36,047] {dag.py:2371} INFO - Sync 1 DAGs
[2022-06-16 20:12:36,065] {logging_mixin.py:115} INFO - [2022-06-16 20:12:36,065] {dag.py:2915} INFO - Setting next_dagrun for example_python_operator to None, run_after=None
[2022-06-16 20:12:36,084] {processor.py:161} INFO - Processing /usr/local/lib/python3.10/dist-packages/airflow/example_dags/example_python_operator.py took 0.075 seconds
[2022-06-16 20:13:14,784] {processor.py:153} INFO - Started process (PID=7104) to work on /usr/local/lib/python3.10/dist-packages/airflow/example_dags/example_python_operator.py
[2022-06-16 20:13:14,785] {processor.py:641} INFO - Processing file /usr/local/lib/python3.10/dist-packages/airflow/example_dags/example_python_operator.py for tasks to queue
[2022-06-16 20:13:14,786] {logging_mixin.py:115} INFO - [2022-06-16 20:13:14,785] {dagbag.py:507} INFO - Filling up the DagBag from /usr/local/lib/python3.10/dist-packages/airflow/example_dags/example_python_operator.py
[2022-06-16 20:13:14,805] {processor.py:651} INFO - DAG(s) dict_keys(['example_python_operator']) retrieved from /usr/local/lib/python3.10/dist-packages/airflow/example_dags/example_python_operator.py
[2022-06-16 20:13:14,821] {logging_mixin.py:115} INFO - [2022-06-16 20:13:14,821] {dag.py:2371} INFO - Sync 1 DAGs
[2022-06-16 20:13:14,842] {logging_mixin.py:115} INFO - [2022-06-16 20:13:14,842] {dag.py:2915} INFO - Setting next_dagrun for example_python_operator to None, run_after=None
[2022-06-16 20:13:14,860] {processor.py:161} INFO - Processing /usr/local/lib/python3.10/dist-packages/airflow/example_dags/example_python_operator.py took 0.079 seconds
[2022-06-16 20:13:53,483] {processor.py:153} INFO - Started process (PID=7237) to work on /usr/local/lib/python3.10/dist-packages/airflow/example_dags/example_python_operator.py
[2022-06-16 20:13:53,483] {processor.py:641} INFO - Processing file /usr/local/lib/python3.10/dist-packages/airflow/example_dags/example_python_operator.py for tasks to queue
[2022-06-16 20:13:53,484] {logging_mixin.py:115} INFO - [2022-06-16 20:13:53,484] {dagbag.py:507} INFO - Filling up the DagBag from /usr/local/lib/python3.10/dist-packages/airflow/example_dags/example_python_operator.py
[2022-06-16 20:13:53,503] {processor.py:651} INFO - DAG(s) dict_keys(['example_python_operator']) retrieved from /usr/local/lib/python3.10/dist-packages/airflow/example_dags/example_python_operator.py
[2022-06-16 20:13:53,519] {logging_mixin.py:115} INFO - [2022-06-16 20:13:53,519] {dag.py:2371} INFO - Sync 1 DAGs
[2022-06-16 20:13:53,539] {logging_mixin.py:115} INFO - [2022-06-16 20:13:53,539] {dag.py:2915} INFO - Setting next_dagrun for example_python_operator to None, run_after=None
[2022-06-16 20:13:53,558] {processor.py:161} INFO - Processing /usr/local/lib/python3.10/dist-packages/airflow/example_dags/example_python_operator.py took 0.078 seconds
[2022-06-16 20:14:38,948] {processor.py:153} INFO - Started process (PID=7344) to work on /usr/local/lib/python3.10/dist-packages/airflow/example_dags/example_python_operator.py
[2022-06-16 20:14:38,948] {processor.py:641} INFO - Processing file /usr/local/lib/python3.10/dist-packages/airflow/example_dags/example_python_operator.py for tasks to queue
[2022-06-16 20:14:38,949] {logging_mixin.py:115} INFO - [2022-06-16 20:14:38,949] {dagbag.py:507} INFO - Filling up the DagBag from /usr/local/lib/python3.10/dist-packages/airflow/example_dags/example_python_operator.py
[2022-06-16 20:14:38,969] {processor.py:651} INFO - DAG(s) dict_keys(['example_python_operator']) retrieved from /usr/local/lib/python3.10/dist-packages/airflow/example_dags/example_python_operator.py
[2022-06-16 20:14:38,986] {logging_mixin.py:115} INFO - [2022-06-16 20:14:38,986] {dag.py:2371} INFO - Sync 1 DAGs
[2022-06-16 20:14:39,004] {logging_mixin.py:115} INFO - [2022-06-16 20:14:39,004] {dag.py:2915} INFO - Setting next_dagrun for example_python_operator to None, run_after=None
[2022-06-16 20:14:39,023] {processor.py:161} INFO - Processing /usr/local/lib/python3.10/dist-packages/airflow/example_dags/example_python_operator.py took 0.078 seconds
[2022-06-16 20:15:19,216] {processor.py:153} INFO - Started process (PID=7442) to work on /usr/local/lib/python3.10/dist-packages/airflow/example_dags/example_python_operator.py
[2022-06-16 20:15:19,217] {processor.py:641} INFO - Processing file /usr/local/lib/python3.10/dist-packages/airflow/example_dags/example_python_operator.py for tasks to queue
[2022-06-16 20:15:19,217] {logging_mixin.py:115} INFO - [2022-06-16 20:15:19,217] {dagbag.py:507} INFO - Filling up the DagBag from /usr/local/lib/python3.10/dist-packages/airflow/example_dags/example_python_operator.py
[2022-06-16 20:15:19,237] {processor.py:651} INFO - DAG(s) dict_keys(['example_python_operator']) retrieved from /usr/local/lib/python3.10/dist-packages/airflow/example_dags/example_python_operator.py
[2022-06-16 20:15:19,253] {logging_mixin.py:115} INFO - [2022-06-16 20:15:19,253] {dag.py:2371} INFO - Sync 1 DAGs
[2022-06-16 20:15:19,272] {logging_mixin.py:115} INFO - [2022-06-16 20:15:19,272] {dag.py:2915} INFO - Setting next_dagrun for example_python_operator to None, run_after=None
[2022-06-16 20:15:19,290] {processor.py:161} INFO - Processing /usr/local/lib/python3.10/dist-packages/airflow/example_dags/example_python_operator.py took 0.077 seconds
[2022-06-16 20:16:02,923] {processor.py:153} INFO - Started process (PID=7540) to work on /usr/local/lib/python3.10/dist-packages/airflow/example_dags/example_python_operator.py
[2022-06-16 20:16:02,924] {processor.py:641} INFO - Processing file /usr/local/lib/python3.10/dist-packages/airflow/example_dags/example_python_operator.py for tasks to queue
[2022-06-16 20:16:02,924] {logging_mixin.py:115} INFO - [2022-06-16 20:16:02,924] {dagbag.py:507} INFO - Filling up the DagBag from /usr/local/lib/python3.10/dist-packages/airflow/example_dags/example_python_operator.py
[2022-06-16 20:16:02,943] {processor.py:651} INFO - DAG(s) dict_keys(['example_python_operator']) retrieved from /usr/local/lib/python3.10/dist-packages/airflow/example_dags/example_python_operator.py
[2022-06-16 20:16:02,959] {logging_mixin.py:115} INFO - [2022-06-16 20:16:02,959] {dag.py:2371} INFO - Sync 1 DAGs
[2022-06-16 20:16:02,977] {logging_mixin.py:115} INFO - [2022-06-16 20:16:02,977] {dag.py:2915} INFO - Setting next_dagrun for example_python_operator to None, run_after=None
[2022-06-16 20:16:02,995] {processor.py:161} INFO - Processing /usr/local/lib/python3.10/dist-packages/airflow/example_dags/example_python_operator.py took 0.075 seconds
[2022-06-16 20:16:42,011] {processor.py:153} INFO - Started process (PID=7626) to work on /usr/local/lib/python3.10/dist-packages/airflow/example_dags/example_python_operator.py
[2022-06-16 20:16:42,012] {processor.py:641} INFO - Processing file /usr/local/lib/python3.10/dist-packages/airflow/example_dags/example_python_operator.py for tasks to queue
[2022-06-16 20:16:42,012] {logging_mixin.py:115} INFO - [2022-06-16 20:16:42,012] {dagbag.py:507} INFO - Filling up the DagBag from /usr/local/lib/python3.10/dist-packages/airflow/example_dags/example_python_operator.py
[2022-06-16 20:16:42,030] {processor.py:651} INFO - DAG(s) dict_keys(['example_python_operator']) retrieved from /usr/local/lib/python3.10/dist-packages/airflow/example_dags/example_python_operator.py
[2022-06-16 20:16:42,046] {logging_mixin.py:115} INFO - [2022-06-16 20:16:42,046] {dag.py:2371} INFO - Sync 1 DAGs
[2022-06-16 20:16:42,067] {logging_mixin.py:115} INFO - [2022-06-16 20:16:42,067] {dag.py:2915} INFO - Setting next_dagrun for example_python_operator to None, run_after=None
[2022-06-16 20:16:42,085] {processor.py:161} INFO - Processing /usr/local/lib/python3.10/dist-packages/airflow/example_dags/example_python_operator.py took 0.077 seconds
[2022-06-16 20:17:22,520] {processor.py:153} INFO - Started process (PID=7725) to work on /usr/local/lib/python3.10/dist-packages/airflow/example_dags/example_python_operator.py
[2022-06-16 20:17:22,521] {processor.py:641} INFO - Processing file /usr/local/lib/python3.10/dist-packages/airflow/example_dags/example_python_operator.py for tasks to queue
[2022-06-16 20:17:22,522] {logging_mixin.py:115} INFO - [2022-06-16 20:17:22,522] {dagbag.py:507} INFO - Filling up the DagBag from /usr/local/lib/python3.10/dist-packages/airflow/example_dags/example_python_operator.py
[2022-06-16 20:17:22,542] {processor.py:651} INFO - DAG(s) dict_keys(['example_python_operator']) retrieved from /usr/local/lib/python3.10/dist-packages/airflow/example_dags/example_python_operator.py
[2022-06-16 20:17:22,559] {logging_mixin.py:115} INFO - [2022-06-16 20:17:22,558] {dag.py:2371} INFO - Sync 1 DAGs
[2022-06-16 20:17:22,578] {logging_mixin.py:115} INFO - [2022-06-16 20:17:22,578] {dag.py:2915} INFO - Setting next_dagrun for example_python_operator to None, run_after=None
[2022-06-16 20:17:22,598] {processor.py:161} INFO - Processing /usr/local/lib/python3.10/dist-packages/airflow/example_dags/example_python_operator.py took 0.081 seconds
[2022-06-16 20:18:00,284] {processor.py:153} INFO - Started process (PID=7815) to work on /usr/local/lib/python3.10/dist-packages/airflow/example_dags/example_python_operator.py
[2022-06-16 20:18:00,285] {processor.py:641} INFO - Processing file /usr/local/lib/python3.10/dist-packages/airflow/example_dags/example_python_operator.py for tasks to queue
[2022-06-16 20:18:00,285] {logging_mixin.py:115} INFO - [2022-06-16 20:18:00,285] {dagbag.py:507} INFO - Filling up the DagBag from /usr/local/lib/python3.10/dist-packages/airflow/example_dags/example_python_operator.py
[2022-06-16 20:18:00,308] {processor.py:651} INFO - DAG(s) dict_keys(['example_python_operator']) retrieved from /usr/local/lib/python3.10/dist-packages/airflow/example_dags/example_python_operator.py
[2022-06-16 20:18:00,325] {logging_mixin.py:115} INFO - [2022-06-16 20:18:00,325] {dag.py:2371} INFO - Sync 1 DAGs
[2022-06-16 20:18:00,345] {logging_mixin.py:115} INFO - [2022-06-16 20:18:00,345] {dag.py:2915} INFO - Setting next_dagrun for example_python_operator to None, run_after=None
[2022-06-16 20:18:00,371] {processor.py:161} INFO - Processing /usr/local/lib/python3.10/dist-packages/airflow/example_dags/example_python_operator.py took 0.090 seconds
[2022-06-16 20:18:39,682] {processor.py:153} INFO - Started process (PID=7879) to work on /usr/local/lib/python3.10/dist-packages/airflow/example_dags/example_python_operator.py
[2022-06-16 20:18:39,707] {processor.py:641} INFO - Processing file /usr/local/lib/python3.10/dist-packages/airflow/example_dags/example_python_operator.py for tasks to queue
[2022-06-16 20:18:39,708] {logging_mixin.py:115} INFO - [2022-06-16 20:18:39,707] {dagbag.py:507} INFO - Filling up the DagBag from /usr/local/lib/python3.10/dist-packages/airflow/example_dags/example_python_operator.py
[2022-06-16 20:18:39,726] {processor.py:651} INFO - DAG(s) dict_keys(['example_python_operator']) retrieved from /usr/local/lib/python3.10/dist-packages/airflow/example_dags/example_python_operator.py
[2022-06-16 20:18:39,741] {logging_mixin.py:115} INFO - [2022-06-16 20:18:39,741] {dag.py:2371} INFO - Sync 1 DAGs
[2022-06-16 20:18:39,760] {logging_mixin.py:115} INFO - [2022-06-16 20:18:39,760] {dag.py:2915} INFO - Setting next_dagrun for example_python_operator to None, run_after=None
[2022-06-16 20:18:39,871] {processor.py:161} INFO - Processing /usr/local/lib/python3.10/dist-packages/airflow/example_dags/example_python_operator.py took 0.192 seconds
[2022-06-16 20:19:18,780] {processor.py:153} INFO - Started process (PID=7963) to work on /usr/local/lib/python3.10/dist-packages/airflow/example_dags/example_python_operator.py
[2022-06-16 20:19:18,781] {processor.py:641} INFO - Processing file /usr/local/lib/python3.10/dist-packages/airflow/example_dags/example_python_operator.py for tasks to queue
[2022-06-16 20:19:18,782] {logging_mixin.py:115} INFO - [2022-06-16 20:19:18,782] {dagbag.py:507} INFO - Filling up the DagBag from /usr/local/lib/python3.10/dist-packages/airflow/example_dags/example_python_operator.py
[2022-06-16 20:19:18,800] {processor.py:651} INFO - DAG(s) dict_keys(['example_python_operator']) retrieved from /usr/local/lib/python3.10/dist-packages/airflow/example_dags/example_python_operator.py
[2022-06-16 20:19:18,817] {logging_mixin.py:115} INFO - [2022-06-16 20:19:18,816] {dag.py:2371} INFO - Sync 1 DAGs
[2022-06-16 20:19:18,835] {logging_mixin.py:115} INFO - [2022-06-16 20:19:18,835] {dag.py:2915} INFO - Setting next_dagrun for example_python_operator to None, run_after=None
[2022-06-16 20:19:18,855] {processor.py:161} INFO - Processing /usr/local/lib/python3.10/dist-packages/airflow/example_dags/example_python_operator.py took 0.077 seconds
[2022-06-16 20:19:57,884] {processor.py:153} INFO - Started process (PID=8037) to work on /usr/local/lib/python3.10/dist-packages/airflow/example_dags/example_python_operator.py
[2022-06-16 20:19:57,884] {processor.py:641} INFO - Processing file /usr/local/lib/python3.10/dist-packages/airflow/example_dags/example_python_operator.py for tasks to queue
[2022-06-16 20:19:57,885] {logging_mixin.py:115} INFO - [2022-06-16 20:19:57,885] {dagbag.py:507} INFO - Filling up the DagBag from /usr/local/lib/python3.10/dist-packages/airflow/example_dags/example_python_operator.py
[2022-06-16 20:19:57,907] {processor.py:651} INFO - DAG(s) dict_keys(['example_python_operator']) retrieved from /usr/local/lib/python3.10/dist-packages/airflow/example_dags/example_python_operator.py
[2022-06-16 20:19:57,927] {logging_mixin.py:115} INFO - [2022-06-16 20:19:57,927] {dag.py:2371} INFO - Sync 1 DAGs
[2022-06-16 20:19:57,947] {logging_mixin.py:115} INFO - [2022-06-16 20:19:57,947] {dag.py:2915} INFO - Setting next_dagrun for example_python_operator to None, run_after=None
[2022-06-16 20:19:57,968] {processor.py:161} INFO - Processing /usr/local/lib/python3.10/dist-packages/airflow/example_dags/example_python_operator.py took 0.087 seconds
[2022-06-16 20:20:43,067] {processor.py:153} INFO - Started process (PID=8098) to work on /usr/local/lib/python3.10/dist-packages/airflow/example_dags/example_python_operator.py
[2022-06-16 20:20:43,068] {processor.py:641} INFO - Processing file /usr/local/lib/python3.10/dist-packages/airflow/example_dags/example_python_operator.py for tasks to queue
[2022-06-16 20:20:43,068] {logging_mixin.py:115} INFO - [2022-06-16 20:20:43,068] {dagbag.py:507} INFO - Filling up the DagBag from /usr/local/lib/python3.10/dist-packages/airflow/example_dags/example_python_operator.py
[2022-06-16 20:20:43,088] {processor.py:651} INFO - DAG(s) dict_keys(['example_python_operator']) retrieved from /usr/local/lib/python3.10/dist-packages/airflow/example_dags/example_python_operator.py
[2022-06-16 20:20:43,104] {logging_mixin.py:115} INFO - [2022-06-16 20:20:43,104] {dag.py:2371} INFO - Sync 1 DAGs
[2022-06-16 20:20:43,123] {logging_mixin.py:115} INFO - [2022-06-16 20:20:43,123] {dag.py:2915} INFO - Setting next_dagrun for example_python_operator to None, run_after=None
[2022-06-16 20:20:43,141] {processor.py:161} INFO - Processing /usr/local/lib/python3.10/dist-packages/airflow/example_dags/example_python_operator.py took 0.077 seconds
[2022-06-16 20:21:23,208] {processor.py:153} INFO - Started process (PID=8145) to work on /usr/local/lib/python3.10/dist-packages/airflow/example_dags/example_python_operator.py
[2022-06-16 20:21:23,209] {processor.py:641} INFO - Processing file /usr/local/lib/python3.10/dist-packages/airflow/example_dags/example_python_operator.py for tasks to queue
[2022-06-16 20:21:23,209] {logging_mixin.py:115} INFO - [2022-06-16 20:21:23,209] {dagbag.py:507} INFO - Filling up the DagBag from /usr/local/lib/python3.10/dist-packages/airflow/example_dags/example_python_operator.py
[2022-06-16 20:21:23,228] {processor.py:651} INFO - DAG(s) dict_keys(['example_python_operator']) retrieved from /usr/local/lib/python3.10/dist-packages/airflow/example_dags/example_python_operator.py
[2022-06-16 20:21:23,246] {logging_mixin.py:115} INFO - [2022-06-16 20:21:23,246] {dag.py:2371} INFO - Sync 1 DAGs
[2022-06-16 20:21:23,270] {logging_mixin.py:115} INFO - [2022-06-16 20:21:23,269] {dag.py:2915} INFO - Setting next_dagrun for example_python_operator to None, run_after=None
[2022-06-16 20:21:23,381] {processor.py:161} INFO - Processing /usr/local/lib/python3.10/dist-packages/airflow/example_dags/example_python_operator.py took 0.175 seconds
[2022-06-16 20:22:00,460] {processor.py:153} INFO - Started process (PID=8186) to work on /usr/local/lib/python3.10/dist-packages/airflow/example_dags/example_python_operator.py
[2022-06-16 20:22:00,461] {processor.py:641} INFO - Processing file /usr/local/lib/python3.10/dist-packages/airflow/example_dags/example_python_operator.py for tasks to queue
[2022-06-16 20:22:00,462] {logging_mixin.py:115} INFO - [2022-06-16 20:22:00,462] {dagbag.py:507} INFO - Filling up the DagBag from /usr/local/lib/python3.10/dist-packages/airflow/example_dags/example_python_operator.py
[2022-06-16 20:22:00,482] {processor.py:651} INFO - DAG(s) dict_keys(['example_python_operator']) retrieved from /usr/local/lib/python3.10/dist-packages/airflow/example_dags/example_python_operator.py
[2022-06-16 20:22:00,498] {logging_mixin.py:115} INFO - [2022-06-16 20:22:00,498] {dag.py:2371} INFO - Sync 1 DAGs
[2022-06-16 20:22:00,518] {logging_mixin.py:115} INFO - [2022-06-16 20:22:00,518] {dag.py:2915} INFO - Setting next_dagrun for example_python_operator to None, run_after=None
[2022-06-16 20:22:00,541] {processor.py:161} INFO - Processing /usr/local/lib/python3.10/dist-packages/airflow/example_dags/example_python_operator.py took 0.084 seconds
[2022-06-16 20:22:38,991] {processor.py:153} INFO - Started process (PID=8245) to work on /usr/local/lib/python3.10/dist-packages/airflow/example_dags/example_python_operator.py
[2022-06-16 20:22:38,992] {processor.py:641} INFO - Processing file /usr/local/lib/python3.10/dist-packages/airflow/example_dags/example_python_operator.py for tasks to queue
[2022-06-16 20:22:38,992] {logging_mixin.py:115} INFO - [2022-06-16 20:22:38,992] {dagbag.py:507} INFO - Filling up the DagBag from /usr/local/lib/python3.10/dist-packages/airflow/example_dags/example_python_operator.py
[2022-06-16 20:22:39,011] {processor.py:651} INFO - DAG(s) dict_keys(['example_python_operator']) retrieved from /usr/local/lib/python3.10/dist-packages/airflow/example_dags/example_python_operator.py
[2022-06-16 20:22:39,027] {logging_mixin.py:115} INFO - [2022-06-16 20:22:39,027] {dag.py:2371} INFO - Sync 1 DAGs
[2022-06-16 20:22:39,046] {logging_mixin.py:115} INFO - [2022-06-16 20:22:39,046] {dag.py:2915} INFO - Setting next_dagrun for example_python_operator to None, run_after=None
[2022-06-16 20:22:39,067] {processor.py:161} INFO - Processing /usr/local/lib/python3.10/dist-packages/airflow/example_dags/example_python_operator.py took 0.079 seconds
[2022-06-16 20:23:15,464] {processor.py:153} INFO - Started process (PID=8291) to work on /usr/local/lib/python3.10/dist-packages/airflow/example_dags/example_python_operator.py
[2022-06-16 20:23:15,465] {processor.py:641} INFO - Processing file /usr/local/lib/python3.10/dist-packages/airflow/example_dags/example_python_operator.py for tasks to queue
[2022-06-16 20:23:15,465] {logging_mixin.py:115} INFO - [2022-06-16 20:23:15,465] {dagbag.py:507} INFO - Filling up the DagBag from /usr/local/lib/python3.10/dist-packages/airflow/example_dags/example_python_operator.py
[2022-06-16 20:23:15,489] {processor.py:651} INFO - DAG(s) dict_keys(['example_python_operator']) retrieved from /usr/local/lib/python3.10/dist-packages/airflow/example_dags/example_python_operator.py
[2022-06-16 20:23:15,508] {logging_mixin.py:115} INFO - [2022-06-16 20:23:15,507] {dag.py:2371} INFO - Sync 1 DAGs
[2022-06-16 20:23:15,531] {logging_mixin.py:115} INFO - [2022-06-16 20:23:15,531] {dag.py:2915} INFO - Setting next_dagrun for example_python_operator to None, run_after=None
[2022-06-16 20:23:15,549] {processor.py:161} INFO - Processing /usr/local/lib/python3.10/dist-packages/airflow/example_dags/example_python_operator.py took 0.088 seconds
[2022-06-16 20:23:54,716] {processor.py:153} INFO - Started process (PID=8360) to work on /usr/local/lib/python3.10/dist-packages/airflow/example_dags/example_python_operator.py
[2022-06-16 20:23:54,717] {processor.py:641} INFO - Processing file /usr/local/lib/python3.10/dist-packages/airflow/example_dags/example_python_operator.py for tasks to queue
[2022-06-16 20:23:54,718] {logging_mixin.py:115} INFO - [2022-06-16 20:23:54,718] {dagbag.py:507} INFO - Filling up the DagBag from /usr/local/lib/python3.10/dist-packages/airflow/example_dags/example_python_operator.py
[2022-06-16 20:23:54,737] {processor.py:651} INFO - DAG(s) dict_keys(['example_python_operator']) retrieved from /usr/local/lib/python3.10/dist-packages/airflow/example_dags/example_python_operator.py
[2022-06-16 20:23:54,753] {logging_mixin.py:115} INFO - [2022-06-16 20:23:54,753] {dag.py:2371} INFO - Sync 1 DAGs
[2022-06-16 20:23:54,772] {logging_mixin.py:115} INFO - [2022-06-16 20:23:54,772] {dag.py:2915} INFO - Setting next_dagrun for example_python_operator to None, run_after=None
[2022-06-16 20:23:54,791] {processor.py:161} INFO - Processing /usr/local/lib/python3.10/dist-packages/airflow/example_dags/example_python_operator.py took 0.077 seconds
[2022-06-16 20:24:34,118] {processor.py:153} INFO - Started process (PID=8414) to work on /usr/local/lib/python3.10/dist-packages/airflow/example_dags/example_python_operator.py
[2022-06-16 20:24:34,162] {processor.py:641} INFO - Processing file /usr/local/lib/python3.10/dist-packages/airflow/example_dags/example_python_operator.py for tasks to queue
[2022-06-16 20:24:34,162] {logging_mixin.py:115} INFO - [2022-06-16 20:24:34,162] {dagbag.py:507} INFO - Filling up the DagBag from /usr/local/lib/python3.10/dist-packages/airflow/example_dags/example_python_operator.py
[2022-06-16 20:24:34,189] {processor.py:651} INFO - DAG(s) dict_keys(['example_python_operator']) retrieved from /usr/local/lib/python3.10/dist-packages/airflow/example_dags/example_python_operator.py
[2022-06-16 20:24:34,205] {logging_mixin.py:115} INFO - [2022-06-16 20:24:34,205] {dag.py:2371} INFO - Sync 1 DAGs
[2022-06-16 20:24:34,224] {logging_mixin.py:115} INFO - [2022-06-16 20:24:34,224] {dag.py:2915} INFO - Setting next_dagrun for example_python_operator to None, run_after=None
[2022-06-16 20:24:34,328] {processor.py:161} INFO - Processing /usr/local/lib/python3.10/dist-packages/airflow/example_dags/example_python_operator.py took 0.213 seconds
[2022-06-16 20:25:13,398] {processor.py:153} INFO - Started process (PID=8475) to work on /usr/local/lib/python3.10/dist-packages/airflow/example_dags/example_python_operator.py
[2022-06-16 20:25:13,399] {processor.py:641} INFO - Processing file /usr/local/lib/python3.10/dist-packages/airflow/example_dags/example_python_operator.py for tasks to queue
[2022-06-16 20:25:13,400] {logging_mixin.py:115} INFO - [2022-06-16 20:25:13,400] {dagbag.py:507} INFO - Filling up the DagBag from /usr/local/lib/python3.10/dist-packages/airflow/example_dags/example_python_operator.py
[2022-06-16 20:25:13,423] {processor.py:651} INFO - DAG(s) dict_keys(['example_python_operator']) retrieved from /usr/local/lib/python3.10/dist-packages/airflow/example_dags/example_python_operator.py
[2022-06-16 20:25:13,441] {logging_mixin.py:115} INFO - [2022-06-16 20:25:13,441] {dag.py:2371} INFO - Sync 1 DAGs
[2022-06-16 20:25:13,460] {logging_mixin.py:115} INFO - [2022-06-16 20:25:13,460] {dag.py:2915} INFO - Setting next_dagrun for example_python_operator to None, run_after=None
[2022-06-16 20:25:13,513] {processor.py:161} INFO - Processing /usr/local/lib/python3.10/dist-packages/airflow/example_dags/example_python_operator.py took 0.118 seconds
[2022-06-16 20:25:52,165] {processor.py:153} INFO - Started process (PID=8520) to work on /usr/local/lib/python3.10/dist-packages/airflow/example_dags/example_python_operator.py
[2022-06-16 20:25:52,165] {processor.py:641} INFO - Processing file /usr/local/lib/python3.10/dist-packages/airflow/example_dags/example_python_operator.py for tasks to queue
[2022-06-16 20:25:52,166] {logging_mixin.py:115} INFO - [2022-06-16 20:25:52,166] {dagbag.py:507} INFO - Filling up the DagBag from /usr/local/lib/python3.10/dist-packages/airflow/example_dags/example_python_operator.py
[2022-06-16 20:25:52,186] {processor.py:651} INFO - DAG(s) dict_keys(['example_python_operator']) retrieved from /usr/local/lib/python3.10/dist-packages/airflow/example_dags/example_python_operator.py
[2022-06-16 20:25:52,202] {logging_mixin.py:115} INFO - [2022-06-16 20:25:52,202] {dag.py:2371} INFO - Sync 1 DAGs
[2022-06-16 20:25:52,220] {logging_mixin.py:115} INFO - [2022-06-16 20:25:52,220] {dag.py:2915} INFO - Setting next_dagrun for example_python_operator to None, run_after=None
[2022-06-16 20:25:52,254] {processor.py:161} INFO - Processing /usr/local/lib/python3.10/dist-packages/airflow/example_dags/example_python_operator.py took 0.092 seconds
[2022-06-16 20:26:33,722] {processor.py:153} INFO - Started process (PID=8569) to work on /usr/local/lib/python3.10/dist-packages/airflow/example_dags/example_python_operator.py
[2022-06-16 20:26:33,723] {processor.py:641} INFO - Processing file /usr/local/lib/python3.10/dist-packages/airflow/example_dags/example_python_operator.py for tasks to queue
[2022-06-16 20:26:33,724] {logging_mixin.py:115} INFO - [2022-06-16 20:26:33,724] {dagbag.py:507} INFO - Filling up the DagBag from /usr/local/lib/python3.10/dist-packages/airflow/example_dags/example_python_operator.py
[2022-06-16 20:26:33,744] {processor.py:651} INFO - DAG(s) dict_keys(['example_python_operator']) retrieved from /usr/local/lib/python3.10/dist-packages/airflow/example_dags/example_python_operator.py
[2022-06-16 20:26:33,764] {logging_mixin.py:115} INFO - [2022-06-16 20:26:33,764] {dag.py:2371} INFO - Sync 1 DAGs
[2022-06-16 20:26:33,783] {logging_mixin.py:115} INFO - [2022-06-16 20:26:33,783] {dag.py:2915} INFO - Setting next_dagrun for example_python_operator to None, run_after=None
[2022-06-16 20:26:33,802] {processor.py:161} INFO - Processing /usr/local/lib/python3.10/dist-packages/airflow/example_dags/example_python_operator.py took 0.082 seconds
