[2022-06-16 19:59:44,080] {processor.py:153} INFO - Started process (PID=5076) to work on /usr/local/lib/python3.10/dist-packages/airflow/example_dags/example_task_group.py
[2022-06-16 19:59:44,080] {processor.py:641} INFO - Processing file /usr/local/lib/python3.10/dist-packages/airflow/example_dags/example_task_group.py for tasks to queue
[2022-06-16 19:59:44,081] {logging_mixin.py:115} INFO - [2022-06-16 19:59:44,081] {dagbag.py:507} INFO - Filling up the DagBag from /usr/local/lib/python3.10/dist-packages/airflow/example_dags/example_task_group.py
[2022-06-16 19:59:44,088] {processor.py:651} INFO - DAG(s) dict_keys(['example_task_group']) retrieved from /usr/local/lib/python3.10/dist-packages/airflow/example_dags/example_task_group.py
[2022-06-16 19:59:44,105] {logging_mixin.py:115} INFO - [2022-06-16 19:59:44,104] {dag.py:2371} INFO - Sync 1 DAGs
[2022-06-16 19:59:44,124] {logging_mixin.py:115} INFO - [2022-06-16 19:59:44,123] {dag.py:2915} INFO - Setting next_dagrun for example_task_group to 2022-06-15T14:29:44.123575+00:00, run_after=2022-06-16T14:29:44.123575+00:00
[2022-06-16 19:59:44,233] {processor.py:161} INFO - Processing /usr/local/lib/python3.10/dist-packages/airflow/example_dags/example_task_group.py took 0.156 seconds
[2022-06-16 20:00:24,020] {processor.py:153} INFO - Started process (PID=5208) to work on /usr/local/lib/python3.10/dist-packages/airflow/example_dags/example_task_group.py
[2022-06-16 20:00:24,021] {processor.py:641} INFO - Processing file /usr/local/lib/python3.10/dist-packages/airflow/example_dags/example_task_group.py for tasks to queue
[2022-06-16 20:00:24,022] {logging_mixin.py:115} INFO - [2022-06-16 20:00:24,022] {dagbag.py:507} INFO - Filling up the DagBag from /usr/local/lib/python3.10/dist-packages/airflow/example_dags/example_task_group.py
[2022-06-16 20:00:24,032] {processor.py:651} INFO - DAG(s) dict_keys(['example_task_group']) retrieved from /usr/local/lib/python3.10/dist-packages/airflow/example_dags/example_task_group.py
[2022-06-16 20:00:24,054] {logging_mixin.py:115} INFO - [2022-06-16 20:00:24,054] {dag.py:2371} INFO - Sync 1 DAGs
[2022-06-16 20:00:24,075] {logging_mixin.py:115} INFO - [2022-06-16 20:00:24,075] {dag.py:2915} INFO - Setting next_dagrun for example_task_group to 2022-06-15T14:30:24.075554+00:00, run_after=2022-06-16T14:30:24.075554+00:00
[2022-06-16 20:00:24,114] {processor.py:161} INFO - Processing /usr/local/lib/python3.10/dist-packages/airflow/example_dags/example_task_group.py took 0.097 seconds
[2022-06-16 20:01:04,445] {processor.py:153} INFO - Started process (PID=5292) to work on /usr/local/lib/python3.10/dist-packages/airflow/example_dags/example_task_group.py
[2022-06-16 20:01:04,451] {processor.py:641} INFO - Processing file /usr/local/lib/python3.10/dist-packages/airflow/example_dags/example_task_group.py for tasks to queue
[2022-06-16 20:01:04,451] {logging_mixin.py:115} INFO - [2022-06-16 20:01:04,451] {dagbag.py:507} INFO - Filling up the DagBag from /usr/local/lib/python3.10/dist-packages/airflow/example_dags/example_task_group.py
[2022-06-16 20:01:04,459] {processor.py:651} INFO - DAG(s) dict_keys(['example_task_group']) retrieved from /usr/local/lib/python3.10/dist-packages/airflow/example_dags/example_task_group.py
[2022-06-16 20:01:04,475] {logging_mixin.py:115} INFO - [2022-06-16 20:01:04,475] {dag.py:2371} INFO - Sync 1 DAGs
[2022-06-16 20:01:04,494] {logging_mixin.py:115} INFO - [2022-06-16 20:01:04,494] {dag.py:2915} INFO - Setting next_dagrun for example_task_group to 2022-06-15T14:31:04.494263+00:00, run_after=2022-06-16T14:31:04.494263+00:00
[2022-06-16 20:01:04,515] {processor.py:161} INFO - Processing /usr/local/lib/python3.10/dist-packages/airflow/example_dags/example_task_group.py took 0.073 seconds
[2022-06-16 20:01:45,277] {processor.py:153} INFO - Started process (PID=5463) to work on /usr/local/lib/python3.10/dist-packages/airflow/example_dags/example_task_group.py
[2022-06-16 20:01:45,285] {processor.py:641} INFO - Processing file /usr/local/lib/python3.10/dist-packages/airflow/example_dags/example_task_group.py for tasks to queue
[2022-06-16 20:01:45,286] {logging_mixin.py:115} INFO - [2022-06-16 20:01:45,285] {dagbag.py:507} INFO - Filling up the DagBag from /usr/local/lib/python3.10/dist-packages/airflow/example_dags/example_task_group.py
[2022-06-16 20:01:45,297] {processor.py:651} INFO - DAG(s) dict_keys(['example_task_group']) retrieved from /usr/local/lib/python3.10/dist-packages/airflow/example_dags/example_task_group.py
[2022-06-16 20:01:45,326] {logging_mixin.py:115} INFO - [2022-06-16 20:01:45,326] {dag.py:2371} INFO - Sync 1 DAGs
[2022-06-16 20:01:45,355] {logging_mixin.py:115} INFO - [2022-06-16 20:01:45,355] {dag.py:2915} INFO - Setting next_dagrun for example_task_group to 2022-06-15T14:31:45.355443+00:00, run_after=2022-06-16T14:31:45.355443+00:00
[2022-06-16 20:01:45,461] {processor.py:161} INFO - Processing /usr/local/lib/python3.10/dist-packages/airflow/example_dags/example_task_group.py took 0.187 seconds
[2022-06-16 20:02:25,300] {processor.py:153} INFO - Started process (PID=5556) to work on /usr/local/lib/python3.10/dist-packages/airflow/example_dags/example_task_group.py
[2022-06-16 20:02:25,301] {processor.py:641} INFO - Processing file /usr/local/lib/python3.10/dist-packages/airflow/example_dags/example_task_group.py for tasks to queue
[2022-06-16 20:02:25,301] {logging_mixin.py:115} INFO - [2022-06-16 20:02:25,301] {dagbag.py:507} INFO - Filling up the DagBag from /usr/local/lib/python3.10/dist-packages/airflow/example_dags/example_task_group.py
[2022-06-16 20:02:25,310] {processor.py:651} INFO - DAG(s) dict_keys(['example_task_group']) retrieved from /usr/local/lib/python3.10/dist-packages/airflow/example_dags/example_task_group.py
[2022-06-16 20:02:25,327] {logging_mixin.py:115} INFO - [2022-06-16 20:02:25,327] {dag.py:2371} INFO - Sync 1 DAGs
[2022-06-16 20:02:25,348] {logging_mixin.py:115} INFO - [2022-06-16 20:02:25,348] {dag.py:2915} INFO - Setting next_dagrun for example_task_group to 2022-06-15T14:32:25.347794+00:00, run_after=2022-06-16T14:32:25.347794+00:00
[2022-06-16 20:02:25,394] {processor.py:161} INFO - Processing /usr/local/lib/python3.10/dist-packages/airflow/example_dags/example_task_group.py took 0.096 seconds
[2022-06-16 20:03:03,634] {processor.py:153} INFO - Started process (PID=5646) to work on /usr/local/lib/python3.10/dist-packages/airflow/example_dags/example_task_group.py
[2022-06-16 20:03:03,634] {processor.py:641} INFO - Processing file /usr/local/lib/python3.10/dist-packages/airflow/example_dags/example_task_group.py for tasks to queue
[2022-06-16 20:03:03,635] {logging_mixin.py:115} INFO - [2022-06-16 20:03:03,635] {dagbag.py:507} INFO - Filling up the DagBag from /usr/local/lib/python3.10/dist-packages/airflow/example_dags/example_task_group.py
[2022-06-16 20:03:03,642] {processor.py:651} INFO - DAG(s) dict_keys(['example_task_group']) retrieved from /usr/local/lib/python3.10/dist-packages/airflow/example_dags/example_task_group.py
[2022-06-16 20:03:03,659] {logging_mixin.py:115} INFO - [2022-06-16 20:03:03,659] {dag.py:2371} INFO - Sync 1 DAGs
[2022-06-16 20:03:03,680] {logging_mixin.py:115} INFO - [2022-06-16 20:03:03,680] {dag.py:2915} INFO - Setting next_dagrun for example_task_group to 2022-06-15T14:33:03.679807+00:00, run_after=2022-06-16T14:33:03.679807+00:00
[2022-06-16 20:03:03,704] {processor.py:161} INFO - Processing /usr/local/lib/python3.10/dist-packages/airflow/example_dags/example_task_group.py took 0.073 seconds
[2022-06-16 20:03:45,304] {processor.py:153} INFO - Started process (PID=5770) to work on /usr/local/lib/python3.10/dist-packages/airflow/example_dags/example_task_group.py
[2022-06-16 20:03:45,305] {processor.py:641} INFO - Processing file /usr/local/lib/python3.10/dist-packages/airflow/example_dags/example_task_group.py for tasks to queue
[2022-06-16 20:03:45,305] {logging_mixin.py:115} INFO - [2022-06-16 20:03:45,305] {dagbag.py:507} INFO - Filling up the DagBag from /usr/local/lib/python3.10/dist-packages/airflow/example_dags/example_task_group.py
[2022-06-16 20:03:45,312] {processor.py:651} INFO - DAG(s) dict_keys(['example_task_group']) retrieved from /usr/local/lib/python3.10/dist-packages/airflow/example_dags/example_task_group.py
[2022-06-16 20:03:45,330] {logging_mixin.py:115} INFO - [2022-06-16 20:03:45,330] {dag.py:2371} INFO - Sync 1 DAGs
[2022-06-16 20:03:45,349] {logging_mixin.py:115} INFO - [2022-06-16 20:03:45,349] {dag.py:2915} INFO - Setting next_dagrun for example_task_group to 2022-06-15T14:33:45.349396+00:00, run_after=2022-06-16T14:33:45.349396+00:00
[2022-06-16 20:03:45,407] {processor.py:161} INFO - Processing /usr/local/lib/python3.10/dist-packages/airflow/example_dags/example_task_group.py took 0.106 seconds
[2022-06-16 20:04:23,149] {processor.py:153} INFO - Started process (PID=5861) to work on /usr/local/lib/python3.10/dist-packages/airflow/example_dags/example_task_group.py
[2022-06-16 20:04:23,149] {processor.py:641} INFO - Processing file /usr/local/lib/python3.10/dist-packages/airflow/example_dags/example_task_group.py for tasks to queue
[2022-06-16 20:04:23,150] {logging_mixin.py:115} INFO - [2022-06-16 20:04:23,150] {dagbag.py:507} INFO - Filling up the DagBag from /usr/local/lib/python3.10/dist-packages/airflow/example_dags/example_task_group.py
[2022-06-16 20:04:23,157] {processor.py:651} INFO - DAG(s) dict_keys(['example_task_group']) retrieved from /usr/local/lib/python3.10/dist-packages/airflow/example_dags/example_task_group.py
[2022-06-16 20:04:23,174] {logging_mixin.py:115} INFO - [2022-06-16 20:04:23,174] {dag.py:2371} INFO - Sync 1 DAGs
[2022-06-16 20:04:23,194] {logging_mixin.py:115} INFO - [2022-06-16 20:04:23,194] {dag.py:2915} INFO - Setting next_dagrun for example_task_group to 2022-06-15T14:34:23.193881+00:00, run_after=2022-06-16T14:34:23.193881+00:00
[2022-06-16 20:04:23,213] {processor.py:161} INFO - Processing /usr/local/lib/python3.10/dist-packages/airflow/example_dags/example_task_group.py took 0.067 seconds
[2022-06-16 20:05:03,108] {processor.py:153} INFO - Started process (PID=5954) to work on /usr/local/lib/python3.10/dist-packages/airflow/example_dags/example_task_group.py
[2022-06-16 20:05:03,109] {processor.py:641} INFO - Processing file /usr/local/lib/python3.10/dist-packages/airflow/example_dags/example_task_group.py for tasks to queue
[2022-06-16 20:05:03,110] {logging_mixin.py:115} INFO - [2022-06-16 20:05:03,110] {dagbag.py:507} INFO - Filling up the DagBag from /usr/local/lib/python3.10/dist-packages/airflow/example_dags/example_task_group.py
[2022-06-16 20:05:03,116] {processor.py:651} INFO - DAG(s) dict_keys(['example_task_group']) retrieved from /usr/local/lib/python3.10/dist-packages/airflow/example_dags/example_task_group.py
[2022-06-16 20:05:03,134] {logging_mixin.py:115} INFO - [2022-06-16 20:05:03,133] {dag.py:2371} INFO - Sync 1 DAGs
[2022-06-16 20:05:03,153] {logging_mixin.py:115} INFO - [2022-06-16 20:05:03,153] {dag.py:2915} INFO - Setting next_dagrun for example_task_group to 2022-06-15T14:35:03.152691+00:00, run_after=2022-06-16T14:35:03.152691+00:00
[2022-06-16 20:05:03,172] {processor.py:161} INFO - Processing /usr/local/lib/python3.10/dist-packages/airflow/example_dags/example_task_group.py took 0.066 seconds
[2022-06-16 20:05:43,467] {processor.py:153} INFO - Started process (PID=6048) to work on /usr/local/lib/python3.10/dist-packages/airflow/example_dags/example_task_group.py
[2022-06-16 20:05:43,468] {processor.py:641} INFO - Processing file /usr/local/lib/python3.10/dist-packages/airflow/example_dags/example_task_group.py for tasks to queue
[2022-06-16 20:05:43,468] {logging_mixin.py:115} INFO - [2022-06-16 20:05:43,468] {dagbag.py:507} INFO - Filling up the DagBag from /usr/local/lib/python3.10/dist-packages/airflow/example_dags/example_task_group.py
[2022-06-16 20:05:43,475] {processor.py:651} INFO - DAG(s) dict_keys(['example_task_group']) retrieved from /usr/local/lib/python3.10/dist-packages/airflow/example_dags/example_task_group.py
[2022-06-16 20:05:43,493] {logging_mixin.py:115} INFO - [2022-06-16 20:05:43,493] {dag.py:2371} INFO - Sync 1 DAGs
[2022-06-16 20:05:43,512] {logging_mixin.py:115} INFO - [2022-06-16 20:05:43,512] {dag.py:2915} INFO - Setting next_dagrun for example_task_group to 2022-06-15T14:35:43.511898+00:00, run_after=2022-06-16T14:35:43.511898+00:00
[2022-06-16 20:05:43,535] {processor.py:161} INFO - Processing /usr/local/lib/python3.10/dist-packages/airflow/example_dags/example_task_group.py took 0.071 seconds
[2022-06-16 20:06:26,772] {processor.py:153} INFO - Started process (PID=6143) to work on /usr/local/lib/python3.10/dist-packages/airflow/example_dags/example_task_group.py
[2022-06-16 20:06:26,773] {processor.py:641} INFO - Processing file /usr/local/lib/python3.10/dist-packages/airflow/example_dags/example_task_group.py for tasks to queue
[2022-06-16 20:06:26,773] {logging_mixin.py:115} INFO - [2022-06-16 20:06:26,773] {dagbag.py:507} INFO - Filling up the DagBag from /usr/local/lib/python3.10/dist-packages/airflow/example_dags/example_task_group.py
[2022-06-16 20:06:26,780] {processor.py:651} INFO - DAG(s) dict_keys(['example_task_group']) retrieved from /usr/local/lib/python3.10/dist-packages/airflow/example_dags/example_task_group.py
[2022-06-16 20:06:26,797] {logging_mixin.py:115} INFO - [2022-06-16 20:06:26,797] {dag.py:2371} INFO - Sync 1 DAGs
[2022-06-16 20:06:26,816] {logging_mixin.py:115} INFO - [2022-06-16 20:06:26,816] {dag.py:2915} INFO - Setting next_dagrun for example_task_group to 2022-06-15T14:36:26.815813+00:00, run_after=2022-06-16T14:36:26.815813+00:00
[2022-06-16 20:06:26,887] {processor.py:161} INFO - Processing /usr/local/lib/python3.10/dist-packages/airflow/example_dags/example_task_group.py took 0.117 seconds
[2022-06-16 20:07:06,172] {processor.py:153} INFO - Started process (PID=6237) to work on /usr/local/lib/python3.10/dist-packages/airflow/example_dags/example_task_group.py
[2022-06-16 20:07:06,173] {processor.py:641} INFO - Processing file /usr/local/lib/python3.10/dist-packages/airflow/example_dags/example_task_group.py for tasks to queue
[2022-06-16 20:07:06,173] {logging_mixin.py:115} INFO - [2022-06-16 20:07:06,173] {dagbag.py:507} INFO - Filling up the DagBag from /usr/local/lib/python3.10/dist-packages/airflow/example_dags/example_task_group.py
[2022-06-16 20:07:06,180] {processor.py:651} INFO - DAG(s) dict_keys(['example_task_group']) retrieved from /usr/local/lib/python3.10/dist-packages/airflow/example_dags/example_task_group.py
[2022-06-16 20:07:06,198] {logging_mixin.py:115} INFO - [2022-06-16 20:07:06,198] {dag.py:2371} INFO - Sync 1 DAGs
[2022-06-16 20:07:06,218] {logging_mixin.py:115} INFO - [2022-06-16 20:07:06,217] {dag.py:2915} INFO - Setting next_dagrun for example_task_group to 2022-06-15T14:37:06.217736+00:00, run_after=2022-06-16T14:37:06.217736+00:00
[2022-06-16 20:07:06,267] {processor.py:161} INFO - Processing /usr/local/lib/python3.10/dist-packages/airflow/example_dags/example_task_group.py took 0.098 seconds
[2022-06-16 20:07:43,497] {processor.py:153} INFO - Started process (PID=6328) to work on /usr/local/lib/python3.10/dist-packages/airflow/example_dags/example_task_group.py
[2022-06-16 20:07:43,497] {processor.py:641} INFO - Processing file /usr/local/lib/python3.10/dist-packages/airflow/example_dags/example_task_group.py for tasks to queue
[2022-06-16 20:07:43,498] {logging_mixin.py:115} INFO - [2022-06-16 20:07:43,498] {dagbag.py:507} INFO - Filling up the DagBag from /usr/local/lib/python3.10/dist-packages/airflow/example_dags/example_task_group.py
[2022-06-16 20:07:43,504] {processor.py:651} INFO - DAG(s) dict_keys(['example_task_group']) retrieved from /usr/local/lib/python3.10/dist-packages/airflow/example_dags/example_task_group.py
[2022-06-16 20:07:43,524] {logging_mixin.py:115} INFO - [2022-06-16 20:07:43,524] {dag.py:2371} INFO - Sync 1 DAGs
[2022-06-16 20:07:43,548] {logging_mixin.py:115} INFO - [2022-06-16 20:07:43,548] {dag.py:2915} INFO - Setting next_dagrun for example_task_group to 2022-06-15T14:37:43.547989+00:00, run_after=2022-06-16T14:37:43.547989+00:00
[2022-06-16 20:07:43,583] {processor.py:161} INFO - Processing /usr/local/lib/python3.10/dist-packages/airflow/example_dags/example_task_group.py took 0.089 seconds
[2022-06-16 20:08:21,574] {processor.py:153} INFO - Started process (PID=6415) to work on /usr/local/lib/python3.10/dist-packages/airflow/example_dags/example_task_group.py
[2022-06-16 20:08:21,575] {processor.py:641} INFO - Processing file /usr/local/lib/python3.10/dist-packages/airflow/example_dags/example_task_group.py for tasks to queue
[2022-06-16 20:08:21,576] {logging_mixin.py:115} INFO - [2022-06-16 20:08:21,576] {dagbag.py:507} INFO - Filling up the DagBag from /usr/local/lib/python3.10/dist-packages/airflow/example_dags/example_task_group.py
[2022-06-16 20:08:21,583] {processor.py:651} INFO - DAG(s) dict_keys(['example_task_group']) retrieved from /usr/local/lib/python3.10/dist-packages/airflow/example_dags/example_task_group.py
[2022-06-16 20:08:21,601] {logging_mixin.py:115} INFO - [2022-06-16 20:08:21,601] {dag.py:2371} INFO - Sync 1 DAGs
[2022-06-16 20:08:21,620] {logging_mixin.py:115} INFO - [2022-06-16 20:08:21,620] {dag.py:2915} INFO - Setting next_dagrun for example_task_group to 2022-06-15T14:38:21.620139+00:00, run_after=2022-06-16T14:38:21.620139+00:00
[2022-06-16 20:08:21,640] {processor.py:161} INFO - Processing /usr/local/lib/python3.10/dist-packages/airflow/example_dags/example_task_group.py took 0.068 seconds
[2022-06-16 20:09:00,483] {processor.py:153} INFO - Started process (PID=6534) to work on /usr/local/lib/python3.10/dist-packages/airflow/example_dags/example_task_group.py
[2022-06-16 20:09:00,484] {processor.py:641} INFO - Processing file /usr/local/lib/python3.10/dist-packages/airflow/example_dags/example_task_group.py for tasks to queue
[2022-06-16 20:09:00,484] {logging_mixin.py:115} INFO - [2022-06-16 20:09:00,484] {dagbag.py:507} INFO - Filling up the DagBag from /usr/local/lib/python3.10/dist-packages/airflow/example_dags/example_task_group.py
[2022-06-16 20:09:00,491] {processor.py:651} INFO - DAG(s) dict_keys(['example_task_group']) retrieved from /usr/local/lib/python3.10/dist-packages/airflow/example_dags/example_task_group.py
[2022-06-16 20:09:00,508] {logging_mixin.py:115} INFO - [2022-06-16 20:09:00,507] {dag.py:2371} INFO - Sync 1 DAGs
[2022-06-16 20:09:00,529] {logging_mixin.py:115} INFO - [2022-06-16 20:09:00,528] {dag.py:2915} INFO - Setting next_dagrun for example_task_group to 2022-06-15T14:39:00.528607+00:00, run_after=2022-06-16T14:39:00.528607+00:00
[2022-06-16 20:09:00,551] {processor.py:161} INFO - Processing /usr/local/lib/python3.10/dist-packages/airflow/example_dags/example_task_group.py took 0.071 seconds
[2022-06-16 20:09:44,645] {processor.py:153} INFO - Started process (PID=6619) to work on /usr/local/lib/python3.10/dist-packages/airflow/example_dags/example_task_group.py
[2022-06-16 20:09:44,646] {processor.py:641} INFO - Processing file /usr/local/lib/python3.10/dist-packages/airflow/example_dags/example_task_group.py for tasks to queue
[2022-06-16 20:09:44,646] {logging_mixin.py:115} INFO - [2022-06-16 20:09:44,646] {dagbag.py:507} INFO - Filling up the DagBag from /usr/local/lib/python3.10/dist-packages/airflow/example_dags/example_task_group.py
[2022-06-16 20:09:44,653] {processor.py:651} INFO - DAG(s) dict_keys(['example_task_group']) retrieved from /usr/local/lib/python3.10/dist-packages/airflow/example_dags/example_task_group.py
[2022-06-16 20:09:44,670] {logging_mixin.py:115} INFO - [2022-06-16 20:09:44,670] {dag.py:2371} INFO - Sync 1 DAGs
[2022-06-16 20:09:44,688] {logging_mixin.py:115} INFO - [2022-06-16 20:09:44,688] {dag.py:2915} INFO - Setting next_dagrun for example_task_group to 2022-06-15T14:39:44.688307+00:00, run_after=2022-06-16T14:39:44.688307+00:00
[2022-06-16 20:09:44,710] {processor.py:161} INFO - Processing /usr/local/lib/python3.10/dist-packages/airflow/example_dags/example_task_group.py took 0.069 seconds
[2022-06-16 20:10:26,084] {processor.py:153} INFO - Started process (PID=6713) to work on /usr/local/lib/python3.10/dist-packages/airflow/example_dags/example_task_group.py
[2022-06-16 20:10:26,104] {processor.py:641} INFO - Processing file /usr/local/lib/python3.10/dist-packages/airflow/example_dags/example_task_group.py for tasks to queue
[2022-06-16 20:10:26,105] {logging_mixin.py:115} INFO - [2022-06-16 20:10:26,105] {dagbag.py:507} INFO - Filling up the DagBag from /usr/local/lib/python3.10/dist-packages/airflow/example_dags/example_task_group.py
[2022-06-16 20:10:26,113] {processor.py:651} INFO - DAG(s) dict_keys(['example_task_group']) retrieved from /usr/local/lib/python3.10/dist-packages/airflow/example_dags/example_task_group.py
[2022-06-16 20:10:26,130] {logging_mixin.py:115} INFO - [2022-06-16 20:10:26,129] {dag.py:2371} INFO - Sync 1 DAGs
[2022-06-16 20:10:26,148] {logging_mixin.py:115} INFO - [2022-06-16 20:10:26,148] {dag.py:2915} INFO - Setting next_dagrun for example_task_group to 2022-06-15T14:40:26.147975+00:00, run_after=2022-06-16T14:40:26.147975+00:00
[2022-06-16 20:10:26,168] {processor.py:161} INFO - Processing /usr/local/lib/python3.10/dist-packages/airflow/example_dags/example_task_group.py took 0.087 seconds
[2022-06-16 20:11:04,264] {processor.py:153} INFO - Started process (PID=6804) to work on /usr/local/lib/python3.10/dist-packages/airflow/example_dags/example_task_group.py
[2022-06-16 20:11:04,265] {processor.py:641} INFO - Processing file /usr/local/lib/python3.10/dist-packages/airflow/example_dags/example_task_group.py for tasks to queue
[2022-06-16 20:11:04,266] {logging_mixin.py:115} INFO - [2022-06-16 20:11:04,266] {dagbag.py:507} INFO - Filling up the DagBag from /usr/local/lib/python3.10/dist-packages/airflow/example_dags/example_task_group.py
[2022-06-16 20:11:04,273] {processor.py:651} INFO - DAG(s) dict_keys(['example_task_group']) retrieved from /usr/local/lib/python3.10/dist-packages/airflow/example_dags/example_task_group.py
[2022-06-16 20:11:04,290] {logging_mixin.py:115} INFO - [2022-06-16 20:11:04,290] {dag.py:2371} INFO - Sync 1 DAGs
[2022-06-16 20:11:04,308] {logging_mixin.py:115} INFO - [2022-06-16 20:11:04,308] {dag.py:2915} INFO - Setting next_dagrun for example_task_group to 2022-06-15T14:41:04.308521+00:00, run_after=2022-06-16T14:41:04.308521+00:00
[2022-06-16 20:11:04,352] {processor.py:161} INFO - Processing /usr/local/lib/python3.10/dist-packages/airflow/example_dags/example_task_group.py took 0.091 seconds
[2022-06-16 20:11:44,168] {processor.py:153} INFO - Started process (PID=6894) to work on /usr/local/lib/python3.10/dist-packages/airflow/example_dags/example_task_group.py
[2022-06-16 20:11:44,169] {processor.py:641} INFO - Processing file /usr/local/lib/python3.10/dist-packages/airflow/example_dags/example_task_group.py for tasks to queue
[2022-06-16 20:11:44,170] {logging_mixin.py:115} INFO - [2022-06-16 20:11:44,169] {dagbag.py:507} INFO - Filling up the DagBag from /usr/local/lib/python3.10/dist-packages/airflow/example_dags/example_task_group.py
[2022-06-16 20:11:44,177] {processor.py:651} INFO - DAG(s) dict_keys(['example_task_group']) retrieved from /usr/local/lib/python3.10/dist-packages/airflow/example_dags/example_task_group.py
[2022-06-16 20:11:44,194] {logging_mixin.py:115} INFO - [2022-06-16 20:11:44,194] {dag.py:2371} INFO - Sync 1 DAGs
[2022-06-16 20:11:44,214] {logging_mixin.py:115} INFO - [2022-06-16 20:11:44,214] {dag.py:2915} INFO - Setting next_dagrun for example_task_group to 2022-06-15T14:41:44.214161+00:00, run_after=2022-06-16T14:41:44.214161+00:00
[2022-06-16 20:11:44,234] {processor.py:161} INFO - Processing /usr/local/lib/python3.10/dist-packages/airflow/example_dags/example_task_group.py took 0.068 seconds
[2022-06-16 20:12:23,974] {processor.py:153} INFO - Started process (PID=6984) to work on /usr/local/lib/python3.10/dist-packages/airflow/example_dags/example_task_group.py
[2022-06-16 20:12:23,975] {processor.py:641} INFO - Processing file /usr/local/lib/python3.10/dist-packages/airflow/example_dags/example_task_group.py for tasks to queue
[2022-06-16 20:12:23,975] {logging_mixin.py:115} INFO - [2022-06-16 20:12:23,975] {dagbag.py:507} INFO - Filling up the DagBag from /usr/local/lib/python3.10/dist-packages/airflow/example_dags/example_task_group.py
[2022-06-16 20:12:23,982] {processor.py:651} INFO - DAG(s) dict_keys(['example_task_group']) retrieved from /usr/local/lib/python3.10/dist-packages/airflow/example_dags/example_task_group.py
[2022-06-16 20:12:23,999] {logging_mixin.py:115} INFO - [2022-06-16 20:12:23,999] {dag.py:2371} INFO - Sync 1 DAGs
[2022-06-16 20:12:24,018] {logging_mixin.py:115} INFO - [2022-06-16 20:12:24,018] {dag.py:2915} INFO - Setting next_dagrun for example_task_group to 2022-06-15T14:42:24.018245+00:00, run_after=2022-06-16T14:42:24.018245+00:00
[2022-06-16 20:12:24,038] {processor.py:161} INFO - Processing /usr/local/lib/python3.10/dist-packages/airflow/example_dags/example_task_group.py took 0.067 seconds
[2022-06-16 20:13:04,058] {processor.py:153} INFO - Started process (PID=7080) to work on /usr/local/lib/python3.10/dist-packages/airflow/example_dags/example_task_group.py
[2022-06-16 20:13:04,058] {processor.py:641} INFO - Processing file /usr/local/lib/python3.10/dist-packages/airflow/example_dags/example_task_group.py for tasks to queue
[2022-06-16 20:13:04,059] {logging_mixin.py:115} INFO - [2022-06-16 20:13:04,059] {dagbag.py:507} INFO - Filling up the DagBag from /usr/local/lib/python3.10/dist-packages/airflow/example_dags/example_task_group.py
[2022-06-16 20:13:04,066] {processor.py:651} INFO - DAG(s) dict_keys(['example_task_group']) retrieved from /usr/local/lib/python3.10/dist-packages/airflow/example_dags/example_task_group.py
[2022-06-16 20:13:04,083] {logging_mixin.py:115} INFO - [2022-06-16 20:13:04,082] {dag.py:2371} INFO - Sync 1 DAGs
[2022-06-16 20:13:04,101] {logging_mixin.py:115} INFO - [2022-06-16 20:13:04,101] {dag.py:2915} INFO - Setting next_dagrun for example_task_group to 2022-06-15T14:43:04.101127+00:00, run_after=2022-06-16T14:43:04.101127+00:00
[2022-06-16 20:13:04,121] {processor.py:161} INFO - Processing /usr/local/lib/python3.10/dist-packages/airflow/example_dags/example_task_group.py took 0.066 seconds
[2022-06-16 20:13:42,152] {processor.py:153} INFO - Started process (PID=7176) to work on /usr/local/lib/python3.10/dist-packages/airflow/example_dags/example_task_group.py
[2022-06-16 20:13:42,153] {processor.py:641} INFO - Processing file /usr/local/lib/python3.10/dist-packages/airflow/example_dags/example_task_group.py for tasks to queue
[2022-06-16 20:13:42,153] {logging_mixin.py:115} INFO - [2022-06-16 20:13:42,153] {dagbag.py:507} INFO - Filling up the DagBag from /usr/local/lib/python3.10/dist-packages/airflow/example_dags/example_task_group.py
[2022-06-16 20:13:42,161] {processor.py:651} INFO - DAG(s) dict_keys(['example_task_group']) retrieved from /usr/local/lib/python3.10/dist-packages/airflow/example_dags/example_task_group.py
[2022-06-16 20:13:42,176] {logging_mixin.py:115} INFO - [2022-06-16 20:13:42,176] {dag.py:2371} INFO - Sync 1 DAGs
[2022-06-16 20:13:42,196] {logging_mixin.py:115} INFO - [2022-06-16 20:13:42,196] {dag.py:2915} INFO - Setting next_dagrun for example_task_group to 2022-06-15T14:43:42.195972+00:00, run_after=2022-06-16T14:43:42.195972+00:00
[2022-06-16 20:13:42,234] {processor.py:161} INFO - Processing /usr/local/lib/python3.10/dist-packages/airflow/example_dags/example_task_group.py took 0.085 seconds
[2022-06-16 20:14:17,288] {processor.py:153} INFO - Started process (PID=7287) to work on /usr/local/lib/python3.10/dist-packages/airflow/example_dags/example_task_group.py
[2022-06-16 20:14:17,289] {processor.py:641} INFO - Processing file /usr/local/lib/python3.10/dist-packages/airflow/example_dags/example_task_group.py for tasks to queue
[2022-06-16 20:14:17,289] {logging_mixin.py:115} INFO - [2022-06-16 20:14:17,289] {dagbag.py:507} INFO - Filling up the DagBag from /usr/local/lib/python3.10/dist-packages/airflow/example_dags/example_task_group.py
[2022-06-16 20:14:17,296] {processor.py:651} INFO - DAG(s) dict_keys(['example_task_group']) retrieved from /usr/local/lib/python3.10/dist-packages/airflow/example_dags/example_task_group.py
[2022-06-16 20:14:17,313] {logging_mixin.py:115} INFO - [2022-06-16 20:14:17,313] {dag.py:2371} INFO - Sync 1 DAGs
[2022-06-16 20:14:17,333] {logging_mixin.py:115} INFO - [2022-06-16 20:14:17,333] {dag.py:2915} INFO - Setting next_dagrun for example_task_group to 2022-06-15T14:44:17.333158+00:00, run_after=2022-06-16T14:44:17.333158+00:00
[2022-06-16 20:14:17,352] {processor.py:161} INFO - Processing /usr/local/lib/python3.10/dist-packages/airflow/example_dags/example_task_group.py took 0.067 seconds
[2022-06-16 20:14:54,398] {processor.py:153} INFO - Started process (PID=7379) to work on /usr/local/lib/python3.10/dist-packages/airflow/example_dags/example_task_group.py
[2022-06-16 20:14:54,399] {processor.py:641} INFO - Processing file /usr/local/lib/python3.10/dist-packages/airflow/example_dags/example_task_group.py for tasks to queue
[2022-06-16 20:14:54,399] {logging_mixin.py:115} INFO - [2022-06-16 20:14:54,399] {dagbag.py:507} INFO - Filling up the DagBag from /usr/local/lib/python3.10/dist-packages/airflow/example_dags/example_task_group.py
[2022-06-16 20:14:54,407] {processor.py:651} INFO - DAG(s) dict_keys(['example_task_group']) retrieved from /usr/local/lib/python3.10/dist-packages/airflow/example_dags/example_task_group.py
[2022-06-16 20:14:54,425] {logging_mixin.py:115} INFO - [2022-06-16 20:14:54,424] {dag.py:2371} INFO - Sync 1 DAGs
[2022-06-16 20:14:54,446] {logging_mixin.py:115} INFO - [2022-06-16 20:14:54,446] {dag.py:2915} INFO - Setting next_dagrun for example_task_group to 2022-06-15T14:44:54.446250+00:00, run_after=2022-06-16T14:44:54.446250+00:00
[2022-06-16 20:14:54,468] {processor.py:161} INFO - Processing /usr/local/lib/python3.10/dist-packages/airflow/example_dags/example_task_group.py took 0.073 seconds
[2022-06-16 20:15:34,816] {processor.py:153} INFO - Started process (PID=7476) to work on /usr/local/lib/python3.10/dist-packages/airflow/example_dags/example_task_group.py
[2022-06-16 20:15:34,817] {processor.py:641} INFO - Processing file /usr/local/lib/python3.10/dist-packages/airflow/example_dags/example_task_group.py for tasks to queue
[2022-06-16 20:15:34,817] {logging_mixin.py:115} INFO - [2022-06-16 20:15:34,817] {dagbag.py:507} INFO - Filling up the DagBag from /usr/local/lib/python3.10/dist-packages/airflow/example_dags/example_task_group.py
[2022-06-16 20:15:34,825] {processor.py:651} INFO - DAG(s) dict_keys(['example_task_group']) retrieved from /usr/local/lib/python3.10/dist-packages/airflow/example_dags/example_task_group.py
[2022-06-16 20:15:34,843] {logging_mixin.py:115} INFO - [2022-06-16 20:15:34,842] {dag.py:2371} INFO - Sync 1 DAGs
[2022-06-16 20:15:34,862] {logging_mixin.py:115} INFO - [2022-06-16 20:15:34,861] {dag.py:2915} INFO - Setting next_dagrun for example_task_group to 2022-06-15T14:45:34.861689+00:00, run_after=2022-06-16T14:45:34.861689+00:00
[2022-06-16 20:15:34,906] {processor.py:161} INFO - Processing /usr/local/lib/python3.10/dist-packages/airflow/example_dags/example_task_group.py took 0.092 seconds
[2022-06-16 20:16:12,314] {processor.py:153} INFO - Started process (PID=7561) to work on /usr/local/lib/python3.10/dist-packages/airflow/example_dags/example_task_group.py
[2022-06-16 20:16:12,315] {processor.py:641} INFO - Processing file /usr/local/lib/python3.10/dist-packages/airflow/example_dags/example_task_group.py for tasks to queue
[2022-06-16 20:16:12,315] {logging_mixin.py:115} INFO - [2022-06-16 20:16:12,315] {dagbag.py:507} INFO - Filling up the DagBag from /usr/local/lib/python3.10/dist-packages/airflow/example_dags/example_task_group.py
[2022-06-16 20:16:12,322] {processor.py:651} INFO - DAG(s) dict_keys(['example_task_group']) retrieved from /usr/local/lib/python3.10/dist-packages/airflow/example_dags/example_task_group.py
[2022-06-16 20:16:12,338] {logging_mixin.py:115} INFO - [2022-06-16 20:16:12,338] {dag.py:2371} INFO - Sync 1 DAGs
[2022-06-16 20:16:12,358] {logging_mixin.py:115} INFO - [2022-06-16 20:16:12,357] {dag.py:2915} INFO - Setting next_dagrun for example_task_group to 2022-06-15T14:46:12.357785+00:00, run_after=2022-06-16T14:46:12.357785+00:00
[2022-06-16 20:16:12,426] {processor.py:161} INFO - Processing /usr/local/lib/python3.10/dist-packages/airflow/example_dags/example_task_group.py took 0.114 seconds
[2022-06-16 20:16:48,932] {processor.py:153} INFO - Started process (PID=7640) to work on /usr/local/lib/python3.10/dist-packages/airflow/example_dags/example_task_group.py
[2022-06-16 20:16:48,933] {processor.py:641} INFO - Processing file /usr/local/lib/python3.10/dist-packages/airflow/example_dags/example_task_group.py for tasks to queue
[2022-06-16 20:16:48,933] {logging_mixin.py:115} INFO - [2022-06-16 20:16:48,933] {dagbag.py:507} INFO - Filling up the DagBag from /usr/local/lib/python3.10/dist-packages/airflow/example_dags/example_task_group.py
[2022-06-16 20:16:48,940] {processor.py:651} INFO - DAG(s) dict_keys(['example_task_group']) retrieved from /usr/local/lib/python3.10/dist-packages/airflow/example_dags/example_task_group.py
[2022-06-16 20:16:48,957] {logging_mixin.py:115} INFO - [2022-06-16 20:16:48,957] {dag.py:2371} INFO - Sync 1 DAGs
[2022-06-16 20:16:48,977] {logging_mixin.py:115} INFO - [2022-06-16 20:16:48,977] {dag.py:2915} INFO - Setting next_dagrun for example_task_group to 2022-06-15T14:46:48.976759+00:00, run_after=2022-06-16T14:46:48.976759+00:00
[2022-06-16 20:16:48,997] {processor.py:161} INFO - Processing /usr/local/lib/python3.10/dist-packages/airflow/example_dags/example_task_group.py took 0.068 seconds
[2022-06-16 20:17:29,491] {processor.py:153} INFO - Started process (PID=7738) to work on /usr/local/lib/python3.10/dist-packages/airflow/example_dags/example_task_group.py
[2022-06-16 20:17:29,492] {processor.py:641} INFO - Processing file /usr/local/lib/python3.10/dist-packages/airflow/example_dags/example_task_group.py for tasks to queue
[2022-06-16 20:17:29,492] {logging_mixin.py:115} INFO - [2022-06-16 20:17:29,492] {dagbag.py:507} INFO - Filling up the DagBag from /usr/local/lib/python3.10/dist-packages/airflow/example_dags/example_task_group.py
[2022-06-16 20:17:29,500] {processor.py:651} INFO - DAG(s) dict_keys(['example_task_group']) retrieved from /usr/local/lib/python3.10/dist-packages/airflow/example_dags/example_task_group.py
[2022-06-16 20:17:29,521] {logging_mixin.py:115} INFO - [2022-06-16 20:17:29,521] {dag.py:2371} INFO - Sync 1 DAGs
[2022-06-16 20:17:29,546] {logging_mixin.py:115} INFO - [2022-06-16 20:17:29,546] {dag.py:2915} INFO - Setting next_dagrun for example_task_group to 2022-06-15T14:47:29.546086+00:00, run_after=2022-06-16T14:47:29.546086+00:00
[2022-06-16 20:17:29,572] {processor.py:161} INFO - Processing /usr/local/lib/python3.10/dist-packages/airflow/example_dags/example_task_group.py took 0.085 seconds
[2022-06-16 20:18:05,875] {processor.py:153} INFO - Started process (PID=7840) to work on /usr/local/lib/python3.10/dist-packages/airflow/example_dags/example_task_group.py
[2022-06-16 20:18:05,875] {processor.py:641} INFO - Processing file /usr/local/lib/python3.10/dist-packages/airflow/example_dags/example_task_group.py for tasks to queue
[2022-06-16 20:18:05,876] {logging_mixin.py:115} INFO - [2022-06-16 20:18:05,876] {dagbag.py:507} INFO - Filling up the DagBag from /usr/local/lib/python3.10/dist-packages/airflow/example_dags/example_task_group.py
[2022-06-16 20:18:05,883] {processor.py:651} INFO - DAG(s) dict_keys(['example_task_group']) retrieved from /usr/local/lib/python3.10/dist-packages/airflow/example_dags/example_task_group.py
[2022-06-16 20:18:05,900] {logging_mixin.py:115} INFO - [2022-06-16 20:18:05,900] {dag.py:2371} INFO - Sync 1 DAGs
[2022-06-16 20:18:05,918] {logging_mixin.py:115} INFO - [2022-06-16 20:18:05,918] {dag.py:2915} INFO - Setting next_dagrun for example_task_group to 2022-06-15T14:48:05.918486+00:00, run_after=2022-06-16T14:48:05.918486+00:00
[2022-06-16 20:18:05,939] {processor.py:161} INFO - Processing /usr/local/lib/python3.10/dist-packages/airflow/example_dags/example_task_group.py took 0.067 seconds
[2022-06-16 20:18:47,100] {processor.py:153} INFO - Started process (PID=7914) to work on /usr/local/lib/python3.10/dist-packages/airflow/example_dags/example_task_group.py
[2022-06-16 20:18:47,101] {processor.py:641} INFO - Processing file /usr/local/lib/python3.10/dist-packages/airflow/example_dags/example_task_group.py for tasks to queue
[2022-06-16 20:18:47,102] {logging_mixin.py:115} INFO - [2022-06-16 20:18:47,101] {dagbag.py:507} INFO - Filling up the DagBag from /usr/local/lib/python3.10/dist-packages/airflow/example_dags/example_task_group.py
[2022-06-16 20:18:47,108] {processor.py:651} INFO - DAG(s) dict_keys(['example_task_group']) retrieved from /usr/local/lib/python3.10/dist-packages/airflow/example_dags/example_task_group.py
[2022-06-16 20:18:47,126] {logging_mixin.py:115} INFO - [2022-06-16 20:18:47,126] {dag.py:2371} INFO - Sync 1 DAGs
[2022-06-16 20:18:47,146] {logging_mixin.py:115} INFO - [2022-06-16 20:18:47,146] {dag.py:2915} INFO - Setting next_dagrun for example_task_group to 2022-06-15T14:48:47.145786+00:00, run_after=2022-06-16T14:48:47.145786+00:00
[2022-06-16 20:18:47,165] {processor.py:161} INFO - Processing /usr/local/lib/python3.10/dist-packages/airflow/example_dags/example_task_group.py took 0.068 seconds
[2022-06-16 20:19:26,461] {processor.py:153} INFO - Started process (PID=7970) to work on /usr/local/lib/python3.10/dist-packages/airflow/example_dags/example_task_group.py
[2022-06-16 20:19:26,462] {processor.py:641} INFO - Processing file /usr/local/lib/python3.10/dist-packages/airflow/example_dags/example_task_group.py for tasks to queue
[2022-06-16 20:19:26,462] {logging_mixin.py:115} INFO - [2022-06-16 20:19:26,462] {dagbag.py:507} INFO - Filling up the DagBag from /usr/local/lib/python3.10/dist-packages/airflow/example_dags/example_task_group.py
[2022-06-16 20:19:26,472] {processor.py:651} INFO - DAG(s) dict_keys(['example_task_group']) retrieved from /usr/local/lib/python3.10/dist-packages/airflow/example_dags/example_task_group.py
[2022-06-16 20:19:26,498] {logging_mixin.py:115} INFO - [2022-06-16 20:19:26,498] {dag.py:2371} INFO - Sync 1 DAGs
[2022-06-16 20:19:26,530] {logging_mixin.py:115} INFO - [2022-06-16 20:19:26,530] {dag.py:2915} INFO - Setting next_dagrun for example_task_group to 2022-06-15T14:49:26.529671+00:00, run_after=2022-06-16T14:49:26.529671+00:00
[2022-06-16 20:19:26,552] {processor.py:161} INFO - Processing /usr/local/lib/python3.10/dist-packages/airflow/example_dags/example_task_group.py took 0.095 seconds
[2022-06-16 20:20:04,787] {processor.py:153} INFO - Started process (PID=8049) to work on /usr/local/lib/python3.10/dist-packages/airflow/example_dags/example_task_group.py
[2022-06-16 20:20:04,789] {processor.py:641} INFO - Processing file /usr/local/lib/python3.10/dist-packages/airflow/example_dags/example_task_group.py for tasks to queue
[2022-06-16 20:20:04,789] {logging_mixin.py:115} INFO - [2022-06-16 20:20:04,789] {dagbag.py:507} INFO - Filling up the DagBag from /usr/local/lib/python3.10/dist-packages/airflow/example_dags/example_task_group.py
[2022-06-16 20:20:04,797] {processor.py:651} INFO - DAG(s) dict_keys(['example_task_group']) retrieved from /usr/local/lib/python3.10/dist-packages/airflow/example_dags/example_task_group.py
[2022-06-16 20:20:04,816] {logging_mixin.py:115} INFO - [2022-06-16 20:20:04,816] {dag.py:2371} INFO - Sync 1 DAGs
[2022-06-16 20:20:04,837] {logging_mixin.py:115} INFO - [2022-06-16 20:20:04,837] {dag.py:2915} INFO - Setting next_dagrun for example_task_group to 2022-06-15T14:50:04.836931+00:00, run_after=2022-06-16T14:50:04.836931+00:00
[2022-06-16 20:20:04,858] {processor.py:161} INFO - Processing /usr/local/lib/python3.10/dist-packages/airflow/example_dags/example_task_group.py took 0.074 seconds
[2022-06-16 20:20:41,575] {processor.py:153} INFO - Started process (PID=8095) to work on /usr/local/lib/python3.10/dist-packages/airflow/example_dags/example_task_group.py
[2022-06-16 20:20:41,575] {processor.py:641} INFO - Processing file /usr/local/lib/python3.10/dist-packages/airflow/example_dags/example_task_group.py for tasks to queue
[2022-06-16 20:20:41,576] {logging_mixin.py:115} INFO - [2022-06-16 20:20:41,576] {dagbag.py:507} INFO - Filling up the DagBag from /usr/local/lib/python3.10/dist-packages/airflow/example_dags/example_task_group.py
[2022-06-16 20:20:41,583] {processor.py:651} INFO - DAG(s) dict_keys(['example_task_group']) retrieved from /usr/local/lib/python3.10/dist-packages/airflow/example_dags/example_task_group.py
[2022-06-16 20:20:41,600] {logging_mixin.py:115} INFO - [2022-06-16 20:20:41,600] {dag.py:2371} INFO - Sync 1 DAGs
[2022-06-16 20:20:41,620] {logging_mixin.py:115} INFO - [2022-06-16 20:20:41,620] {dag.py:2915} INFO - Setting next_dagrun for example_task_group to 2022-06-15T14:50:41.620061+00:00, run_after=2022-06-16T14:50:41.620061+00:00
[2022-06-16 20:20:41,641] {processor.py:161} INFO - Processing /usr/local/lib/python3.10/dist-packages/airflow/example_dags/example_task_group.py took 0.069 seconds
[2022-06-16 20:21:21,040] {processor.py:153} INFO - Started process (PID=8143) to work on /usr/local/lib/python3.10/dist-packages/airflow/example_dags/example_task_group.py
[2022-06-16 20:21:21,041] {processor.py:641} INFO - Processing file /usr/local/lib/python3.10/dist-packages/airflow/example_dags/example_task_group.py for tasks to queue
[2022-06-16 20:21:21,042] {logging_mixin.py:115} INFO - [2022-06-16 20:21:21,041] {dagbag.py:507} INFO - Filling up the DagBag from /usr/local/lib/python3.10/dist-packages/airflow/example_dags/example_task_group.py
[2022-06-16 20:21:21,049] {processor.py:651} INFO - DAG(s) dict_keys(['example_task_group']) retrieved from /usr/local/lib/python3.10/dist-packages/airflow/example_dags/example_task_group.py
[2022-06-16 20:21:21,066] {logging_mixin.py:115} INFO - [2022-06-16 20:21:21,066] {dag.py:2371} INFO - Sync 1 DAGs
[2022-06-16 20:21:21,085] {logging_mixin.py:115} INFO - [2022-06-16 20:21:21,085] {dag.py:2915} INFO - Setting next_dagrun for example_task_group to 2022-06-15T14:51:21.085267+00:00, run_after=2022-06-16T14:51:21.085267+00:00
[2022-06-16 20:21:21,105] {processor.py:161} INFO - Processing /usr/local/lib/python3.10/dist-packages/airflow/example_dags/example_task_group.py took 0.067 seconds
[2022-06-16 20:21:58,933] {processor.py:153} INFO - Started process (PID=8182) to work on /usr/local/lib/python3.10/dist-packages/airflow/example_dags/example_task_group.py
[2022-06-16 20:21:58,933] {processor.py:641} INFO - Processing file /usr/local/lib/python3.10/dist-packages/airflow/example_dags/example_task_group.py for tasks to queue
[2022-06-16 20:21:58,934] {logging_mixin.py:115} INFO - [2022-06-16 20:21:58,934] {dagbag.py:507} INFO - Filling up the DagBag from /usr/local/lib/python3.10/dist-packages/airflow/example_dags/example_task_group.py
[2022-06-16 20:21:58,941] {processor.py:651} INFO - DAG(s) dict_keys(['example_task_group']) retrieved from /usr/local/lib/python3.10/dist-packages/airflow/example_dags/example_task_group.py
[2022-06-16 20:21:58,958] {logging_mixin.py:115} INFO - [2022-06-16 20:21:58,958] {dag.py:2371} INFO - Sync 1 DAGs
[2022-06-16 20:21:58,977] {logging_mixin.py:115} INFO - [2022-06-16 20:21:58,977] {dag.py:2915} INFO - Setting next_dagrun for example_task_group to 2022-06-15T14:51:58.977360+00:00, run_after=2022-06-16T14:51:58.977360+00:00
[2022-06-16 20:21:59,000] {processor.py:161} INFO - Processing /usr/local/lib/python3.10/dist-packages/airflow/example_dags/example_task_group.py took 0.070 seconds
[2022-06-16 20:22:36,904] {processor.py:153} INFO - Started process (PID=8242) to work on /usr/local/lib/python3.10/dist-packages/airflow/example_dags/example_task_group.py
[2022-06-16 20:22:36,905] {processor.py:641} INFO - Processing file /usr/local/lib/python3.10/dist-packages/airflow/example_dags/example_task_group.py for tasks to queue
[2022-06-16 20:22:36,905] {logging_mixin.py:115} INFO - [2022-06-16 20:22:36,905] {dagbag.py:507} INFO - Filling up the DagBag from /usr/local/lib/python3.10/dist-packages/airflow/example_dags/example_task_group.py
[2022-06-16 20:22:36,912] {processor.py:651} INFO - DAG(s) dict_keys(['example_task_group']) retrieved from /usr/local/lib/python3.10/dist-packages/airflow/example_dags/example_task_group.py
[2022-06-16 20:22:36,930] {logging_mixin.py:115} INFO - [2022-06-16 20:22:36,929] {dag.py:2371} INFO - Sync 1 DAGs
[2022-06-16 20:22:36,949] {logging_mixin.py:115} INFO - [2022-06-16 20:22:36,949] {dag.py:2915} INFO - Setting next_dagrun for example_task_group to 2022-06-15T14:52:36.949352+00:00, run_after=2022-06-16T14:52:36.949352+00:00
[2022-06-16 20:22:36,969] {processor.py:161} INFO - Processing /usr/local/lib/python3.10/dist-packages/airflow/example_dags/example_task_group.py took 0.068 seconds
[2022-06-16 20:23:13,564] {processor.py:153} INFO - Started process (PID=8289) to work on /usr/local/lib/python3.10/dist-packages/airflow/example_dags/example_task_group.py
[2022-06-16 20:23:13,565] {processor.py:641} INFO - Processing file /usr/local/lib/python3.10/dist-packages/airflow/example_dags/example_task_group.py for tasks to queue
[2022-06-16 20:23:13,566] {logging_mixin.py:115} INFO - [2022-06-16 20:23:13,566] {dagbag.py:507} INFO - Filling up the DagBag from /usr/local/lib/python3.10/dist-packages/airflow/example_dags/example_task_group.py
[2022-06-16 20:23:13,573] {processor.py:651} INFO - DAG(s) dict_keys(['example_task_group']) retrieved from /usr/local/lib/python3.10/dist-packages/airflow/example_dags/example_task_group.py
[2022-06-16 20:23:13,591] {logging_mixin.py:115} INFO - [2022-06-16 20:23:13,591] {dag.py:2371} INFO - Sync 1 DAGs
[2022-06-16 20:23:13,611] {logging_mixin.py:115} INFO - [2022-06-16 20:23:13,611] {dag.py:2915} INFO - Setting next_dagrun for example_task_group to 2022-06-15T14:53:13.611223+00:00, run_after=2022-06-16T14:53:13.611223+00:00
[2022-06-16 20:23:13,645] {processor.py:161} INFO - Processing /usr/local/lib/python3.10/dist-packages/airflow/example_dags/example_task_group.py took 0.084 seconds
[2022-06-16 20:23:51,217] {processor.py:153} INFO - Started process (PID=8356) to work on /usr/local/lib/python3.10/dist-packages/airflow/example_dags/example_task_group.py
[2022-06-16 20:23:51,217] {processor.py:641} INFO - Processing file /usr/local/lib/python3.10/dist-packages/airflow/example_dags/example_task_group.py for tasks to queue
[2022-06-16 20:23:51,218] {logging_mixin.py:115} INFO - [2022-06-16 20:23:51,218] {dagbag.py:507} INFO - Filling up the DagBag from /usr/local/lib/python3.10/dist-packages/airflow/example_dags/example_task_group.py
[2022-06-16 20:23:51,225] {processor.py:651} INFO - DAG(s) dict_keys(['example_task_group']) retrieved from /usr/local/lib/python3.10/dist-packages/airflow/example_dags/example_task_group.py
[2022-06-16 20:23:51,243] {logging_mixin.py:115} INFO - [2022-06-16 20:23:51,243] {dag.py:2371} INFO - Sync 1 DAGs
[2022-06-16 20:23:51,262] {logging_mixin.py:115} INFO - [2022-06-16 20:23:51,262] {dag.py:2915} INFO - Setting next_dagrun for example_task_group to 2022-06-15T14:53:51.262381+00:00, run_after=2022-06-16T14:53:51.262381+00:00
[2022-06-16 20:23:51,300] {processor.py:161} INFO - Processing /usr/local/lib/python3.10/dist-packages/airflow/example_dags/example_task_group.py took 0.086 seconds
[2022-06-16 20:24:31,253] {processor.py:153} INFO - Started process (PID=8410) to work on /usr/local/lib/python3.10/dist-packages/airflow/example_dags/example_task_group.py
[2022-06-16 20:24:31,267] {processor.py:641} INFO - Processing file /usr/local/lib/python3.10/dist-packages/airflow/example_dags/example_task_group.py for tasks to queue
[2022-06-16 20:24:31,268] {logging_mixin.py:115} INFO - [2022-06-16 20:24:31,268] {dagbag.py:507} INFO - Filling up the DagBag from /usr/local/lib/python3.10/dist-packages/airflow/example_dags/example_task_group.py
[2022-06-16 20:24:31,275] {processor.py:651} INFO - DAG(s) dict_keys(['example_task_group']) retrieved from /usr/local/lib/python3.10/dist-packages/airflow/example_dags/example_task_group.py
[2022-06-16 20:24:31,292] {logging_mixin.py:115} INFO - [2022-06-16 20:24:31,292] {dag.py:2371} INFO - Sync 1 DAGs
[2022-06-16 20:24:31,314] {logging_mixin.py:115} INFO - [2022-06-16 20:24:31,314] {dag.py:2915} INFO - Setting next_dagrun for example_task_group to 2022-06-15T14:54:31.314243+00:00, run_after=2022-06-16T14:54:31.314243+00:00
[2022-06-16 20:24:31,335] {processor.py:161} INFO - Processing /usr/local/lib/python3.10/dist-packages/airflow/example_dags/example_task_group.py took 0.085 seconds
[2022-06-16 20:25:10,388] {processor.py:153} INFO - Started process (PID=8472) to work on /usr/local/lib/python3.10/dist-packages/airflow/example_dags/example_task_group.py
[2022-06-16 20:25:10,389] {processor.py:641} INFO - Processing file /usr/local/lib/python3.10/dist-packages/airflow/example_dags/example_task_group.py for tasks to queue
[2022-06-16 20:25:10,390] {logging_mixin.py:115} INFO - [2022-06-16 20:25:10,390] {dagbag.py:507} INFO - Filling up the DagBag from /usr/local/lib/python3.10/dist-packages/airflow/example_dags/example_task_group.py
[2022-06-16 20:25:10,399] {processor.py:651} INFO - DAG(s) dict_keys(['example_task_group']) retrieved from /usr/local/lib/python3.10/dist-packages/airflow/example_dags/example_task_group.py
[2022-06-16 20:25:10,415] {logging_mixin.py:115} INFO - [2022-06-16 20:25:10,415] {dag.py:2371} INFO - Sync 1 DAGs
[2022-06-16 20:25:10,434] {logging_mixin.py:115} INFO - [2022-06-16 20:25:10,434] {dag.py:2915} INFO - Setting next_dagrun for example_task_group to 2022-06-15T14:55:10.434514+00:00, run_after=2022-06-16T14:55:10.434514+00:00
[2022-06-16 20:25:10,465] {processor.py:161} INFO - Processing /usr/local/lib/python3.10/dist-packages/airflow/example_dags/example_task_group.py took 0.080 seconds
[2022-06-16 20:25:49,212] {processor.py:153} INFO - Started process (PID=8517) to work on /usr/local/lib/python3.10/dist-packages/airflow/example_dags/example_task_group.py
[2022-06-16 20:25:49,212] {processor.py:641} INFO - Processing file /usr/local/lib/python3.10/dist-packages/airflow/example_dags/example_task_group.py for tasks to queue
[2022-06-16 20:25:49,213] {logging_mixin.py:115} INFO - [2022-06-16 20:25:49,213] {dagbag.py:507} INFO - Filling up the DagBag from /usr/local/lib/python3.10/dist-packages/airflow/example_dags/example_task_group.py
[2022-06-16 20:25:49,220] {processor.py:651} INFO - DAG(s) dict_keys(['example_task_group']) retrieved from /usr/local/lib/python3.10/dist-packages/airflow/example_dags/example_task_group.py
[2022-06-16 20:25:49,237] {logging_mixin.py:115} INFO - [2022-06-16 20:25:49,237] {dag.py:2371} INFO - Sync 1 DAGs
[2022-06-16 20:25:49,257] {logging_mixin.py:115} INFO - [2022-06-16 20:25:49,256] {dag.py:2915} INFO - Setting next_dagrun for example_task_group to 2022-06-15T14:55:49.256603+00:00, run_after=2022-06-16T14:55:49.256603+00:00
[2022-06-16 20:25:49,277] {processor.py:161} INFO - Processing /usr/local/lib/python3.10/dist-packages/airflow/example_dags/example_task_group.py took 0.068 seconds
[2022-06-16 20:26:23,314] {processor.py:153} INFO - Started process (PID=8556) to work on /usr/local/lib/python3.10/dist-packages/airflow/example_dags/example_task_group.py
[2022-06-16 20:26:23,315] {processor.py:641} INFO - Processing file /usr/local/lib/python3.10/dist-packages/airflow/example_dags/example_task_group.py for tasks to queue
[2022-06-16 20:26:23,315] {logging_mixin.py:115} INFO - [2022-06-16 20:26:23,315] {dagbag.py:507} INFO - Filling up the DagBag from /usr/local/lib/python3.10/dist-packages/airflow/example_dags/example_task_group.py
[2022-06-16 20:26:23,323] {processor.py:651} INFO - DAG(s) dict_keys(['example_task_group']) retrieved from /usr/local/lib/python3.10/dist-packages/airflow/example_dags/example_task_group.py
[2022-06-16 20:26:23,340] {logging_mixin.py:115} INFO - [2022-06-16 20:26:23,340] {dag.py:2371} INFO - Sync 1 DAGs
[2022-06-16 20:26:23,359] {logging_mixin.py:115} INFO - [2022-06-16 20:26:23,359] {dag.py:2915} INFO - Setting next_dagrun for example_task_group to 2022-06-15T14:56:23.359042+00:00, run_after=2022-06-16T14:56:23.359042+00:00
[2022-06-16 20:26:23,384] {processor.py:161} INFO - Processing /usr/local/lib/python3.10/dist-packages/airflow/example_dags/example_task_group.py took 0.073 seconds
