[2022-06-16 19:59:53,190] {processor.py:153} INFO - Started process (PID=5096) to work on /usr/local/lib/python3.10/dist-packages/airflow/example_dags/example_branch_datetime_operator.py
[2022-06-16 19:59:53,190] {processor.py:641} INFO - Processing file /usr/local/lib/python3.10/dist-packages/airflow/example_dags/example_branch_datetime_operator.py for tasks to queue
[2022-06-16 19:59:53,191] {logging_mixin.py:115} INFO - [2022-06-16 19:59:53,191] {dagbag.py:507} INFO - Filling up the DagBag from /usr/local/lib/python3.10/dist-packages/airflow/example_dags/example_branch_datetime_operator.py
[2022-06-16 19:59:53,204] {processor.py:651} INFO - DAG(s) dict_keys(['example_branch_datetime_operator_2']) retrieved from /usr/local/lib/python3.10/dist-packages/airflow/example_dags/example_branch_datetime_operator.py
[2022-06-16 19:59:53,221] {logging_mixin.py:115} INFO - [2022-06-16 19:59:53,221] {dag.py:2371} INFO - Sync 1 DAGs
[2022-06-16 19:59:53,244] {logging_mixin.py:115} INFO - [2022-06-16 19:59:53,244] {dag.py:2915} INFO - Setting next_dagrun for example_branch_datetime_operator_2 to 2022-06-15T00:00:00+00:00, run_after=2022-06-16T00:00:00+00:00
[2022-06-16 19:59:53,268] {processor.py:161} INFO - Processing /usr/local/lib/python3.10/dist-packages/airflow/example_dags/example_branch_datetime_operator.py took 0.082 seconds
[2022-06-16 20:00:34,021] {processor.py:153} INFO - Started process (PID=5217) to work on /usr/local/lib/python3.10/dist-packages/airflow/example_dags/example_branch_datetime_operator.py
[2022-06-16 20:00:34,022] {processor.py:641} INFO - Processing file /usr/local/lib/python3.10/dist-packages/airflow/example_dags/example_branch_datetime_operator.py for tasks to queue
[2022-06-16 20:00:34,022] {logging_mixin.py:115} INFO - [2022-06-16 20:00:34,022] {dagbag.py:507} INFO - Filling up the DagBag from /usr/local/lib/python3.10/dist-packages/airflow/example_dags/example_branch_datetime_operator.py
[2022-06-16 20:00:34,031] {processor.py:651} INFO - DAG(s) dict_keys(['example_branch_datetime_operator_2']) retrieved from /usr/local/lib/python3.10/dist-packages/airflow/example_dags/example_branch_datetime_operator.py
[2022-06-16 20:00:34,047] {logging_mixin.py:115} INFO - [2022-06-16 20:00:34,047] {dag.py:2371} INFO - Sync 1 DAGs
[2022-06-16 20:00:34,069] {logging_mixin.py:115} INFO - [2022-06-16 20:00:34,069] {dag.py:2915} INFO - Setting next_dagrun for example_branch_datetime_operator_2 to 2022-06-15T00:00:00+00:00, run_after=2022-06-16T00:00:00+00:00
[2022-06-16 20:00:34,089] {processor.py:161} INFO - Processing /usr/local/lib/python3.10/dist-packages/airflow/example_dags/example_branch_datetime_operator.py took 0.071 seconds
[2022-06-16 20:01:13,402] {processor.py:153} INFO - Started process (PID=5339) to work on /usr/local/lib/python3.10/dist-packages/airflow/example_dags/example_branch_datetime_operator.py
[2022-06-16 20:01:13,403] {processor.py:641} INFO - Processing file /usr/local/lib/python3.10/dist-packages/airflow/example_dags/example_branch_datetime_operator.py for tasks to queue
[2022-06-16 20:01:13,404] {logging_mixin.py:115} INFO - [2022-06-16 20:01:13,403] {dagbag.py:507} INFO - Filling up the DagBag from /usr/local/lib/python3.10/dist-packages/airflow/example_dags/example_branch_datetime_operator.py
[2022-06-16 20:01:13,413] {processor.py:651} INFO - DAG(s) dict_keys(['example_branch_datetime_operator_2']) retrieved from /usr/local/lib/python3.10/dist-packages/airflow/example_dags/example_branch_datetime_operator.py
[2022-06-16 20:01:13,429] {logging_mixin.py:115} INFO - [2022-06-16 20:01:13,429] {dag.py:2371} INFO - Sync 1 DAGs
[2022-06-16 20:01:13,450] {logging_mixin.py:115} INFO - [2022-06-16 20:01:13,450] {dag.py:2915} INFO - Setting next_dagrun for example_branch_datetime_operator_2 to 2022-06-15T00:00:00+00:00, run_after=2022-06-16T00:00:00+00:00
[2022-06-16 20:01:13,469] {processor.py:161} INFO - Processing /usr/local/lib/python3.10/dist-packages/airflow/example_dags/example_branch_datetime_operator.py took 0.069 seconds
[2022-06-16 20:01:58,070] {processor.py:153} INFO - Started process (PID=5504) to work on /usr/local/lib/python3.10/dist-packages/airflow/example_dags/example_branch_datetime_operator.py
[2022-06-16 20:01:58,070] {processor.py:641} INFO - Processing file /usr/local/lib/python3.10/dist-packages/airflow/example_dags/example_branch_datetime_operator.py for tasks to queue
[2022-06-16 20:01:58,071] {logging_mixin.py:115} INFO - [2022-06-16 20:01:58,071] {dagbag.py:507} INFO - Filling up the DagBag from /usr/local/lib/python3.10/dist-packages/airflow/example_dags/example_branch_datetime_operator.py
[2022-06-16 20:01:58,079] {processor.py:651} INFO - DAG(s) dict_keys(['example_branch_datetime_operator_2']) retrieved from /usr/local/lib/python3.10/dist-packages/airflow/example_dags/example_branch_datetime_operator.py
[2022-06-16 20:01:58,095] {logging_mixin.py:115} INFO - [2022-06-16 20:01:58,095] {dag.py:2371} INFO - Sync 1 DAGs
[2022-06-16 20:01:58,116] {logging_mixin.py:115} INFO - [2022-06-16 20:01:58,116] {dag.py:2915} INFO - Setting next_dagrun for example_branch_datetime_operator_2 to 2022-06-15T00:00:00+00:00, run_after=2022-06-16T00:00:00+00:00
[2022-06-16 20:01:58,159] {processor.py:161} INFO - Processing /usr/local/lib/python3.10/dist-packages/airflow/example_dags/example_branch_datetime_operator.py took 0.092 seconds
[2022-06-16 20:02:36,438] {processor.py:153} INFO - Started process (PID=5579) to work on /usr/local/lib/python3.10/dist-packages/airflow/example_dags/example_branch_datetime_operator.py
[2022-06-16 20:02:36,438] {processor.py:641} INFO - Processing file /usr/local/lib/python3.10/dist-packages/airflow/example_dags/example_branch_datetime_operator.py for tasks to queue
[2022-06-16 20:02:36,439] {logging_mixin.py:115} INFO - [2022-06-16 20:02:36,439] {dagbag.py:507} INFO - Filling up the DagBag from /usr/local/lib/python3.10/dist-packages/airflow/example_dags/example_branch_datetime_operator.py
[2022-06-16 20:02:36,447] {processor.py:651} INFO - DAG(s) dict_keys(['example_branch_datetime_operator_2']) retrieved from /usr/local/lib/python3.10/dist-packages/airflow/example_dags/example_branch_datetime_operator.py
[2022-06-16 20:02:36,462] {logging_mixin.py:115} INFO - [2022-06-16 20:02:36,462] {dag.py:2371} INFO - Sync 1 DAGs
[2022-06-16 20:02:36,482] {logging_mixin.py:115} INFO - [2022-06-16 20:02:36,482] {dag.py:2915} INFO - Setting next_dagrun for example_branch_datetime_operator_2 to 2022-06-15T00:00:00+00:00, run_after=2022-06-16T00:00:00+00:00
[2022-06-16 20:02:36,502] {processor.py:161} INFO - Processing /usr/local/lib/python3.10/dist-packages/airflow/example_dags/example_branch_datetime_operator.py took 0.067 seconds
[2022-06-16 20:03:15,417] {processor.py:153} INFO - Started process (PID=5680) to work on /usr/local/lib/python3.10/dist-packages/airflow/example_dags/example_branch_datetime_operator.py
[2022-06-16 20:03:15,418] {processor.py:641} INFO - Processing file /usr/local/lib/python3.10/dist-packages/airflow/example_dags/example_branch_datetime_operator.py for tasks to queue
[2022-06-16 20:03:15,418] {logging_mixin.py:115} INFO - [2022-06-16 20:03:15,418] {dagbag.py:507} INFO - Filling up the DagBag from /usr/local/lib/python3.10/dist-packages/airflow/example_dags/example_branch_datetime_operator.py
[2022-06-16 20:03:15,428] {processor.py:651} INFO - DAG(s) dict_keys(['example_branch_datetime_operator_2']) retrieved from /usr/local/lib/python3.10/dist-packages/airflow/example_dags/example_branch_datetime_operator.py
[2022-06-16 20:03:15,448] {logging_mixin.py:115} INFO - [2022-06-16 20:03:15,448] {dag.py:2371} INFO - Sync 1 DAGs
[2022-06-16 20:03:15,470] {logging_mixin.py:115} INFO - [2022-06-16 20:03:15,470] {dag.py:2915} INFO - Setting next_dagrun for example_branch_datetime_operator_2 to 2022-06-15T00:00:00+00:00, run_after=2022-06-16T00:00:00+00:00
[2022-06-16 20:03:15,490] {processor.py:161} INFO - Processing /usr/local/lib/python3.10/dist-packages/airflow/example_dags/example_branch_datetime_operator.py took 0.075 seconds
[2022-06-16 20:03:57,341] {processor.py:153} INFO - Started process (PID=5802) to work on /usr/local/lib/python3.10/dist-packages/airflow/example_dags/example_branch_datetime_operator.py
[2022-06-16 20:03:57,341] {processor.py:641} INFO - Processing file /usr/local/lib/python3.10/dist-packages/airflow/example_dags/example_branch_datetime_operator.py for tasks to queue
[2022-06-16 20:03:57,342] {logging_mixin.py:115} INFO - [2022-06-16 20:03:57,342] {dagbag.py:507} INFO - Filling up the DagBag from /usr/local/lib/python3.10/dist-packages/airflow/example_dags/example_branch_datetime_operator.py
[2022-06-16 20:03:57,349] {processor.py:651} INFO - DAG(s) dict_keys(['example_branch_datetime_operator_2']) retrieved from /usr/local/lib/python3.10/dist-packages/airflow/example_dags/example_branch_datetime_operator.py
[2022-06-16 20:03:57,365] {logging_mixin.py:115} INFO - [2022-06-16 20:03:57,365] {dag.py:2371} INFO - Sync 1 DAGs
[2022-06-16 20:03:57,389] {logging_mixin.py:115} INFO - [2022-06-16 20:03:57,389] {dag.py:2915} INFO - Setting next_dagrun for example_branch_datetime_operator_2 to 2022-06-15T00:00:00+00:00, run_after=2022-06-16T00:00:00+00:00
[2022-06-16 20:03:57,409] {processor.py:161} INFO - Processing /usr/local/lib/python3.10/dist-packages/airflow/example_dags/example_branch_datetime_operator.py took 0.071 seconds
[2022-06-16 20:04:41,640] {processor.py:153} INFO - Started process (PID=5904) to work on /usr/local/lib/python3.10/dist-packages/airflow/example_dags/example_branch_datetime_operator.py
[2022-06-16 20:04:41,641] {processor.py:641} INFO - Processing file /usr/local/lib/python3.10/dist-packages/airflow/example_dags/example_branch_datetime_operator.py for tasks to queue
[2022-06-16 20:04:41,642] {logging_mixin.py:115} INFO - [2022-06-16 20:04:41,641] {dagbag.py:507} INFO - Filling up the DagBag from /usr/local/lib/python3.10/dist-packages/airflow/example_dags/example_branch_datetime_operator.py
[2022-06-16 20:04:41,649] {processor.py:651} INFO - DAG(s) dict_keys(['example_branch_datetime_operator_2']) retrieved from /usr/local/lib/python3.10/dist-packages/airflow/example_dags/example_branch_datetime_operator.py
[2022-06-16 20:04:41,665] {logging_mixin.py:115} INFO - [2022-06-16 20:04:41,665] {dag.py:2371} INFO - Sync 1 DAGs
[2022-06-16 20:04:41,684] {logging_mixin.py:115} INFO - [2022-06-16 20:04:41,684] {dag.py:2915} INFO - Setting next_dagrun for example_branch_datetime_operator_2 to 2022-06-15T00:00:00+00:00, run_after=2022-06-16T00:00:00+00:00
[2022-06-16 20:04:41,703] {processor.py:161} INFO - Processing /usr/local/lib/python3.10/dist-packages/airflow/example_dags/example_branch_datetime_operator.py took 0.065 seconds
[2022-06-16 20:05:20,392] {processor.py:153} INFO - Started process (PID=5994) to work on /usr/local/lib/python3.10/dist-packages/airflow/example_dags/example_branch_datetime_operator.py
[2022-06-16 20:05:20,393] {processor.py:641} INFO - Processing file /usr/local/lib/python3.10/dist-packages/airflow/example_dags/example_branch_datetime_operator.py for tasks to queue
[2022-06-16 20:05:20,393] {logging_mixin.py:115} INFO - [2022-06-16 20:05:20,393] {dagbag.py:507} INFO - Filling up the DagBag from /usr/local/lib/python3.10/dist-packages/airflow/example_dags/example_branch_datetime_operator.py
[2022-06-16 20:05:20,401] {processor.py:651} INFO - DAG(s) dict_keys(['example_branch_datetime_operator_2']) retrieved from /usr/local/lib/python3.10/dist-packages/airflow/example_dags/example_branch_datetime_operator.py
[2022-06-16 20:05:20,417] {logging_mixin.py:115} INFO - [2022-06-16 20:05:20,417] {dag.py:2371} INFO - Sync 1 DAGs
[2022-06-16 20:05:20,438] {logging_mixin.py:115} INFO - [2022-06-16 20:05:20,437] {dag.py:2915} INFO - Setting next_dagrun for example_branch_datetime_operator_2 to 2022-06-15T00:00:00+00:00, run_after=2022-06-16T00:00:00+00:00
[2022-06-16 20:05:20,503] {processor.py:161} INFO - Processing /usr/local/lib/python3.10/dist-packages/airflow/example_dags/example_branch_datetime_operator.py took 0.113 seconds
[2022-06-16 20:06:00,932] {processor.py:153} INFO - Started process (PID=6089) to work on /usr/local/lib/python3.10/dist-packages/airflow/example_dags/example_branch_datetime_operator.py
[2022-06-16 20:06:00,932] {processor.py:641} INFO - Processing file /usr/local/lib/python3.10/dist-packages/airflow/example_dags/example_branch_datetime_operator.py for tasks to queue
[2022-06-16 20:06:00,933] {logging_mixin.py:115} INFO - [2022-06-16 20:06:00,933] {dagbag.py:507} INFO - Filling up the DagBag from /usr/local/lib/python3.10/dist-packages/airflow/example_dags/example_branch_datetime_operator.py
[2022-06-16 20:06:00,942] {processor.py:651} INFO - DAG(s) dict_keys(['example_branch_datetime_operator_2']) retrieved from /usr/local/lib/python3.10/dist-packages/airflow/example_dags/example_branch_datetime_operator.py
[2022-06-16 20:06:00,958] {logging_mixin.py:115} INFO - [2022-06-16 20:06:00,958] {dag.py:2371} INFO - Sync 1 DAGs
[2022-06-16 20:06:00,978] {logging_mixin.py:115} INFO - [2022-06-16 20:06:00,978] {dag.py:2915} INFO - Setting next_dagrun for example_branch_datetime_operator_2 to 2022-06-15T00:00:00+00:00, run_after=2022-06-16T00:00:00+00:00
[2022-06-16 20:06:00,996] {processor.py:161} INFO - Processing /usr/local/lib/python3.10/dist-packages/airflow/example_dags/example_branch_datetime_operator.py took 0.067 seconds
[2022-06-16 20:06:41,163] {processor.py:153} INFO - Started process (PID=6176) to work on /usr/local/lib/python3.10/dist-packages/airflow/example_dags/example_branch_datetime_operator.py
[2022-06-16 20:06:41,164] {processor.py:641} INFO - Processing file /usr/local/lib/python3.10/dist-packages/airflow/example_dags/example_branch_datetime_operator.py for tasks to queue
[2022-06-16 20:06:41,164] {logging_mixin.py:115} INFO - [2022-06-16 20:06:41,164] {dagbag.py:507} INFO - Filling up the DagBag from /usr/local/lib/python3.10/dist-packages/airflow/example_dags/example_branch_datetime_operator.py
[2022-06-16 20:06:41,172] {processor.py:651} INFO - DAG(s) dict_keys(['example_branch_datetime_operator_2']) retrieved from /usr/local/lib/python3.10/dist-packages/airflow/example_dags/example_branch_datetime_operator.py
[2022-06-16 20:06:41,189] {logging_mixin.py:115} INFO - [2022-06-16 20:06:41,189] {dag.py:2371} INFO - Sync 1 DAGs
[2022-06-16 20:06:41,210] {logging_mixin.py:115} INFO - [2022-06-16 20:06:41,210] {dag.py:2915} INFO - Setting next_dagrun for example_branch_datetime_operator_2 to 2022-06-15T00:00:00+00:00, run_after=2022-06-16T00:00:00+00:00
[2022-06-16 20:06:41,241] {processor.py:161} INFO - Processing /usr/local/lib/python3.10/dist-packages/airflow/example_dags/example_branch_datetime_operator.py took 0.081 seconds
[2022-06-16 20:07:20,574] {processor.py:153} INFO - Started process (PID=6273) to work on /usr/local/lib/python3.10/dist-packages/airflow/example_dags/example_branch_datetime_operator.py
[2022-06-16 20:07:20,575] {processor.py:641} INFO - Processing file /usr/local/lib/python3.10/dist-packages/airflow/example_dags/example_branch_datetime_operator.py for tasks to queue
[2022-06-16 20:07:20,575] {logging_mixin.py:115} INFO - [2022-06-16 20:07:20,575] {dagbag.py:507} INFO - Filling up the DagBag from /usr/local/lib/python3.10/dist-packages/airflow/example_dags/example_branch_datetime_operator.py
[2022-06-16 20:07:20,584] {processor.py:651} INFO - DAG(s) dict_keys(['example_branch_datetime_operator_2']) retrieved from /usr/local/lib/python3.10/dist-packages/airflow/example_dags/example_branch_datetime_operator.py
[2022-06-16 20:07:20,599] {logging_mixin.py:115} INFO - [2022-06-16 20:07:20,599] {dag.py:2371} INFO - Sync 1 DAGs
[2022-06-16 20:07:20,621] {logging_mixin.py:115} INFO - [2022-06-16 20:07:20,621] {dag.py:2915} INFO - Setting next_dagrun for example_branch_datetime_operator_2 to 2022-06-15T00:00:00+00:00, run_after=2022-06-16T00:00:00+00:00
[2022-06-16 20:07:20,662] {processor.py:161} INFO - Processing /usr/local/lib/python3.10/dist-packages/airflow/example_dags/example_branch_datetime_operator.py took 0.090 seconds
[2022-06-16 20:08:03,546] {processor.py:153} INFO - Started process (PID=6377) to work on /usr/local/lib/python3.10/dist-packages/airflow/example_dags/example_branch_datetime_operator.py
[2022-06-16 20:08:03,547] {processor.py:641} INFO - Processing file /usr/local/lib/python3.10/dist-packages/airflow/example_dags/example_branch_datetime_operator.py for tasks to queue
[2022-06-16 20:08:03,548] {logging_mixin.py:115} INFO - [2022-06-16 20:08:03,548] {dagbag.py:507} INFO - Filling up the DagBag from /usr/local/lib/python3.10/dist-packages/airflow/example_dags/example_branch_datetime_operator.py
[2022-06-16 20:08:03,556] {processor.py:651} INFO - DAG(s) dict_keys(['example_branch_datetime_operator_2']) retrieved from /usr/local/lib/python3.10/dist-packages/airflow/example_dags/example_branch_datetime_operator.py
[2022-06-16 20:08:03,573] {logging_mixin.py:115} INFO - [2022-06-16 20:08:03,573] {dag.py:2371} INFO - Sync 1 DAGs
[2022-06-16 20:08:03,600] {logging_mixin.py:115} INFO - [2022-06-16 20:08:03,600] {dag.py:2915} INFO - Setting next_dagrun for example_branch_datetime_operator_2 to 2022-06-15T00:00:00+00:00, run_after=2022-06-16T00:00:00+00:00
[2022-06-16 20:08:03,624] {processor.py:161} INFO - Processing /usr/local/lib/python3.10/dist-packages/airflow/example_dags/example_branch_datetime_operator.py took 0.081 seconds
[2022-06-16 20:08:49,355] {processor.py:153} INFO - Started process (PID=6508) to work on /usr/local/lib/python3.10/dist-packages/airflow/example_dags/example_branch_datetime_operator.py
[2022-06-16 20:08:49,388] {processor.py:641} INFO - Processing file /usr/local/lib/python3.10/dist-packages/airflow/example_dags/example_branch_datetime_operator.py for tasks to queue
[2022-06-16 20:08:49,389] {logging_mixin.py:115} INFO - [2022-06-16 20:08:49,389] {dagbag.py:507} INFO - Filling up the DagBag from /usr/local/lib/python3.10/dist-packages/airflow/example_dags/example_branch_datetime_operator.py
[2022-06-16 20:08:49,397] {processor.py:651} INFO - DAG(s) dict_keys(['example_branch_datetime_operator_2']) retrieved from /usr/local/lib/python3.10/dist-packages/airflow/example_dags/example_branch_datetime_operator.py
[2022-06-16 20:08:49,412] {logging_mixin.py:115} INFO - [2022-06-16 20:08:49,412] {dag.py:2371} INFO - Sync 1 DAGs
[2022-06-16 20:08:49,432] {logging_mixin.py:115} INFO - [2022-06-16 20:08:49,432] {dag.py:2915} INFO - Setting next_dagrun for example_branch_datetime_operator_2 to 2022-06-15T00:00:00+00:00, run_after=2022-06-16T00:00:00+00:00
[2022-06-16 20:08:49,451] {processor.py:161} INFO - Processing /usr/local/lib/python3.10/dist-packages/airflow/example_dags/example_branch_datetime_operator.py took 0.099 seconds
[2022-06-16 20:09:28,374] {processor.py:153} INFO - Started process (PID=6596) to work on /usr/local/lib/python3.10/dist-packages/airflow/example_dags/example_branch_datetime_operator.py
[2022-06-16 20:09:28,375] {processor.py:641} INFO - Processing file /usr/local/lib/python3.10/dist-packages/airflow/example_dags/example_branch_datetime_operator.py for tasks to queue
[2022-06-16 20:09:28,375] {logging_mixin.py:115} INFO - [2022-06-16 20:09:28,375] {dagbag.py:507} INFO - Filling up the DagBag from /usr/local/lib/python3.10/dist-packages/airflow/example_dags/example_branch_datetime_operator.py
[2022-06-16 20:09:28,384] {processor.py:651} INFO - DAG(s) dict_keys(['example_branch_datetime_operator_2']) retrieved from /usr/local/lib/python3.10/dist-packages/airflow/example_dags/example_branch_datetime_operator.py
[2022-06-16 20:09:28,399] {logging_mixin.py:115} INFO - [2022-06-16 20:09:28,399] {dag.py:2371} INFO - Sync 1 DAGs
[2022-06-16 20:09:28,419] {logging_mixin.py:115} INFO - [2022-06-16 20:09:28,419] {dag.py:2915} INFO - Setting next_dagrun for example_branch_datetime_operator_2 to 2022-06-15T00:00:00+00:00, run_after=2022-06-16T00:00:00+00:00
[2022-06-16 20:09:28,439] {processor.py:161} INFO - Processing /usr/local/lib/python3.10/dist-packages/airflow/example_dags/example_branch_datetime_operator.py took 0.069 seconds
[2022-06-16 20:10:09,135] {processor.py:153} INFO - Started process (PID=6672) to work on /usr/local/lib/python3.10/dist-packages/airflow/example_dags/example_branch_datetime_operator.py
[2022-06-16 20:10:09,178] {processor.py:641} INFO - Processing file /usr/local/lib/python3.10/dist-packages/airflow/example_dags/example_branch_datetime_operator.py for tasks to queue
[2022-06-16 20:10:09,179] {logging_mixin.py:115} INFO - [2022-06-16 20:10:09,178] {dagbag.py:507} INFO - Filling up the DagBag from /usr/local/lib/python3.10/dist-packages/airflow/example_dags/example_branch_datetime_operator.py
[2022-06-16 20:10:09,187] {processor.py:651} INFO - DAG(s) dict_keys(['example_branch_datetime_operator_2']) retrieved from /usr/local/lib/python3.10/dist-packages/airflow/example_dags/example_branch_datetime_operator.py
[2022-06-16 20:10:09,204] {logging_mixin.py:115} INFO - [2022-06-16 20:10:09,204] {dag.py:2371} INFO - Sync 1 DAGs
[2022-06-16 20:10:09,225] {logging_mixin.py:115} INFO - [2022-06-16 20:10:09,225] {dag.py:2915} INFO - Setting next_dagrun for example_branch_datetime_operator_2 to 2022-06-15T00:00:00+00:00, run_after=2022-06-16T00:00:00+00:00
[2022-06-16 20:10:09,244] {processor.py:161} INFO - Processing /usr/local/lib/python3.10/dist-packages/airflow/example_dags/example_branch_datetime_operator.py took 0.112 seconds
[2022-06-16 20:10:48,725] {processor.py:153} INFO - Started process (PID=6764) to work on /usr/local/lib/python3.10/dist-packages/airflow/example_dags/example_branch_datetime_operator.py
[2022-06-16 20:10:48,725] {processor.py:641} INFO - Processing file /usr/local/lib/python3.10/dist-packages/airflow/example_dags/example_branch_datetime_operator.py for tasks to queue
[2022-06-16 20:10:48,726] {logging_mixin.py:115} INFO - [2022-06-16 20:10:48,726] {dagbag.py:507} INFO - Filling up the DagBag from /usr/local/lib/python3.10/dist-packages/airflow/example_dags/example_branch_datetime_operator.py
[2022-06-16 20:10:48,734] {processor.py:651} INFO - DAG(s) dict_keys(['example_branch_datetime_operator_2']) retrieved from /usr/local/lib/python3.10/dist-packages/airflow/example_dags/example_branch_datetime_operator.py
[2022-06-16 20:10:48,750] {logging_mixin.py:115} INFO - [2022-06-16 20:10:48,750] {dag.py:2371} INFO - Sync 1 DAGs
[2022-06-16 20:10:48,772] {logging_mixin.py:115} INFO - [2022-06-16 20:10:48,772] {dag.py:2915} INFO - Setting next_dagrun for example_branch_datetime_operator_2 to 2022-06-15T00:00:00+00:00, run_after=2022-06-16T00:00:00+00:00
[2022-06-16 20:10:48,790] {processor.py:161} INFO - Processing /usr/local/lib/python3.10/dist-packages/airflow/example_dags/example_branch_datetime_operator.py took 0.069 seconds
[2022-06-16 20:11:29,670] {processor.py:153} INFO - Started process (PID=6861) to work on /usr/local/lib/python3.10/dist-packages/airflow/example_dags/example_branch_datetime_operator.py
[2022-06-16 20:11:29,670] {processor.py:641} INFO - Processing file /usr/local/lib/python3.10/dist-packages/airflow/example_dags/example_branch_datetime_operator.py for tasks to queue
[2022-06-16 20:11:29,671] {logging_mixin.py:115} INFO - [2022-06-16 20:11:29,671] {dagbag.py:507} INFO - Filling up the DagBag from /usr/local/lib/python3.10/dist-packages/airflow/example_dags/example_branch_datetime_operator.py
[2022-06-16 20:11:29,678] {processor.py:651} INFO - DAG(s) dict_keys(['example_branch_datetime_operator_2']) retrieved from /usr/local/lib/python3.10/dist-packages/airflow/example_dags/example_branch_datetime_operator.py
[2022-06-16 20:11:29,694] {logging_mixin.py:115} INFO - [2022-06-16 20:11:29,694] {dag.py:2371} INFO - Sync 1 DAGs
[2022-06-16 20:11:29,715] {logging_mixin.py:115} INFO - [2022-06-16 20:11:29,715] {dag.py:2915} INFO - Setting next_dagrun for example_branch_datetime_operator_2 to 2022-06-15T00:00:00+00:00, run_after=2022-06-16T00:00:00+00:00
[2022-06-16 20:11:29,734] {processor.py:161} INFO - Processing /usr/local/lib/python3.10/dist-packages/airflow/example_dags/example_branch_datetime_operator.py took 0.067 seconds
[2022-06-16 20:12:15,643] {processor.py:153} INFO - Started process (PID=6964) to work on /usr/local/lib/python3.10/dist-packages/airflow/example_dags/example_branch_datetime_operator.py
[2022-06-16 20:12:15,644] {processor.py:641} INFO - Processing file /usr/local/lib/python3.10/dist-packages/airflow/example_dags/example_branch_datetime_operator.py for tasks to queue
[2022-06-16 20:12:15,644] {logging_mixin.py:115} INFO - [2022-06-16 20:12:15,644] {dagbag.py:507} INFO - Filling up the DagBag from /usr/local/lib/python3.10/dist-packages/airflow/example_dags/example_branch_datetime_operator.py
[2022-06-16 20:12:15,653] {processor.py:651} INFO - DAG(s) dict_keys(['example_branch_datetime_operator_2']) retrieved from /usr/local/lib/python3.10/dist-packages/airflow/example_dags/example_branch_datetime_operator.py
[2022-06-16 20:12:15,669] {logging_mixin.py:115} INFO - [2022-06-16 20:12:15,669] {dag.py:2371} INFO - Sync 1 DAGs
[2022-06-16 20:12:15,690] {logging_mixin.py:115} INFO - [2022-06-16 20:12:15,690] {dag.py:2915} INFO - Setting next_dagrun for example_branch_datetime_operator_2 to 2022-06-15T00:00:00+00:00, run_after=2022-06-16T00:00:00+00:00
[2022-06-16 20:12:15,738] {processor.py:161} INFO - Processing /usr/local/lib/python3.10/dist-packages/airflow/example_dags/example_branch_datetime_operator.py took 0.098 seconds
[2022-06-16 20:12:55,131] {processor.py:153} INFO - Started process (PID=7055) to work on /usr/local/lib/python3.10/dist-packages/airflow/example_dags/example_branch_datetime_operator.py
[2022-06-16 20:12:55,132] {processor.py:641} INFO - Processing file /usr/local/lib/python3.10/dist-packages/airflow/example_dags/example_branch_datetime_operator.py for tasks to queue
[2022-06-16 20:12:55,132] {logging_mixin.py:115} INFO - [2022-06-16 20:12:55,132] {dagbag.py:507} INFO - Filling up the DagBag from /usr/local/lib/python3.10/dist-packages/airflow/example_dags/example_branch_datetime_operator.py
[2022-06-16 20:12:55,140] {processor.py:651} INFO - DAG(s) dict_keys(['example_branch_datetime_operator_2']) retrieved from /usr/local/lib/python3.10/dist-packages/airflow/example_dags/example_branch_datetime_operator.py
[2022-06-16 20:12:55,156] {logging_mixin.py:115} INFO - [2022-06-16 20:12:55,156] {dag.py:2371} INFO - Sync 1 DAGs
[2022-06-16 20:12:55,177] {logging_mixin.py:115} INFO - [2022-06-16 20:12:55,177] {dag.py:2915} INFO - Setting next_dagrun for example_branch_datetime_operator_2 to 2022-06-15T00:00:00+00:00, run_after=2022-06-16T00:00:00+00:00
[2022-06-16 20:12:55,195] {processor.py:161} INFO - Processing /usr/local/lib/python3.10/dist-packages/airflow/example_dags/example_branch_datetime_operator.py took 0.067 seconds
[2022-06-16 20:13:35,380] {processor.py:153} INFO - Started process (PID=7160) to work on /usr/local/lib/python3.10/dist-packages/airflow/example_dags/example_branch_datetime_operator.py
[2022-06-16 20:13:35,380] {processor.py:641} INFO - Processing file /usr/local/lib/python3.10/dist-packages/airflow/example_dags/example_branch_datetime_operator.py for tasks to queue
[2022-06-16 20:13:35,381] {logging_mixin.py:115} INFO - [2022-06-16 20:13:35,381] {dagbag.py:507} INFO - Filling up the DagBag from /usr/local/lib/python3.10/dist-packages/airflow/example_dags/example_branch_datetime_operator.py
[2022-06-16 20:13:35,389] {processor.py:651} INFO - DAG(s) dict_keys(['example_branch_datetime_operator_2']) retrieved from /usr/local/lib/python3.10/dist-packages/airflow/example_dags/example_branch_datetime_operator.py
[2022-06-16 20:13:35,405] {logging_mixin.py:115} INFO - [2022-06-16 20:13:35,405] {dag.py:2371} INFO - Sync 1 DAGs
[2022-06-16 20:13:35,427] {logging_mixin.py:115} INFO - [2022-06-16 20:13:35,426] {dag.py:2915} INFO - Setting next_dagrun for example_branch_datetime_operator_2 to 2022-06-15T00:00:00+00:00, run_after=2022-06-16T00:00:00+00:00
[2022-06-16 20:13:35,447] {processor.py:161} INFO - Processing /usr/local/lib/python3.10/dist-packages/airflow/example_dags/example_branch_datetime_operator.py took 0.070 seconds
[2022-06-16 20:14:18,758] {processor.py:153} INFO - Started process (PID=7295) to work on /usr/local/lib/python3.10/dist-packages/airflow/example_dags/example_branch_datetime_operator.py
[2022-06-16 20:14:18,759] {processor.py:641} INFO - Processing file /usr/local/lib/python3.10/dist-packages/airflow/example_dags/example_branch_datetime_operator.py for tasks to queue
[2022-06-16 20:14:18,759] {logging_mixin.py:115} INFO - [2022-06-16 20:14:18,759] {dagbag.py:507} INFO - Filling up the DagBag from /usr/local/lib/python3.10/dist-packages/airflow/example_dags/example_branch_datetime_operator.py
[2022-06-16 20:14:18,768] {processor.py:651} INFO - DAG(s) dict_keys(['example_branch_datetime_operator_2']) retrieved from /usr/local/lib/python3.10/dist-packages/airflow/example_dags/example_branch_datetime_operator.py
[2022-06-16 20:14:18,784] {logging_mixin.py:115} INFO - [2022-06-16 20:14:18,784] {dag.py:2371} INFO - Sync 1 DAGs
[2022-06-16 20:14:18,805] {logging_mixin.py:115} INFO - [2022-06-16 20:14:18,805] {dag.py:2915} INFO - Setting next_dagrun for example_branch_datetime_operator_2 to 2022-06-15T00:00:00+00:00, run_after=2022-06-16T00:00:00+00:00
[2022-06-16 20:14:18,825] {processor.py:161} INFO - Processing /usr/local/lib/python3.10/dist-packages/airflow/example_dags/example_branch_datetime_operator.py took 0.069 seconds
[2022-06-16 20:14:56,662] {processor.py:153} INFO - Started process (PID=7384) to work on /usr/local/lib/python3.10/dist-packages/airflow/example_dags/example_branch_datetime_operator.py
[2022-06-16 20:14:56,662] {processor.py:641} INFO - Processing file /usr/local/lib/python3.10/dist-packages/airflow/example_dags/example_branch_datetime_operator.py for tasks to queue
[2022-06-16 20:14:56,663] {logging_mixin.py:115} INFO - [2022-06-16 20:14:56,663] {dagbag.py:507} INFO - Filling up the DagBag from /usr/local/lib/python3.10/dist-packages/airflow/example_dags/example_branch_datetime_operator.py
[2022-06-16 20:14:56,671] {processor.py:651} INFO - DAG(s) dict_keys(['example_branch_datetime_operator_2']) retrieved from /usr/local/lib/python3.10/dist-packages/airflow/example_dags/example_branch_datetime_operator.py
[2022-06-16 20:14:56,686] {logging_mixin.py:115} INFO - [2022-06-16 20:14:56,686] {dag.py:2371} INFO - Sync 1 DAGs
[2022-06-16 20:14:56,708] {logging_mixin.py:115} INFO - [2022-06-16 20:14:56,708] {dag.py:2915} INFO - Setting next_dagrun for example_branch_datetime_operator_2 to 2022-06-15T00:00:00+00:00, run_after=2022-06-16T00:00:00+00:00
[2022-06-16 20:14:56,728] {processor.py:161} INFO - Processing /usr/local/lib/python3.10/dist-packages/airflow/example_dags/example_branch_datetime_operator.py took 0.069 seconds
[2022-06-16 20:15:37,098] {processor.py:153} INFO - Started process (PID=7478) to work on /usr/local/lib/python3.10/dist-packages/airflow/example_dags/example_branch_datetime_operator.py
[2022-06-16 20:15:37,098] {processor.py:641} INFO - Processing file /usr/local/lib/python3.10/dist-packages/airflow/example_dags/example_branch_datetime_operator.py for tasks to queue
[2022-06-16 20:15:37,099] {logging_mixin.py:115} INFO - [2022-06-16 20:15:37,099] {dagbag.py:507} INFO - Filling up the DagBag from /usr/local/lib/python3.10/dist-packages/airflow/example_dags/example_branch_datetime_operator.py
[2022-06-16 20:15:37,107] {processor.py:651} INFO - DAG(s) dict_keys(['example_branch_datetime_operator_2']) retrieved from /usr/local/lib/python3.10/dist-packages/airflow/example_dags/example_branch_datetime_operator.py
[2022-06-16 20:15:37,123] {logging_mixin.py:115} INFO - [2022-06-16 20:15:37,123] {dag.py:2371} INFO - Sync 1 DAGs
[2022-06-16 20:15:37,144] {logging_mixin.py:115} INFO - [2022-06-16 20:15:37,144] {dag.py:2915} INFO - Setting next_dagrun for example_branch_datetime_operator_2 to 2022-06-15T00:00:00+00:00, run_after=2022-06-16T00:00:00+00:00
[2022-06-16 20:15:37,162] {processor.py:161} INFO - Processing /usr/local/lib/python3.10/dist-packages/airflow/example_dags/example_branch_datetime_operator.py took 0.068 seconds
[2022-06-16 20:16:14,678] {processor.py:153} INFO - Started process (PID=7569) to work on /usr/local/lib/python3.10/dist-packages/airflow/example_dags/example_branch_datetime_operator.py
[2022-06-16 20:16:14,679] {processor.py:641} INFO - Processing file /usr/local/lib/python3.10/dist-packages/airflow/example_dags/example_branch_datetime_operator.py for tasks to queue
[2022-06-16 20:16:14,679] {logging_mixin.py:115} INFO - [2022-06-16 20:16:14,679] {dagbag.py:507} INFO - Filling up the DagBag from /usr/local/lib/python3.10/dist-packages/airflow/example_dags/example_branch_datetime_operator.py
[2022-06-16 20:16:14,688] {processor.py:651} INFO - DAG(s) dict_keys(['example_branch_datetime_operator_2']) retrieved from /usr/local/lib/python3.10/dist-packages/airflow/example_dags/example_branch_datetime_operator.py
[2022-06-16 20:16:14,706] {logging_mixin.py:115} INFO - [2022-06-16 20:16:14,705] {dag.py:2371} INFO - Sync 1 DAGs
[2022-06-16 20:16:14,726] {logging_mixin.py:115} INFO - [2022-06-16 20:16:14,725] {dag.py:2915} INFO - Setting next_dagrun for example_branch_datetime_operator_2 to 2022-06-15T00:00:00+00:00, run_after=2022-06-16T00:00:00+00:00
[2022-06-16 20:16:14,745] {processor.py:161} INFO - Processing /usr/local/lib/python3.10/dist-packages/airflow/example_dags/example_branch_datetime_operator.py took 0.069 seconds
[2022-06-16 20:16:53,234] {processor.py:153} INFO - Started process (PID=7651) to work on /usr/local/lib/python3.10/dist-packages/airflow/example_dags/example_branch_datetime_operator.py
[2022-06-16 20:16:53,234] {processor.py:641} INFO - Processing file /usr/local/lib/python3.10/dist-packages/airflow/example_dags/example_branch_datetime_operator.py for tasks to queue
[2022-06-16 20:16:53,235] {logging_mixin.py:115} INFO - [2022-06-16 20:16:53,235] {dagbag.py:507} INFO - Filling up the DagBag from /usr/local/lib/python3.10/dist-packages/airflow/example_dags/example_branch_datetime_operator.py
[2022-06-16 20:16:53,243] {processor.py:651} INFO - DAG(s) dict_keys(['example_branch_datetime_operator_2']) retrieved from /usr/local/lib/python3.10/dist-packages/airflow/example_dags/example_branch_datetime_operator.py
[2022-06-16 20:16:53,258] {logging_mixin.py:115} INFO - [2022-06-16 20:16:53,258] {dag.py:2371} INFO - Sync 1 DAGs
[2022-06-16 20:16:53,279] {logging_mixin.py:115} INFO - [2022-06-16 20:16:53,279] {dag.py:2915} INFO - Setting next_dagrun for example_branch_datetime_operator_2 to 2022-06-15T00:00:00+00:00, run_after=2022-06-16T00:00:00+00:00
[2022-06-16 20:16:53,319] {processor.py:161} INFO - Processing /usr/local/lib/python3.10/dist-packages/airflow/example_dags/example_branch_datetime_operator.py took 0.088 seconds
[2022-06-16 20:17:33,918] {processor.py:153} INFO - Started process (PID=7754) to work on /usr/local/lib/python3.10/dist-packages/airflow/example_dags/example_branch_datetime_operator.py
[2022-06-16 20:17:33,919] {processor.py:641} INFO - Processing file /usr/local/lib/python3.10/dist-packages/airflow/example_dags/example_branch_datetime_operator.py for tasks to queue
[2022-06-16 20:17:33,919] {logging_mixin.py:115} INFO - [2022-06-16 20:17:33,919] {dagbag.py:507} INFO - Filling up the DagBag from /usr/local/lib/python3.10/dist-packages/airflow/example_dags/example_branch_datetime_operator.py
[2022-06-16 20:17:33,933] {processor.py:651} INFO - DAG(s) dict_keys(['example_branch_datetime_operator_2']) retrieved from /usr/local/lib/python3.10/dist-packages/airflow/example_dags/example_branch_datetime_operator.py
[2022-06-16 20:17:33,952] {logging_mixin.py:115} INFO - [2022-06-16 20:17:33,952] {dag.py:2371} INFO - Sync 1 DAGs
[2022-06-16 20:17:33,973] {logging_mixin.py:115} INFO - [2022-06-16 20:17:33,973] {dag.py:2915} INFO - Setting next_dagrun for example_branch_datetime_operator_2 to 2022-06-15T00:00:00+00:00, run_after=2022-06-16T00:00:00+00:00
[2022-06-16 20:17:33,994] {processor.py:161} INFO - Processing /usr/local/lib/python3.10/dist-packages/airflow/example_dags/example_branch_datetime_operator.py took 0.079 seconds
[2022-06-16 20:18:18,740] {processor.py:153} INFO - Started process (PID=7858) to work on /usr/local/lib/python3.10/dist-packages/airflow/example_dags/example_branch_datetime_operator.py
[2022-06-16 20:18:18,740] {processor.py:641} INFO - Processing file /usr/local/lib/python3.10/dist-packages/airflow/example_dags/example_branch_datetime_operator.py for tasks to queue
[2022-06-16 20:18:18,741] {logging_mixin.py:115} INFO - [2022-06-16 20:18:18,741] {dagbag.py:507} INFO - Filling up the DagBag from /usr/local/lib/python3.10/dist-packages/airflow/example_dags/example_branch_datetime_operator.py
[2022-06-16 20:18:18,749] {processor.py:651} INFO - DAG(s) dict_keys(['example_branch_datetime_operator_2']) retrieved from /usr/local/lib/python3.10/dist-packages/airflow/example_dags/example_branch_datetime_operator.py
[2022-06-16 20:18:18,767] {logging_mixin.py:115} INFO - [2022-06-16 20:18:18,767] {dag.py:2371} INFO - Sync 1 DAGs
[2022-06-16 20:18:18,792] {logging_mixin.py:115} INFO - [2022-06-16 20:18:18,792] {dag.py:2915} INFO - Setting next_dagrun for example_branch_datetime_operator_2 to 2022-06-15T00:00:00+00:00, run_after=2022-06-16T00:00:00+00:00
[2022-06-16 20:18:18,811] {processor.py:161} INFO - Processing /usr/local/lib/python3.10/dist-packages/airflow/example_dags/example_branch_datetime_operator.py took 0.074 seconds
[2022-06-16 20:18:59,004] {processor.py:153} INFO - Started process (PID=7938) to work on /usr/local/lib/python3.10/dist-packages/airflow/example_dags/example_branch_datetime_operator.py
[2022-06-16 20:18:59,005] {processor.py:641} INFO - Processing file /usr/local/lib/python3.10/dist-packages/airflow/example_dags/example_branch_datetime_operator.py for tasks to queue
[2022-06-16 20:18:59,005] {logging_mixin.py:115} INFO - [2022-06-16 20:18:59,005] {dagbag.py:507} INFO - Filling up the DagBag from /usr/local/lib/python3.10/dist-packages/airflow/example_dags/example_branch_datetime_operator.py
[2022-06-16 20:18:59,013] {processor.py:651} INFO - DAG(s) dict_keys(['example_branch_datetime_operator_2']) retrieved from /usr/local/lib/python3.10/dist-packages/airflow/example_dags/example_branch_datetime_operator.py
[2022-06-16 20:18:59,028] {logging_mixin.py:115} INFO - [2022-06-16 20:18:59,028] {dag.py:2371} INFO - Sync 1 DAGs
[2022-06-16 20:18:59,049] {logging_mixin.py:115} INFO - [2022-06-16 20:18:59,048] {dag.py:2915} INFO - Setting next_dagrun for example_branch_datetime_operator_2 to 2022-06-15T00:00:00+00:00, run_after=2022-06-16T00:00:00+00:00
[2022-06-16 20:18:59,068] {processor.py:161} INFO - Processing /usr/local/lib/python3.10/dist-packages/airflow/example_dags/example_branch_datetime_operator.py took 0.067 seconds
[2022-06-16 20:19:38,127] {processor.py:153} INFO - Started process (PID=7991) to work on /usr/local/lib/python3.10/dist-packages/airflow/example_dags/example_branch_datetime_operator.py
[2022-06-16 20:19:38,128] {processor.py:641} INFO - Processing file /usr/local/lib/python3.10/dist-packages/airflow/example_dags/example_branch_datetime_operator.py for tasks to queue
[2022-06-16 20:19:38,128] {logging_mixin.py:115} INFO - [2022-06-16 20:19:38,128] {dagbag.py:507} INFO - Filling up the DagBag from /usr/local/lib/python3.10/dist-packages/airflow/example_dags/example_branch_datetime_operator.py
[2022-06-16 20:19:38,136] {processor.py:651} INFO - DAG(s) dict_keys(['example_branch_datetime_operator_2']) retrieved from /usr/local/lib/python3.10/dist-packages/airflow/example_dags/example_branch_datetime_operator.py
[2022-06-16 20:19:38,151] {logging_mixin.py:115} INFO - [2022-06-16 20:19:38,151] {dag.py:2371} INFO - Sync 1 DAGs
[2022-06-16 20:19:38,172] {logging_mixin.py:115} INFO - [2022-06-16 20:19:38,172] {dag.py:2915} INFO - Setting next_dagrun for example_branch_datetime_operator_2 to 2022-06-15T00:00:00+00:00, run_after=2022-06-16T00:00:00+00:00
[2022-06-16 20:19:38,191] {processor.py:161} INFO - Processing /usr/local/lib/python3.10/dist-packages/airflow/example_dags/example_branch_datetime_operator.py took 0.066 seconds
[2022-06-16 20:20:17,414] {processor.py:153} INFO - Started process (PID=8065) to work on /usr/local/lib/python3.10/dist-packages/airflow/example_dags/example_branch_datetime_operator.py
[2022-06-16 20:20:17,415] {processor.py:641} INFO - Processing file /usr/local/lib/python3.10/dist-packages/airflow/example_dags/example_branch_datetime_operator.py for tasks to queue
[2022-06-16 20:20:17,416] {logging_mixin.py:115} INFO - [2022-06-16 20:20:17,416] {dagbag.py:507} INFO - Filling up the DagBag from /usr/local/lib/python3.10/dist-packages/airflow/example_dags/example_branch_datetime_operator.py
[2022-06-16 20:20:17,425] {processor.py:651} INFO - DAG(s) dict_keys(['example_branch_datetime_operator_2']) retrieved from /usr/local/lib/python3.10/dist-packages/airflow/example_dags/example_branch_datetime_operator.py
[2022-06-16 20:20:17,442] {logging_mixin.py:115} INFO - [2022-06-16 20:20:17,442] {dag.py:2371} INFO - Sync 1 DAGs
[2022-06-16 20:20:17,468] {logging_mixin.py:115} INFO - [2022-06-16 20:20:17,468] {dag.py:2915} INFO - Setting next_dagrun for example_branch_datetime_operator_2 to 2022-06-15T00:00:00+00:00, run_after=2022-06-16T00:00:00+00:00
[2022-06-16 20:20:17,504] {processor.py:161} INFO - Processing /usr/local/lib/python3.10/dist-packages/airflow/example_dags/example_branch_datetime_operator.py took 0.093 seconds
[2022-06-16 20:21:04,681] {processor.py:153} INFO - Started process (PID=8126) to work on /usr/local/lib/python3.10/dist-packages/airflow/example_dags/example_branch_datetime_operator.py
[2022-06-16 20:21:04,682] {processor.py:641} INFO - Processing file /usr/local/lib/python3.10/dist-packages/airflow/example_dags/example_branch_datetime_operator.py for tasks to queue
[2022-06-16 20:21:04,682] {logging_mixin.py:115} INFO - [2022-06-16 20:21:04,682] {dagbag.py:507} INFO - Filling up the DagBag from /usr/local/lib/python3.10/dist-packages/airflow/example_dags/example_branch_datetime_operator.py
[2022-06-16 20:21:04,690] {processor.py:651} INFO - DAG(s) dict_keys(['example_branch_datetime_operator_2']) retrieved from /usr/local/lib/python3.10/dist-packages/airflow/example_dags/example_branch_datetime_operator.py
[2022-06-16 20:21:04,706] {logging_mixin.py:115} INFO - [2022-06-16 20:21:04,706] {dag.py:2371} INFO - Sync 1 DAGs
[2022-06-16 20:21:04,727] {logging_mixin.py:115} INFO - [2022-06-16 20:21:04,727] {dag.py:2915} INFO - Setting next_dagrun for example_branch_datetime_operator_2 to 2022-06-15T00:00:00+00:00, run_after=2022-06-16T00:00:00+00:00
[2022-06-16 20:21:04,759] {processor.py:161} INFO - Processing /usr/local/lib/python3.10/dist-packages/airflow/example_dags/example_branch_datetime_operator.py took 0.081 seconds
[2022-06-16 20:21:44,122] {processor.py:153} INFO - Started process (PID=8166) to work on /usr/local/lib/python3.10/dist-packages/airflow/example_dags/example_branch_datetime_operator.py
[2022-06-16 20:21:44,123] {processor.py:641} INFO - Processing file /usr/local/lib/python3.10/dist-packages/airflow/example_dags/example_branch_datetime_operator.py for tasks to queue
[2022-06-16 20:21:44,123] {logging_mixin.py:115} INFO - [2022-06-16 20:21:44,123] {dagbag.py:507} INFO - Filling up the DagBag from /usr/local/lib/python3.10/dist-packages/airflow/example_dags/example_branch_datetime_operator.py
[2022-06-16 20:21:44,131] {processor.py:651} INFO - DAG(s) dict_keys(['example_branch_datetime_operator_2']) retrieved from /usr/local/lib/python3.10/dist-packages/airflow/example_dags/example_branch_datetime_operator.py
[2022-06-16 20:21:44,147] {logging_mixin.py:115} INFO - [2022-06-16 20:21:44,147] {dag.py:2371} INFO - Sync 1 DAGs
[2022-06-16 20:21:44,169] {logging_mixin.py:115} INFO - [2022-06-16 20:21:44,169] {dag.py:2915} INFO - Setting next_dagrun for example_branch_datetime_operator_2 to 2022-06-15T00:00:00+00:00, run_after=2022-06-16T00:00:00+00:00
[2022-06-16 20:21:44,188] {processor.py:161} INFO - Processing /usr/local/lib/python3.10/dist-packages/airflow/example_dags/example_branch_datetime_operator.py took 0.069 seconds
[2022-06-16 20:22:22,719] {processor.py:153} INFO - Started process (PID=8210) to work on /usr/local/lib/python3.10/dist-packages/airflow/example_dags/example_branch_datetime_operator.py
[2022-06-16 20:22:22,719] {processor.py:641} INFO - Processing file /usr/local/lib/python3.10/dist-packages/airflow/example_dags/example_branch_datetime_operator.py for tasks to queue
[2022-06-16 20:22:22,720] {logging_mixin.py:115} INFO - [2022-06-16 20:22:22,720] {dagbag.py:507} INFO - Filling up the DagBag from /usr/local/lib/python3.10/dist-packages/airflow/example_dags/example_branch_datetime_operator.py
[2022-06-16 20:22:22,728] {processor.py:651} INFO - DAG(s) dict_keys(['example_branch_datetime_operator_2']) retrieved from /usr/local/lib/python3.10/dist-packages/airflow/example_dags/example_branch_datetime_operator.py
[2022-06-16 20:22:22,744] {logging_mixin.py:115} INFO - [2022-06-16 20:22:22,744] {dag.py:2371} INFO - Sync 1 DAGs
[2022-06-16 20:22:22,765] {logging_mixin.py:115} INFO - [2022-06-16 20:22:22,765] {dag.py:2915} INFO - Setting next_dagrun for example_branch_datetime_operator_2 to 2022-06-15T00:00:00+00:00, run_after=2022-06-16T00:00:00+00:00
[2022-06-16 20:22:22,784] {processor.py:161} INFO - Processing /usr/local/lib/python3.10/dist-packages/airflow/example_dags/example_branch_datetime_operator.py took 0.068 seconds
[2022-06-16 20:23:08,287] {processor.py:153} INFO - Started process (PID=8282) to work on /usr/local/lib/python3.10/dist-packages/airflow/example_dags/example_branch_datetime_operator.py
[2022-06-16 20:23:08,288] {processor.py:641} INFO - Processing file /usr/local/lib/python3.10/dist-packages/airflow/example_dags/example_branch_datetime_operator.py for tasks to queue
[2022-06-16 20:23:08,288] {logging_mixin.py:115} INFO - [2022-06-16 20:23:08,288] {dagbag.py:507} INFO - Filling up the DagBag from /usr/local/lib/python3.10/dist-packages/airflow/example_dags/example_branch_datetime_operator.py
[2022-06-16 20:23:08,296] {processor.py:651} INFO - DAG(s) dict_keys(['example_branch_datetime_operator_2']) retrieved from /usr/local/lib/python3.10/dist-packages/airflow/example_dags/example_branch_datetime_operator.py
[2022-06-16 20:23:08,312] {logging_mixin.py:115} INFO - [2022-06-16 20:23:08,312] {dag.py:2371} INFO - Sync 1 DAGs
[2022-06-16 20:23:08,335] {logging_mixin.py:115} INFO - [2022-06-16 20:23:08,335] {dag.py:2915} INFO - Setting next_dagrun for example_branch_datetime_operator_2 to 2022-06-15T00:00:00+00:00, run_after=2022-06-16T00:00:00+00:00
[2022-06-16 20:23:08,391] {processor.py:161} INFO - Processing /usr/local/lib/python3.10/dist-packages/airflow/example_dags/example_branch_datetime_operator.py took 0.107 seconds
[2022-06-16 20:23:55,216] {processor.py:153} INFO - Started process (PID=8361) to work on /usr/local/lib/python3.10/dist-packages/airflow/example_dags/example_branch_datetime_operator.py
[2022-06-16 20:23:55,217] {processor.py:641} INFO - Processing file /usr/local/lib/python3.10/dist-packages/airflow/example_dags/example_branch_datetime_operator.py for tasks to queue
[2022-06-16 20:23:55,217] {logging_mixin.py:115} INFO - [2022-06-16 20:23:55,217] {dagbag.py:507} INFO - Filling up the DagBag from /usr/local/lib/python3.10/dist-packages/airflow/example_dags/example_branch_datetime_operator.py
[2022-06-16 20:23:55,224] {processor.py:651} INFO - DAG(s) dict_keys(['example_branch_datetime_operator_2']) retrieved from /usr/local/lib/python3.10/dist-packages/airflow/example_dags/example_branch_datetime_operator.py
[2022-06-16 20:23:55,240] {logging_mixin.py:115} INFO - [2022-06-16 20:23:55,240] {dag.py:2371} INFO - Sync 1 DAGs
[2022-06-16 20:23:55,260] {logging_mixin.py:115} INFO - [2022-06-16 20:23:55,260] {dag.py:2915} INFO - Setting next_dagrun for example_branch_datetime_operator_2 to 2022-06-15T00:00:00+00:00, run_after=2022-06-16T00:00:00+00:00
[2022-06-16 20:23:55,279] {processor.py:161} INFO - Processing /usr/local/lib/python3.10/dist-packages/airflow/example_dags/example_branch_datetime_operator.py took 0.065 seconds
[2022-06-16 20:24:35,460] {processor.py:153} INFO - Started process (PID=8415) to work on /usr/local/lib/python3.10/dist-packages/airflow/example_dags/example_branch_datetime_operator.py
[2022-06-16 20:24:35,516] {processor.py:641} INFO - Processing file /usr/local/lib/python3.10/dist-packages/airflow/example_dags/example_branch_datetime_operator.py for tasks to queue
[2022-06-16 20:24:35,516] {logging_mixin.py:115} INFO - [2022-06-16 20:24:35,516] {dagbag.py:507} INFO - Filling up the DagBag from /usr/local/lib/python3.10/dist-packages/airflow/example_dags/example_branch_datetime_operator.py
[2022-06-16 20:24:35,524] {processor.py:651} INFO - DAG(s) dict_keys(['example_branch_datetime_operator_2']) retrieved from /usr/local/lib/python3.10/dist-packages/airflow/example_dags/example_branch_datetime_operator.py
[2022-06-16 20:24:35,541] {logging_mixin.py:115} INFO - [2022-06-16 20:24:35,541] {dag.py:2371} INFO - Sync 1 DAGs
[2022-06-16 20:24:35,566] {logging_mixin.py:115} INFO - [2022-06-16 20:24:35,566] {dag.py:2915} INFO - Setting next_dagrun for example_branch_datetime_operator_2 to 2022-06-15T00:00:00+00:00, run_after=2022-06-16T00:00:00+00:00
[2022-06-16 20:24:35,685] {processor.py:161} INFO - Processing /usr/local/lib/python3.10/dist-packages/airflow/example_dags/example_branch_datetime_operator.py took 0.227 seconds
[2022-06-16 20:25:14,696] {processor.py:153} INFO - Started process (PID=8476) to work on /usr/local/lib/python3.10/dist-packages/airflow/example_dags/example_branch_datetime_operator.py
[2022-06-16 20:25:14,697] {processor.py:641} INFO - Processing file /usr/local/lib/python3.10/dist-packages/airflow/example_dags/example_branch_datetime_operator.py for tasks to queue
[2022-06-16 20:25:14,697] {logging_mixin.py:115} INFO - [2022-06-16 20:25:14,697] {dagbag.py:507} INFO - Filling up the DagBag from /usr/local/lib/python3.10/dist-packages/airflow/example_dags/example_branch_datetime_operator.py
[2022-06-16 20:25:14,705] {processor.py:651} INFO - DAG(s) dict_keys(['example_branch_datetime_operator_2']) retrieved from /usr/local/lib/python3.10/dist-packages/airflow/example_dags/example_branch_datetime_operator.py
[2022-06-16 20:25:14,721] {logging_mixin.py:115} INFO - [2022-06-16 20:25:14,721] {dag.py:2371} INFO - Sync 1 DAGs
[2022-06-16 20:25:14,742] {logging_mixin.py:115} INFO - [2022-06-16 20:25:14,741] {dag.py:2915} INFO - Setting next_dagrun for example_branch_datetime_operator_2 to 2022-06-15T00:00:00+00:00, run_after=2022-06-16T00:00:00+00:00
[2022-06-16 20:25:14,773] {processor.py:161} INFO - Processing /usr/local/lib/python3.10/dist-packages/airflow/example_dags/example_branch_datetime_operator.py took 0.079 seconds
[2022-06-16 20:26:00,083] {processor.py:153} INFO - Started process (PID=8531) to work on /usr/local/lib/python3.10/dist-packages/airflow/example_dags/example_branch_datetime_operator.py
[2022-06-16 20:26:00,084] {processor.py:641} INFO - Processing file /usr/local/lib/python3.10/dist-packages/airflow/example_dags/example_branch_datetime_operator.py for tasks to queue
[2022-06-16 20:26:00,084] {logging_mixin.py:115} INFO - [2022-06-16 20:26:00,084] {dagbag.py:507} INFO - Filling up the DagBag from /usr/local/lib/python3.10/dist-packages/airflow/example_dags/example_branch_datetime_operator.py
[2022-06-16 20:26:00,093] {processor.py:651} INFO - DAG(s) dict_keys(['example_branch_datetime_operator_2']) retrieved from /usr/local/lib/python3.10/dist-packages/airflow/example_dags/example_branch_datetime_operator.py
[2022-06-16 20:26:00,110] {logging_mixin.py:115} INFO - [2022-06-16 20:26:00,109] {dag.py:2371} INFO - Sync 1 DAGs
[2022-06-16 20:26:00,130] {logging_mixin.py:115} INFO - [2022-06-16 20:26:00,130] {dag.py:2915} INFO - Setting next_dagrun for example_branch_datetime_operator_2 to 2022-06-15T00:00:00+00:00, run_after=2022-06-16T00:00:00+00:00
[2022-06-16 20:26:00,150] {processor.py:161} INFO - Processing /usr/local/lib/python3.10/dist-packages/airflow/example_dags/example_branch_datetime_operator.py took 0.070 seconds
[2022-06-16 20:26:40,151] {processor.py:153} INFO - Started process (PID=8578) to work on /usr/local/lib/python3.10/dist-packages/airflow/example_dags/example_branch_datetime_operator.py
[2022-06-16 20:26:40,152] {processor.py:641} INFO - Processing file /usr/local/lib/python3.10/dist-packages/airflow/example_dags/example_branch_datetime_operator.py for tasks to queue
[2022-06-16 20:26:40,152] {logging_mixin.py:115} INFO - [2022-06-16 20:26:40,152] {dagbag.py:507} INFO - Filling up the DagBag from /usr/local/lib/python3.10/dist-packages/airflow/example_dags/example_branch_datetime_operator.py
[2022-06-16 20:26:40,163] {processor.py:651} INFO - DAG(s) dict_keys(['example_branch_datetime_operator_2']) retrieved from /usr/local/lib/python3.10/dist-packages/airflow/example_dags/example_branch_datetime_operator.py
[2022-06-16 20:26:40,186] {logging_mixin.py:115} INFO - [2022-06-16 20:26:40,186] {dag.py:2371} INFO - Sync 1 DAGs
[2022-06-16 20:26:40,215] {logging_mixin.py:115} INFO - [2022-06-16 20:26:40,215] {dag.py:2915} INFO - Setting next_dagrun for example_branch_datetime_operator_2 to 2022-06-15T00:00:00+00:00, run_after=2022-06-16T00:00:00+00:00
[2022-06-16 20:26:40,237] {processor.py:161} INFO - Processing /usr/local/lib/python3.10/dist-packages/airflow/example_dags/example_branch_datetime_operator.py took 0.089 seconds
