[2022-06-16 19:59:33,619] {processor.py:153} INFO - Started process (PID=5045) to work on /usr/local/lib/python3.10/dist-packages/airflow/example_dags/example_trigger_controller_dag.py
[2022-06-16 19:59:33,620] {processor.py:641} INFO - Processing file /usr/local/lib/python3.10/dist-packages/airflow/example_dags/example_trigger_controller_dag.py for tasks to queue
[2022-06-16 19:59:33,620] {logging_mixin.py:115} INFO - [2022-06-16 19:59:33,620] {dagbag.py:507} INFO - Filling up the DagBag from /usr/local/lib/python3.10/dist-packages/airflow/example_dags/example_trigger_controller_dag.py
[2022-06-16 19:59:33,624] {processor.py:651} INFO - DAG(s) dict_keys(['example_trigger_controller_dag']) retrieved from /usr/local/lib/python3.10/dist-packages/airflow/example_dags/example_trigger_controller_dag.py
[2022-06-16 19:59:33,646] {logging_mixin.py:115} INFO - [2022-06-16 19:59:33,645] {dag.py:2371} INFO - Sync 1 DAGs
[2022-06-16 19:59:33,676] {logging_mixin.py:115} INFO - [2022-06-16 19:59:33,676] {dag.py:2915} INFO - Setting next_dagrun for example_trigger_controller_dag to None, run_after=None
[2022-06-16 19:59:33,742] {processor.py:161} INFO - Processing /usr/local/lib/python3.10/dist-packages/airflow/example_dags/example_trigger_controller_dag.py took 0.126 seconds
[2022-06-16 20:00:12,948] {processor.py:153} INFO - Started process (PID=5197) to work on /usr/local/lib/python3.10/dist-packages/airflow/example_dags/example_trigger_controller_dag.py
[2022-06-16 20:00:12,949] {processor.py:641} INFO - Processing file /usr/local/lib/python3.10/dist-packages/airflow/example_dags/example_trigger_controller_dag.py for tasks to queue
[2022-06-16 20:00:12,950] {logging_mixin.py:115} INFO - [2022-06-16 20:00:12,949] {dagbag.py:507} INFO - Filling up the DagBag from /usr/local/lib/python3.10/dist-packages/airflow/example_dags/example_trigger_controller_dag.py
[2022-06-16 20:00:12,961] {processor.py:651} INFO - DAG(s) dict_keys(['example_trigger_controller_dag']) retrieved from /usr/local/lib/python3.10/dist-packages/airflow/example_dags/example_trigger_controller_dag.py
[2022-06-16 20:00:12,983] {logging_mixin.py:115} INFO - [2022-06-16 20:00:12,983] {dag.py:2371} INFO - Sync 1 DAGs
[2022-06-16 20:00:13,013] {logging_mixin.py:115} INFO - [2022-06-16 20:00:13,013] {dag.py:2915} INFO - Setting next_dagrun for example_trigger_controller_dag to None, run_after=None
[2022-06-16 20:00:13,037] {processor.py:161} INFO - Processing /usr/local/lib/python3.10/dist-packages/airflow/example_dags/example_trigger_controller_dag.py took 0.092 seconds
[2022-06-16 20:00:52,813] {processor.py:153} INFO - Started process (PID=5260) to work on /usr/local/lib/python3.10/dist-packages/airflow/example_dags/example_trigger_controller_dag.py
[2022-06-16 20:00:52,854] {processor.py:641} INFO - Processing file /usr/local/lib/python3.10/dist-packages/airflow/example_dags/example_trigger_controller_dag.py for tasks to queue
[2022-06-16 20:00:52,854] {logging_mixin.py:115} INFO - [2022-06-16 20:00:52,854] {dagbag.py:507} INFO - Filling up the DagBag from /usr/local/lib/python3.10/dist-packages/airflow/example_dags/example_trigger_controller_dag.py
[2022-06-16 20:00:52,857] {processor.py:651} INFO - DAG(s) dict_keys(['example_trigger_controller_dag']) retrieved from /usr/local/lib/python3.10/dist-packages/airflow/example_dags/example_trigger_controller_dag.py
[2022-06-16 20:00:52,873] {logging_mixin.py:115} INFO - [2022-06-16 20:00:52,873] {dag.py:2371} INFO - Sync 1 DAGs
[2022-06-16 20:00:52,893] {logging_mixin.py:115} INFO - [2022-06-16 20:00:52,892] {dag.py:2915} INFO - Setting next_dagrun for example_trigger_controller_dag to None, run_after=None
[2022-06-16 20:00:52,915] {processor.py:161} INFO - Processing /usr/local/lib/python3.10/dist-packages/airflow/example_dags/example_trigger_controller_dag.py took 0.105 seconds
[2022-06-16 20:01:33,302] {processor.py:153} INFO - Started process (PID=5403) to work on /usr/local/lib/python3.10/dist-packages/airflow/example_dags/example_trigger_controller_dag.py
[2022-06-16 20:01:33,303] {processor.py:641} INFO - Processing file /usr/local/lib/python3.10/dist-packages/airflow/example_dags/example_trigger_controller_dag.py for tasks to queue
[2022-06-16 20:01:33,304] {logging_mixin.py:115} INFO - [2022-06-16 20:01:33,304] {dagbag.py:507} INFO - Filling up the DagBag from /usr/local/lib/python3.10/dist-packages/airflow/example_dags/example_trigger_controller_dag.py
[2022-06-16 20:01:33,307] {processor.py:651} INFO - DAG(s) dict_keys(['example_trigger_controller_dag']) retrieved from /usr/local/lib/python3.10/dist-packages/airflow/example_dags/example_trigger_controller_dag.py
[2022-06-16 20:01:33,323] {logging_mixin.py:115} INFO - [2022-06-16 20:01:33,323] {dag.py:2371} INFO - Sync 1 DAGs
[2022-06-16 20:01:33,342] {logging_mixin.py:115} INFO - [2022-06-16 20:01:33,342] {dag.py:2915} INFO - Setting next_dagrun for example_trigger_controller_dag to None, run_after=None
[2022-06-16 20:01:33,363] {processor.py:161} INFO - Processing /usr/local/lib/python3.10/dist-packages/airflow/example_dags/example_trigger_controller_dag.py took 0.064 seconds
[2022-06-16 20:02:11,300] {processor.py:153} INFO - Started process (PID=5522) to work on /usr/local/lib/python3.10/dist-packages/airflow/example_dags/example_trigger_controller_dag.py
[2022-06-16 20:02:11,301] {processor.py:641} INFO - Processing file /usr/local/lib/python3.10/dist-packages/airflow/example_dags/example_trigger_controller_dag.py for tasks to queue
[2022-06-16 20:02:11,302] {logging_mixin.py:115} INFO - [2022-06-16 20:02:11,302] {dagbag.py:507} INFO - Filling up the DagBag from /usr/local/lib/python3.10/dist-packages/airflow/example_dags/example_trigger_controller_dag.py
[2022-06-16 20:02:11,304] {processor.py:651} INFO - DAG(s) dict_keys(['example_trigger_controller_dag']) retrieved from /usr/local/lib/python3.10/dist-packages/airflow/example_dags/example_trigger_controller_dag.py
[2022-06-16 20:02:11,321] {logging_mixin.py:115} INFO - [2022-06-16 20:02:11,321] {dag.py:2371} INFO - Sync 1 DAGs
[2022-06-16 20:02:11,340] {logging_mixin.py:115} INFO - [2022-06-16 20:02:11,340] {dag.py:2915} INFO - Setting next_dagrun for example_trigger_controller_dag to None, run_after=None
[2022-06-16 20:02:11,359] {processor.py:161} INFO - Processing /usr/local/lib/python3.10/dist-packages/airflow/example_dags/example_trigger_controller_dag.py took 0.061 seconds
[2022-06-16 20:02:50,368] {processor.py:153} INFO - Started process (PID=5613) to work on /usr/local/lib/python3.10/dist-packages/airflow/example_dags/example_trigger_controller_dag.py
[2022-06-16 20:02:50,369] {processor.py:641} INFO - Processing file /usr/local/lib/python3.10/dist-packages/airflow/example_dags/example_trigger_controller_dag.py for tasks to queue
[2022-06-16 20:02:50,370] {logging_mixin.py:115} INFO - [2022-06-16 20:02:50,370] {dagbag.py:507} INFO - Filling up the DagBag from /usr/local/lib/python3.10/dist-packages/airflow/example_dags/example_trigger_controller_dag.py
[2022-06-16 20:02:50,375] {processor.py:651} INFO - DAG(s) dict_keys(['example_trigger_controller_dag']) retrieved from /usr/local/lib/python3.10/dist-packages/airflow/example_dags/example_trigger_controller_dag.py
[2022-06-16 20:02:50,393] {logging_mixin.py:115} INFO - [2022-06-16 20:02:50,393] {dag.py:2371} INFO - Sync 1 DAGs
[2022-06-16 20:02:50,412] {logging_mixin.py:115} INFO - [2022-06-16 20:02:50,412] {dag.py:2915} INFO - Setting next_dagrun for example_trigger_controller_dag to None, run_after=None
[2022-06-16 20:02:50,431] {processor.py:161} INFO - Processing /usr/local/lib/python3.10/dist-packages/airflow/example_dags/example_trigger_controller_dag.py took 0.065 seconds
[2022-06-16 20:03:29,337] {processor.py:153} INFO - Started process (PID=5705) to work on /usr/local/lib/python3.10/dist-packages/airflow/example_dags/example_trigger_controller_dag.py
[2022-06-16 20:03:29,337] {processor.py:641} INFO - Processing file /usr/local/lib/python3.10/dist-packages/airflow/example_dags/example_trigger_controller_dag.py for tasks to queue
[2022-06-16 20:03:29,338] {logging_mixin.py:115} INFO - [2022-06-16 20:03:29,338] {dagbag.py:507} INFO - Filling up the DagBag from /usr/local/lib/python3.10/dist-packages/airflow/example_dags/example_trigger_controller_dag.py
[2022-06-16 20:03:29,341] {processor.py:651} INFO - DAG(s) dict_keys(['example_trigger_controller_dag']) retrieved from /usr/local/lib/python3.10/dist-packages/airflow/example_dags/example_trigger_controller_dag.py
[2022-06-16 20:03:29,357] {logging_mixin.py:115} INFO - [2022-06-16 20:03:29,357] {dag.py:2371} INFO - Sync 1 DAGs
[2022-06-16 20:03:29,381] {logging_mixin.py:115} INFO - [2022-06-16 20:03:29,381] {dag.py:2915} INFO - Setting next_dagrun for example_trigger_controller_dag to None, run_after=None
[2022-06-16 20:03:29,426] {processor.py:161} INFO - Processing /usr/local/lib/python3.10/dist-packages/airflow/example_dags/example_trigger_controller_dag.py took 0.092 seconds
[2022-06-16 20:04:07,806] {processor.py:153} INFO - Started process (PID=5827) to work on /usr/local/lib/python3.10/dist-packages/airflow/example_dags/example_trigger_controller_dag.py
[2022-06-16 20:04:07,807] {processor.py:641} INFO - Processing file /usr/local/lib/python3.10/dist-packages/airflow/example_dags/example_trigger_controller_dag.py for tasks to queue
[2022-06-16 20:04:07,807] {logging_mixin.py:115} INFO - [2022-06-16 20:04:07,807] {dagbag.py:507} INFO - Filling up the DagBag from /usr/local/lib/python3.10/dist-packages/airflow/example_dags/example_trigger_controller_dag.py
[2022-06-16 20:04:07,811] {processor.py:651} INFO - DAG(s) dict_keys(['example_trigger_controller_dag']) retrieved from /usr/local/lib/python3.10/dist-packages/airflow/example_dags/example_trigger_controller_dag.py
[2022-06-16 20:04:07,827] {logging_mixin.py:115} INFO - [2022-06-16 20:04:07,827] {dag.py:2371} INFO - Sync 1 DAGs
[2022-06-16 20:04:07,847] {logging_mixin.py:115} INFO - [2022-06-16 20:04:07,847] {dag.py:2915} INFO - Setting next_dagrun for example_trigger_controller_dag to None, run_after=None
[2022-06-16 20:04:07,866] {processor.py:161} INFO - Processing /usr/local/lib/python3.10/dist-packages/airflow/example_dags/example_trigger_controller_dag.py took 0.062 seconds
[2022-06-16 20:04:46,196] {processor.py:153} INFO - Started process (PID=5909) to work on /usr/local/lib/python3.10/dist-packages/airflow/example_dags/example_trigger_controller_dag.py
[2022-06-16 20:04:46,197] {processor.py:641} INFO - Processing file /usr/local/lib/python3.10/dist-packages/airflow/example_dags/example_trigger_controller_dag.py for tasks to queue
[2022-06-16 20:04:46,198] {logging_mixin.py:115} INFO - [2022-06-16 20:04:46,197] {dagbag.py:507} INFO - Filling up the DagBag from /usr/local/lib/python3.10/dist-packages/airflow/example_dags/example_trigger_controller_dag.py
[2022-06-16 20:04:46,200] {processor.py:651} INFO - DAG(s) dict_keys(['example_trigger_controller_dag']) retrieved from /usr/local/lib/python3.10/dist-packages/airflow/example_dags/example_trigger_controller_dag.py
[2022-06-16 20:04:46,217] {logging_mixin.py:115} INFO - [2022-06-16 20:04:46,217] {dag.py:2371} INFO - Sync 1 DAGs
[2022-06-16 20:04:46,236] {logging_mixin.py:115} INFO - [2022-06-16 20:04:46,236] {dag.py:2915} INFO - Setting next_dagrun for example_trigger_controller_dag to None, run_after=None
[2022-06-16 20:04:46,257] {processor.py:161} INFO - Processing /usr/local/lib/python3.10/dist-packages/airflow/example_dags/example_trigger_controller_dag.py took 0.064 seconds
[2022-06-16 20:05:24,392] {processor.py:153} INFO - Started process (PID=6004) to work on /usr/local/lib/python3.10/dist-packages/airflow/example_dags/example_trigger_controller_dag.py
[2022-06-16 20:05:24,393] {processor.py:641} INFO - Processing file /usr/local/lib/python3.10/dist-packages/airflow/example_dags/example_trigger_controller_dag.py for tasks to queue
[2022-06-16 20:05:24,393] {logging_mixin.py:115} INFO - [2022-06-16 20:05:24,393] {dagbag.py:507} INFO - Filling up the DagBag from /usr/local/lib/python3.10/dist-packages/airflow/example_dags/example_trigger_controller_dag.py
[2022-06-16 20:05:24,396] {processor.py:651} INFO - DAG(s) dict_keys(['example_trigger_controller_dag']) retrieved from /usr/local/lib/python3.10/dist-packages/airflow/example_dags/example_trigger_controller_dag.py
[2022-06-16 20:05:24,413] {logging_mixin.py:115} INFO - [2022-06-16 20:05:24,413] {dag.py:2371} INFO - Sync 1 DAGs
[2022-06-16 20:05:24,431] {logging_mixin.py:115} INFO - [2022-06-16 20:05:24,431] {dag.py:2915} INFO - Setting next_dagrun for example_trigger_controller_dag to None, run_after=None
[2022-06-16 20:05:24,449] {processor.py:161} INFO - Processing /usr/local/lib/python3.10/dist-packages/airflow/example_dags/example_trigger_controller_dag.py took 0.060 seconds
[2022-06-16 20:05:58,604] {processor.py:153} INFO - Started process (PID=6084) to work on /usr/local/lib/python3.10/dist-packages/airflow/example_dags/example_trigger_controller_dag.py
[2022-06-16 20:05:58,604] {processor.py:641} INFO - Processing file /usr/local/lib/python3.10/dist-packages/airflow/example_dags/example_trigger_controller_dag.py for tasks to queue
[2022-06-16 20:05:58,605] {logging_mixin.py:115} INFO - [2022-06-16 20:05:58,605] {dagbag.py:507} INFO - Filling up the DagBag from /usr/local/lib/python3.10/dist-packages/airflow/example_dags/example_trigger_controller_dag.py
[2022-06-16 20:05:58,608] {processor.py:651} INFO - DAG(s) dict_keys(['example_trigger_controller_dag']) retrieved from /usr/local/lib/python3.10/dist-packages/airflow/example_dags/example_trigger_controller_dag.py
[2022-06-16 20:05:58,624] {logging_mixin.py:115} INFO - [2022-06-16 20:05:58,624] {dag.py:2371} INFO - Sync 1 DAGs
[2022-06-16 20:05:58,643] {logging_mixin.py:115} INFO - [2022-06-16 20:05:58,643] {dag.py:2915} INFO - Setting next_dagrun for example_trigger_controller_dag to None, run_after=None
[2022-06-16 20:05:58,661] {processor.py:161} INFO - Processing /usr/local/lib/python3.10/dist-packages/airflow/example_dags/example_trigger_controller_dag.py took 0.060 seconds
[2022-06-16 20:06:35,838] {processor.py:153} INFO - Started process (PID=6165) to work on /usr/local/lib/python3.10/dist-packages/airflow/example_dags/example_trigger_controller_dag.py
[2022-06-16 20:06:35,839] {processor.py:641} INFO - Processing file /usr/local/lib/python3.10/dist-packages/airflow/example_dags/example_trigger_controller_dag.py for tasks to queue
[2022-06-16 20:06:35,839] {logging_mixin.py:115} INFO - [2022-06-16 20:06:35,839] {dagbag.py:507} INFO - Filling up the DagBag from /usr/local/lib/python3.10/dist-packages/airflow/example_dags/example_trigger_controller_dag.py
[2022-06-16 20:06:35,842] {processor.py:651} INFO - DAG(s) dict_keys(['example_trigger_controller_dag']) retrieved from /usr/local/lib/python3.10/dist-packages/airflow/example_dags/example_trigger_controller_dag.py
[2022-06-16 20:06:35,858] {logging_mixin.py:115} INFO - [2022-06-16 20:06:35,858] {dag.py:2371} INFO - Sync 1 DAGs
[2022-06-16 20:06:35,877] {logging_mixin.py:115} INFO - [2022-06-16 20:06:35,877] {dag.py:2915} INFO - Setting next_dagrun for example_trigger_controller_dag to None, run_after=None
[2022-06-16 20:06:35,896] {processor.py:161} INFO - Processing /usr/local/lib/python3.10/dist-packages/airflow/example_dags/example_trigger_controller_dag.py took 0.060 seconds
[2022-06-16 20:07:15,331] {processor.py:153} INFO - Started process (PID=6261) to work on /usr/local/lib/python3.10/dist-packages/airflow/example_dags/example_trigger_controller_dag.py
[2022-06-16 20:07:15,332] {processor.py:641} INFO - Processing file /usr/local/lib/python3.10/dist-packages/airflow/example_dags/example_trigger_controller_dag.py for tasks to queue
[2022-06-16 20:07:15,332] {logging_mixin.py:115} INFO - [2022-06-16 20:07:15,332] {dagbag.py:507} INFO - Filling up the DagBag from /usr/local/lib/python3.10/dist-packages/airflow/example_dags/example_trigger_controller_dag.py
[2022-06-16 20:07:15,335] {processor.py:651} INFO - DAG(s) dict_keys(['example_trigger_controller_dag']) retrieved from /usr/local/lib/python3.10/dist-packages/airflow/example_dags/example_trigger_controller_dag.py
[2022-06-16 20:07:15,352] {logging_mixin.py:115} INFO - [2022-06-16 20:07:15,352] {dag.py:2371} INFO - Sync 1 DAGs
[2022-06-16 20:07:15,371] {logging_mixin.py:115} INFO - [2022-06-16 20:07:15,371] {dag.py:2915} INFO - Setting next_dagrun for example_trigger_controller_dag to None, run_after=None
[2022-06-16 20:07:15,443] {processor.py:161} INFO - Processing /usr/local/lib/python3.10/dist-packages/airflow/example_dags/example_trigger_controller_dag.py took 0.114 seconds
[2022-06-16 20:07:50,986] {processor.py:153} INFO - Started process (PID=6343) to work on /usr/local/lib/python3.10/dist-packages/airflow/example_dags/example_trigger_controller_dag.py
[2022-06-16 20:07:50,987] {processor.py:641} INFO - Processing file /usr/local/lib/python3.10/dist-packages/airflow/example_dags/example_trigger_controller_dag.py for tasks to queue
[2022-06-16 20:07:50,988] {logging_mixin.py:115} INFO - [2022-06-16 20:07:50,987] {dagbag.py:507} INFO - Filling up the DagBag from /usr/local/lib/python3.10/dist-packages/airflow/example_dags/example_trigger_controller_dag.py
[2022-06-16 20:07:50,990] {processor.py:651} INFO - DAG(s) dict_keys(['example_trigger_controller_dag']) retrieved from /usr/local/lib/python3.10/dist-packages/airflow/example_dags/example_trigger_controller_dag.py
[2022-06-16 20:07:51,007] {logging_mixin.py:115} INFO - [2022-06-16 20:07:51,007] {dag.py:2371} INFO - Sync 1 DAGs
[2022-06-16 20:07:51,028] {logging_mixin.py:115} INFO - [2022-06-16 20:07:51,027] {dag.py:2915} INFO - Setting next_dagrun for example_trigger_controller_dag to None, run_after=None
[2022-06-16 20:07:51,049] {processor.py:161} INFO - Processing /usr/local/lib/python3.10/dist-packages/airflow/example_dags/example_trigger_controller_dag.py took 0.066 seconds
[2022-06-16 20:08:28,471] {processor.py:153} INFO - Started process (PID=6428) to work on /usr/local/lib/python3.10/dist-packages/airflow/example_dags/example_trigger_controller_dag.py
[2022-06-16 20:08:28,472] {processor.py:641} INFO - Processing file /usr/local/lib/python3.10/dist-packages/airflow/example_dags/example_trigger_controller_dag.py for tasks to queue
[2022-06-16 20:08:28,472] {logging_mixin.py:115} INFO - [2022-06-16 20:08:28,472] {dagbag.py:507} INFO - Filling up the DagBag from /usr/local/lib/python3.10/dist-packages/airflow/example_dags/example_trigger_controller_dag.py
[2022-06-16 20:08:28,475] {processor.py:651} INFO - DAG(s) dict_keys(['example_trigger_controller_dag']) retrieved from /usr/local/lib/python3.10/dist-packages/airflow/example_dags/example_trigger_controller_dag.py
[2022-06-16 20:08:28,492] {logging_mixin.py:115} INFO - [2022-06-16 20:08:28,492] {dag.py:2371} INFO - Sync 1 DAGs
[2022-06-16 20:08:28,510] {logging_mixin.py:115} INFO - [2022-06-16 20:08:28,510] {dag.py:2915} INFO - Setting next_dagrun for example_trigger_controller_dag to None, run_after=None
[2022-06-16 20:08:28,550] {processor.py:161} INFO - Processing /usr/local/lib/python3.10/dist-packages/airflow/example_dags/example_trigger_controller_dag.py took 0.081 seconds
[2022-06-16 20:09:06,089] {processor.py:153} INFO - Started process (PID=6549) to work on /usr/local/lib/python3.10/dist-packages/airflow/example_dags/example_trigger_controller_dag.py
[2022-06-16 20:09:06,090] {processor.py:641} INFO - Processing file /usr/local/lib/python3.10/dist-packages/airflow/example_dags/example_trigger_controller_dag.py for tasks to queue
[2022-06-16 20:09:06,091] {logging_mixin.py:115} INFO - [2022-06-16 20:09:06,090] {dagbag.py:507} INFO - Filling up the DagBag from /usr/local/lib/python3.10/dist-packages/airflow/example_dags/example_trigger_controller_dag.py
[2022-06-16 20:09:06,094] {processor.py:651} INFO - DAG(s) dict_keys(['example_trigger_controller_dag']) retrieved from /usr/local/lib/python3.10/dist-packages/airflow/example_dags/example_trigger_controller_dag.py
[2022-06-16 20:09:06,109] {logging_mixin.py:115} INFO - [2022-06-16 20:09:06,109] {dag.py:2371} INFO - Sync 1 DAGs
[2022-06-16 20:09:06,128] {logging_mixin.py:115} INFO - [2022-06-16 20:09:06,128] {dag.py:2915} INFO - Setting next_dagrun for example_trigger_controller_dag to None, run_after=None
[2022-06-16 20:09:06,145] {processor.py:161} INFO - Processing /usr/local/lib/python3.10/dist-packages/airflow/example_dags/example_trigger_controller_dag.py took 0.059 seconds
[2022-06-16 20:09:44,111] {processor.py:153} INFO - Started process (PID=6617) to work on /usr/local/lib/python3.10/dist-packages/airflow/example_dags/example_trigger_controller_dag.py
[2022-06-16 20:09:44,111] {processor.py:641} INFO - Processing file /usr/local/lib/python3.10/dist-packages/airflow/example_dags/example_trigger_controller_dag.py for tasks to queue
[2022-06-16 20:09:44,112] {logging_mixin.py:115} INFO - [2022-06-16 20:09:44,112] {dagbag.py:507} INFO - Filling up the DagBag from /usr/local/lib/python3.10/dist-packages/airflow/example_dags/example_trigger_controller_dag.py
[2022-06-16 20:09:44,115] {processor.py:651} INFO - DAG(s) dict_keys(['example_trigger_controller_dag']) retrieved from /usr/local/lib/python3.10/dist-packages/airflow/example_dags/example_trigger_controller_dag.py
[2022-06-16 20:09:44,130] {logging_mixin.py:115} INFO - [2022-06-16 20:09:44,130] {dag.py:2371} INFO - Sync 1 DAGs
[2022-06-16 20:09:44,149] {logging_mixin.py:115} INFO - [2022-06-16 20:09:44,149] {dag.py:2915} INFO - Setting next_dagrun for example_trigger_controller_dag to None, run_after=None
[2022-06-16 20:09:44,169] {processor.py:161} INFO - Processing /usr/local/lib/python3.10/dist-packages/airflow/example_dags/example_trigger_controller_dag.py took 0.061 seconds
[2022-06-16 20:10:24,853] {processor.py:153} INFO - Started process (PID=6706) to work on /usr/local/lib/python3.10/dist-packages/airflow/example_dags/example_trigger_controller_dag.py
[2022-06-16 20:10:24,853] {processor.py:641} INFO - Processing file /usr/local/lib/python3.10/dist-packages/airflow/example_dags/example_trigger_controller_dag.py for tasks to queue
[2022-06-16 20:10:24,854] {logging_mixin.py:115} INFO - [2022-06-16 20:10:24,854] {dagbag.py:507} INFO - Filling up the DagBag from /usr/local/lib/python3.10/dist-packages/airflow/example_dags/example_trigger_controller_dag.py
[2022-06-16 20:10:24,857] {processor.py:651} INFO - DAG(s) dict_keys(['example_trigger_controller_dag']) retrieved from /usr/local/lib/python3.10/dist-packages/airflow/example_dags/example_trigger_controller_dag.py
[2022-06-16 20:10:24,873] {logging_mixin.py:115} INFO - [2022-06-16 20:10:24,873] {dag.py:2371} INFO - Sync 1 DAGs
[2022-06-16 20:10:24,892] {logging_mixin.py:115} INFO - [2022-06-16 20:10:24,892] {dag.py:2915} INFO - Setting next_dagrun for example_trigger_controller_dag to None, run_after=None
[2022-06-16 20:10:24,955] {processor.py:161} INFO - Processing /usr/local/lib/python3.10/dist-packages/airflow/example_dags/example_trigger_controller_dag.py took 0.105 seconds
[2022-06-16 20:11:03,860] {processor.py:153} INFO - Started process (PID=6803) to work on /usr/local/lib/python3.10/dist-packages/airflow/example_dags/example_trigger_controller_dag.py
[2022-06-16 20:11:03,861] {processor.py:641} INFO - Processing file /usr/local/lib/python3.10/dist-packages/airflow/example_dags/example_trigger_controller_dag.py for tasks to queue
[2022-06-16 20:11:03,861] {logging_mixin.py:115} INFO - [2022-06-16 20:11:03,861] {dagbag.py:507} INFO - Filling up the DagBag from /usr/local/lib/python3.10/dist-packages/airflow/example_dags/example_trigger_controller_dag.py
[2022-06-16 20:11:03,864] {processor.py:651} INFO - DAG(s) dict_keys(['example_trigger_controller_dag']) retrieved from /usr/local/lib/python3.10/dist-packages/airflow/example_dags/example_trigger_controller_dag.py
[2022-06-16 20:11:03,881] {logging_mixin.py:115} INFO - [2022-06-16 20:11:03,881] {dag.py:2371} INFO - Sync 1 DAGs
[2022-06-16 20:11:03,900] {logging_mixin.py:115} INFO - [2022-06-16 20:11:03,900] {dag.py:2915} INFO - Setting next_dagrun for example_trigger_controller_dag to None, run_after=None
[2022-06-16 20:11:03,974] {processor.py:161} INFO - Processing /usr/local/lib/python3.10/dist-packages/airflow/example_dags/example_trigger_controller_dag.py took 0.116 seconds
[2022-06-16 20:11:41,808] {processor.py:153} INFO - Started process (PID=6892) to work on /usr/local/lib/python3.10/dist-packages/airflow/example_dags/example_trigger_controller_dag.py
[2022-06-16 20:11:41,809] {processor.py:641} INFO - Processing file /usr/local/lib/python3.10/dist-packages/airflow/example_dags/example_trigger_controller_dag.py for tasks to queue
[2022-06-16 20:11:41,809] {logging_mixin.py:115} INFO - [2022-06-16 20:11:41,809] {dagbag.py:507} INFO - Filling up the DagBag from /usr/local/lib/python3.10/dist-packages/airflow/example_dags/example_trigger_controller_dag.py
[2022-06-16 20:11:41,812] {processor.py:651} INFO - DAG(s) dict_keys(['example_trigger_controller_dag']) retrieved from /usr/local/lib/python3.10/dist-packages/airflow/example_dags/example_trigger_controller_dag.py
[2022-06-16 20:11:41,830] {logging_mixin.py:115} INFO - [2022-06-16 20:11:41,830] {dag.py:2371} INFO - Sync 1 DAGs
[2022-06-16 20:11:41,849] {logging_mixin.py:115} INFO - [2022-06-16 20:11:41,849] {dag.py:2915} INFO - Setting next_dagrun for example_trigger_controller_dag to None, run_after=None
[2022-06-16 20:11:41,868] {processor.py:161} INFO - Processing /usr/local/lib/python3.10/dist-packages/airflow/example_dags/example_trigger_controller_dag.py took 0.064 seconds
[2022-06-16 20:12:21,960] {processor.py:153} INFO - Started process (PID=6982) to work on /usr/local/lib/python3.10/dist-packages/airflow/example_dags/example_trigger_controller_dag.py
[2022-06-16 20:12:21,961] {processor.py:641} INFO - Processing file /usr/local/lib/python3.10/dist-packages/airflow/example_dags/example_trigger_controller_dag.py for tasks to queue
[2022-06-16 20:12:21,962] {logging_mixin.py:115} INFO - [2022-06-16 20:12:21,961] {dagbag.py:507} INFO - Filling up the DagBag from /usr/local/lib/python3.10/dist-packages/airflow/example_dags/example_trigger_controller_dag.py
[2022-06-16 20:12:21,964] {processor.py:651} INFO - DAG(s) dict_keys(['example_trigger_controller_dag']) retrieved from /usr/local/lib/python3.10/dist-packages/airflow/example_dags/example_trigger_controller_dag.py
[2022-06-16 20:12:21,981] {logging_mixin.py:115} INFO - [2022-06-16 20:12:21,981] {dag.py:2371} INFO - Sync 1 DAGs
[2022-06-16 20:12:22,002] {logging_mixin.py:115} INFO - [2022-06-16 20:12:22,002] {dag.py:2915} INFO - Setting next_dagrun for example_trigger_controller_dag to None, run_after=None
[2022-06-16 20:12:22,023] {processor.py:161} INFO - Processing /usr/local/lib/python3.10/dist-packages/airflow/example_dags/example_trigger_controller_dag.py took 0.066 seconds
[2022-06-16 20:13:01,584] {processor.py:153} INFO - Started process (PID=7070) to work on /usr/local/lib/python3.10/dist-packages/airflow/example_dags/example_trigger_controller_dag.py
[2022-06-16 20:13:01,585] {processor.py:641} INFO - Processing file /usr/local/lib/python3.10/dist-packages/airflow/example_dags/example_trigger_controller_dag.py for tasks to queue
[2022-06-16 20:13:01,585] {logging_mixin.py:115} INFO - [2022-06-16 20:13:01,585] {dagbag.py:507} INFO - Filling up the DagBag from /usr/local/lib/python3.10/dist-packages/airflow/example_dags/example_trigger_controller_dag.py
[2022-06-16 20:13:01,589] {processor.py:651} INFO - DAG(s) dict_keys(['example_trigger_controller_dag']) retrieved from /usr/local/lib/python3.10/dist-packages/airflow/example_dags/example_trigger_controller_dag.py
[2022-06-16 20:13:01,605] {logging_mixin.py:115} INFO - [2022-06-16 20:13:01,605] {dag.py:2371} INFO - Sync 1 DAGs
[2022-06-16 20:13:01,624] {logging_mixin.py:115} INFO - [2022-06-16 20:13:01,624] {dag.py:2915} INFO - Setting next_dagrun for example_trigger_controller_dag to None, run_after=None
[2022-06-16 20:13:01,642] {processor.py:161} INFO - Processing /usr/local/lib/python3.10/dist-packages/airflow/example_dags/example_trigger_controller_dag.py took 0.061 seconds
[2022-06-16 20:13:40,623] {processor.py:153} INFO - Started process (PID=7172) to work on /usr/local/lib/python3.10/dist-packages/airflow/example_dags/example_trigger_controller_dag.py
[2022-06-16 20:13:40,624] {processor.py:641} INFO - Processing file /usr/local/lib/python3.10/dist-packages/airflow/example_dags/example_trigger_controller_dag.py for tasks to queue
[2022-06-16 20:13:40,625] {logging_mixin.py:115} INFO - [2022-06-16 20:13:40,624] {dagbag.py:507} INFO - Filling up the DagBag from /usr/local/lib/python3.10/dist-packages/airflow/example_dags/example_trigger_controller_dag.py
[2022-06-16 20:13:40,628] {processor.py:651} INFO - DAG(s) dict_keys(['example_trigger_controller_dag']) retrieved from /usr/local/lib/python3.10/dist-packages/airflow/example_dags/example_trigger_controller_dag.py
[2022-06-16 20:13:40,645] {logging_mixin.py:115} INFO - [2022-06-16 20:13:40,645] {dag.py:2371} INFO - Sync 1 DAGs
[2022-06-16 20:13:40,664] {logging_mixin.py:115} INFO - [2022-06-16 20:13:40,663] {dag.py:2915} INFO - Setting next_dagrun for example_trigger_controller_dag to None, run_after=None
[2022-06-16 20:13:40,681] {processor.py:161} INFO - Processing /usr/local/lib/python3.10/dist-packages/airflow/example_dags/example_trigger_controller_dag.py took 0.061 seconds
[2022-06-16 20:14:16,542] {processor.py:153} INFO - Started process (PID=7285) to work on /usr/local/lib/python3.10/dist-packages/airflow/example_dags/example_trigger_controller_dag.py
[2022-06-16 20:14:16,543] {processor.py:641} INFO - Processing file /usr/local/lib/python3.10/dist-packages/airflow/example_dags/example_trigger_controller_dag.py for tasks to queue
[2022-06-16 20:14:16,543] {logging_mixin.py:115} INFO - [2022-06-16 20:14:16,543] {dagbag.py:507} INFO - Filling up the DagBag from /usr/local/lib/python3.10/dist-packages/airflow/example_dags/example_trigger_controller_dag.py
[2022-06-16 20:14:16,546] {processor.py:651} INFO - DAG(s) dict_keys(['example_trigger_controller_dag']) retrieved from /usr/local/lib/python3.10/dist-packages/airflow/example_dags/example_trigger_controller_dag.py
[2022-06-16 20:14:16,562] {logging_mixin.py:115} INFO - [2022-06-16 20:14:16,562] {dag.py:2371} INFO - Sync 1 DAGs
[2022-06-16 20:14:16,582] {logging_mixin.py:115} INFO - [2022-06-16 20:14:16,582] {dag.py:2915} INFO - Setting next_dagrun for example_trigger_controller_dag to None, run_after=None
[2022-06-16 20:14:16,602] {processor.py:161} INFO - Processing /usr/local/lib/python3.10/dist-packages/airflow/example_dags/example_trigger_controller_dag.py took 0.062 seconds
[2022-06-16 20:14:52,748] {processor.py:153} INFO - Started process (PID=7371) to work on /usr/local/lib/python3.10/dist-packages/airflow/example_dags/example_trigger_controller_dag.py
[2022-06-16 20:14:52,749] {processor.py:641} INFO - Processing file /usr/local/lib/python3.10/dist-packages/airflow/example_dags/example_trigger_controller_dag.py for tasks to queue
[2022-06-16 20:14:52,749] {logging_mixin.py:115} INFO - [2022-06-16 20:14:52,749] {dagbag.py:507} INFO - Filling up the DagBag from /usr/local/lib/python3.10/dist-packages/airflow/example_dags/example_trigger_controller_dag.py
[2022-06-16 20:14:52,753] {processor.py:651} INFO - DAG(s) dict_keys(['example_trigger_controller_dag']) retrieved from /usr/local/lib/python3.10/dist-packages/airflow/example_dags/example_trigger_controller_dag.py
[2022-06-16 20:14:52,768] {logging_mixin.py:115} INFO - [2022-06-16 20:14:52,768] {dag.py:2371} INFO - Sync 1 DAGs
[2022-06-16 20:14:52,788] {logging_mixin.py:115} INFO - [2022-06-16 20:14:52,788] {dag.py:2915} INFO - Setting next_dagrun for example_trigger_controller_dag to None, run_after=None
[2022-06-16 20:14:52,807] {processor.py:161} INFO - Processing /usr/local/lib/python3.10/dist-packages/airflow/example_dags/example_trigger_controller_dag.py took 0.061 seconds
[2022-06-16 20:15:33,101] {processor.py:153} INFO - Started process (PID=7468) to work on /usr/local/lib/python3.10/dist-packages/airflow/example_dags/example_trigger_controller_dag.py
[2022-06-16 20:15:33,102] {processor.py:641} INFO - Processing file /usr/local/lib/python3.10/dist-packages/airflow/example_dags/example_trigger_controller_dag.py for tasks to queue
[2022-06-16 20:15:33,102] {logging_mixin.py:115} INFO - [2022-06-16 20:15:33,102] {dagbag.py:507} INFO - Filling up the DagBag from /usr/local/lib/python3.10/dist-packages/airflow/example_dags/example_trigger_controller_dag.py
[2022-06-16 20:15:33,105] {processor.py:651} INFO - DAG(s) dict_keys(['example_trigger_controller_dag']) retrieved from /usr/local/lib/python3.10/dist-packages/airflow/example_dags/example_trigger_controller_dag.py
[2022-06-16 20:15:33,122] {logging_mixin.py:115} INFO - [2022-06-16 20:15:33,122] {dag.py:2371} INFO - Sync 1 DAGs
[2022-06-16 20:15:33,142] {logging_mixin.py:115} INFO - [2022-06-16 20:15:33,142] {dag.py:2915} INFO - Setting next_dagrun for example_trigger_controller_dag to None, run_after=None
[2022-06-16 20:15:33,213] {processor.py:161} INFO - Processing /usr/local/lib/python3.10/dist-packages/airflow/example_dags/example_trigger_controller_dag.py took 0.115 seconds
[2022-06-16 20:16:10,371] {processor.py:153} INFO - Started process (PID=7559) to work on /usr/local/lib/python3.10/dist-packages/airflow/example_dags/example_trigger_controller_dag.py
[2022-06-16 20:16:10,372] {processor.py:641} INFO - Processing file /usr/local/lib/python3.10/dist-packages/airflow/example_dags/example_trigger_controller_dag.py for tasks to queue
[2022-06-16 20:16:10,373] {logging_mixin.py:115} INFO - [2022-06-16 20:16:10,373] {dagbag.py:507} INFO - Filling up the DagBag from /usr/local/lib/python3.10/dist-packages/airflow/example_dags/example_trigger_controller_dag.py
[2022-06-16 20:16:10,376] {processor.py:651} INFO - DAG(s) dict_keys(['example_trigger_controller_dag']) retrieved from /usr/local/lib/python3.10/dist-packages/airflow/example_dags/example_trigger_controller_dag.py
[2022-06-16 20:16:10,393] {logging_mixin.py:115} INFO - [2022-06-16 20:16:10,393] {dag.py:2371} INFO - Sync 1 DAGs
[2022-06-16 20:16:10,411] {logging_mixin.py:115} INFO - [2022-06-16 20:16:10,411] {dag.py:2915} INFO - Setting next_dagrun for example_trigger_controller_dag to None, run_after=None
[2022-06-16 20:16:10,431] {processor.py:161} INFO - Processing /usr/local/lib/python3.10/dist-packages/airflow/example_dags/example_trigger_controller_dag.py took 0.062 seconds
[2022-06-16 20:16:47,339] {processor.py:153} INFO - Started process (PID=7638) to work on /usr/local/lib/python3.10/dist-packages/airflow/example_dags/example_trigger_controller_dag.py
[2022-06-16 20:16:47,340] {processor.py:641} INFO - Processing file /usr/local/lib/python3.10/dist-packages/airflow/example_dags/example_trigger_controller_dag.py for tasks to queue
[2022-06-16 20:16:47,341] {logging_mixin.py:115} INFO - [2022-06-16 20:16:47,340] {dagbag.py:507} INFO - Filling up the DagBag from /usr/local/lib/python3.10/dist-packages/airflow/example_dags/example_trigger_controller_dag.py
[2022-06-16 20:16:47,343] {processor.py:651} INFO - DAG(s) dict_keys(['example_trigger_controller_dag']) retrieved from /usr/local/lib/python3.10/dist-packages/airflow/example_dags/example_trigger_controller_dag.py
[2022-06-16 20:16:47,359] {logging_mixin.py:115} INFO - [2022-06-16 20:16:47,359] {dag.py:2371} INFO - Sync 1 DAGs
[2022-06-16 20:16:47,383] {logging_mixin.py:115} INFO - [2022-06-16 20:16:47,383] {dag.py:2915} INFO - Setting next_dagrun for example_trigger_controller_dag to None, run_after=None
[2022-06-16 20:16:47,402] {processor.py:161} INFO - Processing /usr/local/lib/python3.10/dist-packages/airflow/example_dags/example_trigger_controller_dag.py took 0.065 seconds
[2022-06-16 20:17:27,755] {processor.py:153} INFO - Started process (PID=7736) to work on /usr/local/lib/python3.10/dist-packages/airflow/example_dags/example_trigger_controller_dag.py
[2022-06-16 20:17:27,756] {processor.py:641} INFO - Processing file /usr/local/lib/python3.10/dist-packages/airflow/example_dags/example_trigger_controller_dag.py for tasks to queue
[2022-06-16 20:17:27,756] {logging_mixin.py:115} INFO - [2022-06-16 20:17:27,756] {dagbag.py:507} INFO - Filling up the DagBag from /usr/local/lib/python3.10/dist-packages/airflow/example_dags/example_trigger_controller_dag.py
[2022-06-16 20:17:27,759] {processor.py:651} INFO - DAG(s) dict_keys(['example_trigger_controller_dag']) retrieved from /usr/local/lib/python3.10/dist-packages/airflow/example_dags/example_trigger_controller_dag.py
[2022-06-16 20:17:27,776] {logging_mixin.py:115} INFO - [2022-06-16 20:17:27,776] {dag.py:2371} INFO - Sync 1 DAGs
[2022-06-16 20:17:27,795] {logging_mixin.py:115} INFO - [2022-06-16 20:17:27,794] {dag.py:2915} INFO - Setting next_dagrun for example_trigger_controller_dag to None, run_after=None
[2022-06-16 20:17:27,823] {processor.py:161} INFO - Processing /usr/local/lib/python3.10/dist-packages/airflow/example_dags/example_trigger_controller_dag.py took 0.070 seconds
[2022-06-16 20:18:04,312] {processor.py:153} INFO - Started process (PID=7838) to work on /usr/local/lib/python3.10/dist-packages/airflow/example_dags/example_trigger_controller_dag.py
[2022-06-16 20:18:04,312] {processor.py:641} INFO - Processing file /usr/local/lib/python3.10/dist-packages/airflow/example_dags/example_trigger_controller_dag.py for tasks to queue
[2022-06-16 20:18:04,313] {logging_mixin.py:115} INFO - [2022-06-16 20:18:04,313] {dagbag.py:507} INFO - Filling up the DagBag from /usr/local/lib/python3.10/dist-packages/airflow/example_dags/example_trigger_controller_dag.py
[2022-06-16 20:18:04,317] {processor.py:651} INFO - DAG(s) dict_keys(['example_trigger_controller_dag']) retrieved from /usr/local/lib/python3.10/dist-packages/airflow/example_dags/example_trigger_controller_dag.py
[2022-06-16 20:18:04,343] {logging_mixin.py:115} INFO - [2022-06-16 20:18:04,343] {dag.py:2371} INFO - Sync 1 DAGs
[2022-06-16 20:18:04,378] {logging_mixin.py:115} INFO - [2022-06-16 20:18:04,377] {dag.py:2915} INFO - Setting next_dagrun for example_trigger_controller_dag to None, run_after=None
[2022-06-16 20:18:04,409] {processor.py:161} INFO - Processing /usr/local/lib/python3.10/dist-packages/airflow/example_dags/example_trigger_controller_dag.py took 0.102 seconds
[2022-06-16 20:18:44,835] {processor.py:153} INFO - Started process (PID=7911) to work on /usr/local/lib/python3.10/dist-packages/airflow/example_dags/example_trigger_controller_dag.py
[2022-06-16 20:18:44,835] {processor.py:641} INFO - Processing file /usr/local/lib/python3.10/dist-packages/airflow/example_dags/example_trigger_controller_dag.py for tasks to queue
[2022-06-16 20:18:44,836] {logging_mixin.py:115} INFO - [2022-06-16 20:18:44,836] {dagbag.py:507} INFO - Filling up the DagBag from /usr/local/lib/python3.10/dist-packages/airflow/example_dags/example_trigger_controller_dag.py
[2022-06-16 20:18:44,839] {processor.py:651} INFO - DAG(s) dict_keys(['example_trigger_controller_dag']) retrieved from /usr/local/lib/python3.10/dist-packages/airflow/example_dags/example_trigger_controller_dag.py
[2022-06-16 20:18:44,855] {logging_mixin.py:115} INFO - [2022-06-16 20:18:44,855] {dag.py:2371} INFO - Sync 1 DAGs
[2022-06-16 20:18:44,874] {logging_mixin.py:115} INFO - [2022-06-16 20:18:44,874] {dag.py:2915} INFO - Setting next_dagrun for example_trigger_controller_dag to None, run_after=None
[2022-06-16 20:18:44,892] {processor.py:161} INFO - Processing /usr/local/lib/python3.10/dist-packages/airflow/example_dags/example_trigger_controller_dag.py took 0.060 seconds
[2022-06-16 20:19:24,033] {processor.py:153} INFO - Started process (PID=7968) to work on /usr/local/lib/python3.10/dist-packages/airflow/example_dags/example_trigger_controller_dag.py
[2022-06-16 20:19:24,034] {processor.py:641} INFO - Processing file /usr/local/lib/python3.10/dist-packages/airflow/example_dags/example_trigger_controller_dag.py for tasks to queue
[2022-06-16 20:19:24,035] {logging_mixin.py:115} INFO - [2022-06-16 20:19:24,035] {dagbag.py:507} INFO - Filling up the DagBag from /usr/local/lib/python3.10/dist-packages/airflow/example_dags/example_trigger_controller_dag.py
[2022-06-16 20:19:24,038] {processor.py:651} INFO - DAG(s) dict_keys(['example_trigger_controller_dag']) retrieved from /usr/local/lib/python3.10/dist-packages/airflow/example_dags/example_trigger_controller_dag.py
[2022-06-16 20:19:24,053] {logging_mixin.py:115} INFO - [2022-06-16 20:19:24,053] {dag.py:2371} INFO - Sync 1 DAGs
[2022-06-16 20:19:24,072] {logging_mixin.py:115} INFO - [2022-06-16 20:19:24,072] {dag.py:2915} INFO - Setting next_dagrun for example_trigger_controller_dag to None, run_after=None
[2022-06-16 20:19:24,138] {processor.py:161} INFO - Processing /usr/local/lib/python3.10/dist-packages/airflow/example_dags/example_trigger_controller_dag.py took 0.108 seconds
[2022-06-16 20:20:02,519] {processor.py:153} INFO - Started process (PID=8047) to work on /usr/local/lib/python3.10/dist-packages/airflow/example_dags/example_trigger_controller_dag.py
[2022-06-16 20:20:02,519] {processor.py:641} INFO - Processing file /usr/local/lib/python3.10/dist-packages/airflow/example_dags/example_trigger_controller_dag.py for tasks to queue
[2022-06-16 20:20:02,520] {logging_mixin.py:115} INFO - [2022-06-16 20:20:02,520] {dagbag.py:507} INFO - Filling up the DagBag from /usr/local/lib/python3.10/dist-packages/airflow/example_dags/example_trigger_controller_dag.py
[2022-06-16 20:20:02,523] {processor.py:651} INFO - DAG(s) dict_keys(['example_trigger_controller_dag']) retrieved from /usr/local/lib/python3.10/dist-packages/airflow/example_dags/example_trigger_controller_dag.py
[2022-06-16 20:20:02,539] {logging_mixin.py:115} INFO - [2022-06-16 20:20:02,539] {dag.py:2371} INFO - Sync 1 DAGs
[2022-06-16 20:20:02,558] {logging_mixin.py:115} INFO - [2022-06-16 20:20:02,557] {dag.py:2915} INFO - Setting next_dagrun for example_trigger_controller_dag to None, run_after=None
[2022-06-16 20:20:02,578] {processor.py:161} INFO - Processing /usr/local/lib/python3.10/dist-packages/airflow/example_dags/example_trigger_controller_dag.py took 0.062 seconds
[2022-06-16 20:20:39,298] {processor.py:153} INFO - Started process (PID=8093) to work on /usr/local/lib/python3.10/dist-packages/airflow/example_dags/example_trigger_controller_dag.py
[2022-06-16 20:20:39,299] {processor.py:641} INFO - Processing file /usr/local/lib/python3.10/dist-packages/airflow/example_dags/example_trigger_controller_dag.py for tasks to queue
[2022-06-16 20:20:39,299] {logging_mixin.py:115} INFO - [2022-06-16 20:20:39,299] {dagbag.py:507} INFO - Filling up the DagBag from /usr/local/lib/python3.10/dist-packages/airflow/example_dags/example_trigger_controller_dag.py
[2022-06-16 20:20:39,302] {processor.py:651} INFO - DAG(s) dict_keys(['example_trigger_controller_dag']) retrieved from /usr/local/lib/python3.10/dist-packages/airflow/example_dags/example_trigger_controller_dag.py
[2022-06-16 20:20:39,322] {logging_mixin.py:115} INFO - [2022-06-16 20:20:39,322] {dag.py:2371} INFO - Sync 1 DAGs
[2022-06-16 20:20:39,349] {logging_mixin.py:115} INFO - [2022-06-16 20:20:39,349] {dag.py:2915} INFO - Setting next_dagrun for example_trigger_controller_dag to None, run_after=None
[2022-06-16 20:20:39,370] {processor.py:161} INFO - Processing /usr/local/lib/python3.10/dist-packages/airflow/example_dags/example_trigger_controller_dag.py took 0.075 seconds
[2022-06-16 20:21:18,755] {processor.py:153} INFO - Started process (PID=8141) to work on /usr/local/lib/python3.10/dist-packages/airflow/example_dags/example_trigger_controller_dag.py
[2022-06-16 20:21:18,755] {processor.py:641} INFO - Processing file /usr/local/lib/python3.10/dist-packages/airflow/example_dags/example_trigger_controller_dag.py for tasks to queue
[2022-06-16 20:21:18,756] {logging_mixin.py:115} INFO - [2022-06-16 20:21:18,756] {dagbag.py:507} INFO - Filling up the DagBag from /usr/local/lib/python3.10/dist-packages/airflow/example_dags/example_trigger_controller_dag.py
[2022-06-16 20:21:18,759] {processor.py:651} INFO - DAG(s) dict_keys(['example_trigger_controller_dag']) retrieved from /usr/local/lib/python3.10/dist-packages/airflow/example_dags/example_trigger_controller_dag.py
[2022-06-16 20:21:18,775] {logging_mixin.py:115} INFO - [2022-06-16 20:21:18,775] {dag.py:2371} INFO - Sync 1 DAGs
[2022-06-16 20:21:18,793] {logging_mixin.py:115} INFO - [2022-06-16 20:21:18,793] {dag.py:2915} INFO - Setting next_dagrun for example_trigger_controller_dag to None, run_after=None
[2022-06-16 20:21:18,848] {processor.py:161} INFO - Processing /usr/local/lib/python3.10/dist-packages/airflow/example_dags/example_trigger_controller_dag.py took 0.096 seconds
[2022-06-16 20:21:56,462] {processor.py:153} INFO - Started process (PID=8180) to work on /usr/local/lib/python3.10/dist-packages/airflow/example_dags/example_trigger_controller_dag.py
[2022-06-16 20:21:56,463] {processor.py:641} INFO - Processing file /usr/local/lib/python3.10/dist-packages/airflow/example_dags/example_trigger_controller_dag.py for tasks to queue
[2022-06-16 20:21:56,463] {logging_mixin.py:115} INFO - [2022-06-16 20:21:56,463] {dagbag.py:507} INFO - Filling up the DagBag from /usr/local/lib/python3.10/dist-packages/airflow/example_dags/example_trigger_controller_dag.py
[2022-06-16 20:21:56,466] {processor.py:651} INFO - DAG(s) dict_keys(['example_trigger_controller_dag']) retrieved from /usr/local/lib/python3.10/dist-packages/airflow/example_dags/example_trigger_controller_dag.py
[2022-06-16 20:21:56,483] {logging_mixin.py:115} INFO - [2022-06-16 20:21:56,483] {dag.py:2371} INFO - Sync 1 DAGs
[2022-06-16 20:21:56,503] {logging_mixin.py:115} INFO - [2022-06-16 20:21:56,503] {dag.py:2915} INFO - Setting next_dagrun for example_trigger_controller_dag to None, run_after=None
[2022-06-16 20:21:56,553] {processor.py:161} INFO - Processing /usr/local/lib/python3.10/dist-packages/airflow/example_dags/example_trigger_controller_dag.py took 0.094 seconds
[2022-06-16 20:22:34,817] {processor.py:153} INFO - Started process (PID=8225) to work on /usr/local/lib/python3.10/dist-packages/airflow/example_dags/example_trigger_controller_dag.py
[2022-06-16 20:22:34,819] {processor.py:641} INFO - Processing file /usr/local/lib/python3.10/dist-packages/airflow/example_dags/example_trigger_controller_dag.py for tasks to queue
[2022-06-16 20:22:34,819] {logging_mixin.py:115} INFO - [2022-06-16 20:22:34,819] {dagbag.py:507} INFO - Filling up the DagBag from /usr/local/lib/python3.10/dist-packages/airflow/example_dags/example_trigger_controller_dag.py
[2022-06-16 20:22:34,822] {processor.py:651} INFO - DAG(s) dict_keys(['example_trigger_controller_dag']) retrieved from /usr/local/lib/python3.10/dist-packages/airflow/example_dags/example_trigger_controller_dag.py
[2022-06-16 20:22:34,839] {logging_mixin.py:115} INFO - [2022-06-16 20:22:34,839] {dag.py:2371} INFO - Sync 1 DAGs
[2022-06-16 20:22:34,858] {logging_mixin.py:115} INFO - [2022-06-16 20:22:34,858] {dag.py:2915} INFO - Setting next_dagrun for example_trigger_controller_dag to None, run_after=None
[2022-06-16 20:22:34,930] {processor.py:161} INFO - Processing /usr/local/lib/python3.10/dist-packages/airflow/example_dags/example_trigger_controller_dag.py took 0.116 seconds
[2022-06-16 20:23:11,930] {processor.py:153} INFO - Started process (PID=8287) to work on /usr/local/lib/python3.10/dist-packages/airflow/example_dags/example_trigger_controller_dag.py
[2022-06-16 20:23:11,931] {processor.py:641} INFO - Processing file /usr/local/lib/python3.10/dist-packages/airflow/example_dags/example_trigger_controller_dag.py for tasks to queue
[2022-06-16 20:23:11,931] {logging_mixin.py:115} INFO - [2022-06-16 20:23:11,931] {dagbag.py:507} INFO - Filling up the DagBag from /usr/local/lib/python3.10/dist-packages/airflow/example_dags/example_trigger_controller_dag.py
[2022-06-16 20:23:11,934] {processor.py:651} INFO - DAG(s) dict_keys(['example_trigger_controller_dag']) retrieved from /usr/local/lib/python3.10/dist-packages/airflow/example_dags/example_trigger_controller_dag.py
[2022-06-16 20:23:11,950] {logging_mixin.py:115} INFO - [2022-06-16 20:23:11,950] {dag.py:2371} INFO - Sync 1 DAGs
[2022-06-16 20:23:11,970] {logging_mixin.py:115} INFO - [2022-06-16 20:23:11,970] {dag.py:2915} INFO - Setting next_dagrun for example_trigger_controller_dag to None, run_after=None
[2022-06-16 20:23:11,989] {processor.py:161} INFO - Processing /usr/local/lib/python3.10/dist-packages/airflow/example_dags/example_trigger_controller_dag.py took 0.062 seconds
[2022-06-16 20:23:49,386] {processor.py:153} INFO - Started process (PID=8354) to work on /usr/local/lib/python3.10/dist-packages/airflow/example_dags/example_trigger_controller_dag.py
[2022-06-16 20:23:49,387] {processor.py:641} INFO - Processing file /usr/local/lib/python3.10/dist-packages/airflow/example_dags/example_trigger_controller_dag.py for tasks to queue
[2022-06-16 20:23:49,388] {logging_mixin.py:115} INFO - [2022-06-16 20:23:49,387] {dagbag.py:507} INFO - Filling up the DagBag from /usr/local/lib/python3.10/dist-packages/airflow/example_dags/example_trigger_controller_dag.py
[2022-06-16 20:23:49,392] {processor.py:651} INFO - DAG(s) dict_keys(['example_trigger_controller_dag']) retrieved from /usr/local/lib/python3.10/dist-packages/airflow/example_dags/example_trigger_controller_dag.py
[2022-06-16 20:23:49,414] {logging_mixin.py:115} INFO - [2022-06-16 20:23:49,414] {dag.py:2371} INFO - Sync 1 DAGs
[2022-06-16 20:23:49,434] {logging_mixin.py:115} INFO - [2022-06-16 20:23:49,433] {dag.py:2915} INFO - Setting next_dagrun for example_trigger_controller_dag to None, run_after=None
[2022-06-16 20:23:49,457] {processor.py:161} INFO - Processing /usr/local/lib/python3.10/dist-packages/airflow/example_dags/example_trigger_controller_dag.py took 0.077 seconds
[2022-06-16 20:24:28,878] {processor.py:153} INFO - Started process (PID=8406) to work on /usr/local/lib/python3.10/dist-packages/airflow/example_dags/example_trigger_controller_dag.py
[2022-06-16 20:24:28,879] {processor.py:641} INFO - Processing file /usr/local/lib/python3.10/dist-packages/airflow/example_dags/example_trigger_controller_dag.py for tasks to queue
[2022-06-16 20:24:28,879] {logging_mixin.py:115} INFO - [2022-06-16 20:24:28,879] {dagbag.py:507} INFO - Filling up the DagBag from /usr/local/lib/python3.10/dist-packages/airflow/example_dags/example_trigger_controller_dag.py
[2022-06-16 20:24:28,884] {processor.py:651} INFO - DAG(s) dict_keys(['example_trigger_controller_dag']) retrieved from /usr/local/lib/python3.10/dist-packages/airflow/example_dags/example_trigger_controller_dag.py
[2022-06-16 20:24:28,904] {logging_mixin.py:115} INFO - [2022-06-16 20:24:28,903] {dag.py:2371} INFO - Sync 1 DAGs
[2022-06-16 20:24:28,926] {logging_mixin.py:115} INFO - [2022-06-16 20:24:28,926] {dag.py:2915} INFO - Setting next_dagrun for example_trigger_controller_dag to None, run_after=None
[2022-06-16 20:24:28,944] {processor.py:161} INFO - Processing /usr/local/lib/python3.10/dist-packages/airflow/example_dags/example_trigger_controller_dag.py took 0.070 seconds
[2022-06-16 20:25:08,137] {processor.py:153} INFO - Started process (PID=8470) to work on /usr/local/lib/python3.10/dist-packages/airflow/example_dags/example_trigger_controller_dag.py
[2022-06-16 20:25:08,138] {processor.py:641} INFO - Processing file /usr/local/lib/python3.10/dist-packages/airflow/example_dags/example_trigger_controller_dag.py for tasks to queue
[2022-06-16 20:25:08,138] {logging_mixin.py:115} INFO - [2022-06-16 20:25:08,138] {dagbag.py:507} INFO - Filling up the DagBag from /usr/local/lib/python3.10/dist-packages/airflow/example_dags/example_trigger_controller_dag.py
[2022-06-16 20:25:08,141] {processor.py:651} INFO - DAG(s) dict_keys(['example_trigger_controller_dag']) retrieved from /usr/local/lib/python3.10/dist-packages/airflow/example_dags/example_trigger_controller_dag.py
[2022-06-16 20:25:08,158] {logging_mixin.py:115} INFO - [2022-06-16 20:25:08,158] {dag.py:2371} INFO - Sync 1 DAGs
[2022-06-16 20:25:08,179] {logging_mixin.py:115} INFO - [2022-06-16 20:25:08,179] {dag.py:2915} INFO - Setting next_dagrun for example_trigger_controller_dag to None, run_after=None
[2022-06-16 20:25:08,206] {processor.py:161} INFO - Processing /usr/local/lib/python3.10/dist-packages/airflow/example_dags/example_trigger_controller_dag.py took 0.071 seconds
[2022-06-16 20:25:47,015] {processor.py:153} INFO - Started process (PID=8515) to work on /usr/local/lib/python3.10/dist-packages/airflow/example_dags/example_trigger_controller_dag.py
[2022-06-16 20:25:47,016] {processor.py:641} INFO - Processing file /usr/local/lib/python3.10/dist-packages/airflow/example_dags/example_trigger_controller_dag.py for tasks to queue
[2022-06-16 20:25:47,017] {logging_mixin.py:115} INFO - [2022-06-16 20:25:47,017] {dagbag.py:507} INFO - Filling up the DagBag from /usr/local/lib/python3.10/dist-packages/airflow/example_dags/example_trigger_controller_dag.py
[2022-06-16 20:25:47,020] {processor.py:651} INFO - DAG(s) dict_keys(['example_trigger_controller_dag']) retrieved from /usr/local/lib/python3.10/dist-packages/airflow/example_dags/example_trigger_controller_dag.py
[2022-06-16 20:25:47,036] {logging_mixin.py:115} INFO - [2022-06-16 20:25:47,036] {dag.py:2371} INFO - Sync 1 DAGs
[2022-06-16 20:25:47,056] {logging_mixin.py:115} INFO - [2022-06-16 20:25:47,055] {dag.py:2915} INFO - Setting next_dagrun for example_trigger_controller_dag to None, run_after=None
[2022-06-16 20:25:47,099] {processor.py:161} INFO - Processing /usr/local/lib/python3.10/dist-packages/airflow/example_dags/example_trigger_controller_dag.py took 0.086 seconds
[2022-06-16 20:26:20,931] {processor.py:153} INFO - Started process (PID=8554) to work on /usr/local/lib/python3.10/dist-packages/airflow/example_dags/example_trigger_controller_dag.py
[2022-06-16 20:26:20,932] {processor.py:641} INFO - Processing file /usr/local/lib/python3.10/dist-packages/airflow/example_dags/example_trigger_controller_dag.py for tasks to queue
[2022-06-16 20:26:20,932] {logging_mixin.py:115} INFO - [2022-06-16 20:26:20,932] {dagbag.py:507} INFO - Filling up the DagBag from /usr/local/lib/python3.10/dist-packages/airflow/example_dags/example_trigger_controller_dag.py
[2022-06-16 20:26:20,935] {processor.py:651} INFO - DAG(s) dict_keys(['example_trigger_controller_dag']) retrieved from /usr/local/lib/python3.10/dist-packages/airflow/example_dags/example_trigger_controller_dag.py
[2022-06-16 20:26:20,952] {logging_mixin.py:115} INFO - [2022-06-16 20:26:20,951] {dag.py:2371} INFO - Sync 1 DAGs
[2022-06-16 20:26:20,972] {logging_mixin.py:115} INFO - [2022-06-16 20:26:20,972] {dag.py:2915} INFO - Setting next_dagrun for example_trigger_controller_dag to None, run_after=None
[2022-06-16 20:26:21,005] {processor.py:161} INFO - Processing /usr/local/lib/python3.10/dist-packages/airflow/example_dags/example_trigger_controller_dag.py took 0.077 seconds
