[2022-06-16 19:59:45,424] {processor.py:153} INFO - Started process (PID=5083) to work on /usr/local/lib/python3.10/dist-packages/airflow/example_dags/example_kubernetes_executor.py
[2022-06-16 19:59:45,425] {processor.py:641} INFO - Processing file /usr/local/lib/python3.10/dist-packages/airflow/example_dags/example_kubernetes_executor.py for tasks to queue
[2022-06-16 19:59:45,426] {logging_mixin.py:115} INFO - [2022-06-16 19:59:45,426] {dagbag.py:507} INFO - Filling up the DagBag from /usr/local/lib/python3.10/dist-packages/airflow/example_dags/example_kubernetes_executor.py
[2022-06-16 19:59:45,454] {logging_mixin.py:115} INFO - [2022-06-16 19:59:45,453] {example_kubernetes_executor.py:39} WARNING - The example_kubernetes_executor example DAG requires the kubernetes provider. Please install it with: pip install apache-airflow[cncf.kubernetes]
[2022-06-16 19:59:45,454] {processor.py:653} WARNING - No viable dags retrieved from /usr/local/lib/python3.10/dist-packages/airflow/example_dags/example_kubernetes_executor.py
[2022-06-16 19:59:45,470] {processor.py:161} INFO - Processing /usr/local/lib/python3.10/dist-packages/airflow/example_dags/example_kubernetes_executor.py took 0.050 seconds
[2022-06-16 20:00:25,181] {processor.py:153} INFO - Started process (PID=5209) to work on /usr/local/lib/python3.10/dist-packages/airflow/example_dags/example_kubernetes_executor.py
[2022-06-16 20:00:25,182] {processor.py:641} INFO - Processing file /usr/local/lib/python3.10/dist-packages/airflow/example_dags/example_kubernetes_executor.py for tasks to queue
[2022-06-16 20:00:25,182] {logging_mixin.py:115} INFO - [2022-06-16 20:00:25,182] {dagbag.py:507} INFO - Filling up the DagBag from /usr/local/lib/python3.10/dist-packages/airflow/example_dags/example_kubernetes_executor.py
[2022-06-16 20:00:25,198] {logging_mixin.py:115} INFO - [2022-06-16 20:00:25,198] {example_kubernetes_executor.py:39} WARNING - The example_kubernetes_executor example DAG requires the kubernetes provider. Please install it with: pip install apache-airflow[cncf.kubernetes]
[2022-06-16 20:00:25,198] {processor.py:653} WARNING - No viable dags retrieved from /usr/local/lib/python3.10/dist-packages/airflow/example_dags/example_kubernetes_executor.py
[2022-06-16 20:00:25,208] {processor.py:161} INFO - Processing /usr/local/lib/python3.10/dist-packages/airflow/example_dags/example_kubernetes_executor.py took 0.030 seconds
[2022-06-16 20:01:04,638] {processor.py:153} INFO - Started process (PID=5293) to work on /usr/local/lib/python3.10/dist-packages/airflow/example_dags/example_kubernetes_executor.py
[2022-06-16 20:01:04,667] {processor.py:641} INFO - Processing file /usr/local/lib/python3.10/dist-packages/airflow/example_dags/example_kubernetes_executor.py for tasks to queue
[2022-06-16 20:01:04,668] {logging_mixin.py:115} INFO - [2022-06-16 20:01:04,668] {dagbag.py:507} INFO - Filling up the DagBag from /usr/local/lib/python3.10/dist-packages/airflow/example_dags/example_kubernetes_executor.py
[2022-06-16 20:01:04,692] {logging_mixin.py:115} INFO - [2022-06-16 20:01:04,692] {example_kubernetes_executor.py:39} WARNING - The example_kubernetes_executor example DAG requires the kubernetes provider. Please install it with: pip install apache-airflow[cncf.kubernetes]
[2022-06-16 20:01:04,693] {processor.py:653} WARNING - No viable dags retrieved from /usr/local/lib/python3.10/dist-packages/airflow/example_dags/example_kubernetes_executor.py
[2022-06-16 20:01:04,707] {processor.py:161} INFO - Processing /usr/local/lib/python3.10/dist-packages/airflow/example_dags/example_kubernetes_executor.py took 0.076 seconds
[2022-06-16 20:01:46,640] {processor.py:153} INFO - Started process (PID=5464) to work on /usr/local/lib/python3.10/dist-packages/airflow/example_dags/example_kubernetes_executor.py
[2022-06-16 20:01:46,705] {processor.py:641} INFO - Processing file /usr/local/lib/python3.10/dist-packages/airflow/example_dags/example_kubernetes_executor.py for tasks to queue
[2022-06-16 20:01:46,706] {logging_mixin.py:115} INFO - [2022-06-16 20:01:46,706] {dagbag.py:507} INFO - Filling up the DagBag from /usr/local/lib/python3.10/dist-packages/airflow/example_dags/example_kubernetes_executor.py
[2022-06-16 20:01:46,730] {logging_mixin.py:115} INFO - [2022-06-16 20:01:46,730] {example_kubernetes_executor.py:39} WARNING - The example_kubernetes_executor example DAG requires the kubernetes provider. Please install it with: pip install apache-airflow[cncf.kubernetes]
[2022-06-16 20:01:46,730] {processor.py:653} WARNING - No viable dags retrieved from /usr/local/lib/python3.10/dist-packages/airflow/example_dags/example_kubernetes_executor.py
[2022-06-16 20:01:46,741] {processor.py:161} INFO - Processing /usr/local/lib/python3.10/dist-packages/airflow/example_dags/example_kubernetes_executor.py took 0.104 seconds
[2022-06-16 20:02:26,304] {processor.py:153} INFO - Started process (PID=5557) to work on /usr/local/lib/python3.10/dist-packages/airflow/example_dags/example_kubernetes_executor.py
[2022-06-16 20:02:26,305] {processor.py:641} INFO - Processing file /usr/local/lib/python3.10/dist-packages/airflow/example_dags/example_kubernetes_executor.py for tasks to queue
[2022-06-16 20:02:26,305] {logging_mixin.py:115} INFO - [2022-06-16 20:02:26,305] {dagbag.py:507} INFO - Filling up the DagBag from /usr/local/lib/python3.10/dist-packages/airflow/example_dags/example_kubernetes_executor.py
[2022-06-16 20:02:26,321] {logging_mixin.py:115} INFO - [2022-06-16 20:02:26,321] {example_kubernetes_executor.py:39} WARNING - The example_kubernetes_executor example DAG requires the kubernetes provider. Please install it with: pip install apache-airflow[cncf.kubernetes]
[2022-06-16 20:02:26,321] {processor.py:653} WARNING - No viable dags retrieved from /usr/local/lib/python3.10/dist-packages/airflow/example_dags/example_kubernetes_executor.py
[2022-06-16 20:02:26,331] {processor.py:161} INFO - Processing /usr/local/lib/python3.10/dist-packages/airflow/example_dags/example_kubernetes_executor.py took 0.030 seconds
[2022-06-16 20:03:04,887] {processor.py:153} INFO - Started process (PID=5647) to work on /usr/local/lib/python3.10/dist-packages/airflow/example_dags/example_kubernetes_executor.py
[2022-06-16 20:03:04,888] {processor.py:641} INFO - Processing file /usr/local/lib/python3.10/dist-packages/airflow/example_dags/example_kubernetes_executor.py for tasks to queue
[2022-06-16 20:03:04,888] {logging_mixin.py:115} INFO - [2022-06-16 20:03:04,888] {dagbag.py:507} INFO - Filling up the DagBag from /usr/local/lib/python3.10/dist-packages/airflow/example_dags/example_kubernetes_executor.py
[2022-06-16 20:03:04,905] {logging_mixin.py:115} INFO - [2022-06-16 20:03:04,905] {example_kubernetes_executor.py:39} WARNING - The example_kubernetes_executor example DAG requires the kubernetes provider. Please install it with: pip install apache-airflow[cncf.kubernetes]
[2022-06-16 20:03:04,905] {processor.py:653} WARNING - No viable dags retrieved from /usr/local/lib/python3.10/dist-packages/airflow/example_dags/example_kubernetes_executor.py
[2022-06-16 20:03:04,916] {processor.py:161} INFO - Processing /usr/local/lib/python3.10/dist-packages/airflow/example_dags/example_kubernetes_executor.py took 0.031 seconds
[2022-06-16 20:03:46,598] {processor.py:153} INFO - Started process (PID=5777) to work on /usr/local/lib/python3.10/dist-packages/airflow/example_dags/example_kubernetes_executor.py
[2022-06-16 20:03:46,599] {processor.py:641} INFO - Processing file /usr/local/lib/python3.10/dist-packages/airflow/example_dags/example_kubernetes_executor.py for tasks to queue
[2022-06-16 20:03:46,599] {logging_mixin.py:115} INFO - [2022-06-16 20:03:46,599] {dagbag.py:507} INFO - Filling up the DagBag from /usr/local/lib/python3.10/dist-packages/airflow/example_dags/example_kubernetes_executor.py
[2022-06-16 20:03:46,621] {logging_mixin.py:115} INFO - [2022-06-16 20:03:46,620] {example_kubernetes_executor.py:39} WARNING - The example_kubernetes_executor example DAG requires the kubernetes provider. Please install it with: pip install apache-airflow[cncf.kubernetes]
[2022-06-16 20:03:46,621] {processor.py:653} WARNING - No viable dags retrieved from /usr/local/lib/python3.10/dist-packages/airflow/example_dags/example_kubernetes_executor.py
[2022-06-16 20:03:46,633] {processor.py:161} INFO - Processing /usr/local/lib/python3.10/dist-packages/airflow/example_dags/example_kubernetes_executor.py took 0.037 seconds
[2022-06-16 20:04:29,143] {processor.py:153} INFO - Started process (PID=5873) to work on /usr/local/lib/python3.10/dist-packages/airflow/example_dags/example_kubernetes_executor.py
[2022-06-16 20:04:29,143] {processor.py:641} INFO - Processing file /usr/local/lib/python3.10/dist-packages/airflow/example_dags/example_kubernetes_executor.py for tasks to queue
[2022-06-16 20:04:29,144] {logging_mixin.py:115} INFO - [2022-06-16 20:04:29,144] {dagbag.py:507} INFO - Filling up the DagBag from /usr/local/lib/python3.10/dist-packages/airflow/example_dags/example_kubernetes_executor.py
[2022-06-16 20:04:29,159] {logging_mixin.py:115} INFO - [2022-06-16 20:04:29,159] {example_kubernetes_executor.py:39} WARNING - The example_kubernetes_executor example DAG requires the kubernetes provider. Please install it with: pip install apache-airflow[cncf.kubernetes]
[2022-06-16 20:04:29,159] {processor.py:653} WARNING - No viable dags retrieved from /usr/local/lib/python3.10/dist-packages/airflow/example_dags/example_kubernetes_executor.py
[2022-06-16 20:04:29,170] {processor.py:161} INFO - Processing /usr/local/lib/python3.10/dist-packages/airflow/example_dags/example_kubernetes_executor.py took 0.030 seconds
[2022-06-16 20:05:09,961] {processor.py:153} INFO - Started process (PID=5970) to work on /usr/local/lib/python3.10/dist-packages/airflow/example_dags/example_kubernetes_executor.py
[2022-06-16 20:05:09,962] {processor.py:641} INFO - Processing file /usr/local/lib/python3.10/dist-packages/airflow/example_dags/example_kubernetes_executor.py for tasks to queue
[2022-06-16 20:05:09,963] {logging_mixin.py:115} INFO - [2022-06-16 20:05:09,962] {dagbag.py:507} INFO - Filling up the DagBag from /usr/local/lib/python3.10/dist-packages/airflow/example_dags/example_kubernetes_executor.py
[2022-06-16 20:05:09,977] {logging_mixin.py:115} INFO - [2022-06-16 20:05:09,977] {example_kubernetes_executor.py:39} WARNING - The example_kubernetes_executor example DAG requires the kubernetes provider. Please install it with: pip install apache-airflow[cncf.kubernetes]
[2022-06-16 20:05:09,977] {processor.py:653} WARNING - No viable dags retrieved from /usr/local/lib/python3.10/dist-packages/airflow/example_dags/example_kubernetes_executor.py
[2022-06-16 20:05:09,988] {processor.py:161} INFO - Processing /usr/local/lib/python3.10/dist-packages/airflow/example_dags/example_kubernetes_executor.py took 0.029 seconds
[2022-06-16 20:05:50,284] {processor.py:153} INFO - Started process (PID=6062) to work on /usr/local/lib/python3.10/dist-packages/airflow/example_dags/example_kubernetes_executor.py
[2022-06-16 20:05:50,285] {processor.py:641} INFO - Processing file /usr/local/lib/python3.10/dist-packages/airflow/example_dags/example_kubernetes_executor.py for tasks to queue
[2022-06-16 20:05:50,286] {logging_mixin.py:115} INFO - [2022-06-16 20:05:50,285] {dagbag.py:507} INFO - Filling up the DagBag from /usr/local/lib/python3.10/dist-packages/airflow/example_dags/example_kubernetes_executor.py
[2022-06-16 20:05:50,300] {logging_mixin.py:115} INFO - [2022-06-16 20:05:50,300] {example_kubernetes_executor.py:39} WARNING - The example_kubernetes_executor example DAG requires the kubernetes provider. Please install it with: pip install apache-airflow[cncf.kubernetes]
[2022-06-16 20:05:50,301] {processor.py:653} WARNING - No viable dags retrieved from /usr/local/lib/python3.10/dist-packages/airflow/example_dags/example_kubernetes_executor.py
[2022-06-16 20:05:50,311] {processor.py:161} INFO - Processing /usr/local/lib/python3.10/dist-packages/airflow/example_dags/example_kubernetes_executor.py took 0.029 seconds
[2022-06-16 20:06:27,173] {processor.py:153} INFO - Started process (PID=6144) to work on /usr/local/lib/python3.10/dist-packages/airflow/example_dags/example_kubernetes_executor.py
[2022-06-16 20:06:27,174] {processor.py:641} INFO - Processing file /usr/local/lib/python3.10/dist-packages/airflow/example_dags/example_kubernetes_executor.py for tasks to queue
[2022-06-16 20:06:27,174] {logging_mixin.py:115} INFO - [2022-06-16 20:06:27,174] {dagbag.py:507} INFO - Filling up the DagBag from /usr/local/lib/python3.10/dist-packages/airflow/example_dags/example_kubernetes_executor.py
[2022-06-16 20:06:27,189] {logging_mixin.py:115} INFO - [2022-06-16 20:06:27,189] {example_kubernetes_executor.py:39} WARNING - The example_kubernetes_executor example DAG requires the kubernetes provider. Please install it with: pip install apache-airflow[cncf.kubernetes]
[2022-06-16 20:06:27,189] {processor.py:653} WARNING - No viable dags retrieved from /usr/local/lib/python3.10/dist-packages/airflow/example_dags/example_kubernetes_executor.py
[2022-06-16 20:06:27,199] {processor.py:161} INFO - Processing /usr/local/lib/python3.10/dist-packages/airflow/example_dags/example_kubernetes_executor.py took 0.029 seconds
[2022-06-16 20:07:07,404] {processor.py:153} INFO - Started process (PID=6238) to work on /usr/local/lib/python3.10/dist-packages/airflow/example_dags/example_kubernetes_executor.py
[2022-06-16 20:07:07,405] {processor.py:641} INFO - Processing file /usr/local/lib/python3.10/dist-packages/airflow/example_dags/example_kubernetes_executor.py for tasks to queue
[2022-06-16 20:07:07,406] {logging_mixin.py:115} INFO - [2022-06-16 20:07:07,405] {dagbag.py:507} INFO - Filling up the DagBag from /usr/local/lib/python3.10/dist-packages/airflow/example_dags/example_kubernetes_executor.py
[2022-06-16 20:07:07,421] {logging_mixin.py:115} INFO - [2022-06-16 20:07:07,421] {example_kubernetes_executor.py:39} WARNING - The example_kubernetes_executor example DAG requires the kubernetes provider. Please install it with: pip install apache-airflow[cncf.kubernetes]
[2022-06-16 20:07:07,422] {processor.py:653} WARNING - No viable dags retrieved from /usr/local/lib/python3.10/dist-packages/airflow/example_dags/example_kubernetes_executor.py
[2022-06-16 20:07:07,432] {processor.py:161} INFO - Processing /usr/local/lib/python3.10/dist-packages/airflow/example_dags/example_kubernetes_executor.py took 0.031 seconds
[2022-06-16 20:07:44,636] {processor.py:153} INFO - Started process (PID=6330) to work on /usr/local/lib/python3.10/dist-packages/airflow/example_dags/example_kubernetes_executor.py
[2022-06-16 20:07:44,637] {processor.py:641} INFO - Processing file /usr/local/lib/python3.10/dist-packages/airflow/example_dags/example_kubernetes_executor.py for tasks to queue
[2022-06-16 20:07:44,637] {logging_mixin.py:115} INFO - [2022-06-16 20:07:44,637] {dagbag.py:507} INFO - Filling up the DagBag from /usr/local/lib/python3.10/dist-packages/airflow/example_dags/example_kubernetes_executor.py
[2022-06-16 20:07:44,653] {logging_mixin.py:115} INFO - [2022-06-16 20:07:44,653] {example_kubernetes_executor.py:39} WARNING - The example_kubernetes_executor example DAG requires the kubernetes provider. Please install it with: pip install apache-airflow[cncf.kubernetes]
[2022-06-16 20:07:44,653] {processor.py:653} WARNING - No viable dags retrieved from /usr/local/lib/python3.10/dist-packages/airflow/example_dags/example_kubernetes_executor.py
[2022-06-16 20:07:44,663] {processor.py:161} INFO - Processing /usr/local/lib/python3.10/dist-packages/airflow/example_dags/example_kubernetes_executor.py took 0.030 seconds
[2022-06-16 20:08:28,869] {processor.py:153} INFO - Started process (PID=6435) to work on /usr/local/lib/python3.10/dist-packages/airflow/example_dags/example_kubernetes_executor.py
[2022-06-16 20:08:28,870] {processor.py:641} INFO - Processing file /usr/local/lib/python3.10/dist-packages/airflow/example_dags/example_kubernetes_executor.py for tasks to queue
[2022-06-16 20:08:28,871] {logging_mixin.py:115} INFO - [2022-06-16 20:08:28,870] {dagbag.py:507} INFO - Filling up the DagBag from /usr/local/lib/python3.10/dist-packages/airflow/example_dags/example_kubernetes_executor.py
[2022-06-16 20:08:28,893] {logging_mixin.py:115} INFO - [2022-06-16 20:08:28,892] {example_kubernetes_executor.py:39} WARNING - The example_kubernetes_executor example DAG requires the kubernetes provider. Please install it with: pip install apache-airflow[cncf.kubernetes]
[2022-06-16 20:08:28,893] {processor.py:653} WARNING - No viable dags retrieved from /usr/local/lib/python3.10/dist-packages/airflow/example_dags/example_kubernetes_executor.py
[2022-06-16 20:08:28,907] {processor.py:161} INFO - Processing /usr/local/lib/python3.10/dist-packages/airflow/example_dags/example_kubernetes_executor.py took 0.042 seconds
[2022-06-16 20:09:07,223] {processor.py:153} INFO - Started process (PID=6550) to work on /usr/local/lib/python3.10/dist-packages/airflow/example_dags/example_kubernetes_executor.py
[2022-06-16 20:09:07,223] {processor.py:641} INFO - Processing file /usr/local/lib/python3.10/dist-packages/airflow/example_dags/example_kubernetes_executor.py for tasks to queue
[2022-06-16 20:09:07,224] {logging_mixin.py:115} INFO - [2022-06-16 20:09:07,224] {dagbag.py:507} INFO - Filling up the DagBag from /usr/local/lib/python3.10/dist-packages/airflow/example_dags/example_kubernetes_executor.py
[2022-06-16 20:09:07,239] {logging_mixin.py:115} INFO - [2022-06-16 20:09:07,239] {example_kubernetes_executor.py:39} WARNING - The example_kubernetes_executor example DAG requires the kubernetes provider. Please install it with: pip install apache-airflow[cncf.kubernetes]
[2022-06-16 20:09:07,239] {processor.py:653} WARNING - No viable dags retrieved from /usr/local/lib/python3.10/dist-packages/airflow/example_dags/example_kubernetes_executor.py
[2022-06-16 20:09:07,250] {processor.py:161} INFO - Processing /usr/local/lib/python3.10/dist-packages/airflow/example_dags/example_kubernetes_executor.py took 0.030 seconds
[2022-06-16 20:09:45,784] {processor.py:153} INFO - Started process (PID=6620) to work on /usr/local/lib/python3.10/dist-packages/airflow/example_dags/example_kubernetes_executor.py
[2022-06-16 20:09:45,785] {processor.py:641} INFO - Processing file /usr/local/lib/python3.10/dist-packages/airflow/example_dags/example_kubernetes_executor.py for tasks to queue
[2022-06-16 20:09:45,785] {logging_mixin.py:115} INFO - [2022-06-16 20:09:45,785] {dagbag.py:507} INFO - Filling up the DagBag from /usr/local/lib/python3.10/dist-packages/airflow/example_dags/example_kubernetes_executor.py
[2022-06-16 20:09:45,802] {logging_mixin.py:115} INFO - [2022-06-16 20:09:45,802] {example_kubernetes_executor.py:39} WARNING - The example_kubernetes_executor example DAG requires the kubernetes provider. Please install it with: pip install apache-airflow[cncf.kubernetes]
[2022-06-16 20:09:45,802] {processor.py:653} WARNING - No viable dags retrieved from /usr/local/lib/python3.10/dist-packages/airflow/example_dags/example_kubernetes_executor.py
[2022-06-16 20:09:45,813] {processor.py:161} INFO - Processing /usr/local/lib/python3.10/dist-packages/airflow/example_dags/example_kubernetes_executor.py took 0.031 seconds
[2022-06-16 20:10:27,216] {processor.py:153} INFO - Started process (PID=6714) to work on /usr/local/lib/python3.10/dist-packages/airflow/example_dags/example_kubernetes_executor.py
[2022-06-16 20:10:27,217] {processor.py:641} INFO - Processing file /usr/local/lib/python3.10/dist-packages/airflow/example_dags/example_kubernetes_executor.py for tasks to queue
[2022-06-16 20:10:27,217] {logging_mixin.py:115} INFO - [2022-06-16 20:10:27,217] {dagbag.py:507} INFO - Filling up the DagBag from /usr/local/lib/python3.10/dist-packages/airflow/example_dags/example_kubernetes_executor.py
[2022-06-16 20:10:27,232] {logging_mixin.py:115} INFO - [2022-06-16 20:10:27,232] {example_kubernetes_executor.py:39} WARNING - The example_kubernetes_executor example DAG requires the kubernetes provider. Please install it with: pip install apache-airflow[cncf.kubernetes]
[2022-06-16 20:10:27,233] {processor.py:653} WARNING - No viable dags retrieved from /usr/local/lib/python3.10/dist-packages/airflow/example_dags/example_kubernetes_executor.py
[2022-06-16 20:10:27,242] {processor.py:161} INFO - Processing /usr/local/lib/python3.10/dist-packages/airflow/example_dags/example_kubernetes_executor.py took 0.029 seconds
[2022-06-16 20:11:04,461] {processor.py:153} INFO - Started process (PID=6805) to work on /usr/local/lib/python3.10/dist-packages/airflow/example_dags/example_kubernetes_executor.py
[2022-06-16 20:11:04,462] {processor.py:641} INFO - Processing file /usr/local/lib/python3.10/dist-packages/airflow/example_dags/example_kubernetes_executor.py for tasks to queue
[2022-06-16 20:11:04,463] {logging_mixin.py:115} INFO - [2022-06-16 20:11:04,463] {dagbag.py:507} INFO - Filling up the DagBag from /usr/local/lib/python3.10/dist-packages/airflow/example_dags/example_kubernetes_executor.py
[2022-06-16 20:11:04,487] {logging_mixin.py:115} INFO - [2022-06-16 20:11:04,487] {example_kubernetes_executor.py:39} WARNING - The example_kubernetes_executor example DAG requires the kubernetes provider. Please install it with: pip install apache-airflow[cncf.kubernetes]
[2022-06-16 20:11:04,487] {processor.py:653} WARNING - No viable dags retrieved from /usr/local/lib/python3.10/dist-packages/airflow/example_dags/example_kubernetes_executor.py
[2022-06-16 20:11:04,500] {processor.py:161} INFO - Processing /usr/local/lib/python3.10/dist-packages/airflow/example_dags/example_kubernetes_executor.py took 0.042 seconds
[2022-06-16 20:11:45,231] {processor.py:153} INFO - Started process (PID=6896) to work on /usr/local/lib/python3.10/dist-packages/airflow/example_dags/example_kubernetes_executor.py
[2022-06-16 20:11:45,232] {processor.py:641} INFO - Processing file /usr/local/lib/python3.10/dist-packages/airflow/example_dags/example_kubernetes_executor.py for tasks to queue
[2022-06-16 20:11:45,233] {logging_mixin.py:115} INFO - [2022-06-16 20:11:45,232] {dagbag.py:507} INFO - Filling up the DagBag from /usr/local/lib/python3.10/dist-packages/airflow/example_dags/example_kubernetes_executor.py
[2022-06-16 20:11:45,248] {logging_mixin.py:115} INFO - [2022-06-16 20:11:45,248] {example_kubernetes_executor.py:39} WARNING - The example_kubernetes_executor example DAG requires the kubernetes provider. Please install it with: pip install apache-airflow[cncf.kubernetes]
[2022-06-16 20:11:45,248] {processor.py:653} WARNING - No viable dags retrieved from /usr/local/lib/python3.10/dist-packages/airflow/example_dags/example_kubernetes_executor.py
[2022-06-16 20:11:45,258] {processor.py:161} INFO - Processing /usr/local/lib/python3.10/dist-packages/airflow/example_dags/example_kubernetes_executor.py took 0.029 seconds
[2022-06-16 20:12:25,107] {processor.py:153} INFO - Started process (PID=6985) to work on /usr/local/lib/python3.10/dist-packages/airflow/example_dags/example_kubernetes_executor.py
[2022-06-16 20:12:25,107] {processor.py:641} INFO - Processing file /usr/local/lib/python3.10/dist-packages/airflow/example_dags/example_kubernetes_executor.py for tasks to queue
[2022-06-16 20:12:25,108] {logging_mixin.py:115} INFO - [2022-06-16 20:12:25,108] {dagbag.py:507} INFO - Filling up the DagBag from /usr/local/lib/python3.10/dist-packages/airflow/example_dags/example_kubernetes_executor.py
[2022-06-16 20:12:25,123] {logging_mixin.py:115} INFO - [2022-06-16 20:12:25,123] {example_kubernetes_executor.py:39} WARNING - The example_kubernetes_executor example DAG requires the kubernetes provider. Please install it with: pip install apache-airflow[cncf.kubernetes]
[2022-06-16 20:12:25,123] {processor.py:653} WARNING - No viable dags retrieved from /usr/local/lib/python3.10/dist-packages/airflow/example_dags/example_kubernetes_executor.py
[2022-06-16 20:12:25,134] {processor.py:161} INFO - Processing /usr/local/lib/python3.10/dist-packages/airflow/example_dags/example_kubernetes_executor.py took 0.030 seconds
[2022-06-16 20:13:04,351] {processor.py:153} INFO - Started process (PID=7081) to work on /usr/local/lib/python3.10/dist-packages/airflow/example_dags/example_kubernetes_executor.py
[2022-06-16 20:13:04,352] {processor.py:641} INFO - Processing file /usr/local/lib/python3.10/dist-packages/airflow/example_dags/example_kubernetes_executor.py for tasks to queue
[2022-06-16 20:13:04,353] {logging_mixin.py:115} INFO - [2022-06-16 20:13:04,352] {dagbag.py:507} INFO - Filling up the DagBag from /usr/local/lib/python3.10/dist-packages/airflow/example_dags/example_kubernetes_executor.py
[2022-06-16 20:13:04,368] {logging_mixin.py:115} INFO - [2022-06-16 20:13:04,368] {example_kubernetes_executor.py:39} WARNING - The example_kubernetes_executor example DAG requires the kubernetes provider. Please install it with: pip install apache-airflow[cncf.kubernetes]
[2022-06-16 20:13:04,368] {processor.py:653} WARNING - No viable dags retrieved from /usr/local/lib/python3.10/dist-packages/airflow/example_dags/example_kubernetes_executor.py
[2022-06-16 20:13:04,380] {processor.py:161} INFO - Processing /usr/local/lib/python3.10/dist-packages/airflow/example_dags/example_kubernetes_executor.py took 0.032 seconds
[2022-06-16 20:13:43,290] {processor.py:153} INFO - Started process (PID=7187) to work on /usr/local/lib/python3.10/dist-packages/airflow/example_dags/example_kubernetes_executor.py
[2022-06-16 20:13:43,290] {processor.py:641} INFO - Processing file /usr/local/lib/python3.10/dist-packages/airflow/example_dags/example_kubernetes_executor.py for tasks to queue
[2022-06-16 20:13:43,291] {logging_mixin.py:115} INFO - [2022-06-16 20:13:43,291] {dagbag.py:507} INFO - Filling up the DagBag from /usr/local/lib/python3.10/dist-packages/airflow/example_dags/example_kubernetes_executor.py
[2022-06-16 20:13:43,310] {logging_mixin.py:115} INFO - [2022-06-16 20:13:43,310] {example_kubernetes_executor.py:39} WARNING - The example_kubernetes_executor example DAG requires the kubernetes provider. Please install it with: pip install apache-airflow[cncf.kubernetes]
[2022-06-16 20:13:43,310] {processor.py:653} WARNING - No viable dags retrieved from /usr/local/lib/python3.10/dist-packages/airflow/example_dags/example_kubernetes_executor.py
[2022-06-16 20:13:43,321] {processor.py:161} INFO - Processing /usr/local/lib/python3.10/dist-packages/airflow/example_dags/example_kubernetes_executor.py took 0.034 seconds
[2022-06-16 20:14:17,623] {processor.py:153} INFO - Started process (PID=7288) to work on /usr/local/lib/python3.10/dist-packages/airflow/example_dags/example_kubernetes_executor.py
[2022-06-16 20:14:17,624] {processor.py:641} INFO - Processing file /usr/local/lib/python3.10/dist-packages/airflow/example_dags/example_kubernetes_executor.py for tasks to queue
[2022-06-16 20:14:17,624] {logging_mixin.py:115} INFO - [2022-06-16 20:14:17,624] {dagbag.py:507} INFO - Filling up the DagBag from /usr/local/lib/python3.10/dist-packages/airflow/example_dags/example_kubernetes_executor.py
[2022-06-16 20:14:17,640] {logging_mixin.py:115} INFO - [2022-06-16 20:14:17,640] {example_kubernetes_executor.py:39} WARNING - The example_kubernetes_executor example DAG requires the kubernetes provider. Please install it with: pip install apache-airflow[cncf.kubernetes]
[2022-06-16 20:14:17,640] {processor.py:653} WARNING - No viable dags retrieved from /usr/local/lib/python3.10/dist-packages/airflow/example_dags/example_kubernetes_executor.py
[2022-06-16 20:14:17,651] {processor.py:161} INFO - Processing /usr/local/lib/python3.10/dist-packages/airflow/example_dags/example_kubernetes_executor.py took 0.030 seconds
[2022-06-16 20:14:55,530] {processor.py:153} INFO - Started process (PID=7380) to work on /usr/local/lib/python3.10/dist-packages/airflow/example_dags/example_kubernetes_executor.py
[2022-06-16 20:14:55,531] {processor.py:641} INFO - Processing file /usr/local/lib/python3.10/dist-packages/airflow/example_dags/example_kubernetes_executor.py for tasks to queue
[2022-06-16 20:14:55,531] {logging_mixin.py:115} INFO - [2022-06-16 20:14:55,531] {dagbag.py:507} INFO - Filling up the DagBag from /usr/local/lib/python3.10/dist-packages/airflow/example_dags/example_kubernetes_executor.py
[2022-06-16 20:14:55,547] {logging_mixin.py:115} INFO - [2022-06-16 20:14:55,547] {example_kubernetes_executor.py:39} WARNING - The example_kubernetes_executor example DAG requires the kubernetes provider. Please install it with: pip install apache-airflow[cncf.kubernetes]
[2022-06-16 20:14:55,547] {processor.py:653} WARNING - No viable dags retrieved from /usr/local/lib/python3.10/dist-packages/airflow/example_dags/example_kubernetes_executor.py
[2022-06-16 20:14:55,557] {processor.py:161} INFO - Processing /usr/local/lib/python3.10/dist-packages/airflow/example_dags/example_kubernetes_executor.py took 0.030 seconds
[2022-06-16 20:15:35,964] {processor.py:153} INFO - Started process (PID=7477) to work on /usr/local/lib/python3.10/dist-packages/airflow/example_dags/example_kubernetes_executor.py
[2022-06-16 20:15:35,965] {processor.py:641} INFO - Processing file /usr/local/lib/python3.10/dist-packages/airflow/example_dags/example_kubernetes_executor.py for tasks to queue
[2022-06-16 20:15:35,966] {logging_mixin.py:115} INFO - [2022-06-16 20:15:35,966] {dagbag.py:507} INFO - Filling up the DagBag from /usr/local/lib/python3.10/dist-packages/airflow/example_dags/example_kubernetes_executor.py
[2022-06-16 20:15:35,985] {logging_mixin.py:115} INFO - [2022-06-16 20:15:35,985] {example_kubernetes_executor.py:39} WARNING - The example_kubernetes_executor example DAG requires the kubernetes provider. Please install it with: pip install apache-airflow[cncf.kubernetes]
[2022-06-16 20:15:35,985] {processor.py:653} WARNING - No viable dags retrieved from /usr/local/lib/python3.10/dist-packages/airflow/example_dags/example_kubernetes_executor.py
[2022-06-16 20:15:35,995] {processor.py:161} INFO - Processing /usr/local/lib/python3.10/dist-packages/airflow/example_dags/example_kubernetes_executor.py took 0.033 seconds
[2022-06-16 20:16:13,547] {processor.py:153} INFO - Started process (PID=7562) to work on /usr/local/lib/python3.10/dist-packages/airflow/example_dags/example_kubernetes_executor.py
[2022-06-16 20:16:13,548] {processor.py:641} INFO - Processing file /usr/local/lib/python3.10/dist-packages/airflow/example_dags/example_kubernetes_executor.py for tasks to queue
[2022-06-16 20:16:13,548] {logging_mixin.py:115} INFO - [2022-06-16 20:16:13,548] {dagbag.py:507} INFO - Filling up the DagBag from /usr/local/lib/python3.10/dist-packages/airflow/example_dags/example_kubernetes_executor.py
[2022-06-16 20:16:13,564] {logging_mixin.py:115} INFO - [2022-06-16 20:16:13,564] {example_kubernetes_executor.py:39} WARNING - The example_kubernetes_executor example DAG requires the kubernetes provider. Please install it with: pip install apache-airflow[cncf.kubernetes]
[2022-06-16 20:16:13,564] {processor.py:653} WARNING - No viable dags retrieved from /usr/local/lib/python3.10/dist-packages/airflow/example_dags/example_kubernetes_executor.py
[2022-06-16 20:16:13,575] {processor.py:161} INFO - Processing /usr/local/lib/python3.10/dist-packages/airflow/example_dags/example_kubernetes_executor.py took 0.030 seconds
[2022-06-16 20:16:49,881] {processor.py:153} INFO - Started process (PID=7648) to work on /usr/local/lib/python3.10/dist-packages/airflow/example_dags/example_kubernetes_executor.py
[2022-06-16 20:16:49,881] {processor.py:641} INFO - Processing file /usr/local/lib/python3.10/dist-packages/airflow/example_dags/example_kubernetes_executor.py for tasks to queue
[2022-06-16 20:16:49,882] {logging_mixin.py:115} INFO - [2022-06-16 20:16:49,882] {dagbag.py:507} INFO - Filling up the DagBag from /usr/local/lib/python3.10/dist-packages/airflow/example_dags/example_kubernetes_executor.py
[2022-06-16 20:16:49,899] {logging_mixin.py:115} INFO - [2022-06-16 20:16:49,899] {example_kubernetes_executor.py:39} WARNING - The example_kubernetes_executor example DAG requires the kubernetes provider. Please install it with: pip install apache-airflow[cncf.kubernetes]
[2022-06-16 20:16:49,899] {processor.py:653} WARNING - No viable dags retrieved from /usr/local/lib/python3.10/dist-packages/airflow/example_dags/example_kubernetes_executor.py
[2022-06-16 20:16:49,909] {processor.py:161} INFO - Processing /usr/local/lib/python3.10/dist-packages/airflow/example_dags/example_kubernetes_executor.py took 0.032 seconds
[2022-06-16 20:17:30,393] {processor.py:153} INFO - Started process (PID=7745) to work on /usr/local/lib/python3.10/dist-packages/airflow/example_dags/example_kubernetes_executor.py
[2022-06-16 20:17:30,395] {processor.py:641} INFO - Processing file /usr/local/lib/python3.10/dist-packages/airflow/example_dags/example_kubernetes_executor.py for tasks to queue
[2022-06-16 20:17:30,396] {logging_mixin.py:115} INFO - [2022-06-16 20:17:30,396] {dagbag.py:507} INFO - Filling up the DagBag from /usr/local/lib/python3.10/dist-packages/airflow/example_dags/example_kubernetes_executor.py
[2022-06-16 20:17:30,422] {logging_mixin.py:115} INFO - [2022-06-16 20:17:30,422] {example_kubernetes_executor.py:39} WARNING - The example_kubernetes_executor example DAG requires the kubernetes provider. Please install it with: pip install apache-airflow[cncf.kubernetes]
[2022-06-16 20:17:30,423] {processor.py:653} WARNING - No viable dags retrieved from /usr/local/lib/python3.10/dist-packages/airflow/example_dags/example_kubernetes_executor.py
[2022-06-16 20:17:30,437] {processor.py:161} INFO - Processing /usr/local/lib/python3.10/dist-packages/airflow/example_dags/example_kubernetes_executor.py took 0.049 seconds
[2022-06-16 20:18:07,116] {processor.py:153} INFO - Started process (PID=7841) to work on /usr/local/lib/python3.10/dist-packages/airflow/example_dags/example_kubernetes_executor.py
[2022-06-16 20:18:07,117] {processor.py:641} INFO - Processing file /usr/local/lib/python3.10/dist-packages/airflow/example_dags/example_kubernetes_executor.py for tasks to queue
[2022-06-16 20:18:07,118] {logging_mixin.py:115} INFO - [2022-06-16 20:18:07,118] {dagbag.py:507} INFO - Filling up the DagBag from /usr/local/lib/python3.10/dist-packages/airflow/example_dags/example_kubernetes_executor.py
[2022-06-16 20:18:07,134] {logging_mixin.py:115} INFO - [2022-06-16 20:18:07,134] {example_kubernetes_executor.py:39} WARNING - The example_kubernetes_executor example DAG requires the kubernetes provider. Please install it with: pip install apache-airflow[cncf.kubernetes]
[2022-06-16 20:18:07,134] {processor.py:653} WARNING - No viable dags retrieved from /usr/local/lib/python3.10/dist-packages/airflow/example_dags/example_kubernetes_executor.py
[2022-06-16 20:18:07,146] {processor.py:161} INFO - Processing /usr/local/lib/python3.10/dist-packages/airflow/example_dags/example_kubernetes_executor.py took 0.032 seconds
[2022-06-16 20:18:47,600] {processor.py:153} INFO - Started process (PID=7915) to work on /usr/local/lib/python3.10/dist-packages/airflow/example_dags/example_kubernetes_executor.py
[2022-06-16 20:18:47,601] {processor.py:641} INFO - Processing file /usr/local/lib/python3.10/dist-packages/airflow/example_dags/example_kubernetes_executor.py for tasks to queue
[2022-06-16 20:18:47,601] {logging_mixin.py:115} INFO - [2022-06-16 20:18:47,601] {dagbag.py:507} INFO - Filling up the DagBag from /usr/local/lib/python3.10/dist-packages/airflow/example_dags/example_kubernetes_executor.py
[2022-06-16 20:18:47,617] {logging_mixin.py:115} INFO - [2022-06-16 20:18:47,617] {example_kubernetes_executor.py:39} WARNING - The example_kubernetes_executor example DAG requires the kubernetes provider. Please install it with: pip install apache-airflow[cncf.kubernetes]
[2022-06-16 20:18:47,617] {processor.py:653} WARNING - No viable dags retrieved from /usr/local/lib/python3.10/dist-packages/airflow/example_dags/example_kubernetes_executor.py
[2022-06-16 20:18:47,627] {processor.py:161} INFO - Processing /usr/local/lib/python3.10/dist-packages/airflow/example_dags/example_kubernetes_executor.py took 0.029 seconds
[2022-06-16 20:19:27,607] {processor.py:153} INFO - Started process (PID=7971) to work on /usr/local/lib/python3.10/dist-packages/airflow/example_dags/example_kubernetes_executor.py
[2022-06-16 20:19:27,608] {processor.py:641} INFO - Processing file /usr/local/lib/python3.10/dist-packages/airflow/example_dags/example_kubernetes_executor.py for tasks to queue
[2022-06-16 20:19:27,609] {logging_mixin.py:115} INFO - [2022-06-16 20:19:27,609] {dagbag.py:507} INFO - Filling up the DagBag from /usr/local/lib/python3.10/dist-packages/airflow/example_dags/example_kubernetes_executor.py
[2022-06-16 20:19:27,626] {logging_mixin.py:115} INFO - [2022-06-16 20:19:27,626] {example_kubernetes_executor.py:39} WARNING - The example_kubernetes_executor example DAG requires the kubernetes provider. Please install it with: pip install apache-airflow[cncf.kubernetes]
[2022-06-16 20:19:27,626] {processor.py:653} WARNING - No viable dags retrieved from /usr/local/lib/python3.10/dist-packages/airflow/example_dags/example_kubernetes_executor.py
[2022-06-16 20:19:27,638] {processor.py:161} INFO - Processing /usr/local/lib/python3.10/dist-packages/airflow/example_dags/example_kubernetes_executor.py took 0.034 seconds
[2022-06-16 20:20:05,919] {processor.py:153} INFO - Started process (PID=8050) to work on /usr/local/lib/python3.10/dist-packages/airflow/example_dags/example_kubernetes_executor.py
[2022-06-16 20:20:05,920] {processor.py:641} INFO - Processing file /usr/local/lib/python3.10/dist-packages/airflow/example_dags/example_kubernetes_executor.py for tasks to queue
[2022-06-16 20:20:05,920] {logging_mixin.py:115} INFO - [2022-06-16 20:20:05,920] {dagbag.py:507} INFO - Filling up the DagBag from /usr/local/lib/python3.10/dist-packages/airflow/example_dags/example_kubernetes_executor.py
[2022-06-16 20:20:05,941] {logging_mixin.py:115} INFO - [2022-06-16 20:20:05,941] {example_kubernetes_executor.py:39} WARNING - The example_kubernetes_executor example DAG requires the kubernetes provider. Please install it with: pip install apache-airflow[cncf.kubernetes]
[2022-06-16 20:20:05,941] {processor.py:653} WARNING - No viable dags retrieved from /usr/local/lib/python3.10/dist-packages/airflow/example_dags/example_kubernetes_executor.py
[2022-06-16 20:20:05,951] {processor.py:161} INFO - Processing /usr/local/lib/python3.10/dist-packages/airflow/example_dags/example_kubernetes_executor.py took 0.035 seconds
[2022-06-16 20:20:42,158] {processor.py:153} INFO - Started process (PID=8096) to work on /usr/local/lib/python3.10/dist-packages/airflow/example_dags/example_kubernetes_executor.py
[2022-06-16 20:20:42,159] {processor.py:641} INFO - Processing file /usr/local/lib/python3.10/dist-packages/airflow/example_dags/example_kubernetes_executor.py for tasks to queue
[2022-06-16 20:20:42,159] {logging_mixin.py:115} INFO - [2022-06-16 20:20:42,159] {dagbag.py:507} INFO - Filling up the DagBag from /usr/local/lib/python3.10/dist-packages/airflow/example_dags/example_kubernetes_executor.py
[2022-06-16 20:20:42,176] {logging_mixin.py:115} INFO - [2022-06-16 20:20:42,176] {example_kubernetes_executor.py:39} WARNING - The example_kubernetes_executor example DAG requires the kubernetes provider. Please install it with: pip install apache-airflow[cncf.kubernetes]
[2022-06-16 20:20:42,176] {processor.py:653} WARNING - No viable dags retrieved from /usr/local/lib/python3.10/dist-packages/airflow/example_dags/example_kubernetes_executor.py
[2022-06-16 20:20:42,187] {processor.py:161} INFO - Processing /usr/local/lib/python3.10/dist-packages/airflow/example_dags/example_kubernetes_executor.py took 0.032 seconds
[2022-06-16 20:21:22,064] {processor.py:153} INFO - Started process (PID=8144) to work on /usr/local/lib/python3.10/dist-packages/airflow/example_dags/example_kubernetes_executor.py
[2022-06-16 20:21:22,065] {processor.py:641} INFO - Processing file /usr/local/lib/python3.10/dist-packages/airflow/example_dags/example_kubernetes_executor.py for tasks to queue
[2022-06-16 20:21:22,066] {logging_mixin.py:115} INFO - [2022-06-16 20:21:22,066] {dagbag.py:507} INFO - Filling up the DagBag from /usr/local/lib/python3.10/dist-packages/airflow/example_dags/example_kubernetes_executor.py
[2022-06-16 20:21:22,080] {logging_mixin.py:115} INFO - [2022-06-16 20:21:22,080] {example_kubernetes_executor.py:39} WARNING - The example_kubernetes_executor example DAG requires the kubernetes provider. Please install it with: pip install apache-airflow[cncf.kubernetes]
[2022-06-16 20:21:22,081] {processor.py:653} WARNING - No viable dags retrieved from /usr/local/lib/python3.10/dist-packages/airflow/example_dags/example_kubernetes_executor.py
[2022-06-16 20:21:22,091] {processor.py:161} INFO - Processing /usr/local/lib/python3.10/dist-packages/airflow/example_dags/example_kubernetes_executor.py took 0.029 seconds
[2022-06-16 20:22:00,072] {processor.py:153} INFO - Started process (PID=8185) to work on /usr/local/lib/python3.10/dist-packages/airflow/example_dags/example_kubernetes_executor.py
[2022-06-16 20:22:00,073] {processor.py:641} INFO - Processing file /usr/local/lib/python3.10/dist-packages/airflow/example_dags/example_kubernetes_executor.py for tasks to queue
[2022-06-16 20:22:00,073] {logging_mixin.py:115} INFO - [2022-06-16 20:22:00,073] {dagbag.py:507} INFO - Filling up the DagBag from /usr/local/lib/python3.10/dist-packages/airflow/example_dags/example_kubernetes_executor.py
[2022-06-16 20:22:00,090] {logging_mixin.py:115} INFO - [2022-06-16 20:22:00,090] {example_kubernetes_executor.py:39} WARNING - The example_kubernetes_executor example DAG requires the kubernetes provider. Please install it with: pip install apache-airflow[cncf.kubernetes]
[2022-06-16 20:22:00,090] {processor.py:653} WARNING - No viable dags retrieved from /usr/local/lib/python3.10/dist-packages/airflow/example_dags/example_kubernetes_executor.py
[2022-06-16 20:22:00,103] {processor.py:161} INFO - Processing /usr/local/lib/python3.10/dist-packages/airflow/example_dags/example_kubernetes_executor.py took 0.033 seconds
[2022-06-16 20:22:37,855] {processor.py:153} INFO - Started process (PID=8244) to work on /usr/local/lib/python3.10/dist-packages/airflow/example_dags/example_kubernetes_executor.py
[2022-06-16 20:22:37,856] {processor.py:641} INFO - Processing file /usr/local/lib/python3.10/dist-packages/airflow/example_dags/example_kubernetes_executor.py for tasks to queue
[2022-06-16 20:22:37,856] {logging_mixin.py:115} INFO - [2022-06-16 20:22:37,856] {dagbag.py:507} INFO - Filling up the DagBag from /usr/local/lib/python3.10/dist-packages/airflow/example_dags/example_kubernetes_executor.py
[2022-06-16 20:22:37,875] {logging_mixin.py:115} INFO - [2022-06-16 20:22:37,875] {example_kubernetes_executor.py:39} WARNING - The example_kubernetes_executor example DAG requires the kubernetes provider. Please install it with: pip install apache-airflow[cncf.kubernetes]
[2022-06-16 20:22:37,875] {processor.py:653} WARNING - No viable dags retrieved from /usr/local/lib/python3.10/dist-packages/airflow/example_dags/example_kubernetes_executor.py
[2022-06-16 20:22:37,888] {processor.py:161} INFO - Processing /usr/local/lib/python3.10/dist-packages/airflow/example_dags/example_kubernetes_executor.py took 0.036 seconds
[2022-06-16 20:23:14,712] {processor.py:153} INFO - Started process (PID=8290) to work on /usr/local/lib/python3.10/dist-packages/airflow/example_dags/example_kubernetes_executor.py
[2022-06-16 20:23:14,713] {processor.py:641} INFO - Processing file /usr/local/lib/python3.10/dist-packages/airflow/example_dags/example_kubernetes_executor.py for tasks to queue
[2022-06-16 20:23:14,714] {logging_mixin.py:115} INFO - [2022-06-16 20:23:14,714] {dagbag.py:507} INFO - Filling up the DagBag from /usr/local/lib/python3.10/dist-packages/airflow/example_dags/example_kubernetes_executor.py
[2022-06-16 20:23:14,730] {logging_mixin.py:115} INFO - [2022-06-16 20:23:14,730] {example_kubernetes_executor.py:39} WARNING - The example_kubernetes_executor example DAG requires the kubernetes provider. Please install it with: pip install apache-airflow[cncf.kubernetes]
[2022-06-16 20:23:14,730] {processor.py:653} WARNING - No viable dags retrieved from /usr/local/lib/python3.10/dist-packages/airflow/example_dags/example_kubernetes_executor.py
[2022-06-16 20:23:14,740] {processor.py:161} INFO - Processing /usr/local/lib/python3.10/dist-packages/airflow/example_dags/example_kubernetes_executor.py took 0.031 seconds
[2022-06-16 20:23:52,349] {processor.py:153} INFO - Started process (PID=8358) to work on /usr/local/lib/python3.10/dist-packages/airflow/example_dags/example_kubernetes_executor.py
[2022-06-16 20:23:52,349] {processor.py:641} INFO - Processing file /usr/local/lib/python3.10/dist-packages/airflow/example_dags/example_kubernetes_executor.py for tasks to queue
[2022-06-16 20:23:52,350] {logging_mixin.py:115} INFO - [2022-06-16 20:23:52,350] {dagbag.py:507} INFO - Filling up the DagBag from /usr/local/lib/python3.10/dist-packages/airflow/example_dags/example_kubernetes_executor.py
[2022-06-16 20:23:52,366] {logging_mixin.py:115} INFO - [2022-06-16 20:23:52,365] {example_kubernetes_executor.py:39} WARNING - The example_kubernetes_executor example DAG requires the kubernetes provider. Please install it with: pip install apache-airflow[cncf.kubernetes]
[2022-06-16 20:23:52,366] {processor.py:653} WARNING - No viable dags retrieved from /usr/local/lib/python3.10/dist-packages/airflow/example_dags/example_kubernetes_executor.py
[2022-06-16 20:23:52,378] {processor.py:161} INFO - Processing /usr/local/lib/python3.10/dist-packages/airflow/example_dags/example_kubernetes_executor.py took 0.032 seconds
[2022-06-16 20:24:31,632] {processor.py:153} INFO - Started process (PID=8411) to work on /usr/local/lib/python3.10/dist-packages/airflow/example_dags/example_kubernetes_executor.py
[2022-06-16 20:24:31,695] {processor.py:641} INFO - Processing file /usr/local/lib/python3.10/dist-packages/airflow/example_dags/example_kubernetes_executor.py for tasks to queue
[2022-06-16 20:24:31,695] {logging_mixin.py:115} INFO - [2022-06-16 20:24:31,695] {dagbag.py:507} INFO - Filling up the DagBag from /usr/local/lib/python3.10/dist-packages/airflow/example_dags/example_kubernetes_executor.py
[2022-06-16 20:24:31,723] {logging_mixin.py:115} INFO - [2022-06-16 20:24:31,723] {example_kubernetes_executor.py:39} WARNING - The example_kubernetes_executor example DAG requires the kubernetes provider. Please install it with: pip install apache-airflow[cncf.kubernetes]
[2022-06-16 20:24:31,723] {processor.py:653} WARNING - No viable dags retrieved from /usr/local/lib/python3.10/dist-packages/airflow/example_dags/example_kubernetes_executor.py
[2022-06-16 20:24:31,734] {processor.py:161} INFO - Processing /usr/local/lib/python3.10/dist-packages/airflow/example_dags/example_kubernetes_executor.py took 0.104 seconds
[2022-06-16 20:25:11,527] {processor.py:153} INFO - Started process (PID=8473) to work on /usr/local/lib/python3.10/dist-packages/airflow/example_dags/example_kubernetes_executor.py
[2022-06-16 20:25:11,527] {processor.py:641} INFO - Processing file /usr/local/lib/python3.10/dist-packages/airflow/example_dags/example_kubernetes_executor.py for tasks to queue
[2022-06-16 20:25:11,528] {logging_mixin.py:115} INFO - [2022-06-16 20:25:11,528] {dagbag.py:507} INFO - Filling up the DagBag from /usr/local/lib/python3.10/dist-packages/airflow/example_dags/example_kubernetes_executor.py
[2022-06-16 20:25:11,546] {logging_mixin.py:115} INFO - [2022-06-16 20:25:11,545] {example_kubernetes_executor.py:39} WARNING - The example_kubernetes_executor example DAG requires the kubernetes provider. Please install it with: pip install apache-airflow[cncf.kubernetes]
[2022-06-16 20:25:11,546] {processor.py:653} WARNING - No viable dags retrieved from /usr/local/lib/python3.10/dist-packages/airflow/example_dags/example_kubernetes_executor.py
[2022-06-16 20:25:11,559] {processor.py:161} INFO - Processing /usr/local/lib/python3.10/dist-packages/airflow/example_dags/example_kubernetes_executor.py took 0.035 seconds
[2022-06-16 20:25:49,782] {processor.py:153} INFO - Started process (PID=8518) to work on /usr/local/lib/python3.10/dist-packages/airflow/example_dags/example_kubernetes_executor.py
[2022-06-16 20:25:49,783] {processor.py:641} INFO - Processing file /usr/local/lib/python3.10/dist-packages/airflow/example_dags/example_kubernetes_executor.py for tasks to queue
[2022-06-16 20:25:49,783] {logging_mixin.py:115} INFO - [2022-06-16 20:25:49,783] {dagbag.py:507} INFO - Filling up the DagBag from /usr/local/lib/python3.10/dist-packages/airflow/example_dags/example_kubernetes_executor.py
[2022-06-16 20:25:49,799] {logging_mixin.py:115} INFO - [2022-06-16 20:25:49,799] {example_kubernetes_executor.py:39} WARNING - The example_kubernetes_executor example DAG requires the kubernetes provider. Please install it with: pip install apache-airflow[cncf.kubernetes]
[2022-06-16 20:25:49,799] {processor.py:653} WARNING - No viable dags retrieved from /usr/local/lib/python3.10/dist-packages/airflow/example_dags/example_kubernetes_executor.py
[2022-06-16 20:25:49,810] {processor.py:161} INFO - Processing /usr/local/lib/python3.10/dist-packages/airflow/example_dags/example_kubernetes_executor.py took 0.031 seconds
[2022-06-16 20:26:31,334] {processor.py:153} INFO - Started process (PID=8567) to work on /usr/local/lib/python3.10/dist-packages/airflow/example_dags/example_kubernetes_executor.py
[2022-06-16 20:26:31,335] {processor.py:641} INFO - Processing file /usr/local/lib/python3.10/dist-packages/airflow/example_dags/example_kubernetes_executor.py for tasks to queue
[2022-06-16 20:26:31,335] {logging_mixin.py:115} INFO - [2022-06-16 20:26:31,335] {dagbag.py:507} INFO - Filling up the DagBag from /usr/local/lib/python3.10/dist-packages/airflow/example_dags/example_kubernetes_executor.py
[2022-06-16 20:26:31,351] {logging_mixin.py:115} INFO - [2022-06-16 20:26:31,351] {example_kubernetes_executor.py:39} WARNING - The example_kubernetes_executor example DAG requires the kubernetes provider. Please install it with: pip install apache-airflow[cncf.kubernetes]
[2022-06-16 20:26:31,352] {processor.py:653} WARNING - No viable dags retrieved from /usr/local/lib/python3.10/dist-packages/airflow/example_dags/example_kubernetes_executor.py
[2022-06-16 20:26:31,365] {processor.py:161} INFO - Processing /usr/local/lib/python3.10/dist-packages/airflow/example_dags/example_kubernetes_executor.py took 0.034 seconds
