[2022-06-16 19:59:33,350] {processor.py:153} INFO - Started process (PID=5044) to work on /usr/local/lib/python3.10/dist-packages/airflow/example_dags/example_latest_only.py
[2022-06-16 19:59:33,351] {processor.py:641} INFO - Processing file /usr/local/lib/python3.10/dist-packages/airflow/example_dags/example_latest_only.py for tasks to queue
[2022-06-16 19:59:33,351] {logging_mixin.py:115} INFO - [2022-06-16 19:59:33,351] {dagbag.py:507} INFO - Filling up the DagBag from /usr/local/lib/python3.10/dist-packages/airflow/example_dags/example_latest_only.py
[2022-06-16 19:59:33,359] {processor.py:651} INFO - DAG(s) dict_keys(['latest_only']) retrieved from /usr/local/lib/python3.10/dist-packages/airflow/example_dags/example_latest_only.py
[2022-06-16 19:59:33,386] {logging_mixin.py:115} INFO - [2022-06-16 19:59:33,385] {dag.py:2371} INFO - Sync 1 DAGs
[2022-06-16 19:59:33,411] {logging_mixin.py:115} INFO - [2022-06-16 19:59:33,411] {dag.py:2915} INFO - Setting next_dagrun for latest_only to 2022-06-16T10:29:33.411272+00:00, run_after=2022-06-16T14:29:33.411272+00:00
[2022-06-16 19:59:33,475] {processor.py:161} INFO - Processing /usr/local/lib/python3.10/dist-packages/airflow/example_dags/example_latest_only.py took 0.129 seconds
[2022-06-16 20:00:11,698] {processor.py:153} INFO - Started process (PID=5196) to work on /usr/local/lib/python3.10/dist-packages/airflow/example_dags/example_latest_only.py
[2022-06-16 20:00:11,698] {processor.py:641} INFO - Processing file /usr/local/lib/python3.10/dist-packages/airflow/example_dags/example_latest_only.py for tasks to queue
[2022-06-16 20:00:11,699] {logging_mixin.py:115} INFO - [2022-06-16 20:00:11,699] {dagbag.py:507} INFO - Filling up the DagBag from /usr/local/lib/python3.10/dist-packages/airflow/example_dags/example_latest_only.py
[2022-06-16 20:00:11,708] {processor.py:651} INFO - DAG(s) dict_keys(['latest_only']) retrieved from /usr/local/lib/python3.10/dist-packages/airflow/example_dags/example_latest_only.py
[2022-06-16 20:00:11,734] {logging_mixin.py:115} INFO - [2022-06-16 20:00:11,734] {dag.py:2371} INFO - Sync 1 DAGs
[2022-06-16 20:00:11,770] {logging_mixin.py:115} INFO - [2022-06-16 20:00:11,770] {dag.py:2915} INFO - Setting next_dagrun for latest_only to 2022-06-16T10:30:11.770333+00:00, run_after=2022-06-16T14:30:11.770333+00:00
[2022-06-16 20:00:11,834] {processor.py:161} INFO - Processing /usr/local/lib/python3.10/dist-packages/airflow/example_dags/example_latest_only.py took 0.140 seconds
[2022-06-16 20:00:52,231] {processor.py:153} INFO - Started process (PID=5259) to work on /usr/local/lib/python3.10/dist-packages/airflow/example_dags/example_latest_only.py
[2022-06-16 20:00:52,275] {processor.py:641} INFO - Processing file /usr/local/lib/python3.10/dist-packages/airflow/example_dags/example_latest_only.py for tasks to queue
[2022-06-16 20:00:52,276] {logging_mixin.py:115} INFO - [2022-06-16 20:00:52,276] {dagbag.py:507} INFO - Filling up the DagBag from /usr/local/lib/python3.10/dist-packages/airflow/example_dags/example_latest_only.py
[2022-06-16 20:00:52,281] {processor.py:651} INFO - DAG(s) dict_keys(['latest_only']) retrieved from /usr/local/lib/python3.10/dist-packages/airflow/example_dags/example_latest_only.py
[2022-06-16 20:00:52,298] {logging_mixin.py:115} INFO - [2022-06-16 20:00:52,298] {dag.py:2371} INFO - Sync 1 DAGs
[2022-06-16 20:00:52,329] {logging_mixin.py:115} INFO - [2022-06-16 20:00:52,329] {dag.py:2915} INFO - Setting next_dagrun for latest_only to 2022-06-16T10:30:52.329266+00:00, run_after=2022-06-16T14:30:52.329266+00:00
[2022-06-16 20:00:52,449] {processor.py:161} INFO - Processing /usr/local/lib/python3.10/dist-packages/airflow/example_dags/example_latest_only.py took 0.222 seconds
[2022-06-16 20:01:32,167] {processor.py:153} INFO - Started process (PID=5402) to work on /usr/local/lib/python3.10/dist-packages/airflow/example_dags/example_latest_only.py
[2022-06-16 20:01:32,168] {processor.py:641} INFO - Processing file /usr/local/lib/python3.10/dist-packages/airflow/example_dags/example_latest_only.py for tasks to queue
[2022-06-16 20:01:32,169] {logging_mixin.py:115} INFO - [2022-06-16 20:01:32,168] {dagbag.py:507} INFO - Filling up the DagBag from /usr/local/lib/python3.10/dist-packages/airflow/example_dags/example_latest_only.py
[2022-06-16 20:01:32,177] {processor.py:651} INFO - DAG(s) dict_keys(['latest_only']) retrieved from /usr/local/lib/python3.10/dist-packages/airflow/example_dags/example_latest_only.py
[2022-06-16 20:01:32,200] {logging_mixin.py:115} INFO - [2022-06-16 20:01:32,200] {dag.py:2371} INFO - Sync 1 DAGs
[2022-06-16 20:01:32,221] {logging_mixin.py:115} INFO - [2022-06-16 20:01:32,220] {dag.py:2915} INFO - Setting next_dagrun for latest_only to 2022-06-16T10:31:32.220680+00:00, run_after=2022-06-16T14:31:32.220680+00:00
[2022-06-16 20:01:32,244] {processor.py:161} INFO - Processing /usr/local/lib/python3.10/dist-packages/airflow/example_dags/example_latest_only.py took 0.080 seconds
[2022-06-16 20:02:10,165] {processor.py:153} INFO - Started process (PID=5521) to work on /usr/local/lib/python3.10/dist-packages/airflow/example_dags/example_latest_only.py
[2022-06-16 20:02:10,166] {processor.py:641} INFO - Processing file /usr/local/lib/python3.10/dist-packages/airflow/example_dags/example_latest_only.py for tasks to queue
[2022-06-16 20:02:10,167] {logging_mixin.py:115} INFO - [2022-06-16 20:02:10,166] {dagbag.py:507} INFO - Filling up the DagBag from /usr/local/lib/python3.10/dist-packages/airflow/example_dags/example_latest_only.py
[2022-06-16 20:02:10,172] {processor.py:651} INFO - DAG(s) dict_keys(['latest_only']) retrieved from /usr/local/lib/python3.10/dist-packages/airflow/example_dags/example_latest_only.py
[2022-06-16 20:02:10,192] {logging_mixin.py:115} INFO - [2022-06-16 20:02:10,192] {dag.py:2371} INFO - Sync 1 DAGs
[2022-06-16 20:02:10,213] {logging_mixin.py:115} INFO - [2022-06-16 20:02:10,213] {dag.py:2915} INFO - Setting next_dagrun for latest_only to 2022-06-16T10:32:10.212774+00:00, run_after=2022-06-16T14:32:10.212774+00:00
[2022-06-16 20:02:10,233] {processor.py:161} INFO - Processing /usr/local/lib/python3.10/dist-packages/airflow/example_dags/example_latest_only.py took 0.070 seconds
[2022-06-16 20:02:49,235] {processor.py:153} INFO - Started process (PID=5606) to work on /usr/local/lib/python3.10/dist-packages/airflow/example_dags/example_latest_only.py
[2022-06-16 20:02:49,235] {processor.py:641} INFO - Processing file /usr/local/lib/python3.10/dist-packages/airflow/example_dags/example_latest_only.py for tasks to queue
[2022-06-16 20:02:49,236] {logging_mixin.py:115} INFO - [2022-06-16 20:02:49,236] {dagbag.py:507} INFO - Filling up the DagBag from /usr/local/lib/python3.10/dist-packages/airflow/example_dags/example_latest_only.py
[2022-06-16 20:02:49,241] {processor.py:651} INFO - DAG(s) dict_keys(['latest_only']) retrieved from /usr/local/lib/python3.10/dist-packages/airflow/example_dags/example_latest_only.py
[2022-06-16 20:02:49,257] {logging_mixin.py:115} INFO - [2022-06-16 20:02:49,256] {dag.py:2371} INFO - Sync 1 DAGs
[2022-06-16 20:02:49,275] {logging_mixin.py:115} INFO - [2022-06-16 20:02:49,275] {dag.py:2915} INFO - Setting next_dagrun for latest_only to 2022-06-16T10:32:49.275419+00:00, run_after=2022-06-16T14:32:49.275419+00:00
[2022-06-16 20:02:49,297] {processor.py:161} INFO - Processing /usr/local/lib/python3.10/dist-packages/airflow/example_dags/example_latest_only.py took 0.065 seconds
[2022-06-16 20:03:28,198] {processor.py:153} INFO - Started process (PID=5704) to work on /usr/local/lib/python3.10/dist-packages/airflow/example_dags/example_latest_only.py
[2022-06-16 20:03:28,198] {processor.py:641} INFO - Processing file /usr/local/lib/python3.10/dist-packages/airflow/example_dags/example_latest_only.py for tasks to queue
[2022-06-16 20:03:28,199] {logging_mixin.py:115} INFO - [2022-06-16 20:03:28,199] {dagbag.py:507} INFO - Filling up the DagBag from /usr/local/lib/python3.10/dist-packages/airflow/example_dags/example_latest_only.py
[2022-06-16 20:03:28,204] {processor.py:651} INFO - DAG(s) dict_keys(['latest_only']) retrieved from /usr/local/lib/python3.10/dist-packages/airflow/example_dags/example_latest_only.py
[2022-06-16 20:03:28,220] {logging_mixin.py:115} INFO - [2022-06-16 20:03:28,220] {dag.py:2371} INFO - Sync 1 DAGs
[2022-06-16 20:03:28,240] {logging_mixin.py:115} INFO - [2022-06-16 20:03:28,240] {dag.py:2915} INFO - Setting next_dagrun for latest_only to 2022-06-16T10:33:28.239738+00:00, run_after=2022-06-16T14:33:28.239738+00:00
[2022-06-16 20:03:28,259] {processor.py:161} INFO - Processing /usr/local/lib/python3.10/dist-packages/airflow/example_dags/example_latest_only.py took 0.064 seconds
[2022-06-16 20:04:07,476] {processor.py:153} INFO - Started process (PID=5826) to work on /usr/local/lib/python3.10/dist-packages/airflow/example_dags/example_latest_only.py
[2022-06-16 20:04:07,477] {processor.py:641} INFO - Processing file /usr/local/lib/python3.10/dist-packages/airflow/example_dags/example_latest_only.py for tasks to queue
[2022-06-16 20:04:07,477] {logging_mixin.py:115} INFO - [2022-06-16 20:04:07,477] {dagbag.py:507} INFO - Filling up the DagBag from /usr/local/lib/python3.10/dist-packages/airflow/example_dags/example_latest_only.py
[2022-06-16 20:04:07,482] {processor.py:651} INFO - DAG(s) dict_keys(['latest_only']) retrieved from /usr/local/lib/python3.10/dist-packages/airflow/example_dags/example_latest_only.py
[2022-06-16 20:04:07,499] {logging_mixin.py:115} INFO - [2022-06-16 20:04:07,499] {dag.py:2371} INFO - Sync 1 DAGs
[2022-06-16 20:04:07,521] {logging_mixin.py:115} INFO - [2022-06-16 20:04:07,521] {dag.py:2915} INFO - Setting next_dagrun for latest_only to 2022-06-16T10:34:07.520932+00:00, run_after=2022-06-16T14:34:07.520932+00:00
[2022-06-16 20:04:07,579] {processor.py:161} INFO - Processing /usr/local/lib/python3.10/dist-packages/airflow/example_dags/example_latest_only.py took 0.106 seconds
[2022-06-16 20:04:45,065] {processor.py:153} INFO - Started process (PID=5908) to work on /usr/local/lib/python3.10/dist-packages/airflow/example_dags/example_latest_only.py
[2022-06-16 20:04:45,065] {processor.py:641} INFO - Processing file /usr/local/lib/python3.10/dist-packages/airflow/example_dags/example_latest_only.py for tasks to queue
[2022-06-16 20:04:45,066] {logging_mixin.py:115} INFO - [2022-06-16 20:04:45,066] {dagbag.py:507} INFO - Filling up the DagBag from /usr/local/lib/python3.10/dist-packages/airflow/example_dags/example_latest_only.py
[2022-06-16 20:04:45,071] {processor.py:651} INFO - DAG(s) dict_keys(['latest_only']) retrieved from /usr/local/lib/python3.10/dist-packages/airflow/example_dags/example_latest_only.py
[2022-06-16 20:04:45,087] {logging_mixin.py:115} INFO - [2022-06-16 20:04:45,087] {dag.py:2371} INFO - Sync 1 DAGs
[2022-06-16 20:04:45,107] {logging_mixin.py:115} INFO - [2022-06-16 20:04:45,107] {dag.py:2915} INFO - Setting next_dagrun for latest_only to 2022-06-16T10:34:45.107341+00:00, run_after=2022-06-16T14:34:45.107341+00:00
[2022-06-16 20:04:45,127] {processor.py:161} INFO - Processing /usr/local/lib/python3.10/dist-packages/airflow/example_dags/example_latest_only.py took 0.066 seconds
[2022-06-16 20:05:23,993] {processor.py:153} INFO - Started process (PID=6003) to work on /usr/local/lib/python3.10/dist-packages/airflow/example_dags/example_latest_only.py
[2022-06-16 20:05:23,993] {processor.py:641} INFO - Processing file /usr/local/lib/python3.10/dist-packages/airflow/example_dags/example_latest_only.py for tasks to queue
[2022-06-16 20:05:23,994] {logging_mixin.py:115} INFO - [2022-06-16 20:05:23,994] {dagbag.py:507} INFO - Filling up the DagBag from /usr/local/lib/python3.10/dist-packages/airflow/example_dags/example_latest_only.py
[2022-06-16 20:05:23,999] {processor.py:651} INFO - DAG(s) dict_keys(['latest_only']) retrieved from /usr/local/lib/python3.10/dist-packages/airflow/example_dags/example_latest_only.py
[2022-06-16 20:05:24,016] {logging_mixin.py:115} INFO - [2022-06-16 20:05:24,016] {dag.py:2371} INFO - Sync 1 DAGs
[2022-06-16 20:05:24,041] {logging_mixin.py:115} INFO - [2022-06-16 20:05:24,041] {dag.py:2915} INFO - Setting next_dagrun for latest_only to 2022-06-16T10:35:24.041157+00:00, run_after=2022-06-16T14:35:24.041157+00:00
[2022-06-16 20:05:24,062] {processor.py:161} INFO - Processing /usr/local/lib/python3.10/dist-packages/airflow/example_dags/example_latest_only.py took 0.073 seconds
[2022-06-16 20:05:57,467] {processor.py:153} INFO - Started process (PID=6083) to work on /usr/local/lib/python3.10/dist-packages/airflow/example_dags/example_latest_only.py
[2022-06-16 20:05:57,468] {processor.py:641} INFO - Processing file /usr/local/lib/python3.10/dist-packages/airflow/example_dags/example_latest_only.py for tasks to queue
[2022-06-16 20:05:57,469] {logging_mixin.py:115} INFO - [2022-06-16 20:05:57,469] {dagbag.py:507} INFO - Filling up the DagBag from /usr/local/lib/python3.10/dist-packages/airflow/example_dags/example_latest_only.py
[2022-06-16 20:05:57,473] {processor.py:651} INFO - DAG(s) dict_keys(['latest_only']) retrieved from /usr/local/lib/python3.10/dist-packages/airflow/example_dags/example_latest_only.py
[2022-06-16 20:05:57,489] {logging_mixin.py:115} INFO - [2022-06-16 20:05:57,489] {dag.py:2371} INFO - Sync 1 DAGs
[2022-06-16 20:05:57,508] {logging_mixin.py:115} INFO - [2022-06-16 20:05:57,508] {dag.py:2915} INFO - Setting next_dagrun for latest_only to 2022-06-16T10:35:57.507769+00:00, run_after=2022-06-16T14:35:57.507769+00:00
[2022-06-16 20:05:57,529] {processor.py:161} INFO - Processing /usr/local/lib/python3.10/dist-packages/airflow/example_dags/example_latest_only.py took 0.065 seconds
[2022-06-16 20:06:34,705] {processor.py:153} INFO - Started process (PID=6164) to work on /usr/local/lib/python3.10/dist-packages/airflow/example_dags/example_latest_only.py
[2022-06-16 20:06:34,706] {processor.py:641} INFO - Processing file /usr/local/lib/python3.10/dist-packages/airflow/example_dags/example_latest_only.py for tasks to queue
[2022-06-16 20:06:34,706] {logging_mixin.py:115} INFO - [2022-06-16 20:06:34,706] {dagbag.py:507} INFO - Filling up the DagBag from /usr/local/lib/python3.10/dist-packages/airflow/example_dags/example_latest_only.py
[2022-06-16 20:06:34,711] {processor.py:651} INFO - DAG(s) dict_keys(['latest_only']) retrieved from /usr/local/lib/python3.10/dist-packages/airflow/example_dags/example_latest_only.py
[2022-06-16 20:06:34,727] {logging_mixin.py:115} INFO - [2022-06-16 20:06:34,727] {dag.py:2371} INFO - Sync 1 DAGs
[2022-06-16 20:06:34,746] {logging_mixin.py:115} INFO - [2022-06-16 20:06:34,746] {dag.py:2915} INFO - Setting next_dagrun for latest_only to 2022-06-16T10:36:34.746172+00:00, run_after=2022-06-16T14:36:34.746172+00:00
[2022-06-16 20:06:34,766] {processor.py:161} INFO - Processing /usr/local/lib/python3.10/dist-packages/airflow/example_dags/example_latest_only.py took 0.064 seconds
[2022-06-16 20:07:14,092] {processor.py:153} INFO - Started process (PID=6260) to work on /usr/local/lib/python3.10/dist-packages/airflow/example_dags/example_latest_only.py
[2022-06-16 20:07:14,093] {processor.py:641} INFO - Processing file /usr/local/lib/python3.10/dist-packages/airflow/example_dags/example_latest_only.py for tasks to queue
[2022-06-16 20:07:14,093] {logging_mixin.py:115} INFO - [2022-06-16 20:07:14,093] {dagbag.py:507} INFO - Filling up the DagBag from /usr/local/lib/python3.10/dist-packages/airflow/example_dags/example_latest_only.py
[2022-06-16 20:07:14,098] {processor.py:651} INFO - DAG(s) dict_keys(['latest_only']) retrieved from /usr/local/lib/python3.10/dist-packages/airflow/example_dags/example_latest_only.py
[2022-06-16 20:07:14,113] {logging_mixin.py:115} INFO - [2022-06-16 20:07:14,113] {dag.py:2371} INFO - Sync 1 DAGs
[2022-06-16 20:07:14,131] {logging_mixin.py:115} INFO - [2022-06-16 20:07:14,131] {dag.py:2915} INFO - Setting next_dagrun for latest_only to 2022-06-16T10:37:14.131579+00:00, run_after=2022-06-16T14:37:14.131579+00:00
[2022-06-16 20:07:14,151] {processor.py:161} INFO - Processing /usr/local/lib/python3.10/dist-packages/airflow/example_dags/example_latest_only.py took 0.062 seconds
[2022-06-16 20:07:50,629] {processor.py:153} INFO - Started process (PID=6342) to work on /usr/local/lib/python3.10/dist-packages/airflow/example_dags/example_latest_only.py
[2022-06-16 20:07:50,630] {processor.py:641} INFO - Processing file /usr/local/lib/python3.10/dist-packages/airflow/example_dags/example_latest_only.py for tasks to queue
[2022-06-16 20:07:50,630] {logging_mixin.py:115} INFO - [2022-06-16 20:07:50,630] {dagbag.py:507} INFO - Filling up the DagBag from /usr/local/lib/python3.10/dist-packages/airflow/example_dags/example_latest_only.py
[2022-06-16 20:07:50,635] {processor.py:651} INFO - DAG(s) dict_keys(['latest_only']) retrieved from /usr/local/lib/python3.10/dist-packages/airflow/example_dags/example_latest_only.py
[2022-06-16 20:07:50,651] {logging_mixin.py:115} INFO - [2022-06-16 20:07:50,651] {dag.py:2371} INFO - Sync 1 DAGs
[2022-06-16 20:07:50,670] {logging_mixin.py:115} INFO - [2022-06-16 20:07:50,670] {dag.py:2915} INFO - Setting next_dagrun for latest_only to 2022-06-16T10:37:50.670525+00:00, run_after=2022-06-16T14:37:50.670525+00:00
[2022-06-16 20:07:50,690] {processor.py:161} INFO - Processing /usr/local/lib/python3.10/dist-packages/airflow/example_dags/example_latest_only.py took 0.064 seconds
[2022-06-16 20:08:27,233] {processor.py:153} INFO - Started process (PID=6427) to work on /usr/local/lib/python3.10/dist-packages/airflow/example_dags/example_latest_only.py
[2022-06-16 20:08:27,233] {processor.py:641} INFO - Processing file /usr/local/lib/python3.10/dist-packages/airflow/example_dags/example_latest_only.py for tasks to queue
[2022-06-16 20:08:27,234] {logging_mixin.py:115} INFO - [2022-06-16 20:08:27,234] {dagbag.py:507} INFO - Filling up the DagBag from /usr/local/lib/python3.10/dist-packages/airflow/example_dags/example_latest_only.py
[2022-06-16 20:08:27,239] {processor.py:651} INFO - DAG(s) dict_keys(['latest_only']) retrieved from /usr/local/lib/python3.10/dist-packages/airflow/example_dags/example_latest_only.py
[2022-06-16 20:08:27,254] {logging_mixin.py:115} INFO - [2022-06-16 20:08:27,254] {dag.py:2371} INFO - Sync 1 DAGs
[2022-06-16 20:08:27,273] {logging_mixin.py:115} INFO - [2022-06-16 20:08:27,273] {dag.py:2915} INFO - Setting next_dagrun for latest_only to 2022-06-16T10:38:27.273360+00:00, run_after=2022-06-16T14:38:27.273360+00:00
[2022-06-16 20:08:27,293] {processor.py:161} INFO - Processing /usr/local/lib/python3.10/dist-packages/airflow/example_dags/example_latest_only.py took 0.063 seconds
[2022-06-16 20:09:04,952] {processor.py:153} INFO - Started process (PID=6548) to work on /usr/local/lib/python3.10/dist-packages/airflow/example_dags/example_latest_only.py
[2022-06-16 20:09:04,953] {processor.py:641} INFO - Processing file /usr/local/lib/python3.10/dist-packages/airflow/example_dags/example_latest_only.py for tasks to queue
[2022-06-16 20:09:04,953] {logging_mixin.py:115} INFO - [2022-06-16 20:09:04,953] {dagbag.py:507} INFO - Filling up the DagBag from /usr/local/lib/python3.10/dist-packages/airflow/example_dags/example_latest_only.py
[2022-06-16 20:09:04,958] {processor.py:651} INFO - DAG(s) dict_keys(['latest_only']) retrieved from /usr/local/lib/python3.10/dist-packages/airflow/example_dags/example_latest_only.py
[2022-06-16 20:09:04,974] {logging_mixin.py:115} INFO - [2022-06-16 20:09:04,974] {dag.py:2371} INFO - Sync 1 DAGs
[2022-06-16 20:09:04,993] {logging_mixin.py:115} INFO - [2022-06-16 20:09:04,993] {dag.py:2915} INFO - Setting next_dagrun for latest_only to 2022-06-16T10:39:04.992926+00:00, run_after=2022-06-16T14:39:04.992926+00:00
[2022-06-16 20:09:05,013] {processor.py:161} INFO - Processing /usr/local/lib/python3.10/dist-packages/airflow/example_dags/example_latest_only.py took 0.063 seconds
[2022-06-16 20:09:42,975] {processor.py:153} INFO - Started process (PID=6616) to work on /usr/local/lib/python3.10/dist-packages/airflow/example_dags/example_latest_only.py
[2022-06-16 20:09:42,976] {processor.py:641} INFO - Processing file /usr/local/lib/python3.10/dist-packages/airflow/example_dags/example_latest_only.py for tasks to queue
[2022-06-16 20:09:42,976] {logging_mixin.py:115} INFO - [2022-06-16 20:09:42,976] {dagbag.py:507} INFO - Filling up the DagBag from /usr/local/lib/python3.10/dist-packages/airflow/example_dags/example_latest_only.py
[2022-06-16 20:09:42,981] {processor.py:651} INFO - DAG(s) dict_keys(['latest_only']) retrieved from /usr/local/lib/python3.10/dist-packages/airflow/example_dags/example_latest_only.py
[2022-06-16 20:09:42,997] {logging_mixin.py:115} INFO - [2022-06-16 20:09:42,997] {dag.py:2371} INFO - Sync 1 DAGs
[2022-06-16 20:09:43,016] {logging_mixin.py:115} INFO - [2022-06-16 20:09:43,016] {dag.py:2915} INFO - Setting next_dagrun for latest_only to 2022-06-16T10:39:43.015855+00:00, run_after=2022-06-16T14:39:43.015855+00:00
[2022-06-16 20:09:43,035] {processor.py:161} INFO - Processing /usr/local/lib/python3.10/dist-packages/airflow/example_dags/example_latest_only.py took 0.063 seconds
[2022-06-16 20:10:23,618] {processor.py:153} INFO - Started process (PID=6705) to work on /usr/local/lib/python3.10/dist-packages/airflow/example_dags/example_latest_only.py
[2022-06-16 20:10:23,618] {processor.py:641} INFO - Processing file /usr/local/lib/python3.10/dist-packages/airflow/example_dags/example_latest_only.py for tasks to queue
[2022-06-16 20:10:23,619] {logging_mixin.py:115} INFO - [2022-06-16 20:10:23,619] {dagbag.py:507} INFO - Filling up the DagBag from /usr/local/lib/python3.10/dist-packages/airflow/example_dags/example_latest_only.py
[2022-06-16 20:10:23,624] {processor.py:651} INFO - DAG(s) dict_keys(['latest_only']) retrieved from /usr/local/lib/python3.10/dist-packages/airflow/example_dags/example_latest_only.py
[2022-06-16 20:10:23,640] {logging_mixin.py:115} INFO - [2022-06-16 20:10:23,640] {dag.py:2371} INFO - Sync 1 DAGs
[2022-06-16 20:10:23,660] {logging_mixin.py:115} INFO - [2022-06-16 20:10:23,660] {dag.py:2915} INFO - Setting next_dagrun for latest_only to 2022-06-16T10:40:23.660153+00:00, run_after=2022-06-16T14:40:23.660153+00:00
[2022-06-16 20:10:23,731] {processor.py:161} INFO - Processing /usr/local/lib/python3.10/dist-packages/airflow/example_dags/example_latest_only.py took 0.116 seconds
[2022-06-16 20:11:02,730] {processor.py:153} INFO - Started process (PID=6802) to work on /usr/local/lib/python3.10/dist-packages/airflow/example_dags/example_latest_only.py
[2022-06-16 20:11:02,731] {processor.py:641} INFO - Processing file /usr/local/lib/python3.10/dist-packages/airflow/example_dags/example_latest_only.py for tasks to queue
[2022-06-16 20:11:02,731] {logging_mixin.py:115} INFO - [2022-06-16 20:11:02,731] {dagbag.py:507} INFO - Filling up the DagBag from /usr/local/lib/python3.10/dist-packages/airflow/example_dags/example_latest_only.py
[2022-06-16 20:11:02,736] {processor.py:651} INFO - DAG(s) dict_keys(['latest_only']) retrieved from /usr/local/lib/python3.10/dist-packages/airflow/example_dags/example_latest_only.py
[2022-06-16 20:11:02,753] {logging_mixin.py:115} INFO - [2022-06-16 20:11:02,753] {dag.py:2371} INFO - Sync 1 DAGs
[2022-06-16 20:11:02,772] {logging_mixin.py:115} INFO - [2022-06-16 20:11:02,772] {dag.py:2915} INFO - Setting next_dagrun for latest_only to 2022-06-16T10:41:02.772067+00:00, run_after=2022-06-16T14:41:02.772067+00:00
[2022-06-16 20:11:02,792] {processor.py:161} INFO - Processing /usr/local/lib/python3.10/dist-packages/airflow/example_dags/example_latest_only.py took 0.066 seconds
[2022-06-16 20:11:40,566] {processor.py:153} INFO - Started process (PID=6885) to work on /usr/local/lib/python3.10/dist-packages/airflow/example_dags/example_latest_only.py
[2022-06-16 20:11:40,567] {processor.py:641} INFO - Processing file /usr/local/lib/python3.10/dist-packages/airflow/example_dags/example_latest_only.py for tasks to queue
[2022-06-16 20:11:40,567] {logging_mixin.py:115} INFO - [2022-06-16 20:11:40,567] {dagbag.py:507} INFO - Filling up the DagBag from /usr/local/lib/python3.10/dist-packages/airflow/example_dags/example_latest_only.py
[2022-06-16 20:11:40,573] {processor.py:651} INFO - DAG(s) dict_keys(['latest_only']) retrieved from /usr/local/lib/python3.10/dist-packages/airflow/example_dags/example_latest_only.py
[2022-06-16 20:11:40,589] {logging_mixin.py:115} INFO - [2022-06-16 20:11:40,589] {dag.py:2371} INFO - Sync 1 DAGs
[2022-06-16 20:11:40,607] {logging_mixin.py:115} INFO - [2022-06-16 20:11:40,607] {dag.py:2915} INFO - Setting next_dagrun for latest_only to 2022-06-16T10:41:40.607335+00:00, run_after=2022-06-16T14:41:40.607335+00:00
[2022-06-16 20:11:40,626] {processor.py:161} INFO - Processing /usr/local/lib/python3.10/dist-packages/airflow/example_dags/example_latest_only.py took 0.063 seconds
[2022-06-16 20:12:20,824] {processor.py:153} INFO - Started process (PID=6975) to work on /usr/local/lib/python3.10/dist-packages/airflow/example_dags/example_latest_only.py
[2022-06-16 20:12:20,825] {processor.py:641} INFO - Processing file /usr/local/lib/python3.10/dist-packages/airflow/example_dags/example_latest_only.py for tasks to queue
[2022-06-16 20:12:20,825] {logging_mixin.py:115} INFO - [2022-06-16 20:12:20,825] {dagbag.py:507} INFO - Filling up the DagBag from /usr/local/lib/python3.10/dist-packages/airflow/example_dags/example_latest_only.py
[2022-06-16 20:12:20,830] {processor.py:651} INFO - DAG(s) dict_keys(['latest_only']) retrieved from /usr/local/lib/python3.10/dist-packages/airflow/example_dags/example_latest_only.py
[2022-06-16 20:12:20,846] {logging_mixin.py:115} INFO - [2022-06-16 20:12:20,846] {dag.py:2371} INFO - Sync 1 DAGs
[2022-06-16 20:12:20,863] {logging_mixin.py:115} INFO - [2022-06-16 20:12:20,863] {dag.py:2915} INFO - Setting next_dagrun for latest_only to 2022-06-16T10:42:20.863219+00:00, run_after=2022-06-16T14:42:20.863219+00:00
[2022-06-16 20:12:20,884] {processor.py:161} INFO - Processing /usr/local/lib/python3.10/dist-packages/airflow/example_dags/example_latest_only.py took 0.062 seconds
[2022-06-16 20:13:00,352] {processor.py:153} INFO - Started process (PID=7069) to work on /usr/local/lib/python3.10/dist-packages/airflow/example_dags/example_latest_only.py
[2022-06-16 20:13:00,353] {processor.py:641} INFO - Processing file /usr/local/lib/python3.10/dist-packages/airflow/example_dags/example_latest_only.py for tasks to queue
[2022-06-16 20:13:00,353] {logging_mixin.py:115} INFO - [2022-06-16 20:13:00,353] {dagbag.py:507} INFO - Filling up the DagBag from /usr/local/lib/python3.10/dist-packages/airflow/example_dags/example_latest_only.py
[2022-06-16 20:13:00,359] {processor.py:651} INFO - DAG(s) dict_keys(['latest_only']) retrieved from /usr/local/lib/python3.10/dist-packages/airflow/example_dags/example_latest_only.py
[2022-06-16 20:13:00,377] {logging_mixin.py:115} INFO - [2022-06-16 20:13:00,376] {dag.py:2371} INFO - Sync 1 DAGs
[2022-06-16 20:13:00,397] {logging_mixin.py:115} INFO - [2022-06-16 20:13:00,397] {dag.py:2915} INFO - Setting next_dagrun for latest_only to 2022-06-16T10:43:00.396846+00:00, run_after=2022-06-16T14:43:00.396846+00:00
[2022-06-16 20:13:00,447] {processor.py:161} INFO - Processing /usr/local/lib/python3.10/dist-packages/airflow/example_dags/example_latest_only.py took 0.098 seconds
[2022-06-16 20:13:40,308] {processor.py:153} INFO - Started process (PID=7171) to work on /usr/local/lib/python3.10/dist-packages/airflow/example_dags/example_latest_only.py
[2022-06-16 20:13:40,309] {processor.py:641} INFO - Processing file /usr/local/lib/python3.10/dist-packages/airflow/example_dags/example_latest_only.py for tasks to queue
[2022-06-16 20:13:40,310] {logging_mixin.py:115} INFO - [2022-06-16 20:13:40,309] {dagbag.py:507} INFO - Filling up the DagBag from /usr/local/lib/python3.10/dist-packages/airflow/example_dags/example_latest_only.py
[2022-06-16 20:13:40,314] {processor.py:651} INFO - DAG(s) dict_keys(['latest_only']) retrieved from /usr/local/lib/python3.10/dist-packages/airflow/example_dags/example_latest_only.py
[2022-06-16 20:13:40,331] {logging_mixin.py:115} INFO - [2022-06-16 20:13:40,331] {dag.py:2371} INFO - Sync 1 DAGs
[2022-06-16 20:13:40,350] {logging_mixin.py:115} INFO - [2022-06-16 20:13:40,350] {dag.py:2915} INFO - Setting next_dagrun for latest_only to 2022-06-16T10:43:40.349763+00:00, run_after=2022-06-16T14:43:40.349763+00:00
[2022-06-16 20:13:40,383] {processor.py:161} INFO - Processing /usr/local/lib/python3.10/dist-packages/airflow/example_dags/example_latest_only.py took 0.078 seconds
[2022-06-16 20:14:15,410] {processor.py:153} INFO - Started process (PID=7284) to work on /usr/local/lib/python3.10/dist-packages/airflow/example_dags/example_latest_only.py
[2022-06-16 20:14:15,411] {processor.py:641} INFO - Processing file /usr/local/lib/python3.10/dist-packages/airflow/example_dags/example_latest_only.py for tasks to queue
[2022-06-16 20:14:15,411] {logging_mixin.py:115} INFO - [2022-06-16 20:14:15,411] {dagbag.py:507} INFO - Filling up the DagBag from /usr/local/lib/python3.10/dist-packages/airflow/example_dags/example_latest_only.py
[2022-06-16 20:14:15,417] {processor.py:651} INFO - DAG(s) dict_keys(['latest_only']) retrieved from /usr/local/lib/python3.10/dist-packages/airflow/example_dags/example_latest_only.py
[2022-06-16 20:14:15,435] {logging_mixin.py:115} INFO - [2022-06-16 20:14:15,435] {dag.py:2371} INFO - Sync 1 DAGs
[2022-06-16 20:14:15,455] {logging_mixin.py:115} INFO - [2022-06-16 20:14:15,455] {dag.py:2915} INFO - Setting next_dagrun for latest_only to 2022-06-16T10:44:15.455606+00:00, run_after=2022-06-16T14:44:15.455606+00:00
[2022-06-16 20:14:15,476] {processor.py:161} INFO - Processing /usr/local/lib/python3.10/dist-packages/airflow/example_dags/example_latest_only.py took 0.069 seconds
[2022-06-16 20:14:51,610] {processor.py:153} INFO - Started process (PID=7370) to work on /usr/local/lib/python3.10/dist-packages/airflow/example_dags/example_latest_only.py
[2022-06-16 20:14:51,610] {processor.py:641} INFO - Processing file /usr/local/lib/python3.10/dist-packages/airflow/example_dags/example_latest_only.py for tasks to queue
[2022-06-16 20:14:51,611] {logging_mixin.py:115} INFO - [2022-06-16 20:14:51,611] {dagbag.py:507} INFO - Filling up the DagBag from /usr/local/lib/python3.10/dist-packages/airflow/example_dags/example_latest_only.py
[2022-06-16 20:14:51,617] {processor.py:651} INFO - DAG(s) dict_keys(['latest_only']) retrieved from /usr/local/lib/python3.10/dist-packages/airflow/example_dags/example_latest_only.py
[2022-06-16 20:14:51,633] {logging_mixin.py:115} INFO - [2022-06-16 20:14:51,633] {dag.py:2371} INFO - Sync 1 DAGs
[2022-06-16 20:14:51,653] {logging_mixin.py:115} INFO - [2022-06-16 20:14:51,653] {dag.py:2915} INFO - Setting next_dagrun for latest_only to 2022-06-16T10:44:51.653331+00:00, run_after=2022-06-16T14:44:51.653331+00:00
[2022-06-16 20:14:51,674] {processor.py:161} INFO - Processing /usr/local/lib/python3.10/dist-packages/airflow/example_dags/example_latest_only.py took 0.067 seconds
[2022-06-16 20:15:23,763] {processor.py:153} INFO - Started process (PID=7452) to work on /usr/local/lib/python3.10/dist-packages/airflow/example_dags/example_latest_only.py
[2022-06-16 20:15:23,764] {processor.py:641} INFO - Processing file /usr/local/lib/python3.10/dist-packages/airflow/example_dags/example_latest_only.py for tasks to queue
[2022-06-16 20:15:23,764] {logging_mixin.py:115} INFO - [2022-06-16 20:15:23,764] {dagbag.py:507} INFO - Filling up the DagBag from /usr/local/lib/python3.10/dist-packages/airflow/example_dags/example_latest_only.py
[2022-06-16 20:15:23,770] {processor.py:651} INFO - DAG(s) dict_keys(['latest_only']) retrieved from /usr/local/lib/python3.10/dist-packages/airflow/example_dags/example_latest_only.py
[2022-06-16 20:15:23,789] {logging_mixin.py:115} INFO - [2022-06-16 20:15:23,789] {dag.py:2371} INFO - Sync 1 DAGs
[2022-06-16 20:15:23,812] {logging_mixin.py:115} INFO - [2022-06-16 20:15:23,812] {dag.py:2915} INFO - Setting next_dagrun for latest_only to 2022-06-16T10:45:23.812407+00:00, run_after=2022-06-16T14:45:23.812407+00:00
[2022-06-16 20:15:23,933] {processor.py:161} INFO - Processing /usr/local/lib/python3.10/dist-packages/airflow/example_dags/example_latest_only.py took 0.172 seconds
[2022-06-16 20:15:58,897] {processor.py:153} INFO - Started process (PID=7528) to work on /usr/local/lib/python3.10/dist-packages/airflow/example_dags/example_latest_only.py
[2022-06-16 20:15:58,897] {processor.py:641} INFO - Processing file /usr/local/lib/python3.10/dist-packages/airflow/example_dags/example_latest_only.py for tasks to queue
[2022-06-16 20:15:58,898] {logging_mixin.py:115} INFO - [2022-06-16 20:15:58,898] {dagbag.py:507} INFO - Filling up the DagBag from /usr/local/lib/python3.10/dist-packages/airflow/example_dags/example_latest_only.py
[2022-06-16 20:15:58,903] {processor.py:651} INFO - DAG(s) dict_keys(['latest_only']) retrieved from /usr/local/lib/python3.10/dist-packages/airflow/example_dags/example_latest_only.py
[2022-06-16 20:15:58,919] {logging_mixin.py:115} INFO - [2022-06-16 20:15:58,919] {dag.py:2371} INFO - Sync 1 DAGs
[2022-06-16 20:15:58,939] {logging_mixin.py:115} INFO - [2022-06-16 20:15:58,939] {dag.py:2915} INFO - Setting next_dagrun for latest_only to 2022-06-16T10:45:58.938794+00:00, run_after=2022-06-16T14:45:58.938794+00:00
[2022-06-16 20:15:59,004] {processor.py:161} INFO - Processing /usr/local/lib/python3.10/dist-packages/airflow/example_dags/example_latest_only.py took 0.110 seconds
[2022-06-16 20:16:34,932] {processor.py:153} INFO - Started process (PID=7614) to work on /usr/local/lib/python3.10/dist-packages/airflow/example_dags/example_latest_only.py
[2022-06-16 20:16:34,933] {processor.py:641} INFO - Processing file /usr/local/lib/python3.10/dist-packages/airflow/example_dags/example_latest_only.py for tasks to queue
[2022-06-16 20:16:34,934] {logging_mixin.py:115} INFO - [2022-06-16 20:16:34,933] {dagbag.py:507} INFO - Filling up the DagBag from /usr/local/lib/python3.10/dist-packages/airflow/example_dags/example_latest_only.py
[2022-06-16 20:16:34,939] {processor.py:651} INFO - DAG(s) dict_keys(['latest_only']) retrieved from /usr/local/lib/python3.10/dist-packages/airflow/example_dags/example_latest_only.py
[2022-06-16 20:16:34,954] {logging_mixin.py:115} INFO - [2022-06-16 20:16:34,954] {dag.py:2371} INFO - Sync 1 DAGs
[2022-06-16 20:16:34,973] {logging_mixin.py:115} INFO - [2022-06-16 20:16:34,973] {dag.py:2915} INFO - Setting next_dagrun for latest_only to 2022-06-16T10:46:34.973291+00:00, run_after=2022-06-16T14:46:34.973291+00:00
[2022-06-16 20:16:34,993] {processor.py:161} INFO - Processing /usr/local/lib/python3.10/dist-packages/airflow/example_dags/example_latest_only.py took 0.063 seconds
[2022-06-16 20:17:16,145] {processor.py:153} INFO - Started process (PID=7713) to work on /usr/local/lib/python3.10/dist-packages/airflow/example_dags/example_latest_only.py
[2022-06-16 20:17:16,146] {processor.py:641} INFO - Processing file /usr/local/lib/python3.10/dist-packages/airflow/example_dags/example_latest_only.py for tasks to queue
[2022-06-16 20:17:16,147] {logging_mixin.py:115} INFO - [2022-06-16 20:17:16,146] {dagbag.py:507} INFO - Filling up the DagBag from /usr/local/lib/python3.10/dist-packages/airflow/example_dags/example_latest_only.py
[2022-06-16 20:17:16,153] {processor.py:651} INFO - DAG(s) dict_keys(['latest_only']) retrieved from /usr/local/lib/python3.10/dist-packages/airflow/example_dags/example_latest_only.py
[2022-06-16 20:17:16,168] {logging_mixin.py:115} INFO - [2022-06-16 20:17:16,168] {dag.py:2371} INFO - Sync 1 DAGs
[2022-06-16 20:17:16,190] {logging_mixin.py:115} INFO - [2022-06-16 20:17:16,190] {dag.py:2915} INFO - Setting next_dagrun for latest_only to 2022-06-16T10:47:16.189960+00:00, run_after=2022-06-16T14:47:16.189960+00:00
[2022-06-16 20:17:16,248] {processor.py:161} INFO - Processing /usr/local/lib/python3.10/dist-packages/airflow/example_dags/example_latest_only.py took 0.105 seconds
[2022-06-16 20:17:54,076] {processor.py:153} INFO - Started process (PID=7801) to work on /usr/local/lib/python3.10/dist-packages/airflow/example_dags/example_latest_only.py
[2022-06-16 20:17:54,076] {processor.py:641} INFO - Processing file /usr/local/lib/python3.10/dist-packages/airflow/example_dags/example_latest_only.py for tasks to queue
[2022-06-16 20:17:54,077] {logging_mixin.py:115} INFO - [2022-06-16 20:17:54,077] {dagbag.py:507} INFO - Filling up the DagBag from /usr/local/lib/python3.10/dist-packages/airflow/example_dags/example_latest_only.py
[2022-06-16 20:17:54,082] {processor.py:651} INFO - DAG(s) dict_keys(['latest_only']) retrieved from /usr/local/lib/python3.10/dist-packages/airflow/example_dags/example_latest_only.py
[2022-06-16 20:17:54,100] {logging_mixin.py:115} INFO - [2022-06-16 20:17:54,099] {dag.py:2371} INFO - Sync 1 DAGs
[2022-06-16 20:17:54,126] {logging_mixin.py:115} INFO - [2022-06-16 20:17:54,126] {dag.py:2915} INFO - Setting next_dagrun for latest_only to 2022-06-16T10:47:54.126073+00:00, run_after=2022-06-16T14:47:54.126073+00:00
[2022-06-16 20:17:54,186] {processor.py:161} INFO - Processing /usr/local/lib/python3.10/dist-packages/airflow/example_dags/example_latest_only.py took 0.113 seconds
[2022-06-16 20:18:33,204] {processor.py:153} INFO - Started process (PID=7873) to work on /usr/local/lib/python3.10/dist-packages/airflow/example_dags/example_latest_only.py
[2022-06-16 20:18:33,205] {processor.py:641} INFO - Processing file /usr/local/lib/python3.10/dist-packages/airflow/example_dags/example_latest_only.py for tasks to queue
[2022-06-16 20:18:33,206] {logging_mixin.py:115} INFO - [2022-06-16 20:18:33,205] {dagbag.py:507} INFO - Filling up the DagBag from /usr/local/lib/python3.10/dist-packages/airflow/example_dags/example_latest_only.py
[2022-06-16 20:18:33,211] {processor.py:651} INFO - DAG(s) dict_keys(['latest_only']) retrieved from /usr/local/lib/python3.10/dist-packages/airflow/example_dags/example_latest_only.py
[2022-06-16 20:18:33,228] {logging_mixin.py:115} INFO - [2022-06-16 20:18:33,228] {dag.py:2371} INFO - Sync 1 DAGs
[2022-06-16 20:18:33,247] {logging_mixin.py:115} INFO - [2022-06-16 20:18:33,247] {dag.py:2915} INFO - Setting next_dagrun for latest_only to 2022-06-16T10:48:33.247486+00:00, run_after=2022-06-16T14:48:33.247486+00:00
[2022-06-16 20:18:33,290] {processor.py:161} INFO - Processing /usr/local/lib/python3.10/dist-packages/airflow/example_dags/example_latest_only.py took 0.089 seconds
[2022-06-16 20:19:12,807] {processor.py:153} INFO - Started process (PID=7957) to work on /usr/local/lib/python3.10/dist-packages/airflow/example_dags/example_latest_only.py
[2022-06-16 20:19:12,807] {processor.py:641} INFO - Processing file /usr/local/lib/python3.10/dist-packages/airflow/example_dags/example_latest_only.py for tasks to queue
[2022-06-16 20:19:12,808] {logging_mixin.py:115} INFO - [2022-06-16 20:19:12,808] {dagbag.py:507} INFO - Filling up the DagBag from /usr/local/lib/python3.10/dist-packages/airflow/example_dags/example_latest_only.py
[2022-06-16 20:19:12,813] {processor.py:651} INFO - DAG(s) dict_keys(['latest_only']) retrieved from /usr/local/lib/python3.10/dist-packages/airflow/example_dags/example_latest_only.py
[2022-06-16 20:19:12,830] {logging_mixin.py:115} INFO - [2022-06-16 20:19:12,830] {dag.py:2371} INFO - Sync 1 DAGs
[2022-06-16 20:19:12,849] {logging_mixin.py:115} INFO - [2022-06-16 20:19:12,849] {dag.py:2915} INFO - Setting next_dagrun for latest_only to 2022-06-16T10:49:12.849085+00:00, run_after=2022-06-16T14:49:12.849085+00:00
[2022-06-16 20:19:12,897] {processor.py:161} INFO - Processing /usr/local/lib/python3.10/dist-packages/airflow/example_dags/example_latest_only.py took 0.093 seconds
[2022-06-16 20:19:52,130] {processor.py:153} INFO - Started process (PID=8024) to work on /usr/local/lib/python3.10/dist-packages/airflow/example_dags/example_latest_only.py
[2022-06-16 20:19:52,131] {processor.py:641} INFO - Processing file /usr/local/lib/python3.10/dist-packages/airflow/example_dags/example_latest_only.py for tasks to queue
[2022-06-16 20:19:52,131] {logging_mixin.py:115} INFO - [2022-06-16 20:19:52,131] {dagbag.py:507} INFO - Filling up the DagBag from /usr/local/lib/python3.10/dist-packages/airflow/example_dags/example_latest_only.py
[2022-06-16 20:19:52,136] {processor.py:651} INFO - DAG(s) dict_keys(['latest_only']) retrieved from /usr/local/lib/python3.10/dist-packages/airflow/example_dags/example_latest_only.py
[2022-06-16 20:19:52,152] {logging_mixin.py:115} INFO - [2022-06-16 20:19:52,152] {dag.py:2371} INFO - Sync 1 DAGs
[2022-06-16 20:19:52,171] {logging_mixin.py:115} INFO - [2022-06-16 20:19:52,171] {dag.py:2915} INFO - Setting next_dagrun for latest_only to 2022-06-16T10:49:52.171235+00:00, run_after=2022-06-16T14:49:52.171235+00:00
[2022-06-16 20:19:52,190] {processor.py:161} INFO - Processing /usr/local/lib/python3.10/dist-packages/airflow/example_dags/example_latest_only.py took 0.063 seconds
[2022-06-16 20:20:28,815] {processor.py:153} INFO - Started process (PID=8079) to work on /usr/local/lib/python3.10/dist-packages/airflow/example_dags/example_latest_only.py
[2022-06-16 20:20:28,816] {processor.py:641} INFO - Processing file /usr/local/lib/python3.10/dist-packages/airflow/example_dags/example_latest_only.py for tasks to queue
[2022-06-16 20:20:28,816] {logging_mixin.py:115} INFO - [2022-06-16 20:20:28,816] {dagbag.py:507} INFO - Filling up the DagBag from /usr/local/lib/python3.10/dist-packages/airflow/example_dags/example_latest_only.py
[2022-06-16 20:20:28,822] {processor.py:651} INFO - DAG(s) dict_keys(['latest_only']) retrieved from /usr/local/lib/python3.10/dist-packages/airflow/example_dags/example_latest_only.py
[2022-06-16 20:20:28,838] {logging_mixin.py:115} INFO - [2022-06-16 20:20:28,838] {dag.py:2371} INFO - Sync 1 DAGs
[2022-06-16 20:20:28,857] {logging_mixin.py:115} INFO - [2022-06-16 20:20:28,857] {dag.py:2915} INFO - Setting next_dagrun for latest_only to 2022-06-16T10:50:28.857459+00:00, run_after=2022-06-16T14:50:28.857459+00:00
[2022-06-16 20:20:28,915] {processor.py:161} INFO - Processing /usr/local/lib/python3.10/dist-packages/airflow/example_dags/example_latest_only.py took 0.102 seconds
[2022-06-16 20:21:08,229] {processor.py:153} INFO - Started process (PID=8131) to work on /usr/local/lib/python3.10/dist-packages/airflow/example_dags/example_latest_only.py
[2022-06-16 20:21:08,230] {processor.py:641} INFO - Processing file /usr/local/lib/python3.10/dist-packages/airflow/example_dags/example_latest_only.py for tasks to queue
[2022-06-16 20:21:08,230] {logging_mixin.py:115} INFO - [2022-06-16 20:21:08,230] {dagbag.py:507} INFO - Filling up the DagBag from /usr/local/lib/python3.10/dist-packages/airflow/example_dags/example_latest_only.py
[2022-06-16 20:21:08,235] {processor.py:651} INFO - DAG(s) dict_keys(['latest_only']) retrieved from /usr/local/lib/python3.10/dist-packages/airflow/example_dags/example_latest_only.py
[2022-06-16 20:21:08,251] {logging_mixin.py:115} INFO - [2022-06-16 20:21:08,251] {dag.py:2371} INFO - Sync 1 DAGs
[2022-06-16 20:21:08,270] {logging_mixin.py:115} INFO - [2022-06-16 20:21:08,270] {dag.py:2915} INFO - Setting next_dagrun for latest_only to 2022-06-16T10:51:08.270170+00:00, run_after=2022-06-16T14:51:08.270170+00:00
[2022-06-16 20:21:08,297] {processor.py:161} INFO - Processing /usr/local/lib/python3.10/dist-packages/airflow/example_dags/example_latest_only.py took 0.071 seconds
[2022-06-16 20:21:45,965] {processor.py:153} INFO - Started process (PID=8169) to work on /usr/local/lib/python3.10/dist-packages/airflow/example_dags/example_latest_only.py
[2022-06-16 20:21:45,966] {processor.py:641} INFO - Processing file /usr/local/lib/python3.10/dist-packages/airflow/example_dags/example_latest_only.py for tasks to queue
[2022-06-16 20:21:45,967] {logging_mixin.py:115} INFO - [2022-06-16 20:21:45,967] {dagbag.py:507} INFO - Filling up the DagBag from /usr/local/lib/python3.10/dist-packages/airflow/example_dags/example_latest_only.py
[2022-06-16 20:21:45,972] {processor.py:651} INFO - DAG(s) dict_keys(['latest_only']) retrieved from /usr/local/lib/python3.10/dist-packages/airflow/example_dags/example_latest_only.py
[2022-06-16 20:21:45,988] {logging_mixin.py:115} INFO - [2022-06-16 20:21:45,988] {dag.py:2371} INFO - Sync 1 DAGs
[2022-06-16 20:21:46,007] {logging_mixin.py:115} INFO - [2022-06-16 20:21:46,007] {dag.py:2915} INFO - Setting next_dagrun for latest_only to 2022-06-16T10:51:46.007498+00:00, run_after=2022-06-16T14:51:46.007498+00:00
[2022-06-16 20:21:46,069] {processor.py:161} INFO - Processing /usr/local/lib/python3.10/dist-packages/airflow/example_dags/example_latest_only.py took 0.107 seconds
[2022-06-16 20:22:24,682] {processor.py:153} INFO - Started process (PID=8212) to work on /usr/local/lib/python3.10/dist-packages/airflow/example_dags/example_latest_only.py
[2022-06-16 20:22:24,683] {processor.py:641} INFO - Processing file /usr/local/lib/python3.10/dist-packages/airflow/example_dags/example_latest_only.py for tasks to queue
[2022-06-16 20:22:24,683] {logging_mixin.py:115} INFO - [2022-06-16 20:22:24,683] {dagbag.py:507} INFO - Filling up the DagBag from /usr/local/lib/python3.10/dist-packages/airflow/example_dags/example_latest_only.py
[2022-06-16 20:22:24,688] {processor.py:651} INFO - DAG(s) dict_keys(['latest_only']) retrieved from /usr/local/lib/python3.10/dist-packages/airflow/example_dags/example_latest_only.py
[2022-06-16 20:22:24,704] {logging_mixin.py:115} INFO - [2022-06-16 20:22:24,704] {dag.py:2371} INFO - Sync 1 DAGs
[2022-06-16 20:22:24,724] {logging_mixin.py:115} INFO - [2022-06-16 20:22:24,724] {dag.py:2915} INFO - Setting next_dagrun for latest_only to 2022-06-16T10:52:24.724219+00:00, run_after=2022-06-16T14:52:24.724219+00:00
[2022-06-16 20:22:24,772] {processor.py:161} INFO - Processing /usr/local/lib/python3.10/dist-packages/airflow/example_dags/example_latest_only.py took 0.093 seconds
[2022-06-16 20:23:01,417] {processor.py:153} INFO - Started process (PID=8273) to work on /usr/local/lib/python3.10/dist-packages/airflow/example_dags/example_latest_only.py
[2022-06-16 20:23:01,417] {processor.py:641} INFO - Processing file /usr/local/lib/python3.10/dist-packages/airflow/example_dags/example_latest_only.py for tasks to queue
[2022-06-16 20:23:01,418] {logging_mixin.py:115} INFO - [2022-06-16 20:23:01,418] {dagbag.py:507} INFO - Filling up the DagBag from /usr/local/lib/python3.10/dist-packages/airflow/example_dags/example_latest_only.py
[2022-06-16 20:23:01,423] {processor.py:651} INFO - DAG(s) dict_keys(['latest_only']) retrieved from /usr/local/lib/python3.10/dist-packages/airflow/example_dags/example_latest_only.py
[2022-06-16 20:23:01,440] {logging_mixin.py:115} INFO - [2022-06-16 20:23:01,439] {dag.py:2371} INFO - Sync 1 DAGs
[2022-06-16 20:23:01,459] {logging_mixin.py:115} INFO - [2022-06-16 20:23:01,459] {dag.py:2915} INFO - Setting next_dagrun for latest_only to 2022-06-16T10:53:01.459549+00:00, run_after=2022-06-16T14:53:01.459549+00:00
[2022-06-16 20:23:01,525] {processor.py:161} INFO - Processing /usr/local/lib/python3.10/dist-packages/airflow/example_dags/example_latest_only.py took 0.111 seconds
[2022-06-16 20:23:38,496] {processor.py:153} INFO - Started process (PID=8314) to work on /usr/local/lib/python3.10/dist-packages/airflow/example_dags/example_latest_only.py
[2022-06-16 20:23:38,497] {processor.py:641} INFO - Processing file /usr/local/lib/python3.10/dist-packages/airflow/example_dags/example_latest_only.py for tasks to queue
[2022-06-16 20:23:38,497] {logging_mixin.py:115} INFO - [2022-06-16 20:23:38,497] {dagbag.py:507} INFO - Filling up the DagBag from /usr/local/lib/python3.10/dist-packages/airflow/example_dags/example_latest_only.py
[2022-06-16 20:23:38,503] {processor.py:651} INFO - DAG(s) dict_keys(['latest_only']) retrieved from /usr/local/lib/python3.10/dist-packages/airflow/example_dags/example_latest_only.py
[2022-06-16 20:23:38,520] {logging_mixin.py:115} INFO - [2022-06-16 20:23:38,519] {dag.py:2371} INFO - Sync 1 DAGs
[2022-06-16 20:23:38,539] {logging_mixin.py:115} INFO - [2022-06-16 20:23:38,539] {dag.py:2915} INFO - Setting next_dagrun for latest_only to 2022-06-16T10:53:38.539242+00:00, run_after=2022-06-16T14:53:38.539242+00:00
[2022-06-16 20:23:38,559] {processor.py:161} INFO - Processing /usr/local/lib/python3.10/dist-packages/airflow/example_dags/example_latest_only.py took 0.067 seconds
[2022-06-16 20:24:18,648] {processor.py:153} INFO - Started process (PID=8396) to work on /usr/local/lib/python3.10/dist-packages/airflow/example_dags/example_latest_only.py
[2022-06-16 20:24:18,701] {processor.py:641} INFO - Processing file /usr/local/lib/python3.10/dist-packages/airflow/example_dags/example_latest_only.py for tasks to queue
[2022-06-16 20:24:18,701] {logging_mixin.py:115} INFO - [2022-06-16 20:24:18,701] {dagbag.py:507} INFO - Filling up the DagBag from /usr/local/lib/python3.10/dist-packages/airflow/example_dags/example_latest_only.py
[2022-06-16 20:24:18,707] {processor.py:651} INFO - DAG(s) dict_keys(['latest_only']) retrieved from /usr/local/lib/python3.10/dist-packages/airflow/example_dags/example_latest_only.py
[2022-06-16 20:24:18,722] {logging_mixin.py:115} INFO - [2022-06-16 20:24:18,722] {dag.py:2371} INFO - Sync 1 DAGs
[2022-06-16 20:24:18,742] {logging_mixin.py:115} INFO - [2022-06-16 20:24:18,742] {dag.py:2915} INFO - Setting next_dagrun for latest_only to 2022-06-16T10:54:18.742324+00:00, run_after=2022-06-16T14:54:18.742324+00:00
[2022-06-16 20:24:18,764] {processor.py:161} INFO - Processing /usr/local/lib/python3.10/dist-packages/airflow/example_dags/example_latest_only.py took 0.119 seconds
[2022-06-16 20:24:57,732] {processor.py:153} INFO - Started process (PID=8456) to work on /usr/local/lib/python3.10/dist-packages/airflow/example_dags/example_latest_only.py
[2022-06-16 20:24:57,733] {processor.py:641} INFO - Processing file /usr/local/lib/python3.10/dist-packages/airflow/example_dags/example_latest_only.py for tasks to queue
[2022-06-16 20:24:57,733] {logging_mixin.py:115} INFO - [2022-06-16 20:24:57,733] {dagbag.py:507} INFO - Filling up the DagBag from /usr/local/lib/python3.10/dist-packages/airflow/example_dags/example_latest_only.py
[2022-06-16 20:24:57,738] {processor.py:651} INFO - DAG(s) dict_keys(['latest_only']) retrieved from /usr/local/lib/python3.10/dist-packages/airflow/example_dags/example_latest_only.py
[2022-06-16 20:24:57,756] {logging_mixin.py:115} INFO - [2022-06-16 20:24:57,756] {dag.py:2371} INFO - Sync 1 DAGs
[2022-06-16 20:24:57,779] {logging_mixin.py:115} INFO - [2022-06-16 20:24:57,779] {dag.py:2915} INFO - Setting next_dagrun for latest_only to 2022-06-16T10:54:57.778770+00:00, run_after=2022-06-16T14:54:57.778770+00:00
[2022-06-16 20:24:57,825] {processor.py:161} INFO - Processing /usr/local/lib/python3.10/dist-packages/airflow/example_dags/example_latest_only.py took 0.095 seconds
[2022-06-16 20:25:35,472] {processor.py:153} INFO - Started process (PID=8502) to work on /usr/local/lib/python3.10/dist-packages/airflow/example_dags/example_latest_only.py
[2022-06-16 20:25:35,472] {processor.py:641} INFO - Processing file /usr/local/lib/python3.10/dist-packages/airflow/example_dags/example_latest_only.py for tasks to queue
[2022-06-16 20:25:35,473] {logging_mixin.py:115} INFO - [2022-06-16 20:25:35,473] {dagbag.py:507} INFO - Filling up the DagBag from /usr/local/lib/python3.10/dist-packages/airflow/example_dags/example_latest_only.py
[2022-06-16 20:25:35,478] {processor.py:651} INFO - DAG(s) dict_keys(['latest_only']) retrieved from /usr/local/lib/python3.10/dist-packages/airflow/example_dags/example_latest_only.py
[2022-06-16 20:25:35,495] {logging_mixin.py:115} INFO - [2022-06-16 20:25:35,495] {dag.py:2371} INFO - Sync 1 DAGs
[2022-06-16 20:25:35,514] {logging_mixin.py:115} INFO - [2022-06-16 20:25:35,514] {dag.py:2915} INFO - Setting next_dagrun for latest_only to 2022-06-16T10:55:35.514153+00:00, run_after=2022-06-16T14:55:35.514153+00:00
[2022-06-16 20:25:35,534] {processor.py:161} INFO - Processing /usr/local/lib/python3.10/dist-packages/airflow/example_dags/example_latest_only.py took 0.065 seconds
[2022-06-16 20:26:12,919] {processor.py:153} INFO - Started process (PID=8545) to work on /usr/local/lib/python3.10/dist-packages/airflow/example_dags/example_latest_only.py
[2022-06-16 20:26:12,920] {processor.py:641} INFO - Processing file /usr/local/lib/python3.10/dist-packages/airflow/example_dags/example_latest_only.py for tasks to queue
[2022-06-16 20:26:12,920] {logging_mixin.py:115} INFO - [2022-06-16 20:26:12,920] {dagbag.py:507} INFO - Filling up the DagBag from /usr/local/lib/python3.10/dist-packages/airflow/example_dags/example_latest_only.py
[2022-06-16 20:26:12,925] {processor.py:651} INFO - DAG(s) dict_keys(['latest_only']) retrieved from /usr/local/lib/python3.10/dist-packages/airflow/example_dags/example_latest_only.py
[2022-06-16 20:26:12,942] {logging_mixin.py:115} INFO - [2022-06-16 20:26:12,942] {dag.py:2371} INFO - Sync 1 DAGs
[2022-06-16 20:26:12,962] {logging_mixin.py:115} INFO - [2022-06-16 20:26:12,962] {dag.py:2915} INFO - Setting next_dagrun for latest_only to 2022-06-16T10:56:12.962559+00:00, run_after=2022-06-16T14:56:12.962559+00:00
[2022-06-16 20:26:12,989] {processor.py:161} INFO - Processing /usr/local/lib/python3.10/dist-packages/airflow/example_dags/example_latest_only.py took 0.073 seconds
[2022-06-16 20:26:45,334] {processor.py:153} INFO - Started process (PID=8588) to work on /usr/local/lib/python3.10/dist-packages/airflow/example_dags/example_latest_only.py
[2022-06-16 20:26:45,334] {processor.py:641} INFO - Processing file /usr/local/lib/python3.10/dist-packages/airflow/example_dags/example_latest_only.py for tasks to queue
[2022-06-16 20:26:45,335] {logging_mixin.py:115} INFO - [2022-06-16 20:26:45,335] {dagbag.py:507} INFO - Filling up the DagBag from /usr/local/lib/python3.10/dist-packages/airflow/example_dags/example_latest_only.py
[2022-06-16 20:26:45,342] {processor.py:651} INFO - DAG(s) dict_keys(['latest_only']) retrieved from /usr/local/lib/python3.10/dist-packages/airflow/example_dags/example_latest_only.py
[2022-06-16 20:26:45,361] {logging_mixin.py:115} INFO - [2022-06-16 20:26:45,361] {dag.py:2371} INFO - Sync 1 DAGs
[2022-06-16 20:26:45,388] {logging_mixin.py:115} INFO - [2022-06-16 20:26:45,388] {dag.py:2915} INFO - Setting next_dagrun for latest_only to 2022-06-16T10:56:45.387929+00:00, run_after=2022-06-16T14:56:45.387929+00:00
[2022-06-16 20:26:45,507] {processor.py:161} INFO - Processing /usr/local/lib/python3.10/dist-packages/airflow/example_dags/example_latest_only.py took 0.176 seconds
