[2022-06-16 19:59:42,553] {processor.py:153} INFO - Started process (PID=5070) to work on /usr/local/lib/python3.10/dist-packages/airflow/example_dags/example_xcom.py
[2022-06-16 19:59:42,553] {processor.py:641} INFO - Processing file /usr/local/lib/python3.10/dist-packages/airflow/example_dags/example_xcom.py for tasks to queue
[2022-06-16 19:59:42,554] {logging_mixin.py:115} INFO - [2022-06-16 19:59:42,554] {dagbag.py:507} INFO - Filling up the DagBag from /usr/local/lib/python3.10/dist-packages/airflow/example_dags/example_xcom.py
[2022-06-16 19:59:42,574] {processor.py:651} INFO - DAG(s) dict_keys(['example_xcom']) retrieved from /usr/local/lib/python3.10/dist-packages/airflow/example_dags/example_xcom.py
[2022-06-16 19:59:42,619] {logging_mixin.py:115} INFO - [2022-06-16 19:59:42,619] {dag.py:2371} INFO - Sync 1 DAGs
[2022-06-16 19:59:42,638] {logging_mixin.py:115} INFO - [2022-06-16 19:59:42,638] {dag.py:2915} INFO - Setting next_dagrun for example_xcom to 2021-01-01T00:00:00+00:00, run_after=2021-01-01T00:00:00+00:00
[2022-06-16 19:59:42,737] {processor.py:161} INFO - Processing /usr/local/lib/python3.10/dist-packages/airflow/example_dags/example_xcom.py took 0.187 seconds
[2022-06-16 20:00:22,311] {processor.py:153} INFO - Started process (PID=5206) to work on /usr/local/lib/python3.10/dist-packages/airflow/example_dags/example_xcom.py
[2022-06-16 20:00:22,312] {processor.py:641} INFO - Processing file /usr/local/lib/python3.10/dist-packages/airflow/example_dags/example_xcom.py for tasks to queue
[2022-06-16 20:00:22,312] {logging_mixin.py:115} INFO - [2022-06-16 20:00:22,312] {dagbag.py:507} INFO - Filling up the DagBag from /usr/local/lib/python3.10/dist-packages/airflow/example_dags/example_xcom.py
[2022-06-16 20:00:22,334] {processor.py:651} INFO - DAG(s) dict_keys(['example_xcom']) retrieved from /usr/local/lib/python3.10/dist-packages/airflow/example_dags/example_xcom.py
[2022-06-16 20:00:22,392] {logging_mixin.py:115} INFO - [2022-06-16 20:00:22,392] {dag.py:2371} INFO - Sync 1 DAGs
[2022-06-16 20:00:22,425] {logging_mixin.py:115} INFO - [2022-06-16 20:00:22,425] {dag.py:2915} INFO - Setting next_dagrun for example_xcom to 2021-01-01T00:00:00+00:00, run_after=2021-01-01T00:00:00+00:00
[2022-06-16 20:00:22,449] {processor.py:161} INFO - Processing /usr/local/lib/python3.10/dist-packages/airflow/example_dags/example_xcom.py took 0.140 seconds
[2022-06-16 20:01:02,649] {processor.py:153} INFO - Started process (PID=5289) to work on /usr/local/lib/python3.10/dist-packages/airflow/example_dags/example_xcom.py
[2022-06-16 20:01:02,723] {processor.py:641} INFO - Processing file /usr/local/lib/python3.10/dist-packages/airflow/example_dags/example_xcom.py for tasks to queue
[2022-06-16 20:01:02,723] {logging_mixin.py:115} INFO - [2022-06-16 20:01:02,723] {dagbag.py:507} INFO - Filling up the DagBag from /usr/local/lib/python3.10/dist-packages/airflow/example_dags/example_xcom.py
[2022-06-16 20:01:02,743] {processor.py:651} INFO - DAG(s) dict_keys(['example_xcom']) retrieved from /usr/local/lib/python3.10/dist-packages/airflow/example_dags/example_xcom.py
[2022-06-16 20:01:02,790] {logging_mixin.py:115} INFO - [2022-06-16 20:01:02,790] {dag.py:2371} INFO - Sync 1 DAGs
[2022-06-16 20:01:02,810] {logging_mixin.py:115} INFO - [2022-06-16 20:01:02,810] {dag.py:2915} INFO - Setting next_dagrun for example_xcom to 2021-01-01T00:00:00+00:00, run_after=2021-01-01T00:00:00+00:00
[2022-06-16 20:01:02,897] {processor.py:161} INFO - Processing /usr/local/lib/python3.10/dist-packages/airflow/example_dags/example_xcom.py took 0.251 seconds
[2022-06-16 20:01:42,669] {processor.py:153} INFO - Started process (PID=5430) to work on /usr/local/lib/python3.10/dist-packages/airflow/example_dags/example_xcom.py
[2022-06-16 20:01:42,716] {processor.py:641} INFO - Processing file /usr/local/lib/python3.10/dist-packages/airflow/example_dags/example_xcom.py for tasks to queue
[2022-06-16 20:01:42,718] {logging_mixin.py:115} INFO - [2022-06-16 20:01:42,717] {dagbag.py:507} INFO - Filling up the DagBag from /usr/local/lib/python3.10/dist-packages/airflow/example_dags/example_xcom.py
[2022-06-16 20:01:42,771] {processor.py:651} INFO - DAG(s) dict_keys(['example_xcom']) retrieved from /usr/local/lib/python3.10/dist-packages/airflow/example_dags/example_xcom.py
[2022-06-16 20:01:42,911] {logging_mixin.py:115} INFO - [2022-06-16 20:01:42,911] {dag.py:2371} INFO - Sync 1 DAGs
[2022-06-16 20:01:42,953] {logging_mixin.py:115} INFO - [2022-06-16 20:01:42,952] {dag.py:2915} INFO - Setting next_dagrun for example_xcom to 2021-01-01T00:00:00+00:00, run_after=2021-01-01T00:00:00+00:00
[2022-06-16 20:01:42,991] {processor.py:161} INFO - Processing /usr/local/lib/python3.10/dist-packages/airflow/example_dags/example_xcom.py took 0.327 seconds
[2022-06-16 20:02:21,971] {processor.py:153} INFO - Started process (PID=5547) to work on /usr/local/lib/python3.10/dist-packages/airflow/example_dags/example_xcom.py
[2022-06-16 20:02:21,972] {processor.py:641} INFO - Processing file /usr/local/lib/python3.10/dist-packages/airflow/example_dags/example_xcom.py for tasks to queue
[2022-06-16 20:02:21,972] {logging_mixin.py:115} INFO - [2022-06-16 20:02:21,972] {dagbag.py:507} INFO - Filling up the DagBag from /usr/local/lib/python3.10/dist-packages/airflow/example_dags/example_xcom.py
[2022-06-16 20:02:21,991] {processor.py:651} INFO - DAG(s) dict_keys(['example_xcom']) retrieved from /usr/local/lib/python3.10/dist-packages/airflow/example_dags/example_xcom.py
[2022-06-16 20:02:22,006] {logging_mixin.py:115} INFO - [2022-06-16 20:02:22,006] {dag.py:2371} INFO - Sync 1 DAGs
[2022-06-16 20:02:22,030] {logging_mixin.py:115} INFO - [2022-06-16 20:02:22,030] {dag.py:2915} INFO - Setting next_dagrun for example_xcom to 2021-01-01T00:00:00+00:00, run_after=2021-01-01T00:00:00+00:00
[2022-06-16 20:02:22,067] {processor.py:161} INFO - Processing /usr/local/lib/python3.10/dist-packages/airflow/example_dags/example_xcom.py took 0.099 seconds
[2022-06-16 20:03:02,000] {processor.py:153} INFO - Started process (PID=5644) to work on /usr/local/lib/python3.10/dist-packages/airflow/example_dags/example_xcom.py
[2022-06-16 20:03:02,000] {processor.py:641} INFO - Processing file /usr/local/lib/python3.10/dist-packages/airflow/example_dags/example_xcom.py for tasks to queue
[2022-06-16 20:03:02,001] {logging_mixin.py:115} INFO - [2022-06-16 20:03:02,001] {dagbag.py:507} INFO - Filling up the DagBag from /usr/local/lib/python3.10/dist-packages/airflow/example_dags/example_xcom.py
[2022-06-16 20:03:02,022] {processor.py:651} INFO - DAG(s) dict_keys(['example_xcom']) retrieved from /usr/local/lib/python3.10/dist-packages/airflow/example_dags/example_xcom.py
[2022-06-16 20:03:02,041] {logging_mixin.py:115} INFO - [2022-06-16 20:03:02,040] {dag.py:2371} INFO - Sync 1 DAGs
[2022-06-16 20:03:02,060] {logging_mixin.py:115} INFO - [2022-06-16 20:03:02,060] {dag.py:2915} INFO - Setting next_dagrun for example_xcom to 2021-01-01T00:00:00+00:00, run_after=2021-01-01T00:00:00+00:00
[2022-06-16 20:03:02,100] {processor.py:161} INFO - Processing /usr/local/lib/python3.10/dist-packages/airflow/example_dags/example_xcom.py took 0.104 seconds
[2022-06-16 20:03:42,977] {processor.py:153} INFO - Started process (PID=5742) to work on /usr/local/lib/python3.10/dist-packages/airflow/example_dags/example_xcom.py
[2022-06-16 20:03:42,978] {processor.py:641} INFO - Processing file /usr/local/lib/python3.10/dist-packages/airflow/example_dags/example_xcom.py for tasks to queue
[2022-06-16 20:03:42,979] {logging_mixin.py:115} INFO - [2022-06-16 20:03:42,979] {dagbag.py:507} INFO - Filling up the DagBag from /usr/local/lib/python3.10/dist-packages/airflow/example_dags/example_xcom.py
[2022-06-16 20:03:43,004] {processor.py:651} INFO - DAG(s) dict_keys(['example_xcom']) retrieved from /usr/local/lib/python3.10/dist-packages/airflow/example_dags/example_xcom.py
[2022-06-16 20:03:43,057] {logging_mixin.py:115} INFO - [2022-06-16 20:03:43,057] {dag.py:2371} INFO - Sync 1 DAGs
[2022-06-16 20:03:43,075] {logging_mixin.py:115} INFO - [2022-06-16 20:03:43,074] {dag.py:2915} INFO - Setting next_dagrun for example_xcom to 2021-01-01T00:00:00+00:00, run_after=2021-01-01T00:00:00+00:00
[2022-06-16 20:03:43,095] {processor.py:161} INFO - Processing /usr/local/lib/python3.10/dist-packages/airflow/example_dags/example_xcom.py took 0.121 seconds
[2022-06-16 20:04:21,375] {processor.py:153} INFO - Started process (PID=5859) to work on /usr/local/lib/python3.10/dist-packages/airflow/example_dags/example_xcom.py
[2022-06-16 20:04:21,376] {processor.py:641} INFO - Processing file /usr/local/lib/python3.10/dist-packages/airflow/example_dags/example_xcom.py for tasks to queue
[2022-06-16 20:04:21,377] {logging_mixin.py:115} INFO - [2022-06-16 20:04:21,377] {dagbag.py:507} INFO - Filling up the DagBag from /usr/local/lib/python3.10/dist-packages/airflow/example_dags/example_xcom.py
[2022-06-16 20:04:21,398] {processor.py:651} INFO - DAG(s) dict_keys(['example_xcom']) retrieved from /usr/local/lib/python3.10/dist-packages/airflow/example_dags/example_xcom.py
[2022-06-16 20:04:21,445] {logging_mixin.py:115} INFO - [2022-06-16 20:04:21,444] {dag.py:2371} INFO - Sync 1 DAGs
[2022-06-16 20:04:21,464] {logging_mixin.py:115} INFO - [2022-06-16 20:04:21,463] {dag.py:2915} INFO - Setting next_dagrun for example_xcom to 2021-01-01T00:00:00+00:00, run_after=2021-01-01T00:00:00+00:00
[2022-06-16 20:04:21,484] {processor.py:161} INFO - Processing /usr/local/lib/python3.10/dist-packages/airflow/example_dags/example_xcom.py took 0.113 seconds
[2022-06-16 20:05:00,740] {processor.py:153} INFO - Started process (PID=5944) to work on /usr/local/lib/python3.10/dist-packages/airflow/example_dags/example_xcom.py
[2022-06-16 20:05:00,741] {processor.py:641} INFO - Processing file /usr/local/lib/python3.10/dist-packages/airflow/example_dags/example_xcom.py for tasks to queue
[2022-06-16 20:05:00,741] {logging_mixin.py:115} INFO - [2022-06-16 20:05:00,741] {dagbag.py:507} INFO - Filling up the DagBag from /usr/local/lib/python3.10/dist-packages/airflow/example_dags/example_xcom.py
[2022-06-16 20:05:00,761] {processor.py:651} INFO - DAG(s) dict_keys(['example_xcom']) retrieved from /usr/local/lib/python3.10/dist-packages/airflow/example_dags/example_xcom.py
[2022-06-16 20:05:00,812] {logging_mixin.py:115} INFO - [2022-06-16 20:05:00,812] {dag.py:2371} INFO - Sync 1 DAGs
[2022-06-16 20:05:00,831] {logging_mixin.py:115} INFO - [2022-06-16 20:05:00,831] {dag.py:2915} INFO - Setting next_dagrun for example_xcom to 2021-01-01T00:00:00+00:00, run_after=2021-01-01T00:00:00+00:00
[2022-06-16 20:05:00,852] {processor.py:161} INFO - Processing /usr/local/lib/python3.10/dist-packages/airflow/example_dags/example_xcom.py took 0.115 seconds
[2022-06-16 20:05:41,243] {processor.py:153} INFO - Started process (PID=6039) to work on /usr/local/lib/python3.10/dist-packages/airflow/example_dags/example_xcom.py
[2022-06-16 20:05:41,244] {processor.py:641} INFO - Processing file /usr/local/lib/python3.10/dist-packages/airflow/example_dags/example_xcom.py for tasks to queue
[2022-06-16 20:05:41,245] {logging_mixin.py:115} INFO - [2022-06-16 20:05:41,245] {dagbag.py:507} INFO - Filling up the DagBag from /usr/local/lib/python3.10/dist-packages/airflow/example_dags/example_xcom.py
[2022-06-16 20:05:41,264] {processor.py:651} INFO - DAG(s) dict_keys(['example_xcom']) retrieved from /usr/local/lib/python3.10/dist-packages/airflow/example_dags/example_xcom.py
[2022-06-16 20:05:41,280] {logging_mixin.py:115} INFO - [2022-06-16 20:05:41,280] {dag.py:2371} INFO - Sync 1 DAGs
[2022-06-16 20:05:41,297] {logging_mixin.py:115} INFO - [2022-06-16 20:05:41,297] {dag.py:2915} INFO - Setting next_dagrun for example_xcom to 2021-01-01T00:00:00+00:00, run_after=2021-01-01T00:00:00+00:00
[2022-06-16 20:05:41,317] {processor.py:161} INFO - Processing /usr/local/lib/python3.10/dist-packages/airflow/example_dags/example_xcom.py took 0.077 seconds
[2022-06-16 20:06:17,944] {processor.py:153} INFO - Started process (PID=6129) to work on /usr/local/lib/python3.10/dist-packages/airflow/example_dags/example_xcom.py
[2022-06-16 20:06:17,945] {processor.py:641} INFO - Processing file /usr/local/lib/python3.10/dist-packages/airflow/example_dags/example_xcom.py for tasks to queue
[2022-06-16 20:06:17,945] {logging_mixin.py:115} INFO - [2022-06-16 20:06:17,945] {dagbag.py:507} INFO - Filling up the DagBag from /usr/local/lib/python3.10/dist-packages/airflow/example_dags/example_xcom.py
[2022-06-16 20:06:17,965] {processor.py:651} INFO - DAG(s) dict_keys(['example_xcom']) retrieved from /usr/local/lib/python3.10/dist-packages/airflow/example_dags/example_xcom.py
[2022-06-16 20:06:18,009] {logging_mixin.py:115} INFO - [2022-06-16 20:06:18,009] {dag.py:2371} INFO - Sync 1 DAGs
[2022-06-16 20:06:18,031] {logging_mixin.py:115} INFO - [2022-06-16 20:06:18,031] {dag.py:2915} INFO - Setting next_dagrun for example_xcom to 2021-01-01T00:00:00+00:00, run_after=2021-01-01T00:00:00+00:00
[2022-06-16 20:06:18,054] {processor.py:161} INFO - Processing /usr/local/lib/python3.10/dist-packages/airflow/example_dags/example_xcom.py took 0.112 seconds
[2022-06-16 20:06:57,886] {processor.py:153} INFO - Started process (PID=6219) to work on /usr/local/lib/python3.10/dist-packages/airflow/example_dags/example_xcom.py
[2022-06-16 20:06:57,886] {processor.py:641} INFO - Processing file /usr/local/lib/python3.10/dist-packages/airflow/example_dags/example_xcom.py for tasks to queue
[2022-06-16 20:06:57,887] {logging_mixin.py:115} INFO - [2022-06-16 20:06:57,887] {dagbag.py:507} INFO - Filling up the DagBag from /usr/local/lib/python3.10/dist-packages/airflow/example_dags/example_xcom.py
[2022-06-16 20:06:57,911] {processor.py:651} INFO - DAG(s) dict_keys(['example_xcom']) retrieved from /usr/local/lib/python3.10/dist-packages/airflow/example_dags/example_xcom.py
[2022-06-16 20:06:57,960] {logging_mixin.py:115} INFO - [2022-06-16 20:06:57,959] {dag.py:2371} INFO - Sync 1 DAGs
[2022-06-16 20:06:57,978] {logging_mixin.py:115} INFO - [2022-06-16 20:06:57,978] {dag.py:2915} INFO - Setting next_dagrun for example_xcom to 2021-01-01T00:00:00+00:00, run_after=2021-01-01T00:00:00+00:00
[2022-06-16 20:06:57,999] {processor.py:161} INFO - Processing /usr/local/lib/python3.10/dist-packages/airflow/example_dags/example_xcom.py took 0.116 seconds
[2022-06-16 20:07:36,154] {processor.py:153} INFO - Started process (PID=6308) to work on /usr/local/lib/python3.10/dist-packages/airflow/example_dags/example_xcom.py
[2022-06-16 20:07:36,155] {processor.py:641} INFO - Processing file /usr/local/lib/python3.10/dist-packages/airflow/example_dags/example_xcom.py for tasks to queue
[2022-06-16 20:07:36,155] {logging_mixin.py:115} INFO - [2022-06-16 20:07:36,155] {dagbag.py:507} INFO - Filling up the DagBag from /usr/local/lib/python3.10/dist-packages/airflow/example_dags/example_xcom.py
[2022-06-16 20:07:36,179] {processor.py:651} INFO - DAG(s) dict_keys(['example_xcom']) retrieved from /usr/local/lib/python3.10/dist-packages/airflow/example_dags/example_xcom.py
[2022-06-16 20:07:36,195] {logging_mixin.py:115} INFO - [2022-06-16 20:07:36,195] {dag.py:2371} INFO - Sync 1 DAGs
[2022-06-16 20:07:36,213] {logging_mixin.py:115} INFO - [2022-06-16 20:07:36,213] {dag.py:2915} INFO - Setting next_dagrun for example_xcom to 2021-01-01T00:00:00+00:00, run_after=2021-01-01T00:00:00+00:00
[2022-06-16 20:07:36,293] {processor.py:161} INFO - Processing /usr/local/lib/python3.10/dist-packages/airflow/example_dags/example_xcom.py took 0.141 seconds
[2022-06-16 20:08:19,207] {processor.py:153} INFO - Started process (PID=6413) to work on /usr/local/lib/python3.10/dist-packages/airflow/example_dags/example_xcom.py
[2022-06-16 20:08:19,207] {processor.py:641} INFO - Processing file /usr/local/lib/python3.10/dist-packages/airflow/example_dags/example_xcom.py for tasks to queue
[2022-06-16 20:08:19,208] {logging_mixin.py:115} INFO - [2022-06-16 20:08:19,208] {dagbag.py:507} INFO - Filling up the DagBag from /usr/local/lib/python3.10/dist-packages/airflow/example_dags/example_xcom.py
[2022-06-16 20:08:19,233] {processor.py:651} INFO - DAG(s) dict_keys(['example_xcom']) retrieved from /usr/local/lib/python3.10/dist-packages/airflow/example_dags/example_xcom.py
[2022-06-16 20:08:19,293] {logging_mixin.py:115} INFO - [2022-06-16 20:08:19,293] {dag.py:2371} INFO - Sync 1 DAGs
[2022-06-16 20:08:19,312] {logging_mixin.py:115} INFO - [2022-06-16 20:08:19,312] {dag.py:2915} INFO - Setting next_dagrun for example_xcom to 2021-01-01T00:00:00+00:00, run_after=2021-01-01T00:00:00+00:00
[2022-06-16 20:08:19,333] {processor.py:161} INFO - Processing /usr/local/lib/python3.10/dist-packages/airflow/example_dags/example_xcom.py took 0.129 seconds
[2022-06-16 20:08:58,502] {processor.py:153} INFO - Started process (PID=6524) to work on /usr/local/lib/python3.10/dist-packages/airflow/example_dags/example_xcom.py
[2022-06-16 20:08:58,503] {processor.py:641} INFO - Processing file /usr/local/lib/python3.10/dist-packages/airflow/example_dags/example_xcom.py for tasks to queue
[2022-06-16 20:08:58,503] {logging_mixin.py:115} INFO - [2022-06-16 20:08:58,503] {dagbag.py:507} INFO - Filling up the DagBag from /usr/local/lib/python3.10/dist-packages/airflow/example_dags/example_xcom.py
[2022-06-16 20:08:58,525] {processor.py:651} INFO - DAG(s) dict_keys(['example_xcom']) retrieved from /usr/local/lib/python3.10/dist-packages/airflow/example_dags/example_xcom.py
[2022-06-16 20:08:58,573] {logging_mixin.py:115} INFO - [2022-06-16 20:08:58,573] {dag.py:2371} INFO - Sync 1 DAGs
[2022-06-16 20:08:58,591] {logging_mixin.py:115} INFO - [2022-06-16 20:08:58,591] {dag.py:2915} INFO - Setting next_dagrun for example_xcom to 2021-01-01T00:00:00+00:00, run_after=2021-01-01T00:00:00+00:00
[2022-06-16 20:08:58,613] {processor.py:161} INFO - Processing /usr/local/lib/python3.10/dist-packages/airflow/example_dags/example_xcom.py took 0.114 seconds
[2022-06-16 20:09:35,213] {processor.py:153} INFO - Started process (PID=6609) to work on /usr/local/lib/python3.10/dist-packages/airflow/example_dags/example_xcom.py
[2022-06-16 20:09:35,214] {processor.py:641} INFO - Processing file /usr/local/lib/python3.10/dist-packages/airflow/example_dags/example_xcom.py for tasks to queue
[2022-06-16 20:09:35,215] {logging_mixin.py:115} INFO - [2022-06-16 20:09:35,214] {dagbag.py:507} INFO - Filling up the DagBag from /usr/local/lib/python3.10/dist-packages/airflow/example_dags/example_xcom.py
[2022-06-16 20:09:35,238] {processor.py:651} INFO - DAG(s) dict_keys(['example_xcom']) retrieved from /usr/local/lib/python3.10/dist-packages/airflow/example_dags/example_xcom.py
[2022-06-16 20:09:35,258] {logging_mixin.py:115} INFO - [2022-06-16 20:09:35,257] {dag.py:2371} INFO - Sync 1 DAGs
[2022-06-16 20:09:35,277] {logging_mixin.py:115} INFO - [2022-06-16 20:09:35,277] {dag.py:2915} INFO - Setting next_dagrun for example_xcom to 2021-01-01T00:00:00+00:00, run_after=2021-01-01T00:00:00+00:00
[2022-06-16 20:09:35,388] {processor.py:161} INFO - Processing /usr/local/lib/python3.10/dist-packages/airflow/example_dags/example_xcom.py took 0.178 seconds
[2022-06-16 20:10:17,226] {processor.py:153} INFO - Started process (PID=6693) to work on /usr/local/lib/python3.10/dist-packages/airflow/example_dags/example_xcom.py
[2022-06-16 20:10:17,229] {processor.py:641} INFO - Processing file /usr/local/lib/python3.10/dist-packages/airflow/example_dags/example_xcom.py for tasks to queue
[2022-06-16 20:10:17,230] {logging_mixin.py:115} INFO - [2022-06-16 20:10:17,230] {dagbag.py:507} INFO - Filling up the DagBag from /usr/local/lib/python3.10/dist-packages/airflow/example_dags/example_xcom.py
[2022-06-16 20:10:17,250] {processor.py:651} INFO - DAG(s) dict_keys(['example_xcom']) retrieved from /usr/local/lib/python3.10/dist-packages/airflow/example_dags/example_xcom.py
[2022-06-16 20:10:17,266] {logging_mixin.py:115} INFO - [2022-06-16 20:10:17,266] {dag.py:2371} INFO - Sync 1 DAGs
[2022-06-16 20:10:17,285] {logging_mixin.py:115} INFO - [2022-06-16 20:10:17,285] {dag.py:2915} INFO - Setting next_dagrun for example_xcom to 2021-01-01T00:00:00+00:00, run_after=2021-01-01T00:00:00+00:00
[2022-06-16 20:10:17,405] {processor.py:161} INFO - Processing /usr/local/lib/python3.10/dist-packages/airflow/example_dags/example_xcom.py took 0.181 seconds
[2022-06-16 20:10:57,825] {processor.py:153} INFO - Started process (PID=6786) to work on /usr/local/lib/python3.10/dist-packages/airflow/example_dags/example_xcom.py
[2022-06-16 20:10:57,825] {processor.py:641} INFO - Processing file /usr/local/lib/python3.10/dist-packages/airflow/example_dags/example_xcom.py for tasks to queue
[2022-06-16 20:10:57,826] {logging_mixin.py:115} INFO - [2022-06-16 20:10:57,826] {dagbag.py:507} INFO - Filling up the DagBag from /usr/local/lib/python3.10/dist-packages/airflow/example_dags/example_xcom.py
[2022-06-16 20:10:57,845] {processor.py:651} INFO - DAG(s) dict_keys(['example_xcom']) retrieved from /usr/local/lib/python3.10/dist-packages/airflow/example_dags/example_xcom.py
[2022-06-16 20:10:57,862] {logging_mixin.py:115} INFO - [2022-06-16 20:10:57,862] {dag.py:2371} INFO - Sync 1 DAGs
[2022-06-16 20:10:57,880] {logging_mixin.py:115} INFO - [2022-06-16 20:10:57,880] {dag.py:2915} INFO - Setting next_dagrun for example_xcom to 2021-01-01T00:00:00+00:00, run_after=2021-01-01T00:00:00+00:00
[2022-06-16 20:10:57,903] {processor.py:161} INFO - Processing /usr/local/lib/python3.10/dist-packages/airflow/example_dags/example_xcom.py took 0.081 seconds
[2022-06-16 20:11:35,415] {processor.py:153} INFO - Started process (PID=6874) to work on /usr/local/lib/python3.10/dist-packages/airflow/example_dags/example_xcom.py
[2022-06-16 20:11:35,416] {processor.py:641} INFO - Processing file /usr/local/lib/python3.10/dist-packages/airflow/example_dags/example_xcom.py for tasks to queue
[2022-06-16 20:11:35,416] {logging_mixin.py:115} INFO - [2022-06-16 20:11:35,416] {dagbag.py:507} INFO - Filling up the DagBag from /usr/local/lib/python3.10/dist-packages/airflow/example_dags/example_xcom.py
[2022-06-16 20:11:35,439] {processor.py:651} INFO - DAG(s) dict_keys(['example_xcom']) retrieved from /usr/local/lib/python3.10/dist-packages/airflow/example_dags/example_xcom.py
[2022-06-16 20:11:35,458] {logging_mixin.py:115} INFO - [2022-06-16 20:11:35,457] {dag.py:2371} INFO - Sync 1 DAGs
[2022-06-16 20:11:35,476] {logging_mixin.py:115} INFO - [2022-06-16 20:11:35,476] {dag.py:2915} INFO - Setting next_dagrun for example_xcom to 2021-01-01T00:00:00+00:00, run_after=2021-01-01T00:00:00+00:00
[2022-06-16 20:11:35,495] {processor.py:161} INFO - Processing /usr/local/lib/python3.10/dist-packages/airflow/example_dags/example_xcom.py took 0.082 seconds
[2022-06-16 20:12:13,278] {processor.py:153} INFO - Started process (PID=6962) to work on /usr/local/lib/python3.10/dist-packages/airflow/example_dags/example_xcom.py
[2022-06-16 20:12:13,279] {processor.py:641} INFO - Processing file /usr/local/lib/python3.10/dist-packages/airflow/example_dags/example_xcom.py for tasks to queue
[2022-06-16 20:12:13,279] {logging_mixin.py:115} INFO - [2022-06-16 20:12:13,279] {dagbag.py:507} INFO - Filling up the DagBag from /usr/local/lib/python3.10/dist-packages/airflow/example_dags/example_xcom.py
[2022-06-16 20:12:13,303] {processor.py:651} INFO - DAG(s) dict_keys(['example_xcom']) retrieved from /usr/local/lib/python3.10/dist-packages/airflow/example_dags/example_xcom.py
[2022-06-16 20:12:13,353] {logging_mixin.py:115} INFO - [2022-06-16 20:12:13,352] {dag.py:2371} INFO - Sync 1 DAGs
[2022-06-16 20:12:13,372] {logging_mixin.py:115} INFO - [2022-06-16 20:12:13,372] {dag.py:2915} INFO - Setting next_dagrun for example_xcom to 2021-01-01T00:00:00+00:00, run_after=2021-01-01T00:00:00+00:00
[2022-06-16 20:12:13,394] {processor.py:161} INFO - Processing /usr/local/lib/python3.10/dist-packages/airflow/example_dags/example_xcom.py took 0.119 seconds
[2022-06-16 20:12:53,288] {processor.py:153} INFO - Started process (PID=7052) to work on /usr/local/lib/python3.10/dist-packages/airflow/example_dags/example_xcom.py
[2022-06-16 20:12:53,289] {processor.py:641} INFO - Processing file /usr/local/lib/python3.10/dist-packages/airflow/example_dags/example_xcom.py for tasks to queue
[2022-06-16 20:12:53,290] {logging_mixin.py:115} INFO - [2022-06-16 20:12:53,289] {dagbag.py:507} INFO - Filling up the DagBag from /usr/local/lib/python3.10/dist-packages/airflow/example_dags/example_xcom.py
[2022-06-16 20:12:53,309] {processor.py:651} INFO - DAG(s) dict_keys(['example_xcom']) retrieved from /usr/local/lib/python3.10/dist-packages/airflow/example_dags/example_xcom.py
[2022-06-16 20:12:53,325] {logging_mixin.py:115} INFO - [2022-06-16 20:12:53,324] {dag.py:2371} INFO - Sync 1 DAGs
[2022-06-16 20:12:53,342] {logging_mixin.py:115} INFO - [2022-06-16 20:12:53,342] {dag.py:2915} INFO - Setting next_dagrun for example_xcom to 2021-01-01T00:00:00+00:00, run_after=2021-01-01T00:00:00+00:00
[2022-06-16 20:12:53,363] {processor.py:161} INFO - Processing /usr/local/lib/python3.10/dist-packages/airflow/example_dags/example_xcom.py took 0.077 seconds
[2022-06-16 20:13:33,015] {processor.py:153} INFO - Started process (PID=7158) to work on /usr/local/lib/python3.10/dist-packages/airflow/example_dags/example_xcom.py
[2022-06-16 20:13:33,015] {processor.py:641} INFO - Processing file /usr/local/lib/python3.10/dist-packages/airflow/example_dags/example_xcom.py for tasks to queue
[2022-06-16 20:13:33,016] {logging_mixin.py:115} INFO - [2022-06-16 20:13:33,016] {dagbag.py:507} INFO - Filling up the DagBag from /usr/local/lib/python3.10/dist-packages/airflow/example_dags/example_xcom.py
[2022-06-16 20:13:33,035] {processor.py:651} INFO - DAG(s) dict_keys(['example_xcom']) retrieved from /usr/local/lib/python3.10/dist-packages/airflow/example_dags/example_xcom.py
[2022-06-16 20:13:33,053] {logging_mixin.py:115} INFO - [2022-06-16 20:13:33,053] {dag.py:2371} INFO - Sync 1 DAGs
[2022-06-16 20:13:33,074] {logging_mixin.py:115} INFO - [2022-06-16 20:13:33,074] {dag.py:2915} INFO - Setting next_dagrun for example_xcom to 2021-01-01T00:00:00+00:00, run_after=2021-01-01T00:00:00+00:00
[2022-06-16 20:13:33,122] {processor.py:161} INFO - Processing /usr/local/lib/python3.10/dist-packages/airflow/example_dags/example_xcom.py took 0.110 seconds
[2022-06-16 20:14:08,623] {processor.py:153} INFO - Started process (PID=7272) to work on /usr/local/lib/python3.10/dist-packages/airflow/example_dags/example_xcom.py
[2022-06-16 20:14:08,624] {processor.py:641} INFO - Processing file /usr/local/lib/python3.10/dist-packages/airflow/example_dags/example_xcom.py for tasks to queue
[2022-06-16 20:14:08,625] {logging_mixin.py:115} INFO - [2022-06-16 20:14:08,624] {dagbag.py:507} INFO - Filling up the DagBag from /usr/local/lib/python3.10/dist-packages/airflow/example_dags/example_xcom.py
[2022-06-16 20:14:08,645] {processor.py:651} INFO - DAG(s) dict_keys(['example_xcom']) retrieved from /usr/local/lib/python3.10/dist-packages/airflow/example_dags/example_xcom.py
[2022-06-16 20:14:08,696] {logging_mixin.py:115} INFO - [2022-06-16 20:14:08,695] {dag.py:2371} INFO - Sync 1 DAGs
[2022-06-16 20:14:08,712] {logging_mixin.py:115} INFO - [2022-06-16 20:14:08,712] {dag.py:2915} INFO - Setting next_dagrun for example_xcom to 2021-01-01T00:00:00+00:00, run_after=2021-01-01T00:00:00+00:00
[2022-06-16 20:14:08,733] {processor.py:161} INFO - Processing /usr/local/lib/python3.10/dist-packages/airflow/example_dags/example_xcom.py took 0.113 seconds
[2022-06-16 20:14:46,359] {processor.py:153} INFO - Started process (PID=7358) to work on /usr/local/lib/python3.10/dist-packages/airflow/example_dags/example_xcom.py
[2022-06-16 20:14:46,360] {processor.py:641} INFO - Processing file /usr/local/lib/python3.10/dist-packages/airflow/example_dags/example_xcom.py for tasks to queue
[2022-06-16 20:14:46,360] {logging_mixin.py:115} INFO - [2022-06-16 20:14:46,360] {dagbag.py:507} INFO - Filling up the DagBag from /usr/local/lib/python3.10/dist-packages/airflow/example_dags/example_xcom.py
[2022-06-16 20:14:46,382] {processor.py:651} INFO - DAG(s) dict_keys(['example_xcom']) retrieved from /usr/local/lib/python3.10/dist-packages/airflow/example_dags/example_xcom.py
[2022-06-16 20:14:46,398] {logging_mixin.py:115} INFO - [2022-06-16 20:14:46,398] {dag.py:2371} INFO - Sync 1 DAGs
[2022-06-16 20:14:46,416] {logging_mixin.py:115} INFO - [2022-06-16 20:14:46,416] {dag.py:2915} INFO - Setting next_dagrun for example_xcom to 2021-01-01T00:00:00+00:00, run_after=2021-01-01T00:00:00+00:00
[2022-06-16 20:14:46,540] {processor.py:161} INFO - Processing /usr/local/lib/python3.10/dist-packages/airflow/example_dags/example_xcom.py took 0.183 seconds
[2022-06-16 20:15:25,526] {processor.py:153} INFO - Started process (PID=7454) to work on /usr/local/lib/python3.10/dist-packages/airflow/example_dags/example_xcom.py
[2022-06-16 20:15:25,527] {processor.py:641} INFO - Processing file /usr/local/lib/python3.10/dist-packages/airflow/example_dags/example_xcom.py for tasks to queue
[2022-06-16 20:15:25,527] {logging_mixin.py:115} INFO - [2022-06-16 20:15:25,527] {dagbag.py:507} INFO - Filling up the DagBag from /usr/local/lib/python3.10/dist-packages/airflow/example_dags/example_xcom.py
[2022-06-16 20:15:25,548] {processor.py:651} INFO - DAG(s) dict_keys(['example_xcom']) retrieved from /usr/local/lib/python3.10/dist-packages/airflow/example_dags/example_xcom.py
[2022-06-16 20:15:25,563] {logging_mixin.py:115} INFO - [2022-06-16 20:15:25,563] {dag.py:2371} INFO - Sync 1 DAGs
[2022-06-16 20:15:25,581] {logging_mixin.py:115} INFO - [2022-06-16 20:15:25,581] {dag.py:2915} INFO - Setting next_dagrun for example_xcom to 2021-01-01T00:00:00+00:00, run_after=2021-01-01T00:00:00+00:00
[2022-06-16 20:15:25,600] {processor.py:161} INFO - Processing /usr/local/lib/python3.10/dist-packages/airflow/example_dags/example_xcom.py took 0.076 seconds
[2022-06-16 20:16:00,498] {processor.py:153} INFO - Started process (PID=7538) to work on /usr/local/lib/python3.10/dist-packages/airflow/example_dags/example_xcom.py
[2022-06-16 20:16:00,499] {processor.py:641} INFO - Processing file /usr/local/lib/python3.10/dist-packages/airflow/example_dags/example_xcom.py for tasks to queue
[2022-06-16 20:16:00,499] {logging_mixin.py:115} INFO - [2022-06-16 20:16:00,499] {dagbag.py:507} INFO - Filling up the DagBag from /usr/local/lib/python3.10/dist-packages/airflow/example_dags/example_xcom.py
[2022-06-16 20:16:00,519] {processor.py:651} INFO - DAG(s) dict_keys(['example_xcom']) retrieved from /usr/local/lib/python3.10/dist-packages/airflow/example_dags/example_xcom.py
[2022-06-16 20:16:00,567] {logging_mixin.py:115} INFO - [2022-06-16 20:16:00,567] {dag.py:2371} INFO - Sync 1 DAGs
[2022-06-16 20:16:00,584] {logging_mixin.py:115} INFO - [2022-06-16 20:16:00,584] {dag.py:2915} INFO - Setting next_dagrun for example_xcom to 2021-01-01T00:00:00+00:00, run_after=2021-01-01T00:00:00+00:00
[2022-06-16 20:16:00,605] {processor.py:161} INFO - Processing /usr/local/lib/python3.10/dist-packages/airflow/example_dags/example_xcom.py took 0.110 seconds
[2022-06-16 20:16:37,302] {processor.py:153} INFO - Started process (PID=7616) to work on /usr/local/lib/python3.10/dist-packages/airflow/example_dags/example_xcom.py
[2022-06-16 20:16:37,303] {processor.py:641} INFO - Processing file /usr/local/lib/python3.10/dist-packages/airflow/example_dags/example_xcom.py for tasks to queue
[2022-06-16 20:16:37,303] {logging_mixin.py:115} INFO - [2022-06-16 20:16:37,303] {dagbag.py:507} INFO - Filling up the DagBag from /usr/local/lib/python3.10/dist-packages/airflow/example_dags/example_xcom.py
[2022-06-16 20:16:37,322] {processor.py:651} INFO - DAG(s) dict_keys(['example_xcom']) retrieved from /usr/local/lib/python3.10/dist-packages/airflow/example_dags/example_xcom.py
[2022-06-16 20:16:37,371] {logging_mixin.py:115} INFO - [2022-06-16 20:16:37,371] {dag.py:2371} INFO - Sync 1 DAGs
[2022-06-16 20:16:37,388] {logging_mixin.py:115} INFO - [2022-06-16 20:16:37,388] {dag.py:2915} INFO - Setting next_dagrun for example_xcom to 2021-01-01T00:00:00+00:00, run_after=2021-01-01T00:00:00+00:00
[2022-06-16 20:16:37,409] {processor.py:161} INFO - Processing /usr/local/lib/python3.10/dist-packages/airflow/example_dags/example_xcom.py took 0.110 seconds
[2022-06-16 20:17:18,509] {processor.py:153} INFO - Started process (PID=7715) to work on /usr/local/lib/python3.10/dist-packages/airflow/example_dags/example_xcom.py
[2022-06-16 20:17:18,509] {processor.py:641} INFO - Processing file /usr/local/lib/python3.10/dist-packages/airflow/example_dags/example_xcom.py for tasks to queue
[2022-06-16 20:17:18,510] {logging_mixin.py:115} INFO - [2022-06-16 20:17:18,510] {dagbag.py:507} INFO - Filling up the DagBag from /usr/local/lib/python3.10/dist-packages/airflow/example_dags/example_xcom.py
[2022-06-16 20:17:18,529] {processor.py:651} INFO - DAG(s) dict_keys(['example_xcom']) retrieved from /usr/local/lib/python3.10/dist-packages/airflow/example_dags/example_xcom.py
[2022-06-16 20:17:18,545] {logging_mixin.py:115} INFO - [2022-06-16 20:17:18,545] {dag.py:2371} INFO - Sync 1 DAGs
[2022-06-16 20:17:18,563] {logging_mixin.py:115} INFO - [2022-06-16 20:17:18,563] {dag.py:2915} INFO - Setting next_dagrun for example_xcom to 2021-01-01T00:00:00+00:00, run_after=2021-01-01T00:00:00+00:00
[2022-06-16 20:17:18,581] {processor.py:161} INFO - Processing /usr/local/lib/python3.10/dist-packages/airflow/example_dags/example_xcom.py took 0.074 seconds
[2022-06-16 20:17:55,635] {processor.py:153} INFO - Started process (PID=7809) to work on /usr/local/lib/python3.10/dist-packages/airflow/example_dags/example_xcom.py
[2022-06-16 20:17:55,636] {processor.py:641} INFO - Processing file /usr/local/lib/python3.10/dist-packages/airflow/example_dags/example_xcom.py for tasks to queue
[2022-06-16 20:17:55,636] {logging_mixin.py:115} INFO - [2022-06-16 20:17:55,636] {dagbag.py:507} INFO - Filling up the DagBag from /usr/local/lib/python3.10/dist-packages/airflow/example_dags/example_xcom.py
[2022-06-16 20:17:55,658] {processor.py:651} INFO - DAG(s) dict_keys(['example_xcom']) retrieved from /usr/local/lib/python3.10/dist-packages/airflow/example_dags/example_xcom.py
[2022-06-16 20:17:55,677] {logging_mixin.py:115} INFO - [2022-06-16 20:17:55,677] {dag.py:2371} INFO - Sync 1 DAGs
[2022-06-16 20:17:55,699] {logging_mixin.py:115} INFO - [2022-06-16 20:17:55,698] {dag.py:2915} INFO - Setting next_dagrun for example_xcom to 2021-01-01T00:00:00+00:00, run_after=2021-01-01T00:00:00+00:00
[2022-06-16 20:17:55,718] {processor.py:161} INFO - Processing /usr/local/lib/python3.10/dist-packages/airflow/example_dags/example_xcom.py took 0.086 seconds
[2022-06-16 20:18:35,010] {processor.py:153} INFO - Started process (PID=7875) to work on /usr/local/lib/python3.10/dist-packages/airflow/example_dags/example_xcom.py
[2022-06-16 20:18:35,024] {processor.py:641} INFO - Processing file /usr/local/lib/python3.10/dist-packages/airflow/example_dags/example_xcom.py for tasks to queue
[2022-06-16 20:18:35,024] {logging_mixin.py:115} INFO - [2022-06-16 20:18:35,024] {dagbag.py:507} INFO - Filling up the DagBag from /usr/local/lib/python3.10/dist-packages/airflow/example_dags/example_xcom.py
[2022-06-16 20:18:35,044] {processor.py:651} INFO - DAG(s) dict_keys(['example_xcom']) retrieved from /usr/local/lib/python3.10/dist-packages/airflow/example_dags/example_xcom.py
[2022-06-16 20:18:35,060] {logging_mixin.py:115} INFO - [2022-06-16 20:18:35,060] {dag.py:2371} INFO - Sync 1 DAGs
[2022-06-16 20:18:35,083] {logging_mixin.py:115} INFO - [2022-06-16 20:18:35,083] {dag.py:2915} INFO - Setting next_dagrun for example_xcom to 2021-01-01T00:00:00+00:00, run_after=2021-01-01T00:00:00+00:00
[2022-06-16 20:18:35,130] {processor.py:161} INFO - Processing /usr/local/lib/python3.10/dist-packages/airflow/example_dags/example_xcom.py took 0.122 seconds
[2022-06-16 20:19:14,781] {processor.py:153} INFO - Started process (PID=7959) to work on /usr/local/lib/python3.10/dist-packages/airflow/example_dags/example_xcom.py
[2022-06-16 20:19:14,781] {processor.py:641} INFO - Processing file /usr/local/lib/python3.10/dist-packages/airflow/example_dags/example_xcom.py for tasks to queue
[2022-06-16 20:19:14,782] {logging_mixin.py:115} INFO - [2022-06-16 20:19:14,782] {dagbag.py:507} INFO - Filling up the DagBag from /usr/local/lib/python3.10/dist-packages/airflow/example_dags/example_xcom.py
[2022-06-16 20:19:14,801] {processor.py:651} INFO - DAG(s) dict_keys(['example_xcom']) retrieved from /usr/local/lib/python3.10/dist-packages/airflow/example_dags/example_xcom.py
[2022-06-16 20:19:14,847] {logging_mixin.py:115} INFO - [2022-06-16 20:19:14,847] {dag.py:2371} INFO - Sync 1 DAGs
[2022-06-16 20:19:14,864] {logging_mixin.py:115} INFO - [2022-06-16 20:19:14,863] {dag.py:2915} INFO - Setting next_dagrun for example_xcom to 2021-01-01T00:00:00+00:00, run_after=2021-01-01T00:00:00+00:00
[2022-06-16 20:19:14,968] {processor.py:161} INFO - Processing /usr/local/lib/python3.10/dist-packages/airflow/example_dags/example_xcom.py took 0.191 seconds
[2022-06-16 20:19:53,518] {processor.py:153} INFO - Started process (PID=8026) to work on /usr/local/lib/python3.10/dist-packages/airflow/example_dags/example_xcom.py
[2022-06-16 20:19:53,519] {processor.py:641} INFO - Processing file /usr/local/lib/python3.10/dist-packages/airflow/example_dags/example_xcom.py for tasks to queue
[2022-06-16 20:19:53,519] {logging_mixin.py:115} INFO - [2022-06-16 20:19:53,519] {dagbag.py:507} INFO - Filling up the DagBag from /usr/local/lib/python3.10/dist-packages/airflow/example_dags/example_xcom.py
[2022-06-16 20:19:53,539] {processor.py:651} INFO - DAG(s) dict_keys(['example_xcom']) retrieved from /usr/local/lib/python3.10/dist-packages/airflow/example_dags/example_xcom.py
[2022-06-16 20:19:53,555] {logging_mixin.py:115} INFO - [2022-06-16 20:19:53,555] {dag.py:2371} INFO - Sync 1 DAGs
[2022-06-16 20:19:53,573] {logging_mixin.py:115} INFO - [2022-06-16 20:19:53,573] {dag.py:2915} INFO - Setting next_dagrun for example_xcom to 2021-01-01T00:00:00+00:00, run_after=2021-01-01T00:00:00+00:00
[2022-06-16 20:19:53,594] {processor.py:161} INFO - Processing /usr/local/lib/python3.10/dist-packages/airflow/example_dags/example_xcom.py took 0.079 seconds
[2022-06-16 20:20:31,184] {processor.py:153} INFO - Started process (PID=8082) to work on /usr/local/lib/python3.10/dist-packages/airflow/example_dags/example_xcom.py
[2022-06-16 20:20:31,184] {processor.py:641} INFO - Processing file /usr/local/lib/python3.10/dist-packages/airflow/example_dags/example_xcom.py for tasks to queue
[2022-06-16 20:20:31,185] {logging_mixin.py:115} INFO - [2022-06-16 20:20:31,185] {dagbag.py:507} INFO - Filling up the DagBag from /usr/local/lib/python3.10/dist-packages/airflow/example_dags/example_xcom.py
[2022-06-16 20:20:31,207] {processor.py:651} INFO - DAG(s) dict_keys(['example_xcom']) retrieved from /usr/local/lib/python3.10/dist-packages/airflow/example_dags/example_xcom.py
[2022-06-16 20:20:31,226] {logging_mixin.py:115} INFO - [2022-06-16 20:20:31,225] {dag.py:2371} INFO - Sync 1 DAGs
[2022-06-16 20:20:31,249] {logging_mixin.py:115} INFO - [2022-06-16 20:20:31,249] {dag.py:2915} INFO - Setting next_dagrun for example_xcom to 2021-01-01T00:00:00+00:00, run_after=2021-01-01T00:00:00+00:00
[2022-06-16 20:20:31,268] {processor.py:161} INFO - Processing /usr/local/lib/python3.10/dist-packages/airflow/example_dags/example_xcom.py took 0.087 seconds
[2022-06-16 20:21:10,709] {processor.py:153} INFO - Started process (PID=8133) to work on /usr/local/lib/python3.10/dist-packages/airflow/example_dags/example_xcom.py
[2022-06-16 20:21:10,710] {processor.py:641} INFO - Processing file /usr/local/lib/python3.10/dist-packages/airflow/example_dags/example_xcom.py for tasks to queue
[2022-06-16 20:21:10,710] {logging_mixin.py:115} INFO - [2022-06-16 20:21:10,710] {dagbag.py:507} INFO - Filling up the DagBag from /usr/local/lib/python3.10/dist-packages/airflow/example_dags/example_xcom.py
[2022-06-16 20:21:10,735] {processor.py:651} INFO - DAG(s) dict_keys(['example_xcom']) retrieved from /usr/local/lib/python3.10/dist-packages/airflow/example_dags/example_xcom.py
[2022-06-16 20:21:10,751] {logging_mixin.py:115} INFO - [2022-06-16 20:21:10,751] {dag.py:2371} INFO - Sync 1 DAGs
[2022-06-16 20:21:10,770] {logging_mixin.py:115} INFO - [2022-06-16 20:21:10,770] {dag.py:2915} INFO - Setting next_dagrun for example_xcom to 2021-01-01T00:00:00+00:00, run_after=2021-01-01T00:00:00+00:00
[2022-06-16 20:21:10,821] {processor.py:161} INFO - Processing /usr/local/lib/python3.10/dist-packages/airflow/example_dags/example_xcom.py took 0.114 seconds
[2022-06-16 20:21:48,430] {processor.py:153} INFO - Started process (PID=8171) to work on /usr/local/lib/python3.10/dist-packages/airflow/example_dags/example_xcom.py
[2022-06-16 20:21:48,431] {processor.py:641} INFO - Processing file /usr/local/lib/python3.10/dist-packages/airflow/example_dags/example_xcom.py for tasks to queue
[2022-06-16 20:21:48,432] {logging_mixin.py:115} INFO - [2022-06-16 20:21:48,431] {dagbag.py:507} INFO - Filling up the DagBag from /usr/local/lib/python3.10/dist-packages/airflow/example_dags/example_xcom.py
[2022-06-16 20:21:48,451] {processor.py:651} INFO - DAG(s) dict_keys(['example_xcom']) retrieved from /usr/local/lib/python3.10/dist-packages/airflow/example_dags/example_xcom.py
[2022-06-16 20:21:48,467] {logging_mixin.py:115} INFO - [2022-06-16 20:21:48,467] {dag.py:2371} INFO - Sync 1 DAGs
[2022-06-16 20:21:48,485] {logging_mixin.py:115} INFO - [2022-06-16 20:21:48,485] {dag.py:2915} INFO - Setting next_dagrun for example_xcom to 2021-01-01T00:00:00+00:00, run_after=2021-01-01T00:00:00+00:00
[2022-06-16 20:21:48,503] {processor.py:161} INFO - Processing /usr/local/lib/python3.10/dist-packages/airflow/example_dags/example_xcom.py took 0.076 seconds
[2022-06-16 20:22:26,414] {processor.py:153} INFO - Started process (PID=8216) to work on /usr/local/lib/python3.10/dist-packages/airflow/example_dags/example_xcom.py
[2022-06-16 20:22:26,415] {processor.py:641} INFO - Processing file /usr/local/lib/python3.10/dist-packages/airflow/example_dags/example_xcom.py for tasks to queue
[2022-06-16 20:22:26,415] {logging_mixin.py:115} INFO - [2022-06-16 20:22:26,415] {dagbag.py:507} INFO - Filling up the DagBag from /usr/local/lib/python3.10/dist-packages/airflow/example_dags/example_xcom.py
[2022-06-16 20:22:26,436] {processor.py:651} INFO - DAG(s) dict_keys(['example_xcom']) retrieved from /usr/local/lib/python3.10/dist-packages/airflow/example_dags/example_xcom.py
[2022-06-16 20:22:26,453] {logging_mixin.py:115} INFO - [2022-06-16 20:22:26,453] {dag.py:2371} INFO - Sync 1 DAGs
[2022-06-16 20:22:26,471] {logging_mixin.py:115} INFO - [2022-06-16 20:22:26,471] {dag.py:2915} INFO - Setting next_dagrun for example_xcom to 2021-01-01T00:00:00+00:00, run_after=2021-01-01T00:00:00+00:00
[2022-06-16 20:22:26,489] {processor.py:161} INFO - Processing /usr/local/lib/python3.10/dist-packages/airflow/example_dags/example_xcom.py took 0.078 seconds
[2022-06-16 20:23:05,322] {processor.py:153} INFO - Started process (PID=8278) to work on /usr/local/lib/python3.10/dist-packages/airflow/example_dags/example_xcom.py
[2022-06-16 20:23:05,323] {processor.py:641} INFO - Processing file /usr/local/lib/python3.10/dist-packages/airflow/example_dags/example_xcom.py for tasks to queue
[2022-06-16 20:23:05,323] {logging_mixin.py:115} INFO - [2022-06-16 20:23:05,323] {dagbag.py:507} INFO - Filling up the DagBag from /usr/local/lib/python3.10/dist-packages/airflow/example_dags/example_xcom.py
[2022-06-16 20:23:05,343] {processor.py:651} INFO - DAG(s) dict_keys(['example_xcom']) retrieved from /usr/local/lib/python3.10/dist-packages/airflow/example_dags/example_xcom.py
[2022-06-16 20:23:05,360] {logging_mixin.py:115} INFO - [2022-06-16 20:23:05,360] {dag.py:2371} INFO - Sync 1 DAGs
[2022-06-16 20:23:05,389] {logging_mixin.py:115} INFO - [2022-06-16 20:23:05,389] {dag.py:2915} INFO - Setting next_dagrun for example_xcom to 2021-01-01T00:00:00+00:00, run_after=2021-01-01T00:00:00+00:00
[2022-06-16 20:23:05,409] {processor.py:161} INFO - Processing /usr/local/lib/python3.10/dist-packages/airflow/example_dags/example_xcom.py took 0.090 seconds
[2022-06-16 20:23:42,632] {processor.py:153} INFO - Started process (PID=8318) to work on /usr/local/lib/python3.10/dist-packages/airflow/example_dags/example_xcom.py
[2022-06-16 20:23:42,633] {processor.py:641} INFO - Processing file /usr/local/lib/python3.10/dist-packages/airflow/example_dags/example_xcom.py for tasks to queue
[2022-06-16 20:23:42,633] {logging_mixin.py:115} INFO - [2022-06-16 20:23:42,633] {dagbag.py:507} INFO - Filling up the DagBag from /usr/local/lib/python3.10/dist-packages/airflow/example_dags/example_xcom.py
[2022-06-16 20:23:42,653] {processor.py:651} INFO - DAG(s) dict_keys(['example_xcom']) retrieved from /usr/local/lib/python3.10/dist-packages/airflow/example_dags/example_xcom.py
[2022-06-16 20:23:42,700] {logging_mixin.py:115} INFO - [2022-06-16 20:23:42,700] {dag.py:2371} INFO - Sync 1 DAGs
[2022-06-16 20:23:42,720] {logging_mixin.py:115} INFO - [2022-06-16 20:23:42,720] {dag.py:2915} INFO - Setting next_dagrun for example_xcom to 2021-01-01T00:00:00+00:00, run_after=2021-01-01T00:00:00+00:00
[2022-06-16 20:23:42,741] {processor.py:161} INFO - Processing /usr/local/lib/python3.10/dist-packages/airflow/example_dags/example_xcom.py took 0.112 seconds
[2022-06-16 20:24:22,479] {processor.py:153} INFO - Started process (PID=8400) to work on /usr/local/lib/python3.10/dist-packages/airflow/example_dags/example_xcom.py
[2022-06-16 20:24:22,480] {processor.py:641} INFO - Processing file /usr/local/lib/python3.10/dist-packages/airflow/example_dags/example_xcom.py for tasks to queue
[2022-06-16 20:24:22,480] {logging_mixin.py:115} INFO - [2022-06-16 20:24:22,480] {dagbag.py:507} INFO - Filling up the DagBag from /usr/local/lib/python3.10/dist-packages/airflow/example_dags/example_xcom.py
[2022-06-16 20:24:22,503] {processor.py:651} INFO - DAG(s) dict_keys(['example_xcom']) retrieved from /usr/local/lib/python3.10/dist-packages/airflow/example_dags/example_xcom.py
[2022-06-16 20:24:22,521] {logging_mixin.py:115} INFO - [2022-06-16 20:24:22,521] {dag.py:2371} INFO - Sync 1 DAGs
[2022-06-16 20:24:22,545] {logging_mixin.py:115} INFO - [2022-06-16 20:24:22,545] {dag.py:2915} INFO - Setting next_dagrun for example_xcom to 2021-01-01T00:00:00+00:00, run_after=2021-01-01T00:00:00+00:00
[2022-06-16 20:24:22,599] {processor.py:161} INFO - Processing /usr/local/lib/python3.10/dist-packages/airflow/example_dags/example_xcom.py took 0.123 seconds
[2022-06-16 20:25:02,398] {processor.py:153} INFO - Started process (PID=8462) to work on /usr/local/lib/python3.10/dist-packages/airflow/example_dags/example_xcom.py
[2022-06-16 20:25:02,399] {processor.py:641} INFO - Processing file /usr/local/lib/python3.10/dist-packages/airflow/example_dags/example_xcom.py for tasks to queue
[2022-06-16 20:25:02,399] {logging_mixin.py:115} INFO - [2022-06-16 20:25:02,399] {dagbag.py:507} INFO - Filling up the DagBag from /usr/local/lib/python3.10/dist-packages/airflow/example_dags/example_xcom.py
[2022-06-16 20:25:02,420] {processor.py:651} INFO - DAG(s) dict_keys(['example_xcom']) retrieved from /usr/local/lib/python3.10/dist-packages/airflow/example_dags/example_xcom.py
[2022-06-16 20:25:02,440] {logging_mixin.py:115} INFO - [2022-06-16 20:25:02,440] {dag.py:2371} INFO - Sync 1 DAGs
[2022-06-16 20:25:02,462] {logging_mixin.py:115} INFO - [2022-06-16 20:25:02,462] {dag.py:2915} INFO - Setting next_dagrun for example_xcom to 2021-01-01T00:00:00+00:00, run_after=2021-01-01T00:00:00+00:00
[2022-06-16 20:25:02,482] {processor.py:161} INFO - Processing /usr/local/lib/python3.10/dist-packages/airflow/example_dags/example_xcom.py took 0.087 seconds
[2022-06-16 20:25:39,471] {processor.py:153} INFO - Started process (PID=8506) to work on /usr/local/lib/python3.10/dist-packages/airflow/example_dags/example_xcom.py
[2022-06-16 20:25:39,472] {processor.py:641} INFO - Processing file /usr/local/lib/python3.10/dist-packages/airflow/example_dags/example_xcom.py for tasks to queue
[2022-06-16 20:25:39,472] {logging_mixin.py:115} INFO - [2022-06-16 20:25:39,472] {dagbag.py:507} INFO - Filling up the DagBag from /usr/local/lib/python3.10/dist-packages/airflow/example_dags/example_xcom.py
[2022-06-16 20:25:39,492] {processor.py:651} INFO - DAG(s) dict_keys(['example_xcom']) retrieved from /usr/local/lib/python3.10/dist-packages/airflow/example_dags/example_xcom.py
[2022-06-16 20:25:39,509] {logging_mixin.py:115} INFO - [2022-06-16 20:25:39,509] {dag.py:2371} INFO - Sync 1 DAGs
[2022-06-16 20:25:39,528] {logging_mixin.py:115} INFO - [2022-06-16 20:25:39,528] {dag.py:2915} INFO - Setting next_dagrun for example_xcom to 2021-01-01T00:00:00+00:00, run_after=2021-01-01T00:00:00+00:00
[2022-06-16 20:25:39,548] {processor.py:161} INFO - Processing /usr/local/lib/python3.10/dist-packages/airflow/example_dags/example_xcom.py took 0.080 seconds
[2022-06-16 20:26:16,932] {processor.py:153} INFO - Started process (PID=8549) to work on /usr/local/lib/python3.10/dist-packages/airflow/example_dags/example_xcom.py
[2022-06-16 20:26:16,933] {processor.py:641} INFO - Processing file /usr/local/lib/python3.10/dist-packages/airflow/example_dags/example_xcom.py for tasks to queue
[2022-06-16 20:26:16,934] {logging_mixin.py:115} INFO - [2022-06-16 20:26:16,933] {dagbag.py:507} INFO - Filling up the DagBag from /usr/local/lib/python3.10/dist-packages/airflow/example_dags/example_xcom.py
[2022-06-16 20:26:16,954] {processor.py:651} INFO - DAG(s) dict_keys(['example_xcom']) retrieved from /usr/local/lib/python3.10/dist-packages/airflow/example_dags/example_xcom.py
[2022-06-16 20:26:16,970] {logging_mixin.py:115} INFO - [2022-06-16 20:26:16,970] {dag.py:2371} INFO - Sync 1 DAGs
[2022-06-16 20:26:16,989] {logging_mixin.py:115} INFO - [2022-06-16 20:26:16,989] {dag.py:2915} INFO - Setting next_dagrun for example_xcom to 2021-01-01T00:00:00+00:00, run_after=2021-01-01T00:00:00+00:00
[2022-06-16 20:26:17,008] {processor.py:161} INFO - Processing /usr/local/lib/python3.10/dist-packages/airflow/example_dags/example_xcom.py took 0.079 seconds
