[2022-06-16 20:00:00,101] {processor.py:153} INFO - Started process (PID=5111) to work on /usr/local/lib/python3.10/dist-packages/airflow/example_dags/example_complex.py
[2022-06-16 20:00:00,101] {processor.py:641} INFO - Processing file /usr/local/lib/python3.10/dist-packages/airflow/example_dags/example_complex.py for tasks to queue
[2022-06-16 20:00:00,101] {logging_mixin.py:115} INFO - [2022-06-16 20:00:00,101] {dagbag.py:507} INFO - Filling up the DagBag from /usr/local/lib/python3.10/dist-packages/airflow/example_dags/example_complex.py
[2022-06-16 20:00:00,113] {processor.py:651} INFO - DAG(s) dict_keys(['example_complex']) retrieved from /usr/local/lib/python3.10/dist-packages/airflow/example_dags/example_complex.py
[2022-06-16 20:00:00,134] {logging_mixin.py:115} INFO - [2022-06-16 20:00:00,133] {dag.py:2371} INFO - Sync 1 DAGs
[2022-06-16 20:00:00,156] {logging_mixin.py:115} INFO - [2022-06-16 20:00:00,156] {dag.py:2915} INFO - Setting next_dagrun for example_complex to None, run_after=None
[2022-06-16 20:00:00,177] {processor.py:161} INFO - Processing /usr/local/lib/python3.10/dist-packages/airflow/example_dags/example_complex.py took 0.079 seconds
[2022-06-16 20:00:48,812] {processor.py:153} INFO - Started process (PID=5249) to work on /usr/local/lib/python3.10/dist-packages/airflow/example_dags/example_complex.py
[2022-06-16 20:00:48,813] {processor.py:641} INFO - Processing file /usr/local/lib/python3.10/dist-packages/airflow/example_dags/example_complex.py for tasks to queue
[2022-06-16 20:00:48,814] {logging_mixin.py:115} INFO - [2022-06-16 20:00:48,813] {dagbag.py:507} INFO - Filling up the DagBag from /usr/local/lib/python3.10/dist-packages/airflow/example_dags/example_complex.py
[2022-06-16 20:00:48,825] {processor.py:651} INFO - DAG(s) dict_keys(['example_complex']) retrieved from /usr/local/lib/python3.10/dist-packages/airflow/example_dags/example_complex.py
[2022-06-16 20:00:48,846] {logging_mixin.py:115} INFO - [2022-06-16 20:00:48,845] {dag.py:2371} INFO - Sync 1 DAGs
[2022-06-16 20:00:48,865] {logging_mixin.py:115} INFO - [2022-06-16 20:00:48,864] {dag.py:2915} INFO - Setting next_dagrun for example_complex to None, run_after=None
[2022-06-16 20:00:48,896] {processor.py:161} INFO - Processing /usr/local/lib/python3.10/dist-packages/airflow/example_dags/example_complex.py took 0.087 seconds
[2022-06-16 20:01:28,658] {processor.py:153} INFO - Started process (PID=5392) to work on /usr/local/lib/python3.10/dist-packages/airflow/example_dags/example_complex.py
[2022-06-16 20:01:28,659] {processor.py:641} INFO - Processing file /usr/local/lib/python3.10/dist-packages/airflow/example_dags/example_complex.py for tasks to queue
[2022-06-16 20:01:28,660] {logging_mixin.py:115} INFO - [2022-06-16 20:01:28,660] {dagbag.py:507} INFO - Filling up the DagBag from /usr/local/lib/python3.10/dist-packages/airflow/example_dags/example_complex.py
[2022-06-16 20:01:28,682] {processor.py:651} INFO - DAG(s) dict_keys(['example_complex']) retrieved from /usr/local/lib/python3.10/dist-packages/airflow/example_dags/example_complex.py
[2022-06-16 20:01:28,718] {logging_mixin.py:115} INFO - [2022-06-16 20:01:28,718] {dag.py:2371} INFO - Sync 1 DAGs
[2022-06-16 20:01:28,749] {logging_mixin.py:115} INFO - [2022-06-16 20:01:28,748] {dag.py:2915} INFO - Setting next_dagrun for example_complex to None, run_after=None
[2022-06-16 20:01:28,776] {processor.py:161} INFO - Processing /usr/local/lib/python3.10/dist-packages/airflow/example_dags/example_complex.py took 0.122 seconds
[2022-06-16 20:02:12,821] {processor.py:153} INFO - Started process (PID=5524) to work on /usr/local/lib/python3.10/dist-packages/airflow/example_dags/example_complex.py
[2022-06-16 20:02:12,829] {processor.py:641} INFO - Processing file /usr/local/lib/python3.10/dist-packages/airflow/example_dags/example_complex.py for tasks to queue
[2022-06-16 20:02:12,830] {logging_mixin.py:115} INFO - [2022-06-16 20:02:12,830] {dagbag.py:507} INFO - Filling up the DagBag from /usr/local/lib/python3.10/dist-packages/airflow/example_dags/example_complex.py
[2022-06-16 20:02:12,845] {processor.py:651} INFO - DAG(s) dict_keys(['example_complex']) retrieved from /usr/local/lib/python3.10/dist-packages/airflow/example_dags/example_complex.py
[2022-06-16 20:02:12,867] {logging_mixin.py:115} INFO - [2022-06-16 20:02:12,866] {dag.py:2371} INFO - Sync 1 DAGs
[2022-06-16 20:02:12,886] {logging_mixin.py:115} INFO - [2022-06-16 20:02:12,886] {dag.py:2915} INFO - Setting next_dagrun for example_complex to None, run_after=None
[2022-06-16 20:02:12,997] {processor.py:161} INFO - Processing /usr/local/lib/python3.10/dist-packages/airflow/example_dags/example_complex.py took 0.180 seconds
[2022-06-16 20:02:56,599] {processor.py:153} INFO - Started process (PID=5626) to work on /usr/local/lib/python3.10/dist-packages/airflow/example_dags/example_complex.py
[2022-06-16 20:02:56,600] {processor.py:641} INFO - Processing file /usr/local/lib/python3.10/dist-packages/airflow/example_dags/example_complex.py for tasks to queue
[2022-06-16 20:02:56,600] {logging_mixin.py:115} INFO - [2022-06-16 20:02:56,600] {dagbag.py:507} INFO - Filling up the DagBag from /usr/local/lib/python3.10/dist-packages/airflow/example_dags/example_complex.py
[2022-06-16 20:02:56,612] {processor.py:651} INFO - DAG(s) dict_keys(['example_complex']) retrieved from /usr/local/lib/python3.10/dist-packages/airflow/example_dags/example_complex.py
[2022-06-16 20:02:56,632] {logging_mixin.py:115} INFO - [2022-06-16 20:02:56,632] {dag.py:2371} INFO - Sync 1 DAGs
[2022-06-16 20:02:56,650] {logging_mixin.py:115} INFO - [2022-06-16 20:02:56,650] {dag.py:2915} INFO - Setting next_dagrun for example_complex to None, run_after=None
[2022-06-16 20:02:56,671] {processor.py:161} INFO - Processing /usr/local/lib/python3.10/dist-packages/airflow/example_dags/example_complex.py took 0.075 seconds
[2022-06-16 20:03:37,197] {processor.py:153} INFO - Started process (PID=5726) to work on /usr/local/lib/python3.10/dist-packages/airflow/example_dags/example_complex.py
[2022-06-16 20:03:37,198] {processor.py:641} INFO - Processing file /usr/local/lib/python3.10/dist-packages/airflow/example_dags/example_complex.py for tasks to queue
[2022-06-16 20:03:37,198] {logging_mixin.py:115} INFO - [2022-06-16 20:03:37,198] {dagbag.py:507} INFO - Filling up the DagBag from /usr/local/lib/python3.10/dist-packages/airflow/example_dags/example_complex.py
[2022-06-16 20:03:37,210] {processor.py:651} INFO - DAG(s) dict_keys(['example_complex']) retrieved from /usr/local/lib/python3.10/dist-packages/airflow/example_dags/example_complex.py
[2022-06-16 20:03:37,232] {logging_mixin.py:115} INFO - [2022-06-16 20:03:37,232] {dag.py:2371} INFO - Sync 1 DAGs
[2022-06-16 20:03:37,250] {logging_mixin.py:115} INFO - [2022-06-16 20:03:37,250] {dag.py:2915} INFO - Setting next_dagrun for example_complex to None, run_after=None
[2022-06-16 20:03:37,362] {processor.py:161} INFO - Processing /usr/local/lib/python3.10/dist-packages/airflow/example_dags/example_complex.py took 0.168 seconds
[2022-06-16 20:04:24,282] {processor.py:153} INFO - Started process (PID=5862) to work on /usr/local/lib/python3.10/dist-packages/airflow/example_dags/example_complex.py
[2022-06-16 20:04:24,283] {processor.py:641} INFO - Processing file /usr/local/lib/python3.10/dist-packages/airflow/example_dags/example_complex.py for tasks to queue
[2022-06-16 20:04:24,283] {logging_mixin.py:115} INFO - [2022-06-16 20:04:24,283] {dagbag.py:507} INFO - Filling up the DagBag from /usr/local/lib/python3.10/dist-packages/airflow/example_dags/example_complex.py
[2022-06-16 20:04:24,297] {processor.py:651} INFO - DAG(s) dict_keys(['example_complex']) retrieved from /usr/local/lib/python3.10/dist-packages/airflow/example_dags/example_complex.py
[2022-06-16 20:04:24,318] {logging_mixin.py:115} INFO - [2022-06-16 20:04:24,318] {dag.py:2371} INFO - Sync 1 DAGs
[2022-06-16 20:04:24,336] {logging_mixin.py:115} INFO - [2022-06-16 20:04:24,336] {dag.py:2915} INFO - Setting next_dagrun for example_complex to None, run_after=None
[2022-06-16 20:04:24,355] {processor.py:161} INFO - Processing /usr/local/lib/python3.10/dist-packages/airflow/example_dags/example_complex.py took 0.076 seconds
[2022-06-16 20:05:04,809] {processor.py:153} INFO - Started process (PID=5956) to work on /usr/local/lib/python3.10/dist-packages/airflow/example_dags/example_complex.py
[2022-06-16 20:05:04,809] {processor.py:641} INFO - Processing file /usr/local/lib/python3.10/dist-packages/airflow/example_dags/example_complex.py for tasks to queue
[2022-06-16 20:05:04,810] {logging_mixin.py:115} INFO - [2022-06-16 20:05:04,810] {dagbag.py:507} INFO - Filling up the DagBag from /usr/local/lib/python3.10/dist-packages/airflow/example_dags/example_complex.py
[2022-06-16 20:05:04,822] {processor.py:651} INFO - DAG(s) dict_keys(['example_complex']) retrieved from /usr/local/lib/python3.10/dist-packages/airflow/example_dags/example_complex.py
[2022-06-16 20:05:04,842] {logging_mixin.py:115} INFO - [2022-06-16 20:05:04,842] {dag.py:2371} INFO - Sync 1 DAGs
[2022-06-16 20:05:04,861] {logging_mixin.py:115} INFO - [2022-06-16 20:05:04,861] {dag.py:2915} INFO - Setting next_dagrun for example_complex to None, run_after=None
[2022-06-16 20:05:04,881] {processor.py:161} INFO - Processing /usr/local/lib/python3.10/dist-packages/airflow/example_dags/example_complex.py took 0.075 seconds
[2022-06-16 20:05:45,243] {processor.py:153} INFO - Started process (PID=6051) to work on /usr/local/lib/python3.10/dist-packages/airflow/example_dags/example_complex.py
[2022-06-16 20:05:45,244] {processor.py:641} INFO - Processing file /usr/local/lib/python3.10/dist-packages/airflow/example_dags/example_complex.py for tasks to queue
[2022-06-16 20:05:45,244] {logging_mixin.py:115} INFO - [2022-06-16 20:05:45,244] {dagbag.py:507} INFO - Filling up the DagBag from /usr/local/lib/python3.10/dist-packages/airflow/example_dags/example_complex.py
[2022-06-16 20:05:45,256] {processor.py:651} INFO - DAG(s) dict_keys(['example_complex']) retrieved from /usr/local/lib/python3.10/dist-packages/airflow/example_dags/example_complex.py
[2022-06-16 20:05:45,277] {logging_mixin.py:115} INFO - [2022-06-16 20:05:45,277] {dag.py:2371} INFO - Sync 1 DAGs
[2022-06-16 20:05:45,296] {logging_mixin.py:115} INFO - [2022-06-16 20:05:45,296] {dag.py:2915} INFO - Setting next_dagrun for example_complex to None, run_after=None
[2022-06-16 20:05:45,349] {processor.py:161} INFO - Processing /usr/local/lib/python3.10/dist-packages/airflow/example_dags/example_complex.py took 0.109 seconds
[2022-06-16 20:06:30,926] {processor.py:153} INFO - Started process (PID=6154) to work on /usr/local/lib/python3.10/dist-packages/airflow/example_dags/example_complex.py
[2022-06-16 20:06:30,927] {processor.py:641} INFO - Processing file /usr/local/lib/python3.10/dist-packages/airflow/example_dags/example_complex.py for tasks to queue
[2022-06-16 20:06:30,927] {logging_mixin.py:115} INFO - [2022-06-16 20:06:30,927] {dagbag.py:507} INFO - Filling up the DagBag from /usr/local/lib/python3.10/dist-packages/airflow/example_dags/example_complex.py
[2022-06-16 20:06:30,940] {processor.py:651} INFO - DAG(s) dict_keys(['example_complex']) retrieved from /usr/local/lib/python3.10/dist-packages/airflow/example_dags/example_complex.py
[2022-06-16 20:06:30,960] {logging_mixin.py:115} INFO - [2022-06-16 20:06:30,960] {dag.py:2371} INFO - Sync 1 DAGs
[2022-06-16 20:06:30,978] {logging_mixin.py:115} INFO - [2022-06-16 20:06:30,978] {dag.py:2915} INFO - Setting next_dagrun for example_complex to None, run_after=None
[2022-06-16 20:06:30,999] {processor.py:161} INFO - Processing /usr/local/lib/python3.10/dist-packages/airflow/example_dags/example_complex.py took 0.076 seconds
[2022-06-16 20:07:10,532] {processor.py:153} INFO - Started process (PID=6249) to work on /usr/local/lib/python3.10/dist-packages/airflow/example_dags/example_complex.py
[2022-06-16 20:07:10,533] {processor.py:641} INFO - Processing file /usr/local/lib/python3.10/dist-packages/airflow/example_dags/example_complex.py for tasks to queue
[2022-06-16 20:07:10,534] {logging_mixin.py:115} INFO - [2022-06-16 20:07:10,534] {dagbag.py:507} INFO - Filling up the DagBag from /usr/local/lib/python3.10/dist-packages/airflow/example_dags/example_complex.py
[2022-06-16 20:07:10,549] {processor.py:651} INFO - DAG(s) dict_keys(['example_complex']) retrieved from /usr/local/lib/python3.10/dist-packages/airflow/example_dags/example_complex.py
[2022-06-16 20:07:10,569] {logging_mixin.py:115} INFO - [2022-06-16 20:07:10,569] {dag.py:2371} INFO - Sync 1 DAGs
[2022-06-16 20:07:10,587] {logging_mixin.py:115} INFO - [2022-06-16 20:07:10,587] {dag.py:2915} INFO - Setting next_dagrun for example_complex to None, run_after=None
[2022-06-16 20:07:10,617] {processor.py:161} INFO - Processing /usr/local/lib/python3.10/dist-packages/airflow/example_dags/example_complex.py took 0.087 seconds
[2022-06-16 20:07:55,524] {processor.py:153} INFO - Started process (PID=6355) to work on /usr/local/lib/python3.10/dist-packages/airflow/example_dags/example_complex.py
[2022-06-16 20:07:55,524] {processor.py:641} INFO - Processing file /usr/local/lib/python3.10/dist-packages/airflow/example_dags/example_complex.py for tasks to queue
[2022-06-16 20:07:55,525] {logging_mixin.py:115} INFO - [2022-06-16 20:07:55,525] {dagbag.py:507} INFO - Filling up the DagBag from /usr/local/lib/python3.10/dist-packages/airflow/example_dags/example_complex.py
[2022-06-16 20:07:55,539] {processor.py:651} INFO - DAG(s) dict_keys(['example_complex']) retrieved from /usr/local/lib/python3.10/dist-packages/airflow/example_dags/example_complex.py
[2022-06-16 20:07:55,561] {logging_mixin.py:115} INFO - [2022-06-16 20:07:55,561] {dag.py:2371} INFO - Sync 1 DAGs
[2022-06-16 20:07:55,580] {logging_mixin.py:115} INFO - [2022-06-16 20:07:55,580] {dag.py:2915} INFO - Setting next_dagrun for example_complex to None, run_after=None
[2022-06-16 20:07:55,598] {processor.py:161} INFO - Processing /usr/local/lib/python3.10/dist-packages/airflow/example_dags/example_complex.py took 0.077 seconds
[2022-06-16 20:08:41,977] {processor.py:153} INFO - Started process (PID=6461) to work on /usr/local/lib/python3.10/dist-packages/airflow/example_dags/example_complex.py
[2022-06-16 20:08:41,978] {processor.py:641} INFO - Processing file /usr/local/lib/python3.10/dist-packages/airflow/example_dags/example_complex.py for tasks to queue
[2022-06-16 20:08:41,978] {logging_mixin.py:115} INFO - [2022-06-16 20:08:41,978] {dagbag.py:507} INFO - Filling up the DagBag from /usr/local/lib/python3.10/dist-packages/airflow/example_dags/example_complex.py
[2022-06-16 20:08:41,990] {processor.py:651} INFO - DAG(s) dict_keys(['example_complex']) retrieved from /usr/local/lib/python3.10/dist-packages/airflow/example_dags/example_complex.py
[2022-06-16 20:08:42,010] {logging_mixin.py:115} INFO - [2022-06-16 20:08:42,010] {dag.py:2371} INFO - Sync 1 DAGs
[2022-06-16 20:08:42,031] {logging_mixin.py:115} INFO - [2022-06-16 20:08:42,030] {dag.py:2915} INFO - Setting next_dagrun for example_complex to None, run_after=None
[2022-06-16 20:08:42,053] {processor.py:161} INFO - Processing /usr/local/lib/python3.10/dist-packages/airflow/example_dags/example_complex.py took 0.079 seconds
[2022-06-16 20:09:20,761] {processor.py:153} INFO - Started process (PID=6583) to work on /usr/local/lib/python3.10/dist-packages/airflow/example_dags/example_complex.py
[2022-06-16 20:09:20,762] {processor.py:641} INFO - Processing file /usr/local/lib/python3.10/dist-packages/airflow/example_dags/example_complex.py for tasks to queue
[2022-06-16 20:09:20,762] {logging_mixin.py:115} INFO - [2022-06-16 20:09:20,762] {dagbag.py:507} INFO - Filling up the DagBag from /usr/local/lib/python3.10/dist-packages/airflow/example_dags/example_complex.py
[2022-06-16 20:09:20,775] {processor.py:651} INFO - DAG(s) dict_keys(['example_complex']) retrieved from /usr/local/lib/python3.10/dist-packages/airflow/example_dags/example_complex.py
[2022-06-16 20:09:20,796] {logging_mixin.py:115} INFO - [2022-06-16 20:09:20,796] {dag.py:2371} INFO - Sync 1 DAGs
[2022-06-16 20:09:20,816] {logging_mixin.py:115} INFO - [2022-06-16 20:09:20,816] {dag.py:2915} INFO - Setting next_dagrun for example_complex to None, run_after=None
[2022-06-16 20:09:20,834] {processor.py:161} INFO - Processing /usr/local/lib/python3.10/dist-packages/airflow/example_dags/example_complex.py took 0.075 seconds
[2022-06-16 20:10:11,599] {processor.py:153} INFO - Started process (PID=6680) to work on /usr/local/lib/python3.10/dist-packages/airflow/example_dags/example_complex.py
[2022-06-16 20:10:11,600] {processor.py:641} INFO - Processing file /usr/local/lib/python3.10/dist-packages/airflow/example_dags/example_complex.py for tasks to queue
[2022-06-16 20:10:11,600] {logging_mixin.py:115} INFO - [2022-06-16 20:10:11,600] {dagbag.py:507} INFO - Filling up the DagBag from /usr/local/lib/python3.10/dist-packages/airflow/example_dags/example_complex.py
[2022-06-16 20:10:11,612] {processor.py:651} INFO - DAG(s) dict_keys(['example_complex']) retrieved from /usr/local/lib/python3.10/dist-packages/airflow/example_dags/example_complex.py
[2022-06-16 20:10:11,633] {logging_mixin.py:115} INFO - [2022-06-16 20:10:11,633] {dag.py:2371} INFO - Sync 1 DAGs
[2022-06-16 20:10:11,655] {logging_mixin.py:115} INFO - [2022-06-16 20:10:11,655] {dag.py:2915} INFO - Setting next_dagrun for example_complex to None, run_after=None
[2022-06-16 20:10:11,676] {processor.py:161} INFO - Processing /usr/local/lib/python3.10/dist-packages/airflow/example_dags/example_complex.py took 0.080 seconds
[2022-06-16 20:10:51,103] {processor.py:153} INFO - Started process (PID=6772) to work on /usr/local/lib/python3.10/dist-packages/airflow/example_dags/example_complex.py
[2022-06-16 20:10:51,103] {processor.py:641} INFO - Processing file /usr/local/lib/python3.10/dist-packages/airflow/example_dags/example_complex.py for tasks to queue
[2022-06-16 20:10:51,104] {logging_mixin.py:115} INFO - [2022-06-16 20:10:51,104] {dagbag.py:507} INFO - Filling up the DagBag from /usr/local/lib/python3.10/dist-packages/airflow/example_dags/example_complex.py
[2022-06-16 20:10:51,116] {processor.py:651} INFO - DAG(s) dict_keys(['example_complex']) retrieved from /usr/local/lib/python3.10/dist-packages/airflow/example_dags/example_complex.py
[2022-06-16 20:10:51,137] {logging_mixin.py:115} INFO - [2022-06-16 20:10:51,136] {dag.py:2371} INFO - Sync 1 DAGs
[2022-06-16 20:10:51,155] {logging_mixin.py:115} INFO - [2022-06-16 20:10:51,155] {dag.py:2915} INFO - Setting next_dagrun for example_complex to None, run_after=None
[2022-06-16 20:10:51,173] {processor.py:161} INFO - Processing /usr/local/lib/python3.10/dist-packages/airflow/example_dags/example_complex.py took 0.073 seconds
[2022-06-16 20:11:30,729] {processor.py:153} INFO - Started process (PID=6863) to work on /usr/local/lib/python3.10/dist-packages/airflow/example_dags/example_complex.py
[2022-06-16 20:11:30,730] {processor.py:641} INFO - Processing file /usr/local/lib/python3.10/dist-packages/airflow/example_dags/example_complex.py for tasks to queue
[2022-06-16 20:11:30,730] {logging_mixin.py:115} INFO - [2022-06-16 20:11:30,730] {dagbag.py:507} INFO - Filling up the DagBag from /usr/local/lib/python3.10/dist-packages/airflow/example_dags/example_complex.py
[2022-06-16 20:11:30,742] {processor.py:651} INFO - DAG(s) dict_keys(['example_complex']) retrieved from /usr/local/lib/python3.10/dist-packages/airflow/example_dags/example_complex.py
[2022-06-16 20:11:30,762] {logging_mixin.py:115} INFO - [2022-06-16 20:11:30,762] {dag.py:2371} INFO - Sync 1 DAGs
[2022-06-16 20:11:30,781] {logging_mixin.py:115} INFO - [2022-06-16 20:11:30,781] {dag.py:2915} INFO - Setting next_dagrun for example_complex to None, run_after=None
[2022-06-16 20:11:30,803] {processor.py:161} INFO - Processing /usr/local/lib/python3.10/dist-packages/airflow/example_dags/example_complex.py took 0.078 seconds
[2022-06-16 20:12:18,558] {processor.py:153} INFO - Started process (PID=6973) to work on /usr/local/lib/python3.10/dist-packages/airflow/example_dags/example_complex.py
[2022-06-16 20:12:18,561] {processor.py:641} INFO - Processing file /usr/local/lib/python3.10/dist-packages/airflow/example_dags/example_complex.py for tasks to queue
[2022-06-16 20:12:18,562] {logging_mixin.py:115} INFO - [2022-06-16 20:12:18,562] {dagbag.py:507} INFO - Filling up the DagBag from /usr/local/lib/python3.10/dist-packages/airflow/example_dags/example_complex.py
[2022-06-16 20:12:18,574] {processor.py:651} INFO - DAG(s) dict_keys(['example_complex']) retrieved from /usr/local/lib/python3.10/dist-packages/airflow/example_dags/example_complex.py
[2022-06-16 20:12:18,594] {logging_mixin.py:115} INFO - [2022-06-16 20:12:18,594] {dag.py:2371} INFO - Sync 1 DAGs
[2022-06-16 20:12:18,613] {logging_mixin.py:115} INFO - [2022-06-16 20:12:18,613] {dag.py:2915} INFO - Setting next_dagrun for example_complex to None, run_after=None
[2022-06-16 20:12:18,632] {processor.py:161} INFO - Processing /usr/local/lib/python3.10/dist-packages/airflow/example_dags/example_complex.py took 0.076 seconds
[2022-06-16 20:12:58,538] {processor.py:153} INFO - Started process (PID=7065) to work on /usr/local/lib/python3.10/dist-packages/airflow/example_dags/example_complex.py
[2022-06-16 20:12:58,539] {processor.py:641} INFO - Processing file /usr/local/lib/python3.10/dist-packages/airflow/example_dags/example_complex.py for tasks to queue
[2022-06-16 20:12:58,539] {logging_mixin.py:115} INFO - [2022-06-16 20:12:58,539] {dagbag.py:507} INFO - Filling up the DagBag from /usr/local/lib/python3.10/dist-packages/airflow/example_dags/example_complex.py
[2022-06-16 20:12:58,552] {processor.py:651} INFO - DAG(s) dict_keys(['example_complex']) retrieved from /usr/local/lib/python3.10/dist-packages/airflow/example_dags/example_complex.py
[2022-06-16 20:12:58,573] {logging_mixin.py:115} INFO - [2022-06-16 20:12:58,573] {dag.py:2371} INFO - Sync 1 DAGs
[2022-06-16 20:12:58,592] {logging_mixin.py:115} INFO - [2022-06-16 20:12:58,592] {dag.py:2915} INFO - Setting next_dagrun for example_complex to None, run_after=None
[2022-06-16 20:12:58,611] {processor.py:161} INFO - Processing /usr/local/lib/python3.10/dist-packages/airflow/example_dags/example_complex.py took 0.075 seconds
[2022-06-16 20:13:38,043] {processor.py:153} INFO - Started process (PID=7169) to work on /usr/local/lib/python3.10/dist-packages/airflow/example_dags/example_complex.py
[2022-06-16 20:13:38,044] {processor.py:641} INFO - Processing file /usr/local/lib/python3.10/dist-packages/airflow/example_dags/example_complex.py for tasks to queue
[2022-06-16 20:13:38,045] {logging_mixin.py:115} INFO - [2022-06-16 20:13:38,045] {dagbag.py:507} INFO - Filling up the DagBag from /usr/local/lib/python3.10/dist-packages/airflow/example_dags/example_complex.py
[2022-06-16 20:13:38,057] {processor.py:651} INFO - DAG(s) dict_keys(['example_complex']) retrieved from /usr/local/lib/python3.10/dist-packages/airflow/example_dags/example_complex.py
[2022-06-16 20:13:38,077] {logging_mixin.py:115} INFO - [2022-06-16 20:13:38,077] {dag.py:2371} INFO - Sync 1 DAGs
[2022-06-16 20:13:38,095] {logging_mixin.py:115} INFO - [2022-06-16 20:13:38,095] {dag.py:2915} INFO - Setting next_dagrun for example_complex to None, run_after=None
[2022-06-16 20:13:38,117] {processor.py:161} INFO - Processing /usr/local/lib/python3.10/dist-packages/airflow/example_dags/example_complex.py took 0.076 seconds
[2022-06-16 20:14:22,253] {processor.py:153} INFO - Started process (PID=7298) to work on /usr/local/lib/python3.10/dist-packages/airflow/example_dags/example_complex.py
[2022-06-16 20:14:22,254] {processor.py:641} INFO - Processing file /usr/local/lib/python3.10/dist-packages/airflow/example_dags/example_complex.py for tasks to queue
[2022-06-16 20:14:22,254] {logging_mixin.py:115} INFO - [2022-06-16 20:14:22,254] {dagbag.py:507} INFO - Filling up the DagBag from /usr/local/lib/python3.10/dist-packages/airflow/example_dags/example_complex.py
[2022-06-16 20:14:22,267] {processor.py:651} INFO - DAG(s) dict_keys(['example_complex']) retrieved from /usr/local/lib/python3.10/dist-packages/airflow/example_dags/example_complex.py
[2022-06-16 20:14:22,287] {logging_mixin.py:115} INFO - [2022-06-16 20:14:22,287] {dag.py:2371} INFO - Sync 1 DAGs
[2022-06-16 20:14:22,306] {logging_mixin.py:115} INFO - [2022-06-16 20:14:22,306] {dag.py:2915} INFO - Setting next_dagrun for example_complex to None, run_after=None
[2022-06-16 20:14:22,328] {processor.py:161} INFO - Processing /usr/local/lib/python3.10/dist-packages/airflow/example_dags/example_complex.py took 0.077 seconds
[2022-06-16 20:15:06,043] {processor.py:153} INFO - Started process (PID=7410) to work on /usr/local/lib/python3.10/dist-packages/airflow/example_dags/example_complex.py
[2022-06-16 20:15:06,044] {processor.py:641} INFO - Processing file /usr/local/lib/python3.10/dist-packages/airflow/example_dags/example_complex.py for tasks to queue
[2022-06-16 20:15:06,044] {logging_mixin.py:115} INFO - [2022-06-16 20:15:06,044] {dagbag.py:507} INFO - Filling up the DagBag from /usr/local/lib/python3.10/dist-packages/airflow/example_dags/example_complex.py
[2022-06-16 20:15:06,057] {processor.py:651} INFO - DAG(s) dict_keys(['example_complex']) retrieved from /usr/local/lib/python3.10/dist-packages/airflow/example_dags/example_complex.py
[2022-06-16 20:15:06,078] {logging_mixin.py:115} INFO - [2022-06-16 20:15:06,078] {dag.py:2371} INFO - Sync 1 DAGs
[2022-06-16 20:15:06,096] {logging_mixin.py:115} INFO - [2022-06-16 20:15:06,096] {dag.py:2915} INFO - Setting next_dagrun for example_complex to None, run_after=None
[2022-06-16 20:15:06,115] {processor.py:161} INFO - Processing /usr/local/lib/python3.10/dist-packages/airflow/example_dags/example_complex.py took 0.074 seconds
[2022-06-16 20:15:48,338] {processor.py:153} INFO - Started process (PID=7504) to work on /usr/local/lib/python3.10/dist-packages/airflow/example_dags/example_complex.py
[2022-06-16 20:15:48,338] {processor.py:641} INFO - Processing file /usr/local/lib/python3.10/dist-packages/airflow/example_dags/example_complex.py for tasks to queue
[2022-06-16 20:15:48,339] {logging_mixin.py:115} INFO - [2022-06-16 20:15:48,339] {dagbag.py:507} INFO - Filling up the DagBag from /usr/local/lib/python3.10/dist-packages/airflow/example_dags/example_complex.py
[2022-06-16 20:15:48,352] {processor.py:651} INFO - DAG(s) dict_keys(['example_complex']) retrieved from /usr/local/lib/python3.10/dist-packages/airflow/example_dags/example_complex.py
[2022-06-16 20:15:48,373] {logging_mixin.py:115} INFO - [2022-06-16 20:15:48,373] {dag.py:2371} INFO - Sync 1 DAGs
[2022-06-16 20:15:48,394] {logging_mixin.py:115} INFO - [2022-06-16 20:15:48,394] {dag.py:2915} INFO - Setting next_dagrun for example_complex to None, run_after=None
[2022-06-16 20:15:48,412] {processor.py:161} INFO - Processing /usr/local/lib/python3.10/dist-packages/airflow/example_dags/example_complex.py took 0.077 seconds
[2022-06-16 20:16:33,315] {processor.py:153} INFO - Started process (PID=7606) to work on /usr/local/lib/python3.10/dist-packages/airflow/example_dags/example_complex.py
[2022-06-16 20:16:33,316] {processor.py:641} INFO - Processing file /usr/local/lib/python3.10/dist-packages/airflow/example_dags/example_complex.py for tasks to queue
[2022-06-16 20:16:33,317] {logging_mixin.py:115} INFO - [2022-06-16 20:16:33,317] {dagbag.py:507} INFO - Filling up the DagBag from /usr/local/lib/python3.10/dist-packages/airflow/example_dags/example_complex.py
[2022-06-16 20:16:33,329] {processor.py:651} INFO - DAG(s) dict_keys(['example_complex']) retrieved from /usr/local/lib/python3.10/dist-packages/airflow/example_dags/example_complex.py
[2022-06-16 20:16:33,349] {logging_mixin.py:115} INFO - [2022-06-16 20:16:33,349] {dag.py:2371} INFO - Sync 1 DAGs
[2022-06-16 20:16:33,368] {logging_mixin.py:115} INFO - [2022-06-16 20:16:33,368] {dag.py:2915} INFO - Setting next_dagrun for example_complex to None, run_after=None
[2022-06-16 20:16:33,433] {processor.py:161} INFO - Processing /usr/local/lib/python3.10/dist-packages/airflow/example_dags/example_complex.py took 0.120 seconds
[2022-06-16 20:17:13,857] {processor.py:153} INFO - Started process (PID=7705) to work on /usr/local/lib/python3.10/dist-packages/airflow/example_dags/example_complex.py
[2022-06-16 20:17:13,858] {processor.py:641} INFO - Processing file /usr/local/lib/python3.10/dist-packages/airflow/example_dags/example_complex.py for tasks to queue
[2022-06-16 20:17:13,858] {logging_mixin.py:115} INFO - [2022-06-16 20:17:13,858] {dagbag.py:507} INFO - Filling up the DagBag from /usr/local/lib/python3.10/dist-packages/airflow/example_dags/example_complex.py
[2022-06-16 20:17:13,870] {processor.py:651} INFO - DAG(s) dict_keys(['example_complex']) retrieved from /usr/local/lib/python3.10/dist-packages/airflow/example_dags/example_complex.py
[2022-06-16 20:17:13,890] {logging_mixin.py:115} INFO - [2022-06-16 20:17:13,890] {dag.py:2371} INFO - Sync 1 DAGs
[2022-06-16 20:17:13,908] {logging_mixin.py:115} INFO - [2022-06-16 20:17:13,908] {dag.py:2915} INFO - Setting next_dagrun for example_complex to None, run_after=None
[2022-06-16 20:17:13,930] {processor.py:161} INFO - Processing /usr/local/lib/python3.10/dist-packages/airflow/example_dags/example_complex.py took 0.076 seconds
[2022-06-16 20:18:00,786] {processor.py:153} INFO - Started process (PID=7822) to work on /usr/local/lib/python3.10/dist-packages/airflow/example_dags/example_complex.py
[2022-06-16 20:18:00,787] {processor.py:641} INFO - Processing file /usr/local/lib/python3.10/dist-packages/airflow/example_dags/example_complex.py for tasks to queue
[2022-06-16 20:18:00,787] {logging_mixin.py:115} INFO - [2022-06-16 20:18:00,787] {dagbag.py:507} INFO - Filling up the DagBag from /usr/local/lib/python3.10/dist-packages/airflow/example_dags/example_complex.py
[2022-06-16 20:18:00,801] {processor.py:651} INFO - DAG(s) dict_keys(['example_complex']) retrieved from /usr/local/lib/python3.10/dist-packages/airflow/example_dags/example_complex.py
[2022-06-16 20:18:00,824] {logging_mixin.py:115} INFO - [2022-06-16 20:18:00,824] {dag.py:2371} INFO - Sync 1 DAGs
[2022-06-16 20:18:00,844] {logging_mixin.py:115} INFO - [2022-06-16 20:18:00,844] {dag.py:2915} INFO - Setting next_dagrun for example_complex to None, run_after=None
[2022-06-16 20:18:00,863] {processor.py:161} INFO - Processing /usr/local/lib/python3.10/dist-packages/airflow/example_dags/example_complex.py took 0.080 seconds
[2022-06-16 20:18:41,261] {processor.py:153} INFO - Started process (PID=7881) to work on /usr/local/lib/python3.10/dist-packages/airflow/example_dags/example_complex.py
[2022-06-16 20:18:41,261] {processor.py:641} INFO - Processing file /usr/local/lib/python3.10/dist-packages/airflow/example_dags/example_complex.py for tasks to queue
[2022-06-16 20:18:41,262] {logging_mixin.py:115} INFO - [2022-06-16 20:18:41,262] {dagbag.py:507} INFO - Filling up the DagBag from /usr/local/lib/python3.10/dist-packages/airflow/example_dags/example_complex.py
[2022-06-16 20:18:41,274] {processor.py:651} INFO - DAG(s) dict_keys(['example_complex']) retrieved from /usr/local/lib/python3.10/dist-packages/airflow/example_dags/example_complex.py
[2022-06-16 20:18:41,295] {logging_mixin.py:115} INFO - [2022-06-16 20:18:41,295] {dag.py:2371} INFO - Sync 1 DAGs
[2022-06-16 20:18:41,314] {logging_mixin.py:115} INFO - [2022-06-16 20:18:41,314] {dag.py:2915} INFO - Setting next_dagrun for example_complex to None, run_after=None
[2022-06-16 20:18:41,332] {processor.py:161} INFO - Processing /usr/local/lib/python3.10/dist-packages/airflow/example_dags/example_complex.py took 0.074 seconds
[2022-06-16 20:19:20,644] {processor.py:153} INFO - Started process (PID=7965) to work on /usr/local/lib/python3.10/dist-packages/airflow/example_dags/example_complex.py
[2022-06-16 20:19:20,645] {processor.py:641} INFO - Processing file /usr/local/lib/python3.10/dist-packages/airflow/example_dags/example_complex.py for tasks to queue
[2022-06-16 20:19:20,645] {logging_mixin.py:115} INFO - [2022-06-16 20:19:20,645] {dagbag.py:507} INFO - Filling up the DagBag from /usr/local/lib/python3.10/dist-packages/airflow/example_dags/example_complex.py
[2022-06-16 20:19:20,657] {processor.py:651} INFO - DAG(s) dict_keys(['example_complex']) retrieved from /usr/local/lib/python3.10/dist-packages/airflow/example_dags/example_complex.py
[2022-06-16 20:19:20,677] {logging_mixin.py:115} INFO - [2022-06-16 20:19:20,677] {dag.py:2371} INFO - Sync 1 DAGs
[2022-06-16 20:19:20,697] {logging_mixin.py:115} INFO - [2022-06-16 20:19:20,696] {dag.py:2915} INFO - Setting next_dagrun for example_complex to None, run_after=None
[2022-06-16 20:19:20,726] {processor.py:161} INFO - Processing /usr/local/lib/python3.10/dist-packages/airflow/example_dags/example_complex.py took 0.085 seconds
[2022-06-16 20:20:00,260] {processor.py:153} INFO - Started process (PID=8041) to work on /usr/local/lib/python3.10/dist-packages/airflow/example_dags/example_complex.py
[2022-06-16 20:20:00,261] {processor.py:641} INFO - Processing file /usr/local/lib/python3.10/dist-packages/airflow/example_dags/example_complex.py for tasks to queue
[2022-06-16 20:20:00,262] {logging_mixin.py:115} INFO - [2022-06-16 20:20:00,262] {dagbag.py:507} INFO - Filling up the DagBag from /usr/local/lib/python3.10/dist-packages/airflow/example_dags/example_complex.py
[2022-06-16 20:20:00,279] {processor.py:651} INFO - DAG(s) dict_keys(['example_complex']) retrieved from /usr/local/lib/python3.10/dist-packages/airflow/example_dags/example_complex.py
[2022-06-16 20:20:00,303] {logging_mixin.py:115} INFO - [2022-06-16 20:20:00,303] {dag.py:2371} INFO - Sync 1 DAGs
[2022-06-16 20:20:00,327] {logging_mixin.py:115} INFO - [2022-06-16 20:20:00,326] {dag.py:2915} INFO - Setting next_dagrun for example_complex to None, run_after=None
[2022-06-16 20:20:00,349] {processor.py:161} INFO - Processing /usr/local/lib/python3.10/dist-packages/airflow/example_dags/example_complex.py took 0.092 seconds
[2022-06-16 20:20:46,574] {processor.py:153} INFO - Started process (PID=8102) to work on /usr/local/lib/python3.10/dist-packages/airflow/example_dags/example_complex.py
[2022-06-16 20:20:46,575] {processor.py:641} INFO - Processing file /usr/local/lib/python3.10/dist-packages/airflow/example_dags/example_complex.py for tasks to queue
[2022-06-16 20:20:46,575] {logging_mixin.py:115} INFO - [2022-06-16 20:20:46,575] {dagbag.py:507} INFO - Filling up the DagBag from /usr/local/lib/python3.10/dist-packages/airflow/example_dags/example_complex.py
[2022-06-16 20:20:46,587] {processor.py:651} INFO - DAG(s) dict_keys(['example_complex']) retrieved from /usr/local/lib/python3.10/dist-packages/airflow/example_dags/example_complex.py
[2022-06-16 20:20:46,608] {logging_mixin.py:115} INFO - [2022-06-16 20:20:46,608] {dag.py:2371} INFO - Sync 1 DAGs
[2022-06-16 20:20:46,626] {logging_mixin.py:115} INFO - [2022-06-16 20:20:46,626] {dag.py:2915} INFO - Setting next_dagrun for example_complex to None, run_after=None
[2022-06-16 20:20:46,645] {processor.py:161} INFO - Processing /usr/local/lib/python3.10/dist-packages/airflow/example_dags/example_complex.py took 0.074 seconds
[2022-06-16 20:21:25,191] {processor.py:153} INFO - Started process (PID=8148) to work on /usr/local/lib/python3.10/dist-packages/airflow/example_dags/example_complex.py
[2022-06-16 20:21:25,191] {processor.py:641} INFO - Processing file /usr/local/lib/python3.10/dist-packages/airflow/example_dags/example_complex.py for tasks to queue
[2022-06-16 20:21:25,192] {logging_mixin.py:115} INFO - [2022-06-16 20:21:25,192] {dagbag.py:507} INFO - Filling up the DagBag from /usr/local/lib/python3.10/dist-packages/airflow/example_dags/example_complex.py
[2022-06-16 20:21:25,204] {processor.py:651} INFO - DAG(s) dict_keys(['example_complex']) retrieved from /usr/local/lib/python3.10/dist-packages/airflow/example_dags/example_complex.py
[2022-06-16 20:21:25,224] {logging_mixin.py:115} INFO - [2022-06-16 20:21:25,224] {dag.py:2371} INFO - Sync 1 DAGs
[2022-06-16 20:21:25,243] {logging_mixin.py:115} INFO - [2022-06-16 20:21:25,243] {dag.py:2915} INFO - Setting next_dagrun for example_complex to None, run_after=None
[2022-06-16 20:21:25,263] {processor.py:161} INFO - Processing /usr/local/lib/python3.10/dist-packages/airflow/example_dags/example_complex.py took 0.075 seconds
[2022-06-16 20:22:14,546] {processor.py:153} INFO - Started process (PID=8201) to work on /usr/local/lib/python3.10/dist-packages/airflow/example_dags/example_complex.py
[2022-06-16 20:22:14,546] {processor.py:641} INFO - Processing file /usr/local/lib/python3.10/dist-packages/airflow/example_dags/example_complex.py for tasks to queue
[2022-06-16 20:22:14,547] {logging_mixin.py:115} INFO - [2022-06-16 20:22:14,547] {dagbag.py:507} INFO - Filling up the DagBag from /usr/local/lib/python3.10/dist-packages/airflow/example_dags/example_complex.py
[2022-06-16 20:22:14,559] {processor.py:651} INFO - DAG(s) dict_keys(['example_complex']) retrieved from /usr/local/lib/python3.10/dist-packages/airflow/example_dags/example_complex.py
[2022-06-16 20:22:14,580] {logging_mixin.py:115} INFO - [2022-06-16 20:22:14,580] {dag.py:2371} INFO - Sync 1 DAGs
[2022-06-16 20:22:14,599] {logging_mixin.py:115} INFO - [2022-06-16 20:22:14,599] {dag.py:2915} INFO - Setting next_dagrun for example_complex to None, run_after=None
[2022-06-16 20:22:14,618] {processor.py:161} INFO - Processing /usr/local/lib/python3.10/dist-packages/airflow/example_dags/example_complex.py took 0.075 seconds
[2022-06-16 20:22:59,046] {processor.py:153} INFO - Started process (PID=8268) to work on /usr/local/lib/python3.10/dist-packages/airflow/example_dags/example_complex.py
[2022-06-16 20:22:59,047] {processor.py:641} INFO - Processing file /usr/local/lib/python3.10/dist-packages/airflow/example_dags/example_complex.py for tasks to queue
[2022-06-16 20:22:59,047] {logging_mixin.py:115} INFO - [2022-06-16 20:22:59,047] {dagbag.py:507} INFO - Filling up the DagBag from /usr/local/lib/python3.10/dist-packages/airflow/example_dags/example_complex.py
[2022-06-16 20:22:59,059] {processor.py:651} INFO - DAG(s) dict_keys(['example_complex']) retrieved from /usr/local/lib/python3.10/dist-packages/airflow/example_dags/example_complex.py
[2022-06-16 20:22:59,079] {logging_mixin.py:115} INFO - [2022-06-16 20:22:59,079] {dag.py:2371} INFO - Sync 1 DAGs
[2022-06-16 20:22:59,098] {logging_mixin.py:115} INFO - [2022-06-16 20:22:59,098] {dag.py:2915} INFO - Setting next_dagrun for example_complex to None, run_after=None
[2022-06-16 20:22:59,153] {processor.py:161} INFO - Processing /usr/local/lib/python3.10/dist-packages/airflow/example_dags/example_complex.py took 0.110 seconds
[2022-06-16 20:23:45,869] {processor.py:153} INFO - Started process (PID=8351) to work on /usr/local/lib/python3.10/dist-packages/airflow/example_dags/example_complex.py
[2022-06-16 20:23:45,870] {processor.py:641} INFO - Processing file /usr/local/lib/python3.10/dist-packages/airflow/example_dags/example_complex.py for tasks to queue
[2022-06-16 20:23:45,871] {logging_mixin.py:115} INFO - [2022-06-16 20:23:45,870] {dagbag.py:507} INFO - Filling up the DagBag from /usr/local/lib/python3.10/dist-packages/airflow/example_dags/example_complex.py
[2022-06-16 20:23:45,883] {processor.py:651} INFO - DAG(s) dict_keys(['example_complex']) retrieved from /usr/local/lib/python3.10/dist-packages/airflow/example_dags/example_complex.py
[2022-06-16 20:23:45,903] {logging_mixin.py:115} INFO - [2022-06-16 20:23:45,903] {dag.py:2371} INFO - Sync 1 DAGs
[2022-06-16 20:23:45,921] {logging_mixin.py:115} INFO - [2022-06-16 20:23:45,921] {dag.py:2915} INFO - Setting next_dagrun for example_complex to None, run_after=None
[2022-06-16 20:23:45,956] {processor.py:161} INFO - Processing /usr/local/lib/python3.10/dist-packages/airflow/example_dags/example_complex.py took 0.089 seconds
[2022-06-16 20:24:26,095] {processor.py:153} INFO - Started process (PID=8403) to work on /usr/local/lib/python3.10/dist-packages/airflow/example_dags/example_complex.py
[2022-06-16 20:24:26,096] {processor.py:641} INFO - Processing file /usr/local/lib/python3.10/dist-packages/airflow/example_dags/example_complex.py for tasks to queue
[2022-06-16 20:24:26,097] {logging_mixin.py:115} INFO - [2022-06-16 20:24:26,097] {dagbag.py:507} INFO - Filling up the DagBag from /usr/local/lib/python3.10/dist-packages/airflow/example_dags/example_complex.py
[2022-06-16 20:24:26,115] {processor.py:651} INFO - DAG(s) dict_keys(['example_complex']) retrieved from /usr/local/lib/python3.10/dist-packages/airflow/example_dags/example_complex.py
[2022-06-16 20:24:26,135] {logging_mixin.py:115} INFO - [2022-06-16 20:24:26,135] {dag.py:2371} INFO - Sync 1 DAGs
[2022-06-16 20:24:26,153] {logging_mixin.py:115} INFO - [2022-06-16 20:24:26,153] {dag.py:2915} INFO - Setting next_dagrun for example_complex to None, run_after=None
[2022-06-16 20:24:26,173] {processor.py:161} INFO - Processing /usr/local/lib/python3.10/dist-packages/airflow/example_dags/example_complex.py took 0.081 seconds
[2022-06-16 20:25:05,276] {processor.py:153} INFO - Started process (PID=8467) to work on /usr/local/lib/python3.10/dist-packages/airflow/example_dags/example_complex.py
[2022-06-16 20:25:05,281] {processor.py:641} INFO - Processing file /usr/local/lib/python3.10/dist-packages/airflow/example_dags/example_complex.py for tasks to queue
[2022-06-16 20:25:05,282] {logging_mixin.py:115} INFO - [2022-06-16 20:25:05,281] {dagbag.py:507} INFO - Filling up the DagBag from /usr/local/lib/python3.10/dist-packages/airflow/example_dags/example_complex.py
[2022-06-16 20:25:05,296] {processor.py:651} INFO - DAG(s) dict_keys(['example_complex']) retrieved from /usr/local/lib/python3.10/dist-packages/airflow/example_dags/example_complex.py
[2022-06-16 20:25:05,318] {logging_mixin.py:115} INFO - [2022-06-16 20:25:05,318] {dag.py:2371} INFO - Sync 1 DAGs
[2022-06-16 20:25:05,337] {logging_mixin.py:115} INFO - [2022-06-16 20:25:05,337] {dag.py:2915} INFO - Setting next_dagrun for example_complex to None, run_after=None
[2022-06-16 20:25:05,391] {processor.py:161} INFO - Processing /usr/local/lib/python3.10/dist-packages/airflow/example_dags/example_complex.py took 0.119 seconds
[2022-06-16 20:25:53,302] {processor.py:153} INFO - Started process (PID=8521) to work on /usr/local/lib/python3.10/dist-packages/airflow/example_dags/example_complex.py
[2022-06-16 20:25:53,303] {processor.py:641} INFO - Processing file /usr/local/lib/python3.10/dist-packages/airflow/example_dags/example_complex.py for tasks to queue
[2022-06-16 20:25:53,304] {logging_mixin.py:115} INFO - [2022-06-16 20:25:53,303] {dagbag.py:507} INFO - Filling up the DagBag from /usr/local/lib/python3.10/dist-packages/airflow/example_dags/example_complex.py
[2022-06-16 20:25:53,316] {processor.py:651} INFO - DAG(s) dict_keys(['example_complex']) retrieved from /usr/local/lib/python3.10/dist-packages/airflow/example_dags/example_complex.py
[2022-06-16 20:25:53,339] {logging_mixin.py:115} INFO - [2022-06-16 20:25:53,339] {dag.py:2371} INFO - Sync 1 DAGs
[2022-06-16 20:25:53,360] {logging_mixin.py:115} INFO - [2022-06-16 20:25:53,360] {dag.py:2915} INFO - Setting next_dagrun for example_complex to None, run_after=None
[2022-06-16 20:25:53,384] {processor.py:161} INFO - Processing /usr/local/lib/python3.10/dist-packages/airflow/example_dags/example_complex.py took 0.084 seconds
[2022-06-16 20:26:34,859] {processor.py:153} INFO - Started process (PID=8570) to work on /usr/local/lib/python3.10/dist-packages/airflow/example_dags/example_complex.py
[2022-06-16 20:26:34,860] {processor.py:641} INFO - Processing file /usr/local/lib/python3.10/dist-packages/airflow/example_dags/example_complex.py for tasks to queue
[2022-06-16 20:26:34,860] {logging_mixin.py:115} INFO - [2022-06-16 20:26:34,860] {dagbag.py:507} INFO - Filling up the DagBag from /usr/local/lib/python3.10/dist-packages/airflow/example_dags/example_complex.py
[2022-06-16 20:26:34,879] {processor.py:651} INFO - DAG(s) dict_keys(['example_complex']) retrieved from /usr/local/lib/python3.10/dist-packages/airflow/example_dags/example_complex.py
[2022-06-16 20:26:34,908] {logging_mixin.py:115} INFO - [2022-06-16 20:26:34,908] {dag.py:2371} INFO - Sync 1 DAGs
[2022-06-16 20:26:34,927] {logging_mixin.py:115} INFO - [2022-06-16 20:26:34,926] {dag.py:2915} INFO - Setting next_dagrun for example_complex to None, run_after=None
[2022-06-16 20:26:34,946] {processor.py:161} INFO - Processing /usr/local/lib/python3.10/dist-packages/airflow/example_dags/example_complex.py took 0.090 seconds
