[2022-06-16 19:59:46,562] {processor.py:153} INFO - Started process (PID=5084) to work on /usr/local/lib/python3.10/dist-packages/airflow/example_dags/example_skip_dag.py
[2022-06-16 19:59:46,563] {processor.py:641} INFO - Processing file /usr/local/lib/python3.10/dist-packages/airflow/example_dags/example_skip_dag.py for tasks to queue
[2022-06-16 19:59:46,563] {logging_mixin.py:115} INFO - [2022-06-16 19:59:46,563] {dagbag.py:507} INFO - Filling up the DagBag from /usr/local/lib/python3.10/dist-packages/airflow/example_dags/example_skip_dag.py
[2022-06-16 19:59:46,568] {processor.py:651} INFO - DAG(s) dict_keys(['example_skip_dag']) retrieved from /usr/local/lib/python3.10/dist-packages/airflow/example_dags/example_skip_dag.py
[2022-06-16 19:59:46,588] {logging_mixin.py:115} INFO - [2022-06-16 19:59:46,588] {dag.py:2371} INFO - Sync 1 DAGs
[2022-06-16 19:59:46,607] {logging_mixin.py:115} INFO - [2022-06-16 19:59:46,607] {dag.py:2915} INFO - Setting next_dagrun for example_skip_dag to 2022-06-15T14:29:46.607263+00:00, run_after=2022-06-16T14:29:46.607263+00:00
[2022-06-16 19:59:46,713] {processor.py:161} INFO - Processing /usr/local/lib/python3.10/dist-packages/airflow/example_dags/example_skip_dag.py took 0.154 seconds
[2022-06-16 20:00:26,314] {processor.py:153} INFO - Started process (PID=5210) to work on /usr/local/lib/python3.10/dist-packages/airflow/example_dags/example_skip_dag.py
[2022-06-16 20:00:26,315] {processor.py:641} INFO - Processing file /usr/local/lib/python3.10/dist-packages/airflow/example_dags/example_skip_dag.py for tasks to queue
[2022-06-16 20:00:26,316] {logging_mixin.py:115} INFO - [2022-06-16 20:00:26,316] {dagbag.py:507} INFO - Filling up the DagBag from /usr/local/lib/python3.10/dist-packages/airflow/example_dags/example_skip_dag.py
[2022-06-16 20:00:26,324] {processor.py:651} INFO - DAG(s) dict_keys(['example_skip_dag']) retrieved from /usr/local/lib/python3.10/dist-packages/airflow/example_dags/example_skip_dag.py
[2022-06-16 20:00:26,347] {logging_mixin.py:115} INFO - [2022-06-16 20:00:26,346] {dag.py:2371} INFO - Sync 1 DAGs
[2022-06-16 20:00:26,373] {logging_mixin.py:115} INFO - [2022-06-16 20:00:26,372] {dag.py:2915} INFO - Setting next_dagrun for example_skip_dag to 2022-06-15T14:30:26.372501+00:00, run_after=2022-06-16T14:30:26.372501+00:00
[2022-06-16 20:00:26,491] {processor.py:161} INFO - Processing /usr/local/lib/python3.10/dist-packages/airflow/example_dags/example_skip_dag.py took 0.181 seconds
[2022-06-16 20:01:05,780] {processor.py:153} INFO - Started process (PID=5294) to work on /usr/local/lib/python3.10/dist-packages/airflow/example_dags/example_skip_dag.py
[2022-06-16 20:01:05,823] {processor.py:641} INFO - Processing file /usr/local/lib/python3.10/dist-packages/airflow/example_dags/example_skip_dag.py for tasks to queue
[2022-06-16 20:01:05,824] {logging_mixin.py:115} INFO - [2022-06-16 20:01:05,824] {dagbag.py:507} INFO - Filling up the DagBag from /usr/local/lib/python3.10/dist-packages/airflow/example_dags/example_skip_dag.py
[2022-06-16 20:01:05,829] {processor.py:651} INFO - DAG(s) dict_keys(['example_skip_dag']) retrieved from /usr/local/lib/python3.10/dist-packages/airflow/example_dags/example_skip_dag.py
[2022-06-16 20:01:05,846] {logging_mixin.py:115} INFO - [2022-06-16 20:01:05,846] {dag.py:2371} INFO - Sync 1 DAGs
[2022-06-16 20:01:05,870] {logging_mixin.py:115} INFO - [2022-06-16 20:01:05,869] {dag.py:2915} INFO - Setting next_dagrun for example_skip_dag to 2022-06-15T14:31:05.869549+00:00, run_after=2022-06-16T14:31:05.869549+00:00
[2022-06-16 20:01:05,891] {processor.py:161} INFO - Processing /usr/local/lib/python3.10/dist-packages/airflow/example_dags/example_skip_dag.py took 0.114 seconds
[2022-06-16 20:01:47,877] {processor.py:153} INFO - Started process (PID=5480) to work on /usr/local/lib/python3.10/dist-packages/airflow/example_dags/example_skip_dag.py
[2022-06-16 20:01:47,878] {processor.py:641} INFO - Processing file /usr/local/lib/python3.10/dist-packages/airflow/example_dags/example_skip_dag.py for tasks to queue
[2022-06-16 20:01:47,879] {logging_mixin.py:115} INFO - [2022-06-16 20:01:47,879] {dagbag.py:507} INFO - Filling up the DagBag from /usr/local/lib/python3.10/dist-packages/airflow/example_dags/example_skip_dag.py
[2022-06-16 20:01:47,884] {processor.py:651} INFO - DAG(s) dict_keys(['example_skip_dag']) retrieved from /usr/local/lib/python3.10/dist-packages/airflow/example_dags/example_skip_dag.py
[2022-06-16 20:01:47,901] {logging_mixin.py:115} INFO - [2022-06-16 20:01:47,901] {dag.py:2371} INFO - Sync 1 DAGs
[2022-06-16 20:01:47,920] {logging_mixin.py:115} INFO - [2022-06-16 20:01:47,919] {dag.py:2915} INFO - Setting next_dagrun for example_skip_dag to 2022-06-15T14:31:47.919704+00:00, run_after=2022-06-16T14:31:47.919704+00:00
[2022-06-16 20:01:47,974] {processor.py:161} INFO - Processing /usr/local/lib/python3.10/dist-packages/airflow/example_dags/example_skip_dag.py took 0.099 seconds
[2022-06-16 20:02:27,255] {processor.py:153} INFO - Started process (PID=5558) to work on /usr/local/lib/python3.10/dist-packages/airflow/example_dags/example_skip_dag.py
[2022-06-16 20:02:27,256] {processor.py:641} INFO - Processing file /usr/local/lib/python3.10/dist-packages/airflow/example_dags/example_skip_dag.py for tasks to queue
[2022-06-16 20:02:27,256] {logging_mixin.py:115} INFO - [2022-06-16 20:02:27,256] {dagbag.py:507} INFO - Filling up the DagBag from /usr/local/lib/python3.10/dist-packages/airflow/example_dags/example_skip_dag.py
[2022-06-16 20:02:27,261] {processor.py:651} INFO - DAG(s) dict_keys(['example_skip_dag']) retrieved from /usr/local/lib/python3.10/dist-packages/airflow/example_dags/example_skip_dag.py
[2022-06-16 20:02:27,278] {logging_mixin.py:115} INFO - [2022-06-16 20:02:27,278] {dag.py:2371} INFO - Sync 1 DAGs
[2022-06-16 20:02:27,296] {logging_mixin.py:115} INFO - [2022-06-16 20:02:27,296] {dag.py:2915} INFO - Setting next_dagrun for example_skip_dag to 2022-06-15T14:32:27.296434+00:00, run_after=2022-06-16T14:32:27.296434+00:00
[2022-06-16 20:02:27,315] {processor.py:161} INFO - Processing /usr/local/lib/python3.10/dist-packages/airflow/example_dags/example_skip_dag.py took 0.063 seconds
[2022-06-16 20:03:06,020] {processor.py:153} INFO - Started process (PID=5654) to work on /usr/local/lib/python3.10/dist-packages/airflow/example_dags/example_skip_dag.py
[2022-06-16 20:03:06,021] {processor.py:641} INFO - Processing file /usr/local/lib/python3.10/dist-packages/airflow/example_dags/example_skip_dag.py for tasks to queue
[2022-06-16 20:03:06,021] {logging_mixin.py:115} INFO - [2022-06-16 20:03:06,021] {dagbag.py:507} INFO - Filling up the DagBag from /usr/local/lib/python3.10/dist-packages/airflow/example_dags/example_skip_dag.py
[2022-06-16 20:03:06,028] {processor.py:651} INFO - DAG(s) dict_keys(['example_skip_dag']) retrieved from /usr/local/lib/python3.10/dist-packages/airflow/example_dags/example_skip_dag.py
[2022-06-16 20:03:06,047] {logging_mixin.py:115} INFO - [2022-06-16 20:03:06,047] {dag.py:2371} INFO - Sync 1 DAGs
[2022-06-16 20:03:06,066] {logging_mixin.py:115} INFO - [2022-06-16 20:03:06,066] {dag.py:2915} INFO - Setting next_dagrun for example_skip_dag to 2022-06-15T14:33:06.066326+00:00, run_after=2022-06-16T14:33:06.066326+00:00
[2022-06-16 20:03:06,130] {processor.py:161} INFO - Processing /usr/local/lib/python3.10/dist-packages/airflow/example_dags/example_skip_dag.py took 0.113 seconds
[2022-06-16 20:03:47,434] {processor.py:153} INFO - Started process (PID=5778) to work on /usr/local/lib/python3.10/dist-packages/airflow/example_dags/example_skip_dag.py
[2022-06-16 20:03:47,435] {processor.py:641} INFO - Processing file /usr/local/lib/python3.10/dist-packages/airflow/example_dags/example_skip_dag.py for tasks to queue
[2022-06-16 20:03:47,435] {logging_mixin.py:115} INFO - [2022-06-16 20:03:47,435] {dagbag.py:507} INFO - Filling up the DagBag from /usr/local/lib/python3.10/dist-packages/airflow/example_dags/example_skip_dag.py
[2022-06-16 20:03:47,440] {processor.py:651} INFO - DAG(s) dict_keys(['example_skip_dag']) retrieved from /usr/local/lib/python3.10/dist-packages/airflow/example_dags/example_skip_dag.py
[2022-06-16 20:03:47,457] {logging_mixin.py:115} INFO - [2022-06-16 20:03:47,457] {dag.py:2371} INFO - Sync 1 DAGs
[2022-06-16 20:03:47,476] {logging_mixin.py:115} INFO - [2022-06-16 20:03:47,476] {dag.py:2915} INFO - Setting next_dagrun for example_skip_dag to 2022-06-15T14:33:47.476023+00:00, run_after=2022-06-16T14:33:47.476023+00:00
[2022-06-16 20:03:47,497] {processor.py:161} INFO - Processing /usr/local/lib/python3.10/dist-packages/airflow/example_dags/example_skip_dag.py took 0.066 seconds
[2022-06-16 20:04:30,274] {processor.py:153} INFO - Started process (PID=5874) to work on /usr/local/lib/python3.10/dist-packages/airflow/example_dags/example_skip_dag.py
[2022-06-16 20:04:30,275] {processor.py:641} INFO - Processing file /usr/local/lib/python3.10/dist-packages/airflow/example_dags/example_skip_dag.py for tasks to queue
[2022-06-16 20:04:30,275] {logging_mixin.py:115} INFO - [2022-06-16 20:04:30,275] {dagbag.py:507} INFO - Filling up the DagBag from /usr/local/lib/python3.10/dist-packages/airflow/example_dags/example_skip_dag.py
[2022-06-16 20:04:30,281] {processor.py:651} INFO - DAG(s) dict_keys(['example_skip_dag']) retrieved from /usr/local/lib/python3.10/dist-packages/airflow/example_dags/example_skip_dag.py
[2022-06-16 20:04:30,298] {logging_mixin.py:115} INFO - [2022-06-16 20:04:30,298] {dag.py:2371} INFO - Sync 1 DAGs
[2022-06-16 20:04:30,318] {logging_mixin.py:115} INFO - [2022-06-16 20:04:30,318] {dag.py:2915} INFO - Setting next_dagrun for example_skip_dag to 2022-06-15T14:34:30.318052+00:00, run_after=2022-06-16T14:34:30.318052+00:00
[2022-06-16 20:04:30,339] {processor.py:161} INFO - Processing /usr/local/lib/python3.10/dist-packages/airflow/example_dags/example_skip_dag.py took 0.068 seconds
[2022-06-16 20:05:11,096] {processor.py:153} INFO - Started process (PID=5971) to work on /usr/local/lib/python3.10/dist-packages/airflow/example_dags/example_skip_dag.py
[2022-06-16 20:05:11,097] {processor.py:641} INFO - Processing file /usr/local/lib/python3.10/dist-packages/airflow/example_dags/example_skip_dag.py for tasks to queue
[2022-06-16 20:05:11,098] {logging_mixin.py:115} INFO - [2022-06-16 20:05:11,098] {dagbag.py:507} INFO - Filling up the DagBag from /usr/local/lib/python3.10/dist-packages/airflow/example_dags/example_skip_dag.py
[2022-06-16 20:05:11,103] {processor.py:651} INFO - DAG(s) dict_keys(['example_skip_dag']) retrieved from /usr/local/lib/python3.10/dist-packages/airflow/example_dags/example_skip_dag.py
[2022-06-16 20:05:11,121] {logging_mixin.py:115} INFO - [2022-06-16 20:05:11,121] {dag.py:2371} INFO - Sync 1 DAGs
[2022-06-16 20:05:11,140] {logging_mixin.py:115} INFO - [2022-06-16 20:05:11,139] {dag.py:2915} INFO - Setting next_dagrun for example_skip_dag to 2022-06-15T14:35:11.139698+00:00, run_after=2022-06-16T14:35:11.139698+00:00
[2022-06-16 20:05:11,160] {processor.py:161} INFO - Processing /usr/local/lib/python3.10/dist-packages/airflow/example_dags/example_skip_dag.py took 0.066 seconds
[2022-06-16 20:05:50,541] {processor.py:153} INFO - Started process (PID=6063) to work on /usr/local/lib/python3.10/dist-packages/airflow/example_dags/example_skip_dag.py
[2022-06-16 20:05:50,541] {processor.py:641} INFO - Processing file /usr/local/lib/python3.10/dist-packages/airflow/example_dags/example_skip_dag.py for tasks to queue
[2022-06-16 20:05:50,542] {logging_mixin.py:115} INFO - [2022-06-16 20:05:50,542] {dagbag.py:507} INFO - Filling up the DagBag from /usr/local/lib/python3.10/dist-packages/airflow/example_dags/example_skip_dag.py
[2022-06-16 20:05:50,547] {processor.py:651} INFO - DAG(s) dict_keys(['example_skip_dag']) retrieved from /usr/local/lib/python3.10/dist-packages/airflow/example_dags/example_skip_dag.py
[2022-06-16 20:05:50,563] {logging_mixin.py:115} INFO - [2022-06-16 20:05:50,563] {dag.py:2371} INFO - Sync 1 DAGs
[2022-06-16 20:05:50,582] {logging_mixin.py:115} INFO - [2022-06-16 20:05:50,582] {dag.py:2915} INFO - Setting next_dagrun for example_skip_dag to 2022-06-15T14:35:50.581848+00:00, run_after=2022-06-16T14:35:50.581848+00:00
[2022-06-16 20:05:50,602] {processor.py:161} INFO - Processing /usr/local/lib/python3.10/dist-packages/airflow/example_dags/example_skip_dag.py took 0.065 seconds
[2022-06-16 20:06:27,739] {processor.py:153} INFO - Started process (PID=6151) to work on /usr/local/lib/python3.10/dist-packages/airflow/example_dags/example_skip_dag.py
[2022-06-16 20:06:27,740] {processor.py:641} INFO - Processing file /usr/local/lib/python3.10/dist-packages/airflow/example_dags/example_skip_dag.py for tasks to queue
[2022-06-16 20:06:27,741] {logging_mixin.py:115} INFO - [2022-06-16 20:06:27,741] {dagbag.py:507} INFO - Filling up the DagBag from /usr/local/lib/python3.10/dist-packages/airflow/example_dags/example_skip_dag.py
[2022-06-16 20:06:27,747] {processor.py:651} INFO - DAG(s) dict_keys(['example_skip_dag']) retrieved from /usr/local/lib/python3.10/dist-packages/airflow/example_dags/example_skip_dag.py
[2022-06-16 20:06:27,766] {logging_mixin.py:115} INFO - [2022-06-16 20:06:27,765] {dag.py:2371} INFO - Sync 1 DAGs
[2022-06-16 20:06:27,786] {logging_mixin.py:115} INFO - [2022-06-16 20:06:27,786] {dag.py:2915} INFO - Setting next_dagrun for example_skip_dag to 2022-06-15T14:36:27.786570+00:00, run_after=2022-06-16T14:36:27.786570+00:00
[2022-06-16 20:06:27,806] {processor.py:161} INFO - Processing /usr/local/lib/python3.10/dist-packages/airflow/example_dags/example_skip_dag.py took 0.070 seconds
[2022-06-16 20:07:08,539] {processor.py:153} INFO - Started process (PID=6245) to work on /usr/local/lib/python3.10/dist-packages/airflow/example_dags/example_skip_dag.py
[2022-06-16 20:07:08,540] {processor.py:641} INFO - Processing file /usr/local/lib/python3.10/dist-packages/airflow/example_dags/example_skip_dag.py for tasks to queue
[2022-06-16 20:07:08,540] {logging_mixin.py:115} INFO - [2022-06-16 20:07:08,540] {dagbag.py:507} INFO - Filling up the DagBag from /usr/local/lib/python3.10/dist-packages/airflow/example_dags/example_skip_dag.py
[2022-06-16 20:07:08,545] {processor.py:651} INFO - DAG(s) dict_keys(['example_skip_dag']) retrieved from /usr/local/lib/python3.10/dist-packages/airflow/example_dags/example_skip_dag.py
[2022-06-16 20:07:08,563] {logging_mixin.py:115} INFO - [2022-06-16 20:07:08,563] {dag.py:2371} INFO - Sync 1 DAGs
[2022-06-16 20:07:08,582] {logging_mixin.py:115} INFO - [2022-06-16 20:07:08,582] {dag.py:2915} INFO - Setting next_dagrun for example_skip_dag to 2022-06-15T14:37:08.582380+00:00, run_after=2022-06-16T14:37:08.582380+00:00
[2022-06-16 20:07:08,605] {processor.py:161} INFO - Processing /usr/local/lib/python3.10/dist-packages/airflow/example_dags/example_skip_dag.py took 0.068 seconds
[2022-06-16 20:07:45,384] {processor.py:153} INFO - Started process (PID=6331) to work on /usr/local/lib/python3.10/dist-packages/airflow/example_dags/example_skip_dag.py
[2022-06-16 20:07:45,385] {processor.py:641} INFO - Processing file /usr/local/lib/python3.10/dist-packages/airflow/example_dags/example_skip_dag.py for tasks to queue
[2022-06-16 20:07:45,386] {logging_mixin.py:115} INFO - [2022-06-16 20:07:45,385] {dagbag.py:507} INFO - Filling up the DagBag from /usr/local/lib/python3.10/dist-packages/airflow/example_dags/example_skip_dag.py
[2022-06-16 20:07:45,390] {processor.py:651} INFO - DAG(s) dict_keys(['example_skip_dag']) retrieved from /usr/local/lib/python3.10/dist-packages/airflow/example_dags/example_skip_dag.py
[2022-06-16 20:07:45,408] {logging_mixin.py:115} INFO - [2022-06-16 20:07:45,408] {dag.py:2371} INFO - Sync 1 DAGs
[2022-06-16 20:07:45,428] {logging_mixin.py:115} INFO - [2022-06-16 20:07:45,428] {dag.py:2915} INFO - Setting next_dagrun for example_skip_dag to 2022-06-15T14:37:45.427881+00:00, run_after=2022-06-16T14:37:45.427881+00:00
[2022-06-16 20:07:45,448] {processor.py:161} INFO - Processing /usr/local/lib/python3.10/dist-packages/airflow/example_dags/example_skip_dag.py took 0.066 seconds
[2022-06-16 20:08:30,003] {processor.py:153} INFO - Started process (PID=6436) to work on /usr/local/lib/python3.10/dist-packages/airflow/example_dags/example_skip_dag.py
[2022-06-16 20:08:30,004] {processor.py:641} INFO - Processing file /usr/local/lib/python3.10/dist-packages/airflow/example_dags/example_skip_dag.py for tasks to queue
[2022-06-16 20:08:30,004] {logging_mixin.py:115} INFO - [2022-06-16 20:08:30,004] {dagbag.py:507} INFO - Filling up the DagBag from /usr/local/lib/python3.10/dist-packages/airflow/example_dags/example_skip_dag.py
[2022-06-16 20:08:30,009] {processor.py:651} INFO - DAG(s) dict_keys(['example_skip_dag']) retrieved from /usr/local/lib/python3.10/dist-packages/airflow/example_dags/example_skip_dag.py
[2022-06-16 20:08:30,030] {logging_mixin.py:115} INFO - [2022-06-16 20:08:30,030] {dag.py:2371} INFO - Sync 1 DAGs
[2022-06-16 20:08:30,054] {logging_mixin.py:115} INFO - [2022-06-16 20:08:30,054] {dag.py:2915} INFO - Setting next_dagrun for example_skip_dag to 2022-06-15T14:38:30.053952+00:00, run_after=2022-06-16T14:38:30.053952+00:00
[2022-06-16 20:08:30,076] {processor.py:161} INFO - Processing /usr/local/lib/python3.10/dist-packages/airflow/example_dags/example_skip_dag.py took 0.075 seconds
[2022-06-16 20:09:08,354] {processor.py:153} INFO - Started process (PID=6551) to work on /usr/local/lib/python3.10/dist-packages/airflow/example_dags/example_skip_dag.py
[2022-06-16 20:09:08,355] {processor.py:641} INFO - Processing file /usr/local/lib/python3.10/dist-packages/airflow/example_dags/example_skip_dag.py for tasks to queue
[2022-06-16 20:09:08,355] {logging_mixin.py:115} INFO - [2022-06-16 20:09:08,355] {dagbag.py:507} INFO - Filling up the DagBag from /usr/local/lib/python3.10/dist-packages/airflow/example_dags/example_skip_dag.py
[2022-06-16 20:09:08,361] {processor.py:651} INFO - DAG(s) dict_keys(['example_skip_dag']) retrieved from /usr/local/lib/python3.10/dist-packages/airflow/example_dags/example_skip_dag.py
[2022-06-16 20:09:08,379] {logging_mixin.py:115} INFO - [2022-06-16 20:09:08,379] {dag.py:2371} INFO - Sync 1 DAGs
[2022-06-16 20:09:08,398] {logging_mixin.py:115} INFO - [2022-06-16 20:09:08,398] {dag.py:2915} INFO - Setting next_dagrun for example_skip_dag to 2022-06-15T14:39:08.398211+00:00, run_after=2022-06-16T14:39:08.398211+00:00
[2022-06-16 20:09:08,419] {processor.py:161} INFO - Processing /usr/local/lib/python3.10/dist-packages/airflow/example_dags/example_skip_dag.py took 0.067 seconds
[2022-06-16 20:09:46,934] {processor.py:153} INFO - Started process (PID=6622) to work on /usr/local/lib/python3.10/dist-packages/airflow/example_dags/example_skip_dag.py
[2022-06-16 20:09:46,934] {processor.py:641} INFO - Processing file /usr/local/lib/python3.10/dist-packages/airflow/example_dags/example_skip_dag.py for tasks to queue
[2022-06-16 20:09:46,935] {logging_mixin.py:115} INFO - [2022-06-16 20:09:46,935] {dagbag.py:507} INFO - Filling up the DagBag from /usr/local/lib/python3.10/dist-packages/airflow/example_dags/example_skip_dag.py
[2022-06-16 20:09:46,940] {processor.py:651} INFO - DAG(s) dict_keys(['example_skip_dag']) retrieved from /usr/local/lib/python3.10/dist-packages/airflow/example_dags/example_skip_dag.py
[2022-06-16 20:09:46,957] {logging_mixin.py:115} INFO - [2022-06-16 20:09:46,957] {dag.py:2371} INFO - Sync 1 DAGs
[2022-06-16 20:09:46,976] {logging_mixin.py:115} INFO - [2022-06-16 20:09:46,975] {dag.py:2915} INFO - Setting next_dagrun for example_skip_dag to 2022-06-15T14:39:46.975723+00:00, run_after=2022-06-16T14:39:46.975723+00:00
[2022-06-16 20:09:47,025] {processor.py:161} INFO - Processing /usr/local/lib/python3.10/dist-packages/airflow/example_dags/example_skip_dag.py took 0.094 seconds
[2022-06-16 20:10:27,733] {processor.py:153} INFO - Started process (PID=6717) to work on /usr/local/lib/python3.10/dist-packages/airflow/example_dags/example_skip_dag.py
[2022-06-16 20:10:27,734] {processor.py:641} INFO - Processing file /usr/local/lib/python3.10/dist-packages/airflow/example_dags/example_skip_dag.py for tasks to queue
[2022-06-16 20:10:27,735] {logging_mixin.py:115} INFO - [2022-06-16 20:10:27,734] {dagbag.py:507} INFO - Filling up the DagBag from /usr/local/lib/python3.10/dist-packages/airflow/example_dags/example_skip_dag.py
[2022-06-16 20:10:27,740] {processor.py:651} INFO - DAG(s) dict_keys(['example_skip_dag']) retrieved from /usr/local/lib/python3.10/dist-packages/airflow/example_dags/example_skip_dag.py
[2022-06-16 20:10:27,758] {logging_mixin.py:115} INFO - [2022-06-16 20:10:27,758] {dag.py:2371} INFO - Sync 1 DAGs
[2022-06-16 20:10:27,777] {logging_mixin.py:115} INFO - [2022-06-16 20:10:27,777] {dag.py:2915} INFO - Setting next_dagrun for example_skip_dag to 2022-06-15T14:40:27.777065+00:00, run_after=2022-06-16T14:40:27.777065+00:00
[2022-06-16 20:10:27,796] {processor.py:161} INFO - Processing /usr/local/lib/python3.10/dist-packages/airflow/example_dags/example_skip_dag.py took 0.065 seconds
[2022-06-16 20:11:05,603] {processor.py:153} INFO - Started process (PID=6806) to work on /usr/local/lib/python3.10/dist-packages/airflow/example_dags/example_skip_dag.py
[2022-06-16 20:11:05,604] {processor.py:641} INFO - Processing file /usr/local/lib/python3.10/dist-packages/airflow/example_dags/example_skip_dag.py for tasks to queue
[2022-06-16 20:11:05,604] {logging_mixin.py:115} INFO - [2022-06-16 20:11:05,604] {dagbag.py:507} INFO - Filling up the DagBag from /usr/local/lib/python3.10/dist-packages/airflow/example_dags/example_skip_dag.py
[2022-06-16 20:11:05,610] {processor.py:651} INFO - DAG(s) dict_keys(['example_skip_dag']) retrieved from /usr/local/lib/python3.10/dist-packages/airflow/example_dags/example_skip_dag.py
[2022-06-16 20:11:05,627] {logging_mixin.py:115} INFO - [2022-06-16 20:11:05,627] {dag.py:2371} INFO - Sync 1 DAGs
[2022-06-16 20:11:05,646] {logging_mixin.py:115} INFO - [2022-06-16 20:11:05,646] {dag.py:2915} INFO - Setting next_dagrun for example_skip_dag to 2022-06-15T14:41:05.646076+00:00, run_after=2022-06-16T14:41:05.646076+00:00
[2022-06-16 20:11:05,665] {processor.py:161} INFO - Processing /usr/local/lib/python3.10/dist-packages/airflow/example_dags/example_skip_dag.py took 0.065 seconds
[2022-06-16 20:11:45,803] {processor.py:153} INFO - Started process (PID=6897) to work on /usr/local/lib/python3.10/dist-packages/airflow/example_dags/example_skip_dag.py
[2022-06-16 20:11:45,804] {processor.py:641} INFO - Processing file /usr/local/lib/python3.10/dist-packages/airflow/example_dags/example_skip_dag.py for tasks to queue
[2022-06-16 20:11:45,804] {logging_mixin.py:115} INFO - [2022-06-16 20:11:45,804] {dagbag.py:507} INFO - Filling up the DagBag from /usr/local/lib/python3.10/dist-packages/airflow/example_dags/example_skip_dag.py
[2022-06-16 20:11:45,809] {processor.py:651} INFO - DAG(s) dict_keys(['example_skip_dag']) retrieved from /usr/local/lib/python3.10/dist-packages/airflow/example_dags/example_skip_dag.py
[2022-06-16 20:11:45,827] {logging_mixin.py:115} INFO - [2022-06-16 20:11:45,827] {dag.py:2371} INFO - Sync 1 DAGs
[2022-06-16 20:11:45,847] {logging_mixin.py:115} INFO - [2022-06-16 20:11:45,847] {dag.py:2915} INFO - Setting next_dagrun for example_skip_dag to 2022-06-15T14:41:45.847093+00:00, run_after=2022-06-16T14:41:45.847093+00:00
[2022-06-16 20:11:45,892] {processor.py:161} INFO - Processing /usr/local/lib/python3.10/dist-packages/airflow/example_dags/example_skip_dag.py took 0.091 seconds
[2022-06-16 20:12:25,877] {processor.py:153} INFO - Started process (PID=6986) to work on /usr/local/lib/python3.10/dist-packages/airflow/example_dags/example_skip_dag.py
[2022-06-16 20:12:25,878] {processor.py:641} INFO - Processing file /usr/local/lib/python3.10/dist-packages/airflow/example_dags/example_skip_dag.py for tasks to queue
[2022-06-16 20:12:25,879] {logging_mixin.py:115} INFO - [2022-06-16 20:12:25,878] {dagbag.py:507} INFO - Filling up the DagBag from /usr/local/lib/python3.10/dist-packages/airflow/example_dags/example_skip_dag.py
[2022-06-16 20:12:25,884] {processor.py:651} INFO - DAG(s) dict_keys(['example_skip_dag']) retrieved from /usr/local/lib/python3.10/dist-packages/airflow/example_dags/example_skip_dag.py
[2022-06-16 20:12:25,901] {logging_mixin.py:115} INFO - [2022-06-16 20:12:25,901] {dag.py:2371} INFO - Sync 1 DAGs
[2022-06-16 20:12:25,921] {logging_mixin.py:115} INFO - [2022-06-16 20:12:25,921] {dag.py:2915} INFO - Setting next_dagrun for example_skip_dag to 2022-06-15T14:42:25.920697+00:00, run_after=2022-06-16T14:42:25.920697+00:00
[2022-06-16 20:12:25,944] {processor.py:161} INFO - Processing /usr/local/lib/python3.10/dist-packages/airflow/example_dags/example_skip_dag.py took 0.069 seconds
[2022-06-16 20:13:05,502] {processor.py:153} INFO - Started process (PID=7082) to work on /usr/local/lib/python3.10/dist-packages/airflow/example_dags/example_skip_dag.py
[2022-06-16 20:13:05,502] {processor.py:641} INFO - Processing file /usr/local/lib/python3.10/dist-packages/airflow/example_dags/example_skip_dag.py for tasks to queue
[2022-06-16 20:13:05,503] {logging_mixin.py:115} INFO - [2022-06-16 20:13:05,503] {dagbag.py:507} INFO - Filling up the DagBag from /usr/local/lib/python3.10/dist-packages/airflow/example_dags/example_skip_dag.py
[2022-06-16 20:13:05,508] {processor.py:651} INFO - DAG(s) dict_keys(['example_skip_dag']) retrieved from /usr/local/lib/python3.10/dist-packages/airflow/example_dags/example_skip_dag.py
[2022-06-16 20:13:05,525] {logging_mixin.py:115} INFO - [2022-06-16 20:13:05,525] {dag.py:2371} INFO - Sync 1 DAGs
[2022-06-16 20:13:05,545] {logging_mixin.py:115} INFO - [2022-06-16 20:13:05,545] {dag.py:2915} INFO - Setting next_dagrun for example_skip_dag to 2022-06-15T14:43:05.544813+00:00, run_after=2022-06-16T14:43:05.544813+00:00
[2022-06-16 20:13:05,565] {processor.py:161} INFO - Processing /usr/local/lib/python3.10/dist-packages/airflow/example_dags/example_skip_dag.py took 0.065 seconds
[2022-06-16 20:13:44,423] {processor.py:153} INFO - Started process (PID=7213) to work on /usr/local/lib/python3.10/dist-packages/airflow/example_dags/example_skip_dag.py
[2022-06-16 20:13:44,424] {processor.py:641} INFO - Processing file /usr/local/lib/python3.10/dist-packages/airflow/example_dags/example_skip_dag.py for tasks to queue
[2022-06-16 20:13:44,425] {logging_mixin.py:115} INFO - [2022-06-16 20:13:44,425] {dagbag.py:507} INFO - Filling up the DagBag from /usr/local/lib/python3.10/dist-packages/airflow/example_dags/example_skip_dag.py
[2022-06-16 20:13:44,431] {processor.py:651} INFO - DAG(s) dict_keys(['example_skip_dag']) retrieved from /usr/local/lib/python3.10/dist-packages/airflow/example_dags/example_skip_dag.py
[2022-06-16 20:13:44,451] {logging_mixin.py:115} INFO - [2022-06-16 20:13:44,451] {dag.py:2371} INFO - Sync 1 DAGs
[2022-06-16 20:13:44,471] {logging_mixin.py:115} INFO - [2022-06-16 20:13:44,471] {dag.py:2915} INFO - Setting next_dagrun for example_skip_dag to 2022-06-15T14:43:44.471051+00:00, run_after=2022-06-16T14:43:44.471051+00:00
[2022-06-16 20:13:44,492] {processor.py:161} INFO - Processing /usr/local/lib/python3.10/dist-packages/airflow/example_dags/example_skip_dag.py took 0.072 seconds
[2022-06-16 20:14:28,891] {processor.py:153} INFO - Started process (PID=7320) to work on /usr/local/lib/python3.10/dist-packages/airflow/example_dags/example_skip_dag.py
[2022-06-16 20:14:28,892] {processor.py:641} INFO - Processing file /usr/local/lib/python3.10/dist-packages/airflow/example_dags/example_skip_dag.py for tasks to queue
[2022-06-16 20:14:28,893] {logging_mixin.py:115} INFO - [2022-06-16 20:14:28,893] {dagbag.py:507} INFO - Filling up the DagBag from /usr/local/lib/python3.10/dist-packages/airflow/example_dags/example_skip_dag.py
[2022-06-16 20:14:28,897] {processor.py:651} INFO - DAG(s) dict_keys(['example_skip_dag']) retrieved from /usr/local/lib/python3.10/dist-packages/airflow/example_dags/example_skip_dag.py
[2022-06-16 20:14:28,917] {logging_mixin.py:115} INFO - [2022-06-16 20:14:28,917] {dag.py:2371} INFO - Sync 1 DAGs
[2022-06-16 20:14:28,938] {logging_mixin.py:115} INFO - [2022-06-16 20:14:28,938] {dag.py:2915} INFO - Setting next_dagrun for example_skip_dag to 2022-06-15T14:44:28.938093+00:00, run_after=2022-06-16T14:44:28.938093+00:00
[2022-06-16 20:14:28,960] {processor.py:161} INFO - Processing /usr/local/lib/python3.10/dist-packages/airflow/example_dags/example_skip_dag.py took 0.071 seconds
[2022-06-16 20:15:12,328] {processor.py:153} INFO - Started process (PID=7422) to work on /usr/local/lib/python3.10/dist-packages/airflow/example_dags/example_skip_dag.py
[2022-06-16 20:15:12,328] {processor.py:641} INFO - Processing file /usr/local/lib/python3.10/dist-packages/airflow/example_dags/example_skip_dag.py for tasks to queue
[2022-06-16 20:15:12,329] {logging_mixin.py:115} INFO - [2022-06-16 20:15:12,329] {dagbag.py:507} INFO - Filling up the DagBag from /usr/local/lib/python3.10/dist-packages/airflow/example_dags/example_skip_dag.py
[2022-06-16 20:15:12,334] {processor.py:651} INFO - DAG(s) dict_keys(['example_skip_dag']) retrieved from /usr/local/lib/python3.10/dist-packages/airflow/example_dags/example_skip_dag.py
[2022-06-16 20:15:12,352] {logging_mixin.py:115} INFO - [2022-06-16 20:15:12,352] {dag.py:2371} INFO - Sync 1 DAGs
[2022-06-16 20:15:12,372] {logging_mixin.py:115} INFO - [2022-06-16 20:15:12,372] {dag.py:2915} INFO - Setting next_dagrun for example_skip_dag to 2022-06-15T14:45:12.372136+00:00, run_after=2022-06-16T14:45:12.372136+00:00
[2022-06-16 20:15:12,411] {processor.py:161} INFO - Processing /usr/local/lib/python3.10/dist-packages/airflow/example_dags/example_skip_dag.py took 0.086 seconds
[2022-06-16 20:15:55,348] {processor.py:153} INFO - Started process (PID=7524) to work on /usr/local/lib/python3.10/dist-packages/airflow/example_dags/example_skip_dag.py
[2022-06-16 20:15:55,348] {processor.py:641} INFO - Processing file /usr/local/lib/python3.10/dist-packages/airflow/example_dags/example_skip_dag.py for tasks to queue
[2022-06-16 20:15:55,349] {logging_mixin.py:115} INFO - [2022-06-16 20:15:55,349] {dagbag.py:507} INFO - Filling up the DagBag from /usr/local/lib/python3.10/dist-packages/airflow/example_dags/example_skip_dag.py
[2022-06-16 20:15:55,354] {processor.py:651} INFO - DAG(s) dict_keys(['example_skip_dag']) retrieved from /usr/local/lib/python3.10/dist-packages/airflow/example_dags/example_skip_dag.py
[2022-06-16 20:15:55,375] {logging_mixin.py:115} INFO - [2022-06-16 20:15:55,375] {dag.py:2371} INFO - Sync 1 DAGs
[2022-06-16 20:15:55,395] {logging_mixin.py:115} INFO - [2022-06-16 20:15:55,395] {dag.py:2915} INFO - Setting next_dagrun for example_skip_dag to 2022-06-15T14:45:55.395240+00:00, run_after=2022-06-16T14:45:55.395240+00:00
[2022-06-16 20:15:55,431] {processor.py:161} INFO - Processing /usr/local/lib/python3.10/dist-packages/airflow/example_dags/example_skip_dag.py took 0.086 seconds
[2022-06-16 20:16:39,644] {processor.py:153} INFO - Started process (PID=7624) to work on /usr/local/lib/python3.10/dist-packages/airflow/example_dags/example_skip_dag.py
[2022-06-16 20:16:39,645] {processor.py:641} INFO - Processing file /usr/local/lib/python3.10/dist-packages/airflow/example_dags/example_skip_dag.py for tasks to queue
[2022-06-16 20:16:39,646] {logging_mixin.py:115} INFO - [2022-06-16 20:16:39,646] {dagbag.py:507} INFO - Filling up the DagBag from /usr/local/lib/python3.10/dist-packages/airflow/example_dags/example_skip_dag.py
[2022-06-16 20:16:39,651] {processor.py:651} INFO - DAG(s) dict_keys(['example_skip_dag']) retrieved from /usr/local/lib/python3.10/dist-packages/airflow/example_dags/example_skip_dag.py
[2022-06-16 20:16:39,669] {logging_mixin.py:115} INFO - [2022-06-16 20:16:39,669] {dag.py:2371} INFO - Sync 1 DAGs
[2022-06-16 20:16:39,692] {logging_mixin.py:115} INFO - [2022-06-16 20:16:39,691] {dag.py:2915} INFO - Setting next_dagrun for example_skip_dag to 2022-06-15T14:46:39.691312+00:00, run_after=2022-06-16T14:46:39.691312+00:00
[2022-06-16 20:16:39,755] {processor.py:161} INFO - Processing /usr/local/lib/python3.10/dist-packages/airflow/example_dags/example_skip_dag.py took 0.115 seconds
[2022-06-16 20:17:20,252] {processor.py:153} INFO - Started process (PID=7723) to work on /usr/local/lib/python3.10/dist-packages/airflow/example_dags/example_skip_dag.py
[2022-06-16 20:17:20,253] {processor.py:641} INFO - Processing file /usr/local/lib/python3.10/dist-packages/airflow/example_dags/example_skip_dag.py for tasks to queue
[2022-06-16 20:17:20,253] {logging_mixin.py:115} INFO - [2022-06-16 20:17:20,253] {dagbag.py:507} INFO - Filling up the DagBag from /usr/local/lib/python3.10/dist-packages/airflow/example_dags/example_skip_dag.py
[2022-06-16 20:17:20,259] {processor.py:651} INFO - DAG(s) dict_keys(['example_skip_dag']) retrieved from /usr/local/lib/python3.10/dist-packages/airflow/example_dags/example_skip_dag.py
[2022-06-16 20:17:20,283] {logging_mixin.py:115} INFO - [2022-06-16 20:17:20,283] {dag.py:2371} INFO - Sync 1 DAGs
[2022-06-16 20:17:20,303] {logging_mixin.py:115} INFO - [2022-06-16 20:17:20,303] {dag.py:2915} INFO - Setting next_dagrun for example_skip_dag to 2022-06-15T14:47:20.303078+00:00, run_after=2022-06-16T14:47:20.303078+00:00
[2022-06-16 20:17:20,323] {processor.py:161} INFO - Processing /usr/local/lib/python3.10/dist-packages/airflow/example_dags/example_skip_dag.py took 0.074 seconds
[2022-06-16 20:17:57,918] {processor.py:153} INFO - Started process (PID=7811) to work on /usr/local/lib/python3.10/dist-packages/airflow/example_dags/example_skip_dag.py
[2022-06-16 20:17:57,918] {processor.py:641} INFO - Processing file /usr/local/lib/python3.10/dist-packages/airflow/example_dags/example_skip_dag.py for tasks to queue
[2022-06-16 20:17:57,919] {logging_mixin.py:115} INFO - [2022-06-16 20:17:57,919] {dagbag.py:507} INFO - Filling up the DagBag from /usr/local/lib/python3.10/dist-packages/airflow/example_dags/example_skip_dag.py
[2022-06-16 20:17:57,924] {processor.py:651} INFO - DAG(s) dict_keys(['example_skip_dag']) retrieved from /usr/local/lib/python3.10/dist-packages/airflow/example_dags/example_skip_dag.py
[2022-06-16 20:17:57,940] {logging_mixin.py:115} INFO - [2022-06-16 20:17:57,940] {dag.py:2371} INFO - Sync 1 DAGs
[2022-06-16 20:17:57,958] {logging_mixin.py:115} INFO - [2022-06-16 20:17:57,958] {dag.py:2915} INFO - Setting next_dagrun for example_skip_dag to 2022-06-15T14:47:57.958531+00:00, run_after=2022-06-16T14:47:57.958531+00:00
[2022-06-16 20:17:58,023] {processor.py:161} INFO - Processing /usr/local/lib/python3.10/dist-packages/airflow/example_dags/example_skip_dag.py took 0.108 seconds
[2022-06-16 20:18:37,203] {processor.py:153} INFO - Started process (PID=7877) to work on /usr/local/lib/python3.10/dist-packages/airflow/example_dags/example_skip_dag.py
[2022-06-16 20:18:37,204] {processor.py:641} INFO - Processing file /usr/local/lib/python3.10/dist-packages/airflow/example_dags/example_skip_dag.py for tasks to queue
[2022-06-16 20:18:37,204] {logging_mixin.py:115} INFO - [2022-06-16 20:18:37,204] {dagbag.py:507} INFO - Filling up the DagBag from /usr/local/lib/python3.10/dist-packages/airflow/example_dags/example_skip_dag.py
[2022-06-16 20:18:37,209] {processor.py:651} INFO - DAG(s) dict_keys(['example_skip_dag']) retrieved from /usr/local/lib/python3.10/dist-packages/airflow/example_dags/example_skip_dag.py
[2022-06-16 20:18:37,227] {logging_mixin.py:115} INFO - [2022-06-16 20:18:37,227] {dag.py:2371} INFO - Sync 1 DAGs
[2022-06-16 20:18:37,245] {logging_mixin.py:115} INFO - [2022-06-16 20:18:37,245] {dag.py:2915} INFO - Setting next_dagrun for example_skip_dag to 2022-06-15T14:48:37.245605+00:00, run_after=2022-06-16T14:48:37.245605+00:00
[2022-06-16 20:18:37,266] {processor.py:161} INFO - Processing /usr/local/lib/python3.10/dist-packages/airflow/example_dags/example_skip_dag.py took 0.066 seconds
[2022-06-16 20:19:17,144] {processor.py:153} INFO - Started process (PID=7961) to work on /usr/local/lib/python3.10/dist-packages/airflow/example_dags/example_skip_dag.py
[2022-06-16 20:19:17,145] {processor.py:641} INFO - Processing file /usr/local/lib/python3.10/dist-packages/airflow/example_dags/example_skip_dag.py for tasks to queue
[2022-06-16 20:19:17,145] {logging_mixin.py:115} INFO - [2022-06-16 20:19:17,145] {dagbag.py:507} INFO - Filling up the DagBag from /usr/local/lib/python3.10/dist-packages/airflow/example_dags/example_skip_dag.py
[2022-06-16 20:19:17,150] {processor.py:651} INFO - DAG(s) dict_keys(['example_skip_dag']) retrieved from /usr/local/lib/python3.10/dist-packages/airflow/example_dags/example_skip_dag.py
[2022-06-16 20:19:17,167] {logging_mixin.py:115} INFO - [2022-06-16 20:19:17,167] {dag.py:2371} INFO - Sync 1 DAGs
[2022-06-16 20:19:17,186] {logging_mixin.py:115} INFO - [2022-06-16 20:19:17,186] {dag.py:2915} INFO - Setting next_dagrun for example_skip_dag to 2022-06-15T14:49:17.185792+00:00, run_after=2022-06-16T14:49:17.185792+00:00
[2022-06-16 20:19:17,205] {processor.py:161} INFO - Processing /usr/local/lib/python3.10/dist-packages/airflow/example_dags/example_skip_dag.py took 0.064 seconds
[2022-06-16 20:19:55,508] {processor.py:153} INFO - Started process (PID=8035) to work on /usr/local/lib/python3.10/dist-packages/airflow/example_dags/example_skip_dag.py
[2022-06-16 20:19:55,509] {processor.py:641} INFO - Processing file /usr/local/lib/python3.10/dist-packages/airflow/example_dags/example_skip_dag.py for tasks to queue
[2022-06-16 20:19:55,510] {logging_mixin.py:115} INFO - [2022-06-16 20:19:55,510] {dagbag.py:507} INFO - Filling up the DagBag from /usr/local/lib/python3.10/dist-packages/airflow/example_dags/example_skip_dag.py
[2022-06-16 20:19:55,515] {processor.py:651} INFO - DAG(s) dict_keys(['example_skip_dag']) retrieved from /usr/local/lib/python3.10/dist-packages/airflow/example_dags/example_skip_dag.py
[2022-06-16 20:19:55,532] {logging_mixin.py:115} INFO - [2022-06-16 20:19:55,532] {dag.py:2371} INFO - Sync 1 DAGs
[2022-06-16 20:19:55,551] {logging_mixin.py:115} INFO - [2022-06-16 20:19:55,551] {dag.py:2915} INFO - Setting next_dagrun for example_skip_dag to 2022-06-15T14:49:55.550932+00:00, run_after=2022-06-16T14:49:55.550932+00:00
[2022-06-16 20:19:55,570] {processor.py:161} INFO - Processing /usr/local/lib/python3.10/dist-packages/airflow/example_dags/example_skip_dag.py took 0.065 seconds
[2022-06-16 20:20:32,929] {processor.py:153} INFO - Started process (PID=8084) to work on /usr/local/lib/python3.10/dist-packages/airflow/example_dags/example_skip_dag.py
[2022-06-16 20:20:32,930] {processor.py:641} INFO - Processing file /usr/local/lib/python3.10/dist-packages/airflow/example_dags/example_skip_dag.py for tasks to queue
[2022-06-16 20:20:32,931] {logging_mixin.py:115} INFO - [2022-06-16 20:20:32,931] {dagbag.py:507} INFO - Filling up the DagBag from /usr/local/lib/python3.10/dist-packages/airflow/example_dags/example_skip_dag.py
[2022-06-16 20:20:32,937] {processor.py:651} INFO - DAG(s) dict_keys(['example_skip_dag']) retrieved from /usr/local/lib/python3.10/dist-packages/airflow/example_dags/example_skip_dag.py
[2022-06-16 20:20:32,956] {logging_mixin.py:115} INFO - [2022-06-16 20:20:32,956] {dag.py:2371} INFO - Sync 1 DAGs
[2022-06-16 20:20:32,975] {logging_mixin.py:115} INFO - [2022-06-16 20:20:32,975] {dag.py:2915} INFO - Setting next_dagrun for example_skip_dag to 2022-06-15T14:50:32.975252+00:00, run_after=2022-06-16T14:50:32.975252+00:00
[2022-06-16 20:20:32,998] {processor.py:161} INFO - Processing /usr/local/lib/python3.10/dist-packages/airflow/example_dags/example_skip_dag.py took 0.073 seconds
[2022-06-16 20:21:13,081] {processor.py:153} INFO - Started process (PID=8135) to work on /usr/local/lib/python3.10/dist-packages/airflow/example_dags/example_skip_dag.py
[2022-06-16 20:21:13,081] {processor.py:641} INFO - Processing file /usr/local/lib/python3.10/dist-packages/airflow/example_dags/example_skip_dag.py for tasks to queue
[2022-06-16 20:21:13,082] {logging_mixin.py:115} INFO - [2022-06-16 20:21:13,082] {dagbag.py:507} INFO - Filling up the DagBag from /usr/local/lib/python3.10/dist-packages/airflow/example_dags/example_skip_dag.py
[2022-06-16 20:21:13,087] {processor.py:651} INFO - DAG(s) dict_keys(['example_skip_dag']) retrieved from /usr/local/lib/python3.10/dist-packages/airflow/example_dags/example_skip_dag.py
[2022-06-16 20:21:13,107] {logging_mixin.py:115} INFO - [2022-06-16 20:21:13,107] {dag.py:2371} INFO - Sync 1 DAGs
[2022-06-16 20:21:13,130] {logging_mixin.py:115} INFO - [2022-06-16 20:21:13,130] {dag.py:2915} INFO - Setting next_dagrun for example_skip_dag to 2022-06-15T14:51:13.130192+00:00, run_after=2022-06-16T14:51:13.130192+00:00
[2022-06-16 20:21:13,170] {processor.py:161} INFO - Processing /usr/local/lib/python3.10/dist-packages/airflow/example_dags/example_skip_dag.py took 0.091 seconds
[2022-06-16 20:21:49,963] {processor.py:153} INFO - Started process (PID=8173) to work on /usr/local/lib/python3.10/dist-packages/airflow/example_dags/example_skip_dag.py
[2022-06-16 20:21:49,964] {processor.py:641} INFO - Processing file /usr/local/lib/python3.10/dist-packages/airflow/example_dags/example_skip_dag.py for tasks to queue
[2022-06-16 20:21:49,965] {logging_mixin.py:115} INFO - [2022-06-16 20:21:49,965] {dagbag.py:507} INFO - Filling up the DagBag from /usr/local/lib/python3.10/dist-packages/airflow/example_dags/example_skip_dag.py
[2022-06-16 20:21:49,970] {processor.py:651} INFO - DAG(s) dict_keys(['example_skip_dag']) retrieved from /usr/local/lib/python3.10/dist-packages/airflow/example_dags/example_skip_dag.py
[2022-06-16 20:21:49,987] {logging_mixin.py:115} INFO - [2022-06-16 20:21:49,987] {dag.py:2371} INFO - Sync 1 DAGs
[2022-06-16 20:21:50,006] {logging_mixin.py:115} INFO - [2022-06-16 20:21:50,006] {dag.py:2915} INFO - Setting next_dagrun for example_skip_dag to 2022-06-15T14:51:50.006484+00:00, run_after=2022-06-16T14:51:50.006484+00:00
[2022-06-16 20:21:50,026] {processor.py:161} INFO - Processing /usr/local/lib/python3.10/dist-packages/airflow/example_dags/example_skip_dag.py took 0.065 seconds
[2022-06-16 20:22:28,794] {processor.py:153} INFO - Started process (PID=8218) to work on /usr/local/lib/python3.10/dist-packages/airflow/example_dags/example_skip_dag.py
[2022-06-16 20:22:28,795] {processor.py:641} INFO - Processing file /usr/local/lib/python3.10/dist-packages/airflow/example_dags/example_skip_dag.py for tasks to queue
[2022-06-16 20:22:28,796] {logging_mixin.py:115} INFO - [2022-06-16 20:22:28,796] {dagbag.py:507} INFO - Filling up the DagBag from /usr/local/lib/python3.10/dist-packages/airflow/example_dags/example_skip_dag.py
[2022-06-16 20:22:28,803] {processor.py:651} INFO - DAG(s) dict_keys(['example_skip_dag']) retrieved from /usr/local/lib/python3.10/dist-packages/airflow/example_dags/example_skip_dag.py
[2022-06-16 20:22:28,824] {logging_mixin.py:115} INFO - [2022-06-16 20:22:28,824] {dag.py:2371} INFO - Sync 1 DAGs
[2022-06-16 20:22:28,847] {logging_mixin.py:115} INFO - [2022-06-16 20:22:28,847] {dag.py:2915} INFO - Setting next_dagrun for example_skip_dag to 2022-06-15T14:52:28.846792+00:00, run_after=2022-06-16T14:52:28.846792+00:00
[2022-06-16 20:22:28,898] {processor.py:161} INFO - Processing /usr/local/lib/python3.10/dist-packages/airflow/example_dags/example_skip_dag.py took 0.106 seconds
[2022-06-16 20:23:07,698] {processor.py:153} INFO - Started process (PID=8280) to work on /usr/local/lib/python3.10/dist-packages/airflow/example_dags/example_skip_dag.py
[2022-06-16 20:23:07,699] {processor.py:641} INFO - Processing file /usr/local/lib/python3.10/dist-packages/airflow/example_dags/example_skip_dag.py for tasks to queue
[2022-06-16 20:23:07,700] {logging_mixin.py:115} INFO - [2022-06-16 20:23:07,700] {dagbag.py:507} INFO - Filling up the DagBag from /usr/local/lib/python3.10/dist-packages/airflow/example_dags/example_skip_dag.py
[2022-06-16 20:23:07,705] {processor.py:651} INFO - DAG(s) dict_keys(['example_skip_dag']) retrieved from /usr/local/lib/python3.10/dist-packages/airflow/example_dags/example_skip_dag.py
[2022-06-16 20:23:07,722] {logging_mixin.py:115} INFO - [2022-06-16 20:23:07,722] {dag.py:2371} INFO - Sync 1 DAGs
[2022-06-16 20:23:07,740] {logging_mixin.py:115} INFO - [2022-06-16 20:23:07,740] {dag.py:2915} INFO - Setting next_dagrun for example_skip_dag to 2022-06-15T14:53:07.740363+00:00, run_after=2022-06-16T14:53:07.740363+00:00
[2022-06-16 20:23:07,760] {processor.py:161} INFO - Processing /usr/local/lib/python3.10/dist-packages/airflow/example_dags/example_skip_dag.py took 0.064 seconds
[2022-06-16 20:23:44,774] {processor.py:153} INFO - Started process (PID=8335) to work on /usr/local/lib/python3.10/dist-packages/airflow/example_dags/example_skip_dag.py
[2022-06-16 20:23:44,775] {processor.py:641} INFO - Processing file /usr/local/lib/python3.10/dist-packages/airflow/example_dags/example_skip_dag.py for tasks to queue
[2022-06-16 20:23:44,776] {logging_mixin.py:115} INFO - [2022-06-16 20:23:44,776] {dagbag.py:507} INFO - Filling up the DagBag from /usr/local/lib/python3.10/dist-packages/airflow/example_dags/example_skip_dag.py
[2022-06-16 20:23:44,781] {processor.py:651} INFO - DAG(s) dict_keys(['example_skip_dag']) retrieved from /usr/local/lib/python3.10/dist-packages/airflow/example_dags/example_skip_dag.py
[2022-06-16 20:23:44,798] {logging_mixin.py:115} INFO - [2022-06-16 20:23:44,798] {dag.py:2371} INFO - Sync 1 DAGs
[2022-06-16 20:23:44,818] {logging_mixin.py:115} INFO - [2022-06-16 20:23:44,817] {dag.py:2915} INFO - Setting next_dagrun for example_skip_dag to 2022-06-15T14:53:44.817544+00:00, run_after=2022-06-16T14:53:44.817544+00:00
[2022-06-16 20:23:44,862] {processor.py:161} INFO - Processing /usr/local/lib/python3.10/dist-packages/airflow/example_dags/example_skip_dag.py took 0.090 seconds
[2022-06-16 20:24:24,855] {processor.py:153} INFO - Started process (PID=8402) to work on /usr/local/lib/python3.10/dist-packages/airflow/example_dags/example_skip_dag.py
[2022-06-16 20:24:24,856] {processor.py:641} INFO - Processing file /usr/local/lib/python3.10/dist-packages/airflow/example_dags/example_skip_dag.py for tasks to queue
[2022-06-16 20:24:24,857] {logging_mixin.py:115} INFO - [2022-06-16 20:24:24,856] {dagbag.py:507} INFO - Filling up the DagBag from /usr/local/lib/python3.10/dist-packages/airflow/example_dags/example_skip_dag.py
[2022-06-16 20:24:24,861] {processor.py:651} INFO - DAG(s) dict_keys(['example_skip_dag']) retrieved from /usr/local/lib/python3.10/dist-packages/airflow/example_dags/example_skip_dag.py
[2022-06-16 20:24:24,878] {logging_mixin.py:115} INFO - [2022-06-16 20:24:24,878] {dag.py:2371} INFO - Sync 1 DAGs
[2022-06-16 20:24:24,898] {logging_mixin.py:115} INFO - [2022-06-16 20:24:24,898] {dag.py:2915} INFO - Setting next_dagrun for example_skip_dag to 2022-06-15T14:54:24.897674+00:00, run_after=2022-06-16T14:54:24.897674+00:00
[2022-06-16 20:24:24,973] {processor.py:161} INFO - Processing /usr/local/lib/python3.10/dist-packages/airflow/example_dags/example_skip_dag.py took 0.121 seconds
[2022-06-16 20:25:04,137] {processor.py:153} INFO - Started process (PID=8464) to work on /usr/local/lib/python3.10/dist-packages/airflow/example_dags/example_skip_dag.py
[2022-06-16 20:25:04,138] {processor.py:641} INFO - Processing file /usr/local/lib/python3.10/dist-packages/airflow/example_dags/example_skip_dag.py for tasks to queue
[2022-06-16 20:25:04,139] {logging_mixin.py:115} INFO - [2022-06-16 20:25:04,139] {dagbag.py:507} INFO - Filling up the DagBag from /usr/local/lib/python3.10/dist-packages/airflow/example_dags/example_skip_dag.py
[2022-06-16 20:25:04,145] {processor.py:651} INFO - DAG(s) dict_keys(['example_skip_dag']) retrieved from /usr/local/lib/python3.10/dist-packages/airflow/example_dags/example_skip_dag.py
[2022-06-16 20:25:04,166] {logging_mixin.py:115} INFO - [2022-06-16 20:25:04,165] {dag.py:2371} INFO - Sync 1 DAGs
[2022-06-16 20:25:04,188] {logging_mixin.py:115} INFO - [2022-06-16 20:25:04,188] {dag.py:2915} INFO - Setting next_dagrun for example_skip_dag to 2022-06-15T14:55:04.188423+00:00, run_after=2022-06-16T14:55:04.188423+00:00
[2022-06-16 20:25:04,218] {processor.py:161} INFO - Processing /usr/local/lib/python3.10/dist-packages/airflow/example_dags/example_skip_dag.py took 0.083 seconds
[2022-06-16 20:25:41,870] {processor.py:153} INFO - Started process (PID=8508) to work on /usr/local/lib/python3.10/dist-packages/airflow/example_dags/example_skip_dag.py
[2022-06-16 20:25:41,871] {processor.py:641} INFO - Processing file /usr/local/lib/python3.10/dist-packages/airflow/example_dags/example_skip_dag.py for tasks to queue
[2022-06-16 20:25:41,872] {logging_mixin.py:115} INFO - [2022-06-16 20:25:41,872] {dagbag.py:507} INFO - Filling up the DagBag from /usr/local/lib/python3.10/dist-packages/airflow/example_dags/example_skip_dag.py
[2022-06-16 20:25:41,880] {processor.py:651} INFO - DAG(s) dict_keys(['example_skip_dag']) retrieved from /usr/local/lib/python3.10/dist-packages/airflow/example_dags/example_skip_dag.py
[2022-06-16 20:25:41,907] {logging_mixin.py:115} INFO - [2022-06-16 20:25:41,906] {dag.py:2371} INFO - Sync 1 DAGs
[2022-06-16 20:25:41,936] {logging_mixin.py:115} INFO - [2022-06-16 20:25:41,936] {dag.py:2915} INFO - Setting next_dagrun for example_skip_dag to 2022-06-15T14:55:41.936077+00:00, run_after=2022-06-16T14:55:41.936077+00:00
[2022-06-16 20:25:41,976] {processor.py:161} INFO - Processing /usr/local/lib/python3.10/dist-packages/airflow/example_dags/example_skip_dag.py took 0.109 seconds
[2022-06-16 20:26:24,448] {processor.py:153} INFO - Started process (PID=8557) to work on /usr/local/lib/python3.10/dist-packages/airflow/example_dags/example_skip_dag.py
[2022-06-16 20:26:24,448] {processor.py:641} INFO - Processing file /usr/local/lib/python3.10/dist-packages/airflow/example_dags/example_skip_dag.py for tasks to queue
[2022-06-16 20:26:24,449] {logging_mixin.py:115} INFO - [2022-06-16 20:26:24,449] {dagbag.py:507} INFO - Filling up the DagBag from /usr/local/lib/python3.10/dist-packages/airflow/example_dags/example_skip_dag.py
[2022-06-16 20:26:24,456] {processor.py:651} INFO - DAG(s) dict_keys(['example_skip_dag']) retrieved from /usr/local/lib/python3.10/dist-packages/airflow/example_dags/example_skip_dag.py
[2022-06-16 20:26:24,475] {logging_mixin.py:115} INFO - [2022-06-16 20:26:24,475] {dag.py:2371} INFO - Sync 1 DAGs
[2022-06-16 20:26:24,495] {logging_mixin.py:115} INFO - [2022-06-16 20:26:24,495] {dag.py:2915} INFO - Setting next_dagrun for example_skip_dag to 2022-06-15T14:56:24.495142+00:00, run_after=2022-06-16T14:56:24.495142+00:00
[2022-06-16 20:26:24,549] {processor.py:161} INFO - Processing /usr/local/lib/python3.10/dist-packages/airflow/example_dags/example_skip_dag.py took 0.104 seconds
