[2022-06-16 19:59:38,915] {processor.py:153} INFO - Started process (PID=5061) to work on /usr/local/lib/python3.10/dist-packages/airflow/example_dags/example_time_delta_sensor_async.py
[2022-06-16 19:59:38,915] {processor.py:641} INFO - Processing file /usr/local/lib/python3.10/dist-packages/airflow/example_dags/example_time_delta_sensor_async.py for tasks to queue
[2022-06-16 19:59:38,916] {logging_mixin.py:115} INFO - [2022-06-16 19:59:38,916] {dagbag.py:507} INFO - Filling up the DagBag from /usr/local/lib/python3.10/dist-packages/airflow/example_dags/example_time_delta_sensor_async.py
[2022-06-16 19:59:38,921] {processor.py:651} INFO - DAG(s) dict_keys(['example_time_delta_sensor_async']) retrieved from /usr/local/lib/python3.10/dist-packages/airflow/example_dags/example_time_delta_sensor_async.py
[2022-06-16 19:59:38,945] {logging_mixin.py:115} INFO - [2022-06-16 19:59:38,945] {dag.py:2371} INFO - Sync 1 DAGs
[2022-06-16 19:59:38,967] {logging_mixin.py:115} INFO - [2022-06-16 19:59:38,967] {dag.py:2915} INFO - Setting next_dagrun for example_time_delta_sensor_async to None, run_after=None
[2022-06-16 19:59:39,001] {processor.py:161} INFO - Processing /usr/local/lib/python3.10/dist-packages/airflow/example_dags/example_time_delta_sensor_async.py took 0.089 seconds
[2022-06-16 20:00:18,164] {processor.py:153} INFO - Started process (PID=5202) to work on /usr/local/lib/python3.10/dist-packages/airflow/example_dags/example_time_delta_sensor_async.py
[2022-06-16 20:00:18,165] {processor.py:641} INFO - Processing file /usr/local/lib/python3.10/dist-packages/airflow/example_dags/example_time_delta_sensor_async.py for tasks to queue
[2022-06-16 20:00:18,165] {logging_mixin.py:115} INFO - [2022-06-16 20:00:18,165] {dagbag.py:507} INFO - Filling up the DagBag from /usr/local/lib/python3.10/dist-packages/airflow/example_dags/example_time_delta_sensor_async.py
[2022-06-16 20:00:18,171] {processor.py:651} INFO - DAG(s) dict_keys(['example_time_delta_sensor_async']) retrieved from /usr/local/lib/python3.10/dist-packages/airflow/example_dags/example_time_delta_sensor_async.py
[2022-06-16 20:00:18,196] {logging_mixin.py:115} INFO - [2022-06-16 20:00:18,196] {dag.py:2371} INFO - Sync 1 DAGs
[2022-06-16 20:00:18,218] {logging_mixin.py:115} INFO - [2022-06-16 20:00:18,218] {dag.py:2915} INFO - Setting next_dagrun for example_time_delta_sensor_async to None, run_after=None
[2022-06-16 20:00:18,240] {processor.py:161} INFO - Processing /usr/local/lib/python3.10/dist-packages/airflow/example_dags/example_time_delta_sensor_async.py took 0.079 seconds
[2022-06-16 20:00:57,992] {processor.py:153} INFO - Started process (PID=5273) to work on /usr/local/lib/python3.10/dist-packages/airflow/example_dags/example_time_delta_sensor_async.py
[2022-06-16 20:00:58,000] {processor.py:641} INFO - Processing file /usr/local/lib/python3.10/dist-packages/airflow/example_dags/example_time_delta_sensor_async.py for tasks to queue
[2022-06-16 20:00:58,001] {logging_mixin.py:115} INFO - [2022-06-16 20:00:58,001] {dagbag.py:507} INFO - Filling up the DagBag from /usr/local/lib/python3.10/dist-packages/airflow/example_dags/example_time_delta_sensor_async.py
[2022-06-16 20:00:58,006] {processor.py:651} INFO - DAG(s) dict_keys(['example_time_delta_sensor_async']) retrieved from /usr/local/lib/python3.10/dist-packages/airflow/example_dags/example_time_delta_sensor_async.py
[2022-06-16 20:00:58,029] {logging_mixin.py:115} INFO - [2022-06-16 20:00:58,029] {dag.py:2371} INFO - Sync 1 DAGs
[2022-06-16 20:00:58,047] {logging_mixin.py:115} INFO - [2022-06-16 20:00:58,047] {dag.py:2915} INFO - Setting next_dagrun for example_time_delta_sensor_async to None, run_after=None
[2022-06-16 20:00:58,066] {processor.py:161} INFO - Processing /usr/local/lib/python3.10/dist-packages/airflow/example_dags/example_time_delta_sensor_async.py took 0.076 seconds
[2022-06-16 20:01:38,757] {processor.py:153} INFO - Started process (PID=5415) to work on /usr/local/lib/python3.10/dist-packages/airflow/example_dags/example_time_delta_sensor_async.py
[2022-06-16 20:01:38,758] {processor.py:641} INFO - Processing file /usr/local/lib/python3.10/dist-packages/airflow/example_dags/example_time_delta_sensor_async.py for tasks to queue
[2022-06-16 20:01:38,758] {logging_mixin.py:115} INFO - [2022-06-16 20:01:38,758] {dagbag.py:507} INFO - Filling up the DagBag from /usr/local/lib/python3.10/dist-packages/airflow/example_dags/example_time_delta_sensor_async.py
[2022-06-16 20:01:38,764] {processor.py:651} INFO - DAG(s) dict_keys(['example_time_delta_sensor_async']) retrieved from /usr/local/lib/python3.10/dist-packages/airflow/example_dags/example_time_delta_sensor_async.py
[2022-06-16 20:01:38,787] {logging_mixin.py:115} INFO - [2022-06-16 20:01:38,787] {dag.py:2371} INFO - Sync 1 DAGs
[2022-06-16 20:01:38,806] {logging_mixin.py:115} INFO - [2022-06-16 20:01:38,805] {dag.py:2915} INFO - Setting next_dagrun for example_time_delta_sensor_async to None, run_after=None
[2022-06-16 20:01:38,874] {processor.py:161} INFO - Processing /usr/local/lib/python3.10/dist-packages/airflow/example_dags/example_time_delta_sensor_async.py took 0.120 seconds
[2022-06-16 20:02:19,112] {processor.py:153} INFO - Started process (PID=5538) to work on /usr/local/lib/python3.10/dist-packages/airflow/example_dags/example_time_delta_sensor_async.py
[2022-06-16 20:02:19,112] {processor.py:641} INFO - Processing file /usr/local/lib/python3.10/dist-packages/airflow/example_dags/example_time_delta_sensor_async.py for tasks to queue
[2022-06-16 20:02:19,113] {logging_mixin.py:115} INFO - [2022-06-16 20:02:19,113] {dagbag.py:507} INFO - Filling up the DagBag from /usr/local/lib/python3.10/dist-packages/airflow/example_dags/example_time_delta_sensor_async.py
[2022-06-16 20:02:19,118] {processor.py:651} INFO - DAG(s) dict_keys(['example_time_delta_sensor_async']) retrieved from /usr/local/lib/python3.10/dist-packages/airflow/example_dags/example_time_delta_sensor_async.py
[2022-06-16 20:02:19,142] {logging_mixin.py:115} INFO - [2022-06-16 20:02:19,142] {dag.py:2371} INFO - Sync 1 DAGs
[2022-06-16 20:02:19,161] {logging_mixin.py:115} INFO - [2022-06-16 20:02:19,161] {dag.py:2915} INFO - Setting next_dagrun for example_time_delta_sensor_async to None, run_after=None
[2022-06-16 20:02:19,180] {processor.py:161} INFO - Processing /usr/local/lib/python3.10/dist-packages/airflow/example_dags/example_time_delta_sensor_async.py took 0.071 seconds
[2022-06-16 20:02:58,483] {processor.py:153} INFO - Started process (PID=5628) to work on /usr/local/lib/python3.10/dist-packages/airflow/example_dags/example_time_delta_sensor_async.py
[2022-06-16 20:02:58,484] {processor.py:641} INFO - Processing file /usr/local/lib/python3.10/dist-packages/airflow/example_dags/example_time_delta_sensor_async.py for tasks to queue
[2022-06-16 20:02:58,485] {logging_mixin.py:115} INFO - [2022-06-16 20:02:58,484] {dagbag.py:507} INFO - Filling up the DagBag from /usr/local/lib/python3.10/dist-packages/airflow/example_dags/example_time_delta_sensor_async.py
[2022-06-16 20:02:58,490] {processor.py:651} INFO - DAG(s) dict_keys(['example_time_delta_sensor_async']) retrieved from /usr/local/lib/python3.10/dist-packages/airflow/example_dags/example_time_delta_sensor_async.py
[2022-06-16 20:02:58,514] {logging_mixin.py:115} INFO - [2022-06-16 20:02:58,513] {dag.py:2371} INFO - Sync 1 DAGs
[2022-06-16 20:02:58,535] {logging_mixin.py:115} INFO - [2022-06-16 20:02:58,535] {dag.py:2915} INFO - Setting next_dagrun for example_time_delta_sensor_async to None, run_after=None
[2022-06-16 20:02:58,568] {processor.py:161} INFO - Processing /usr/local/lib/python3.10/dist-packages/airflow/example_dags/example_time_delta_sensor_async.py took 0.088 seconds
[2022-06-16 20:03:40,118] {processor.py:153} INFO - Started process (PID=5729) to work on /usr/local/lib/python3.10/dist-packages/airflow/example_dags/example_time_delta_sensor_async.py
[2022-06-16 20:03:40,118] {processor.py:641} INFO - Processing file /usr/local/lib/python3.10/dist-packages/airflow/example_dags/example_time_delta_sensor_async.py for tasks to queue
[2022-06-16 20:03:40,119] {logging_mixin.py:115} INFO - [2022-06-16 20:03:40,119] {dagbag.py:507} INFO - Filling up the DagBag from /usr/local/lib/python3.10/dist-packages/airflow/example_dags/example_time_delta_sensor_async.py
[2022-06-16 20:03:40,125] {processor.py:651} INFO - DAG(s) dict_keys(['example_time_delta_sensor_async']) retrieved from /usr/local/lib/python3.10/dist-packages/airflow/example_dags/example_time_delta_sensor_async.py
[2022-06-16 20:03:40,148] {logging_mixin.py:115} INFO - [2022-06-16 20:03:40,148] {dag.py:2371} INFO - Sync 1 DAGs
[2022-06-16 20:03:40,167] {logging_mixin.py:115} INFO - [2022-06-16 20:03:40,167] {dag.py:2915} INFO - Setting next_dagrun for example_time_delta_sensor_async to None, run_after=None
[2022-06-16 20:03:40,186] {processor.py:161} INFO - Processing /usr/local/lib/python3.10/dist-packages/airflow/example_dags/example_time_delta_sensor_async.py took 0.071 seconds
[2022-06-16 20:04:17,873] {processor.py:153} INFO - Started process (PID=5849) to work on /usr/local/lib/python3.10/dist-packages/airflow/example_dags/example_time_delta_sensor_async.py
[2022-06-16 20:04:17,873] {processor.py:641} INFO - Processing file /usr/local/lib/python3.10/dist-packages/airflow/example_dags/example_time_delta_sensor_async.py for tasks to queue
[2022-06-16 20:04:17,874] {logging_mixin.py:115} INFO - [2022-06-16 20:04:17,874] {dagbag.py:507} INFO - Filling up the DagBag from /usr/local/lib/python3.10/dist-packages/airflow/example_dags/example_time_delta_sensor_async.py
[2022-06-16 20:04:17,880] {processor.py:651} INFO - DAG(s) dict_keys(['example_time_delta_sensor_async']) retrieved from /usr/local/lib/python3.10/dist-packages/airflow/example_dags/example_time_delta_sensor_async.py
[2022-06-16 20:04:17,903] {logging_mixin.py:115} INFO - [2022-06-16 20:04:17,903] {dag.py:2371} INFO - Sync 1 DAGs
[2022-06-16 20:04:17,923] {logging_mixin.py:115} INFO - [2022-06-16 20:04:17,922] {dag.py:2915} INFO - Setting next_dagrun for example_time_delta_sensor_async to None, run_after=None
[2022-06-16 20:04:17,945] {processor.py:161} INFO - Processing /usr/local/lib/python3.10/dist-packages/airflow/example_dags/example_time_delta_sensor_async.py took 0.075 seconds
[2022-06-16 20:04:57,861] {processor.py:153} INFO - Started process (PID=5939) to work on /usr/local/lib/python3.10/dist-packages/airflow/example_dags/example_time_delta_sensor_async.py
[2022-06-16 20:04:57,861] {processor.py:641} INFO - Processing file /usr/local/lib/python3.10/dist-packages/airflow/example_dags/example_time_delta_sensor_async.py for tasks to queue
[2022-06-16 20:04:57,862] {logging_mixin.py:115} INFO - [2022-06-16 20:04:57,862] {dagbag.py:507} INFO - Filling up the DagBag from /usr/local/lib/python3.10/dist-packages/airflow/example_dags/example_time_delta_sensor_async.py
[2022-06-16 20:04:57,867] {processor.py:651} INFO - DAG(s) dict_keys(['example_time_delta_sensor_async']) retrieved from /usr/local/lib/python3.10/dist-packages/airflow/example_dags/example_time_delta_sensor_async.py
[2022-06-16 20:04:57,891] {logging_mixin.py:115} INFO - [2022-06-16 20:04:57,891] {dag.py:2371} INFO - Sync 1 DAGs
[2022-06-16 20:04:57,911] {logging_mixin.py:115} INFO - [2022-06-16 20:04:57,911] {dag.py:2915} INFO - Setting next_dagrun for example_time_delta_sensor_async to None, run_after=None
[2022-06-16 20:04:57,930] {processor.py:161} INFO - Processing /usr/local/lib/python3.10/dist-packages/airflow/example_dags/example_time_delta_sensor_async.py took 0.072 seconds
[2022-06-16 20:05:33,234] {processor.py:153} INFO - Started process (PID=6025) to work on /usr/local/lib/python3.10/dist-packages/airflow/example_dags/example_time_delta_sensor_async.py
[2022-06-16 20:05:33,234] {processor.py:641} INFO - Processing file /usr/local/lib/python3.10/dist-packages/airflow/example_dags/example_time_delta_sensor_async.py for tasks to queue
[2022-06-16 20:05:33,235] {logging_mixin.py:115} INFO - [2022-06-16 20:05:33,235] {dagbag.py:507} INFO - Filling up the DagBag from /usr/local/lib/python3.10/dist-packages/airflow/example_dags/example_time_delta_sensor_async.py
[2022-06-16 20:05:33,240] {processor.py:651} INFO - DAG(s) dict_keys(['example_time_delta_sensor_async']) retrieved from /usr/local/lib/python3.10/dist-packages/airflow/example_dags/example_time_delta_sensor_async.py
[2022-06-16 20:05:33,264] {logging_mixin.py:115} INFO - [2022-06-16 20:05:33,263] {dag.py:2371} INFO - Sync 1 DAGs
[2022-06-16 20:05:33,282] {logging_mixin.py:115} INFO - [2022-06-16 20:05:33,282] {dag.py:2915} INFO - Setting next_dagrun for example_time_delta_sensor_async to None, run_after=None
[2022-06-16 20:05:33,300] {processor.py:161} INFO - Processing /usr/local/lib/python3.10/dist-packages/airflow/example_dags/example_time_delta_sensor_async.py took 0.070 seconds
[2022-06-16 20:06:09,521] {processor.py:153} INFO - Started process (PID=6109) to work on /usr/local/lib/python3.10/dist-packages/airflow/example_dags/example_time_delta_sensor_async.py
[2022-06-16 20:06:09,521] {processor.py:641} INFO - Processing file /usr/local/lib/python3.10/dist-packages/airflow/example_dags/example_time_delta_sensor_async.py for tasks to queue
[2022-06-16 20:06:09,522] {logging_mixin.py:115} INFO - [2022-06-16 20:06:09,522] {dagbag.py:507} INFO - Filling up the DagBag from /usr/local/lib/python3.10/dist-packages/airflow/example_dags/example_time_delta_sensor_async.py
[2022-06-16 20:06:09,527] {processor.py:651} INFO - DAG(s) dict_keys(['example_time_delta_sensor_async']) retrieved from /usr/local/lib/python3.10/dist-packages/airflow/example_dags/example_time_delta_sensor_async.py
[2022-06-16 20:06:09,553] {logging_mixin.py:115} INFO - [2022-06-16 20:06:09,553] {dag.py:2371} INFO - Sync 1 DAGs
[2022-06-16 20:06:09,572] {logging_mixin.py:115} INFO - [2022-06-16 20:06:09,572] {dag.py:2915} INFO - Setting next_dagrun for example_time_delta_sensor_async to None, run_after=None
[2022-06-16 20:06:09,604] {processor.py:161} INFO - Processing /usr/local/lib/python3.10/dist-packages/airflow/example_dags/example_time_delta_sensor_async.py took 0.086 seconds
[2022-06-16 20:06:47,888] {processor.py:153} INFO - Started process (PID=6196) to work on /usr/local/lib/python3.10/dist-packages/airflow/example_dags/example_time_delta_sensor_async.py
[2022-06-16 20:06:47,889] {processor.py:641} INFO - Processing file /usr/local/lib/python3.10/dist-packages/airflow/example_dags/example_time_delta_sensor_async.py for tasks to queue
[2022-06-16 20:06:47,889] {logging_mixin.py:115} INFO - [2022-06-16 20:06:47,889] {dagbag.py:507} INFO - Filling up the DagBag from /usr/local/lib/python3.10/dist-packages/airflow/example_dags/example_time_delta_sensor_async.py
[2022-06-16 20:06:47,896] {processor.py:651} INFO - DAG(s) dict_keys(['example_time_delta_sensor_async']) retrieved from /usr/local/lib/python3.10/dist-packages/airflow/example_dags/example_time_delta_sensor_async.py
[2022-06-16 20:06:47,924] {logging_mixin.py:115} INFO - [2022-06-16 20:06:47,924] {dag.py:2371} INFO - Sync 1 DAGs
[2022-06-16 20:06:47,944] {logging_mixin.py:115} INFO - [2022-06-16 20:06:47,944] {dag.py:2915} INFO - Setting next_dagrun for example_time_delta_sensor_async to None, run_after=None
[2022-06-16 20:06:47,993] {processor.py:161} INFO - Processing /usr/local/lib/python3.10/dist-packages/airflow/example_dags/example_time_delta_sensor_async.py took 0.108 seconds
[2022-06-16 20:07:27,988] {processor.py:153} INFO - Started process (PID=6287) to work on /usr/local/lib/python3.10/dist-packages/airflow/example_dags/example_time_delta_sensor_async.py
[2022-06-16 20:07:27,989] {processor.py:641} INFO - Processing file /usr/local/lib/python3.10/dist-packages/airflow/example_dags/example_time_delta_sensor_async.py for tasks to queue
[2022-06-16 20:07:27,990] {logging_mixin.py:115} INFO - [2022-06-16 20:07:27,990] {dagbag.py:507} INFO - Filling up the DagBag from /usr/local/lib/python3.10/dist-packages/airflow/example_dags/example_time_delta_sensor_async.py
[2022-06-16 20:07:27,995] {processor.py:651} INFO - DAG(s) dict_keys(['example_time_delta_sensor_async']) retrieved from /usr/local/lib/python3.10/dist-packages/airflow/example_dags/example_time_delta_sensor_async.py
[2022-06-16 20:07:28,021] {logging_mixin.py:115} INFO - [2022-06-16 20:07:28,021] {dag.py:2371} INFO - Sync 1 DAGs
[2022-06-16 20:07:28,047] {logging_mixin.py:115} INFO - [2022-06-16 20:07:28,047] {dag.py:2915} INFO - Setting next_dagrun for example_time_delta_sensor_async to None, run_after=None
[2022-06-16 20:07:28,106] {processor.py:161} INFO - Processing /usr/local/lib/python3.10/dist-packages/airflow/example_dags/example_time_delta_sensor_async.py took 0.120 seconds
[2022-06-16 20:08:08,590] {processor.py:153} INFO - Started process (PID=6388) to work on /usr/local/lib/python3.10/dist-packages/airflow/example_dags/example_time_delta_sensor_async.py
[2022-06-16 20:08:08,591] {processor.py:641} INFO - Processing file /usr/local/lib/python3.10/dist-packages/airflow/example_dags/example_time_delta_sensor_async.py for tasks to queue
[2022-06-16 20:08:08,591] {logging_mixin.py:115} INFO - [2022-06-16 20:08:08,591] {dagbag.py:507} INFO - Filling up the DagBag from /usr/local/lib/python3.10/dist-packages/airflow/example_dags/example_time_delta_sensor_async.py
[2022-06-16 20:08:08,596] {processor.py:651} INFO - DAG(s) dict_keys(['example_time_delta_sensor_async']) retrieved from /usr/local/lib/python3.10/dist-packages/airflow/example_dags/example_time_delta_sensor_async.py
[2022-06-16 20:08:08,619] {logging_mixin.py:115} INFO - [2022-06-16 20:08:08,619] {dag.py:2371} INFO - Sync 1 DAGs
[2022-06-16 20:08:08,637] {logging_mixin.py:115} INFO - [2022-06-16 20:08:08,637] {dag.py:2915} INFO - Setting next_dagrun for example_time_delta_sensor_async to None, run_after=None
[2022-06-16 20:08:08,661] {processor.py:161} INFO - Processing /usr/local/lib/python3.10/dist-packages/airflow/example_dags/example_time_delta_sensor_async.py took 0.073 seconds
[2022-06-16 20:08:47,507] {processor.py:153} INFO - Started process (PID=6500) to work on /usr/local/lib/python3.10/dist-packages/airflow/example_dags/example_time_delta_sensor_async.py
[2022-06-16 20:08:47,508] {processor.py:641} INFO - Processing file /usr/local/lib/python3.10/dist-packages/airflow/example_dags/example_time_delta_sensor_async.py for tasks to queue
[2022-06-16 20:08:47,509] {logging_mixin.py:115} INFO - [2022-06-16 20:08:47,508] {dagbag.py:507} INFO - Filling up the DagBag from /usr/local/lib/python3.10/dist-packages/airflow/example_dags/example_time_delta_sensor_async.py
[2022-06-16 20:08:47,514] {processor.py:651} INFO - DAG(s) dict_keys(['example_time_delta_sensor_async']) retrieved from /usr/local/lib/python3.10/dist-packages/airflow/example_dags/example_time_delta_sensor_async.py
[2022-06-16 20:08:47,540] {logging_mixin.py:115} INFO - [2022-06-16 20:08:47,540] {dag.py:2371} INFO - Sync 1 DAGs
[2022-06-16 20:08:47,560] {logging_mixin.py:115} INFO - [2022-06-16 20:08:47,560] {dag.py:2915} INFO - Setting next_dagrun for example_time_delta_sensor_async to None, run_after=None
[2022-06-16 20:08:47,579] {processor.py:161} INFO - Processing /usr/local/lib/python3.10/dist-packages/airflow/example_dags/example_time_delta_sensor_async.py took 0.074 seconds
[2022-06-16 20:09:26,009] {processor.py:153} INFO - Started process (PID=6594) to work on /usr/local/lib/python3.10/dist-packages/airflow/example_dags/example_time_delta_sensor_async.py
[2022-06-16 20:09:26,009] {processor.py:641} INFO - Processing file /usr/local/lib/python3.10/dist-packages/airflow/example_dags/example_time_delta_sensor_async.py for tasks to queue
[2022-06-16 20:09:26,010] {logging_mixin.py:115} INFO - [2022-06-16 20:09:26,010] {dagbag.py:507} INFO - Filling up the DagBag from /usr/local/lib/python3.10/dist-packages/airflow/example_dags/example_time_delta_sensor_async.py
[2022-06-16 20:09:26,016] {processor.py:651} INFO - DAG(s) dict_keys(['example_time_delta_sensor_async']) retrieved from /usr/local/lib/python3.10/dist-packages/airflow/example_dags/example_time_delta_sensor_async.py
[2022-06-16 20:09:26,043] {logging_mixin.py:115} INFO - [2022-06-16 20:09:26,043] {dag.py:2371} INFO - Sync 1 DAGs
[2022-06-16 20:09:26,062] {logging_mixin.py:115} INFO - [2022-06-16 20:09:26,062] {dag.py:2915} INFO - Setting next_dagrun for example_time_delta_sensor_async to None, run_after=None
[2022-06-16 20:09:26,081] {processor.py:161} INFO - Processing /usr/local/lib/python3.10/dist-packages/airflow/example_dags/example_time_delta_sensor_async.py took 0.075 seconds
[2022-06-16 20:10:06,749] {processor.py:153} INFO - Started process (PID=6670) to work on /usr/local/lib/python3.10/dist-packages/airflow/example_dags/example_time_delta_sensor_async.py
[2022-06-16 20:10:06,750] {processor.py:641} INFO - Processing file /usr/local/lib/python3.10/dist-packages/airflow/example_dags/example_time_delta_sensor_async.py for tasks to queue
[2022-06-16 20:10:06,750] {logging_mixin.py:115} INFO - [2022-06-16 20:10:06,750] {dagbag.py:507} INFO - Filling up the DagBag from /usr/local/lib/python3.10/dist-packages/airflow/example_dags/example_time_delta_sensor_async.py
[2022-06-16 20:10:06,756] {processor.py:651} INFO - DAG(s) dict_keys(['example_time_delta_sensor_async']) retrieved from /usr/local/lib/python3.10/dist-packages/airflow/example_dags/example_time_delta_sensor_async.py
[2022-06-16 20:10:06,779] {logging_mixin.py:115} INFO - [2022-06-16 20:10:06,779] {dag.py:2371} INFO - Sync 1 DAGs
[2022-06-16 20:10:06,799] {logging_mixin.py:115} INFO - [2022-06-16 20:10:06,798] {dag.py:2915} INFO - Setting next_dagrun for example_time_delta_sensor_async to None, run_after=None
[2022-06-16 20:10:06,824] {processor.py:161} INFO - Processing /usr/local/lib/python3.10/dist-packages/airflow/example_dags/example_time_delta_sensor_async.py took 0.078 seconds
[2022-06-16 20:10:46,458] {processor.py:153} INFO - Started process (PID=6762) to work on /usr/local/lib/python3.10/dist-packages/airflow/example_dags/example_time_delta_sensor_async.py
[2022-06-16 20:10:46,459] {processor.py:641} INFO - Processing file /usr/local/lib/python3.10/dist-packages/airflow/example_dags/example_time_delta_sensor_async.py for tasks to queue
[2022-06-16 20:10:46,459] {logging_mixin.py:115} INFO - [2022-06-16 20:10:46,459] {dagbag.py:507} INFO - Filling up the DagBag from /usr/local/lib/python3.10/dist-packages/airflow/example_dags/example_time_delta_sensor_async.py
[2022-06-16 20:10:46,465] {processor.py:651} INFO - DAG(s) dict_keys(['example_time_delta_sensor_async']) retrieved from /usr/local/lib/python3.10/dist-packages/airflow/example_dags/example_time_delta_sensor_async.py
[2022-06-16 20:10:46,489] {logging_mixin.py:115} INFO - [2022-06-16 20:10:46,489] {dag.py:2371} INFO - Sync 1 DAGs
[2022-06-16 20:10:46,507] {logging_mixin.py:115} INFO - [2022-06-16 20:10:46,507] {dag.py:2915} INFO - Setting next_dagrun for example_time_delta_sensor_async to None, run_after=None
[2022-06-16 20:10:46,526] {processor.py:161} INFO - Processing /usr/local/lib/python3.10/dist-packages/airflow/example_dags/example_time_delta_sensor_async.py took 0.071 seconds
[2022-06-16 20:11:22,161] {processor.py:153} INFO - Started process (PID=6847) to work on /usr/local/lib/python3.10/dist-packages/airflow/example_dags/example_time_delta_sensor_async.py
[2022-06-16 20:11:22,162] {processor.py:641} INFO - Processing file /usr/local/lib/python3.10/dist-packages/airflow/example_dags/example_time_delta_sensor_async.py for tasks to queue
[2022-06-16 20:11:22,162] {logging_mixin.py:115} INFO - [2022-06-16 20:11:22,162] {dagbag.py:507} INFO - Filling up the DagBag from /usr/local/lib/python3.10/dist-packages/airflow/example_dags/example_time_delta_sensor_async.py
[2022-06-16 20:11:22,167] {processor.py:651} INFO - DAG(s) dict_keys(['example_time_delta_sensor_async']) retrieved from /usr/local/lib/python3.10/dist-packages/airflow/example_dags/example_time_delta_sensor_async.py
[2022-06-16 20:11:22,191] {logging_mixin.py:115} INFO - [2022-06-16 20:11:22,190] {dag.py:2371} INFO - Sync 1 DAGs
[2022-06-16 20:11:22,209] {logging_mixin.py:115} INFO - [2022-06-16 20:11:22,209] {dag.py:2915} INFO - Setting next_dagrun for example_time_delta_sensor_async to None, run_after=None
[2022-06-16 20:11:22,228] {processor.py:161} INFO - Processing /usr/local/lib/python3.10/dist-packages/airflow/example_dags/example_time_delta_sensor_async.py took 0.070 seconds
[2022-06-16 20:12:04,983] {processor.py:153} INFO - Started process (PID=6942) to work on /usr/local/lib/python3.10/dist-packages/airflow/example_dags/example_time_delta_sensor_async.py
[2022-06-16 20:12:04,992] {processor.py:641} INFO - Processing file /usr/local/lib/python3.10/dist-packages/airflow/example_dags/example_time_delta_sensor_async.py for tasks to queue
[2022-06-16 20:12:04,993] {logging_mixin.py:115} INFO - [2022-06-16 20:12:04,993] {dagbag.py:507} INFO - Filling up the DagBag from /usr/local/lib/python3.10/dist-packages/airflow/example_dags/example_time_delta_sensor_async.py
[2022-06-16 20:12:04,998] {processor.py:651} INFO - DAG(s) dict_keys(['example_time_delta_sensor_async']) retrieved from /usr/local/lib/python3.10/dist-packages/airflow/example_dags/example_time_delta_sensor_async.py
[2022-06-16 20:12:05,022] {logging_mixin.py:115} INFO - [2022-06-16 20:12:05,022] {dag.py:2371} INFO - Sync 1 DAGs
[2022-06-16 20:12:05,041] {logging_mixin.py:115} INFO - [2022-06-16 20:12:05,040] {dag.py:2915} INFO - Setting next_dagrun for example_time_delta_sensor_async to None, run_after=None
[2022-06-16 20:12:05,060] {processor.py:161} INFO - Processing /usr/local/lib/python3.10/dist-packages/airflow/example_dags/example_time_delta_sensor_async.py took 0.080 seconds
[2022-06-16 20:12:46,504] {processor.py:153} INFO - Started process (PID=7034) to work on /usr/local/lib/python3.10/dist-packages/airflow/example_dags/example_time_delta_sensor_async.py
[2022-06-16 20:12:46,504] {processor.py:641} INFO - Processing file /usr/local/lib/python3.10/dist-packages/airflow/example_dags/example_time_delta_sensor_async.py for tasks to queue
[2022-06-16 20:12:46,505] {logging_mixin.py:115} INFO - [2022-06-16 20:12:46,505] {dagbag.py:507} INFO - Filling up the DagBag from /usr/local/lib/python3.10/dist-packages/airflow/example_dags/example_time_delta_sensor_async.py
[2022-06-16 20:12:46,510] {processor.py:651} INFO - DAG(s) dict_keys(['example_time_delta_sensor_async']) retrieved from /usr/local/lib/python3.10/dist-packages/airflow/example_dags/example_time_delta_sensor_async.py
[2022-06-16 20:12:46,534] {logging_mixin.py:115} INFO - [2022-06-16 20:12:46,534] {dag.py:2371} INFO - Sync 1 DAGs
[2022-06-16 20:12:46,552] {logging_mixin.py:115} INFO - [2022-06-16 20:12:46,552] {dag.py:2915} INFO - Setting next_dagrun for example_time_delta_sensor_async to None, run_after=None
[2022-06-16 20:12:46,592] {processor.py:161} INFO - Processing /usr/local/lib/python3.10/dist-packages/airflow/example_dags/example_time_delta_sensor_async.py took 0.091 seconds
[2022-06-16 20:13:26,321] {processor.py:153} INFO - Started process (PID=7127) to work on /usr/local/lib/python3.10/dist-packages/airflow/example_dags/example_time_delta_sensor_async.py
[2022-06-16 20:13:26,321] {processor.py:641} INFO - Processing file /usr/local/lib/python3.10/dist-packages/airflow/example_dags/example_time_delta_sensor_async.py for tasks to queue
[2022-06-16 20:13:26,322] {logging_mixin.py:115} INFO - [2022-06-16 20:13:26,322] {dagbag.py:507} INFO - Filling up the DagBag from /usr/local/lib/python3.10/dist-packages/airflow/example_dags/example_time_delta_sensor_async.py
[2022-06-16 20:13:26,327] {processor.py:651} INFO - DAG(s) dict_keys(['example_time_delta_sensor_async']) retrieved from /usr/local/lib/python3.10/dist-packages/airflow/example_dags/example_time_delta_sensor_async.py
[2022-06-16 20:13:26,349] {logging_mixin.py:115} INFO - [2022-06-16 20:13:26,349] {dag.py:2371} INFO - Sync 1 DAGs
[2022-06-16 20:13:26,367] {logging_mixin.py:115} INFO - [2022-06-16 20:13:26,367] {dag.py:2915} INFO - Setting next_dagrun for example_time_delta_sensor_async to None, run_after=None
[2022-06-16 20:13:26,414] {processor.py:161} INFO - Processing /usr/local/lib/python3.10/dist-packages/airflow/example_dags/example_time_delta_sensor_async.py took 0.097 seconds
[2022-06-16 20:14:05,560] {processor.py:153} INFO - Started process (PID=7263) to work on /usr/local/lib/python3.10/dist-packages/airflow/example_dags/example_time_delta_sensor_async.py
[2022-06-16 20:14:05,561] {processor.py:641} INFO - Processing file /usr/local/lib/python3.10/dist-packages/airflow/example_dags/example_time_delta_sensor_async.py for tasks to queue
[2022-06-16 20:14:05,562] {logging_mixin.py:115} INFO - [2022-06-16 20:14:05,561] {dagbag.py:507} INFO - Filling up the DagBag from /usr/local/lib/python3.10/dist-packages/airflow/example_dags/example_time_delta_sensor_async.py
[2022-06-16 20:14:05,567] {processor.py:651} INFO - DAG(s) dict_keys(['example_time_delta_sensor_async']) retrieved from /usr/local/lib/python3.10/dist-packages/airflow/example_dags/example_time_delta_sensor_async.py
[2022-06-16 20:14:05,590] {logging_mixin.py:115} INFO - [2022-06-16 20:14:05,590] {dag.py:2371} INFO - Sync 1 DAGs
[2022-06-16 20:14:05,608] {logging_mixin.py:115} INFO - [2022-06-16 20:14:05,608] {dag.py:2915} INFO - Setting next_dagrun for example_time_delta_sensor_async to None, run_after=None
[2022-06-16 20:14:05,657] {processor.py:161} INFO - Processing /usr/local/lib/python3.10/dist-packages/airflow/example_dags/example_time_delta_sensor_async.py took 0.099 seconds
[2022-06-16 20:14:42,945] {processor.py:153} INFO - Started process (PID=7348) to work on /usr/local/lib/python3.10/dist-packages/airflow/example_dags/example_time_delta_sensor_async.py
[2022-06-16 20:14:42,945] {processor.py:641} INFO - Processing file /usr/local/lib/python3.10/dist-packages/airflow/example_dags/example_time_delta_sensor_async.py for tasks to queue
[2022-06-16 20:14:42,946] {logging_mixin.py:115} INFO - [2022-06-16 20:14:42,946] {dagbag.py:507} INFO - Filling up the DagBag from /usr/local/lib/python3.10/dist-packages/airflow/example_dags/example_time_delta_sensor_async.py
[2022-06-16 20:14:42,953] {processor.py:651} INFO - DAG(s) dict_keys(['example_time_delta_sensor_async']) retrieved from /usr/local/lib/python3.10/dist-packages/airflow/example_dags/example_time_delta_sensor_async.py
[2022-06-16 20:14:42,977] {logging_mixin.py:115} INFO - [2022-06-16 20:14:42,976] {dag.py:2371} INFO - Sync 1 DAGs
[2022-06-16 20:14:42,996] {logging_mixin.py:115} INFO - [2022-06-16 20:14:42,996] {dag.py:2915} INFO - Setting next_dagrun for example_time_delta_sensor_async to None, run_after=None
[2022-06-16 20:14:43,015] {processor.py:161} INFO - Processing /usr/local/lib/python3.10/dist-packages/airflow/example_dags/example_time_delta_sensor_async.py took 0.074 seconds
[2022-06-16 20:15:17,902] {processor.py:153} INFO - Started process (PID=7434) to work on /usr/local/lib/python3.10/dist-packages/airflow/example_dags/example_time_delta_sensor_async.py
[2022-06-16 20:15:17,902] {processor.py:641} INFO - Processing file /usr/local/lib/python3.10/dist-packages/airflow/example_dags/example_time_delta_sensor_async.py for tasks to queue
[2022-06-16 20:15:17,903] {logging_mixin.py:115} INFO - [2022-06-16 20:15:17,903] {dagbag.py:507} INFO - Filling up the DagBag from /usr/local/lib/python3.10/dist-packages/airflow/example_dags/example_time_delta_sensor_async.py
[2022-06-16 20:15:17,908] {processor.py:651} INFO - DAG(s) dict_keys(['example_time_delta_sensor_async']) retrieved from /usr/local/lib/python3.10/dist-packages/airflow/example_dags/example_time_delta_sensor_async.py
[2022-06-16 20:15:17,935] {logging_mixin.py:115} INFO - [2022-06-16 20:15:17,934] {dag.py:2371} INFO - Sync 1 DAGs
[2022-06-16 20:15:17,959] {logging_mixin.py:115} INFO - [2022-06-16 20:15:17,959] {dag.py:2915} INFO - Setting next_dagrun for example_time_delta_sensor_async to None, run_after=None
[2022-06-16 20:15:18,017] {processor.py:161} INFO - Processing /usr/local/lib/python3.10/dist-packages/airflow/example_dags/example_time_delta_sensor_async.py took 0.118 seconds
[2022-06-16 20:15:53,617] {processor.py:153} INFO - Started process (PID=7516) to work on /usr/local/lib/python3.10/dist-packages/airflow/example_dags/example_time_delta_sensor_async.py
[2022-06-16 20:15:53,618] {processor.py:641} INFO - Processing file /usr/local/lib/python3.10/dist-packages/airflow/example_dags/example_time_delta_sensor_async.py for tasks to queue
[2022-06-16 20:15:53,618] {logging_mixin.py:115} INFO - [2022-06-16 20:15:53,618] {dagbag.py:507} INFO - Filling up the DagBag from /usr/local/lib/python3.10/dist-packages/airflow/example_dags/example_time_delta_sensor_async.py
[2022-06-16 20:15:53,623] {processor.py:651} INFO - DAG(s) dict_keys(['example_time_delta_sensor_async']) retrieved from /usr/local/lib/python3.10/dist-packages/airflow/example_dags/example_time_delta_sensor_async.py
[2022-06-16 20:15:53,645] {logging_mixin.py:115} INFO - [2022-06-16 20:15:53,645] {dag.py:2371} INFO - Sync 1 DAGs
[2022-06-16 20:15:53,663] {logging_mixin.py:115} INFO - [2022-06-16 20:15:53,663] {dag.py:2915} INFO - Setting next_dagrun for example_time_delta_sensor_async to None, run_after=None
[2022-06-16 20:15:53,733] {processor.py:161} INFO - Processing /usr/local/lib/python3.10/dist-packages/airflow/example_dags/example_time_delta_sensor_async.py took 0.118 seconds
[2022-06-16 20:16:30,642] {processor.py:153} INFO - Started process (PID=7603) to work on /usr/local/lib/python3.10/dist-packages/airflow/example_dags/example_time_delta_sensor_async.py
[2022-06-16 20:16:30,642] {processor.py:641} INFO - Processing file /usr/local/lib/python3.10/dist-packages/airflow/example_dags/example_time_delta_sensor_async.py for tasks to queue
[2022-06-16 20:16:30,643] {logging_mixin.py:115} INFO - [2022-06-16 20:16:30,643] {dagbag.py:507} INFO - Filling up the DagBag from /usr/local/lib/python3.10/dist-packages/airflow/example_dags/example_time_delta_sensor_async.py
[2022-06-16 20:16:30,648] {processor.py:651} INFO - DAG(s) dict_keys(['example_time_delta_sensor_async']) retrieved from /usr/local/lib/python3.10/dist-packages/airflow/example_dags/example_time_delta_sensor_async.py
[2022-06-16 20:16:30,672] {logging_mixin.py:115} INFO - [2022-06-16 20:16:30,672] {dag.py:2371} INFO - Sync 1 DAGs
[2022-06-16 20:16:30,695] {logging_mixin.py:115} INFO - [2022-06-16 20:16:30,695] {dag.py:2915} INFO - Setting next_dagrun for example_time_delta_sensor_async to None, run_after=None
[2022-06-16 20:16:30,714] {processor.py:161} INFO - Processing /usr/local/lib/python3.10/dist-packages/airflow/example_dags/example_time_delta_sensor_async.py took 0.075 seconds
[2022-06-16 20:17:10,153] {processor.py:153} INFO - Started process (PID=7701) to work on /usr/local/lib/python3.10/dist-packages/airflow/example_dags/example_time_delta_sensor_async.py
[2022-06-16 20:17:10,154] {processor.py:641} INFO - Processing file /usr/local/lib/python3.10/dist-packages/airflow/example_dags/example_time_delta_sensor_async.py for tasks to queue
[2022-06-16 20:17:10,154] {logging_mixin.py:115} INFO - [2022-06-16 20:17:10,154] {dagbag.py:507} INFO - Filling up the DagBag from /usr/local/lib/python3.10/dist-packages/airflow/example_dags/example_time_delta_sensor_async.py
[2022-06-16 20:17:10,161] {processor.py:651} INFO - DAG(s) dict_keys(['example_time_delta_sensor_async']) retrieved from /usr/local/lib/python3.10/dist-packages/airflow/example_dags/example_time_delta_sensor_async.py
[2022-06-16 20:17:10,193] {logging_mixin.py:115} INFO - [2022-06-16 20:17:10,193] {dag.py:2371} INFO - Sync 1 DAGs
[2022-06-16 20:17:10,218] {logging_mixin.py:115} INFO - [2022-06-16 20:17:10,218] {dag.py:2915} INFO - Setting next_dagrun for example_time_delta_sensor_async to None, run_after=None
[2022-06-16 20:17:10,237] {processor.py:161} INFO - Processing /usr/local/lib/python3.10/dist-packages/airflow/example_dags/example_time_delta_sensor_async.py took 0.087 seconds
[2022-06-16 20:17:50,358] {processor.py:153} INFO - Started process (PID=7797) to work on /usr/local/lib/python3.10/dist-packages/airflow/example_dags/example_time_delta_sensor_async.py
[2022-06-16 20:17:50,359] {processor.py:641} INFO - Processing file /usr/local/lib/python3.10/dist-packages/airflow/example_dags/example_time_delta_sensor_async.py for tasks to queue
[2022-06-16 20:17:50,359] {logging_mixin.py:115} INFO - [2022-06-16 20:17:50,359] {dagbag.py:507} INFO - Filling up the DagBag from /usr/local/lib/python3.10/dist-packages/airflow/example_dags/example_time_delta_sensor_async.py
[2022-06-16 20:17:50,365] {processor.py:651} INFO - DAG(s) dict_keys(['example_time_delta_sensor_async']) retrieved from /usr/local/lib/python3.10/dist-packages/airflow/example_dags/example_time_delta_sensor_async.py
[2022-06-16 20:17:50,401] {logging_mixin.py:115} INFO - [2022-06-16 20:17:50,400] {dag.py:2371} INFO - Sync 1 DAGs
[2022-06-16 20:17:50,431] {logging_mixin.py:115} INFO - [2022-06-16 20:17:50,431] {dag.py:2915} INFO - Setting next_dagrun for example_time_delta_sensor_async to None, run_after=None
[2022-06-16 20:17:50,454] {processor.py:161} INFO - Processing /usr/local/lib/python3.10/dist-packages/airflow/example_dags/example_time_delta_sensor_async.py took 0.099 seconds
[2022-06-16 20:18:27,982] {processor.py:153} INFO - Started process (PID=7867) to work on /usr/local/lib/python3.10/dist-packages/airflow/example_dags/example_time_delta_sensor_async.py
[2022-06-16 20:18:27,983] {processor.py:641} INFO - Processing file /usr/local/lib/python3.10/dist-packages/airflow/example_dags/example_time_delta_sensor_async.py for tasks to queue
[2022-06-16 20:18:27,983] {logging_mixin.py:115} INFO - [2022-06-16 20:18:27,983] {dagbag.py:507} INFO - Filling up the DagBag from /usr/local/lib/python3.10/dist-packages/airflow/example_dags/example_time_delta_sensor_async.py
[2022-06-16 20:18:27,988] {processor.py:651} INFO - DAG(s) dict_keys(['example_time_delta_sensor_async']) retrieved from /usr/local/lib/python3.10/dist-packages/airflow/example_dags/example_time_delta_sensor_async.py
[2022-06-16 20:18:28,012] {logging_mixin.py:115} INFO - [2022-06-16 20:18:28,012] {dag.py:2371} INFO - Sync 1 DAGs
[2022-06-16 20:18:28,031] {logging_mixin.py:115} INFO - [2022-06-16 20:18:28,030] {dag.py:2915} INFO - Setting next_dagrun for example_time_delta_sensor_async to None, run_after=None
[2022-06-16 20:18:28,050] {processor.py:161} INFO - Processing /usr/local/lib/python3.10/dist-packages/airflow/example_dags/example_time_delta_sensor_async.py took 0.071 seconds
[2022-06-16 20:19:07,777] {processor.py:153} INFO - Started process (PID=7952) to work on /usr/local/lib/python3.10/dist-packages/airflow/example_dags/example_time_delta_sensor_async.py
[2022-06-16 20:19:07,777] {processor.py:641} INFO - Processing file /usr/local/lib/python3.10/dist-packages/airflow/example_dags/example_time_delta_sensor_async.py for tasks to queue
[2022-06-16 20:19:07,778] {logging_mixin.py:115} INFO - [2022-06-16 20:19:07,778] {dagbag.py:507} INFO - Filling up the DagBag from /usr/local/lib/python3.10/dist-packages/airflow/example_dags/example_time_delta_sensor_async.py
[2022-06-16 20:19:07,783] {processor.py:651} INFO - DAG(s) dict_keys(['example_time_delta_sensor_async']) retrieved from /usr/local/lib/python3.10/dist-packages/airflow/example_dags/example_time_delta_sensor_async.py
[2022-06-16 20:19:07,807] {logging_mixin.py:115} INFO - [2022-06-16 20:19:07,806] {dag.py:2371} INFO - Sync 1 DAGs
[2022-06-16 20:19:07,826] {logging_mixin.py:115} INFO - [2022-06-16 20:19:07,826] {dag.py:2915} INFO - Setting next_dagrun for example_time_delta_sensor_async to None, run_after=None
[2022-06-16 20:19:07,845] {processor.py:161} INFO - Processing /usr/local/lib/python3.10/dist-packages/airflow/example_dags/example_time_delta_sensor_async.py took 0.071 seconds
[2022-06-16 20:19:47,408] {processor.py:153} INFO - Started process (PID=8013) to work on /usr/local/lib/python3.10/dist-packages/airflow/example_dags/example_time_delta_sensor_async.py
[2022-06-16 20:19:47,408] {processor.py:641} INFO - Processing file /usr/local/lib/python3.10/dist-packages/airflow/example_dags/example_time_delta_sensor_async.py for tasks to queue
[2022-06-16 20:19:47,409] {logging_mixin.py:115} INFO - [2022-06-16 20:19:47,409] {dagbag.py:507} INFO - Filling up the DagBag from /usr/local/lib/python3.10/dist-packages/airflow/example_dags/example_time_delta_sensor_async.py
[2022-06-16 20:19:47,417] {processor.py:651} INFO - DAG(s) dict_keys(['example_time_delta_sensor_async']) retrieved from /usr/local/lib/python3.10/dist-packages/airflow/example_dags/example_time_delta_sensor_async.py
[2022-06-16 20:19:47,442] {logging_mixin.py:115} INFO - [2022-06-16 20:19:47,442] {dag.py:2371} INFO - Sync 1 DAGs
[2022-06-16 20:19:47,461] {logging_mixin.py:115} INFO - [2022-06-16 20:19:47,460] {dag.py:2915} INFO - Setting next_dagrun for example_time_delta_sensor_async to None, run_after=None
[2022-06-16 20:19:47,514] {processor.py:161} INFO - Processing /usr/local/lib/python3.10/dist-packages/airflow/example_dags/example_time_delta_sensor_async.py took 0.110 seconds
[2022-06-16 20:20:25,069] {processor.py:153} INFO - Started process (PID=8075) to work on /usr/local/lib/python3.10/dist-packages/airflow/example_dags/example_time_delta_sensor_async.py
[2022-06-16 20:20:25,069] {processor.py:641} INFO - Processing file /usr/local/lib/python3.10/dist-packages/airflow/example_dags/example_time_delta_sensor_async.py for tasks to queue
[2022-06-16 20:20:25,070] {logging_mixin.py:115} INFO - [2022-06-16 20:20:25,070] {dagbag.py:507} INFO - Filling up the DagBag from /usr/local/lib/python3.10/dist-packages/airflow/example_dags/example_time_delta_sensor_async.py
[2022-06-16 20:20:25,077] {processor.py:651} INFO - DAG(s) dict_keys(['example_time_delta_sensor_async']) retrieved from /usr/local/lib/python3.10/dist-packages/airflow/example_dags/example_time_delta_sensor_async.py
[2022-06-16 20:20:25,102] {logging_mixin.py:115} INFO - [2022-06-16 20:20:25,102] {dag.py:2371} INFO - Sync 1 DAGs
[2022-06-16 20:20:25,121] {logging_mixin.py:115} INFO - [2022-06-16 20:20:25,121] {dag.py:2915} INFO - Setting next_dagrun for example_time_delta_sensor_async to None, run_after=None
[2022-06-16 20:20:25,147] {processor.py:161} INFO - Processing /usr/local/lib/python3.10/dist-packages/airflow/example_dags/example_time_delta_sensor_async.py took 0.082 seconds
[2022-06-16 20:21:02,984] {processor.py:153} INFO - Started process (PID=8122) to work on /usr/local/lib/python3.10/dist-packages/airflow/example_dags/example_time_delta_sensor_async.py
[2022-06-16 20:21:02,984] {processor.py:641} INFO - Processing file /usr/local/lib/python3.10/dist-packages/airflow/example_dags/example_time_delta_sensor_async.py for tasks to queue
[2022-06-16 20:21:02,985] {logging_mixin.py:115} INFO - [2022-06-16 20:21:02,985] {dagbag.py:507} INFO - Filling up the DagBag from /usr/local/lib/python3.10/dist-packages/airflow/example_dags/example_time_delta_sensor_async.py
[2022-06-16 20:21:02,990] {processor.py:651} INFO - DAG(s) dict_keys(['example_time_delta_sensor_async']) retrieved from /usr/local/lib/python3.10/dist-packages/airflow/example_dags/example_time_delta_sensor_async.py
[2022-06-16 20:21:03,015] {logging_mixin.py:115} INFO - [2022-06-16 20:21:03,015] {dag.py:2371} INFO - Sync 1 DAGs
[2022-06-16 20:21:03,034] {logging_mixin.py:115} INFO - [2022-06-16 20:21:03,034] {dag.py:2915} INFO - Setting next_dagrun for example_time_delta_sensor_async to None, run_after=None
[2022-06-16 20:21:03,052] {processor.py:161} INFO - Processing /usr/local/lib/python3.10/dist-packages/airflow/example_dags/example_time_delta_sensor_async.py took 0.072 seconds
[2022-06-16 20:21:41,858] {processor.py:153} INFO - Started process (PID=8164) to work on /usr/local/lib/python3.10/dist-packages/airflow/example_dags/example_time_delta_sensor_async.py
[2022-06-16 20:21:41,859] {processor.py:641} INFO - Processing file /usr/local/lib/python3.10/dist-packages/airflow/example_dags/example_time_delta_sensor_async.py for tasks to queue
[2022-06-16 20:21:41,859] {logging_mixin.py:115} INFO - [2022-06-16 20:21:41,859] {dagbag.py:507} INFO - Filling up the DagBag from /usr/local/lib/python3.10/dist-packages/airflow/example_dags/example_time_delta_sensor_async.py
[2022-06-16 20:21:41,865] {processor.py:651} INFO - DAG(s) dict_keys(['example_time_delta_sensor_async']) retrieved from /usr/local/lib/python3.10/dist-packages/airflow/example_dags/example_time_delta_sensor_async.py
[2022-06-16 20:21:41,888] {logging_mixin.py:115} INFO - [2022-06-16 20:21:41,888] {dag.py:2371} INFO - Sync 1 DAGs
[2022-06-16 20:21:41,907] {logging_mixin.py:115} INFO - [2022-06-16 20:21:41,907] {dag.py:2915} INFO - Setting next_dagrun for example_time_delta_sensor_async to None, run_after=None
[2022-06-16 20:21:41,927] {processor.py:161} INFO - Processing /usr/local/lib/python3.10/dist-packages/airflow/example_dags/example_time_delta_sensor_async.py took 0.071 seconds
[2022-06-16 20:22:21,167] {processor.py:153} INFO - Started process (PID=8208) to work on /usr/local/lib/python3.10/dist-packages/airflow/example_dags/example_time_delta_sensor_async.py
[2022-06-16 20:22:21,167] {processor.py:641} INFO - Processing file /usr/local/lib/python3.10/dist-packages/airflow/example_dags/example_time_delta_sensor_async.py for tasks to queue
[2022-06-16 20:22:21,168] {logging_mixin.py:115} INFO - [2022-06-16 20:22:21,168] {dagbag.py:507} INFO - Filling up the DagBag from /usr/local/lib/python3.10/dist-packages/airflow/example_dags/example_time_delta_sensor_async.py
[2022-06-16 20:22:21,173] {processor.py:651} INFO - DAG(s) dict_keys(['example_time_delta_sensor_async']) retrieved from /usr/local/lib/python3.10/dist-packages/airflow/example_dags/example_time_delta_sensor_async.py
[2022-06-16 20:22:21,196] {logging_mixin.py:115} INFO - [2022-06-16 20:22:21,196] {dag.py:2371} INFO - Sync 1 DAGs
[2022-06-16 20:22:21,215] {logging_mixin.py:115} INFO - [2022-06-16 20:22:21,215] {dag.py:2915} INFO - Setting next_dagrun for example_time_delta_sensor_async to None, run_after=None
[2022-06-16 20:22:21,234] {processor.py:161} INFO - Processing /usr/local/lib/python3.10/dist-packages/airflow/example_dags/example_time_delta_sensor_async.py took 0.070 seconds
[2022-06-16 20:23:02,648] {processor.py:153} INFO - Started process (PID=8274) to work on /usr/local/lib/python3.10/dist-packages/airflow/example_dags/example_time_delta_sensor_async.py
[2022-06-16 20:23:02,649] {processor.py:641} INFO - Processing file /usr/local/lib/python3.10/dist-packages/airflow/example_dags/example_time_delta_sensor_async.py for tasks to queue
[2022-06-16 20:23:02,649] {logging_mixin.py:115} INFO - [2022-06-16 20:23:02,649] {dagbag.py:507} INFO - Filling up the DagBag from /usr/local/lib/python3.10/dist-packages/airflow/example_dags/example_time_delta_sensor_async.py
[2022-06-16 20:23:02,655] {processor.py:651} INFO - DAG(s) dict_keys(['example_time_delta_sensor_async']) retrieved from /usr/local/lib/python3.10/dist-packages/airflow/example_dags/example_time_delta_sensor_async.py
[2022-06-16 20:23:02,686] {logging_mixin.py:115} INFO - [2022-06-16 20:23:02,686] {dag.py:2371} INFO - Sync 1 DAGs
[2022-06-16 20:23:02,707] {logging_mixin.py:115} INFO - [2022-06-16 20:23:02,707] {dag.py:2915} INFO - Setting next_dagrun for example_time_delta_sensor_async to None, run_after=None
[2022-06-16 20:23:02,726] {processor.py:161} INFO - Processing /usr/local/lib/python3.10/dist-packages/airflow/example_dags/example_time_delta_sensor_async.py took 0.081 seconds
[2022-06-16 20:23:39,521] {processor.py:153} INFO - Started process (PID=8315) to work on /usr/local/lib/python3.10/dist-packages/airflow/example_dags/example_time_delta_sensor_async.py
[2022-06-16 20:23:39,521] {processor.py:641} INFO - Processing file /usr/local/lib/python3.10/dist-packages/airflow/example_dags/example_time_delta_sensor_async.py for tasks to queue
[2022-06-16 20:23:39,522] {logging_mixin.py:115} INFO - [2022-06-16 20:23:39,522] {dagbag.py:507} INFO - Filling up the DagBag from /usr/local/lib/python3.10/dist-packages/airflow/example_dags/example_time_delta_sensor_async.py
[2022-06-16 20:23:39,527] {processor.py:651} INFO - DAG(s) dict_keys(['example_time_delta_sensor_async']) retrieved from /usr/local/lib/python3.10/dist-packages/airflow/example_dags/example_time_delta_sensor_async.py
[2022-06-16 20:23:39,556] {logging_mixin.py:115} INFO - [2022-06-16 20:23:39,556] {dag.py:2371} INFO - Sync 1 DAGs
[2022-06-16 20:23:39,577] {logging_mixin.py:115} INFO - [2022-06-16 20:23:39,577] {dag.py:2915} INFO - Setting next_dagrun for example_time_delta_sensor_async to None, run_after=None
[2022-06-16 20:23:39,596] {processor.py:161} INFO - Processing /usr/local/lib/python3.10/dist-packages/airflow/example_dags/example_time_delta_sensor_async.py took 0.078 seconds
[2022-06-16 20:24:19,880] {processor.py:153} INFO - Started process (PID=8397) to work on /usr/local/lib/python3.10/dist-packages/airflow/example_dags/example_time_delta_sensor_async.py
[2022-06-16 20:24:19,884] {processor.py:641} INFO - Processing file /usr/local/lib/python3.10/dist-packages/airflow/example_dags/example_time_delta_sensor_async.py for tasks to queue
[2022-06-16 20:24:19,885] {logging_mixin.py:115} INFO - [2022-06-16 20:24:19,885] {dagbag.py:507} INFO - Filling up the DagBag from /usr/local/lib/python3.10/dist-packages/airflow/example_dags/example_time_delta_sensor_async.py
[2022-06-16 20:24:19,890] {processor.py:651} INFO - DAG(s) dict_keys(['example_time_delta_sensor_async']) retrieved from /usr/local/lib/python3.10/dist-packages/airflow/example_dags/example_time_delta_sensor_async.py
[2022-06-16 20:24:19,915] {logging_mixin.py:115} INFO - [2022-06-16 20:24:19,915] {dag.py:2371} INFO - Sync 1 DAGs
[2022-06-16 20:24:19,934] {logging_mixin.py:115} INFO - [2022-06-16 20:24:19,934] {dag.py:2915} INFO - Setting next_dagrun for example_time_delta_sensor_async to None, run_after=None
[2022-06-16 20:24:19,954] {processor.py:161} INFO - Processing /usr/local/lib/python3.10/dist-packages/airflow/example_dags/example_time_delta_sensor_async.py took 0.077 seconds
[2022-06-16 20:24:58,891] {processor.py:153} INFO - Started process (PID=8457) to work on /usr/local/lib/python3.10/dist-packages/airflow/example_dags/example_time_delta_sensor_async.py
[2022-06-16 20:24:58,892] {processor.py:641} INFO - Processing file /usr/local/lib/python3.10/dist-packages/airflow/example_dags/example_time_delta_sensor_async.py for tasks to queue
[2022-06-16 20:24:58,892] {logging_mixin.py:115} INFO - [2022-06-16 20:24:58,892] {dagbag.py:507} INFO - Filling up the DagBag from /usr/local/lib/python3.10/dist-packages/airflow/example_dags/example_time_delta_sensor_async.py
[2022-06-16 20:24:58,897] {processor.py:651} INFO - DAG(s) dict_keys(['example_time_delta_sensor_async']) retrieved from /usr/local/lib/python3.10/dist-packages/airflow/example_dags/example_time_delta_sensor_async.py
[2022-06-16 20:24:58,921] {logging_mixin.py:115} INFO - [2022-06-16 20:24:58,921] {dag.py:2371} INFO - Sync 1 DAGs
[2022-06-16 20:24:58,942] {logging_mixin.py:115} INFO - [2022-06-16 20:24:58,942] {dag.py:2915} INFO - Setting next_dagrun for example_time_delta_sensor_async to None, run_after=None
[2022-06-16 20:24:58,962] {processor.py:161} INFO - Processing /usr/local/lib/python3.10/dist-packages/airflow/example_dags/example_time_delta_sensor_async.py took 0.073 seconds
[2022-06-16 20:25:36,610] {processor.py:153} INFO - Started process (PID=8503) to work on /usr/local/lib/python3.10/dist-packages/airflow/example_dags/example_time_delta_sensor_async.py
[2022-06-16 20:25:36,611] {processor.py:641} INFO - Processing file /usr/local/lib/python3.10/dist-packages/airflow/example_dags/example_time_delta_sensor_async.py for tasks to queue
[2022-06-16 20:25:36,612] {logging_mixin.py:115} INFO - [2022-06-16 20:25:36,611] {dagbag.py:507} INFO - Filling up the DagBag from /usr/local/lib/python3.10/dist-packages/airflow/example_dags/example_time_delta_sensor_async.py
[2022-06-16 20:25:36,617] {processor.py:651} INFO - DAG(s) dict_keys(['example_time_delta_sensor_async']) retrieved from /usr/local/lib/python3.10/dist-packages/airflow/example_dags/example_time_delta_sensor_async.py
[2022-06-16 20:25:36,645] {logging_mixin.py:115} INFO - [2022-06-16 20:25:36,645] {dag.py:2371} INFO - Sync 1 DAGs
[2022-06-16 20:25:36,673] {logging_mixin.py:115} INFO - [2022-06-16 20:25:36,672] {dag.py:2915} INFO - Setting next_dagrun for example_time_delta_sensor_async to None, run_after=None
[2022-06-16 20:25:36,693] {processor.py:161} INFO - Processing /usr/local/lib/python3.10/dist-packages/airflow/example_dags/example_time_delta_sensor_async.py took 0.087 seconds
[2022-06-16 20:26:14,055] {processor.py:153} INFO - Started process (PID=8546) to work on /usr/local/lib/python3.10/dist-packages/airflow/example_dags/example_time_delta_sensor_async.py
[2022-06-16 20:26:14,056] {processor.py:641} INFO - Processing file /usr/local/lib/python3.10/dist-packages/airflow/example_dags/example_time_delta_sensor_async.py for tasks to queue
[2022-06-16 20:26:14,056] {logging_mixin.py:115} INFO - [2022-06-16 20:26:14,056] {dagbag.py:507} INFO - Filling up the DagBag from /usr/local/lib/python3.10/dist-packages/airflow/example_dags/example_time_delta_sensor_async.py
[2022-06-16 20:26:14,062] {processor.py:651} INFO - DAG(s) dict_keys(['example_time_delta_sensor_async']) retrieved from /usr/local/lib/python3.10/dist-packages/airflow/example_dags/example_time_delta_sensor_async.py
[2022-06-16 20:26:14,088] {logging_mixin.py:115} INFO - [2022-06-16 20:26:14,088] {dag.py:2371} INFO - Sync 1 DAGs
[2022-06-16 20:26:14,107] {logging_mixin.py:115} INFO - [2022-06-16 20:26:14,107] {dag.py:2915} INFO - Setting next_dagrun for example_time_delta_sensor_async to None, run_after=None
[2022-06-16 20:26:14,127] {processor.py:161} INFO - Processing /usr/local/lib/python3.10/dist-packages/airflow/example_dags/example_time_delta_sensor_async.py took 0.075 seconds
