[2022-06-16 19:59:56,103] {processor.py:153} INFO - Started process (PID=5105) to work on /usr/local/lib/python3.10/dist-packages/airflow/example_dags/example_bash_operator.py
[2022-06-16 19:59:56,103] {processor.py:641} INFO - Processing file /usr/local/lib/python3.10/dist-packages/airflow/example_dags/example_bash_operator.py for tasks to queue
[2022-06-16 19:59:56,104] {logging_mixin.py:115} INFO - [2022-06-16 19:59:56,103] {dagbag.py:507} INFO - Filling up the DagBag from /usr/local/lib/python3.10/dist-packages/airflow/example_dags/example_bash_operator.py
[2022-06-16 19:59:56,118] {processor.py:651} INFO - DAG(s) dict_keys(['example_bash_operator']) retrieved from /usr/local/lib/python3.10/dist-packages/airflow/example_dags/example_bash_operator.py
[2022-06-16 19:59:56,136] {logging_mixin.py:115} INFO - [2022-06-16 19:59:56,136] {dag.py:2371} INFO - Sync 1 DAGs
[2022-06-16 19:59:56,163] {logging_mixin.py:115} INFO - [2022-06-16 19:59:56,162] {dag.py:2915} INFO - Setting next_dagrun for example_bash_operator to 2022-06-16T00:00:00+00:00, run_after=2022-06-17T00:00:00+00:00
[2022-06-16 19:59:56,184] {processor.py:161} INFO - Processing /usr/local/lib/python3.10/dist-packages/airflow/example_dags/example_bash_operator.py took 0.084 seconds
[2022-06-16 20:00:36,603] {processor.py:153} INFO - Started process (PID=5220) to work on /usr/local/lib/python3.10/dist-packages/airflow/example_dags/example_bash_operator.py
[2022-06-16 20:00:36,604] {processor.py:641} INFO - Processing file /usr/local/lib/python3.10/dist-packages/airflow/example_dags/example_bash_operator.py for tasks to queue
[2022-06-16 20:00:36,604] {logging_mixin.py:115} INFO - [2022-06-16 20:00:36,604] {dagbag.py:507} INFO - Filling up the DagBag from /usr/local/lib/python3.10/dist-packages/airflow/example_dags/example_bash_operator.py
[2022-06-16 20:00:36,619] {processor.py:651} INFO - DAG(s) dict_keys(['example_bash_operator']) retrieved from /usr/local/lib/python3.10/dist-packages/airflow/example_dags/example_bash_operator.py
[2022-06-16 20:00:36,641] {logging_mixin.py:115} INFO - [2022-06-16 20:00:36,641] {dag.py:2371} INFO - Sync 1 DAGs
[2022-06-16 20:00:36,664] {logging_mixin.py:115} INFO - [2022-06-16 20:00:36,664] {dag.py:2915} INFO - Setting next_dagrun for example_bash_operator to 2022-06-16T00:00:00+00:00, run_after=2022-06-17T00:00:00+00:00
[2022-06-16 20:00:36,685] {processor.py:161} INFO - Processing /usr/local/lib/python3.10/dist-packages/airflow/example_dags/example_bash_operator.py took 0.085 seconds
[2022-06-16 20:01:16,015] {processor.py:153} INFO - Started process (PID=5372) to work on /usr/local/lib/python3.10/dist-packages/airflow/example_dags/example_bash_operator.py
[2022-06-16 20:01:16,016] {processor.py:641} INFO - Processing file /usr/local/lib/python3.10/dist-packages/airflow/example_dags/example_bash_operator.py for tasks to queue
[2022-06-16 20:01:16,016] {logging_mixin.py:115} INFO - [2022-06-16 20:01:16,016] {dagbag.py:507} INFO - Filling up the DagBag from /usr/local/lib/python3.10/dist-packages/airflow/example_dags/example_bash_operator.py
[2022-06-16 20:01:16,028] {processor.py:651} INFO - DAG(s) dict_keys(['example_bash_operator']) retrieved from /usr/local/lib/python3.10/dist-packages/airflow/example_dags/example_bash_operator.py
[2022-06-16 20:01:16,047] {logging_mixin.py:115} INFO - [2022-06-16 20:01:16,047] {dag.py:2371} INFO - Sync 1 DAGs
[2022-06-16 20:01:16,074] {logging_mixin.py:115} INFO - [2022-06-16 20:01:16,073] {dag.py:2915} INFO - Setting next_dagrun for example_bash_operator to 2022-06-16T00:00:00+00:00, run_after=2022-06-17T00:00:00+00:00
[2022-06-16 20:01:16,183] {processor.py:161} INFO - Processing /usr/local/lib/python3.10/dist-packages/airflow/example_dags/example_bash_operator.py took 0.170 seconds
[2022-06-16 20:02:00,937] {processor.py:153} INFO - Started process (PID=5511) to work on /usr/local/lib/python3.10/dist-packages/airflow/example_dags/example_bash_operator.py
[2022-06-16 20:02:00,938] {processor.py:641} INFO - Processing file /usr/local/lib/python3.10/dist-packages/airflow/example_dags/example_bash_operator.py for tasks to queue
[2022-06-16 20:02:00,938] {logging_mixin.py:115} INFO - [2022-06-16 20:02:00,938] {dagbag.py:507} INFO - Filling up the DagBag from /usr/local/lib/python3.10/dist-packages/airflow/example_dags/example_bash_operator.py
[2022-06-16 20:02:00,948] {processor.py:651} INFO - DAG(s) dict_keys(['example_bash_operator']) retrieved from /usr/local/lib/python3.10/dist-packages/airflow/example_dags/example_bash_operator.py
[2022-06-16 20:02:00,965] {logging_mixin.py:115} INFO - [2022-06-16 20:02:00,965] {dag.py:2371} INFO - Sync 1 DAGs
[2022-06-16 20:02:00,986] {logging_mixin.py:115} INFO - [2022-06-16 20:02:00,985] {dag.py:2915} INFO - Setting next_dagrun for example_bash_operator to 2022-06-16T00:00:00+00:00, run_after=2022-06-17T00:00:00+00:00
[2022-06-16 20:02:01,053] {processor.py:161} INFO - Processing /usr/local/lib/python3.10/dist-packages/airflow/example_dags/example_bash_operator.py took 0.119 seconds
[2022-06-16 20:02:38,936] {processor.py:153} INFO - Started process (PID=5582) to work on /usr/local/lib/python3.10/dist-packages/airflow/example_dags/example_bash_operator.py
[2022-06-16 20:02:38,936] {processor.py:641} INFO - Processing file /usr/local/lib/python3.10/dist-packages/airflow/example_dags/example_bash_operator.py for tasks to queue
[2022-06-16 20:02:38,937] {logging_mixin.py:115} INFO - [2022-06-16 20:02:38,937] {dagbag.py:507} INFO - Filling up the DagBag from /usr/local/lib/python3.10/dist-packages/airflow/example_dags/example_bash_operator.py
[2022-06-16 20:02:38,947] {processor.py:651} INFO - DAG(s) dict_keys(['example_bash_operator']) retrieved from /usr/local/lib/python3.10/dist-packages/airflow/example_dags/example_bash_operator.py
[2022-06-16 20:02:38,963] {logging_mixin.py:115} INFO - [2022-06-16 20:02:38,963] {dag.py:2371} INFO - Sync 1 DAGs
[2022-06-16 20:02:38,984] {logging_mixin.py:115} INFO - [2022-06-16 20:02:38,984] {dag.py:2915} INFO - Setting next_dagrun for example_bash_operator to 2022-06-16T00:00:00+00:00, run_after=2022-06-17T00:00:00+00:00
[2022-06-16 20:02:39,003] {processor.py:161} INFO - Processing /usr/local/lib/python3.10/dist-packages/airflow/example_dags/example_bash_operator.py took 0.069 seconds
[2022-06-16 20:03:25,820] {processor.py:153} INFO - Started process (PID=5702) to work on /usr/local/lib/python3.10/dist-packages/airflow/example_dags/example_bash_operator.py
[2022-06-16 20:03:25,821] {processor.py:641} INFO - Processing file /usr/local/lib/python3.10/dist-packages/airflow/example_dags/example_bash_operator.py for tasks to queue
[2022-06-16 20:03:25,821] {logging_mixin.py:115} INFO - [2022-06-16 20:03:25,821] {dagbag.py:507} INFO - Filling up the DagBag from /usr/local/lib/python3.10/dist-packages/airflow/example_dags/example_bash_operator.py
[2022-06-16 20:03:25,833] {processor.py:651} INFO - DAG(s) dict_keys(['example_bash_operator']) retrieved from /usr/local/lib/python3.10/dist-packages/airflow/example_dags/example_bash_operator.py
[2022-06-16 20:03:25,849] {logging_mixin.py:115} INFO - [2022-06-16 20:03:25,849] {dag.py:2371} INFO - Sync 1 DAGs
[2022-06-16 20:03:25,869] {logging_mixin.py:115} INFO - [2022-06-16 20:03:25,869] {dag.py:2915} INFO - Setting next_dagrun for example_bash_operator to 2022-06-16T00:00:00+00:00, run_after=2022-06-17T00:00:00+00:00
[2022-06-16 20:03:25,919] {processor.py:161} INFO - Processing /usr/local/lib/python3.10/dist-packages/airflow/example_dags/example_bash_operator.py took 0.101 seconds
[2022-06-16 20:04:05,846] {processor.py:153} INFO - Started process (PID=5823) to work on /usr/local/lib/python3.10/dist-packages/airflow/example_dags/example_bash_operator.py
[2022-06-16 20:04:05,847] {processor.py:641} INFO - Processing file /usr/local/lib/python3.10/dist-packages/airflow/example_dags/example_bash_operator.py for tasks to queue
[2022-06-16 20:04:05,848] {logging_mixin.py:115} INFO - [2022-06-16 20:04:05,847] {dagbag.py:507} INFO - Filling up the DagBag from /usr/local/lib/python3.10/dist-packages/airflow/example_dags/example_bash_operator.py
[2022-06-16 20:04:05,860] {processor.py:651} INFO - DAG(s) dict_keys(['example_bash_operator']) retrieved from /usr/local/lib/python3.10/dist-packages/airflow/example_dags/example_bash_operator.py
[2022-06-16 20:04:05,876] {logging_mixin.py:115} INFO - [2022-06-16 20:04:05,876] {dag.py:2371} INFO - Sync 1 DAGs
[2022-06-16 20:04:05,896] {logging_mixin.py:115} INFO - [2022-06-16 20:04:05,896] {dag.py:2915} INFO - Setting next_dagrun for example_bash_operator to 2022-06-16T00:00:00+00:00, run_after=2022-06-17T00:00:00+00:00
[2022-06-16 20:04:05,914] {processor.py:161} INFO - Processing /usr/local/lib/python3.10/dist-packages/airflow/example_dags/example_bash_operator.py took 0.071 seconds
[2022-06-16 20:04:51,877] {processor.py:153} INFO - Started process (PID=5927) to work on /usr/local/lib/python3.10/dist-packages/airflow/example_dags/example_bash_operator.py
[2022-06-16 20:04:51,877] {processor.py:641} INFO - Processing file /usr/local/lib/python3.10/dist-packages/airflow/example_dags/example_bash_operator.py for tasks to queue
[2022-06-16 20:04:51,878] {logging_mixin.py:115} INFO - [2022-06-16 20:04:51,878] {dagbag.py:507} INFO - Filling up the DagBag from /usr/local/lib/python3.10/dist-packages/airflow/example_dags/example_bash_operator.py
[2022-06-16 20:04:51,890] {processor.py:651} INFO - DAG(s) dict_keys(['example_bash_operator']) retrieved from /usr/local/lib/python3.10/dist-packages/airflow/example_dags/example_bash_operator.py
[2022-06-16 20:04:51,909] {logging_mixin.py:115} INFO - [2022-06-16 20:04:51,909] {dag.py:2371} INFO - Sync 1 DAGs
[2022-06-16 20:04:51,932] {logging_mixin.py:115} INFO - [2022-06-16 20:04:51,932] {dag.py:2915} INFO - Setting next_dagrun for example_bash_operator to 2022-06-16T00:00:00+00:00, run_after=2022-06-17T00:00:00+00:00
[2022-06-16 20:04:51,962] {processor.py:161} INFO - Processing /usr/local/lib/python3.10/dist-packages/airflow/example_dags/example_bash_operator.py took 0.089 seconds
[2022-06-16 20:05:29,621] {processor.py:153} INFO - Started process (PID=6016) to work on /usr/local/lib/python3.10/dist-packages/airflow/example_dags/example_bash_operator.py
[2022-06-16 20:05:29,621] {processor.py:641} INFO - Processing file /usr/local/lib/python3.10/dist-packages/airflow/example_dags/example_bash_operator.py for tasks to queue
[2022-06-16 20:05:29,622] {logging_mixin.py:115} INFO - [2022-06-16 20:05:29,622] {dagbag.py:507} INFO - Filling up the DagBag from /usr/local/lib/python3.10/dist-packages/airflow/example_dags/example_bash_operator.py
[2022-06-16 20:05:29,633] {processor.py:651} INFO - DAG(s) dict_keys(['example_bash_operator']) retrieved from /usr/local/lib/python3.10/dist-packages/airflow/example_dags/example_bash_operator.py
[2022-06-16 20:05:29,649] {logging_mixin.py:115} INFO - [2022-06-16 20:05:29,649] {dag.py:2371} INFO - Sync 1 DAGs
[2022-06-16 20:05:29,668] {logging_mixin.py:115} INFO - [2022-06-16 20:05:29,668] {dag.py:2915} INFO - Setting next_dagrun for example_bash_operator to 2022-06-16T00:00:00+00:00, run_after=2022-06-17T00:00:00+00:00
[2022-06-16 20:05:29,687] {processor.py:161} INFO - Processing /usr/local/lib/python3.10/dist-packages/airflow/example_dags/example_bash_operator.py took 0.069 seconds
[2022-06-16 20:06:11,421] {processor.py:153} INFO - Started process (PID=6111) to work on /usr/local/lib/python3.10/dist-packages/airflow/example_dags/example_bash_operator.py
[2022-06-16 20:06:11,422] {processor.py:641} INFO - Processing file /usr/local/lib/python3.10/dist-packages/airflow/example_dags/example_bash_operator.py for tasks to queue
[2022-06-16 20:06:11,422] {logging_mixin.py:115} INFO - [2022-06-16 20:06:11,422] {dagbag.py:507} INFO - Filling up the DagBag from /usr/local/lib/python3.10/dist-packages/airflow/example_dags/example_bash_operator.py
[2022-06-16 20:06:11,433] {processor.py:651} INFO - DAG(s) dict_keys(['example_bash_operator']) retrieved from /usr/local/lib/python3.10/dist-packages/airflow/example_dags/example_bash_operator.py
[2022-06-16 20:06:11,449] {logging_mixin.py:115} INFO - [2022-06-16 20:06:11,449] {dag.py:2371} INFO - Sync 1 DAGs
[2022-06-16 20:06:11,469] {logging_mixin.py:115} INFO - [2022-06-16 20:06:11,469] {dag.py:2915} INFO - Setting next_dagrun for example_bash_operator to 2022-06-16T00:00:00+00:00, run_after=2022-06-17T00:00:00+00:00
[2022-06-16 20:06:11,487] {processor.py:161} INFO - Processing /usr/local/lib/python3.10/dist-packages/airflow/example_dags/example_bash_operator.py took 0.069 seconds
[2022-06-16 20:06:51,398] {processor.py:153} INFO - Started process (PID=6200) to work on /usr/local/lib/python3.10/dist-packages/airflow/example_dags/example_bash_operator.py
[2022-06-16 20:06:51,399] {processor.py:641} INFO - Processing file /usr/local/lib/python3.10/dist-packages/airflow/example_dags/example_bash_operator.py for tasks to queue
[2022-06-16 20:06:51,399] {logging_mixin.py:115} INFO - [2022-06-16 20:06:51,399] {dagbag.py:507} INFO - Filling up the DagBag from /usr/local/lib/python3.10/dist-packages/airflow/example_dags/example_bash_operator.py
[2022-06-16 20:06:51,410] {processor.py:651} INFO - DAG(s) dict_keys(['example_bash_operator']) retrieved from /usr/local/lib/python3.10/dist-packages/airflow/example_dags/example_bash_operator.py
[2022-06-16 20:06:51,427] {logging_mixin.py:115} INFO - [2022-06-16 20:06:51,427] {dag.py:2371} INFO - Sync 1 DAGs
[2022-06-16 20:06:51,447] {logging_mixin.py:115} INFO - [2022-06-16 20:06:51,447] {dag.py:2915} INFO - Setting next_dagrun for example_bash_operator to 2022-06-16T00:00:00+00:00, run_after=2022-06-17T00:00:00+00:00
[2022-06-16 20:06:51,500] {processor.py:161} INFO - Processing /usr/local/lib/python3.10/dist-packages/airflow/example_dags/example_bash_operator.py took 0.104 seconds
[2022-06-16 20:07:29,722] {processor.py:153} INFO - Started process (PID=6296) to work on /usr/local/lib/python3.10/dist-packages/airflow/example_dags/example_bash_operator.py
[2022-06-16 20:07:29,723] {processor.py:641} INFO - Processing file /usr/local/lib/python3.10/dist-packages/airflow/example_dags/example_bash_operator.py for tasks to queue
[2022-06-16 20:07:29,723] {logging_mixin.py:115} INFO - [2022-06-16 20:07:29,723] {dagbag.py:507} INFO - Filling up the DagBag from /usr/local/lib/python3.10/dist-packages/airflow/example_dags/example_bash_operator.py
[2022-06-16 20:07:29,734] {processor.py:651} INFO - DAG(s) dict_keys(['example_bash_operator']) retrieved from /usr/local/lib/python3.10/dist-packages/airflow/example_dags/example_bash_operator.py
[2022-06-16 20:07:29,751] {logging_mixin.py:115} INFO - [2022-06-16 20:07:29,751] {dag.py:2371} INFO - Sync 1 DAGs
[2022-06-16 20:07:29,772] {logging_mixin.py:115} INFO - [2022-06-16 20:07:29,772] {dag.py:2915} INFO - Setting next_dagrun for example_bash_operator to 2022-06-16T00:00:00+00:00, run_after=2022-06-17T00:00:00+00:00
[2022-06-16 20:07:29,792] {processor.py:161} INFO - Processing /usr/local/lib/python3.10/dist-packages/airflow/example_dags/example_bash_operator.py took 0.072 seconds
[2022-06-16 20:08:12,598] {processor.py:153} INFO - Started process (PID=6395) to work on /usr/local/lib/python3.10/dist-packages/airflow/example_dags/example_bash_operator.py
[2022-06-16 20:08:12,599] {processor.py:641} INFO - Processing file /usr/local/lib/python3.10/dist-packages/airflow/example_dags/example_bash_operator.py for tasks to queue
[2022-06-16 20:08:12,599] {logging_mixin.py:115} INFO - [2022-06-16 20:08:12,599] {dagbag.py:507} INFO - Filling up the DagBag from /usr/local/lib/python3.10/dist-packages/airflow/example_dags/example_bash_operator.py
[2022-06-16 20:08:12,611] {processor.py:651} INFO - DAG(s) dict_keys(['example_bash_operator']) retrieved from /usr/local/lib/python3.10/dist-packages/airflow/example_dags/example_bash_operator.py
[2022-06-16 20:08:12,627] {logging_mixin.py:115} INFO - [2022-06-16 20:08:12,627] {dag.py:2371} INFO - Sync 1 DAGs
[2022-06-16 20:08:12,649] {logging_mixin.py:115} INFO - [2022-06-16 20:08:12,649] {dag.py:2915} INFO - Setting next_dagrun for example_bash_operator to 2022-06-16T00:00:00+00:00, run_after=2022-06-17T00:00:00+00:00
[2022-06-16 20:08:12,668] {processor.py:161} INFO - Processing /usr/local/lib/python3.10/dist-packages/airflow/example_dags/example_bash_operator.py took 0.073 seconds
[2022-06-16 20:08:52,112] {processor.py:153} INFO - Started process (PID=6511) to work on /usr/local/lib/python3.10/dist-packages/airflow/example_dags/example_bash_operator.py
[2022-06-16 20:08:52,173] {processor.py:641} INFO - Processing file /usr/local/lib/python3.10/dist-packages/airflow/example_dags/example_bash_operator.py for tasks to queue
[2022-06-16 20:08:52,173] {logging_mixin.py:115} INFO - [2022-06-16 20:08:52,173] {dagbag.py:507} INFO - Filling up the DagBag from /usr/local/lib/python3.10/dist-packages/airflow/example_dags/example_bash_operator.py
[2022-06-16 20:08:52,185] {processor.py:651} INFO - DAG(s) dict_keys(['example_bash_operator']) retrieved from /usr/local/lib/python3.10/dist-packages/airflow/example_dags/example_bash_operator.py
[2022-06-16 20:08:52,202] {logging_mixin.py:115} INFO - [2022-06-16 20:08:52,202] {dag.py:2371} INFO - Sync 1 DAGs
[2022-06-16 20:08:52,223] {logging_mixin.py:115} INFO - [2022-06-16 20:08:52,223] {dag.py:2915} INFO - Setting next_dagrun for example_bash_operator to 2022-06-16T00:00:00+00:00, run_after=2022-06-17T00:00:00+00:00
[2022-06-16 20:08:52,267] {processor.py:161} INFO - Processing /usr/local/lib/python3.10/dist-packages/airflow/example_dags/example_bash_operator.py took 0.158 seconds
[2022-06-16 20:09:38,957] {processor.py:153} INFO - Started process (PID=6612) to work on /usr/local/lib/python3.10/dist-packages/airflow/example_dags/example_bash_operator.py
[2022-06-16 20:09:38,957] {processor.py:641} INFO - Processing file /usr/local/lib/python3.10/dist-packages/airflow/example_dags/example_bash_operator.py for tasks to queue
[2022-06-16 20:09:38,958] {logging_mixin.py:115} INFO - [2022-06-16 20:09:38,958] {dagbag.py:507} INFO - Filling up the DagBag from /usr/local/lib/python3.10/dist-packages/airflow/example_dags/example_bash_operator.py
[2022-06-16 20:09:38,969] {processor.py:651} INFO - DAG(s) dict_keys(['example_bash_operator']) retrieved from /usr/local/lib/python3.10/dist-packages/airflow/example_dags/example_bash_operator.py
[2022-06-16 20:09:38,987] {logging_mixin.py:115} INFO - [2022-06-16 20:09:38,987] {dag.py:2371} INFO - Sync 1 DAGs
[2022-06-16 20:09:39,010] {logging_mixin.py:115} INFO - [2022-06-16 20:09:39,009] {dag.py:2915} INFO - Setting next_dagrun for example_bash_operator to 2022-06-16T00:00:00+00:00, run_after=2022-06-17T00:00:00+00:00
[2022-06-16 20:09:39,029] {processor.py:161} INFO - Processing /usr/local/lib/python3.10/dist-packages/airflow/example_dags/example_bash_operator.py took 0.075 seconds
[2022-06-16 20:10:21,050] {processor.py:153} INFO - Started process (PID=6702) to work on /usr/local/lib/python3.10/dist-packages/airflow/example_dags/example_bash_operator.py
[2022-06-16 20:10:21,110] {processor.py:641} INFO - Processing file /usr/local/lib/python3.10/dist-packages/airflow/example_dags/example_bash_operator.py for tasks to queue
[2022-06-16 20:10:21,111] {logging_mixin.py:115} INFO - [2022-06-16 20:10:21,111] {dagbag.py:507} INFO - Filling up the DagBag from /usr/local/lib/python3.10/dist-packages/airflow/example_dags/example_bash_operator.py
[2022-06-16 20:10:21,122] {processor.py:651} INFO - DAG(s) dict_keys(['example_bash_operator']) retrieved from /usr/local/lib/python3.10/dist-packages/airflow/example_dags/example_bash_operator.py
[2022-06-16 20:10:21,138] {logging_mixin.py:115} INFO - [2022-06-16 20:10:21,138] {dag.py:2371} INFO - Sync 1 DAGs
[2022-06-16 20:10:21,159] {logging_mixin.py:115} INFO - [2022-06-16 20:10:21,159] {dag.py:2915} INFO - Setting next_dagrun for example_bash_operator to 2022-06-16T00:00:00+00:00, run_after=2022-06-17T00:00:00+00:00
[2022-06-16 20:10:21,177] {processor.py:161} INFO - Processing /usr/local/lib/python3.10/dist-packages/airflow/example_dags/example_bash_operator.py took 0.130 seconds
[2022-06-16 20:11:00,264] {processor.py:153} INFO - Started process (PID=6791) to work on /usr/local/lib/python3.10/dist-packages/airflow/example_dags/example_bash_operator.py
[2022-06-16 20:11:00,265] {processor.py:641} INFO - Processing file /usr/local/lib/python3.10/dist-packages/airflow/example_dags/example_bash_operator.py for tasks to queue
[2022-06-16 20:11:00,265] {logging_mixin.py:115} INFO - [2022-06-16 20:11:00,265] {dagbag.py:507} INFO - Filling up the DagBag from /usr/local/lib/python3.10/dist-packages/airflow/example_dags/example_bash_operator.py
[2022-06-16 20:11:00,277] {processor.py:651} INFO - DAG(s) dict_keys(['example_bash_operator']) retrieved from /usr/local/lib/python3.10/dist-packages/airflow/example_dags/example_bash_operator.py
[2022-06-16 20:11:00,292] {logging_mixin.py:115} INFO - [2022-06-16 20:11:00,292] {dag.py:2371} INFO - Sync 1 DAGs
[2022-06-16 20:11:00,312] {logging_mixin.py:115} INFO - [2022-06-16 20:11:00,312] {dag.py:2915} INFO - Setting next_dagrun for example_bash_operator to 2022-06-16T00:00:00+00:00, run_after=2022-06-17T00:00:00+00:00
[2022-06-16 20:11:00,330] {processor.py:161} INFO - Processing /usr/local/lib/python3.10/dist-packages/airflow/example_dags/example_bash_operator.py took 0.068 seconds
[2022-06-16 20:11:38,830] {processor.py:153} INFO - Started process (PID=6883) to work on /usr/local/lib/python3.10/dist-packages/airflow/example_dags/example_bash_operator.py
[2022-06-16 20:11:38,831] {processor.py:641} INFO - Processing file /usr/local/lib/python3.10/dist-packages/airflow/example_dags/example_bash_operator.py for tasks to queue
[2022-06-16 20:11:38,831] {logging_mixin.py:115} INFO - [2022-06-16 20:11:38,831] {dagbag.py:507} INFO - Filling up the DagBag from /usr/local/lib/python3.10/dist-packages/airflow/example_dags/example_bash_operator.py
[2022-06-16 20:11:38,842] {processor.py:651} INFO - DAG(s) dict_keys(['example_bash_operator']) retrieved from /usr/local/lib/python3.10/dist-packages/airflow/example_dags/example_bash_operator.py
[2022-06-16 20:11:38,859] {logging_mixin.py:115} INFO - [2022-06-16 20:11:38,859] {dag.py:2371} INFO - Sync 1 DAGs
[2022-06-16 20:11:38,879] {logging_mixin.py:115} INFO - [2022-06-16 20:11:38,878] {dag.py:2915} INFO - Setting next_dagrun for example_bash_operator to 2022-06-16T00:00:00+00:00, run_after=2022-06-17T00:00:00+00:00
[2022-06-16 20:11:38,900] {processor.py:161} INFO - Processing /usr/local/lib/python3.10/dist-packages/airflow/example_dags/example_bash_operator.py took 0.073 seconds
[2022-06-16 20:12:27,974] {processor.py:153} INFO - Started process (PID=6994) to work on /usr/local/lib/python3.10/dist-packages/airflow/example_dags/example_bash_operator.py
[2022-06-16 20:12:27,975] {processor.py:641} INFO - Processing file /usr/local/lib/python3.10/dist-packages/airflow/example_dags/example_bash_operator.py for tasks to queue
[2022-06-16 20:12:27,975] {logging_mixin.py:115} INFO - [2022-06-16 20:12:27,975] {dagbag.py:507} INFO - Filling up the DagBag from /usr/local/lib/python3.10/dist-packages/airflow/example_dags/example_bash_operator.py
[2022-06-16 20:12:27,986] {processor.py:651} INFO - DAG(s) dict_keys(['example_bash_operator']) retrieved from /usr/local/lib/python3.10/dist-packages/airflow/example_dags/example_bash_operator.py
[2022-06-16 20:12:28,002] {logging_mixin.py:115} INFO - [2022-06-16 20:12:28,002] {dag.py:2371} INFO - Sync 1 DAGs
[2022-06-16 20:12:28,022] {logging_mixin.py:115} INFO - [2022-06-16 20:12:28,022] {dag.py:2915} INFO - Setting next_dagrun for example_bash_operator to 2022-06-16T00:00:00+00:00, run_after=2022-06-17T00:00:00+00:00
[2022-06-16 20:12:28,041] {processor.py:161} INFO - Processing /usr/local/lib/python3.10/dist-packages/airflow/example_dags/example_bash_operator.py took 0.070 seconds
[2022-06-16 20:13:07,539] {processor.py:153} INFO - Started process (PID=7090) to work on /usr/local/lib/python3.10/dist-packages/airflow/example_dags/example_bash_operator.py
[2022-06-16 20:13:07,540] {processor.py:641} INFO - Processing file /usr/local/lib/python3.10/dist-packages/airflow/example_dags/example_bash_operator.py for tasks to queue
[2022-06-16 20:13:07,540] {logging_mixin.py:115} INFO - [2022-06-16 20:13:07,540] {dagbag.py:507} INFO - Filling up the DagBag from /usr/local/lib/python3.10/dist-packages/airflow/example_dags/example_bash_operator.py
[2022-06-16 20:13:07,556] {processor.py:651} INFO - DAG(s) dict_keys(['example_bash_operator']) retrieved from /usr/local/lib/python3.10/dist-packages/airflow/example_dags/example_bash_operator.py
[2022-06-16 20:13:07,578] {logging_mixin.py:115} INFO - [2022-06-16 20:13:07,578] {dag.py:2371} INFO - Sync 1 DAGs
[2022-06-16 20:13:07,602] {logging_mixin.py:115} INFO - [2022-06-16 20:13:07,602] {dag.py:2915} INFO - Setting next_dagrun for example_bash_operator to 2022-06-16T00:00:00+00:00, run_after=2022-06-17T00:00:00+00:00
[2022-06-16 20:13:07,622] {processor.py:161} INFO - Processing /usr/local/lib/python3.10/dist-packages/airflow/example_dags/example_bash_operator.py took 0.086 seconds
[2022-06-16 20:13:45,863] {processor.py:153} INFO - Started process (PID=7216) to work on /usr/local/lib/python3.10/dist-packages/airflow/example_dags/example_bash_operator.py
[2022-06-16 20:13:45,864] {processor.py:641} INFO - Processing file /usr/local/lib/python3.10/dist-packages/airflow/example_dags/example_bash_operator.py for tasks to queue
[2022-06-16 20:13:45,864] {logging_mixin.py:115} INFO - [2022-06-16 20:13:45,864] {dagbag.py:507} INFO - Filling up the DagBag from /usr/local/lib/python3.10/dist-packages/airflow/example_dags/example_bash_operator.py
[2022-06-16 20:13:45,877] {processor.py:651} INFO - DAG(s) dict_keys(['example_bash_operator']) retrieved from /usr/local/lib/python3.10/dist-packages/airflow/example_dags/example_bash_operator.py
[2022-06-16 20:13:45,893] {logging_mixin.py:115} INFO - [2022-06-16 20:13:45,893] {dag.py:2371} INFO - Sync 1 DAGs
[2022-06-16 20:13:45,913] {logging_mixin.py:115} INFO - [2022-06-16 20:13:45,913] {dag.py:2915} INFO - Setting next_dagrun for example_bash_operator to 2022-06-16T00:00:00+00:00, run_after=2022-06-17T00:00:00+00:00
[2022-06-16 20:13:45,932] {processor.py:161} INFO - Processing /usr/local/lib/python3.10/dist-packages/airflow/example_dags/example_bash_operator.py took 0.072 seconds
[2022-06-16 20:14:31,256] {processor.py:153} INFO - Started process (PID=7323) to work on /usr/local/lib/python3.10/dist-packages/airflow/example_dags/example_bash_operator.py
[2022-06-16 20:14:31,266] {processor.py:641} INFO - Processing file /usr/local/lib/python3.10/dist-packages/airflow/example_dags/example_bash_operator.py for tasks to queue
[2022-06-16 20:14:31,267] {logging_mixin.py:115} INFO - [2022-06-16 20:14:31,267] {dagbag.py:507} INFO - Filling up the DagBag from /usr/local/lib/python3.10/dist-packages/airflow/example_dags/example_bash_operator.py
[2022-06-16 20:14:31,279] {processor.py:651} INFO - DAG(s) dict_keys(['example_bash_operator']) retrieved from /usr/local/lib/python3.10/dist-packages/airflow/example_dags/example_bash_operator.py
[2022-06-16 20:14:31,295] {logging_mixin.py:115} INFO - [2022-06-16 20:14:31,295] {dag.py:2371} INFO - Sync 1 DAGs
[2022-06-16 20:14:31,316] {logging_mixin.py:115} INFO - [2022-06-16 20:14:31,315] {dag.py:2915} INFO - Setting next_dagrun for example_bash_operator to 2022-06-16T00:00:00+00:00, run_after=2022-06-17T00:00:00+00:00
[2022-06-16 20:14:31,334] {processor.py:161} INFO - Processing /usr/local/lib/python3.10/dist-packages/airflow/example_dags/example_bash_operator.py took 0.081 seconds
[2022-06-16 20:15:14,060] {processor.py:153} INFO - Started process (PID=7430) to work on /usr/local/lib/python3.10/dist-packages/airflow/example_dags/example_bash_operator.py
[2022-06-16 20:15:14,060] {processor.py:641} INFO - Processing file /usr/local/lib/python3.10/dist-packages/airflow/example_dags/example_bash_operator.py for tasks to queue
[2022-06-16 20:15:14,061] {logging_mixin.py:115} INFO - [2022-06-16 20:15:14,061] {dagbag.py:507} INFO - Filling up the DagBag from /usr/local/lib/python3.10/dist-packages/airflow/example_dags/example_bash_operator.py
[2022-06-16 20:15:14,073] {processor.py:651} INFO - DAG(s) dict_keys(['example_bash_operator']) retrieved from /usr/local/lib/python3.10/dist-packages/airflow/example_dags/example_bash_operator.py
[2022-06-16 20:15:14,089] {logging_mixin.py:115} INFO - [2022-06-16 20:15:14,089] {dag.py:2371} INFO - Sync 1 DAGs
[2022-06-16 20:15:14,109] {logging_mixin.py:115} INFO - [2022-06-16 20:15:14,109] {dag.py:2915} INFO - Setting next_dagrun for example_bash_operator to 2022-06-16T00:00:00+00:00, run_after=2022-06-17T00:00:00+00:00
[2022-06-16 20:15:14,147] {processor.py:161} INFO - Processing /usr/local/lib/python3.10/dist-packages/airflow/example_dags/example_bash_operator.py took 0.090 seconds
[2022-06-16 20:15:57,630] {processor.py:153} INFO - Started process (PID=7526) to work on /usr/local/lib/python3.10/dist-packages/airflow/example_dags/example_bash_operator.py
[2022-06-16 20:15:57,631] {processor.py:641} INFO - Processing file /usr/local/lib/python3.10/dist-packages/airflow/example_dags/example_bash_operator.py for tasks to queue
[2022-06-16 20:15:57,631] {logging_mixin.py:115} INFO - [2022-06-16 20:15:57,631] {dagbag.py:507} INFO - Filling up the DagBag from /usr/local/lib/python3.10/dist-packages/airflow/example_dags/example_bash_operator.py
[2022-06-16 20:15:57,642] {processor.py:651} INFO - DAG(s) dict_keys(['example_bash_operator']) retrieved from /usr/local/lib/python3.10/dist-packages/airflow/example_dags/example_bash_operator.py
[2022-06-16 20:15:57,658] {logging_mixin.py:115} INFO - [2022-06-16 20:15:57,658] {dag.py:2371} INFO - Sync 1 DAGs
[2022-06-16 20:15:57,680] {logging_mixin.py:115} INFO - [2022-06-16 20:15:57,679] {dag.py:2915} INFO - Setting next_dagrun for example_bash_operator to 2022-06-16T00:00:00+00:00, run_after=2022-06-17T00:00:00+00:00
[2022-06-16 20:15:57,702] {processor.py:161} INFO - Processing /usr/local/lib/python3.10/dist-packages/airflow/example_dags/example_bash_operator.py took 0.074 seconds
[2022-06-16 20:16:43,843] {processor.py:153} INFO - Started process (PID=7628) to work on /usr/local/lib/python3.10/dist-packages/airflow/example_dags/example_bash_operator.py
[2022-06-16 20:16:43,844] {processor.py:641} INFO - Processing file /usr/local/lib/python3.10/dist-packages/airflow/example_dags/example_bash_operator.py for tasks to queue
[2022-06-16 20:16:43,844] {logging_mixin.py:115} INFO - [2022-06-16 20:16:43,844] {dagbag.py:507} INFO - Filling up the DagBag from /usr/local/lib/python3.10/dist-packages/airflow/example_dags/example_bash_operator.py
[2022-06-16 20:16:43,856] {processor.py:651} INFO - DAG(s) dict_keys(['example_bash_operator']) retrieved from /usr/local/lib/python3.10/dist-packages/airflow/example_dags/example_bash_operator.py
[2022-06-16 20:16:43,877] {logging_mixin.py:115} INFO - [2022-06-16 20:16:43,877] {dag.py:2371} INFO - Sync 1 DAGs
[2022-06-16 20:16:43,901] {logging_mixin.py:115} INFO - [2022-06-16 20:16:43,901] {dag.py:2915} INFO - Setting next_dagrun for example_bash_operator to 2022-06-16T00:00:00+00:00, run_after=2022-06-17T00:00:00+00:00
[2022-06-16 20:16:43,929] {processor.py:161} INFO - Processing /usr/local/lib/python3.10/dist-packages/airflow/example_dags/example_bash_operator.py took 0.088 seconds
[2022-06-16 20:17:24,248] {processor.py:153} INFO - Started process (PID=7727) to work on /usr/local/lib/python3.10/dist-packages/airflow/example_dags/example_bash_operator.py
[2022-06-16 20:17:24,249] {processor.py:641} INFO - Processing file /usr/local/lib/python3.10/dist-packages/airflow/example_dags/example_bash_operator.py for tasks to queue
[2022-06-16 20:17:24,249] {logging_mixin.py:115} INFO - [2022-06-16 20:17:24,249] {dagbag.py:507} INFO - Filling up the DagBag from /usr/local/lib/python3.10/dist-packages/airflow/example_dags/example_bash_operator.py
[2022-06-16 20:17:24,261] {processor.py:651} INFO - DAG(s) dict_keys(['example_bash_operator']) retrieved from /usr/local/lib/python3.10/dist-packages/airflow/example_dags/example_bash_operator.py
[2022-06-16 20:17:24,277] {logging_mixin.py:115} INFO - [2022-06-16 20:17:24,277] {dag.py:2371} INFO - Sync 1 DAGs
[2022-06-16 20:17:24,297] {logging_mixin.py:115} INFO - [2022-06-16 20:17:24,297] {dag.py:2915} INFO - Setting next_dagrun for example_bash_operator to 2022-06-16T00:00:00+00:00, run_after=2022-06-17T00:00:00+00:00
[2022-06-16 20:17:24,316] {processor.py:161} INFO - Processing /usr/local/lib/python3.10/dist-packages/airflow/example_dags/example_bash_operator.py took 0.070 seconds
[2022-06-16 20:18:10,756] {processor.py:153} INFO - Started process (PID=7850) to work on /usr/local/lib/python3.10/dist-packages/airflow/example_dags/example_bash_operator.py
[2022-06-16 20:18:10,757] {processor.py:641} INFO - Processing file /usr/local/lib/python3.10/dist-packages/airflow/example_dags/example_bash_operator.py for tasks to queue
[2022-06-16 20:18:10,758] {logging_mixin.py:115} INFO - [2022-06-16 20:18:10,758] {dagbag.py:507} INFO - Filling up the DagBag from /usr/local/lib/python3.10/dist-packages/airflow/example_dags/example_bash_operator.py
[2022-06-16 20:18:10,775] {processor.py:651} INFO - DAG(s) dict_keys(['example_bash_operator']) retrieved from /usr/local/lib/python3.10/dist-packages/airflow/example_dags/example_bash_operator.py
[2022-06-16 20:18:10,801] {logging_mixin.py:115} INFO - [2022-06-16 20:18:10,801] {dag.py:2371} INFO - Sync 1 DAGs
[2022-06-16 20:18:10,832] {logging_mixin.py:115} INFO - [2022-06-16 20:18:10,832] {dag.py:2915} INFO - Setting next_dagrun for example_bash_operator to 2022-06-16T00:00:00+00:00, run_after=2022-06-17T00:00:00+00:00
[2022-06-16 20:18:10,859] {processor.py:161} INFO - Processing /usr/local/lib/python3.10/dist-packages/airflow/example_dags/example_bash_operator.py took 0.108 seconds
[2022-06-16 20:18:50,250] {processor.py:153} INFO - Started process (PID=7918) to work on /usr/local/lib/python3.10/dist-packages/airflow/example_dags/example_bash_operator.py
[2022-06-16 20:18:50,250] {processor.py:641} INFO - Processing file /usr/local/lib/python3.10/dist-packages/airflow/example_dags/example_bash_operator.py for tasks to queue
[2022-06-16 20:18:50,251] {logging_mixin.py:115} INFO - [2022-06-16 20:18:50,251] {dagbag.py:507} INFO - Filling up the DagBag from /usr/local/lib/python3.10/dist-packages/airflow/example_dags/example_bash_operator.py
[2022-06-16 20:18:50,262] {processor.py:651} INFO - DAG(s) dict_keys(['example_bash_operator']) retrieved from /usr/local/lib/python3.10/dist-packages/airflow/example_dags/example_bash_operator.py
[2022-06-16 20:18:50,279] {logging_mixin.py:115} INFO - [2022-06-16 20:18:50,279] {dag.py:2371} INFO - Sync 1 DAGs
[2022-06-16 20:18:50,301] {logging_mixin.py:115} INFO - [2022-06-16 20:18:50,301] {dag.py:2915} INFO - Setting next_dagrun for example_bash_operator to 2022-06-16T00:00:00+00:00, run_after=2022-06-17T00:00:00+00:00
[2022-06-16 20:18:50,351] {processor.py:161} INFO - Processing /usr/local/lib/python3.10/dist-packages/airflow/example_dags/example_bash_operator.py took 0.104 seconds
[2022-06-16 20:19:30,481] {processor.py:153} INFO - Started process (PID=7974) to work on /usr/local/lib/python3.10/dist-packages/airflow/example_dags/example_bash_operator.py
[2022-06-16 20:19:30,481] {processor.py:641} INFO - Processing file /usr/local/lib/python3.10/dist-packages/airflow/example_dags/example_bash_operator.py for tasks to queue
[2022-06-16 20:19:30,482] {logging_mixin.py:115} INFO - [2022-06-16 20:19:30,482] {dagbag.py:507} INFO - Filling up the DagBag from /usr/local/lib/python3.10/dist-packages/airflow/example_dags/example_bash_operator.py
[2022-06-16 20:19:30,492] {processor.py:651} INFO - DAG(s) dict_keys(['example_bash_operator']) retrieved from /usr/local/lib/python3.10/dist-packages/airflow/example_dags/example_bash_operator.py
[2022-06-16 20:19:30,508] {logging_mixin.py:115} INFO - [2022-06-16 20:19:30,508] {dag.py:2371} INFO - Sync 1 DAGs
[2022-06-16 20:19:30,527] {logging_mixin.py:115} INFO - [2022-06-16 20:19:30,527] {dag.py:2915} INFO - Setting next_dagrun for example_bash_operator to 2022-06-16T00:00:00+00:00, run_after=2022-06-17T00:00:00+00:00
[2022-06-16 20:19:30,555] {processor.py:161} INFO - Processing /usr/local/lib/python3.10/dist-packages/airflow/example_dags/example_bash_operator.py took 0.077 seconds
[2022-06-16 20:20:08,509] {processor.py:153} INFO - Started process (PID=8055) to work on /usr/local/lib/python3.10/dist-packages/airflow/example_dags/example_bash_operator.py
[2022-06-16 20:20:08,509] {processor.py:641} INFO - Processing file /usr/local/lib/python3.10/dist-packages/airflow/example_dags/example_bash_operator.py for tasks to queue
[2022-06-16 20:20:08,510] {logging_mixin.py:115} INFO - [2022-06-16 20:20:08,510] {dagbag.py:507} INFO - Filling up the DagBag from /usr/local/lib/python3.10/dist-packages/airflow/example_dags/example_bash_operator.py
[2022-06-16 20:20:08,521] {processor.py:651} INFO - DAG(s) dict_keys(['example_bash_operator']) retrieved from /usr/local/lib/python3.10/dist-packages/airflow/example_dags/example_bash_operator.py
[2022-06-16 20:20:08,543] {logging_mixin.py:115} INFO - [2022-06-16 20:20:08,543] {dag.py:2371} INFO - Sync 1 DAGs
[2022-06-16 20:20:08,573] {logging_mixin.py:115} INFO - [2022-06-16 20:20:08,573] {dag.py:2915} INFO - Setting next_dagrun for example_bash_operator to 2022-06-16T00:00:00+00:00, run_after=2022-06-17T00:00:00+00:00
[2022-06-16 20:20:08,611] {processor.py:161} INFO - Processing /usr/local/lib/python3.10/dist-packages/airflow/example_dags/example_bash_operator.py took 0.106 seconds
[2022-06-16 20:20:55,772] {processor.py:153} INFO - Started process (PID=8112) to work on /usr/local/lib/python3.10/dist-packages/airflow/example_dags/example_bash_operator.py
[2022-06-16 20:20:55,774] {processor.py:641} INFO - Processing file /usr/local/lib/python3.10/dist-packages/airflow/example_dags/example_bash_operator.py for tasks to queue
[2022-06-16 20:20:55,775] {logging_mixin.py:115} INFO - [2022-06-16 20:20:55,775] {dagbag.py:507} INFO - Filling up the DagBag from /usr/local/lib/python3.10/dist-packages/airflow/example_dags/example_bash_operator.py
[2022-06-16 20:20:55,786] {processor.py:651} INFO - DAG(s) dict_keys(['example_bash_operator']) retrieved from /usr/local/lib/python3.10/dist-packages/airflow/example_dags/example_bash_operator.py
[2022-06-16 20:20:55,802] {logging_mixin.py:115} INFO - [2022-06-16 20:20:55,802] {dag.py:2371} INFO - Sync 1 DAGs
[2022-06-16 20:20:55,823] {logging_mixin.py:115} INFO - [2022-06-16 20:20:55,823] {dag.py:2915} INFO - Setting next_dagrun for example_bash_operator to 2022-06-16T00:00:00+00:00, run_after=2022-06-17T00:00:00+00:00
[2022-06-16 20:20:55,842] {processor.py:161} INFO - Processing /usr/local/lib/python3.10/dist-packages/airflow/example_dags/example_bash_operator.py took 0.073 seconds
[2022-06-16 20:21:34,338] {processor.py:153} INFO - Started process (PID=8157) to work on /usr/local/lib/python3.10/dist-packages/airflow/example_dags/example_bash_operator.py
[2022-06-16 20:21:34,339] {processor.py:641} INFO - Processing file /usr/local/lib/python3.10/dist-packages/airflow/example_dags/example_bash_operator.py for tasks to queue
[2022-06-16 20:21:34,339] {logging_mixin.py:115} INFO - [2022-06-16 20:21:34,339] {dagbag.py:507} INFO - Filling up the DagBag from /usr/local/lib/python3.10/dist-packages/airflow/example_dags/example_bash_operator.py
[2022-06-16 20:21:34,350] {processor.py:651} INFO - DAG(s) dict_keys(['example_bash_operator']) retrieved from /usr/local/lib/python3.10/dist-packages/airflow/example_dags/example_bash_operator.py
[2022-06-16 20:21:34,367] {logging_mixin.py:115} INFO - [2022-06-16 20:21:34,367] {dag.py:2371} INFO - Sync 1 DAGs
[2022-06-16 20:21:34,399] {logging_mixin.py:115} INFO - [2022-06-16 20:21:34,399] {dag.py:2915} INFO - Setting next_dagrun for example_bash_operator to 2022-06-16T00:00:00+00:00, run_after=2022-06-17T00:00:00+00:00
[2022-06-16 20:21:34,427] {processor.py:161} INFO - Processing /usr/local/lib/python3.10/dist-packages/airflow/example_dags/example_bash_operator.py took 0.091 seconds
[2022-06-16 20:22:14,108] {processor.py:153} INFO - Started process (PID=8200) to work on /usr/local/lib/python3.10/dist-packages/airflow/example_dags/example_bash_operator.py
[2022-06-16 20:22:14,109] {processor.py:641} INFO - Processing file /usr/local/lib/python3.10/dist-packages/airflow/example_dags/example_bash_operator.py for tasks to queue
[2022-06-16 20:22:14,109] {logging_mixin.py:115} INFO - [2022-06-16 20:22:14,109] {dagbag.py:507} INFO - Filling up the DagBag from /usr/local/lib/python3.10/dist-packages/airflow/example_dags/example_bash_operator.py
[2022-06-16 20:22:14,121] {processor.py:651} INFO - DAG(s) dict_keys(['example_bash_operator']) retrieved from /usr/local/lib/python3.10/dist-packages/airflow/example_dags/example_bash_operator.py
[2022-06-16 20:22:14,137] {logging_mixin.py:115} INFO - [2022-06-16 20:22:14,137] {dag.py:2371} INFO - Sync 1 DAGs
[2022-06-16 20:22:14,157] {logging_mixin.py:115} INFO - [2022-06-16 20:22:14,157] {dag.py:2915} INFO - Setting next_dagrun for example_bash_operator to 2022-06-16T00:00:00+00:00, run_after=2022-06-17T00:00:00+00:00
[2022-06-16 20:22:14,214] {processor.py:161} INFO - Processing /usr/local/lib/python3.10/dist-packages/airflow/example_dags/example_bash_operator.py took 0.109 seconds
[2022-06-16 20:22:57,837] {processor.py:153} INFO - Started process (PID=8267) to work on /usr/local/lib/python3.10/dist-packages/airflow/example_dags/example_bash_operator.py
[2022-06-16 20:22:57,838] {processor.py:641} INFO - Processing file /usr/local/lib/python3.10/dist-packages/airflow/example_dags/example_bash_operator.py for tasks to queue
[2022-06-16 20:22:57,838] {logging_mixin.py:115} INFO - [2022-06-16 20:22:57,838] {dagbag.py:507} INFO - Filling up the DagBag from /usr/local/lib/python3.10/dist-packages/airflow/example_dags/example_bash_operator.py
[2022-06-16 20:22:57,850] {processor.py:651} INFO - DAG(s) dict_keys(['example_bash_operator']) retrieved from /usr/local/lib/python3.10/dist-packages/airflow/example_dags/example_bash_operator.py
[2022-06-16 20:22:57,865] {logging_mixin.py:115} INFO - [2022-06-16 20:22:57,865] {dag.py:2371} INFO - Sync 1 DAGs
[2022-06-16 20:22:57,886] {logging_mixin.py:115} INFO - [2022-06-16 20:22:57,886] {dag.py:2915} INFO - Setting next_dagrun for example_bash_operator to 2022-06-16T00:00:00+00:00, run_after=2022-06-17T00:00:00+00:00
[2022-06-16 20:22:57,905] {processor.py:161} INFO - Processing /usr/local/lib/python3.10/dist-packages/airflow/example_dags/example_bash_operator.py took 0.070 seconds
[2022-06-16 20:23:35,734] {processor.py:153} INFO - Started process (PID=8311) to work on /usr/local/lib/python3.10/dist-packages/airflow/example_dags/example_bash_operator.py
[2022-06-16 20:23:35,735] {processor.py:641} INFO - Processing file /usr/local/lib/python3.10/dist-packages/airflow/example_dags/example_bash_operator.py for tasks to queue
[2022-06-16 20:23:35,735] {logging_mixin.py:115} INFO - [2022-06-16 20:23:35,735] {dagbag.py:507} INFO - Filling up the DagBag from /usr/local/lib/python3.10/dist-packages/airflow/example_dags/example_bash_operator.py
[2022-06-16 20:23:35,746] {processor.py:651} INFO - DAG(s) dict_keys(['example_bash_operator']) retrieved from /usr/local/lib/python3.10/dist-packages/airflow/example_dags/example_bash_operator.py
[2022-06-16 20:23:35,763] {logging_mixin.py:115} INFO - [2022-06-16 20:23:35,763] {dag.py:2371} INFO - Sync 1 DAGs
[2022-06-16 20:23:35,784] {logging_mixin.py:115} INFO - [2022-06-16 20:23:35,783] {dag.py:2915} INFO - Setting next_dagrun for example_bash_operator to 2022-06-16T00:00:00+00:00, run_after=2022-06-17T00:00:00+00:00
[2022-06-16 20:23:35,802] {processor.py:161} INFO - Processing /usr/local/lib/python3.10/dist-packages/airflow/example_dags/example_bash_operator.py took 0.071 seconds
[2022-06-16 20:24:16,074] {processor.py:153} INFO - Started process (PID=8393) to work on /usr/local/lib/python3.10/dist-packages/airflow/example_dags/example_bash_operator.py
[2022-06-16 20:24:16,075] {processor.py:641} INFO - Processing file /usr/local/lib/python3.10/dist-packages/airflow/example_dags/example_bash_operator.py for tasks to queue
[2022-06-16 20:24:16,076] {logging_mixin.py:115} INFO - [2022-06-16 20:24:16,076] {dagbag.py:507} INFO - Filling up the DagBag from /usr/local/lib/python3.10/dist-packages/airflow/example_dags/example_bash_operator.py
[2022-06-16 20:24:16,091] {processor.py:651} INFO - DAG(s) dict_keys(['example_bash_operator']) retrieved from /usr/local/lib/python3.10/dist-packages/airflow/example_dags/example_bash_operator.py
[2022-06-16 20:24:16,110] {logging_mixin.py:115} INFO - [2022-06-16 20:24:16,110] {dag.py:2371} INFO - Sync 1 DAGs
[2022-06-16 20:24:16,131] {logging_mixin.py:115} INFO - [2022-06-16 20:24:16,131] {dag.py:2915} INFO - Setting next_dagrun for example_bash_operator to 2022-06-16T00:00:00+00:00, run_after=2022-06-17T00:00:00+00:00
[2022-06-16 20:24:16,150] {processor.py:161} INFO - Processing /usr/local/lib/python3.10/dist-packages/airflow/example_dags/example_bash_operator.py took 0.079 seconds
[2022-06-16 20:24:55,243] {processor.py:153} INFO - Started process (PID=8452) to work on /usr/local/lib/python3.10/dist-packages/airflow/example_dags/example_bash_operator.py
[2022-06-16 20:24:55,244] {processor.py:641} INFO - Processing file /usr/local/lib/python3.10/dist-packages/airflow/example_dags/example_bash_operator.py for tasks to queue
[2022-06-16 20:24:55,244] {logging_mixin.py:115} INFO - [2022-06-16 20:24:55,244] {dagbag.py:507} INFO - Filling up the DagBag from /usr/local/lib/python3.10/dist-packages/airflow/example_dags/example_bash_operator.py
[2022-06-16 20:24:55,257] {processor.py:651} INFO - DAG(s) dict_keys(['example_bash_operator']) retrieved from /usr/local/lib/python3.10/dist-packages/airflow/example_dags/example_bash_operator.py
[2022-06-16 20:24:55,273] {logging_mixin.py:115} INFO - [2022-06-16 20:24:55,273] {dag.py:2371} INFO - Sync 1 DAGs
[2022-06-16 20:24:55,293] {logging_mixin.py:115} INFO - [2022-06-16 20:24:55,293] {dag.py:2915} INFO - Setting next_dagrun for example_bash_operator to 2022-06-16T00:00:00+00:00, run_after=2022-06-17T00:00:00+00:00
[2022-06-16 20:24:55,312] {processor.py:161} INFO - Processing /usr/local/lib/python3.10/dist-packages/airflow/example_dags/example_bash_operator.py took 0.073 seconds
[2022-06-16 20:25:43,110] {processor.py:153} INFO - Started process (PID=8510) to work on /usr/local/lib/python3.10/dist-packages/airflow/example_dags/example_bash_operator.py
[2022-06-16 20:25:43,111] {processor.py:641} INFO - Processing file /usr/local/lib/python3.10/dist-packages/airflow/example_dags/example_bash_operator.py for tasks to queue
[2022-06-16 20:25:43,112] {logging_mixin.py:115} INFO - [2022-06-16 20:25:43,112] {dagbag.py:507} INFO - Filling up the DagBag from /usr/local/lib/python3.10/dist-packages/airflow/example_dags/example_bash_operator.py
[2022-06-16 20:25:43,125] {processor.py:651} INFO - DAG(s) dict_keys(['example_bash_operator']) retrieved from /usr/local/lib/python3.10/dist-packages/airflow/example_dags/example_bash_operator.py
[2022-06-16 20:25:43,143] {logging_mixin.py:115} INFO - [2022-06-16 20:25:43,143] {dag.py:2371} INFO - Sync 1 DAGs
[2022-06-16 20:25:43,166] {logging_mixin.py:115} INFO - [2022-06-16 20:25:43,166] {dag.py:2915} INFO - Setting next_dagrun for example_bash_operator to 2022-06-16T00:00:00+00:00, run_after=2022-06-17T00:00:00+00:00
[2022-06-16 20:25:43,191] {processor.py:161} INFO - Processing /usr/local/lib/python3.10/dist-packages/airflow/example_dags/example_bash_operator.py took 0.084 seconds
[2022-06-16 20:26:24,903] {processor.py:153} INFO - Started process (PID=8558) to work on /usr/local/lib/python3.10/dist-packages/airflow/example_dags/example_bash_operator.py
[2022-06-16 20:26:24,903] {processor.py:641} INFO - Processing file /usr/local/lib/python3.10/dist-packages/airflow/example_dags/example_bash_operator.py for tasks to queue
[2022-06-16 20:26:24,904] {logging_mixin.py:115} INFO - [2022-06-16 20:26:24,904] {dagbag.py:507} INFO - Filling up the DagBag from /usr/local/lib/python3.10/dist-packages/airflow/example_dags/example_bash_operator.py
[2022-06-16 20:26:24,915] {processor.py:651} INFO - DAG(s) dict_keys(['example_bash_operator']) retrieved from /usr/local/lib/python3.10/dist-packages/airflow/example_dags/example_bash_operator.py
[2022-06-16 20:26:24,932] {logging_mixin.py:115} INFO - [2022-06-16 20:26:24,932] {dag.py:2371} INFO - Sync 1 DAGs
[2022-06-16 20:26:24,954] {logging_mixin.py:115} INFO - [2022-06-16 20:26:24,954] {dag.py:2915} INFO - Setting next_dagrun for example_bash_operator to 2022-06-16T00:00:00+00:00, run_after=2022-06-17T00:00:00+00:00
[2022-06-16 20:26:25,041] {processor.py:161} INFO - Processing /usr/local/lib/python3.10/dist-packages/airflow/example_dags/example_bash_operator.py took 0.142 seconds
