[2022-06-16 19:59:38,390] {processor.py:153} INFO - Started process (PID=5060) to work on /usr/local/lib/python3.10/dist-packages/airflow/example_dags/tutorial.py
[2022-06-16 19:59:38,391] {processor.py:641} INFO - Processing file /usr/local/lib/python3.10/dist-packages/airflow/example_dags/tutorial.py for tasks to queue
[2022-06-16 19:59:38,391] {logging_mixin.py:115} INFO - [2022-06-16 19:59:38,391] {dagbag.py:507} INFO - Filling up the DagBag from /usr/local/lib/python3.10/dist-packages/airflow/example_dags/tutorial.py
[2022-06-16 19:59:38,398] {processor.py:651} INFO - DAG(s) dict_keys(['tutorial']) retrieved from /usr/local/lib/python3.10/dist-packages/airflow/example_dags/tutorial.py
[2022-06-16 19:59:38,419] {logging_mixin.py:115} INFO - [2022-06-16 19:59:38,419] {dag.py:2371} INFO - Sync 1 DAGs
[2022-06-16 19:59:38,442] {logging_mixin.py:115} INFO - [2022-06-16 19:59:38,442] {dag.py:2915} INFO - Setting next_dagrun for tutorial to 2022-06-15T14:29:38.441737+00:00, run_after=2022-06-16T14:29:38.441737+00:00
[2022-06-16 19:59:38,519] {processor.py:161} INFO - Processing /usr/local/lib/python3.10/dist-packages/airflow/example_dags/tutorial.py took 0.132 seconds
[2022-06-16 20:00:17,030] {processor.py:153} INFO - Started process (PID=5201) to work on /usr/local/lib/python3.10/dist-packages/airflow/example_dags/tutorial.py
[2022-06-16 20:00:17,031] {processor.py:641} INFO - Processing file /usr/local/lib/python3.10/dist-packages/airflow/example_dags/tutorial.py for tasks to queue
[2022-06-16 20:00:17,032] {logging_mixin.py:115} INFO - [2022-06-16 20:00:17,032] {dagbag.py:507} INFO - Filling up the DagBag from /usr/local/lib/python3.10/dist-packages/airflow/example_dags/tutorial.py
[2022-06-16 20:00:17,038] {processor.py:651} INFO - DAG(s) dict_keys(['tutorial']) retrieved from /usr/local/lib/python3.10/dist-packages/airflow/example_dags/tutorial.py
[2022-06-16 20:00:17,054] {logging_mixin.py:115} INFO - [2022-06-16 20:00:17,054] {dag.py:2371} INFO - Sync 1 DAGs
[2022-06-16 20:00:17,073] {logging_mixin.py:115} INFO - [2022-06-16 20:00:17,073] {dag.py:2915} INFO - Setting next_dagrun for tutorial to 2022-06-15T14:30:17.072933+00:00, run_after=2022-06-16T14:30:17.072933+00:00
[2022-06-16 20:00:17,092] {processor.py:161} INFO - Processing /usr/local/lib/python3.10/dist-packages/airflow/example_dags/tutorial.py took 0.064 seconds
[2022-06-16 20:00:56,761] {processor.py:153} INFO - Started process (PID=5265) to work on /usr/local/lib/python3.10/dist-packages/airflow/example_dags/tutorial.py
[2022-06-16 20:00:56,788] {processor.py:641} INFO - Processing file /usr/local/lib/python3.10/dist-packages/airflow/example_dags/tutorial.py for tasks to queue
[2022-06-16 20:00:56,789] {logging_mixin.py:115} INFO - [2022-06-16 20:00:56,789] {dagbag.py:507} INFO - Filling up the DagBag from /usr/local/lib/python3.10/dist-packages/airflow/example_dags/tutorial.py
[2022-06-16 20:00:56,795] {processor.py:651} INFO - DAG(s) dict_keys(['tutorial']) retrieved from /usr/local/lib/python3.10/dist-packages/airflow/example_dags/tutorial.py
[2022-06-16 20:00:56,813] {logging_mixin.py:115} INFO - [2022-06-16 20:00:56,813] {dag.py:2371} INFO - Sync 1 DAGs
[2022-06-16 20:00:56,837] {logging_mixin.py:115} INFO - [2022-06-16 20:00:56,836] {dag.py:2915} INFO - Setting next_dagrun for tutorial to 2022-06-15T14:30:56.836624+00:00, run_after=2022-06-16T14:30:56.836624+00:00
[2022-06-16 20:00:56,857] {processor.py:161} INFO - Processing /usr/local/lib/python3.10/dist-packages/airflow/example_dags/tutorial.py took 0.099 seconds
[2022-06-16 20:01:37,524] {processor.py:153} INFO - Started process (PID=5414) to work on /usr/local/lib/python3.10/dist-packages/airflow/example_dags/tutorial.py
[2022-06-16 20:01:37,525] {processor.py:641} INFO - Processing file /usr/local/lib/python3.10/dist-packages/airflow/example_dags/tutorial.py for tasks to queue
[2022-06-16 20:01:37,525] {logging_mixin.py:115} INFO - [2022-06-16 20:01:37,525] {dagbag.py:507} INFO - Filling up the DagBag from /usr/local/lib/python3.10/dist-packages/airflow/example_dags/tutorial.py
[2022-06-16 20:01:37,531] {processor.py:651} INFO - DAG(s) dict_keys(['tutorial']) retrieved from /usr/local/lib/python3.10/dist-packages/airflow/example_dags/tutorial.py
[2022-06-16 20:01:37,547] {logging_mixin.py:115} INFO - [2022-06-16 20:01:37,547] {dag.py:2371} INFO - Sync 1 DAGs
[2022-06-16 20:01:37,566] {logging_mixin.py:115} INFO - [2022-06-16 20:01:37,565] {dag.py:2915} INFO - Setting next_dagrun for tutorial to 2022-06-15T14:31:37.565577+00:00, run_after=2022-06-16T14:31:37.565577+00:00
[2022-06-16 20:01:37,633] {processor.py:161} INFO - Processing /usr/local/lib/python3.10/dist-packages/airflow/example_dags/tutorial.py took 0.111 seconds
[2022-06-16 20:02:17,972] {processor.py:153} INFO - Started process (PID=5537) to work on /usr/local/lib/python3.10/dist-packages/airflow/example_dags/tutorial.py
[2022-06-16 20:02:17,972] {processor.py:641} INFO - Processing file /usr/local/lib/python3.10/dist-packages/airflow/example_dags/tutorial.py for tasks to queue
[2022-06-16 20:02:17,973] {logging_mixin.py:115} INFO - [2022-06-16 20:02:17,973] {dagbag.py:507} INFO - Filling up the DagBag from /usr/local/lib/python3.10/dist-packages/airflow/example_dags/tutorial.py
[2022-06-16 20:02:17,978] {processor.py:651} INFO - DAG(s) dict_keys(['tutorial']) retrieved from /usr/local/lib/python3.10/dist-packages/airflow/example_dags/tutorial.py
[2022-06-16 20:02:17,995] {logging_mixin.py:115} INFO - [2022-06-16 20:02:17,995] {dag.py:2371} INFO - Sync 1 DAGs
[2022-06-16 20:02:18,014] {logging_mixin.py:115} INFO - [2022-06-16 20:02:18,014] {dag.py:2915} INFO - Setting next_dagrun for tutorial to 2022-06-15T14:32:18.013870+00:00, run_after=2022-06-16T14:32:18.013870+00:00
[2022-06-16 20:02:18,034] {processor.py:161} INFO - Processing /usr/local/lib/python3.10/dist-packages/airflow/example_dags/tutorial.py took 0.065 seconds
[2022-06-16 20:02:54,484] {processor.py:153} INFO - Started process (PID=5617) to work on /usr/local/lib/python3.10/dist-packages/airflow/example_dags/tutorial.py
[2022-06-16 20:02:54,484] {processor.py:641} INFO - Processing file /usr/local/lib/python3.10/dist-packages/airflow/example_dags/tutorial.py for tasks to queue
[2022-06-16 20:02:54,485] {logging_mixin.py:115} INFO - [2022-06-16 20:02:54,485] {dagbag.py:507} INFO - Filling up the DagBag from /usr/local/lib/python3.10/dist-packages/airflow/example_dags/tutorial.py
[2022-06-16 20:02:54,490] {processor.py:651} INFO - DAG(s) dict_keys(['tutorial']) retrieved from /usr/local/lib/python3.10/dist-packages/airflow/example_dags/tutorial.py
[2022-06-16 20:02:54,506] {logging_mixin.py:115} INFO - [2022-06-16 20:02:54,506] {dag.py:2371} INFO - Sync 1 DAGs
[2022-06-16 20:02:54,528] {logging_mixin.py:115} INFO - [2022-06-16 20:02:54,528] {dag.py:2915} INFO - Setting next_dagrun for tutorial to 2022-06-15T14:32:54.528169+00:00, run_after=2022-06-16T14:32:54.528169+00:00
[2022-06-16 20:02:54,552] {processor.py:161} INFO - Processing /usr/local/lib/python3.10/dist-packages/airflow/example_dags/tutorial.py took 0.071 seconds
[2022-06-16 20:03:33,238] {processor.py:153} INFO - Started process (PID=5715) to work on /usr/local/lib/python3.10/dist-packages/airflow/example_dags/tutorial.py
[2022-06-16 20:03:33,238] {processor.py:641} INFO - Processing file /usr/local/lib/python3.10/dist-packages/airflow/example_dags/tutorial.py for tasks to queue
[2022-06-16 20:03:33,239] {logging_mixin.py:115} INFO - [2022-06-16 20:03:33,239] {dagbag.py:507} INFO - Filling up the DagBag from /usr/local/lib/python3.10/dist-packages/airflow/example_dags/tutorial.py
[2022-06-16 20:03:33,244] {processor.py:651} INFO - DAG(s) dict_keys(['tutorial']) retrieved from /usr/local/lib/python3.10/dist-packages/airflow/example_dags/tutorial.py
[2022-06-16 20:03:33,261] {logging_mixin.py:115} INFO - [2022-06-16 20:03:33,260] {dag.py:2371} INFO - Sync 1 DAGs
[2022-06-16 20:03:33,279] {logging_mixin.py:115} INFO - [2022-06-16 20:03:33,279] {dag.py:2915} INFO - Setting next_dagrun for tutorial to 2022-06-15T14:33:33.279432+00:00, run_after=2022-06-16T14:33:33.279432+00:00
[2022-06-16 20:03:33,299] {processor.py:161} INFO - Processing /usr/local/lib/python3.10/dist-packages/airflow/example_dags/tutorial.py took 0.064 seconds
[2022-06-16 20:04:11,475] {processor.py:153} INFO - Started process (PID=5837) to work on /usr/local/lib/python3.10/dist-packages/airflow/example_dags/tutorial.py
[2022-06-16 20:04:11,476] {processor.py:641} INFO - Processing file /usr/local/lib/python3.10/dist-packages/airflow/example_dags/tutorial.py for tasks to queue
[2022-06-16 20:04:11,477] {logging_mixin.py:115} INFO - [2022-06-16 20:04:11,477] {dagbag.py:507} INFO - Filling up the DagBag from /usr/local/lib/python3.10/dist-packages/airflow/example_dags/tutorial.py
[2022-06-16 20:04:11,483] {processor.py:651} INFO - DAG(s) dict_keys(['tutorial']) retrieved from /usr/local/lib/python3.10/dist-packages/airflow/example_dags/tutorial.py
[2022-06-16 20:04:11,501] {logging_mixin.py:115} INFO - [2022-06-16 20:04:11,501] {dag.py:2371} INFO - Sync 1 DAGs
[2022-06-16 20:04:11,523] {logging_mixin.py:115} INFO - [2022-06-16 20:04:11,523] {dag.py:2915} INFO - Setting next_dagrun for tutorial to 2022-06-15T14:34:11.522824+00:00, run_after=2022-06-16T14:34:11.522824+00:00
[2022-06-16 20:04:11,558] {processor.py:161} INFO - Processing /usr/local/lib/python3.10/dist-packages/airflow/example_dags/tutorial.py took 0.086 seconds
[2022-06-16 20:04:49,412] {processor.py:153} INFO - Started process (PID=5919) to work on /usr/local/lib/python3.10/dist-packages/airflow/example_dags/tutorial.py
[2022-06-16 20:04:49,413] {processor.py:641} INFO - Processing file /usr/local/lib/python3.10/dist-packages/airflow/example_dags/tutorial.py for tasks to queue
[2022-06-16 20:04:49,413] {logging_mixin.py:115} INFO - [2022-06-16 20:04:49,413] {dagbag.py:507} INFO - Filling up the DagBag from /usr/local/lib/python3.10/dist-packages/airflow/example_dags/tutorial.py
[2022-06-16 20:04:49,418] {processor.py:651} INFO - DAG(s) dict_keys(['tutorial']) retrieved from /usr/local/lib/python3.10/dist-packages/airflow/example_dags/tutorial.py
[2022-06-16 20:04:49,434] {logging_mixin.py:115} INFO - [2022-06-16 20:04:49,434] {dag.py:2371} INFO - Sync 1 DAGs
[2022-06-16 20:04:49,453] {logging_mixin.py:115} INFO - [2022-06-16 20:04:49,453] {dag.py:2915} INFO - Setting next_dagrun for tutorial to 2022-06-15T14:34:49.453032+00:00, run_after=2022-06-16T14:34:49.453032+00:00
[2022-06-16 20:04:49,524] {processor.py:161} INFO - Processing /usr/local/lib/python3.10/dist-packages/airflow/example_dags/tutorial.py took 0.115 seconds
[2022-06-16 20:05:28,333] {processor.py:153} INFO - Started process (PID=6014) to work on /usr/local/lib/python3.10/dist-packages/airflow/example_dags/tutorial.py
[2022-06-16 20:05:28,334] {processor.py:641} INFO - Processing file /usr/local/lib/python3.10/dist-packages/airflow/example_dags/tutorial.py for tasks to queue
[2022-06-16 20:05:28,334] {logging_mixin.py:115} INFO - [2022-06-16 20:05:28,334] {dagbag.py:507} INFO - Filling up the DagBag from /usr/local/lib/python3.10/dist-packages/airflow/example_dags/tutorial.py
[2022-06-16 20:05:28,339] {processor.py:651} INFO - DAG(s) dict_keys(['tutorial']) retrieved from /usr/local/lib/python3.10/dist-packages/airflow/example_dags/tutorial.py
[2022-06-16 20:05:28,356] {logging_mixin.py:115} INFO - [2022-06-16 20:05:28,356] {dag.py:2371} INFO - Sync 1 DAGs
[2022-06-16 20:05:28,377] {logging_mixin.py:115} INFO - [2022-06-16 20:05:28,376] {dag.py:2915} INFO - Setting next_dagrun for tutorial to 2022-06-15T14:35:28.376687+00:00, run_after=2022-06-16T14:35:28.376687+00:00
[2022-06-16 20:05:28,424] {processor.py:161} INFO - Processing /usr/local/lib/python3.10/dist-packages/airflow/example_dags/tutorial.py took 0.094 seconds
[2022-06-16 20:06:08,558] {processor.py:153} INFO - Started process (PID=6108) to work on /usr/local/lib/python3.10/dist-packages/airflow/example_dags/tutorial.py
[2022-06-16 20:06:08,558] {processor.py:641} INFO - Processing file /usr/local/lib/python3.10/dist-packages/airflow/example_dags/tutorial.py for tasks to queue
[2022-06-16 20:06:08,559] {logging_mixin.py:115} INFO - [2022-06-16 20:06:08,559] {dagbag.py:507} INFO - Filling up the DagBag from /usr/local/lib/python3.10/dist-packages/airflow/example_dags/tutorial.py
[2022-06-16 20:06:08,565] {processor.py:651} INFO - DAG(s) dict_keys(['tutorial']) retrieved from /usr/local/lib/python3.10/dist-packages/airflow/example_dags/tutorial.py
[2022-06-16 20:06:08,580] {logging_mixin.py:115} INFO - [2022-06-16 20:06:08,580] {dag.py:2371} INFO - Sync 1 DAGs
[2022-06-16 20:06:08,599] {logging_mixin.py:115} INFO - [2022-06-16 20:06:08,599] {dag.py:2915} INFO - Setting next_dagrun for tutorial to 2022-06-15T14:36:08.599058+00:00, run_after=2022-06-16T14:36:08.599058+00:00
[2022-06-16 20:06:08,621] {processor.py:161} INFO - Processing /usr/local/lib/python3.10/dist-packages/airflow/example_dags/tutorial.py took 0.066 seconds
[2022-06-16 20:06:47,484] {processor.py:153} INFO - Started process (PID=6189) to work on /usr/local/lib/python3.10/dist-packages/airflow/example_dags/tutorial.py
[2022-06-16 20:06:47,485] {processor.py:641} INFO - Processing file /usr/local/lib/python3.10/dist-packages/airflow/example_dags/tutorial.py for tasks to queue
[2022-06-16 20:06:47,486] {logging_mixin.py:115} INFO - [2022-06-16 20:06:47,485] {dagbag.py:507} INFO - Filling up the DagBag from /usr/local/lib/python3.10/dist-packages/airflow/example_dags/tutorial.py
[2022-06-16 20:06:47,492] {processor.py:651} INFO - DAG(s) dict_keys(['tutorial']) retrieved from /usr/local/lib/python3.10/dist-packages/airflow/example_dags/tutorial.py
[2022-06-16 20:06:47,508] {logging_mixin.py:115} INFO - [2022-06-16 20:06:47,508] {dag.py:2371} INFO - Sync 1 DAGs
[2022-06-16 20:06:47,530] {logging_mixin.py:115} INFO - [2022-06-16 20:06:47,530] {dag.py:2915} INFO - Setting next_dagrun for tutorial to 2022-06-15T14:36:47.529901+00:00, run_after=2022-06-16T14:36:47.529901+00:00
[2022-06-16 20:06:47,553] {processor.py:161} INFO - Processing /usr/local/lib/python3.10/dist-packages/airflow/example_dags/tutorial.py took 0.072 seconds
[2022-06-16 20:07:26,854] {processor.py:153} INFO - Started process (PID=6286) to work on /usr/local/lib/python3.10/dist-packages/airflow/example_dags/tutorial.py
[2022-06-16 20:07:26,854] {processor.py:641} INFO - Processing file /usr/local/lib/python3.10/dist-packages/airflow/example_dags/tutorial.py for tasks to queue
[2022-06-16 20:07:26,855] {logging_mixin.py:115} INFO - [2022-06-16 20:07:26,855] {dagbag.py:507} INFO - Filling up the DagBag from /usr/local/lib/python3.10/dist-packages/airflow/example_dags/tutorial.py
[2022-06-16 20:07:26,860] {processor.py:651} INFO - DAG(s) dict_keys(['tutorial']) retrieved from /usr/local/lib/python3.10/dist-packages/airflow/example_dags/tutorial.py
[2022-06-16 20:07:26,876] {logging_mixin.py:115} INFO - [2022-06-16 20:07:26,876] {dag.py:2371} INFO - Sync 1 DAGs
[2022-06-16 20:07:26,896] {logging_mixin.py:115} INFO - [2022-06-16 20:07:26,895] {dag.py:2915} INFO - Setting next_dagrun for tutorial to 2022-06-15T14:37:26.895762+00:00, run_after=2022-06-16T14:37:26.895762+00:00
[2022-06-16 20:07:26,917] {processor.py:161} INFO - Processing /usr/local/lib/python3.10/dist-packages/airflow/example_dags/tutorial.py took 0.066 seconds
[2022-06-16 20:08:07,458] {processor.py:153} INFO - Started process (PID=6381) to work on /usr/local/lib/python3.10/dist-packages/airflow/example_dags/tutorial.py
[2022-06-16 20:08:07,459] {processor.py:641} INFO - Processing file /usr/local/lib/python3.10/dist-packages/airflow/example_dags/tutorial.py for tasks to queue
[2022-06-16 20:08:07,459] {logging_mixin.py:115} INFO - [2022-06-16 20:08:07,459] {dagbag.py:507} INFO - Filling up the DagBag from /usr/local/lib/python3.10/dist-packages/airflow/example_dags/tutorial.py
[2022-06-16 20:08:07,465] {processor.py:651} INFO - DAG(s) dict_keys(['tutorial']) retrieved from /usr/local/lib/python3.10/dist-packages/airflow/example_dags/tutorial.py
[2022-06-16 20:08:07,481] {logging_mixin.py:115} INFO - [2022-06-16 20:08:07,481] {dag.py:2371} INFO - Sync 1 DAGs
[2022-06-16 20:08:07,499] {logging_mixin.py:115} INFO - [2022-06-16 20:08:07,499] {dag.py:2915} INFO - Setting next_dagrun for tutorial to 2022-06-15T14:38:07.499572+00:00, run_after=2022-06-16T14:38:07.499572+00:00
[2022-06-16 20:08:07,538] {processor.py:161} INFO - Processing /usr/local/lib/python3.10/dist-packages/airflow/example_dags/tutorial.py took 0.082 seconds
[2022-06-16 20:08:46,375] {processor.py:153} INFO - Started process (PID=6499) to work on /usr/local/lib/python3.10/dist-packages/airflow/example_dags/tutorial.py
[2022-06-16 20:08:46,375] {processor.py:641} INFO - Processing file /usr/local/lib/python3.10/dist-packages/airflow/example_dags/tutorial.py for tasks to queue
[2022-06-16 20:08:46,376] {logging_mixin.py:115} INFO - [2022-06-16 20:08:46,376] {dagbag.py:507} INFO - Filling up the DagBag from /usr/local/lib/python3.10/dist-packages/airflow/example_dags/tutorial.py
[2022-06-16 20:08:46,381] {processor.py:651} INFO - DAG(s) dict_keys(['tutorial']) retrieved from /usr/local/lib/python3.10/dist-packages/airflow/example_dags/tutorial.py
[2022-06-16 20:08:46,398] {logging_mixin.py:115} INFO - [2022-06-16 20:08:46,398] {dag.py:2371} INFO - Sync 1 DAGs
[2022-06-16 20:08:46,417] {logging_mixin.py:115} INFO - [2022-06-16 20:08:46,417] {dag.py:2915} INFO - Setting next_dagrun for tutorial to 2022-06-15T14:38:46.417157+00:00, run_after=2022-06-16T14:38:46.417157+00:00
[2022-06-16 20:08:46,437] {processor.py:161} INFO - Processing /usr/local/lib/python3.10/dist-packages/airflow/example_dags/tutorial.py took 0.065 seconds
[2022-06-16 20:09:24,761] {processor.py:153} INFO - Started process (PID=6593) to work on /usr/local/lib/python3.10/dist-packages/airflow/example_dags/tutorial.py
[2022-06-16 20:09:24,762] {processor.py:641} INFO - Processing file /usr/local/lib/python3.10/dist-packages/airflow/example_dags/tutorial.py for tasks to queue
[2022-06-16 20:09:24,762] {logging_mixin.py:115} INFO - [2022-06-16 20:09:24,762] {dagbag.py:507} INFO - Filling up the DagBag from /usr/local/lib/python3.10/dist-packages/airflow/example_dags/tutorial.py
[2022-06-16 20:09:24,768] {processor.py:651} INFO - DAG(s) dict_keys(['tutorial']) retrieved from /usr/local/lib/python3.10/dist-packages/airflow/example_dags/tutorial.py
[2022-06-16 20:09:24,784] {logging_mixin.py:115} INFO - [2022-06-16 20:09:24,784] {dag.py:2371} INFO - Sync 1 DAGs
[2022-06-16 20:09:24,803] {logging_mixin.py:115} INFO - [2022-06-16 20:09:24,803] {dag.py:2915} INFO - Setting next_dagrun for tutorial to 2022-06-15T14:39:24.802841+00:00, run_after=2022-06-16T14:39:24.802841+00:00
[2022-06-16 20:09:24,830] {processor.py:161} INFO - Processing /usr/local/lib/python3.10/dist-packages/airflow/example_dags/tutorial.py took 0.072 seconds
[2022-06-16 20:10:05,516] {processor.py:153} INFO - Started process (PID=6669) to work on /usr/local/lib/python3.10/dist-packages/airflow/example_dags/tutorial.py
[2022-06-16 20:10:05,517] {processor.py:641} INFO - Processing file /usr/local/lib/python3.10/dist-packages/airflow/example_dags/tutorial.py for tasks to queue
[2022-06-16 20:10:05,518] {logging_mixin.py:115} INFO - [2022-06-16 20:10:05,517] {dagbag.py:507} INFO - Filling up the DagBag from /usr/local/lib/python3.10/dist-packages/airflow/example_dags/tutorial.py
[2022-06-16 20:10:05,523] {processor.py:651} INFO - DAG(s) dict_keys(['tutorial']) retrieved from /usr/local/lib/python3.10/dist-packages/airflow/example_dags/tutorial.py
[2022-06-16 20:10:05,541] {logging_mixin.py:115} INFO - [2022-06-16 20:10:05,541] {dag.py:2371} INFO - Sync 1 DAGs
[2022-06-16 20:10:05,564] {logging_mixin.py:115} INFO - [2022-06-16 20:10:05,564] {dag.py:2915} INFO - Setting next_dagrun for tutorial to 2022-06-15T14:40:05.564435+00:00, run_after=2022-06-16T14:40:05.564435+00:00
[2022-06-16 20:10:05,621] {processor.py:161} INFO - Processing /usr/local/lib/python3.10/dist-packages/airflow/example_dags/tutorial.py took 0.107 seconds
[2022-06-16 20:10:45,321] {processor.py:153} INFO - Started process (PID=6755) to work on /usr/local/lib/python3.10/dist-packages/airflow/example_dags/tutorial.py
[2022-06-16 20:10:45,330] {processor.py:641} INFO - Processing file /usr/local/lib/python3.10/dist-packages/airflow/example_dags/tutorial.py for tasks to queue
[2022-06-16 20:10:45,331] {logging_mixin.py:115} INFO - [2022-06-16 20:10:45,331] {dagbag.py:507} INFO - Filling up the DagBag from /usr/local/lib/python3.10/dist-packages/airflow/example_dags/tutorial.py
[2022-06-16 20:10:45,336] {processor.py:651} INFO - DAG(s) dict_keys(['tutorial']) retrieved from /usr/local/lib/python3.10/dist-packages/airflow/example_dags/tutorial.py
[2022-06-16 20:10:45,353] {logging_mixin.py:115} INFO - [2022-06-16 20:10:45,353] {dag.py:2371} INFO - Sync 1 DAGs
[2022-06-16 20:10:45,372] {logging_mixin.py:115} INFO - [2022-06-16 20:10:45,372] {dag.py:2915} INFO - Setting next_dagrun for tutorial to 2022-06-15T14:40:45.372430+00:00, run_after=2022-06-16T14:40:45.372430+00:00
[2022-06-16 20:10:45,394] {processor.py:161} INFO - Processing /usr/local/lib/python3.10/dist-packages/airflow/example_dags/tutorial.py took 0.076 seconds
[2022-06-16 20:11:21,019] {processor.py:153} INFO - Started process (PID=6845) to work on /usr/local/lib/python3.10/dist-packages/airflow/example_dags/tutorial.py
[2022-06-16 20:11:21,020] {processor.py:641} INFO - Processing file /usr/local/lib/python3.10/dist-packages/airflow/example_dags/tutorial.py for tasks to queue
[2022-06-16 20:11:21,021] {logging_mixin.py:115} INFO - [2022-06-16 20:11:21,021] {dagbag.py:507} INFO - Filling up the DagBag from /usr/local/lib/python3.10/dist-packages/airflow/example_dags/tutorial.py
[2022-06-16 20:11:21,027] {processor.py:651} INFO - DAG(s) dict_keys(['tutorial']) retrieved from /usr/local/lib/python3.10/dist-packages/airflow/example_dags/tutorial.py
[2022-06-16 20:11:21,043] {logging_mixin.py:115} INFO - [2022-06-16 20:11:21,043] {dag.py:2371} INFO - Sync 1 DAGs
[2022-06-16 20:11:21,062] {logging_mixin.py:115} INFO - [2022-06-16 20:11:21,062] {dag.py:2915} INFO - Setting next_dagrun for tutorial to 2022-06-15T14:41:21.062069+00:00, run_after=2022-06-16T14:41:21.062069+00:00
[2022-06-16 20:11:21,082] {processor.py:161} INFO - Processing /usr/local/lib/python3.10/dist-packages/airflow/example_dags/tutorial.py took 0.066 seconds
[2022-06-16 20:12:03,849] {processor.py:153} INFO - Started process (PID=6941) to work on /usr/local/lib/python3.10/dist-packages/airflow/example_dags/tutorial.py
[2022-06-16 20:12:03,849] {processor.py:641} INFO - Processing file /usr/local/lib/python3.10/dist-packages/airflow/example_dags/tutorial.py for tasks to queue
[2022-06-16 20:12:03,850] {logging_mixin.py:115} INFO - [2022-06-16 20:12:03,850] {dagbag.py:507} INFO - Filling up the DagBag from /usr/local/lib/python3.10/dist-packages/airflow/example_dags/tutorial.py
[2022-06-16 20:12:03,855] {processor.py:651} INFO - DAG(s) dict_keys(['tutorial']) retrieved from /usr/local/lib/python3.10/dist-packages/airflow/example_dags/tutorial.py
[2022-06-16 20:12:03,871] {logging_mixin.py:115} INFO - [2022-06-16 20:12:03,871] {dag.py:2371} INFO - Sync 1 DAGs
[2022-06-16 20:12:03,889] {logging_mixin.py:115} INFO - [2022-06-16 20:12:03,888] {dag.py:2915} INFO - Setting next_dagrun for tutorial to 2022-06-15T14:42:03.888740+00:00, run_after=2022-06-16T14:42:03.888740+00:00
[2022-06-16 20:12:03,908] {processor.py:161} INFO - Processing /usr/local/lib/python3.10/dist-packages/airflow/example_dags/tutorial.py took 0.062 seconds
[2022-06-16 20:12:46,146] {processor.py:153} INFO - Started process (PID=7033) to work on /usr/local/lib/python3.10/dist-packages/airflow/example_dags/tutorial.py
[2022-06-16 20:12:46,146] {processor.py:641} INFO - Processing file /usr/local/lib/python3.10/dist-packages/airflow/example_dags/tutorial.py for tasks to queue
[2022-06-16 20:12:46,147] {logging_mixin.py:115} INFO - [2022-06-16 20:12:46,147] {dagbag.py:507} INFO - Filling up the DagBag from /usr/local/lib/python3.10/dist-packages/airflow/example_dags/tutorial.py
[2022-06-16 20:12:46,152] {processor.py:651} INFO - DAG(s) dict_keys(['tutorial']) retrieved from /usr/local/lib/python3.10/dist-packages/airflow/example_dags/tutorial.py
[2022-06-16 20:12:46,168] {logging_mixin.py:115} INFO - [2022-06-16 20:12:46,168] {dag.py:2371} INFO - Sync 1 DAGs
[2022-06-16 20:12:46,186] {logging_mixin.py:115} INFO - [2022-06-16 20:12:46,186] {dag.py:2915} INFO - Setting next_dagrun for tutorial to 2022-06-15T14:42:46.186315+00:00, run_after=2022-06-16T14:42:46.186315+00:00
[2022-06-16 20:12:46,205] {processor.py:161} INFO - Processing /usr/local/lib/python3.10/dist-packages/airflow/example_dags/tutorial.py took 0.062 seconds
[2022-06-16 20:13:25,084] {processor.py:153} INFO - Started process (PID=7126) to work on /usr/local/lib/python3.10/dist-packages/airflow/example_dags/tutorial.py
[2022-06-16 20:13:25,085] {processor.py:641} INFO - Processing file /usr/local/lib/python3.10/dist-packages/airflow/example_dags/tutorial.py for tasks to queue
[2022-06-16 20:13:25,086] {logging_mixin.py:115} INFO - [2022-06-16 20:13:25,086] {dagbag.py:507} INFO - Filling up the DagBag from /usr/local/lib/python3.10/dist-packages/airflow/example_dags/tutorial.py
[2022-06-16 20:13:25,091] {processor.py:651} INFO - DAG(s) dict_keys(['tutorial']) retrieved from /usr/local/lib/python3.10/dist-packages/airflow/example_dags/tutorial.py
[2022-06-16 20:13:25,108] {logging_mixin.py:115} INFO - [2022-06-16 20:13:25,107] {dag.py:2371} INFO - Sync 1 DAGs
[2022-06-16 20:13:25,127] {logging_mixin.py:115} INFO - [2022-06-16 20:13:25,127] {dag.py:2915} INFO - Setting next_dagrun for tutorial to 2022-06-15T14:43:25.126925+00:00, run_after=2022-06-16T14:43:25.126925+00:00
[2022-06-16 20:13:25,147] {processor.py:161} INFO - Processing /usr/local/lib/python3.10/dist-packages/airflow/example_dags/tutorial.py took 0.065 seconds
[2022-06-16 20:14:02,151] {processor.py:153} INFO - Started process (PID=7254) to work on /usr/local/lib/python3.10/dist-packages/airflow/example_dags/tutorial.py
[2022-06-16 20:14:02,152] {processor.py:641} INFO - Processing file /usr/local/lib/python3.10/dist-packages/airflow/example_dags/tutorial.py for tasks to queue
[2022-06-16 20:14:02,152] {logging_mixin.py:115} INFO - [2022-06-16 20:14:02,152] {dagbag.py:507} INFO - Filling up the DagBag from /usr/local/lib/python3.10/dist-packages/airflow/example_dags/tutorial.py
[2022-06-16 20:14:02,158] {processor.py:651} INFO - DAG(s) dict_keys(['tutorial']) retrieved from /usr/local/lib/python3.10/dist-packages/airflow/example_dags/tutorial.py
[2022-06-16 20:14:02,174] {logging_mixin.py:115} INFO - [2022-06-16 20:14:02,174] {dag.py:2371} INFO - Sync 1 DAGs
[2022-06-16 20:14:02,193] {logging_mixin.py:115} INFO - [2022-06-16 20:14:02,193] {dag.py:2915} INFO - Setting next_dagrun for tutorial to 2022-06-15T14:44:02.192762+00:00, run_after=2022-06-16T14:44:02.192762+00:00
[2022-06-16 20:14:02,212] {processor.py:161} INFO - Processing /usr/local/lib/python3.10/dist-packages/airflow/example_dags/tutorial.py took 0.064 seconds
[2022-06-16 20:14:37,708] {processor.py:153} INFO - Started process (PID=7336) to work on /usr/local/lib/python3.10/dist-packages/airflow/example_dags/tutorial.py
[2022-06-16 20:14:37,709] {processor.py:641} INFO - Processing file /usr/local/lib/python3.10/dist-packages/airflow/example_dags/tutorial.py for tasks to queue
[2022-06-16 20:14:37,709] {logging_mixin.py:115} INFO - [2022-06-16 20:14:37,709] {dagbag.py:507} INFO - Filling up the DagBag from /usr/local/lib/python3.10/dist-packages/airflow/example_dags/tutorial.py
[2022-06-16 20:14:37,715] {processor.py:651} INFO - DAG(s) dict_keys(['tutorial']) retrieved from /usr/local/lib/python3.10/dist-packages/airflow/example_dags/tutorial.py
[2022-06-16 20:14:37,732] {logging_mixin.py:115} INFO - [2022-06-16 20:14:37,732] {dag.py:2371} INFO - Sync 1 DAGs
[2022-06-16 20:14:37,751] {logging_mixin.py:115} INFO - [2022-06-16 20:14:37,751] {dag.py:2915} INFO - Setting next_dagrun for tutorial to 2022-06-15T14:44:37.750786+00:00, run_after=2022-06-16T14:44:37.750786+00:00
[2022-06-16 20:14:37,770] {processor.py:161} INFO - Processing /usr/local/lib/python3.10/dist-packages/airflow/example_dags/tutorial.py took 0.065 seconds
[2022-06-16 20:15:17,480] {processor.py:153} INFO - Started process (PID=7433) to work on /usr/local/lib/python3.10/dist-packages/airflow/example_dags/tutorial.py
[2022-06-16 20:15:17,481] {processor.py:641} INFO - Processing file /usr/local/lib/python3.10/dist-packages/airflow/example_dags/tutorial.py for tasks to queue
[2022-06-16 20:15:17,481] {logging_mixin.py:115} INFO - [2022-06-16 20:15:17,481] {dagbag.py:507} INFO - Filling up the DagBag from /usr/local/lib/python3.10/dist-packages/airflow/example_dags/tutorial.py
[2022-06-16 20:15:17,487] {processor.py:651} INFO - DAG(s) dict_keys(['tutorial']) retrieved from /usr/local/lib/python3.10/dist-packages/airflow/example_dags/tutorial.py
[2022-06-16 20:15:17,503] {logging_mixin.py:115} INFO - [2022-06-16 20:15:17,503] {dag.py:2371} INFO - Sync 1 DAGs
[2022-06-16 20:15:17,521] {logging_mixin.py:115} INFO - [2022-06-16 20:15:17,521] {dag.py:2915} INFO - Setting next_dagrun for tutorial to 2022-06-15T14:45:17.521232+00:00, run_after=2022-06-16T14:45:17.521232+00:00
[2022-06-16 20:15:17,542] {processor.py:161} INFO - Processing /usr/local/lib/python3.10/dist-packages/airflow/example_dags/tutorial.py took 0.064 seconds
[2022-06-16 20:15:52,481] {processor.py:153} INFO - Started process (PID=7515) to work on /usr/local/lib/python3.10/dist-packages/airflow/example_dags/tutorial.py
[2022-06-16 20:15:52,481] {processor.py:641} INFO - Processing file /usr/local/lib/python3.10/dist-packages/airflow/example_dags/tutorial.py for tasks to queue
[2022-06-16 20:15:52,481] {logging_mixin.py:115} INFO - [2022-06-16 20:15:52,481] {dagbag.py:507} INFO - Filling up the DagBag from /usr/local/lib/python3.10/dist-packages/airflow/example_dags/tutorial.py
[2022-06-16 20:15:52,488] {processor.py:651} INFO - DAG(s) dict_keys(['tutorial']) retrieved from /usr/local/lib/python3.10/dist-packages/airflow/example_dags/tutorial.py
[2022-06-16 20:15:52,504] {logging_mixin.py:115} INFO - [2022-06-16 20:15:52,504] {dag.py:2371} INFO - Sync 1 DAGs
[2022-06-16 20:15:52,523] {logging_mixin.py:115} INFO - [2022-06-16 20:15:52,523] {dag.py:2915} INFO - Setting next_dagrun for tutorial to 2022-06-15T14:45:52.523226+00:00, run_after=2022-06-16T14:45:52.523226+00:00
[2022-06-16 20:15:52,544] {processor.py:161} INFO - Processing /usr/local/lib/python3.10/dist-packages/airflow/example_dags/tutorial.py took 0.066 seconds
[2022-06-16 20:16:29,509] {processor.py:153} INFO - Started process (PID=7602) to work on /usr/local/lib/python3.10/dist-packages/airflow/example_dags/tutorial.py
[2022-06-16 20:16:29,510] {processor.py:641} INFO - Processing file /usr/local/lib/python3.10/dist-packages/airflow/example_dags/tutorial.py for tasks to queue
[2022-06-16 20:16:29,510] {logging_mixin.py:115} INFO - [2022-06-16 20:16:29,510] {dagbag.py:507} INFO - Filling up the DagBag from /usr/local/lib/python3.10/dist-packages/airflow/example_dags/tutorial.py
[2022-06-16 20:16:29,518] {processor.py:651} INFO - DAG(s) dict_keys(['tutorial']) retrieved from /usr/local/lib/python3.10/dist-packages/airflow/example_dags/tutorial.py
[2022-06-16 20:16:29,540] {logging_mixin.py:115} INFO - [2022-06-16 20:16:29,540] {dag.py:2371} INFO - Sync 1 DAGs
[2022-06-16 20:16:29,563] {logging_mixin.py:115} INFO - [2022-06-16 20:16:29,562] {dag.py:2915} INFO - Setting next_dagrun for tutorial to 2022-06-15T14:46:29.562712+00:00, run_after=2022-06-16T14:46:29.562712+00:00
[2022-06-16 20:16:29,582] {processor.py:161} INFO - Processing /usr/local/lib/python3.10/dist-packages/airflow/example_dags/tutorial.py took 0.077 seconds
[2022-06-16 20:17:09,958] {processor.py:153} INFO - Started process (PID=7700) to work on /usr/local/lib/python3.10/dist-packages/airflow/example_dags/tutorial.py
[2022-06-16 20:17:09,959] {processor.py:641} INFO - Processing file /usr/local/lib/python3.10/dist-packages/airflow/example_dags/tutorial.py for tasks to queue
[2022-06-16 20:17:09,960] {logging_mixin.py:115} INFO - [2022-06-16 20:17:09,960] {dagbag.py:507} INFO - Filling up the DagBag from /usr/local/lib/python3.10/dist-packages/airflow/example_dags/tutorial.py
[2022-06-16 20:17:09,967] {processor.py:651} INFO - DAG(s) dict_keys(['tutorial']) retrieved from /usr/local/lib/python3.10/dist-packages/airflow/example_dags/tutorial.py
[2022-06-16 20:17:09,985] {logging_mixin.py:115} INFO - [2022-06-16 20:17:09,984] {dag.py:2371} INFO - Sync 1 DAGs
[2022-06-16 20:17:10,004] {logging_mixin.py:115} INFO - [2022-06-16 20:17:10,004] {dag.py:2915} INFO - Setting next_dagrun for tutorial to 2022-06-15T14:47:10.004250+00:00, run_after=2022-06-16T14:47:10.004250+00:00
[2022-06-16 20:17:10,024] {processor.py:161} INFO - Processing /usr/local/lib/python3.10/dist-packages/airflow/example_dags/tutorial.py took 0.068 seconds
[2022-06-16 20:17:49,490] {processor.py:153} INFO - Started process (PID=7790) to work on /usr/local/lib/python3.10/dist-packages/airflow/example_dags/tutorial.py
[2022-06-16 20:17:49,491] {processor.py:641} INFO - Processing file /usr/local/lib/python3.10/dist-packages/airflow/example_dags/tutorial.py for tasks to queue
[2022-06-16 20:17:49,491] {logging_mixin.py:115} INFO - [2022-06-16 20:17:49,491] {dagbag.py:507} INFO - Filling up the DagBag from /usr/local/lib/python3.10/dist-packages/airflow/example_dags/tutorial.py
[2022-06-16 20:17:49,497] {processor.py:651} INFO - DAG(s) dict_keys(['tutorial']) retrieved from /usr/local/lib/python3.10/dist-packages/airflow/example_dags/tutorial.py
[2022-06-16 20:17:49,513] {logging_mixin.py:115} INFO - [2022-06-16 20:17:49,513] {dag.py:2371} INFO - Sync 1 DAGs
[2022-06-16 20:17:49,532] {logging_mixin.py:115} INFO - [2022-06-16 20:17:49,531] {dag.py:2915} INFO - Setting next_dagrun for tutorial to 2022-06-15T14:47:49.531703+00:00, run_after=2022-06-16T14:47:49.531703+00:00
[2022-06-16 20:17:49,567] {processor.py:161} INFO - Processing /usr/local/lib/python3.10/dist-packages/airflow/example_dags/tutorial.py took 0.080 seconds
[2022-06-16 20:18:26,830] {processor.py:153} INFO - Started process (PID=7866) to work on /usr/local/lib/python3.10/dist-packages/airflow/example_dags/tutorial.py
[2022-06-16 20:18:26,831] {processor.py:641} INFO - Processing file /usr/local/lib/python3.10/dist-packages/airflow/example_dags/tutorial.py for tasks to queue
[2022-06-16 20:18:26,832] {logging_mixin.py:115} INFO - [2022-06-16 20:18:26,831] {dagbag.py:507} INFO - Filling up the DagBag from /usr/local/lib/python3.10/dist-packages/airflow/example_dags/tutorial.py
[2022-06-16 20:18:26,841] {processor.py:651} INFO - DAG(s) dict_keys(['tutorial']) retrieved from /usr/local/lib/python3.10/dist-packages/airflow/example_dags/tutorial.py
[2022-06-16 20:18:26,861] {logging_mixin.py:115} INFO - [2022-06-16 20:18:26,861] {dag.py:2371} INFO - Sync 1 DAGs
[2022-06-16 20:18:26,887] {logging_mixin.py:115} INFO - [2022-06-16 20:18:26,887] {dag.py:2915} INFO - Setting next_dagrun for tutorial to 2022-06-15T14:48:26.886621+00:00, run_after=2022-06-16T14:48:26.886621+00:00
[2022-06-16 20:18:26,907] {processor.py:161} INFO - Processing /usr/local/lib/python3.10/dist-packages/airflow/example_dags/tutorial.py took 0.081 seconds
[2022-06-16 20:19:06,644] {processor.py:153} INFO - Started process (PID=7950) to work on /usr/local/lib/python3.10/dist-packages/airflow/example_dags/tutorial.py
[2022-06-16 20:19:06,645] {processor.py:641} INFO - Processing file /usr/local/lib/python3.10/dist-packages/airflow/example_dags/tutorial.py for tasks to queue
[2022-06-16 20:19:06,645] {logging_mixin.py:115} INFO - [2022-06-16 20:19:06,645] {dagbag.py:507} INFO - Filling up the DagBag from /usr/local/lib/python3.10/dist-packages/airflow/example_dags/tutorial.py
[2022-06-16 20:19:06,651] {processor.py:651} INFO - DAG(s) dict_keys(['tutorial']) retrieved from /usr/local/lib/python3.10/dist-packages/airflow/example_dags/tutorial.py
[2022-06-16 20:19:06,667] {logging_mixin.py:115} INFO - [2022-06-16 20:19:06,667] {dag.py:2371} INFO - Sync 1 DAGs
[2022-06-16 20:19:06,686] {logging_mixin.py:115} INFO - [2022-06-16 20:19:06,686] {dag.py:2915} INFO - Setting next_dagrun for tutorial to 2022-06-15T14:49:06.686106+00:00, run_after=2022-06-16T14:49:06.686106+00:00
[2022-06-16 20:19:06,735] {processor.py:161} INFO - Processing /usr/local/lib/python3.10/dist-packages/airflow/example_dags/tutorial.py took 0.094 seconds
[2022-06-16 20:19:46,271] {processor.py:153} INFO - Started process (PID=8012) to work on /usr/local/lib/python3.10/dist-packages/airflow/example_dags/tutorial.py
[2022-06-16 20:19:46,272] {processor.py:641} INFO - Processing file /usr/local/lib/python3.10/dist-packages/airflow/example_dags/tutorial.py for tasks to queue
[2022-06-16 20:19:46,273] {logging_mixin.py:115} INFO - [2022-06-16 20:19:46,273] {dagbag.py:507} INFO - Filling up the DagBag from /usr/local/lib/python3.10/dist-packages/airflow/example_dags/tutorial.py
[2022-06-16 20:19:46,279] {processor.py:651} INFO - DAG(s) dict_keys(['tutorial']) retrieved from /usr/local/lib/python3.10/dist-packages/airflow/example_dags/tutorial.py
[2022-06-16 20:19:46,296] {logging_mixin.py:115} INFO - [2022-06-16 20:19:46,295] {dag.py:2371} INFO - Sync 1 DAGs
[2022-06-16 20:19:46,314] {logging_mixin.py:115} INFO - [2022-06-16 20:19:46,314] {dag.py:2915} INFO - Setting next_dagrun for tutorial to 2022-06-15T14:49:46.313761+00:00, run_after=2022-06-16T14:49:46.313761+00:00
[2022-06-16 20:19:46,353] {processor.py:161} INFO - Processing /usr/local/lib/python3.10/dist-packages/airflow/example_dags/tutorial.py took 0.086 seconds
[2022-06-16 20:20:23,932] {processor.py:153} INFO - Started process (PID=8074) to work on /usr/local/lib/python3.10/dist-packages/airflow/example_dags/tutorial.py
[2022-06-16 20:20:23,933] {processor.py:641} INFO - Processing file /usr/local/lib/python3.10/dist-packages/airflow/example_dags/tutorial.py for tasks to queue
[2022-06-16 20:20:23,934] {logging_mixin.py:115} INFO - [2022-06-16 20:20:23,933] {dagbag.py:507} INFO - Filling up the DagBag from /usr/local/lib/python3.10/dist-packages/airflow/example_dags/tutorial.py
[2022-06-16 20:20:23,941] {processor.py:651} INFO - DAG(s) dict_keys(['tutorial']) retrieved from /usr/local/lib/python3.10/dist-packages/airflow/example_dags/tutorial.py
[2022-06-16 20:20:23,960] {logging_mixin.py:115} INFO - [2022-06-16 20:20:23,960] {dag.py:2371} INFO - Sync 1 DAGs
[2022-06-16 20:20:23,978] {logging_mixin.py:115} INFO - [2022-06-16 20:20:23,978] {dag.py:2915} INFO - Setting next_dagrun for tutorial to 2022-06-15T14:50:23.977938+00:00, run_after=2022-06-16T14:50:23.977938+00:00
[2022-06-16 20:20:23,998] {processor.py:161} INFO - Processing /usr/local/lib/python3.10/dist-packages/airflow/example_dags/tutorial.py took 0.069 seconds
[2022-06-16 20:21:02,389] {processor.py:153} INFO - Started process (PID=8121) to work on /usr/local/lib/python3.10/dist-packages/airflow/example_dags/tutorial.py
[2022-06-16 20:21:02,390] {processor.py:641} INFO - Processing file /usr/local/lib/python3.10/dist-packages/airflow/example_dags/tutorial.py for tasks to queue
[2022-06-16 20:21:02,390] {logging_mixin.py:115} INFO - [2022-06-16 20:21:02,390] {dagbag.py:507} INFO - Filling up the DagBag from /usr/local/lib/python3.10/dist-packages/airflow/example_dags/tutorial.py
[2022-06-16 20:21:02,398] {processor.py:651} INFO - DAG(s) dict_keys(['tutorial']) retrieved from /usr/local/lib/python3.10/dist-packages/airflow/example_dags/tutorial.py
[2022-06-16 20:21:02,416] {logging_mixin.py:115} INFO - [2022-06-16 20:21:02,416] {dag.py:2371} INFO - Sync 1 DAGs
[2022-06-16 20:21:02,435] {logging_mixin.py:115} INFO - [2022-06-16 20:21:02,435] {dag.py:2915} INFO - Setting next_dagrun for tutorial to 2022-06-15T14:51:02.435474+00:00, run_after=2022-06-16T14:51:02.435474+00:00
[2022-06-16 20:21:02,457] {processor.py:161} INFO - Processing /usr/local/lib/python3.10/dist-packages/airflow/example_dags/tutorial.py took 0.070 seconds
[2022-06-16 20:21:40,726] {processor.py:153} INFO - Started process (PID=8163) to work on /usr/local/lib/python3.10/dist-packages/airflow/example_dags/tutorial.py
[2022-06-16 20:21:40,727] {processor.py:641} INFO - Processing file /usr/local/lib/python3.10/dist-packages/airflow/example_dags/tutorial.py for tasks to queue
[2022-06-16 20:21:40,727] {logging_mixin.py:115} INFO - [2022-06-16 20:21:40,727] {dagbag.py:507} INFO - Filling up the DagBag from /usr/local/lib/python3.10/dist-packages/airflow/example_dags/tutorial.py
[2022-06-16 20:21:40,733] {processor.py:651} INFO - DAG(s) dict_keys(['tutorial']) retrieved from /usr/local/lib/python3.10/dist-packages/airflow/example_dags/tutorial.py
[2022-06-16 20:21:40,749] {logging_mixin.py:115} INFO - [2022-06-16 20:21:40,749] {dag.py:2371} INFO - Sync 1 DAGs
[2022-06-16 20:21:40,768] {logging_mixin.py:115} INFO - [2022-06-16 20:21:40,768] {dag.py:2915} INFO - Setting next_dagrun for tutorial to 2022-06-15T14:51:40.767941+00:00, run_after=2022-06-16T14:51:40.767941+00:00
[2022-06-16 20:21:40,795] {processor.py:161} INFO - Processing /usr/local/lib/python3.10/dist-packages/airflow/example_dags/tutorial.py took 0.071 seconds
[2022-06-16 20:22:20,571] {processor.py:153} INFO - Started process (PID=8207) to work on /usr/local/lib/python3.10/dist-packages/airflow/example_dags/tutorial.py
[2022-06-16 20:22:20,571] {processor.py:641} INFO - Processing file /usr/local/lib/python3.10/dist-packages/airflow/example_dags/tutorial.py for tasks to queue
[2022-06-16 20:22:20,572] {logging_mixin.py:115} INFO - [2022-06-16 20:22:20,572] {dagbag.py:507} INFO - Filling up the DagBag from /usr/local/lib/python3.10/dist-packages/airflow/example_dags/tutorial.py
[2022-06-16 20:22:20,577] {processor.py:651} INFO - DAG(s) dict_keys(['tutorial']) retrieved from /usr/local/lib/python3.10/dist-packages/airflow/example_dags/tutorial.py
[2022-06-16 20:22:20,594] {logging_mixin.py:115} INFO - [2022-06-16 20:22:20,594] {dag.py:2371} INFO - Sync 1 DAGs
[2022-06-16 20:22:20,613] {logging_mixin.py:115} INFO - [2022-06-16 20:22:20,613] {dag.py:2915} INFO - Setting next_dagrun for tutorial to 2022-06-15T14:52:20.612953+00:00, run_after=2022-06-16T14:52:20.612953+00:00
[2022-06-16 20:22:20,633] {processor.py:161} INFO - Processing /usr/local/lib/python3.10/dist-packages/airflow/example_dags/tutorial.py took 0.065 seconds
[2022-06-16 20:22:55,185] {processor.py:153} INFO - Started process (PID=8263) to work on /usr/local/lib/python3.10/dist-packages/airflow/example_dags/tutorial.py
[2022-06-16 20:22:55,186] {processor.py:641} INFO - Processing file /usr/local/lib/python3.10/dist-packages/airflow/example_dags/tutorial.py for tasks to queue
[2022-06-16 20:22:55,186] {logging_mixin.py:115} INFO - [2022-06-16 20:22:55,186] {dagbag.py:507} INFO - Filling up the DagBag from /usr/local/lib/python3.10/dist-packages/airflow/example_dags/tutorial.py
[2022-06-16 20:22:55,191] {processor.py:651} INFO - DAG(s) dict_keys(['tutorial']) retrieved from /usr/local/lib/python3.10/dist-packages/airflow/example_dags/tutorial.py
[2022-06-16 20:22:55,207] {logging_mixin.py:115} INFO - [2022-06-16 20:22:55,207] {dag.py:2371} INFO - Sync 1 DAGs
[2022-06-16 20:22:55,225] {logging_mixin.py:115} INFO - [2022-06-16 20:22:55,225] {dag.py:2915} INFO - Setting next_dagrun for tutorial to 2022-06-15T14:52:55.225250+00:00, run_after=2022-06-16T14:52:55.225250+00:00
[2022-06-16 20:22:55,245] {processor.py:161} INFO - Processing /usr/local/lib/python3.10/dist-packages/airflow/example_dags/tutorial.py took 0.062 seconds
[2022-06-16 20:23:33,671] {processor.py:153} INFO - Started process (PID=8308) to work on /usr/local/lib/python3.10/dist-packages/airflow/example_dags/tutorial.py
[2022-06-16 20:23:33,671] {processor.py:641} INFO - Processing file /usr/local/lib/python3.10/dist-packages/airflow/example_dags/tutorial.py for tasks to queue
[2022-06-16 20:23:33,672] {logging_mixin.py:115} INFO - [2022-06-16 20:23:33,672] {dagbag.py:507} INFO - Filling up the DagBag from /usr/local/lib/python3.10/dist-packages/airflow/example_dags/tutorial.py
[2022-06-16 20:23:33,679] {processor.py:651} INFO - DAG(s) dict_keys(['tutorial']) retrieved from /usr/local/lib/python3.10/dist-packages/airflow/example_dags/tutorial.py
[2022-06-16 20:23:33,696] {logging_mixin.py:115} INFO - [2022-06-16 20:23:33,696] {dag.py:2371} INFO - Sync 1 DAGs
[2022-06-16 20:23:33,716] {logging_mixin.py:115} INFO - [2022-06-16 20:23:33,715] {dag.py:2915} INFO - Setting next_dagrun for tutorial to 2022-06-15T14:53:33.715632+00:00, run_after=2022-06-16T14:53:33.715632+00:00
[2022-06-16 20:23:33,743] {processor.py:161} INFO - Processing /usr/local/lib/python3.10/dist-packages/airflow/example_dags/tutorial.py took 0.076 seconds
[2022-06-16 20:24:13,307] {processor.py:153} INFO - Started process (PID=8390) to work on /usr/local/lib/python3.10/dist-packages/airflow/example_dags/tutorial.py
[2022-06-16 20:24:13,308] {processor.py:641} INFO - Processing file /usr/local/lib/python3.10/dist-packages/airflow/example_dags/tutorial.py for tasks to queue
[2022-06-16 20:24:13,308] {logging_mixin.py:115} INFO - [2022-06-16 20:24:13,308] {dagbag.py:507} INFO - Filling up the DagBag from /usr/local/lib/python3.10/dist-packages/airflow/example_dags/tutorial.py
[2022-06-16 20:24:13,314] {processor.py:651} INFO - DAG(s) dict_keys(['tutorial']) retrieved from /usr/local/lib/python3.10/dist-packages/airflow/example_dags/tutorial.py
[2022-06-16 20:24:13,331] {logging_mixin.py:115} INFO - [2022-06-16 20:24:13,330] {dag.py:2371} INFO - Sync 1 DAGs
[2022-06-16 20:24:13,350] {logging_mixin.py:115} INFO - [2022-06-16 20:24:13,350] {dag.py:2915} INFO - Setting next_dagrun for tutorial to 2022-06-15T14:54:13.349741+00:00, run_after=2022-06-16T14:54:13.349741+00:00
[2022-06-16 20:24:13,369] {processor.py:161} INFO - Processing /usr/local/lib/python3.10/dist-packages/airflow/example_dags/tutorial.py took 0.065 seconds
[2022-06-16 20:24:52,489] {processor.py:153} INFO - Started process (PID=8449) to work on /usr/local/lib/python3.10/dist-packages/airflow/example_dags/tutorial.py
[2022-06-16 20:24:52,489] {processor.py:641} INFO - Processing file /usr/local/lib/python3.10/dist-packages/airflow/example_dags/tutorial.py for tasks to queue
[2022-06-16 20:24:52,490] {logging_mixin.py:115} INFO - [2022-06-16 20:24:52,490] {dagbag.py:507} INFO - Filling up the DagBag from /usr/local/lib/python3.10/dist-packages/airflow/example_dags/tutorial.py
[2022-06-16 20:24:52,495] {processor.py:651} INFO - DAG(s) dict_keys(['tutorial']) retrieved from /usr/local/lib/python3.10/dist-packages/airflow/example_dags/tutorial.py
[2022-06-16 20:24:52,512] {logging_mixin.py:115} INFO - [2022-06-16 20:24:52,512] {dag.py:2371} INFO - Sync 1 DAGs
[2022-06-16 20:24:52,534] {logging_mixin.py:115} INFO - [2022-06-16 20:24:52,533] {dag.py:2915} INFO - Setting next_dagrun for tutorial to 2022-06-15T14:54:52.533564+00:00, run_after=2022-06-16T14:54:52.533564+00:00
[2022-06-16 20:24:52,558] {processor.py:161} INFO - Processing /usr/local/lib/python3.10/dist-packages/airflow/example_dags/tutorial.py took 0.072 seconds
[2022-06-16 20:25:29,063] {processor.py:153} INFO - Started process (PID=8496) to work on /usr/local/lib/python3.10/dist-packages/airflow/example_dags/tutorial.py
[2022-06-16 20:25:29,063] {processor.py:641} INFO - Processing file /usr/local/lib/python3.10/dist-packages/airflow/example_dags/tutorial.py for tasks to queue
[2022-06-16 20:25:29,064] {logging_mixin.py:115} INFO - [2022-06-16 20:25:29,064] {dagbag.py:507} INFO - Filling up the DagBag from /usr/local/lib/python3.10/dist-packages/airflow/example_dags/tutorial.py
[2022-06-16 20:25:29,070] {processor.py:651} INFO - DAG(s) dict_keys(['tutorial']) retrieved from /usr/local/lib/python3.10/dist-packages/airflow/example_dags/tutorial.py
[2022-06-16 20:25:29,087] {logging_mixin.py:115} INFO - [2022-06-16 20:25:29,087] {dag.py:2371} INFO - Sync 1 DAGs
[2022-06-16 20:25:29,106] {logging_mixin.py:115} INFO - [2022-06-16 20:25:29,106] {dag.py:2915} INFO - Setting next_dagrun for tutorial to 2022-06-15T14:55:29.106037+00:00, run_after=2022-06-16T14:55:29.106037+00:00
[2022-06-16 20:25:29,127] {processor.py:161} INFO - Processing /usr/local/lib/python3.10/dist-packages/airflow/example_dags/tutorial.py took 0.067 seconds
[2022-06-16 20:26:08,348] {processor.py:153} INFO - Started process (PID=8540) to work on /usr/local/lib/python3.10/dist-packages/airflow/example_dags/tutorial.py
[2022-06-16 20:26:08,349] {processor.py:641} INFO - Processing file /usr/local/lib/python3.10/dist-packages/airflow/example_dags/tutorial.py for tasks to queue
[2022-06-16 20:26:08,349] {logging_mixin.py:115} INFO - [2022-06-16 20:26:08,349] {dagbag.py:507} INFO - Filling up the DagBag from /usr/local/lib/python3.10/dist-packages/airflow/example_dags/tutorial.py
[2022-06-16 20:26:08,355] {processor.py:651} INFO - DAG(s) dict_keys(['tutorial']) retrieved from /usr/local/lib/python3.10/dist-packages/airflow/example_dags/tutorial.py
[2022-06-16 20:26:08,373] {logging_mixin.py:115} INFO - [2022-06-16 20:26:08,372] {dag.py:2371} INFO - Sync 1 DAGs
[2022-06-16 20:26:08,400] {logging_mixin.py:115} INFO - [2022-06-16 20:26:08,399] {dag.py:2915} INFO - Setting next_dagrun for tutorial to 2022-06-15T14:56:08.399760+00:00, run_after=2022-06-16T14:56:08.399760+00:00
[2022-06-16 20:26:08,419] {processor.py:161} INFO - Processing /usr/local/lib/python3.10/dist-packages/airflow/example_dags/tutorial.py took 0.074 seconds
[2022-06-16 20:26:47,046] {processor.py:153} INFO - Started process (PID=8594) to work on /usr/local/lib/python3.10/dist-packages/airflow/example_dags/tutorial.py
[2022-06-16 20:26:47,046] {processor.py:641} INFO - Processing file /usr/local/lib/python3.10/dist-packages/airflow/example_dags/tutorial.py for tasks to queue
[2022-06-16 20:26:47,047] {logging_mixin.py:115} INFO - [2022-06-16 20:26:47,047] {dagbag.py:507} INFO - Filling up the DagBag from /usr/local/lib/python3.10/dist-packages/airflow/example_dags/tutorial.py
[2022-06-16 20:26:47,052] {processor.py:651} INFO - DAG(s) dict_keys(['tutorial']) retrieved from /usr/local/lib/python3.10/dist-packages/airflow/example_dags/tutorial.py
[2022-06-16 20:26:47,070] {logging_mixin.py:115} INFO - [2022-06-16 20:26:47,069] {dag.py:2371} INFO - Sync 1 DAGs
[2022-06-16 20:26:47,090] {logging_mixin.py:115} INFO - [2022-06-16 20:26:47,090] {dag.py:2915} INFO - Setting next_dagrun for tutorial to 2022-06-15T14:56:47.089717+00:00, run_after=2022-06-16T14:56:47.089717+00:00
[2022-06-16 20:26:47,109] {processor.py:161} INFO - Processing /usr/local/lib/python3.10/dist-packages/airflow/example_dags/tutorial.py took 0.066 seconds
