[2022-06-16 19:59:41,315] {processor.py:153} INFO - Started process (PID=5069) to work on /usr/local/lib/python3.10/dist-packages/airflow/example_dags/tutorial_taskflow_api_etl.py
[2022-06-16 19:59:41,315] {processor.py:641} INFO - Processing file /usr/local/lib/python3.10/dist-packages/airflow/example_dags/tutorial_taskflow_api_etl.py for tasks to queue
[2022-06-16 19:59:41,316] {logging_mixin.py:115} INFO - [2022-06-16 19:59:41,316] {dagbag.py:507} INFO - Filling up the DagBag from /usr/local/lib/python3.10/dist-packages/airflow/example_dags/tutorial_taskflow_api_etl.py
[2022-06-16 19:59:41,334] {processor.py:651} INFO - DAG(s) dict_keys(['tutorial_taskflow_api_etl']) retrieved from /usr/local/lib/python3.10/dist-packages/airflow/example_dags/tutorial_taskflow_api_etl.py
[2022-06-16 19:59:41,384] {logging_mixin.py:115} INFO - [2022-06-16 19:59:41,384] {dag.py:2371} INFO - Sync 1 DAGs
[2022-06-16 19:59:41,403] {logging_mixin.py:115} INFO - [2022-06-16 19:59:41,403] {dag.py:2915} INFO - Setting next_dagrun for tutorial_taskflow_api_etl to None, run_after=None
[2022-06-16 19:59:41,470] {processor.py:161} INFO - Processing /usr/local/lib/python3.10/dist-packages/airflow/example_dags/tutorial_taskflow_api_etl.py took 0.158 seconds
[2022-06-16 20:00:21,030] {processor.py:153} INFO - Started process (PID=5205) to work on /usr/local/lib/python3.10/dist-packages/airflow/example_dags/tutorial_taskflow_api_etl.py
[2022-06-16 20:00:21,031] {processor.py:641} INFO - Processing file /usr/local/lib/python3.10/dist-packages/airflow/example_dags/tutorial_taskflow_api_etl.py for tasks to queue
[2022-06-16 20:00:21,032] {logging_mixin.py:115} INFO - [2022-06-16 20:00:21,031] {dagbag.py:507} INFO - Filling up the DagBag from /usr/local/lib/python3.10/dist-packages/airflow/example_dags/tutorial_taskflow_api_etl.py
[2022-06-16 20:00:21,049] {processor.py:651} INFO - DAG(s) dict_keys(['tutorial_taskflow_api_etl']) retrieved from /usr/local/lib/python3.10/dist-packages/airflow/example_dags/tutorial_taskflow_api_etl.py
[2022-06-16 20:00:21,095] {logging_mixin.py:115} INFO - [2022-06-16 20:00:21,095] {dag.py:2371} INFO - Sync 1 DAGs
[2022-06-16 20:00:21,113] {logging_mixin.py:115} INFO - [2022-06-16 20:00:21,113] {dag.py:2915} INFO - Setting next_dagrun for tutorial_taskflow_api_etl to None, run_after=None
[2022-06-16 20:00:21,134] {processor.py:161} INFO - Processing /usr/local/lib/python3.10/dist-packages/airflow/example_dags/tutorial_taskflow_api_etl.py took 0.107 seconds
[2022-06-16 20:01:01,416] {processor.py:153} INFO - Started process (PID=5282) to work on /usr/local/lib/python3.10/dist-packages/airflow/example_dags/tutorial_taskflow_api_etl.py
[2022-06-16 20:01:01,428] {processor.py:641} INFO - Processing file /usr/local/lib/python3.10/dist-packages/airflow/example_dags/tutorial_taskflow_api_etl.py for tasks to queue
[2022-06-16 20:01:01,429] {logging_mixin.py:115} INFO - [2022-06-16 20:01:01,429] {dagbag.py:507} INFO - Filling up the DagBag from /usr/local/lib/python3.10/dist-packages/airflow/example_dags/tutorial_taskflow_api_etl.py
[2022-06-16 20:01:01,452] {processor.py:651} INFO - DAG(s) dict_keys(['tutorial_taskflow_api_etl']) retrieved from /usr/local/lib/python3.10/dist-packages/airflow/example_dags/tutorial_taskflow_api_etl.py
[2022-06-16 20:01:01,508] {logging_mixin.py:115} INFO - [2022-06-16 20:01:01,508] {dag.py:2371} INFO - Sync 1 DAGs
[2022-06-16 20:01:01,532] {logging_mixin.py:115} INFO - [2022-06-16 20:01:01,532] {dag.py:2915} INFO - Setting next_dagrun for tutorial_taskflow_api_etl to None, run_after=None
[2022-06-16 20:01:01,606] {processor.py:161} INFO - Processing /usr/local/lib/python3.10/dist-packages/airflow/example_dags/tutorial_taskflow_api_etl.py took 0.192 seconds
[2022-06-16 20:01:41,425] {processor.py:153} INFO - Started process (PID=5424) to work on /usr/local/lib/python3.10/dist-packages/airflow/example_dags/tutorial_taskflow_api_etl.py
[2022-06-16 20:01:41,426] {processor.py:641} INFO - Processing file /usr/local/lib/python3.10/dist-packages/airflow/example_dags/tutorial_taskflow_api_etl.py for tasks to queue
[2022-06-16 20:01:41,426] {logging_mixin.py:115} INFO - [2022-06-16 20:01:41,426] {dagbag.py:507} INFO - Filling up the DagBag from /usr/local/lib/python3.10/dist-packages/airflow/example_dags/tutorial_taskflow_api_etl.py
[2022-06-16 20:01:41,453] {processor.py:651} INFO - DAG(s) dict_keys(['tutorial_taskflow_api_etl']) retrieved from /usr/local/lib/python3.10/dist-packages/airflow/example_dags/tutorial_taskflow_api_etl.py
[2022-06-16 20:01:41,472] {logging_mixin.py:115} INFO - [2022-06-16 20:01:41,471] {dag.py:2371} INFO - Sync 1 DAGs
[2022-06-16 20:01:41,498] {logging_mixin.py:115} INFO - [2022-06-16 20:01:41,498] {dag.py:2915} INFO - Setting next_dagrun for tutorial_taskflow_api_etl to None, run_after=None
[2022-06-16 20:01:41,530] {processor.py:161} INFO - Processing /usr/local/lib/python3.10/dist-packages/airflow/example_dags/tutorial_taskflow_api_etl.py took 0.108 seconds
[2022-06-16 20:02:21,378] {processor.py:153} INFO - Started process (PID=5546) to work on /usr/local/lib/python3.10/dist-packages/airflow/example_dags/tutorial_taskflow_api_etl.py
[2022-06-16 20:02:21,379] {processor.py:641} INFO - Processing file /usr/local/lib/python3.10/dist-packages/airflow/example_dags/tutorial_taskflow_api_etl.py for tasks to queue
[2022-06-16 20:02:21,379] {logging_mixin.py:115} INFO - [2022-06-16 20:02:21,379] {dagbag.py:507} INFO - Filling up the DagBag from /usr/local/lib/python3.10/dist-packages/airflow/example_dags/tutorial_taskflow_api_etl.py
[2022-06-16 20:02:21,397] {processor.py:651} INFO - DAG(s) dict_keys(['tutorial_taskflow_api_etl']) retrieved from /usr/local/lib/python3.10/dist-packages/airflow/example_dags/tutorial_taskflow_api_etl.py
[2022-06-16 20:02:21,443] {logging_mixin.py:115} INFO - [2022-06-16 20:02:21,442] {dag.py:2371} INFO - Sync 1 DAGs
[2022-06-16 20:02:21,461] {logging_mixin.py:115} INFO - [2022-06-16 20:02:21,461] {dag.py:2915} INFO - Setting next_dagrun for tutorial_taskflow_api_etl to None, run_after=None
[2022-06-16 20:02:21,482] {processor.py:161} INFO - Processing /usr/local/lib/python3.10/dist-packages/airflow/example_dags/tutorial_taskflow_api_etl.py took 0.107 seconds
[2022-06-16 20:03:00,767] {processor.py:153} INFO - Started process (PID=5642) to work on /usr/local/lib/python3.10/dist-packages/airflow/example_dags/tutorial_taskflow_api_etl.py
[2022-06-16 20:03:00,768] {processor.py:641} INFO - Processing file /usr/local/lib/python3.10/dist-packages/airflow/example_dags/tutorial_taskflow_api_etl.py for tasks to queue
[2022-06-16 20:03:00,768] {logging_mixin.py:115} INFO - [2022-06-16 20:03:00,768] {dagbag.py:507} INFO - Filling up the DagBag from /usr/local/lib/python3.10/dist-packages/airflow/example_dags/tutorial_taskflow_api_etl.py
[2022-06-16 20:03:00,786] {processor.py:651} INFO - DAG(s) dict_keys(['tutorial_taskflow_api_etl']) retrieved from /usr/local/lib/python3.10/dist-packages/airflow/example_dags/tutorial_taskflow_api_etl.py
[2022-06-16 20:03:00,837] {logging_mixin.py:115} INFO - [2022-06-16 20:03:00,837] {dag.py:2371} INFO - Sync 1 DAGs
[2022-06-16 20:03:00,857] {logging_mixin.py:115} INFO - [2022-06-16 20:03:00,856] {dag.py:2915} INFO - Setting next_dagrun for tutorial_taskflow_api_etl to None, run_after=None
[2022-06-16 20:03:00,881] {processor.py:161} INFO - Processing /usr/local/lib/python3.10/dist-packages/airflow/example_dags/tutorial_taskflow_api_etl.py took 0.117 seconds
[2022-06-16 20:03:41,638] {processor.py:153} INFO - Started process (PID=5737) to work on /usr/local/lib/python3.10/dist-packages/airflow/example_dags/tutorial_taskflow_api_etl.py
[2022-06-16 20:03:41,638] {processor.py:641} INFO - Processing file /usr/local/lib/python3.10/dist-packages/airflow/example_dags/tutorial_taskflow_api_etl.py for tasks to queue
[2022-06-16 20:03:41,639] {logging_mixin.py:115} INFO - [2022-06-16 20:03:41,639] {dagbag.py:507} INFO - Filling up the DagBag from /usr/local/lib/python3.10/dist-packages/airflow/example_dags/tutorial_taskflow_api_etl.py
[2022-06-16 20:03:41,657] {processor.py:651} INFO - DAG(s) dict_keys(['tutorial_taskflow_api_etl']) retrieved from /usr/local/lib/python3.10/dist-packages/airflow/example_dags/tutorial_taskflow_api_etl.py
[2022-06-16 20:03:41,702] {logging_mixin.py:115} INFO - [2022-06-16 20:03:41,702] {dag.py:2371} INFO - Sync 1 DAGs
[2022-06-16 20:03:41,724] {logging_mixin.py:115} INFO - [2022-06-16 20:03:41,724] {dag.py:2915} INFO - Setting next_dagrun for tutorial_taskflow_api_etl to None, run_after=None
[2022-06-16 20:03:41,848] {processor.py:161} INFO - Processing /usr/local/lib/python3.10/dist-packages/airflow/example_dags/tutorial_taskflow_api_etl.py took 0.213 seconds
[2022-06-16 20:04:20,141] {processor.py:153} INFO - Started process (PID=5851) to work on /usr/local/lib/python3.10/dist-packages/airflow/example_dags/tutorial_taskflow_api_etl.py
[2022-06-16 20:04:20,141] {processor.py:641} INFO - Processing file /usr/local/lib/python3.10/dist-packages/airflow/example_dags/tutorial_taskflow_api_etl.py for tasks to queue
[2022-06-16 20:04:20,142] {logging_mixin.py:115} INFO - [2022-06-16 20:04:20,142] {dagbag.py:507} INFO - Filling up the DagBag from /usr/local/lib/python3.10/dist-packages/airflow/example_dags/tutorial_taskflow_api_etl.py
[2022-06-16 20:04:20,159] {processor.py:651} INFO - DAG(s) dict_keys(['tutorial_taskflow_api_etl']) retrieved from /usr/local/lib/python3.10/dist-packages/airflow/example_dags/tutorial_taskflow_api_etl.py
[2022-06-16 20:04:20,205] {logging_mixin.py:115} INFO - [2022-06-16 20:04:20,205] {dag.py:2371} INFO - Sync 1 DAGs
[2022-06-16 20:04:20,232] {logging_mixin.py:115} INFO - [2022-06-16 20:04:20,231] {dag.py:2915} INFO - Setting next_dagrun for tutorial_taskflow_api_etl to None, run_after=None
[2022-06-16 20:04:20,252] {processor.py:161} INFO - Processing /usr/local/lib/python3.10/dist-packages/airflow/example_dags/tutorial_taskflow_api_etl.py took 0.115 seconds
[2022-06-16 20:04:59,508] {processor.py:153} INFO - Started process (PID=5941) to work on /usr/local/lib/python3.10/dist-packages/airflow/example_dags/tutorial_taskflow_api_etl.py
[2022-06-16 20:04:59,509] {processor.py:641} INFO - Processing file /usr/local/lib/python3.10/dist-packages/airflow/example_dags/tutorial_taskflow_api_etl.py for tasks to queue
[2022-06-16 20:04:59,509] {logging_mixin.py:115} INFO - [2022-06-16 20:04:59,509] {dagbag.py:507} INFO - Filling up the DagBag from /usr/local/lib/python3.10/dist-packages/airflow/example_dags/tutorial_taskflow_api_etl.py
[2022-06-16 20:04:59,528] {processor.py:651} INFO - DAG(s) dict_keys(['tutorial_taskflow_api_etl']) retrieved from /usr/local/lib/python3.10/dist-packages/airflow/example_dags/tutorial_taskflow_api_etl.py
[2022-06-16 20:04:59,576] {logging_mixin.py:115} INFO - [2022-06-16 20:04:59,576] {dag.py:2371} INFO - Sync 1 DAGs
[2022-06-16 20:04:59,595] {logging_mixin.py:115} INFO - [2022-06-16 20:04:59,595] {dag.py:2915} INFO - Setting next_dagrun for tutorial_taskflow_api_etl to None, run_after=None
[2022-06-16 20:04:59,619] {processor.py:161} INFO - Processing /usr/local/lib/python3.10/dist-packages/airflow/example_dags/tutorial_taskflow_api_etl.py took 0.113 seconds
[2022-06-16 20:05:34,869] {processor.py:153} INFO - Started process (PID=6027) to work on /usr/local/lib/python3.10/dist-packages/airflow/example_dags/tutorial_taskflow_api_etl.py
[2022-06-16 20:05:34,869] {processor.py:641} INFO - Processing file /usr/local/lib/python3.10/dist-packages/airflow/example_dags/tutorial_taskflow_api_etl.py for tasks to queue
[2022-06-16 20:05:34,870] {logging_mixin.py:115} INFO - [2022-06-16 20:05:34,870] {dagbag.py:507} INFO - Filling up the DagBag from /usr/local/lib/python3.10/dist-packages/airflow/example_dags/tutorial_taskflow_api_etl.py
[2022-06-16 20:05:34,887] {processor.py:651} INFO - DAG(s) dict_keys(['tutorial_taskflow_api_etl']) retrieved from /usr/local/lib/python3.10/dist-packages/airflow/example_dags/tutorial_taskflow_api_etl.py
[2022-06-16 20:05:34,904] {logging_mixin.py:115} INFO - [2022-06-16 20:05:34,904] {dag.py:2371} INFO - Sync 1 DAGs
[2022-06-16 20:05:34,923] {logging_mixin.py:115} INFO - [2022-06-16 20:05:34,923] {dag.py:2915} INFO - Setting next_dagrun for tutorial_taskflow_api_etl to None, run_after=None
[2022-06-16 20:05:34,942] {processor.py:161} INFO - Processing /usr/local/lib/python3.10/dist-packages/airflow/example_dags/tutorial_taskflow_api_etl.py took 0.076 seconds
[2022-06-16 20:06:16,666] {processor.py:153} INFO - Started process (PID=6122) to work on /usr/local/lib/python3.10/dist-packages/airflow/example_dags/tutorial_taskflow_api_etl.py
[2022-06-16 20:06:16,666] {processor.py:641} INFO - Processing file /usr/local/lib/python3.10/dist-packages/airflow/example_dags/tutorial_taskflow_api_etl.py for tasks to queue
[2022-06-16 20:06:16,667] {logging_mixin.py:115} INFO - [2022-06-16 20:06:16,667] {dagbag.py:507} INFO - Filling up the DagBag from /usr/local/lib/python3.10/dist-packages/airflow/example_dags/tutorial_taskflow_api_etl.py
[2022-06-16 20:06:16,685] {processor.py:651} INFO - DAG(s) dict_keys(['tutorial_taskflow_api_etl']) retrieved from /usr/local/lib/python3.10/dist-packages/airflow/example_dags/tutorial_taskflow_api_etl.py
[2022-06-16 20:06:16,730] {logging_mixin.py:115} INFO - [2022-06-16 20:06:16,730] {dag.py:2371} INFO - Sync 1 DAGs
[2022-06-16 20:06:16,749] {logging_mixin.py:115} INFO - [2022-06-16 20:06:16,748] {dag.py:2915} INFO - Setting next_dagrun for tutorial_taskflow_api_etl to None, run_after=None
[2022-06-16 20:06:16,769] {processor.py:161} INFO - Processing /usr/local/lib/python3.10/dist-packages/airflow/example_dags/tutorial_taskflow_api_etl.py took 0.106 seconds
[2022-06-16 20:06:56,719] {processor.py:153} INFO - Started process (PID=6212) to work on /usr/local/lib/python3.10/dist-packages/airflow/example_dags/tutorial_taskflow_api_etl.py
[2022-06-16 20:06:56,720] {processor.py:641} INFO - Processing file /usr/local/lib/python3.10/dist-packages/airflow/example_dags/tutorial_taskflow_api_etl.py for tasks to queue
[2022-06-16 20:06:56,720] {logging_mixin.py:115} INFO - [2022-06-16 20:06:56,720] {dagbag.py:507} INFO - Filling up the DagBag from /usr/local/lib/python3.10/dist-packages/airflow/example_dags/tutorial_taskflow_api_etl.py
[2022-06-16 20:06:56,737] {processor.py:651} INFO - DAG(s) dict_keys(['tutorial_taskflow_api_etl']) retrieved from /usr/local/lib/python3.10/dist-packages/airflow/example_dags/tutorial_taskflow_api_etl.py
[2022-06-16 20:06:56,781] {logging_mixin.py:115} INFO - [2022-06-16 20:06:56,781] {dag.py:2371} INFO - Sync 1 DAGs
[2022-06-16 20:06:56,799] {logging_mixin.py:115} INFO - [2022-06-16 20:06:56,799] {dag.py:2915} INFO - Setting next_dagrun for tutorial_taskflow_api_etl to None, run_after=None
[2022-06-16 20:06:56,820] {processor.py:161} INFO - Processing /usr/local/lib/python3.10/dist-packages/airflow/example_dags/tutorial_taskflow_api_etl.py took 0.104 seconds
[2022-06-16 20:07:34,872] {processor.py:153} INFO - Started process (PID=6307) to work on /usr/local/lib/python3.10/dist-packages/airflow/example_dags/tutorial_taskflow_api_etl.py
[2022-06-16 20:07:34,873] {processor.py:641} INFO - Processing file /usr/local/lib/python3.10/dist-packages/airflow/example_dags/tutorial_taskflow_api_etl.py for tasks to queue
[2022-06-16 20:07:34,874] {logging_mixin.py:115} INFO - [2022-06-16 20:07:34,874] {dagbag.py:507} INFO - Filling up the DagBag from /usr/local/lib/python3.10/dist-packages/airflow/example_dags/tutorial_taskflow_api_etl.py
[2022-06-16 20:07:34,892] {processor.py:651} INFO - DAG(s) dict_keys(['tutorial_taskflow_api_etl']) retrieved from /usr/local/lib/python3.10/dist-packages/airflow/example_dags/tutorial_taskflow_api_etl.py
[2022-06-16 20:07:34,907] {logging_mixin.py:115} INFO - [2022-06-16 20:07:34,907] {dag.py:2371} INFO - Sync 1 DAGs
[2022-06-16 20:07:34,926] {logging_mixin.py:115} INFO - [2022-06-16 20:07:34,926] {dag.py:2915} INFO - Setting next_dagrun for tutorial_taskflow_api_etl to None, run_after=None
[2022-06-16 20:07:34,971] {processor.py:161} INFO - Processing /usr/local/lib/python3.10/dist-packages/airflow/example_dags/tutorial_taskflow_api_etl.py took 0.101 seconds
[2022-06-16 20:08:17,975] {processor.py:153} INFO - Started process (PID=6406) to work on /usr/local/lib/python3.10/dist-packages/airflow/example_dags/tutorial_taskflow_api_etl.py
[2022-06-16 20:08:17,975] {processor.py:641} INFO - Processing file /usr/local/lib/python3.10/dist-packages/airflow/example_dags/tutorial_taskflow_api_etl.py for tasks to queue
[2022-06-16 20:08:17,976] {logging_mixin.py:115} INFO - [2022-06-16 20:08:17,976] {dagbag.py:507} INFO - Filling up the DagBag from /usr/local/lib/python3.10/dist-packages/airflow/example_dags/tutorial_taskflow_api_etl.py
[2022-06-16 20:08:17,993] {processor.py:651} INFO - DAG(s) dict_keys(['tutorial_taskflow_api_etl']) retrieved from /usr/local/lib/python3.10/dist-packages/airflow/example_dags/tutorial_taskflow_api_etl.py
[2022-06-16 20:08:18,044] {logging_mixin.py:115} INFO - [2022-06-16 20:08:18,044] {dag.py:2371} INFO - Sync 1 DAGs
[2022-06-16 20:08:18,063] {logging_mixin.py:115} INFO - [2022-06-16 20:08:18,062] {dag.py:2915} INFO - Setting next_dagrun for tutorial_taskflow_api_etl to None, run_after=None
[2022-06-16 20:08:18,144] {processor.py:161} INFO - Processing /usr/local/lib/python3.10/dist-packages/airflow/example_dags/tutorial_taskflow_api_etl.py took 0.172 seconds
[2022-06-16 20:08:58,109] {processor.py:153} INFO - Started process (PID=6523) to work on /usr/local/lib/python3.10/dist-packages/airflow/example_dags/tutorial_taskflow_api_etl.py
[2022-06-16 20:08:58,109] {processor.py:641} INFO - Processing file /usr/local/lib/python3.10/dist-packages/airflow/example_dags/tutorial_taskflow_api_etl.py for tasks to queue
[2022-06-16 20:08:58,110] {logging_mixin.py:115} INFO - [2022-06-16 20:08:58,110] {dagbag.py:507} INFO - Filling up the DagBag from /usr/local/lib/python3.10/dist-packages/airflow/example_dags/tutorial_taskflow_api_etl.py
[2022-06-16 20:08:58,128] {processor.py:651} INFO - DAG(s) dict_keys(['tutorial_taskflow_api_etl']) retrieved from /usr/local/lib/python3.10/dist-packages/airflow/example_dags/tutorial_taskflow_api_etl.py
[2022-06-16 20:08:58,175] {logging_mixin.py:115} INFO - [2022-06-16 20:08:58,175] {dag.py:2371} INFO - Sync 1 DAGs
[2022-06-16 20:08:58,194] {logging_mixin.py:115} INFO - [2022-06-16 20:08:58,194] {dag.py:2915} INFO - Setting next_dagrun for tutorial_taskflow_api_etl to None, run_after=None
[2022-06-16 20:08:58,217] {processor.py:161} INFO - Processing /usr/local/lib/python3.10/dist-packages/airflow/example_dags/tutorial_taskflow_api_etl.py took 0.111 seconds
[2022-06-16 20:09:33,983] {processor.py:153} INFO - Started process (PID=6608) to work on /usr/local/lib/python3.10/dist-packages/airflow/example_dags/tutorial_taskflow_api_etl.py
[2022-06-16 20:09:33,985] {processor.py:641} INFO - Processing file /usr/local/lib/python3.10/dist-packages/airflow/example_dags/tutorial_taskflow_api_etl.py for tasks to queue
[2022-06-16 20:09:33,986] {logging_mixin.py:115} INFO - [2022-06-16 20:09:33,985] {dagbag.py:507} INFO - Filling up the DagBag from /usr/local/lib/python3.10/dist-packages/airflow/example_dags/tutorial_taskflow_api_etl.py
[2022-06-16 20:09:34,017] {processor.py:651} INFO - DAG(s) dict_keys(['tutorial_taskflow_api_etl']) retrieved from /usr/local/lib/python3.10/dist-packages/airflow/example_dags/tutorial_taskflow_api_etl.py
[2022-06-16 20:09:34,041] {logging_mixin.py:115} INFO - [2022-06-16 20:09:34,041] {dag.py:2371} INFO - Sync 1 DAGs
[2022-06-16 20:09:34,066] {logging_mixin.py:115} INFO - [2022-06-16 20:09:34,066] {dag.py:2915} INFO - Setting next_dagrun for tutorial_taskflow_api_etl to None, run_after=None
[2022-06-16 20:09:34,095] {processor.py:161} INFO - Processing /usr/local/lib/python3.10/dist-packages/airflow/example_dags/tutorial_taskflow_api_etl.py took 0.118 seconds
[2022-06-16 20:10:16,259] {processor.py:153} INFO - Started process (PID=6692) to work on /usr/local/lib/python3.10/dist-packages/airflow/example_dags/tutorial_taskflow_api_etl.py
[2022-06-16 20:10:16,260] {processor.py:641} INFO - Processing file /usr/local/lib/python3.10/dist-packages/airflow/example_dags/tutorial_taskflow_api_etl.py for tasks to queue
[2022-06-16 20:10:16,260] {logging_mixin.py:115} INFO - [2022-06-16 20:10:16,260] {dagbag.py:507} INFO - Filling up the DagBag from /usr/local/lib/python3.10/dist-packages/airflow/example_dags/tutorial_taskflow_api_etl.py
[2022-06-16 20:10:16,278] {processor.py:651} INFO - DAG(s) dict_keys(['tutorial_taskflow_api_etl']) retrieved from /usr/local/lib/python3.10/dist-packages/airflow/example_dags/tutorial_taskflow_api_etl.py
[2022-06-16 20:10:16,293] {logging_mixin.py:115} INFO - [2022-06-16 20:10:16,293] {dag.py:2371} INFO - Sync 1 DAGs
[2022-06-16 20:10:16,312] {logging_mixin.py:115} INFO - [2022-06-16 20:10:16,312] {dag.py:2915} INFO - Setting next_dagrun for tutorial_taskflow_api_etl to None, run_after=None
[2022-06-16 20:10:16,334] {processor.py:161} INFO - Processing /usr/local/lib/python3.10/dist-packages/airflow/example_dags/tutorial_taskflow_api_etl.py took 0.077 seconds
[2022-06-16 20:10:56,593] {processor.py:153} INFO - Started process (PID=6785) to work on /usr/local/lib/python3.10/dist-packages/airflow/example_dags/tutorial_taskflow_api_etl.py
[2022-06-16 20:10:56,594] {processor.py:641} INFO - Processing file /usr/local/lib/python3.10/dist-packages/airflow/example_dags/tutorial_taskflow_api_etl.py for tasks to queue
[2022-06-16 20:10:56,594] {logging_mixin.py:115} INFO - [2022-06-16 20:10:56,594] {dagbag.py:507} INFO - Filling up the DagBag from /usr/local/lib/python3.10/dist-packages/airflow/example_dags/tutorial_taskflow_api_etl.py
[2022-06-16 20:10:56,613] {processor.py:651} INFO - DAG(s) dict_keys(['tutorial_taskflow_api_etl']) retrieved from /usr/local/lib/python3.10/dist-packages/airflow/example_dags/tutorial_taskflow_api_etl.py
[2022-06-16 20:10:56,629] {logging_mixin.py:115} INFO - [2022-06-16 20:10:56,629] {dag.py:2371} INFO - Sync 1 DAGs
[2022-06-16 20:10:56,648] {logging_mixin.py:115} INFO - [2022-06-16 20:10:56,648] {dag.py:2915} INFO - Setting next_dagrun for tutorial_taskflow_api_etl to None, run_after=None
[2022-06-16 20:10:56,771] {processor.py:161} INFO - Processing /usr/local/lib/python3.10/dist-packages/airflow/example_dags/tutorial_taskflow_api_etl.py took 0.180 seconds
[2022-06-16 20:11:34,997] {processor.py:153} INFO - Started process (PID=6873) to work on /usr/local/lib/python3.10/dist-packages/airflow/example_dags/tutorial_taskflow_api_etl.py
[2022-06-16 20:11:34,997] {processor.py:641} INFO - Processing file /usr/local/lib/python3.10/dist-packages/airflow/example_dags/tutorial_taskflow_api_etl.py for tasks to queue
[2022-06-16 20:11:34,998] {logging_mixin.py:115} INFO - [2022-06-16 20:11:34,998] {dagbag.py:507} INFO - Filling up the DagBag from /usr/local/lib/python3.10/dist-packages/airflow/example_dags/tutorial_taskflow_api_etl.py
[2022-06-16 20:11:35,016] {processor.py:651} INFO - DAG(s) dict_keys(['tutorial_taskflow_api_etl']) retrieved from /usr/local/lib/python3.10/dist-packages/airflow/example_dags/tutorial_taskflow_api_etl.py
[2022-06-16 20:11:35,031] {logging_mixin.py:115} INFO - [2022-06-16 20:11:35,031] {dag.py:2371} INFO - Sync 1 DAGs
[2022-06-16 20:11:35,049] {logging_mixin.py:115} INFO - [2022-06-16 20:11:35,049] {dag.py:2915} INFO - Setting next_dagrun for tutorial_taskflow_api_etl to None, run_after=None
[2022-06-16 20:11:35,102] {processor.py:161} INFO - Processing /usr/local/lib/python3.10/dist-packages/airflow/example_dags/tutorial_taskflow_api_etl.py took 0.107 seconds
[2022-06-16 20:12:11,967] {processor.py:153} INFO - Started process (PID=6961) to work on /usr/local/lib/python3.10/dist-packages/airflow/example_dags/tutorial_taskflow_api_etl.py
[2022-06-16 20:12:11,968] {processor.py:641} INFO - Processing file /usr/local/lib/python3.10/dist-packages/airflow/example_dags/tutorial_taskflow_api_etl.py for tasks to queue
[2022-06-16 20:12:11,969] {logging_mixin.py:115} INFO - [2022-06-16 20:12:11,969] {dagbag.py:507} INFO - Filling up the DagBag from /usr/local/lib/python3.10/dist-packages/airflow/example_dags/tutorial_taskflow_api_etl.py
[2022-06-16 20:12:11,990] {processor.py:651} INFO - DAG(s) dict_keys(['tutorial_taskflow_api_etl']) retrieved from /usr/local/lib/python3.10/dist-packages/airflow/example_dags/tutorial_taskflow_api_etl.py
[2022-06-16 20:12:12,050] {logging_mixin.py:115} INFO - [2022-06-16 20:12:12,050] {dag.py:2371} INFO - Sync 1 DAGs
[2022-06-16 20:12:12,071] {logging_mixin.py:115} INFO - [2022-06-16 20:12:12,071] {dag.py:2915} INFO - Setting next_dagrun for tutorial_taskflow_api_etl to None, run_after=None
[2022-06-16 20:12:12,092] {processor.py:161} INFO - Processing /usr/local/lib/python3.10/dist-packages/airflow/example_dags/tutorial_taskflow_api_etl.py took 0.127 seconds
[2022-06-16 20:12:52,158] {processor.py:153} INFO - Started process (PID=7051) to work on /usr/local/lib/python3.10/dist-packages/airflow/example_dags/tutorial_taskflow_api_etl.py
[2022-06-16 20:12:52,159] {processor.py:641} INFO - Processing file /usr/local/lib/python3.10/dist-packages/airflow/example_dags/tutorial_taskflow_api_etl.py for tasks to queue
[2022-06-16 20:12:52,160] {logging_mixin.py:115} INFO - [2022-06-16 20:12:52,160] {dagbag.py:507} INFO - Filling up the DagBag from /usr/local/lib/python3.10/dist-packages/airflow/example_dags/tutorial_taskflow_api_etl.py
[2022-06-16 20:12:52,179] {processor.py:651} INFO - DAG(s) dict_keys(['tutorial_taskflow_api_etl']) retrieved from /usr/local/lib/python3.10/dist-packages/airflow/example_dags/tutorial_taskflow_api_etl.py
[2022-06-16 20:12:52,195] {logging_mixin.py:115} INFO - [2022-06-16 20:12:52,195] {dag.py:2371} INFO - Sync 1 DAGs
[2022-06-16 20:12:52,216] {logging_mixin.py:115} INFO - [2022-06-16 20:12:52,216] {dag.py:2915} INFO - Setting next_dagrun for tutorial_taskflow_api_etl to None, run_after=None
[2022-06-16 20:12:52,234] {processor.py:161} INFO - Processing /usr/local/lib/python3.10/dist-packages/airflow/example_dags/tutorial_taskflow_api_etl.py took 0.079 seconds
[2022-06-16 20:13:31,778] {processor.py:153} INFO - Started process (PID=7151) to work on /usr/local/lib/python3.10/dist-packages/airflow/example_dags/tutorial_taskflow_api_etl.py
[2022-06-16 20:13:31,791] {processor.py:641} INFO - Processing file /usr/local/lib/python3.10/dist-packages/airflow/example_dags/tutorial_taskflow_api_etl.py for tasks to queue
[2022-06-16 20:13:31,792] {logging_mixin.py:115} INFO - [2022-06-16 20:13:31,792] {dagbag.py:507} INFO - Filling up the DagBag from /usr/local/lib/python3.10/dist-packages/airflow/example_dags/tutorial_taskflow_api_etl.py
[2022-06-16 20:13:31,811] {processor.py:651} INFO - DAG(s) dict_keys(['tutorial_taskflow_api_etl']) retrieved from /usr/local/lib/python3.10/dist-packages/airflow/example_dags/tutorial_taskflow_api_etl.py
[2022-06-16 20:13:31,826] {logging_mixin.py:115} INFO - [2022-06-16 20:13:31,826] {dag.py:2371} INFO - Sync 1 DAGs
[2022-06-16 20:13:31,848] {logging_mixin.py:115} INFO - [2022-06-16 20:13:31,848] {dag.py:2915} INFO - Setting next_dagrun for tutorial_taskflow_api_etl to None, run_after=None
[2022-06-16 20:13:31,965] {processor.py:161} INFO - Processing /usr/local/lib/python3.10/dist-packages/airflow/example_dags/tutorial_taskflow_api_etl.py took 0.190 seconds
[2022-06-16 20:14:07,389] {processor.py:153} INFO - Started process (PID=7265) to work on /usr/local/lib/python3.10/dist-packages/airflow/example_dags/tutorial_taskflow_api_etl.py
[2022-06-16 20:14:07,390] {processor.py:641} INFO - Processing file /usr/local/lib/python3.10/dist-packages/airflow/example_dags/tutorial_taskflow_api_etl.py for tasks to queue
[2022-06-16 20:14:07,391] {logging_mixin.py:115} INFO - [2022-06-16 20:14:07,390] {dagbag.py:507} INFO - Filling up the DagBag from /usr/local/lib/python3.10/dist-packages/airflow/example_dags/tutorial_taskflow_api_etl.py
[2022-06-16 20:14:07,409] {processor.py:651} INFO - DAG(s) dict_keys(['tutorial_taskflow_api_etl']) retrieved from /usr/local/lib/python3.10/dist-packages/airflow/example_dags/tutorial_taskflow_api_etl.py
[2022-06-16 20:14:07,462] {logging_mixin.py:115} INFO - [2022-06-16 20:14:07,462] {dag.py:2371} INFO - Sync 1 DAGs
[2022-06-16 20:14:07,480] {logging_mixin.py:115} INFO - [2022-06-16 20:14:07,480] {dag.py:2915} INFO - Setting next_dagrun for tutorial_taskflow_api_etl to None, run_after=None
[2022-06-16 20:14:07,501] {processor.py:161} INFO - Processing /usr/local/lib/python3.10/dist-packages/airflow/example_dags/tutorial_taskflow_api_etl.py took 0.115 seconds
[2022-06-16 20:14:45,227] {processor.py:153} INFO - Started process (PID=7357) to work on /usr/local/lib/python3.10/dist-packages/airflow/example_dags/tutorial_taskflow_api_etl.py
[2022-06-16 20:14:45,227] {processor.py:641} INFO - Processing file /usr/local/lib/python3.10/dist-packages/airflow/example_dags/tutorial_taskflow_api_etl.py for tasks to queue
[2022-06-16 20:14:45,228] {logging_mixin.py:115} INFO - [2022-06-16 20:14:45,228] {dagbag.py:507} INFO - Filling up the DagBag from /usr/local/lib/python3.10/dist-packages/airflow/example_dags/tutorial_taskflow_api_etl.py
[2022-06-16 20:14:45,245] {processor.py:651} INFO - DAG(s) dict_keys(['tutorial_taskflow_api_etl']) retrieved from /usr/local/lib/python3.10/dist-packages/airflow/example_dags/tutorial_taskflow_api_etl.py
[2022-06-16 20:14:45,260] {logging_mixin.py:115} INFO - [2022-06-16 20:14:45,260] {dag.py:2371} INFO - Sync 1 DAGs
[2022-06-16 20:14:45,279] {logging_mixin.py:115} INFO - [2022-06-16 20:14:45,279] {dag.py:2915} INFO - Setting next_dagrun for tutorial_taskflow_api_etl to None, run_after=None
[2022-06-16 20:14:45,297] {processor.py:161} INFO - Processing /usr/local/lib/python3.10/dist-packages/airflow/example_dags/tutorial_taskflow_api_etl.py took 0.073 seconds
[2022-06-16 20:15:24,364] {processor.py:153} INFO - Started process (PID=7453) to work on /usr/local/lib/python3.10/dist-packages/airflow/example_dags/tutorial_taskflow_api_etl.py
[2022-06-16 20:15:24,364] {processor.py:641} INFO - Processing file /usr/local/lib/python3.10/dist-packages/airflow/example_dags/tutorial_taskflow_api_etl.py for tasks to queue
[2022-06-16 20:15:24,365] {logging_mixin.py:115} INFO - [2022-06-16 20:15:24,365] {dagbag.py:507} INFO - Filling up the DagBag from /usr/local/lib/python3.10/dist-packages/airflow/example_dags/tutorial_taskflow_api_etl.py
[2022-06-16 20:15:24,393] {processor.py:651} INFO - DAG(s) dict_keys(['tutorial_taskflow_api_etl']) retrieved from /usr/local/lib/python3.10/dist-packages/airflow/example_dags/tutorial_taskflow_api_etl.py
[2022-06-16 20:15:24,413] {logging_mixin.py:115} INFO - [2022-06-16 20:15:24,413] {dag.py:2371} INFO - Sync 1 DAGs
[2022-06-16 20:15:24,437] {logging_mixin.py:115} INFO - [2022-06-16 20:15:24,436] {dag.py:2915} INFO - Setting next_dagrun for tutorial_taskflow_api_etl to None, run_after=None
[2022-06-16 20:15:24,457] {processor.py:161} INFO - Processing /usr/local/lib/python3.10/dist-packages/airflow/example_dags/tutorial_taskflow_api_etl.py took 0.096 seconds
[2022-06-16 20:16:00,133] {processor.py:153} INFO - Started process (PID=7537) to work on /usr/local/lib/python3.10/dist-packages/airflow/example_dags/tutorial_taskflow_api_etl.py
[2022-06-16 20:16:00,133] {processor.py:641} INFO - Processing file /usr/local/lib/python3.10/dist-packages/airflow/example_dags/tutorial_taskflow_api_etl.py for tasks to queue
[2022-06-16 20:16:00,134] {logging_mixin.py:115} INFO - [2022-06-16 20:16:00,134] {dagbag.py:507} INFO - Filling up the DagBag from /usr/local/lib/python3.10/dist-packages/airflow/example_dags/tutorial_taskflow_api_etl.py
[2022-06-16 20:16:00,152] {processor.py:651} INFO - DAG(s) dict_keys(['tutorial_taskflow_api_etl']) retrieved from /usr/local/lib/python3.10/dist-packages/airflow/example_dags/tutorial_taskflow_api_etl.py
[2022-06-16 20:16:00,167] {logging_mixin.py:115} INFO - [2022-06-16 20:16:00,167] {dag.py:2371} INFO - Sync 1 DAGs
[2022-06-16 20:16:00,187] {logging_mixin.py:115} INFO - [2022-06-16 20:16:00,187] {dag.py:2915} INFO - Setting next_dagrun for tutorial_taskflow_api_etl to None, run_after=None
[2022-06-16 20:16:00,304] {processor.py:161} INFO - Processing /usr/local/lib/python3.10/dist-packages/airflow/example_dags/tutorial_taskflow_api_etl.py took 0.174 seconds
[2022-06-16 20:16:36,070] {processor.py:153} INFO - Started process (PID=7615) to work on /usr/local/lib/python3.10/dist-packages/airflow/example_dags/tutorial_taskflow_api_etl.py
[2022-06-16 20:16:36,071] {processor.py:641} INFO - Processing file /usr/local/lib/python3.10/dist-packages/airflow/example_dags/tutorial_taskflow_api_etl.py for tasks to queue
[2022-06-16 20:16:36,071] {logging_mixin.py:115} INFO - [2022-06-16 20:16:36,071] {dagbag.py:507} INFO - Filling up the DagBag from /usr/local/lib/python3.10/dist-packages/airflow/example_dags/tutorial_taskflow_api_etl.py
[2022-06-16 20:16:36,088] {processor.py:651} INFO - DAG(s) dict_keys(['tutorial_taskflow_api_etl']) retrieved from /usr/local/lib/python3.10/dist-packages/airflow/example_dags/tutorial_taskflow_api_etl.py
[2022-06-16 20:16:36,103] {logging_mixin.py:115} INFO - [2022-06-16 20:16:36,103] {dag.py:2371} INFO - Sync 1 DAGs
[2022-06-16 20:16:36,122] {logging_mixin.py:115} INFO - [2022-06-16 20:16:36,122] {dag.py:2915} INFO - Setting next_dagrun for tutorial_taskflow_api_etl to None, run_after=None
[2022-06-16 20:16:36,183] {processor.py:161} INFO - Processing /usr/local/lib/python3.10/dist-packages/airflow/example_dags/tutorial_taskflow_api_etl.py took 0.115 seconds
[2022-06-16 20:17:17,378] {processor.py:153} INFO - Started process (PID=7714) to work on /usr/local/lib/python3.10/dist-packages/airflow/example_dags/tutorial_taskflow_api_etl.py
[2022-06-16 20:17:17,379] {processor.py:641} INFO - Processing file /usr/local/lib/python3.10/dist-packages/airflow/example_dags/tutorial_taskflow_api_etl.py for tasks to queue
[2022-06-16 20:17:17,380] {logging_mixin.py:115} INFO - [2022-06-16 20:17:17,380] {dagbag.py:507} INFO - Filling up the DagBag from /usr/local/lib/python3.10/dist-packages/airflow/example_dags/tutorial_taskflow_api_etl.py
[2022-06-16 20:17:17,398] {processor.py:651} INFO - DAG(s) dict_keys(['tutorial_taskflow_api_etl']) retrieved from /usr/local/lib/python3.10/dist-packages/airflow/example_dags/tutorial_taskflow_api_etl.py
[2022-06-16 20:17:17,412] {logging_mixin.py:115} INFO - [2022-06-16 20:17:17,412] {dag.py:2371} INFO - Sync 1 DAGs
[2022-06-16 20:17:17,430] {logging_mixin.py:115} INFO - [2022-06-16 20:17:17,430] {dag.py:2915} INFO - Setting next_dagrun for tutorial_taskflow_api_etl to None, run_after=None
[2022-06-16 20:17:17,461] {processor.py:161} INFO - Processing /usr/local/lib/python3.10/dist-packages/airflow/example_dags/tutorial_taskflow_api_etl.py took 0.087 seconds
[2022-06-16 20:17:55,320] {processor.py:153} INFO - Started process (PID=7805) to work on /usr/local/lib/python3.10/dist-packages/airflow/example_dags/tutorial_taskflow_api_etl.py
[2022-06-16 20:17:55,320] {processor.py:641} INFO - Processing file /usr/local/lib/python3.10/dist-packages/airflow/example_dags/tutorial_taskflow_api_etl.py for tasks to queue
[2022-06-16 20:17:55,321] {logging_mixin.py:115} INFO - [2022-06-16 20:17:55,321] {dagbag.py:507} INFO - Filling up the DagBag from /usr/local/lib/python3.10/dist-packages/airflow/example_dags/tutorial_taskflow_api_etl.py
[2022-06-16 20:17:55,343] {processor.py:651} INFO - DAG(s) dict_keys(['tutorial_taskflow_api_etl']) retrieved from /usr/local/lib/python3.10/dist-packages/airflow/example_dags/tutorial_taskflow_api_etl.py
[2022-06-16 20:17:55,357] {logging_mixin.py:115} INFO - [2022-06-16 20:17:55,357] {dag.py:2371} INFO - Sync 1 DAGs
[2022-06-16 20:17:55,378] {logging_mixin.py:115} INFO - [2022-06-16 20:17:55,378] {dag.py:2915} INFO - Setting next_dagrun for tutorial_taskflow_api_etl to None, run_after=None
[2022-06-16 20:17:55,397] {processor.py:161} INFO - Processing /usr/local/lib/python3.10/dist-packages/airflow/example_dags/tutorial_taskflow_api_etl.py took 0.080 seconds
[2022-06-16 20:18:34,336] {processor.py:153} INFO - Started process (PID=7874) to work on /usr/local/lib/python3.10/dist-packages/airflow/example_dags/tutorial_taskflow_api_etl.py
[2022-06-16 20:18:34,337] {processor.py:641} INFO - Processing file /usr/local/lib/python3.10/dist-packages/airflow/example_dags/tutorial_taskflow_api_etl.py for tasks to queue
[2022-06-16 20:18:34,338] {logging_mixin.py:115} INFO - [2022-06-16 20:18:34,338] {dagbag.py:507} INFO - Filling up the DagBag from /usr/local/lib/python3.10/dist-packages/airflow/example_dags/tutorial_taskflow_api_etl.py
[2022-06-16 20:18:34,356] {processor.py:651} INFO - DAG(s) dict_keys(['tutorial_taskflow_api_etl']) retrieved from /usr/local/lib/python3.10/dist-packages/airflow/example_dags/tutorial_taskflow_api_etl.py
[2022-06-16 20:18:34,376] {logging_mixin.py:115} INFO - [2022-06-16 20:18:34,375] {dag.py:2371} INFO - Sync 1 DAGs
[2022-06-16 20:18:34,403] {logging_mixin.py:115} INFO - [2022-06-16 20:18:34,403] {dag.py:2915} INFO - Setting next_dagrun for tutorial_taskflow_api_etl to None, run_after=None
[2022-06-16 20:18:34,421] {processor.py:161} INFO - Processing /usr/local/lib/python3.10/dist-packages/airflow/example_dags/tutorial_taskflow_api_etl.py took 0.087 seconds
[2022-06-16 20:19:13,499] {processor.py:153} INFO - Started process (PID=7958) to work on /usr/local/lib/python3.10/dist-packages/airflow/example_dags/tutorial_taskflow_api_etl.py
[2022-06-16 20:19:13,500] {processor.py:641} INFO - Processing file /usr/local/lib/python3.10/dist-packages/airflow/example_dags/tutorial_taskflow_api_etl.py for tasks to queue
[2022-06-16 20:19:13,500] {logging_mixin.py:115} INFO - [2022-06-16 20:19:13,500] {dagbag.py:507} INFO - Filling up the DagBag from /usr/local/lib/python3.10/dist-packages/airflow/example_dags/tutorial_taskflow_api_etl.py
[2022-06-16 20:19:13,518] {processor.py:651} INFO - DAG(s) dict_keys(['tutorial_taskflow_api_etl']) retrieved from /usr/local/lib/python3.10/dist-packages/airflow/example_dags/tutorial_taskflow_api_etl.py
[2022-06-16 20:19:13,564] {logging_mixin.py:115} INFO - [2022-06-16 20:19:13,564] {dag.py:2371} INFO - Sync 1 DAGs
[2022-06-16 20:19:13,581] {logging_mixin.py:115} INFO - [2022-06-16 20:19:13,581] {dag.py:2915} INFO - Setting next_dagrun for tutorial_taskflow_api_etl to None, run_after=None
[2022-06-16 20:19:13,601] {processor.py:161} INFO - Processing /usr/local/lib/python3.10/dist-packages/airflow/example_dags/tutorial_taskflow_api_etl.py took 0.104 seconds
[2022-06-16 20:19:52,284] {processor.py:153} INFO - Started process (PID=8025) to work on /usr/local/lib/python3.10/dist-packages/airflow/example_dags/tutorial_taskflow_api_etl.py
[2022-06-16 20:19:52,285] {processor.py:641} INFO - Processing file /usr/local/lib/python3.10/dist-packages/airflow/example_dags/tutorial_taskflow_api_etl.py for tasks to queue
[2022-06-16 20:19:52,285] {logging_mixin.py:115} INFO - [2022-06-16 20:19:52,285] {dagbag.py:507} INFO - Filling up the DagBag from /usr/local/lib/python3.10/dist-packages/airflow/example_dags/tutorial_taskflow_api_etl.py
[2022-06-16 20:19:52,303] {processor.py:651} INFO - DAG(s) dict_keys(['tutorial_taskflow_api_etl']) retrieved from /usr/local/lib/python3.10/dist-packages/airflow/example_dags/tutorial_taskflow_api_etl.py
[2022-06-16 20:19:52,350] {logging_mixin.py:115} INFO - [2022-06-16 20:19:52,350] {dag.py:2371} INFO - Sync 1 DAGs
[2022-06-16 20:19:52,367] {logging_mixin.py:115} INFO - [2022-06-16 20:19:52,367] {dag.py:2915} INFO - Setting next_dagrun for tutorial_taskflow_api_etl to None, run_after=None
[2022-06-16 20:19:52,388] {processor.py:161} INFO - Processing /usr/local/lib/python3.10/dist-packages/airflow/example_dags/tutorial_taskflow_api_etl.py took 0.107 seconds
[2022-06-16 20:20:30,048] {processor.py:153} INFO - Started process (PID=8081) to work on /usr/local/lib/python3.10/dist-packages/airflow/example_dags/tutorial_taskflow_api_etl.py
[2022-06-16 20:20:30,049] {processor.py:641} INFO - Processing file /usr/local/lib/python3.10/dist-packages/airflow/example_dags/tutorial_taskflow_api_etl.py for tasks to queue
[2022-06-16 20:20:30,050] {logging_mixin.py:115} INFO - [2022-06-16 20:20:30,049] {dagbag.py:507} INFO - Filling up the DagBag from /usr/local/lib/python3.10/dist-packages/airflow/example_dags/tutorial_taskflow_api_etl.py
[2022-06-16 20:20:30,068] {processor.py:651} INFO - DAG(s) dict_keys(['tutorial_taskflow_api_etl']) retrieved from /usr/local/lib/python3.10/dist-packages/airflow/example_dags/tutorial_taskflow_api_etl.py
[2022-06-16 20:20:30,083] {logging_mixin.py:115} INFO - [2022-06-16 20:20:30,083] {dag.py:2371} INFO - Sync 1 DAGs
[2022-06-16 20:20:30,102] {logging_mixin.py:115} INFO - [2022-06-16 20:20:30,102] {dag.py:2915} INFO - Setting next_dagrun for tutorial_taskflow_api_etl to None, run_after=None
[2022-06-16 20:20:30,122] {processor.py:161} INFO - Processing /usr/local/lib/python3.10/dist-packages/airflow/example_dags/tutorial_taskflow_api_etl.py took 0.076 seconds
[2022-06-16 20:21:09,475] {processor.py:153} INFO - Started process (PID=8132) to work on /usr/local/lib/python3.10/dist-packages/airflow/example_dags/tutorial_taskflow_api_etl.py
[2022-06-16 20:21:09,476] {processor.py:641} INFO - Processing file /usr/local/lib/python3.10/dist-packages/airflow/example_dags/tutorial_taskflow_api_etl.py for tasks to queue
[2022-06-16 20:21:09,476] {logging_mixin.py:115} INFO - [2022-06-16 20:21:09,476] {dagbag.py:507} INFO - Filling up the DagBag from /usr/local/lib/python3.10/dist-packages/airflow/example_dags/tutorial_taskflow_api_etl.py
[2022-06-16 20:21:09,499] {processor.py:651} INFO - DAG(s) dict_keys(['tutorial_taskflow_api_etl']) retrieved from /usr/local/lib/python3.10/dist-packages/airflow/example_dags/tutorial_taskflow_api_etl.py
[2022-06-16 20:21:09,517] {logging_mixin.py:115} INFO - [2022-06-16 20:21:09,517] {dag.py:2371} INFO - Sync 1 DAGs
[2022-06-16 20:21:09,538] {logging_mixin.py:115} INFO - [2022-06-16 20:21:09,538] {dag.py:2915} INFO - Setting next_dagrun for tutorial_taskflow_api_etl to None, run_after=None
[2022-06-16 20:21:09,654] {processor.py:161} INFO - Processing /usr/local/lib/python3.10/dist-packages/airflow/example_dags/tutorial_taskflow_api_etl.py took 0.182 seconds
[2022-06-16 20:21:47,196] {processor.py:153} INFO - Started process (PID=8170) to work on /usr/local/lib/python3.10/dist-packages/airflow/example_dags/tutorial_taskflow_api_etl.py
[2022-06-16 20:21:47,197] {processor.py:641} INFO - Processing file /usr/local/lib/python3.10/dist-packages/airflow/example_dags/tutorial_taskflow_api_etl.py for tasks to queue
[2022-06-16 20:21:47,198] {logging_mixin.py:115} INFO - [2022-06-16 20:21:47,197] {dagbag.py:507} INFO - Filling up the DagBag from /usr/local/lib/python3.10/dist-packages/airflow/example_dags/tutorial_taskflow_api_etl.py
[2022-06-16 20:21:47,216] {processor.py:651} INFO - DAG(s) dict_keys(['tutorial_taskflow_api_etl']) retrieved from /usr/local/lib/python3.10/dist-packages/airflow/example_dags/tutorial_taskflow_api_etl.py
[2022-06-16 20:21:47,231] {logging_mixin.py:115} INFO - [2022-06-16 20:21:47,231] {dag.py:2371} INFO - Sync 1 DAGs
[2022-06-16 20:21:47,249] {logging_mixin.py:115} INFO - [2022-06-16 20:21:47,249] {dag.py:2915} INFO - Setting next_dagrun for tutorial_taskflow_api_etl to None, run_after=None
[2022-06-16 20:21:47,294] {processor.py:161} INFO - Processing /usr/local/lib/python3.10/dist-packages/airflow/example_dags/tutorial_taskflow_api_etl.py took 0.101 seconds
[2022-06-16 20:22:25,818] {processor.py:153} INFO - Started process (PID=8215) to work on /usr/local/lib/python3.10/dist-packages/airflow/example_dags/tutorial_taskflow_api_etl.py
[2022-06-16 20:22:25,818] {processor.py:641} INFO - Processing file /usr/local/lib/python3.10/dist-packages/airflow/example_dags/tutorial_taskflow_api_etl.py for tasks to queue
[2022-06-16 20:22:25,819] {logging_mixin.py:115} INFO - [2022-06-16 20:22:25,819] {dagbag.py:507} INFO - Filling up the DagBag from /usr/local/lib/python3.10/dist-packages/airflow/example_dags/tutorial_taskflow_api_etl.py
[2022-06-16 20:22:25,836] {processor.py:651} INFO - DAG(s) dict_keys(['tutorial_taskflow_api_etl']) retrieved from /usr/local/lib/python3.10/dist-packages/airflow/example_dags/tutorial_taskflow_api_etl.py
[2022-06-16 20:22:25,852] {logging_mixin.py:115} INFO - [2022-06-16 20:22:25,852] {dag.py:2371} INFO - Sync 1 DAGs
[2022-06-16 20:22:25,870] {logging_mixin.py:115} INFO - [2022-06-16 20:22:25,870] {dag.py:2915} INFO - Setting next_dagrun for tutorial_taskflow_api_etl to None, run_after=None
[2022-06-16 20:22:25,890] {processor.py:161} INFO - Processing /usr/local/lib/python3.10/dist-packages/airflow/example_dags/tutorial_taskflow_api_etl.py took 0.074 seconds
[2022-06-16 20:23:04,289] {processor.py:153} INFO - Started process (PID=8277) to work on /usr/local/lib/python3.10/dist-packages/airflow/example_dags/tutorial_taskflow_api_etl.py
[2022-06-16 20:23:04,289] {processor.py:641} INFO - Processing file /usr/local/lib/python3.10/dist-packages/airflow/example_dags/tutorial_taskflow_api_etl.py for tasks to queue
[2022-06-16 20:23:04,290] {logging_mixin.py:115} INFO - [2022-06-16 20:23:04,290] {dagbag.py:507} INFO - Filling up the DagBag from /usr/local/lib/python3.10/dist-packages/airflow/example_dags/tutorial_taskflow_api_etl.py
[2022-06-16 20:23:04,310] {processor.py:651} INFO - DAG(s) dict_keys(['tutorial_taskflow_api_etl']) retrieved from /usr/local/lib/python3.10/dist-packages/airflow/example_dags/tutorial_taskflow_api_etl.py
[2022-06-16 20:23:04,325] {logging_mixin.py:115} INFO - [2022-06-16 20:23:04,325] {dag.py:2371} INFO - Sync 1 DAGs
[2022-06-16 20:23:04,344] {logging_mixin.py:115} INFO - [2022-06-16 20:23:04,343] {dag.py:2915} INFO - Setting next_dagrun for tutorial_taskflow_api_etl to None, run_after=None
[2022-06-16 20:23:04,362] {processor.py:161} INFO - Processing /usr/local/lib/python3.10/dist-packages/airflow/example_dags/tutorial_taskflow_api_etl.py took 0.076 seconds
[2022-06-16 20:23:41,907] {processor.py:153} INFO - Started process (PID=8317) to work on /usr/local/lib/python3.10/dist-packages/airflow/example_dags/tutorial_taskflow_api_etl.py
[2022-06-16 20:23:41,908] {processor.py:641} INFO - Processing file /usr/local/lib/python3.10/dist-packages/airflow/example_dags/tutorial_taskflow_api_etl.py for tasks to queue
[2022-06-16 20:23:41,909] {logging_mixin.py:115} INFO - [2022-06-16 20:23:41,908] {dagbag.py:507} INFO - Filling up the DagBag from /usr/local/lib/python3.10/dist-packages/airflow/example_dags/tutorial_taskflow_api_etl.py
[2022-06-16 20:23:41,927] {processor.py:651} INFO - DAG(s) dict_keys(['tutorial_taskflow_api_etl']) retrieved from /usr/local/lib/python3.10/dist-packages/airflow/example_dags/tutorial_taskflow_api_etl.py
[2022-06-16 20:23:41,942] {logging_mixin.py:115} INFO - [2022-06-16 20:23:41,942] {dag.py:2371} INFO - Sync 1 DAGs
[2022-06-16 20:23:41,960] {logging_mixin.py:115} INFO - [2022-06-16 20:23:41,960] {dag.py:2915} INFO - Setting next_dagrun for tutorial_taskflow_api_etl to None, run_after=None
[2022-06-16 20:23:41,991] {processor.py:161} INFO - Processing /usr/local/lib/python3.10/dist-packages/airflow/example_dags/tutorial_taskflow_api_etl.py took 0.086 seconds
[2022-06-16 20:24:21,223] {processor.py:153} INFO - Started process (PID=8399) to work on /usr/local/lib/python3.10/dist-packages/airflow/example_dags/tutorial_taskflow_api_etl.py
[2022-06-16 20:24:21,224] {processor.py:641} INFO - Processing file /usr/local/lib/python3.10/dist-packages/airflow/example_dags/tutorial_taskflow_api_etl.py for tasks to queue
[2022-06-16 20:24:21,224] {logging_mixin.py:115} INFO - [2022-06-16 20:24:21,224] {dagbag.py:507} INFO - Filling up the DagBag from /usr/local/lib/python3.10/dist-packages/airflow/example_dags/tutorial_taskflow_api_etl.py
[2022-06-16 20:24:21,243] {processor.py:651} INFO - DAG(s) dict_keys(['tutorial_taskflow_api_etl']) retrieved from /usr/local/lib/python3.10/dist-packages/airflow/example_dags/tutorial_taskflow_api_etl.py
[2022-06-16 20:24:21,293] {logging_mixin.py:115} INFO - [2022-06-16 20:24:21,293] {dag.py:2371} INFO - Sync 1 DAGs
[2022-06-16 20:24:21,310] {logging_mixin.py:115} INFO - [2022-06-16 20:24:21,310] {dag.py:2915} INFO - Setting next_dagrun for tutorial_taskflow_api_etl to None, run_after=None
[2022-06-16 20:24:21,407] {processor.py:161} INFO - Processing /usr/local/lib/python3.10/dist-packages/airflow/example_dags/tutorial_taskflow_api_etl.py took 0.187 seconds
[2022-06-16 20:25:01,157] {processor.py:153} INFO - Started process (PID=8461) to work on /usr/local/lib/python3.10/dist-packages/airflow/example_dags/tutorial_taskflow_api_etl.py
[2022-06-16 20:25:01,157] {processor.py:641} INFO - Processing file /usr/local/lib/python3.10/dist-packages/airflow/example_dags/tutorial_taskflow_api_etl.py for tasks to queue
[2022-06-16 20:25:01,158] {logging_mixin.py:115} INFO - [2022-06-16 20:25:01,158] {dagbag.py:507} INFO - Filling up the DagBag from /usr/local/lib/python3.10/dist-packages/airflow/example_dags/tutorial_taskflow_api_etl.py
[2022-06-16 20:25:01,176] {processor.py:651} INFO - DAG(s) dict_keys(['tutorial_taskflow_api_etl']) retrieved from /usr/local/lib/python3.10/dist-packages/airflow/example_dags/tutorial_taskflow_api_etl.py
[2022-06-16 20:25:01,192] {logging_mixin.py:115} INFO - [2022-06-16 20:25:01,192] {dag.py:2371} INFO - Sync 1 DAGs
[2022-06-16 20:25:01,212] {logging_mixin.py:115} INFO - [2022-06-16 20:25:01,212] {dag.py:2915} INFO - Setting next_dagrun for tutorial_taskflow_api_etl to None, run_after=None
[2022-06-16 20:25:01,262] {processor.py:161} INFO - Processing /usr/local/lib/python3.10/dist-packages/airflow/example_dags/tutorial_taskflow_api_etl.py took 0.108 seconds
[2022-06-16 20:25:38,977] {processor.py:153} INFO - Started process (PID=8505) to work on /usr/local/lib/python3.10/dist-packages/airflow/example_dags/tutorial_taskflow_api_etl.py
[2022-06-16 20:25:38,982] {processor.py:641} INFO - Processing file /usr/local/lib/python3.10/dist-packages/airflow/example_dags/tutorial_taskflow_api_etl.py for tasks to queue
[2022-06-16 20:25:38,983] {logging_mixin.py:115} INFO - [2022-06-16 20:25:38,982] {dagbag.py:507} INFO - Filling up the DagBag from /usr/local/lib/python3.10/dist-packages/airflow/example_dags/tutorial_taskflow_api_etl.py
[2022-06-16 20:25:39,003] {processor.py:651} INFO - DAG(s) dict_keys(['tutorial_taskflow_api_etl']) retrieved from /usr/local/lib/python3.10/dist-packages/airflow/example_dags/tutorial_taskflow_api_etl.py
[2022-06-16 20:25:39,019] {logging_mixin.py:115} INFO - [2022-06-16 20:25:39,019] {dag.py:2371} INFO - Sync 1 DAGs
[2022-06-16 20:25:39,038] {logging_mixin.py:115} INFO - [2022-06-16 20:25:39,038] {dag.py:2915} INFO - Setting next_dagrun for tutorial_taskflow_api_etl to None, run_after=None
[2022-06-16 20:25:39,058] {processor.py:161} INFO - Processing /usr/local/lib/python3.10/dist-packages/airflow/example_dags/tutorial_taskflow_api_etl.py took 0.084 seconds
[2022-06-16 20:26:15,780] {processor.py:153} INFO - Started process (PID=8548) to work on /usr/local/lib/python3.10/dist-packages/airflow/example_dags/tutorial_taskflow_api_etl.py
[2022-06-16 20:26:15,781] {processor.py:641} INFO - Processing file /usr/local/lib/python3.10/dist-packages/airflow/example_dags/tutorial_taskflow_api_etl.py for tasks to queue
[2022-06-16 20:26:15,781] {logging_mixin.py:115} INFO - [2022-06-16 20:26:15,781] {dagbag.py:507} INFO - Filling up the DagBag from /usr/local/lib/python3.10/dist-packages/airflow/example_dags/tutorial_taskflow_api_etl.py
[2022-06-16 20:26:15,800] {processor.py:651} INFO - DAG(s) dict_keys(['tutorial_taskflow_api_etl']) retrieved from /usr/local/lib/python3.10/dist-packages/airflow/example_dags/tutorial_taskflow_api_etl.py
[2022-06-16 20:26:15,815] {logging_mixin.py:115} INFO - [2022-06-16 20:26:15,815] {dag.py:2371} INFO - Sync 1 DAGs
[2022-06-16 20:26:15,834] {logging_mixin.py:115} INFO - [2022-06-16 20:26:15,833] {dag.py:2915} INFO - Setting next_dagrun for tutorial_taskflow_api_etl to None, run_after=None
[2022-06-16 20:26:15,870] {processor.py:161} INFO - Processing /usr/local/lib/python3.10/dist-packages/airflow/example_dags/tutorial_taskflow_api_etl.py took 0.092 seconds
