[2022-06-16 19:59:23,397] {processor.py:153} INFO - Started process (PID=4966) to work on /usr/local/lib/python3.10/dist-packages/airflow/example_dags/tutorial_taskflow_api_etl_virtualenv.py
[2022-06-16 19:59:23,398] {processor.py:641} INFO - Processing file /usr/local/lib/python3.10/dist-packages/airflow/example_dags/tutorial_taskflow_api_etl_virtualenv.py for tasks to queue
[2022-06-16 19:59:23,400] {logging_mixin.py:115} INFO - [2022-06-16 19:59:23,400] {dagbag.py:507} INFO - Filling up the DagBag from /usr/local/lib/python3.10/dist-packages/airflow/example_dags/tutorial_taskflow_api_etl_virtualenv.py
[2022-06-16 19:59:23,430] {processor.py:651} INFO - DAG(s) dict_keys(['tutorial_taskflow_api_etl_virtualenv']) retrieved from /usr/local/lib/python3.10/dist-packages/airflow/example_dags/tutorial_taskflow_api_etl_virtualenv.py
[2022-06-16 19:59:23,513] {logging_mixin.py:115} INFO - [2022-06-16 19:59:23,512] {dag.py:2371} INFO - Sync 1 DAGs
[2022-06-16 19:59:23,547] {logging_mixin.py:115} INFO - [2022-06-16 19:59:23,547] {dag.py:2915} INFO - Setting next_dagrun for tutorial_taskflow_api_etl_virtualenv to None, run_after=None
[2022-06-16 19:59:23,615] {processor.py:161} INFO - Processing /usr/local/lib/python3.10/dist-packages/airflow/example_dags/tutorial_taskflow_api_etl_virtualenv.py took 0.222 seconds
[2022-06-16 20:00:03,724] {processor.py:153} INFO - Started process (PID=5121) to work on /usr/local/lib/python3.10/dist-packages/airflow/example_dags/tutorial_taskflow_api_etl_virtualenv.py
[2022-06-16 20:00:03,725] {processor.py:641} INFO - Processing file /usr/local/lib/python3.10/dist-packages/airflow/example_dags/tutorial_taskflow_api_etl_virtualenv.py for tasks to queue
[2022-06-16 20:00:03,726] {logging_mixin.py:115} INFO - [2022-06-16 20:00:03,725] {dagbag.py:507} INFO - Filling up the DagBag from /usr/local/lib/python3.10/dist-packages/airflow/example_dags/tutorial_taskflow_api_etl_virtualenv.py
[2022-06-16 20:00:03,744] {processor.py:651} INFO - DAG(s) dict_keys(['tutorial_taskflow_api_etl_virtualenv']) retrieved from /usr/local/lib/python3.10/dist-packages/airflow/example_dags/tutorial_taskflow_api_etl_virtualenv.py
[2022-06-16 20:00:03,798] {logging_mixin.py:115} INFO - [2022-06-16 20:00:03,798] {dag.py:2371} INFO - Sync 1 DAGs
[2022-06-16 20:00:03,817] {logging_mixin.py:115} INFO - [2022-06-16 20:00:03,817] {dag.py:2915} INFO - Setting next_dagrun for tutorial_taskflow_api_etl_virtualenv to None, run_after=None
[2022-06-16 20:00:03,837] {processor.py:161} INFO - Processing /usr/local/lib/python3.10/dist-packages/airflow/example_dags/tutorial_taskflow_api_etl_virtualenv.py took 0.115 seconds
[2022-06-16 20:00:42,149] {processor.py:153} INFO - Started process (PID=5232) to work on /usr/local/lib/python3.10/dist-packages/airflow/example_dags/tutorial_taskflow_api_etl_virtualenv.py
[2022-06-16 20:00:42,207] {processor.py:641} INFO - Processing file /usr/local/lib/python3.10/dist-packages/airflow/example_dags/tutorial_taskflow_api_etl_virtualenv.py for tasks to queue
[2022-06-16 20:00:42,208] {logging_mixin.py:115} INFO - [2022-06-16 20:00:42,207] {dagbag.py:507} INFO - Filling up the DagBag from /usr/local/lib/python3.10/dist-packages/airflow/example_dags/tutorial_taskflow_api_etl_virtualenv.py
[2022-06-16 20:00:42,243] {processor.py:651} INFO - DAG(s) dict_keys(['tutorial_taskflow_api_etl_virtualenv']) retrieved from /usr/local/lib/python3.10/dist-packages/airflow/example_dags/tutorial_taskflow_api_etl_virtualenv.py
[2022-06-16 20:00:42,266] {logging_mixin.py:115} INFO - [2022-06-16 20:00:42,265] {dag.py:2371} INFO - Sync 1 DAGs
[2022-06-16 20:00:42,287] {logging_mixin.py:115} INFO - [2022-06-16 20:00:42,287] {dag.py:2915} INFO - Setting next_dagrun for tutorial_taskflow_api_etl_virtualenv to None, run_after=None
[2022-06-16 20:00:42,386] {processor.py:161} INFO - Processing /usr/local/lib/python3.10/dist-packages/airflow/example_dags/tutorial_taskflow_api_etl_virtualenv.py took 0.241 seconds
[2022-06-16 20:01:21,737] {processor.py:153} INFO - Started process (PID=5377) to work on /usr/local/lib/python3.10/dist-packages/airflow/example_dags/tutorial_taskflow_api_etl_virtualenv.py
[2022-06-16 20:01:21,738] {processor.py:641} INFO - Processing file /usr/local/lib/python3.10/dist-packages/airflow/example_dags/tutorial_taskflow_api_etl_virtualenv.py for tasks to queue
[2022-06-16 20:01:21,738] {logging_mixin.py:115} INFO - [2022-06-16 20:01:21,738] {dagbag.py:507} INFO - Filling up the DagBag from /usr/local/lib/python3.10/dist-packages/airflow/example_dags/tutorial_taskflow_api_etl_virtualenv.py
[2022-06-16 20:01:21,758] {processor.py:651} INFO - DAG(s) dict_keys(['tutorial_taskflow_api_etl_virtualenv']) retrieved from /usr/local/lib/python3.10/dist-packages/airflow/example_dags/tutorial_taskflow_api_etl_virtualenv.py
[2022-06-16 20:01:21,807] {logging_mixin.py:115} INFO - [2022-06-16 20:01:21,807] {dag.py:2371} INFO - Sync 1 DAGs
[2022-06-16 20:01:21,828] {logging_mixin.py:115} INFO - [2022-06-16 20:01:21,827] {dag.py:2915} INFO - Setting next_dagrun for tutorial_taskflow_api_etl_virtualenv to None, run_after=None
[2022-06-16 20:01:21,847] {processor.py:161} INFO - Processing /usr/local/lib/python3.10/dist-packages/airflow/example_dags/tutorial_taskflow_api_etl_virtualenv.py took 0.114 seconds
[2022-06-16 20:01:55,027] {processor.py:153} INFO - Started process (PID=5501) to work on /usr/local/lib/python3.10/dist-packages/airflow/example_dags/tutorial_taskflow_api_etl_virtualenv.py
[2022-06-16 20:01:55,027] {processor.py:641} INFO - Processing file /usr/local/lib/python3.10/dist-packages/airflow/example_dags/tutorial_taskflow_api_etl_virtualenv.py for tasks to queue
[2022-06-16 20:01:55,028] {logging_mixin.py:115} INFO - [2022-06-16 20:01:55,028] {dagbag.py:507} INFO - Filling up the DagBag from /usr/local/lib/python3.10/dist-packages/airflow/example_dags/tutorial_taskflow_api_etl_virtualenv.py
[2022-06-16 20:01:55,046] {processor.py:651} INFO - DAG(s) dict_keys(['tutorial_taskflow_api_etl_virtualenv']) retrieved from /usr/local/lib/python3.10/dist-packages/airflow/example_dags/tutorial_taskflow_api_etl_virtualenv.py
[2022-06-16 20:01:55,062] {logging_mixin.py:115} INFO - [2022-06-16 20:01:55,062] {dag.py:2371} INFO - Sync 1 DAGs
[2022-06-16 20:01:55,081] {logging_mixin.py:115} INFO - [2022-06-16 20:01:55,080] {dag.py:2915} INFO - Setting next_dagrun for tutorial_taskflow_api_etl_virtualenv to None, run_after=None
[2022-06-16 20:01:55,108] {processor.py:161} INFO - Processing /usr/local/lib/python3.10/dist-packages/airflow/example_dags/tutorial_taskflow_api_etl_virtualenv.py took 0.084 seconds
[2022-06-16 20:02:33,786] {processor.py:153} INFO - Started process (PID=5570) to work on /usr/local/lib/python3.10/dist-packages/airflow/example_dags/tutorial_taskflow_api_etl_virtualenv.py
[2022-06-16 20:02:33,787] {processor.py:641} INFO - Processing file /usr/local/lib/python3.10/dist-packages/airflow/example_dags/tutorial_taskflow_api_etl_virtualenv.py for tasks to queue
[2022-06-16 20:02:33,788] {logging_mixin.py:115} INFO - [2022-06-16 20:02:33,787] {dagbag.py:507} INFO - Filling up the DagBag from /usr/local/lib/python3.10/dist-packages/airflow/example_dags/tutorial_taskflow_api_etl_virtualenv.py
[2022-06-16 20:02:33,806] {processor.py:651} INFO - DAG(s) dict_keys(['tutorial_taskflow_api_etl_virtualenv']) retrieved from /usr/local/lib/python3.10/dist-packages/airflow/example_dags/tutorial_taskflow_api_etl_virtualenv.py
[2022-06-16 20:02:33,853] {logging_mixin.py:115} INFO - [2022-06-16 20:02:33,853] {dag.py:2371} INFO - Sync 1 DAGs
[2022-06-16 20:02:33,872] {logging_mixin.py:115} INFO - [2022-06-16 20:02:33,872] {dag.py:2915} INFO - Setting next_dagrun for tutorial_taskflow_api_etl_virtualenv to None, run_after=None
[2022-06-16 20:02:33,893] {processor.py:161} INFO - Processing /usr/local/lib/python3.10/dist-packages/airflow/example_dags/tutorial_taskflow_api_etl_virtualenv.py took 0.109 seconds
[2022-06-16 20:03:08,887] {processor.py:153} INFO - Started process (PID=5660) to work on /usr/local/lib/python3.10/dist-packages/airflow/example_dags/tutorial_taskflow_api_etl_virtualenv.py
[2022-06-16 20:03:08,888] {processor.py:641} INFO - Processing file /usr/local/lib/python3.10/dist-packages/airflow/example_dags/tutorial_taskflow_api_etl_virtualenv.py for tasks to queue
[2022-06-16 20:03:08,888] {logging_mixin.py:115} INFO - [2022-06-16 20:03:08,888] {dagbag.py:507} INFO - Filling up the DagBag from /usr/local/lib/python3.10/dist-packages/airflow/example_dags/tutorial_taskflow_api_etl_virtualenv.py
[2022-06-16 20:03:08,907] {processor.py:651} INFO - DAG(s) dict_keys(['tutorial_taskflow_api_etl_virtualenv']) retrieved from /usr/local/lib/python3.10/dist-packages/airflow/example_dags/tutorial_taskflow_api_etl_virtualenv.py
[2022-06-16 20:03:08,952] {logging_mixin.py:115} INFO - [2022-06-16 20:03:08,952] {dag.py:2371} INFO - Sync 1 DAGs
[2022-06-16 20:03:08,978] {logging_mixin.py:115} INFO - [2022-06-16 20:03:08,978] {dag.py:2915} INFO - Setting next_dagrun for tutorial_taskflow_api_etl_virtualenv to None, run_after=None
[2022-06-16 20:03:09,000] {processor.py:161} INFO - Processing /usr/local/lib/python3.10/dist-packages/airflow/example_dags/tutorial_taskflow_api_etl_virtualenv.py took 0.116 seconds
[2022-06-16 20:03:49,807] {processor.py:153} INFO - Started process (PID=5780) to work on /usr/local/lib/python3.10/dist-packages/airflow/example_dags/tutorial_taskflow_api_etl_virtualenv.py
[2022-06-16 20:03:49,807] {processor.py:641} INFO - Processing file /usr/local/lib/python3.10/dist-packages/airflow/example_dags/tutorial_taskflow_api_etl_virtualenv.py for tasks to queue
[2022-06-16 20:03:49,808] {logging_mixin.py:115} INFO - [2022-06-16 20:03:49,808] {dagbag.py:507} INFO - Filling up the DagBag from /usr/local/lib/python3.10/dist-packages/airflow/example_dags/tutorial_taskflow_api_etl_virtualenv.py
[2022-06-16 20:03:49,827] {processor.py:651} INFO - DAG(s) dict_keys(['tutorial_taskflow_api_etl_virtualenv']) retrieved from /usr/local/lib/python3.10/dist-packages/airflow/example_dags/tutorial_taskflow_api_etl_virtualenv.py
[2022-06-16 20:03:49,874] {logging_mixin.py:115} INFO - [2022-06-16 20:03:49,874] {dag.py:2371} INFO - Sync 1 DAGs
[2022-06-16 20:03:49,893] {logging_mixin.py:115} INFO - [2022-06-16 20:03:49,893] {dag.py:2915} INFO - Setting next_dagrun for tutorial_taskflow_api_etl_virtualenv to None, run_after=None
[2022-06-16 20:03:49,915] {processor.py:161} INFO - Processing /usr/local/lib/python3.10/dist-packages/airflow/example_dags/tutorial_taskflow_api_etl_virtualenv.py took 0.111 seconds
[2022-06-16 20:04:26,446] {processor.py:153} INFO - Started process (PID=5870) to work on /usr/local/lib/python3.10/dist-packages/airflow/example_dags/tutorial_taskflow_api_etl_virtualenv.py
[2022-06-16 20:04:26,447] {processor.py:641} INFO - Processing file /usr/local/lib/python3.10/dist-packages/airflow/example_dags/tutorial_taskflow_api_etl_virtualenv.py for tasks to queue
[2022-06-16 20:04:26,447] {logging_mixin.py:115} INFO - [2022-06-16 20:04:26,447] {dagbag.py:507} INFO - Filling up the DagBag from /usr/local/lib/python3.10/dist-packages/airflow/example_dags/tutorial_taskflow_api_etl_virtualenv.py
[2022-06-16 20:04:26,466] {processor.py:651} INFO - DAG(s) dict_keys(['tutorial_taskflow_api_etl_virtualenv']) retrieved from /usr/local/lib/python3.10/dist-packages/airflow/example_dags/tutorial_taskflow_api_etl_virtualenv.py
[2022-06-16 20:04:26,514] {logging_mixin.py:115} INFO - [2022-06-16 20:04:26,514] {dag.py:2371} INFO - Sync 1 DAGs
[2022-06-16 20:04:26,537] {logging_mixin.py:115} INFO - [2022-06-16 20:04:26,537] {dag.py:2915} INFO - Setting next_dagrun for tutorial_taskflow_api_etl_virtualenv to None, run_after=None
[2022-06-16 20:04:26,559] {processor.py:161} INFO - Processing /usr/local/lib/python3.10/dist-packages/airflow/example_dags/tutorial_taskflow_api_etl_virtualenv.py took 0.116 seconds
[2022-06-16 20:05:07,080] {processor.py:153} INFO - Started process (PID=5964) to work on /usr/local/lib/python3.10/dist-packages/airflow/example_dags/tutorial_taskflow_api_etl_virtualenv.py
[2022-06-16 20:05:07,081] {processor.py:641} INFO - Processing file /usr/local/lib/python3.10/dist-packages/airflow/example_dags/tutorial_taskflow_api_etl_virtualenv.py for tasks to queue
[2022-06-16 20:05:07,082] {logging_mixin.py:115} INFO - [2022-06-16 20:05:07,082] {dagbag.py:507} INFO - Filling up the DagBag from /usr/local/lib/python3.10/dist-packages/airflow/example_dags/tutorial_taskflow_api_etl_virtualenv.py
[2022-06-16 20:05:07,103] {processor.py:651} INFO - DAG(s) dict_keys(['tutorial_taskflow_api_etl_virtualenv']) retrieved from /usr/local/lib/python3.10/dist-packages/airflow/example_dags/tutorial_taskflow_api_etl_virtualenv.py
[2022-06-16 20:05:07,118] {logging_mixin.py:115} INFO - [2022-06-16 20:05:07,118] {dag.py:2371} INFO - Sync 1 DAGs
[2022-06-16 20:05:07,137] {logging_mixin.py:115} INFO - [2022-06-16 20:05:07,137] {dag.py:2915} INFO - Setting next_dagrun for tutorial_taskflow_api_etl_virtualenv to None, run_after=None
[2022-06-16 20:05:07,156] {processor.py:161} INFO - Processing /usr/local/lib/python3.10/dist-packages/airflow/example_dags/tutorial_taskflow_api_etl_virtualenv.py took 0.079 seconds
[2022-06-16 20:05:38,913] {processor.py:153} INFO - Started process (PID=6037) to work on /usr/local/lib/python3.10/dist-packages/airflow/example_dags/tutorial_taskflow_api_etl_virtualenv.py
[2022-06-16 20:05:38,914] {processor.py:641} INFO - Processing file /usr/local/lib/python3.10/dist-packages/airflow/example_dags/tutorial_taskflow_api_etl_virtualenv.py for tasks to queue
[2022-06-16 20:05:38,914] {logging_mixin.py:115} INFO - [2022-06-16 20:05:38,914] {dagbag.py:507} INFO - Filling up the DagBag from /usr/local/lib/python3.10/dist-packages/airflow/example_dags/tutorial_taskflow_api_etl_virtualenv.py
[2022-06-16 20:05:38,933] {processor.py:651} INFO - DAG(s) dict_keys(['tutorial_taskflow_api_etl_virtualenv']) retrieved from /usr/local/lib/python3.10/dist-packages/airflow/example_dags/tutorial_taskflow_api_etl_virtualenv.py
[2022-06-16 20:05:38,948] {logging_mixin.py:115} INFO - [2022-06-16 20:05:38,948] {dag.py:2371} INFO - Sync 1 DAGs
[2022-06-16 20:05:38,965] {logging_mixin.py:115} INFO - [2022-06-16 20:05:38,965] {dag.py:2915} INFO - Setting next_dagrun for tutorial_taskflow_api_etl_virtualenv to None, run_after=None
[2022-06-16 20:05:38,985] {processor.py:161} INFO - Processing /usr/local/lib/python3.10/dist-packages/airflow/example_dags/tutorial_taskflow_api_etl_virtualenv.py took 0.074 seconds
[2022-06-16 20:06:13,740] {processor.py:153} INFO - Started process (PID=6119) to work on /usr/local/lib/python3.10/dist-packages/airflow/example_dags/tutorial_taskflow_api_etl_virtualenv.py
[2022-06-16 20:06:13,761] {processor.py:641} INFO - Processing file /usr/local/lib/python3.10/dist-packages/airflow/example_dags/tutorial_taskflow_api_etl_virtualenv.py for tasks to queue
[2022-06-16 20:06:13,762] {logging_mixin.py:115} INFO - [2022-06-16 20:06:13,762] {dagbag.py:507} INFO - Filling up the DagBag from /usr/local/lib/python3.10/dist-packages/airflow/example_dags/tutorial_taskflow_api_etl_virtualenv.py
[2022-06-16 20:06:13,780] {processor.py:651} INFO - DAG(s) dict_keys(['tutorial_taskflow_api_etl_virtualenv']) retrieved from /usr/local/lib/python3.10/dist-packages/airflow/example_dags/tutorial_taskflow_api_etl_virtualenv.py
[2022-06-16 20:06:13,825] {logging_mixin.py:115} INFO - [2022-06-16 20:06:13,825] {dag.py:2371} INFO - Sync 1 DAGs
[2022-06-16 20:06:13,845] {logging_mixin.py:115} INFO - [2022-06-16 20:06:13,845] {dag.py:2915} INFO - Setting next_dagrun for tutorial_taskflow_api_etl_virtualenv to None, run_after=None
[2022-06-16 20:06:13,940] {processor.py:161} INFO - Processing /usr/local/lib/python3.10/dist-packages/airflow/example_dags/tutorial_taskflow_api_etl_virtualenv.py took 0.203 seconds
[2022-06-16 20:06:53,169] {processor.py:153} INFO - Started process (PID=6208) to work on /usr/local/lib/python3.10/dist-packages/airflow/example_dags/tutorial_taskflow_api_etl_virtualenv.py
[2022-06-16 20:06:53,169] {processor.py:641} INFO - Processing file /usr/local/lib/python3.10/dist-packages/airflow/example_dags/tutorial_taskflow_api_etl_virtualenv.py for tasks to queue
[2022-06-16 20:06:53,170] {logging_mixin.py:115} INFO - [2022-06-16 20:06:53,170] {dagbag.py:507} INFO - Filling up the DagBag from /usr/local/lib/python3.10/dist-packages/airflow/example_dags/tutorial_taskflow_api_etl_virtualenv.py
[2022-06-16 20:06:53,188] {processor.py:651} INFO - DAG(s) dict_keys(['tutorial_taskflow_api_etl_virtualenv']) retrieved from /usr/local/lib/python3.10/dist-packages/airflow/example_dags/tutorial_taskflow_api_etl_virtualenv.py
[2022-06-16 20:06:53,234] {logging_mixin.py:115} INFO - [2022-06-16 20:06:53,233] {dag.py:2371} INFO - Sync 1 DAGs
[2022-06-16 20:06:53,254] {logging_mixin.py:115} INFO - [2022-06-16 20:06:53,254] {dag.py:2915} INFO - Setting next_dagrun for tutorial_taskflow_api_etl_virtualenv to None, run_after=None
[2022-06-16 20:06:53,279] {processor.py:161} INFO - Processing /usr/local/lib/python3.10/dist-packages/airflow/example_dags/tutorial_taskflow_api_etl_virtualenv.py took 0.113 seconds
[2022-06-16 20:07:31,843] {processor.py:153} INFO - Started process (PID=6298) to work on /usr/local/lib/python3.10/dist-packages/airflow/example_dags/tutorial_taskflow_api_etl_virtualenv.py
[2022-06-16 20:07:31,844] {processor.py:641} INFO - Processing file /usr/local/lib/python3.10/dist-packages/airflow/example_dags/tutorial_taskflow_api_etl_virtualenv.py for tasks to queue
[2022-06-16 20:07:31,844] {logging_mixin.py:115} INFO - [2022-06-16 20:07:31,844] {dagbag.py:507} INFO - Filling up the DagBag from /usr/local/lib/python3.10/dist-packages/airflow/example_dags/tutorial_taskflow_api_etl_virtualenv.py
[2022-06-16 20:07:31,861] {processor.py:651} INFO - DAG(s) dict_keys(['tutorial_taskflow_api_etl_virtualenv']) retrieved from /usr/local/lib/python3.10/dist-packages/airflow/example_dags/tutorial_taskflow_api_etl_virtualenv.py
[2022-06-16 20:07:31,876] {logging_mixin.py:115} INFO - [2022-06-16 20:07:31,876] {dag.py:2371} INFO - Sync 1 DAGs
[2022-06-16 20:07:31,896] {logging_mixin.py:115} INFO - [2022-06-16 20:07:31,896] {dag.py:2915} INFO - Setting next_dagrun for tutorial_taskflow_api_etl_virtualenv to None, run_after=None
[2022-06-16 20:07:32,011] {processor.py:161} INFO - Processing /usr/local/lib/python3.10/dist-packages/airflow/example_dags/tutorial_taskflow_api_etl_virtualenv.py took 0.171 seconds
[2022-06-16 20:08:05,816] {processor.py:153} INFO - Started process (PID=6379) to work on /usr/local/lib/python3.10/dist-packages/airflow/example_dags/tutorial_taskflow_api_etl_virtualenv.py
[2022-06-16 20:08:05,817] {processor.py:641} INFO - Processing file /usr/local/lib/python3.10/dist-packages/airflow/example_dags/tutorial_taskflow_api_etl_virtualenv.py for tasks to queue
[2022-06-16 20:08:05,817] {logging_mixin.py:115} INFO - [2022-06-16 20:08:05,817] {dagbag.py:507} INFO - Filling up the DagBag from /usr/local/lib/python3.10/dist-packages/airflow/example_dags/tutorial_taskflow_api_etl_virtualenv.py
[2022-06-16 20:08:05,835] {processor.py:651} INFO - DAG(s) dict_keys(['tutorial_taskflow_api_etl_virtualenv']) retrieved from /usr/local/lib/python3.10/dist-packages/airflow/example_dags/tutorial_taskflow_api_etl_virtualenv.py
[2022-06-16 20:08:05,881] {logging_mixin.py:115} INFO - [2022-06-16 20:08:05,881] {dag.py:2371} INFO - Sync 1 DAGs
[2022-06-16 20:08:05,900] {logging_mixin.py:115} INFO - [2022-06-16 20:08:05,900] {dag.py:2915} INFO - Setting next_dagrun for tutorial_taskflow_api_etl_virtualenv to None, run_after=None
[2022-06-16 20:08:05,921] {processor.py:161} INFO - Processing /usr/local/lib/python3.10/dist-packages/airflow/example_dags/tutorial_taskflow_api_etl_virtualenv.py took 0.107 seconds
[2022-06-16 20:08:44,003] {processor.py:153} INFO - Started process (PID=6483) to work on /usr/local/lib/python3.10/dist-packages/airflow/example_dags/tutorial_taskflow_api_etl_virtualenv.py
[2022-06-16 20:08:44,004] {processor.py:641} INFO - Processing file /usr/local/lib/python3.10/dist-packages/airflow/example_dags/tutorial_taskflow_api_etl_virtualenv.py for tasks to queue
[2022-06-16 20:08:44,004] {logging_mixin.py:115} INFO - [2022-06-16 20:08:44,004] {dagbag.py:507} INFO - Filling up the DagBag from /usr/local/lib/python3.10/dist-packages/airflow/example_dags/tutorial_taskflow_api_etl_virtualenv.py
[2022-06-16 20:08:44,024] {processor.py:651} INFO - DAG(s) dict_keys(['tutorial_taskflow_api_etl_virtualenv']) retrieved from /usr/local/lib/python3.10/dist-packages/airflow/example_dags/tutorial_taskflow_api_etl_virtualenv.py
[2022-06-16 20:08:44,084] {logging_mixin.py:115} INFO - [2022-06-16 20:08:44,084] {dag.py:2371} INFO - Sync 1 DAGs
[2022-06-16 20:08:44,104] {logging_mixin.py:115} INFO - [2022-06-16 20:08:44,104] {dag.py:2915} INFO - Setting next_dagrun for tutorial_taskflow_api_etl_virtualenv to None, run_after=None
[2022-06-16 20:08:44,125] {processor.py:161} INFO - Processing /usr/local/lib/python3.10/dist-packages/airflow/example_dags/tutorial_taskflow_api_etl_virtualenv.py took 0.125 seconds
[2022-06-16 20:09:22,609] {processor.py:153} INFO - Started process (PID=6585) to work on /usr/local/lib/python3.10/dist-packages/airflow/example_dags/tutorial_taskflow_api_etl_virtualenv.py
[2022-06-16 20:09:22,609] {processor.py:641} INFO - Processing file /usr/local/lib/python3.10/dist-packages/airflow/example_dags/tutorial_taskflow_api_etl_virtualenv.py for tasks to queue
[2022-06-16 20:09:22,610] {logging_mixin.py:115} INFO - [2022-06-16 20:09:22,610] {dagbag.py:507} INFO - Filling up the DagBag from /usr/local/lib/python3.10/dist-packages/airflow/example_dags/tutorial_taskflow_api_etl_virtualenv.py
[2022-06-16 20:09:22,628] {processor.py:651} INFO - DAG(s) dict_keys(['tutorial_taskflow_api_etl_virtualenv']) retrieved from /usr/local/lib/python3.10/dist-packages/airflow/example_dags/tutorial_taskflow_api_etl_virtualenv.py
[2022-06-16 20:09:22,644] {logging_mixin.py:115} INFO - [2022-06-16 20:09:22,643] {dag.py:2371} INFO - Sync 1 DAGs
[2022-06-16 20:09:22,662] {logging_mixin.py:115} INFO - [2022-06-16 20:09:22,662] {dag.py:2915} INFO - Setting next_dagrun for tutorial_taskflow_api_etl_virtualenv to None, run_after=None
[2022-06-16 20:09:22,682] {processor.py:161} INFO - Processing /usr/local/lib/python3.10/dist-packages/airflow/example_dags/tutorial_taskflow_api_etl_virtualenv.py took 0.076 seconds
[2022-06-16 20:10:02,840] {processor.py:153} INFO - Started process (PID=6660) to work on /usr/local/lib/python3.10/dist-packages/airflow/example_dags/tutorial_taskflow_api_etl_virtualenv.py
[2022-06-16 20:10:02,858] {processor.py:641} INFO - Processing file /usr/local/lib/python3.10/dist-packages/airflow/example_dags/tutorial_taskflow_api_etl_virtualenv.py for tasks to queue
[2022-06-16 20:10:02,859] {logging_mixin.py:115} INFO - [2022-06-16 20:10:02,859] {dagbag.py:507} INFO - Filling up the DagBag from /usr/local/lib/python3.10/dist-packages/airflow/example_dags/tutorial_taskflow_api_etl_virtualenv.py
[2022-06-16 20:10:02,877] {processor.py:651} INFO - DAG(s) dict_keys(['tutorial_taskflow_api_etl_virtualenv']) retrieved from /usr/local/lib/python3.10/dist-packages/airflow/example_dags/tutorial_taskflow_api_etl_virtualenv.py
[2022-06-16 20:10:02,893] {logging_mixin.py:115} INFO - [2022-06-16 20:10:02,893] {dag.py:2371} INFO - Sync 1 DAGs
[2022-06-16 20:10:02,911] {logging_mixin.py:115} INFO - [2022-06-16 20:10:02,911] {dag.py:2915} INFO - Setting next_dagrun for tutorial_taskflow_api_etl_virtualenv to None, run_after=None
[2022-06-16 20:10:02,930] {processor.py:161} INFO - Processing /usr/local/lib/python3.10/dist-packages/airflow/example_dags/tutorial_taskflow_api_etl_virtualenv.py took 0.093 seconds
[2022-06-16 20:10:43,196] {processor.py:153} INFO - Started process (PID=6751) to work on /usr/local/lib/python3.10/dist-packages/airflow/example_dags/tutorial_taskflow_api_etl_virtualenv.py
[2022-06-16 20:10:43,197] {processor.py:641} INFO - Processing file /usr/local/lib/python3.10/dist-packages/airflow/example_dags/tutorial_taskflow_api_etl_virtualenv.py for tasks to queue
[2022-06-16 20:10:43,198] {logging_mixin.py:115} INFO - [2022-06-16 20:10:43,198] {dagbag.py:507} INFO - Filling up the DagBag from /usr/local/lib/python3.10/dist-packages/airflow/example_dags/tutorial_taskflow_api_etl_virtualenv.py
[2022-06-16 20:10:43,216] {processor.py:651} INFO - DAG(s) dict_keys(['tutorial_taskflow_api_etl_virtualenv']) retrieved from /usr/local/lib/python3.10/dist-packages/airflow/example_dags/tutorial_taskflow_api_etl_virtualenv.py
[2022-06-16 20:10:43,231] {logging_mixin.py:115} INFO - [2022-06-16 20:10:43,231] {dag.py:2371} INFO - Sync 1 DAGs
[2022-06-16 20:10:43,249] {logging_mixin.py:115} INFO - [2022-06-16 20:10:43,249] {dag.py:2915} INFO - Setting next_dagrun for tutorial_taskflow_api_etl_virtualenv to None, run_after=None
[2022-06-16 20:10:43,303] {processor.py:161} INFO - Processing /usr/local/lib/python3.10/dist-packages/airflow/example_dags/tutorial_taskflow_api_etl_virtualenv.py took 0.109 seconds
[2022-06-16 20:11:17,861] {processor.py:153} INFO - Started process (PID=6837) to work on /usr/local/lib/python3.10/dist-packages/airflow/example_dags/tutorial_taskflow_api_etl_virtualenv.py
[2022-06-16 20:11:17,861] {processor.py:641} INFO - Processing file /usr/local/lib/python3.10/dist-packages/airflow/example_dags/tutorial_taskflow_api_etl_virtualenv.py for tasks to queue
[2022-06-16 20:11:17,862] {logging_mixin.py:115} INFO - [2022-06-16 20:11:17,862] {dagbag.py:507} INFO - Filling up the DagBag from /usr/local/lib/python3.10/dist-packages/airflow/example_dags/tutorial_taskflow_api_etl_virtualenv.py
[2022-06-16 20:11:17,879] {processor.py:651} INFO - DAG(s) dict_keys(['tutorial_taskflow_api_etl_virtualenv']) retrieved from /usr/local/lib/python3.10/dist-packages/airflow/example_dags/tutorial_taskflow_api_etl_virtualenv.py
[2022-06-16 20:11:17,895] {logging_mixin.py:115} INFO - [2022-06-16 20:11:17,895] {dag.py:2371} INFO - Sync 1 DAGs
[2022-06-16 20:11:17,913] {logging_mixin.py:115} INFO - [2022-06-16 20:11:17,913] {dag.py:2915} INFO - Setting next_dagrun for tutorial_taskflow_api_etl_virtualenv to None, run_after=None
[2022-06-16 20:11:17,932] {processor.py:161} INFO - Processing /usr/local/lib/python3.10/dist-packages/airflow/example_dags/tutorial_taskflow_api_etl_virtualenv.py took 0.074 seconds
[2022-06-16 20:11:50,356] {processor.py:153} INFO - Started process (PID=6907) to work on /usr/local/lib/python3.10/dist-packages/airflow/example_dags/tutorial_taskflow_api_etl_virtualenv.py
[2022-06-16 20:11:50,357] {processor.py:641} INFO - Processing file /usr/local/lib/python3.10/dist-packages/airflow/example_dags/tutorial_taskflow_api_etl_virtualenv.py for tasks to queue
[2022-06-16 20:11:50,358] {logging_mixin.py:115} INFO - [2022-06-16 20:11:50,358] {dagbag.py:507} INFO - Filling up the DagBag from /usr/local/lib/python3.10/dist-packages/airflow/example_dags/tutorial_taskflow_api_etl_virtualenv.py
[2022-06-16 20:11:50,378] {processor.py:651} INFO - DAG(s) dict_keys(['tutorial_taskflow_api_etl_virtualenv']) retrieved from /usr/local/lib/python3.10/dist-packages/airflow/example_dags/tutorial_taskflow_api_etl_virtualenv.py
[2022-06-16 20:11:50,394] {logging_mixin.py:115} INFO - [2022-06-16 20:11:50,394] {dag.py:2371} INFO - Sync 1 DAGs
[2022-06-16 20:11:50,411] {logging_mixin.py:115} INFO - [2022-06-16 20:11:50,411] {dag.py:2915} INFO - Setting next_dagrun for tutorial_taskflow_api_etl_virtualenv to None, run_after=None
[2022-06-16 20:11:50,431] {processor.py:161} INFO - Processing /usr/local/lib/python3.10/dist-packages/airflow/example_dags/tutorial_taskflow_api_etl_virtualenv.py took 0.077 seconds
[2022-06-16 20:12:31,266] {processor.py:153} INFO - Started process (PID=6997) to work on /usr/local/lib/python3.10/dist-packages/airflow/example_dags/tutorial_taskflow_api_etl_virtualenv.py
[2022-06-16 20:12:31,267] {processor.py:641} INFO - Processing file /usr/local/lib/python3.10/dist-packages/airflow/example_dags/tutorial_taskflow_api_etl_virtualenv.py for tasks to queue
[2022-06-16 20:12:31,267] {logging_mixin.py:115} INFO - [2022-06-16 20:12:31,267] {dagbag.py:507} INFO - Filling up the DagBag from /usr/local/lib/python3.10/dist-packages/airflow/example_dags/tutorial_taskflow_api_etl_virtualenv.py
[2022-06-16 20:12:31,285] {processor.py:651} INFO - DAG(s) dict_keys(['tutorial_taskflow_api_etl_virtualenv']) retrieved from /usr/local/lib/python3.10/dist-packages/airflow/example_dags/tutorial_taskflow_api_etl_virtualenv.py
[2022-06-16 20:12:31,332] {logging_mixin.py:115} INFO - [2022-06-16 20:12:31,332] {dag.py:2371} INFO - Sync 1 DAGs
[2022-06-16 20:12:31,351] {logging_mixin.py:115} INFO - [2022-06-16 20:12:31,351] {dag.py:2915} INFO - Setting next_dagrun for tutorial_taskflow_api_etl_virtualenv to None, run_after=None
[2022-06-16 20:12:31,374] {processor.py:161} INFO - Processing /usr/local/lib/python3.10/dist-packages/airflow/example_dags/tutorial_taskflow_api_etl_virtualenv.py took 0.110 seconds
[2022-06-16 20:13:09,502] {processor.py:153} INFO - Started process (PID=7093) to work on /usr/local/lib/python3.10/dist-packages/airflow/example_dags/tutorial_taskflow_api_etl_virtualenv.py
[2022-06-16 20:13:09,503] {processor.py:641} INFO - Processing file /usr/local/lib/python3.10/dist-packages/airflow/example_dags/tutorial_taskflow_api_etl_virtualenv.py for tasks to queue
[2022-06-16 20:13:09,504] {logging_mixin.py:115} INFO - [2022-06-16 20:13:09,504] {dagbag.py:507} INFO - Filling up the DagBag from /usr/local/lib/python3.10/dist-packages/airflow/example_dags/tutorial_taskflow_api_etl_virtualenv.py
[2022-06-16 20:13:09,522] {processor.py:651} INFO - DAG(s) dict_keys(['tutorial_taskflow_api_etl_virtualenv']) retrieved from /usr/local/lib/python3.10/dist-packages/airflow/example_dags/tutorial_taskflow_api_etl_virtualenv.py
[2022-06-16 20:13:09,567] {logging_mixin.py:115} INFO - [2022-06-16 20:13:09,567] {dag.py:2371} INFO - Sync 1 DAGs
[2022-06-16 20:13:09,586] {logging_mixin.py:115} INFO - [2022-06-16 20:13:09,586] {dag.py:2915} INFO - Setting next_dagrun for tutorial_taskflow_api_etl_virtualenv to None, run_after=None
[2022-06-16 20:13:09,607] {processor.py:161} INFO - Processing /usr/local/lib/python3.10/dist-packages/airflow/example_dags/tutorial_taskflow_api_etl_virtualenv.py took 0.107 seconds
[2022-06-16 20:13:48,153] {processor.py:153} INFO - Started process (PID=7224) to work on /usr/local/lib/python3.10/dist-packages/airflow/example_dags/tutorial_taskflow_api_etl_virtualenv.py
[2022-06-16 20:13:48,153] {processor.py:641} INFO - Processing file /usr/local/lib/python3.10/dist-packages/airflow/example_dags/tutorial_taskflow_api_etl_virtualenv.py for tasks to queue
[2022-06-16 20:13:48,154] {logging_mixin.py:115} INFO - [2022-06-16 20:13:48,154] {dagbag.py:507} INFO - Filling up the DagBag from /usr/local/lib/python3.10/dist-packages/airflow/example_dags/tutorial_taskflow_api_etl_virtualenv.py
[2022-06-16 20:13:48,172] {processor.py:651} INFO - DAG(s) dict_keys(['tutorial_taskflow_api_etl_virtualenv']) retrieved from /usr/local/lib/python3.10/dist-packages/airflow/example_dags/tutorial_taskflow_api_etl_virtualenv.py
[2022-06-16 20:13:48,221] {logging_mixin.py:115} INFO - [2022-06-16 20:13:48,221] {dag.py:2371} INFO - Sync 1 DAGs
[2022-06-16 20:13:48,243] {logging_mixin.py:115} INFO - [2022-06-16 20:13:48,243] {dag.py:2915} INFO - Setting next_dagrun for tutorial_taskflow_api_etl_virtualenv to None, run_after=None
[2022-06-16 20:13:48,264] {processor.py:161} INFO - Processing /usr/local/lib/python3.10/dist-packages/airflow/example_dags/tutorial_taskflow_api_etl_virtualenv.py took 0.115 seconds
[2022-06-16 20:14:24,540] {processor.py:153} INFO - Started process (PID=7309) to work on /usr/local/lib/python3.10/dist-packages/airflow/example_dags/tutorial_taskflow_api_etl_virtualenv.py
[2022-06-16 20:14:24,541] {processor.py:641} INFO - Processing file /usr/local/lib/python3.10/dist-packages/airflow/example_dags/tutorial_taskflow_api_etl_virtualenv.py for tasks to queue
[2022-06-16 20:14:24,541] {logging_mixin.py:115} INFO - [2022-06-16 20:14:24,541] {dagbag.py:507} INFO - Filling up the DagBag from /usr/local/lib/python3.10/dist-packages/airflow/example_dags/tutorial_taskflow_api_etl_virtualenv.py
[2022-06-16 20:14:24,560] {processor.py:651} INFO - DAG(s) dict_keys(['tutorial_taskflow_api_etl_virtualenv']) retrieved from /usr/local/lib/python3.10/dist-packages/airflow/example_dags/tutorial_taskflow_api_etl_virtualenv.py
[2022-06-16 20:14:24,576] {logging_mixin.py:115} INFO - [2022-06-16 20:14:24,576] {dag.py:2371} INFO - Sync 1 DAGs
[2022-06-16 20:14:24,594] {logging_mixin.py:115} INFO - [2022-06-16 20:14:24,594] {dag.py:2915} INFO - Setting next_dagrun for tutorial_taskflow_api_etl_virtualenv to None, run_after=None
[2022-06-16 20:14:24,613] {processor.py:161} INFO - Processing /usr/local/lib/python3.10/dist-packages/airflow/example_dags/tutorial_taskflow_api_etl_virtualenv.py took 0.075 seconds
[2022-06-16 20:14:59,623] {processor.py:153} INFO - Started process (PID=7396) to work on /usr/local/lib/python3.10/dist-packages/airflow/example_dags/tutorial_taskflow_api_etl_virtualenv.py
[2022-06-16 20:14:59,623] {processor.py:641} INFO - Processing file /usr/local/lib/python3.10/dist-packages/airflow/example_dags/tutorial_taskflow_api_etl_virtualenv.py for tasks to queue
[2022-06-16 20:14:59,624] {logging_mixin.py:115} INFO - [2022-06-16 20:14:59,624] {dagbag.py:507} INFO - Filling up the DagBag from /usr/local/lib/python3.10/dist-packages/airflow/example_dags/tutorial_taskflow_api_etl_virtualenv.py
[2022-06-16 20:14:59,642] {processor.py:651} INFO - DAG(s) dict_keys(['tutorial_taskflow_api_etl_virtualenv']) retrieved from /usr/local/lib/python3.10/dist-packages/airflow/example_dags/tutorial_taskflow_api_etl_virtualenv.py
[2022-06-16 20:14:59,658] {logging_mixin.py:115} INFO - [2022-06-16 20:14:59,658] {dag.py:2371} INFO - Sync 1 DAGs
[2022-06-16 20:14:59,676] {logging_mixin.py:115} INFO - [2022-06-16 20:14:59,676] {dag.py:2915} INFO - Setting next_dagrun for tutorial_taskflow_api_etl_virtualenv to None, run_after=None
[2022-06-16 20:14:59,701] {processor.py:161} INFO - Processing /usr/local/lib/python3.10/dist-packages/airflow/example_dags/tutorial_taskflow_api_etl_virtualenv.py took 0.081 seconds
[2022-06-16 20:15:31,964] {processor.py:153} INFO - Started process (PID=7467) to work on /usr/local/lib/python3.10/dist-packages/airflow/example_dags/tutorial_taskflow_api_etl_virtualenv.py
[2022-06-16 20:15:31,964] {processor.py:641} INFO - Processing file /usr/local/lib/python3.10/dist-packages/airflow/example_dags/tutorial_taskflow_api_etl_virtualenv.py for tasks to queue
[2022-06-16 20:15:31,965] {logging_mixin.py:115} INFO - [2022-06-16 20:15:31,965] {dagbag.py:507} INFO - Filling up the DagBag from /usr/local/lib/python3.10/dist-packages/airflow/example_dags/tutorial_taskflow_api_etl_virtualenv.py
[2022-06-16 20:15:31,984] {processor.py:651} INFO - DAG(s) dict_keys(['tutorial_taskflow_api_etl_virtualenv']) retrieved from /usr/local/lib/python3.10/dist-packages/airflow/example_dags/tutorial_taskflow_api_etl_virtualenv.py
[2022-06-16 20:15:31,999] {logging_mixin.py:115} INFO - [2022-06-16 20:15:31,998] {dag.py:2371} INFO - Sync 1 DAGs
[2022-06-16 20:15:32,016] {logging_mixin.py:115} INFO - [2022-06-16 20:15:32,016] {dag.py:2915} INFO - Setting next_dagrun for tutorial_taskflow_api_etl_virtualenv to None, run_after=None
[2022-06-16 20:15:32,035] {processor.py:161} INFO - Processing /usr/local/lib/python3.10/dist-packages/airflow/example_dags/tutorial_taskflow_api_etl_virtualenv.py took 0.074 seconds
[2022-06-16 20:16:09,134] {processor.py:153} INFO - Started process (PID=7552) to work on /usr/local/lib/python3.10/dist-packages/airflow/example_dags/tutorial_taskflow_api_etl_virtualenv.py
[2022-06-16 20:16:09,135] {processor.py:641} INFO - Processing file /usr/local/lib/python3.10/dist-packages/airflow/example_dags/tutorial_taskflow_api_etl_virtualenv.py for tasks to queue
[2022-06-16 20:16:09,136] {logging_mixin.py:115} INFO - [2022-06-16 20:16:09,135] {dagbag.py:507} INFO - Filling up the DagBag from /usr/local/lib/python3.10/dist-packages/airflow/example_dags/tutorial_taskflow_api_etl_virtualenv.py
[2022-06-16 20:16:09,159] {processor.py:651} INFO - DAG(s) dict_keys(['tutorial_taskflow_api_etl_virtualenv']) retrieved from /usr/local/lib/python3.10/dist-packages/airflow/example_dags/tutorial_taskflow_api_etl_virtualenv.py
[2022-06-16 20:16:09,179] {logging_mixin.py:115} INFO - [2022-06-16 20:16:09,178] {dag.py:2371} INFO - Sync 1 DAGs
[2022-06-16 20:16:09,204] {logging_mixin.py:115} INFO - [2022-06-16 20:16:09,203] {dag.py:2915} INFO - Setting next_dagrun for tutorial_taskflow_api_etl_virtualenv to None, run_after=None
[2022-06-16 20:16:09,246] {processor.py:161} INFO - Processing /usr/local/lib/python3.10/dist-packages/airflow/example_dags/tutorial_taskflow_api_etl_virtualenv.py took 0.115 seconds
[2022-06-16 20:16:46,107] {processor.py:153} INFO - Started process (PID=7637) to work on /usr/local/lib/python3.10/dist-packages/airflow/example_dags/tutorial_taskflow_api_etl_virtualenv.py
[2022-06-16 20:16:46,108] {processor.py:641} INFO - Processing file /usr/local/lib/python3.10/dist-packages/airflow/example_dags/tutorial_taskflow_api_etl_virtualenv.py for tasks to queue
[2022-06-16 20:16:46,108] {logging_mixin.py:115} INFO - [2022-06-16 20:16:46,108] {dagbag.py:507} INFO - Filling up the DagBag from /usr/local/lib/python3.10/dist-packages/airflow/example_dags/tutorial_taskflow_api_etl_virtualenv.py
[2022-06-16 20:16:46,126] {processor.py:651} INFO - DAG(s) dict_keys(['tutorial_taskflow_api_etl_virtualenv']) retrieved from /usr/local/lib/python3.10/dist-packages/airflow/example_dags/tutorial_taskflow_api_etl_virtualenv.py
[2022-06-16 20:16:46,171] {logging_mixin.py:115} INFO - [2022-06-16 20:16:46,171] {dag.py:2371} INFO - Sync 1 DAGs
[2022-06-16 20:16:46,191] {logging_mixin.py:115} INFO - [2022-06-16 20:16:46,191] {dag.py:2915} INFO - Setting next_dagrun for tutorial_taskflow_api_etl_virtualenv to None, run_after=None
[2022-06-16 20:16:46,215] {processor.py:161} INFO - Processing /usr/local/lib/python3.10/dist-packages/airflow/example_dags/tutorial_taskflow_api_etl_virtualenv.py took 0.110 seconds
[2022-06-16 20:17:26,623] {processor.py:153} INFO - Started process (PID=7735) to work on /usr/local/lib/python3.10/dist-packages/airflow/example_dags/tutorial_taskflow_api_etl_virtualenv.py
[2022-06-16 20:17:26,624] {processor.py:641} INFO - Processing file /usr/local/lib/python3.10/dist-packages/airflow/example_dags/tutorial_taskflow_api_etl_virtualenv.py for tasks to queue
[2022-06-16 20:17:26,624] {logging_mixin.py:115} INFO - [2022-06-16 20:17:26,624] {dagbag.py:507} INFO - Filling up the DagBag from /usr/local/lib/python3.10/dist-packages/airflow/example_dags/tutorial_taskflow_api_etl_virtualenv.py
[2022-06-16 20:17:26,642] {processor.py:651} INFO - DAG(s) dict_keys(['tutorial_taskflow_api_etl_virtualenv']) retrieved from /usr/local/lib/python3.10/dist-packages/airflow/example_dags/tutorial_taskflow_api_etl_virtualenv.py
[2022-06-16 20:17:26,657] {logging_mixin.py:115} INFO - [2022-06-16 20:17:26,657] {dag.py:2371} INFO - Sync 1 DAGs
[2022-06-16 20:17:26,675] {logging_mixin.py:115} INFO - [2022-06-16 20:17:26,675] {dag.py:2915} INFO - Setting next_dagrun for tutorial_taskflow_api_etl_virtualenv to None, run_after=None
[2022-06-16 20:17:26,710] {processor.py:161} INFO - Processing /usr/local/lib/python3.10/dist-packages/airflow/example_dags/tutorial_taskflow_api_etl_virtualenv.py took 0.089 seconds
[2022-06-16 20:18:03,068] {processor.py:153} INFO - Started process (PID=7837) to work on /usr/local/lib/python3.10/dist-packages/airflow/example_dags/tutorial_taskflow_api_etl_virtualenv.py
[2022-06-16 20:18:03,069] {processor.py:641} INFO - Processing file /usr/local/lib/python3.10/dist-packages/airflow/example_dags/tutorial_taskflow_api_etl_virtualenv.py for tasks to queue
[2022-06-16 20:18:03,069] {logging_mixin.py:115} INFO - [2022-06-16 20:18:03,069] {dagbag.py:507} INFO - Filling up the DagBag from /usr/local/lib/python3.10/dist-packages/airflow/example_dags/tutorial_taskflow_api_etl_virtualenv.py
[2022-06-16 20:18:03,087] {processor.py:651} INFO - DAG(s) dict_keys(['tutorial_taskflow_api_etl_virtualenv']) retrieved from /usr/local/lib/python3.10/dist-packages/airflow/example_dags/tutorial_taskflow_api_etl_virtualenv.py
[2022-06-16 20:18:03,103] {logging_mixin.py:115} INFO - [2022-06-16 20:18:03,102] {dag.py:2371} INFO - Sync 1 DAGs
[2022-06-16 20:18:03,120] {logging_mixin.py:115} INFO - [2022-06-16 20:18:03,120] {dag.py:2915} INFO - Setting next_dagrun for tutorial_taskflow_api_etl_virtualenv to None, run_after=None
[2022-06-16 20:18:03,246] {processor.py:161} INFO - Processing /usr/local/lib/python3.10/dist-packages/airflow/example_dags/tutorial_taskflow_api_etl_virtualenv.py took 0.180 seconds
[2022-06-16 20:18:43,603] {processor.py:153} INFO - Started process (PID=7887) to work on /usr/local/lib/python3.10/dist-packages/airflow/example_dags/tutorial_taskflow_api_etl_virtualenv.py
[2022-06-16 20:18:43,603] {processor.py:641} INFO - Processing file /usr/local/lib/python3.10/dist-packages/airflow/example_dags/tutorial_taskflow_api_etl_virtualenv.py for tasks to queue
[2022-06-16 20:18:43,604] {logging_mixin.py:115} INFO - [2022-06-16 20:18:43,604] {dagbag.py:507} INFO - Filling up the DagBag from /usr/local/lib/python3.10/dist-packages/airflow/example_dags/tutorial_taskflow_api_etl_virtualenv.py
[2022-06-16 20:18:43,626] {processor.py:651} INFO - DAG(s) dict_keys(['tutorial_taskflow_api_etl_virtualenv']) retrieved from /usr/local/lib/python3.10/dist-packages/airflow/example_dags/tutorial_taskflow_api_etl_virtualenv.py
[2022-06-16 20:18:43,674] {logging_mixin.py:115} INFO - [2022-06-16 20:18:43,674] {dag.py:2371} INFO - Sync 1 DAGs
[2022-06-16 20:18:43,690] {logging_mixin.py:115} INFO - [2022-06-16 20:18:43,690] {dag.py:2915} INFO - Setting next_dagrun for tutorial_taskflow_api_etl_virtualenv to None, run_after=None
[2022-06-16 20:18:43,711] {processor.py:161} INFO - Processing /usr/local/lib/python3.10/dist-packages/airflow/example_dags/tutorial_taskflow_api_etl_virtualenv.py took 0.111 seconds
[2022-06-16 20:19:22,914] {processor.py:153} INFO - Started process (PID=7967) to work on /usr/local/lib/python3.10/dist-packages/airflow/example_dags/tutorial_taskflow_api_etl_virtualenv.py
[2022-06-16 20:19:22,914] {processor.py:641} INFO - Processing file /usr/local/lib/python3.10/dist-packages/airflow/example_dags/tutorial_taskflow_api_etl_virtualenv.py for tasks to queue
[2022-06-16 20:19:22,915] {logging_mixin.py:115} INFO - [2022-06-16 20:19:22,915] {dagbag.py:507} INFO - Filling up the DagBag from /usr/local/lib/python3.10/dist-packages/airflow/example_dags/tutorial_taskflow_api_etl_virtualenv.py
[2022-06-16 20:19:22,933] {processor.py:651} INFO - DAG(s) dict_keys(['tutorial_taskflow_api_etl_virtualenv']) retrieved from /usr/local/lib/python3.10/dist-packages/airflow/example_dags/tutorial_taskflow_api_etl_virtualenv.py
[2022-06-16 20:19:22,978] {logging_mixin.py:115} INFO - [2022-06-16 20:19:22,978] {dag.py:2371} INFO - Sync 1 DAGs
[2022-06-16 20:19:22,994] {logging_mixin.py:115} INFO - [2022-06-16 20:19:22,994] {dag.py:2915} INFO - Setting next_dagrun for tutorial_taskflow_api_etl_virtualenv to None, run_after=None
[2022-06-16 20:19:23,014] {processor.py:161} INFO - Processing /usr/local/lib/python3.10/dist-packages/airflow/example_dags/tutorial_taskflow_api_etl_virtualenv.py took 0.103 seconds
[2022-06-16 20:20:02,008] {processor.py:153} INFO - Started process (PID=8046) to work on /usr/local/lib/python3.10/dist-packages/airflow/example_dags/tutorial_taskflow_api_etl_virtualenv.py
[2022-06-16 20:20:02,009] {processor.py:641} INFO - Processing file /usr/local/lib/python3.10/dist-packages/airflow/example_dags/tutorial_taskflow_api_etl_virtualenv.py for tasks to queue
[2022-06-16 20:20:02,009] {logging_mixin.py:115} INFO - [2022-06-16 20:20:02,009] {dagbag.py:507} INFO - Filling up the DagBag from /usr/local/lib/python3.10/dist-packages/airflow/example_dags/tutorial_taskflow_api_etl_virtualenv.py
[2022-06-16 20:20:02,028] {processor.py:651} INFO - DAG(s) dict_keys(['tutorial_taskflow_api_etl_virtualenv']) retrieved from /usr/local/lib/python3.10/dist-packages/airflow/example_dags/tutorial_taskflow_api_etl_virtualenv.py
[2022-06-16 20:20:02,044] {logging_mixin.py:115} INFO - [2022-06-16 20:20:02,043] {dag.py:2371} INFO - Sync 1 DAGs
[2022-06-16 20:20:02,062] {logging_mixin.py:115} INFO - [2022-06-16 20:20:02,062] {dag.py:2915} INFO - Setting next_dagrun for tutorial_taskflow_api_etl_virtualenv to None, run_after=None
[2022-06-16 20:20:02,084] {processor.py:161} INFO - Processing /usr/local/lib/python3.10/dist-packages/airflow/example_dags/tutorial_taskflow_api_etl_virtualenv.py took 0.078 seconds
[2022-06-16 20:20:38,159] {processor.py:153} INFO - Started process (PID=8092) to work on /usr/local/lib/python3.10/dist-packages/airflow/example_dags/tutorial_taskflow_api_etl_virtualenv.py
[2022-06-16 20:20:38,160] {processor.py:641} INFO - Processing file /usr/local/lib/python3.10/dist-packages/airflow/example_dags/tutorial_taskflow_api_etl_virtualenv.py for tasks to queue
[2022-06-16 20:20:38,161] {logging_mixin.py:115} INFO - [2022-06-16 20:20:38,160] {dagbag.py:507} INFO - Filling up the DagBag from /usr/local/lib/python3.10/dist-packages/airflow/example_dags/tutorial_taskflow_api_etl_virtualenv.py
[2022-06-16 20:20:38,183] {processor.py:651} INFO - DAG(s) dict_keys(['tutorial_taskflow_api_etl_virtualenv']) retrieved from /usr/local/lib/python3.10/dist-packages/airflow/example_dags/tutorial_taskflow_api_etl_virtualenv.py
[2022-06-16 20:20:38,199] {logging_mixin.py:115} INFO - [2022-06-16 20:20:38,199] {dag.py:2371} INFO - Sync 1 DAGs
[2022-06-16 20:20:38,218] {logging_mixin.py:115} INFO - [2022-06-16 20:20:38,218] {dag.py:2915} INFO - Setting next_dagrun for tutorial_taskflow_api_etl_virtualenv to None, run_after=None
[2022-06-16 20:20:38,237] {processor.py:161} INFO - Processing /usr/local/lib/python3.10/dist-packages/airflow/example_dags/tutorial_taskflow_api_etl_virtualenv.py took 0.081 seconds
[2022-06-16 20:21:18,163] {processor.py:153} INFO - Started process (PID=8140) to work on /usr/local/lib/python3.10/dist-packages/airflow/example_dags/tutorial_taskflow_api_etl_virtualenv.py
[2022-06-16 20:21:18,164] {processor.py:641} INFO - Processing file /usr/local/lib/python3.10/dist-packages/airflow/example_dags/tutorial_taskflow_api_etl_virtualenv.py for tasks to queue
[2022-06-16 20:21:18,164] {logging_mixin.py:115} INFO - [2022-06-16 20:21:18,164] {dagbag.py:507} INFO - Filling up the DagBag from /usr/local/lib/python3.10/dist-packages/airflow/example_dags/tutorial_taskflow_api_etl_virtualenv.py
[2022-06-16 20:21:18,182] {processor.py:651} INFO - DAG(s) dict_keys(['tutorial_taskflow_api_etl_virtualenv']) retrieved from /usr/local/lib/python3.10/dist-packages/airflow/example_dags/tutorial_taskflow_api_etl_virtualenv.py
[2022-06-16 20:21:18,198] {logging_mixin.py:115} INFO - [2022-06-16 20:21:18,198] {dag.py:2371} INFO - Sync 1 DAGs
[2022-06-16 20:21:18,216] {logging_mixin.py:115} INFO - [2022-06-16 20:21:18,216] {dag.py:2915} INFO - Setting next_dagrun for tutorial_taskflow_api_etl_virtualenv to None, run_after=None
[2022-06-16 20:21:18,270] {processor.py:161} INFO - Processing /usr/local/lib/python3.10/dist-packages/airflow/example_dags/tutorial_taskflow_api_etl_virtualenv.py took 0.109 seconds
[2022-06-16 20:21:55,210] {processor.py:153} INFO - Started process (PID=8179) to work on /usr/local/lib/python3.10/dist-packages/airflow/example_dags/tutorial_taskflow_api_etl_virtualenv.py
[2022-06-16 20:21:55,211] {processor.py:641} INFO - Processing file /usr/local/lib/python3.10/dist-packages/airflow/example_dags/tutorial_taskflow_api_etl_virtualenv.py for tasks to queue
[2022-06-16 20:21:55,212] {logging_mixin.py:115} INFO - [2022-06-16 20:21:55,211] {dagbag.py:507} INFO - Filling up the DagBag from /usr/local/lib/python3.10/dist-packages/airflow/example_dags/tutorial_taskflow_api_etl_virtualenv.py
[2022-06-16 20:21:55,230] {processor.py:651} INFO - DAG(s) dict_keys(['tutorial_taskflow_api_etl_virtualenv']) retrieved from /usr/local/lib/python3.10/dist-packages/airflow/example_dags/tutorial_taskflow_api_etl_virtualenv.py
[2022-06-16 20:21:55,244] {logging_mixin.py:115} INFO - [2022-06-16 20:21:55,244] {dag.py:2371} INFO - Sync 1 DAGs
[2022-06-16 20:21:55,262] {logging_mixin.py:115} INFO - [2022-06-16 20:21:55,262] {dag.py:2915} INFO - Setting next_dagrun for tutorial_taskflow_api_etl_virtualenv to None, run_after=None
[2022-06-16 20:21:55,282] {processor.py:161} INFO - Processing /usr/local/lib/python3.10/dist-packages/airflow/example_dags/tutorial_taskflow_api_etl_virtualenv.py took 0.075 seconds
[2022-06-16 20:22:34,036] {processor.py:153} INFO - Started process (PID=8224) to work on /usr/local/lib/python3.10/dist-packages/airflow/example_dags/tutorial_taskflow_api_etl_virtualenv.py
[2022-06-16 20:22:34,037] {processor.py:641} INFO - Processing file /usr/local/lib/python3.10/dist-packages/airflow/example_dags/tutorial_taskflow_api_etl_virtualenv.py for tasks to queue
[2022-06-16 20:22:34,037] {logging_mixin.py:115} INFO - [2022-06-16 20:22:34,037] {dagbag.py:507} INFO - Filling up the DagBag from /usr/local/lib/python3.10/dist-packages/airflow/example_dags/tutorial_taskflow_api_etl_virtualenv.py
[2022-06-16 20:22:34,054] {processor.py:651} INFO - DAG(s) dict_keys(['tutorial_taskflow_api_etl_virtualenv']) retrieved from /usr/local/lib/python3.10/dist-packages/airflow/example_dags/tutorial_taskflow_api_etl_virtualenv.py
[2022-06-16 20:22:34,069] {logging_mixin.py:115} INFO - [2022-06-16 20:22:34,069] {dag.py:2371} INFO - Sync 1 DAGs
[2022-06-16 20:22:34,088] {logging_mixin.py:115} INFO - [2022-06-16 20:22:34,087] {dag.py:2915} INFO - Setting next_dagrun for tutorial_taskflow_api_etl_virtualenv to None, run_after=None
[2022-06-16 20:22:34,108] {processor.py:161} INFO - Processing /usr/local/lib/python3.10/dist-packages/airflow/example_dags/tutorial_taskflow_api_etl_virtualenv.py took 0.075 seconds
[2022-06-16 20:23:10,796] {processor.py:153} INFO - Started process (PID=8286) to work on /usr/local/lib/python3.10/dist-packages/airflow/example_dags/tutorial_taskflow_api_etl_virtualenv.py
[2022-06-16 20:23:10,813] {processor.py:641} INFO - Processing file /usr/local/lib/python3.10/dist-packages/airflow/example_dags/tutorial_taskflow_api_etl_virtualenv.py for tasks to queue
[2022-06-16 20:23:10,813] {logging_mixin.py:115} INFO - [2022-06-16 20:23:10,813] {dagbag.py:507} INFO - Filling up the DagBag from /usr/local/lib/python3.10/dist-packages/airflow/example_dags/tutorial_taskflow_api_etl_virtualenv.py
[2022-06-16 20:23:10,832] {processor.py:651} INFO - DAG(s) dict_keys(['tutorial_taskflow_api_etl_virtualenv']) retrieved from /usr/local/lib/python3.10/dist-packages/airflow/example_dags/tutorial_taskflow_api_etl_virtualenv.py
[2022-06-16 20:23:10,847] {logging_mixin.py:115} INFO - [2022-06-16 20:23:10,846] {dag.py:2371} INFO - Sync 1 DAGs
[2022-06-16 20:23:10,865] {logging_mixin.py:115} INFO - [2022-06-16 20:23:10,865] {dag.py:2915} INFO - Setting next_dagrun for tutorial_taskflow_api_etl_virtualenv to None, run_after=None
[2022-06-16 20:23:10,887] {processor.py:161} INFO - Processing /usr/local/lib/python3.10/dist-packages/airflow/example_dags/tutorial_taskflow_api_etl_virtualenv.py took 0.094 seconds
[2022-06-16 20:23:48,137] {processor.py:153} INFO - Started process (PID=8353) to work on /usr/local/lib/python3.10/dist-packages/airflow/example_dags/tutorial_taskflow_api_etl_virtualenv.py
[2022-06-16 20:23:48,137] {processor.py:641} INFO - Processing file /usr/local/lib/python3.10/dist-packages/airflow/example_dags/tutorial_taskflow_api_etl_virtualenv.py for tasks to queue
[2022-06-16 20:23:48,138] {logging_mixin.py:115} INFO - [2022-06-16 20:23:48,138] {dagbag.py:507} INFO - Filling up the DagBag from /usr/local/lib/python3.10/dist-packages/airflow/example_dags/tutorial_taskflow_api_etl_virtualenv.py
[2022-06-16 20:23:48,156] {processor.py:651} INFO - DAG(s) dict_keys(['tutorial_taskflow_api_etl_virtualenv']) retrieved from /usr/local/lib/python3.10/dist-packages/airflow/example_dags/tutorial_taskflow_api_etl_virtualenv.py
[2022-06-16 20:23:48,205] {logging_mixin.py:115} INFO - [2022-06-16 20:23:48,205] {dag.py:2371} INFO - Sync 1 DAGs
[2022-06-16 20:23:48,222] {logging_mixin.py:115} INFO - [2022-06-16 20:23:48,222] {dag.py:2915} INFO - Setting next_dagrun for tutorial_taskflow_api_etl_virtualenv to None, run_after=None
[2022-06-16 20:23:48,243] {processor.py:161} INFO - Processing /usr/local/lib/python3.10/dist-packages/airflow/example_dags/tutorial_taskflow_api_etl_virtualenv.py took 0.109 seconds
[2022-06-16 20:24:27,636] {processor.py:153} INFO - Started process (PID=8405) to work on /usr/local/lib/python3.10/dist-packages/airflow/example_dags/tutorial_taskflow_api_etl_virtualenv.py
[2022-06-16 20:24:27,672] {processor.py:641} INFO - Processing file /usr/local/lib/python3.10/dist-packages/airflow/example_dags/tutorial_taskflow_api_etl_virtualenv.py for tasks to queue
[2022-06-16 20:24:27,673] {logging_mixin.py:115} INFO - [2022-06-16 20:24:27,673] {dagbag.py:507} INFO - Filling up the DagBag from /usr/local/lib/python3.10/dist-packages/airflow/example_dags/tutorial_taskflow_api_etl_virtualenv.py
[2022-06-16 20:24:27,693] {processor.py:651} INFO - DAG(s) dict_keys(['tutorial_taskflow_api_etl_virtualenv']) retrieved from /usr/local/lib/python3.10/dist-packages/airflow/example_dags/tutorial_taskflow_api_etl_virtualenv.py
[2022-06-16 20:24:27,710] {logging_mixin.py:115} INFO - [2022-06-16 20:24:27,710] {dag.py:2371} INFO - Sync 1 DAGs
[2022-06-16 20:24:27,732] {logging_mixin.py:115} INFO - [2022-06-16 20:24:27,731] {dag.py:2915} INFO - Setting next_dagrun for tutorial_taskflow_api_etl_virtualenv to None, run_after=None
[2022-06-16 20:24:27,753] {processor.py:161} INFO - Processing /usr/local/lib/python3.10/dist-packages/airflow/example_dags/tutorial_taskflow_api_etl_virtualenv.py took 0.120 seconds
[2022-06-16 20:25:07,224] {processor.py:153} INFO - Started process (PID=8469) to work on /usr/local/lib/python3.10/dist-packages/airflow/example_dags/tutorial_taskflow_api_etl_virtualenv.py
[2022-06-16 20:25:07,224] {processor.py:641} INFO - Processing file /usr/local/lib/python3.10/dist-packages/airflow/example_dags/tutorial_taskflow_api_etl_virtualenv.py for tasks to queue
[2022-06-16 20:25:07,225] {logging_mixin.py:115} INFO - [2022-06-16 20:25:07,225] {dagbag.py:507} INFO - Filling up the DagBag from /usr/local/lib/python3.10/dist-packages/airflow/example_dags/tutorial_taskflow_api_etl_virtualenv.py
[2022-06-16 20:25:07,248] {processor.py:651} INFO - DAG(s) dict_keys(['tutorial_taskflow_api_etl_virtualenv']) retrieved from /usr/local/lib/python3.10/dist-packages/airflow/example_dags/tutorial_taskflow_api_etl_virtualenv.py
[2022-06-16 20:25:07,269] {logging_mixin.py:115} INFO - [2022-06-16 20:25:07,269] {dag.py:2371} INFO - Sync 1 DAGs
[2022-06-16 20:25:07,290] {logging_mixin.py:115} INFO - [2022-06-16 20:25:07,290] {dag.py:2915} INFO - Setting next_dagrun for tutorial_taskflow_api_etl_virtualenv to None, run_after=None
[2022-06-16 20:25:07,333] {processor.py:161} INFO - Processing /usr/local/lib/python3.10/dist-packages/airflow/example_dags/tutorial_taskflow_api_etl_virtualenv.py took 0.112 seconds
[2022-06-16 20:25:45,783] {processor.py:153} INFO - Started process (PID=8514) to work on /usr/local/lib/python3.10/dist-packages/airflow/example_dags/tutorial_taskflow_api_etl_virtualenv.py
[2022-06-16 20:25:45,784] {processor.py:641} INFO - Processing file /usr/local/lib/python3.10/dist-packages/airflow/example_dags/tutorial_taskflow_api_etl_virtualenv.py for tasks to queue
[2022-06-16 20:25:45,784] {logging_mixin.py:115} INFO - [2022-06-16 20:25:45,784] {dagbag.py:507} INFO - Filling up the DagBag from /usr/local/lib/python3.10/dist-packages/airflow/example_dags/tutorial_taskflow_api_etl_virtualenv.py
[2022-06-16 20:25:45,803] {processor.py:651} INFO - DAG(s) dict_keys(['tutorial_taskflow_api_etl_virtualenv']) retrieved from /usr/local/lib/python3.10/dist-packages/airflow/example_dags/tutorial_taskflow_api_etl_virtualenv.py
[2022-06-16 20:25:45,818] {logging_mixin.py:115} INFO - [2022-06-16 20:25:45,818] {dag.py:2371} INFO - Sync 1 DAGs
[2022-06-16 20:25:45,837] {logging_mixin.py:115} INFO - [2022-06-16 20:25:45,837] {dag.py:2915} INFO - Setting next_dagrun for tutorial_taskflow_api_etl_virtualenv to None, run_after=None
[2022-06-16 20:25:45,886] {processor.py:161} INFO - Processing /usr/local/lib/python3.10/dist-packages/airflow/example_dags/tutorial_taskflow_api_etl_virtualenv.py took 0.106 seconds
[2022-06-16 20:26:20,754] {processor.py:153} INFO - Started process (PID=8553) to work on /usr/local/lib/python3.10/dist-packages/airflow/example_dags/tutorial_taskflow_api_etl_virtualenv.py
[2022-06-16 20:26:20,755] {processor.py:641} INFO - Processing file /usr/local/lib/python3.10/dist-packages/airflow/example_dags/tutorial_taskflow_api_etl_virtualenv.py for tasks to queue
[2022-06-16 20:26:20,755] {logging_mixin.py:115} INFO - [2022-06-16 20:26:20,755] {dagbag.py:507} INFO - Filling up the DagBag from /usr/local/lib/python3.10/dist-packages/airflow/example_dags/tutorial_taskflow_api_etl_virtualenv.py
[2022-06-16 20:26:20,775] {processor.py:651} INFO - DAG(s) dict_keys(['tutorial_taskflow_api_etl_virtualenv']) retrieved from /usr/local/lib/python3.10/dist-packages/airflow/example_dags/tutorial_taskflow_api_etl_virtualenv.py
[2022-06-16 20:26:20,791] {logging_mixin.py:115} INFO - [2022-06-16 20:26:20,791] {dag.py:2371} INFO - Sync 1 DAGs
[2022-06-16 20:26:20,810] {logging_mixin.py:115} INFO - [2022-06-16 20:26:20,810] {dag.py:2915} INFO - Setting next_dagrun for tutorial_taskflow_api_etl_virtualenv to None, run_after=None
[2022-06-16 20:26:20,830] {processor.py:161} INFO - Processing /usr/local/lib/python3.10/dist-packages/airflow/example_dags/tutorial_taskflow_api_etl_virtualenv.py took 0.078 seconds
