[2022-05-17 23:04:58,540] {taskinstance.py:1159} INFO - Dependencies all met for <TaskInstance: example_bash_operator.also_run_this backfill__2015-01-01T00:00:00+00:00 [queued]>
[2022-05-17 23:04:58,549] {taskinstance.py:1159} INFO - Dependencies all met for <TaskInstance: example_bash_operator.also_run_this backfill__2015-01-01T00:00:00+00:00 [queued]>
[2022-05-17 23:04:58,550] {taskinstance.py:1356} INFO - 
--------------------------------------------------------------------------------
[2022-05-17 23:04:58,550] {taskinstance.py:1357} INFO - Starting attempt 1 of 1
[2022-05-17 23:04:58,550] {taskinstance.py:1358} INFO - 
--------------------------------------------------------------------------------
[2022-05-17 23:04:58,574] {taskinstance.py:1377} INFO - Executing <Task(BashOperator): also_run_this> on 2015-01-01 00:00:00+00:00
[2022-05-17 23:04:58,576] {standard_task_runner.py:52} INFO - Started process 4795 to run task
[2022-05-17 23:04:58,580] {standard_task_runner.py:79} INFO - Running: ['airflow', 'tasks', 'run', 'example_bash_operator', 'also_run_this', 'backfill__2015-01-01T00:00:00+00:00', '--job-id', '73', '--pool', 'default_pool', '--raw', '--subdir', '/usr/local/lib/python3.10/dist-packages/airflow/example_dags/example_bash_operator.py', '--cfg-path', '/tmp/tmpynazg3ja', '--error-file', '/tmp/tmpa6uhgtou']
[2022-05-17 23:04:58,581] {standard_task_runner.py:80} INFO - Job 73: Subtask also_run_this
[2022-05-17 23:04:58,626] {task_command.py:369} INFO - Running <TaskInstance: example_bash_operator.also_run_this backfill__2015-01-01T00:00:00+00:00 [running]> on host roshan-Latitude-E5440
[2022-05-17 23:04:58,679] {taskinstance.py:1569} INFO - Exporting the following env vars:
AIRFLOW_CTX_DAG_OWNER=airflow
AIRFLOW_CTX_DAG_ID=example_bash_operator
AIRFLOW_CTX_TASK_ID=also_run_this
AIRFLOW_CTX_EXECUTION_DATE=2015-01-01T00:00:00+00:00
AIRFLOW_CTX_TRY_NUMBER=1
AIRFLOW_CTX_DAG_RUN_ID=backfill__2015-01-01T00:00:00+00:00
[2022-05-17 23:04:58,680] {subprocess.py:62} INFO - Tmp dir root location: 
 /tmp
[2022-05-17 23:04:58,680] {subprocess.py:74} INFO - Running command: ['bash', '-c', 'echo "run_id=backfill__2015-01-01T00:00:00+00:00 | dag_run=<DagRun example_bash_operator @ 2015-01-01 00:00:00+00:00: backfill__2015-01-01T00:00:00+00:00, externally triggered: False>"']
[2022-05-17 23:04:58,685] {subprocess.py:85} INFO - Output:
[2022-05-17 23:04:58,685] {subprocess.py:92} INFO - run_id=backfill__2015-01-01T00:00:00+00:00 | dag_run=<DagRun example_bash_operator @ 2015-01-01 00:00:00+00:00: backfill__2015-01-01T00:00:00+00:00, externally triggered: False>
[2022-05-17 23:04:58,686] {subprocess.py:96} INFO - Command exited with return code 0
[2022-05-17 23:04:58,711] {taskinstance.py:1395} INFO - Marking task as SUCCESS. dag_id=example_bash_operator, task_id=also_run_this, execution_date=20150101T000000, start_date=20220517T173458, end_date=20220517T173458
[2022-05-17 23:04:58,752] {local_task_job.py:156} INFO - Task exited with return code 0
[2022-05-17 23:04:58,769] {local_task_job.py:273} INFO - 0 downstream tasks scheduled from follow-on schedule check
