[2022-05-13 17:01:18,213] {taskinstance.py:1159} INFO - Dependencies all met for <TaskInstance: example_bash_operator.runme_1 manual__2022-05-13T11:31:11.197884+00:00 [queued]>
[2022-05-13 17:01:18,231] {taskinstance.py:1159} INFO - Dependencies all met for <TaskInstance: example_bash_operator.runme_1 manual__2022-05-13T11:31:11.197884+00:00 [queued]>
[2022-05-13 17:01:18,231] {taskinstance.py:1356} INFO - 
--------------------------------------------------------------------------------
[2022-05-13 17:01:18,231] {taskinstance.py:1357} INFO - Starting attempt 1 of 1
[2022-05-13 17:01:18,232] {taskinstance.py:1358} INFO - 
--------------------------------------------------------------------------------
[2022-05-13 17:01:18,283] {taskinstance.py:1377} INFO - Executing <Task(BashOperator): runme_1> on 2022-05-13 11:31:11.197884+00:00
[2022-05-13 17:01:18,288] {standard_task_runner.py:52} INFO - Started process 8960 to run task
[2022-05-13 17:01:18,295] {standard_task_runner.py:79} INFO - Running: ['airflow', 'tasks', 'run', 'example_bash_operator', 'runme_1', 'manual__2022-05-13T11:31:11.197884+00:00', '--job-id', '36', '--raw', '--subdir', '/usr/local/lib/python3.10/dist-packages/airflow/example_dags/example_bash_operator.py', '--cfg-path', '/tmp/tmp6gor2hxg', '--error-file', '/tmp/tmpqzo2mvlj']
[2022-05-13 17:01:18,295] {standard_task_runner.py:80} INFO - Job 36: Subtask runme_1
[2022-05-13 17:01:18,352] {task_command.py:369} INFO - Running <TaskInstance: example_bash_operator.runme_1 manual__2022-05-13T11:31:11.197884+00:00 [running]> on host roshan-Latitude-E5440
[2022-05-13 17:01:18,443] {taskinstance.py:1569} INFO - Exporting the following env vars:
AIRFLOW_CTX_DAG_OWNER=airflow
AIRFLOW_CTX_DAG_ID=example_bash_operator
AIRFLOW_CTX_TASK_ID=runme_1
AIRFLOW_CTX_EXECUTION_DATE=2022-05-13T11:31:11.197884+00:00
AIRFLOW_CTX_TRY_NUMBER=1
AIRFLOW_CTX_DAG_RUN_ID=manual__2022-05-13T11:31:11.197884+00:00
[2022-05-13 17:01:18,445] {subprocess.py:62} INFO - Tmp dir root location: 
 /tmp
[2022-05-13 17:01:18,445] {subprocess.py:74} INFO - Running command: ['bash', '-c', 'echo "example_bash_operator__runme_1__20220513" && sleep 1']
[2022-05-13 17:01:18,451] {subprocess.py:85} INFO - Output:
[2022-05-13 17:01:18,452] {subprocess.py:92} INFO - example_bash_operator__runme_1__20220513
[2022-05-13 17:01:19,453] {subprocess.py:96} INFO - Command exited with return code 0
[2022-05-13 17:01:19,486] {taskinstance.py:1395} INFO - Marking task as SUCCESS. dag_id=example_bash_operator, task_id=runme_1, execution_date=20220513T113111, start_date=20220513T113118, end_date=20220513T113119
[2022-05-13 17:01:19,516] {local_task_job.py:156} INFO - Task exited with return code 0
[2022-05-13 17:01:19,549] {local_task_job.py:273} INFO - 0 downstream tasks scheduled from follow-on schedule check
