[2022-06-16 19:58:53,070] {taskinstance.py:1159} INFO - Dependencies all met for <TaskInstance: example_bash_operator.runme_2 scheduled__2022-06-14T00:00:00+00:00 [queued]>
[2022-06-16 19:58:53,087] {taskinstance.py:1159} INFO - Dependencies all met for <TaskInstance: example_bash_operator.runme_2 scheduled__2022-06-14T00:00:00+00:00 [queued]>
[2022-06-16 19:58:53,088] {taskinstance.py:1356} INFO - 
--------------------------------------------------------------------------------
[2022-06-16 19:58:53,088] {taskinstance.py:1357} INFO - Starting attempt 1 of 1
[2022-06-16 19:58:53,088] {taskinstance.py:1358} INFO - 
--------------------------------------------------------------------------------
[2022-06-16 19:58:53,165] {taskinstance.py:1377} INFO - Executing <Task(BashOperator): runme_2> on 2022-06-14 00:00:00+00:00
[2022-06-16 19:58:53,168] {standard_task_runner.py:52} INFO - Started process 4646 to run task
[2022-06-16 19:58:53,175] {standard_task_runner.py:79} INFO - Running: ['airflow', 'tasks', 'run', 'example_bash_operator', 'runme_2', 'scheduled__2022-06-14T00:00:00+00:00', '--job-id', '119', '--raw', '--subdir', '/usr/local/lib/python3.10/dist-packages/airflow/example_dags/example_bash_operator.py', '--cfg-path', '/tmp/tmpfzkp82wy', '--error-file', '/tmp/tmpv5ejp3_8']
[2022-06-16 19:58:53,176] {standard_task_runner.py:80} INFO - Job 119: Subtask runme_2
[2022-06-16 19:58:53,234] {task_command.py:369} INFO - Running <TaskInstance: example_bash_operator.runme_2 scheduled__2022-06-14T00:00:00+00:00 [running]> on host roshan-Latitude-E5440
[2022-06-16 19:58:53,308] {taskinstance.py:1569} INFO - Exporting the following env vars:
AIRFLOW_CTX_DAG_OWNER=airflow
AIRFLOW_CTX_DAG_ID=example_bash_operator
AIRFLOW_CTX_TASK_ID=runme_2
AIRFLOW_CTX_EXECUTION_DATE=2022-06-14T00:00:00+00:00
AIRFLOW_CTX_TRY_NUMBER=1
AIRFLOW_CTX_DAG_RUN_ID=scheduled__2022-06-14T00:00:00+00:00
[2022-06-16 19:58:53,309] {subprocess.py:62} INFO - Tmp dir root location: 
 /tmp
[2022-06-16 19:58:53,310] {subprocess.py:74} INFO - Running command: ['bash', '-c', 'echo "example_bash_operator__runme_2__20220614" && sleep 1']
[2022-06-16 19:58:53,315] {subprocess.py:85} INFO - Output:
[2022-06-16 19:58:53,316] {subprocess.py:92} INFO - example_bash_operator__runme_2__20220614
[2022-06-16 19:58:54,318] {subprocess.py:96} INFO - Command exited with return code 0
[2022-06-16 19:58:54,390] {taskinstance.py:1395} INFO - Marking task as SUCCESS. dag_id=example_bash_operator, task_id=runme_2, execution_date=20220614T000000, start_date=20220616T142853, end_date=20220616T142854
[2022-06-16 19:58:54,431] {local_task_job.py:156} INFO - Task exited with return code 0
[2022-06-16 19:58:54,584] {local_task_job.py:273} INFO - 1 downstream tasks scheduled from follow-on schedule check
