[2022-05-19 19:10:49,808] {taskinstance.py:1159} INFO - Dependencies all met for <TaskInstance: example_bash_operator.runme_2 scheduled__2022-05-18T00:00:00+00:00 [queued]>
[2022-05-19 19:10:49,820] {taskinstance.py:1159} INFO - Dependencies all met for <TaskInstance: example_bash_operator.runme_2 scheduled__2022-05-18T00:00:00+00:00 [queued]>
[2022-05-19 19:10:49,820] {taskinstance.py:1356} INFO - 
--------------------------------------------------------------------------------
[2022-05-19 19:10:49,820] {taskinstance.py:1357} INFO - Starting attempt 1 of 1
[2022-05-19 19:10:49,821] {taskinstance.py:1358} INFO - 
--------------------------------------------------------------------------------
[2022-05-19 19:10:49,854] {taskinstance.py:1377} INFO - Executing <Task(BashOperator): runme_2> on 2022-05-18 00:00:00+00:00
[2022-05-19 19:10:49,856] {standard_task_runner.py:52} INFO - Started process 8020 to run task
[2022-05-19 19:10:49,859] {standard_task_runner.py:79} INFO - Running: ['airflow', 'tasks', 'run', 'example_bash_operator', 'runme_2', 'scheduled__2022-05-18T00:00:00+00:00', '--job-id', '90', '--raw', '--subdir', '/usr/local/lib/python3.10/dist-packages/airflow/example_dags/example_bash_operator.py', '--cfg-path', '/tmp/tmpfmqwov1f', '--error-file', '/tmp/tmp109jngr1']
[2022-05-19 19:10:49,860] {standard_task_runner.py:80} INFO - Job 90: Subtask runme_2
[2022-05-19 19:10:49,900] {task_command.py:369} INFO - Running <TaskInstance: example_bash_operator.runme_2 scheduled__2022-05-18T00:00:00+00:00 [running]> on host roshan-Latitude-E5440
[2022-05-19 19:10:49,956] {taskinstance.py:1569} INFO - Exporting the following env vars:
AIRFLOW_CTX_DAG_OWNER=airflow
AIRFLOW_CTX_DAG_ID=example_bash_operator
AIRFLOW_CTX_TASK_ID=runme_2
AIRFLOW_CTX_EXECUTION_DATE=2022-05-18T00:00:00+00:00
AIRFLOW_CTX_TRY_NUMBER=1
AIRFLOW_CTX_DAG_RUN_ID=scheduled__2022-05-18T00:00:00+00:00
[2022-05-19 19:10:49,957] {subprocess.py:62} INFO - Tmp dir root location: 
 /tmp
[2022-05-19 19:10:49,958] {subprocess.py:74} INFO - Running command: ['bash', '-c', 'echo "example_bash_operator__runme_2__20220518" && sleep 1']
[2022-05-19 19:10:49,962] {subprocess.py:85} INFO - Output:
[2022-05-19 19:10:49,963] {subprocess.py:92} INFO - example_bash_operator__runme_2__20220518
[2022-05-19 19:10:50,964] {subprocess.py:96} INFO - Command exited with return code 0
[2022-05-19 19:10:50,996] {taskinstance.py:1395} INFO - Marking task as SUCCESS. dag_id=example_bash_operator, task_id=runme_2, execution_date=20220518T000000, start_date=20220519T134049, end_date=20220519T134050
[2022-05-19 19:10:51,034] {local_task_job.py:156} INFO - Task exited with return code 0
[2022-05-19 19:10:51,098] {local_task_job.py:273} INFO - 1 downstream tasks scheduled from follow-on schedule check
