[2022-05-13 17:21:19,963] {taskinstance.py:1159} INFO - Dependencies all met for <TaskInstance: example_bash_operator.also_run_this scheduled__2022-05-10T00:00:00+00:00 [queued]>
[2022-05-13 17:21:19,975] {taskinstance.py:1159} INFO - Dependencies all met for <TaskInstance: example_bash_operator.also_run_this scheduled__2022-05-10T00:00:00+00:00 [queued]>
[2022-05-13 17:21:19,976] {taskinstance.py:1356} INFO - 
--------------------------------------------------------------------------------
[2022-05-13 17:21:19,976] {taskinstance.py:1357} INFO - Starting attempt 3 of 3
[2022-05-13 17:21:19,976] {taskinstance.py:1358} INFO - 
--------------------------------------------------------------------------------
[2022-05-13 17:21:20,023] {taskinstance.py:1377} INFO - Executing <Task(BashOperator): also_run_this> on 2022-05-10 00:00:00+00:00
[2022-05-13 17:21:20,025] {standard_task_runner.py:52} INFO - Started process 10418 to run task
[2022-05-13 17:21:20,028] {standard_task_runner.py:79} INFO - Running: ['airflow', 'tasks', 'run', 'example_bash_operator', 'also_run_this', 'scheduled__2022-05-10T00:00:00+00:00', '--job-id', '50', '--raw', '--subdir', '/usr/local/lib/python3.10/dist-packages/airflow/example_dags/example_bash_operator.py', '--cfg-path', '/tmp/tmpsc5m4dye', '--error-file', '/tmp/tmpx_tltxto']
[2022-05-13 17:21:20,029] {standard_task_runner.py:80} INFO - Job 50: Subtask also_run_this
[2022-05-13 17:21:20,084] {task_command.py:369} INFO - Running <TaskInstance: example_bash_operator.also_run_this scheduled__2022-05-10T00:00:00+00:00 [running]> on host roshan-Latitude-E5440
[2022-05-13 17:21:20,147] {taskinstance.py:1569} INFO - Exporting the following env vars:
AIRFLOW_CTX_DAG_OWNER=airflow
AIRFLOW_CTX_DAG_ID=example_bash_operator
AIRFLOW_CTX_TASK_ID=also_run_this
AIRFLOW_CTX_EXECUTION_DATE=2022-05-10T00:00:00+00:00
AIRFLOW_CTX_TRY_NUMBER=3
AIRFLOW_CTX_DAG_RUN_ID=scheduled__2022-05-10T00:00:00+00:00
[2022-05-13 17:21:20,148] {subprocess.py:62} INFO - Tmp dir root location: 
 /tmp
[2022-05-13 17:21:20,150] {subprocess.py:74} INFO - Running command: ['bash', '-c', 'echo "run_id=scheduled__2022-05-10T00:00:00+00:00 | dag_run=<DagRun example_bash_operator @ 2022-05-10 00:00:00+00:00: scheduled__2022-05-10T00:00:00+00:00, externally triggered: False>"']
[2022-05-13 17:21:20,158] {subprocess.py:85} INFO - Output:
[2022-05-13 17:21:20,160] {subprocess.py:92} INFO - run_id=scheduled__2022-05-10T00:00:00+00:00 | dag_run=<DagRun example_bash_operator @ 2022-05-10 00:00:00+00:00: scheduled__2022-05-10T00:00:00+00:00, externally triggered: False>
[2022-05-13 17:21:20,160] {subprocess.py:96} INFO - Command exited with return code 0
[2022-05-13 17:21:20,193] {taskinstance.py:1395} INFO - Marking task as SUCCESS. dag_id=example_bash_operator, task_id=also_run_this, execution_date=20220510T000000, start_date=20220513T115119, end_date=20220513T115120
[2022-05-13 17:21:20,240] {local_task_job.py:156} INFO - Task exited with return code 0
[2022-05-13 17:21:20,267] {local_task_job.py:273} INFO - 0 downstream tasks scheduled from follow-on schedule check
