[2022-06-16 19:59:19,686] {taskinstance.py:1159} INFO - Dependencies all met for <TaskInstance: example_bash_operator.also_run_this scheduled__2022-06-15T00:00:00+00:00 [queued]>
[2022-06-16 19:59:19,699] {taskinstance.py:1159} INFO - Dependencies all met for <TaskInstance: example_bash_operator.also_run_this scheduled__2022-06-15T00:00:00+00:00 [queued]>
[2022-06-16 19:59:19,699] {taskinstance.py:1356} INFO - 
--------------------------------------------------------------------------------
[2022-06-16 19:59:19,700] {taskinstance.py:1357} INFO - Starting attempt 1 of 1
[2022-06-16 19:59:19,700] {taskinstance.py:1358} INFO - 
--------------------------------------------------------------------------------
[2022-06-16 19:59:19,728] {taskinstance.py:1377} INFO - Executing <Task(BashOperator): also_run_this> on 2022-06-15 00:00:00+00:00
[2022-06-16 19:59:19,731] {standard_task_runner.py:52} INFO - Started process 4930 to run task
[2022-06-16 19:59:19,736] {standard_task_runner.py:79} INFO - Running: ['airflow', 'tasks', 'run', 'example_bash_operator', 'also_run_this', 'scheduled__2022-06-15T00:00:00+00:00', '--job-id', '126', '--raw', '--subdir', '/usr/local/lib/python3.10/dist-packages/airflow/example_dags/example_bash_operator.py', '--cfg-path', '/tmp/tmpkaf8k6uk', '--error-file', '/tmp/tmphe3wt4se']
[2022-06-16 19:59:19,737] {standard_task_runner.py:80} INFO - Job 126: Subtask also_run_this
[2022-06-16 19:59:19,812] {task_command.py:369} INFO - Running <TaskInstance: example_bash_operator.also_run_this scheduled__2022-06-15T00:00:00+00:00 [running]> on host roshan-Latitude-E5440
[2022-06-16 19:59:19,898] {taskinstance.py:1569} INFO - Exporting the following env vars:
AIRFLOW_CTX_DAG_OWNER=airflow
AIRFLOW_CTX_DAG_ID=example_bash_operator
AIRFLOW_CTX_TASK_ID=also_run_this
AIRFLOW_CTX_EXECUTION_DATE=2022-06-15T00:00:00+00:00
AIRFLOW_CTX_TRY_NUMBER=1
AIRFLOW_CTX_DAG_RUN_ID=scheduled__2022-06-15T00:00:00+00:00
[2022-06-16 19:59:19,899] {subprocess.py:62} INFO - Tmp dir root location: 
 /tmp
[2022-06-16 19:59:19,900] {subprocess.py:74} INFO - Running command: ['bash', '-c', 'echo "run_id=scheduled__2022-06-15T00:00:00+00:00 | dag_run=<DagRun example_bash_operator @ 2022-06-15 00:00:00+00:00: scheduled__2022-06-15T00:00:00+00:00, externally triggered: False>"']
[2022-06-16 19:59:19,905] {subprocess.py:85} INFO - Output:
[2022-06-16 19:59:19,906] {subprocess.py:92} INFO - run_id=scheduled__2022-06-15T00:00:00+00:00 | dag_run=<DagRun example_bash_operator @ 2022-06-15 00:00:00+00:00: scheduled__2022-06-15T00:00:00+00:00, externally triggered: False>
[2022-06-16 19:59:19,906] {subprocess.py:96} INFO - Command exited with return code 0
[2022-06-16 19:59:19,936] {taskinstance.py:1395} INFO - Marking task as SUCCESS. dag_id=example_bash_operator, task_id=also_run_this, execution_date=20220615T000000, start_date=20220616T142919, end_date=20220616T142919
[2022-06-16 19:59:20,029] {local_task_job.py:156} INFO - Task exited with return code 0
[2022-06-16 19:59:20,058] {local_task_job.py:273} INFO - 0 downstream tasks scheduled from follow-on schedule check
