[2022-05-19 19:10:34,911] {taskinstance.py:1159} INFO - Dependencies all met for <TaskInstance: example_bash_operator.this_will_skip scheduled__2022-05-17T00:00:00+00:00 [queued]>
[2022-05-19 19:10:34,924] {taskinstance.py:1159} INFO - Dependencies all met for <TaskInstance: example_bash_operator.this_will_skip scheduled__2022-05-17T00:00:00+00:00 [queued]>
[2022-05-19 19:10:34,924] {taskinstance.py:1356} INFO - 
--------------------------------------------------------------------------------
[2022-05-19 19:10:34,924] {taskinstance.py:1357} INFO - Starting attempt 1 of 1
[2022-05-19 19:10:34,924] {taskinstance.py:1358} INFO - 
--------------------------------------------------------------------------------
[2022-05-19 19:10:34,954] {taskinstance.py:1377} INFO - Executing <Task(BashOperator): this_will_skip> on 2022-05-17 00:00:00+00:00
[2022-05-19 19:10:34,957] {standard_task_runner.py:52} INFO - Started process 7908 to run task
[2022-05-19 19:10:34,960] {standard_task_runner.py:79} INFO - Running: ['airflow', 'tasks', 'run', 'example_bash_operator', 'this_will_skip', 'scheduled__2022-05-17T00:00:00+00:00', '--job-id', '84', '--raw', '--subdir', '/usr/local/lib/python3.10/dist-packages/airflow/example_dags/example_bash_operator.py', '--cfg-path', '/tmp/tmpmlmic5ys', '--error-file', '/tmp/tmpu220egjw']
[2022-05-19 19:10:34,961] {standard_task_runner.py:80} INFO - Job 84: Subtask this_will_skip
[2022-05-19 19:10:35,011] {task_command.py:369} INFO - Running <TaskInstance: example_bash_operator.this_will_skip scheduled__2022-05-17T00:00:00+00:00 [running]> on host roshan-Latitude-E5440
[2022-05-19 19:10:35,075] {taskinstance.py:1569} INFO - Exporting the following env vars:
AIRFLOW_CTX_DAG_OWNER=airflow
AIRFLOW_CTX_DAG_ID=example_bash_operator
AIRFLOW_CTX_TASK_ID=this_will_skip
AIRFLOW_CTX_EXECUTION_DATE=2022-05-17T00:00:00+00:00
AIRFLOW_CTX_TRY_NUMBER=1
AIRFLOW_CTX_DAG_RUN_ID=scheduled__2022-05-17T00:00:00+00:00
[2022-05-19 19:10:35,076] {subprocess.py:62} INFO - Tmp dir root location: 
 /tmp
[2022-05-19 19:10:35,077] {subprocess.py:74} INFO - Running command: ['bash', '-c', 'echo "hello world"; exit 99;']
[2022-05-19 19:10:35,081] {subprocess.py:85} INFO - Output:
[2022-05-19 19:10:35,082] {subprocess.py:92} INFO - hello world
[2022-05-19 19:10:35,082] {subprocess.py:96} INFO - Command exited with return code 99
[2022-05-19 19:10:35,083] {taskinstance.py:1478} INFO - Bash command returned exit code 99. Skipping.
[2022-05-19 19:10:35,091] {taskinstance.py:1395} INFO - Marking task as SKIPPED. dag_id=example_bash_operator, task_id=this_will_skip, execution_date=20220517T000000, start_date=20220519T134034, end_date=20220519T134035
[2022-05-19 19:10:35,132] {local_task_job.py:156} INFO - Task exited with return code 0
[2022-05-19 19:10:35,167] {local_task_job.py:273} INFO - 0 downstream tasks scheduled from follow-on schedule check
