[2022-05-17 23:04:55,576] {taskinstance.py:1159} INFO - Dependencies all met for <TaskInstance: example_bash_operator.runme_2 backfill__2015-01-02T00:00:00+00:00 [queued]>
[2022-05-17 23:04:55,585] {taskinstance.py:1159} INFO - Dependencies all met for <TaskInstance: example_bash_operator.runme_2 backfill__2015-01-02T00:00:00+00:00 [queued]>
[2022-05-17 23:04:55,585] {taskinstance.py:1356} INFO - 
--------------------------------------------------------------------------------
[2022-05-17 23:04:55,585] {taskinstance.py:1357} INFO - Starting attempt 1 of 1
[2022-05-17 23:04:55,585] {taskinstance.py:1358} INFO - 
--------------------------------------------------------------------------------
[2022-05-17 23:04:55,709] {taskinstance.py:1377} INFO - Executing <Task(BashOperator): runme_2> on 2015-01-02 00:00:00+00:00
[2022-05-17 23:04:55,711] {standard_task_runner.py:52} INFO - Started process 4792 to run task
[2022-05-17 23:04:55,714] {standard_task_runner.py:79} INFO - Running: ['airflow', 'tasks', 'run', 'example_bash_operator', 'runme_2', 'backfill__2015-01-02T00:00:00+00:00', '--job-id', '72', '--pool', 'default_pool', '--raw', '--subdir', '/usr/local/lib/python3.10/dist-packages/airflow/example_dags/example_bash_operator.py', '--cfg-path', '/tmp/tmpir4bilux', '--error-file', '/tmp/tmp65fcodc2']
[2022-05-17 23:04:55,715] {standard_task_runner.py:80} INFO - Job 72: Subtask runme_2
[2022-05-17 23:04:55,755] {task_command.py:369} INFO - Running <TaskInstance: example_bash_operator.runme_2 backfill__2015-01-02T00:00:00+00:00 [running]> on host roshan-Latitude-E5440
[2022-05-17 23:04:55,808] {taskinstance.py:1569} INFO - Exporting the following env vars:
AIRFLOW_CTX_DAG_OWNER=airflow
AIRFLOW_CTX_DAG_ID=example_bash_operator
AIRFLOW_CTX_TASK_ID=runme_2
AIRFLOW_CTX_EXECUTION_DATE=2015-01-02T00:00:00+00:00
AIRFLOW_CTX_TRY_NUMBER=1
AIRFLOW_CTX_DAG_RUN_ID=backfill__2015-01-02T00:00:00+00:00
[2022-05-17 23:04:55,809] {subprocess.py:62} INFO - Tmp dir root location: 
 /tmp
[2022-05-17 23:04:55,809] {subprocess.py:74} INFO - Running command: ['bash', '-c', 'echo "example_bash_operator__runme_2__20150102" && sleep 1']
[2022-05-17 23:04:55,814] {subprocess.py:85} INFO - Output:
[2022-05-17 23:04:55,814] {subprocess.py:92} INFO - example_bash_operator__runme_2__20150102
[2022-05-17 23:04:56,816] {subprocess.py:96} INFO - Command exited with return code 0
[2022-05-17 23:04:56,922] {taskinstance.py:1395} INFO - Marking task as SUCCESS. dag_id=example_bash_operator, task_id=runme_2, execution_date=20150102T000000, start_date=20220517T173455, end_date=20220517T173456
[2022-05-17 23:04:56,970] {local_task_job.py:156} INFO - Task exited with return code 0
[2022-05-17 23:04:57,016] {local_task_job.py:273} INFO - 0 downstream tasks scheduled from follow-on schedule check
