[2022-05-17 23:04:50,252] {taskinstance.py:1159} INFO - Dependencies all met for <TaskInstance: example_bash_operator.runme_1 backfill__2015-01-02T00:00:00+00:00 [queued]>
[2022-05-17 23:04:50,261] {taskinstance.py:1159} INFO - Dependencies all met for <TaskInstance: example_bash_operator.runme_1 backfill__2015-01-02T00:00:00+00:00 [queued]>
[2022-05-17 23:04:50,261] {taskinstance.py:1356} INFO - 
--------------------------------------------------------------------------------
[2022-05-17 23:04:50,261] {taskinstance.py:1357} INFO - Starting attempt 1 of 1
[2022-05-17 23:04:50,261] {taskinstance.py:1358} INFO - 
--------------------------------------------------------------------------------
[2022-05-17 23:04:50,287] {taskinstance.py:1377} INFO - Executing <Task(BashOperator): runme_1> on 2015-01-02 00:00:00+00:00
[2022-05-17 23:04:50,289] {standard_task_runner.py:52} INFO - Started process 4786 to run task
[2022-05-17 23:04:50,293] {standard_task_runner.py:79} INFO - Running: ['airflow', 'tasks', 'run', 'example_bash_operator', 'runme_1', 'backfill__2015-01-02T00:00:00+00:00', '--job-id', '70', '--pool', 'default_pool', '--raw', '--subdir', '/usr/local/lib/python3.10/dist-packages/airflow/example_dags/example_bash_operator.py', '--cfg-path', '/tmp/tmpyk6dx1q5', '--error-file', '/tmp/tmpbkr9tm25']
[2022-05-17 23:04:50,294] {standard_task_runner.py:80} INFO - Job 70: Subtask runme_1
[2022-05-17 23:04:50,338] {task_command.py:369} INFO - Running <TaskInstance: example_bash_operator.runme_1 backfill__2015-01-02T00:00:00+00:00 [running]> on host roshan-Latitude-E5440
[2022-05-17 23:04:50,390] {taskinstance.py:1569} INFO - Exporting the following env vars:
AIRFLOW_CTX_DAG_OWNER=airflow
AIRFLOW_CTX_DAG_ID=example_bash_operator
AIRFLOW_CTX_TASK_ID=runme_1
AIRFLOW_CTX_EXECUTION_DATE=2015-01-02T00:00:00+00:00
AIRFLOW_CTX_TRY_NUMBER=1
AIRFLOW_CTX_DAG_RUN_ID=backfill__2015-01-02T00:00:00+00:00
[2022-05-17 23:04:50,391] {subprocess.py:62} INFO - Tmp dir root location: 
 /tmp
[2022-05-17 23:04:50,391] {subprocess.py:74} INFO - Running command: ['bash', '-c', 'echo "example_bash_operator__runme_1__20150102" && sleep 1']
[2022-05-17 23:04:50,396] {subprocess.py:85} INFO - Output:
[2022-05-17 23:04:50,397] {subprocess.py:92} INFO - example_bash_operator__runme_1__20150102
[2022-05-17 23:04:51,398] {subprocess.py:96} INFO - Command exited with return code 0
[2022-05-17 23:04:51,472] {taskinstance.py:1395} INFO - Marking task as SUCCESS. dag_id=example_bash_operator, task_id=runme_1, execution_date=20150102T000000, start_date=20220517T173450, end_date=20220517T173451
[2022-05-17 23:04:51,509] {local_task_job.py:156} INFO - Task exited with return code 0
[2022-05-17 23:04:51,525] {local_task_job.py:273} INFO - 0 downstream tasks scheduled from follow-on schedule check
