[2022-06-14 18:33:28,242] {taskinstance.py:1159} INFO - Dependencies all met for <TaskInstance: example_bash_operator.this_will_skip scheduled__2022-06-13T00:00:00+00:00 [queued]>
[2022-06-14 18:33:28,256] {taskinstance.py:1159} INFO - Dependencies all met for <TaskInstance: example_bash_operator.this_will_skip scheduled__2022-06-13T00:00:00+00:00 [queued]>
[2022-06-14 18:33:28,257] {taskinstance.py:1356} INFO - 
--------------------------------------------------------------------------------
[2022-06-14 18:33:28,257] {taskinstance.py:1357} INFO - Starting attempt 1 of 1
[2022-06-14 18:33:28,257] {taskinstance.py:1358} INFO - 
--------------------------------------------------------------------------------
[2022-06-14 18:33:28,284] {taskinstance.py:1377} INFO - Executing <Task(BashOperator): this_will_skip> on 2022-06-13 00:00:00+00:00
[2022-06-14 18:33:28,287] {standard_task_runner.py:52} INFO - Started process 6607 to run task
[2022-06-14 18:33:28,291] {standard_task_runner.py:79} INFO - Running: ['airflow', 'tasks', 'run', 'example_bash_operator', 'this_will_skip', 'scheduled__2022-06-13T00:00:00+00:00', '--job-id', '114', '--raw', '--subdir', '/usr/local/lib/python3.10/dist-packages/airflow/example_dags/example_bash_operator.py', '--cfg-path', '/tmp/tmp3o966ie9', '--error-file', '/tmp/tmp_fpyrlu0']
[2022-06-14 18:33:28,291] {standard_task_runner.py:80} INFO - Job 114: Subtask this_will_skip
[2022-06-14 18:33:28,349] {task_command.py:369} INFO - Running <TaskInstance: example_bash_operator.this_will_skip scheduled__2022-06-13T00:00:00+00:00 [running]> on host roshan-Latitude-E5440
[2022-06-14 18:33:28,420] {taskinstance.py:1569} INFO - Exporting the following env vars:
AIRFLOW_CTX_DAG_OWNER=airflow
AIRFLOW_CTX_DAG_ID=example_bash_operator
AIRFLOW_CTX_TASK_ID=this_will_skip
AIRFLOW_CTX_EXECUTION_DATE=2022-06-13T00:00:00+00:00
AIRFLOW_CTX_TRY_NUMBER=1
AIRFLOW_CTX_DAG_RUN_ID=scheduled__2022-06-13T00:00:00+00:00
[2022-06-14 18:33:28,421] {subprocess.py:62} INFO - Tmp dir root location: 
 /tmp
[2022-06-14 18:33:28,422] {subprocess.py:74} INFO - Running command: ['bash', '-c', 'echo "hello world"; exit 99;']
[2022-06-14 18:33:28,427] {subprocess.py:85} INFO - Output:
[2022-06-14 18:33:28,428] {subprocess.py:92} INFO - hello world
[2022-06-14 18:33:28,428] {subprocess.py:96} INFO - Command exited with return code 99
[2022-06-14 18:33:28,429] {taskinstance.py:1478} INFO - Bash command returned exit code 99. Skipping.
[2022-06-14 18:33:28,439] {taskinstance.py:1395} INFO - Marking task as SKIPPED. dag_id=example_bash_operator, task_id=this_will_skip, execution_date=20220613T000000, start_date=20220614T130328, end_date=20220614T130328
[2022-06-14 18:33:28,502] {local_task_job.py:156} INFO - Task exited with return code 0
[2022-06-14 18:33:28,562] {local_task_job.py:273} INFO - 0 downstream tasks scheduled from follow-on schedule check
