[2022-06-14 18:33:30,380] {taskinstance.py:1159} INFO - Dependencies all met for <TaskInstance: example_bash_operator.run_after_loop scheduled__2022-06-13T00:00:00+00:00 [queued]>
[2022-06-14 18:33:30,389] {taskinstance.py:1159} INFO - Dependencies all met for <TaskInstance: example_bash_operator.run_after_loop scheduled__2022-06-13T00:00:00+00:00 [queued]>
[2022-06-14 18:33:30,389] {taskinstance.py:1356} INFO - 
--------------------------------------------------------------------------------
[2022-06-14 18:33:30,389] {taskinstance.py:1357} INFO - Starting attempt 1 of 1
[2022-06-14 18:33:30,389] {taskinstance.py:1358} INFO - 
--------------------------------------------------------------------------------
[2022-06-14 18:33:30,421] {taskinstance.py:1377} INFO - Executing <Task(BashOperator): run_after_loop> on 2022-06-13 00:00:00+00:00
[2022-06-14 18:33:30,423] {standard_task_runner.py:52} INFO - Started process 6611 to run task
[2022-06-14 18:33:30,426] {standard_task_runner.py:79} INFO - Running: ['airflow', 'tasks', 'run', 'example_bash_operator', 'run_after_loop', 'scheduled__2022-06-13T00:00:00+00:00', '--job-id', '115', '--raw', '--subdir', '/usr/local/lib/python3.10/dist-packages/airflow/example_dags/example_bash_operator.py', '--cfg-path', '/tmp/tmpt5_tr4ny', '--error-file', '/tmp/tmp2upkdkdg']
[2022-06-14 18:33:30,427] {standard_task_runner.py:80} INFO - Job 115: Subtask run_after_loop
[2022-06-14 18:33:30,470] {task_command.py:369} INFO - Running <TaskInstance: example_bash_operator.run_after_loop scheduled__2022-06-13T00:00:00+00:00 [running]> on host roshan-Latitude-E5440
[2022-06-14 18:33:30,528] {taskinstance.py:1569} INFO - Exporting the following env vars:
AIRFLOW_CTX_DAG_OWNER=airflow
AIRFLOW_CTX_DAG_ID=example_bash_operator
AIRFLOW_CTX_TASK_ID=run_after_loop
AIRFLOW_CTX_EXECUTION_DATE=2022-06-13T00:00:00+00:00
AIRFLOW_CTX_TRY_NUMBER=1
AIRFLOW_CTX_DAG_RUN_ID=scheduled__2022-06-13T00:00:00+00:00
[2022-06-14 18:33:30,529] {subprocess.py:62} INFO - Tmp dir root location: 
 /tmp
[2022-06-14 18:33:30,529] {subprocess.py:74} INFO - Running command: ['bash', '-c', 'echo 1']
[2022-06-14 18:33:30,534] {subprocess.py:85} INFO - Output:
[2022-06-14 18:33:30,536] {subprocess.py:92} INFO - 1
[2022-06-14 18:33:30,536] {subprocess.py:96} INFO - Command exited with return code 0
[2022-06-14 18:33:30,565] {taskinstance.py:1395} INFO - Marking task as SUCCESS. dag_id=example_bash_operator, task_id=run_after_loop, execution_date=20220613T000000, start_date=20220614T130330, end_date=20220614T130330
[2022-06-14 18:33:30,598] {local_task_job.py:156} INFO - Task exited with return code 0
[2022-06-14 18:33:30,615] {local_task_job.py:273} INFO - 0 downstream tasks scheduled from follow-on schedule check
