[2022-06-16 19:59:28,070] {processor.py:153} INFO - Started process (PID=5002) to work on /usr/local/lib/python3.10/dist-packages/airflow/example_dags/plugins/workday.py
[2022-06-16 19:59:28,071] {processor.py:641} INFO - Processing file /usr/local/lib/python3.10/dist-packages/airflow/example_dags/plugins/workday.py for tasks to queue
[2022-06-16 19:59:28,071] {logging_mixin.py:115} INFO - [2022-06-16 19:59:28,071] {dagbag.py:507} INFO - Filling up the DagBag from /usr/local/lib/python3.10/dist-packages/airflow/example_dags/plugins/workday.py
[2022-06-16 19:59:28,073] {processor.py:653} WARNING - No viable dags retrieved from /usr/local/lib/python3.10/dist-packages/airflow/example_dags/plugins/workday.py
[2022-06-16 19:59:28,085] {processor.py:161} INFO - Processing /usr/local/lib/python3.10/dist-packages/airflow/example_dags/plugins/workday.py took 0.019 seconds
[2022-06-16 20:00:05,357] {processor.py:153} INFO - Started process (PID=5128) to work on /usr/local/lib/python3.10/dist-packages/airflow/example_dags/plugins/workday.py
[2022-06-16 20:00:05,360] {processor.py:641} INFO - Processing file /usr/local/lib/python3.10/dist-packages/airflow/example_dags/plugins/workday.py for tasks to queue
[2022-06-16 20:00:05,361] {logging_mixin.py:115} INFO - [2022-06-16 20:00:05,361] {dagbag.py:507} INFO - Filling up the DagBag from /usr/local/lib/python3.10/dist-packages/airflow/example_dags/plugins/workday.py
[2022-06-16 20:00:05,364] {processor.py:653} WARNING - No viable dags retrieved from /usr/local/lib/python3.10/dist-packages/airflow/example_dags/plugins/workday.py
[2022-06-16 20:00:05,378] {processor.py:161} INFO - Processing /usr/local/lib/python3.10/dist-packages/airflow/example_dags/plugins/workday.py took 0.025 seconds
[2022-06-16 20:00:44,357] {processor.py:153} INFO - Started process (PID=5239) to work on /usr/local/lib/python3.10/dist-packages/airflow/example_dags/plugins/workday.py
[2022-06-16 20:00:44,398] {processor.py:641} INFO - Processing file /usr/local/lib/python3.10/dist-packages/airflow/example_dags/plugins/workday.py for tasks to queue
[2022-06-16 20:00:44,399] {logging_mixin.py:115} INFO - [2022-06-16 20:00:44,399] {dagbag.py:507} INFO - Filling up the DagBag from /usr/local/lib/python3.10/dist-packages/airflow/example_dags/plugins/workday.py
[2022-06-16 20:00:44,401] {processor.py:653} WARNING - No viable dags retrieved from /usr/local/lib/python3.10/dist-packages/airflow/example_dags/plugins/workday.py
[2022-06-16 20:00:44,412] {processor.py:161} INFO - Processing /usr/local/lib/python3.10/dist-packages/airflow/example_dags/plugins/workday.py took 0.058 seconds
[2022-06-16 20:01:24,101] {processor.py:153} INFO - Started process (PID=5379) to work on /usr/local/lib/python3.10/dist-packages/airflow/example_dags/plugins/workday.py
[2022-06-16 20:01:24,101] {processor.py:641} INFO - Processing file /usr/local/lib/python3.10/dist-packages/airflow/example_dags/plugins/workday.py for tasks to queue
[2022-06-16 20:01:24,102] {logging_mixin.py:115} INFO - [2022-06-16 20:01:24,102] {dagbag.py:507} INFO - Filling up the DagBag from /usr/local/lib/python3.10/dist-packages/airflow/example_dags/plugins/workday.py
[2022-06-16 20:01:24,104] {processor.py:653} WARNING - No viable dags retrieved from /usr/local/lib/python3.10/dist-packages/airflow/example_dags/plugins/workday.py
[2022-06-16 20:01:24,115] {processor.py:161} INFO - Processing /usr/local/lib/python3.10/dist-packages/airflow/example_dags/plugins/workday.py took 0.017 seconds
[2022-06-16 20:02:05,934] {processor.py:153} INFO - Started process (PID=5516) to work on /usr/local/lib/python3.10/dist-packages/airflow/example_dags/plugins/workday.py
[2022-06-16 20:02:05,936] {processor.py:641} INFO - Processing file /usr/local/lib/python3.10/dist-packages/airflow/example_dags/plugins/workday.py for tasks to queue
[2022-06-16 20:02:05,937] {logging_mixin.py:115} INFO - [2022-06-16 20:02:05,936] {dagbag.py:507} INFO - Filling up the DagBag from /usr/local/lib/python3.10/dist-packages/airflow/example_dags/plugins/workday.py
[2022-06-16 20:02:05,939] {processor.py:653} WARNING - No viable dags retrieved from /usr/local/lib/python3.10/dist-packages/airflow/example_dags/plugins/workday.py
[2022-06-16 20:02:05,949] {processor.py:161} INFO - Processing /usr/local/lib/python3.10/dist-packages/airflow/example_dags/plugins/workday.py took 0.017 seconds
[2022-06-16 20:02:41,580] {processor.py:153} INFO - Started process (PID=5591) to work on /usr/local/lib/python3.10/dist-packages/airflow/example_dags/plugins/workday.py
[2022-06-16 20:02:41,581] {processor.py:641} INFO - Processing file /usr/local/lib/python3.10/dist-packages/airflow/example_dags/plugins/workday.py for tasks to queue
[2022-06-16 20:02:41,582] {logging_mixin.py:115} INFO - [2022-06-16 20:02:41,581] {dagbag.py:507} INFO - Filling up the DagBag from /usr/local/lib/python3.10/dist-packages/airflow/example_dags/plugins/workday.py
[2022-06-16 20:02:41,583] {processor.py:653} WARNING - No viable dags retrieved from /usr/local/lib/python3.10/dist-packages/airflow/example_dags/plugins/workday.py
[2022-06-16 20:02:41,594] {processor.py:161} INFO - Processing /usr/local/lib/python3.10/dist-packages/airflow/example_dags/plugins/workday.py took 0.016 seconds
[2022-06-16 20:03:18,105] {processor.py:153} INFO - Started process (PID=5683) to work on /usr/local/lib/python3.10/dist-packages/airflow/example_dags/plugins/workday.py
[2022-06-16 20:03:18,105] {processor.py:641} INFO - Processing file /usr/local/lib/python3.10/dist-packages/airflow/example_dags/plugins/workday.py for tasks to queue
[2022-06-16 20:03:18,106] {logging_mixin.py:115} INFO - [2022-06-16 20:03:18,106] {dagbag.py:507} INFO - Filling up the DagBag from /usr/local/lib/python3.10/dist-packages/airflow/example_dags/plugins/workday.py
[2022-06-16 20:03:18,108] {processor.py:653} WARNING - No viable dags retrieved from /usr/local/lib/python3.10/dist-packages/airflow/example_dags/plugins/workday.py
[2022-06-16 20:03:18,119] {processor.py:161} INFO - Processing /usr/local/lib/python3.10/dist-packages/airflow/example_dags/plugins/workday.py took 0.017 seconds
[2022-06-16 20:03:51,789] {processor.py:153} INFO - Started process (PID=5789) to work on /usr/local/lib/python3.10/dist-packages/airflow/example_dags/plugins/workday.py
[2022-06-16 20:03:51,789] {processor.py:641} INFO - Processing file /usr/local/lib/python3.10/dist-packages/airflow/example_dags/plugins/workday.py for tasks to queue
[2022-06-16 20:03:51,790] {logging_mixin.py:115} INFO - [2022-06-16 20:03:51,790] {dagbag.py:507} INFO - Filling up the DagBag from /usr/local/lib/python3.10/dist-packages/airflow/example_dags/plugins/workday.py
[2022-06-16 20:03:51,792] {processor.py:653} WARNING - No viable dags retrieved from /usr/local/lib/python3.10/dist-packages/airflow/example_dags/plugins/workday.py
[2022-06-16 20:03:51,802] {processor.py:161} INFO - Processing /usr/local/lib/python3.10/dist-packages/airflow/example_dags/plugins/workday.py took 0.017 seconds
[2022-06-16 20:04:28,008] {processor.py:153} INFO - Started process (PID=5872) to work on /usr/local/lib/python3.10/dist-packages/airflow/example_dags/plugins/workday.py
[2022-06-16 20:04:28,009] {processor.py:641} INFO - Processing file /usr/local/lib/python3.10/dist-packages/airflow/example_dags/plugins/workday.py for tasks to queue
[2022-06-16 20:04:28,010] {logging_mixin.py:115} INFO - [2022-06-16 20:04:28,009] {dagbag.py:507} INFO - Filling up the DagBag from /usr/local/lib/python3.10/dist-packages/airflow/example_dags/plugins/workday.py
[2022-06-16 20:04:28,011] {processor.py:653} WARNING - No viable dags retrieved from /usr/local/lib/python3.10/dist-packages/airflow/example_dags/plugins/workday.py
[2022-06-16 20:04:28,023] {processor.py:161} INFO - Processing /usr/local/lib/python3.10/dist-packages/airflow/example_dags/plugins/workday.py took 0.017 seconds
[2022-06-16 20:05:08,507] {processor.py:153} INFO - Started process (PID=5966) to work on /usr/local/lib/python3.10/dist-packages/airflow/example_dags/plugins/workday.py
[2022-06-16 20:05:08,508] {processor.py:641} INFO - Processing file /usr/local/lib/python3.10/dist-packages/airflow/example_dags/plugins/workday.py for tasks to queue
[2022-06-16 20:05:08,508] {logging_mixin.py:115} INFO - [2022-06-16 20:05:08,508] {dagbag.py:507} INFO - Filling up the DagBag from /usr/local/lib/python3.10/dist-packages/airflow/example_dags/plugins/workday.py
[2022-06-16 20:05:08,510] {processor.py:653} WARNING - No viable dags retrieved from /usr/local/lib/python3.10/dist-packages/airflow/example_dags/plugins/workday.py
[2022-06-16 20:05:08,523] {processor.py:161} INFO - Processing /usr/local/lib/python3.10/dist-packages/airflow/example_dags/plugins/workday.py took 0.018 seconds
[2022-06-16 20:05:47,778] {processor.py:153} INFO - Started process (PID=6059) to work on /usr/local/lib/python3.10/dist-packages/airflow/example_dags/plugins/workday.py
[2022-06-16 20:05:47,779] {processor.py:641} INFO - Processing file /usr/local/lib/python3.10/dist-packages/airflow/example_dags/plugins/workday.py for tasks to queue
[2022-06-16 20:05:47,779] {logging_mixin.py:115} INFO - [2022-06-16 20:05:47,779] {dagbag.py:507} INFO - Filling up the DagBag from /usr/local/lib/python3.10/dist-packages/airflow/example_dags/plugins/workday.py
[2022-06-16 20:05:47,781] {processor.py:653} WARNING - No viable dags retrieved from /usr/local/lib/python3.10/dist-packages/airflow/example_dags/plugins/workday.py
[2022-06-16 20:05:47,790] {processor.py:161} INFO - Processing /usr/local/lib/python3.10/dist-packages/airflow/example_dags/plugins/workday.py took 0.015 seconds
[2022-06-16 20:06:23,173] {processor.py:153} INFO - Started process (PID=6140) to work on /usr/local/lib/python3.10/dist-packages/airflow/example_dags/plugins/workday.py
[2022-06-16 20:06:23,174] {processor.py:641} INFO - Processing file /usr/local/lib/python3.10/dist-packages/airflow/example_dags/plugins/workday.py for tasks to queue
[2022-06-16 20:06:23,174] {logging_mixin.py:115} INFO - [2022-06-16 20:06:23,174] {dagbag.py:507} INFO - Filling up the DagBag from /usr/local/lib/python3.10/dist-packages/airflow/example_dags/plugins/workday.py
[2022-06-16 20:06:23,176] {processor.py:653} WARNING - No viable dags retrieved from /usr/local/lib/python3.10/dist-packages/airflow/example_dags/plugins/workday.py
[2022-06-16 20:06:23,187] {processor.py:161} INFO - Processing /usr/local/lib/python3.10/dist-packages/airflow/example_dags/plugins/workday.py took 0.016 seconds
[2022-06-16 20:07:02,665] {processor.py:153} INFO - Started process (PID=6228) to work on /usr/local/lib/python3.10/dist-packages/airflow/example_dags/plugins/workday.py
[2022-06-16 20:07:02,666] {processor.py:641} INFO - Processing file /usr/local/lib/python3.10/dist-packages/airflow/example_dags/plugins/workday.py for tasks to queue
[2022-06-16 20:07:02,666] {logging_mixin.py:115} INFO - [2022-06-16 20:07:02,666] {dagbag.py:507} INFO - Filling up the DagBag from /usr/local/lib/python3.10/dist-packages/airflow/example_dags/plugins/workday.py
[2022-06-16 20:07:02,668] {processor.py:653} WARNING - No viable dags retrieved from /usr/local/lib/python3.10/dist-packages/airflow/example_dags/plugins/workday.py
[2022-06-16 20:07:02,679] {processor.py:161} INFO - Processing /usr/local/lib/python3.10/dist-packages/airflow/example_dags/plugins/workday.py took 0.016 seconds
[2022-06-16 20:07:40,845] {processor.py:153} INFO - Started process (PID=6319) to work on /usr/local/lib/python3.10/dist-packages/airflow/example_dags/plugins/workday.py
[2022-06-16 20:07:40,846] {processor.py:641} INFO - Processing file /usr/local/lib/python3.10/dist-packages/airflow/example_dags/plugins/workday.py for tasks to queue
[2022-06-16 20:07:40,847] {logging_mixin.py:115} INFO - [2022-06-16 20:07:40,847] {dagbag.py:507} INFO - Filling up the DagBag from /usr/local/lib/python3.10/dist-packages/airflow/example_dags/plugins/workday.py
[2022-06-16 20:07:40,850] {processor.py:653} WARNING - No viable dags retrieved from /usr/local/lib/python3.10/dist-packages/airflow/example_dags/plugins/workday.py
[2022-06-16 20:07:40,864] {processor.py:161} INFO - Processing /usr/local/lib/python3.10/dist-packages/airflow/example_dags/plugins/workday.py took 0.023 seconds
[2022-06-16 20:08:14,867] {processor.py:153} INFO - Started process (PID=6403) to work on /usr/local/lib/python3.10/dist-packages/airflow/example_dags/plugins/workday.py
[2022-06-16 20:08:14,868] {processor.py:641} INFO - Processing file /usr/local/lib/python3.10/dist-packages/airflow/example_dags/plugins/workday.py for tasks to queue
[2022-06-16 20:08:14,868] {logging_mixin.py:115} INFO - [2022-06-16 20:08:14,868] {dagbag.py:507} INFO - Filling up the DagBag from /usr/local/lib/python3.10/dist-packages/airflow/example_dags/plugins/workday.py
[2022-06-16 20:08:14,870] {processor.py:653} WARNING - No viable dags retrieved from /usr/local/lib/python3.10/dist-packages/airflow/example_dags/plugins/workday.py
[2022-06-16 20:08:14,881] {processor.py:161} INFO - Processing /usr/local/lib/python3.10/dist-packages/airflow/example_dags/plugins/workday.py took 0.016 seconds
[2022-06-16 20:08:54,503] {processor.py:153} INFO - Started process (PID=6519) to work on /usr/local/lib/python3.10/dist-packages/airflow/example_dags/plugins/workday.py
[2022-06-16 20:08:54,504] {processor.py:641} INFO - Processing file /usr/local/lib/python3.10/dist-packages/airflow/example_dags/plugins/workday.py for tasks to queue
[2022-06-16 20:08:54,504] {logging_mixin.py:115} INFO - [2022-06-16 20:08:54,504] {dagbag.py:507} INFO - Filling up the DagBag from /usr/local/lib/python3.10/dist-packages/airflow/example_dags/plugins/workday.py
[2022-06-16 20:08:54,506] {processor.py:653} WARNING - No viable dags retrieved from /usr/local/lib/python3.10/dist-packages/airflow/example_dags/plugins/workday.py
[2022-06-16 20:08:54,518] {processor.py:161} INFO - Processing /usr/local/lib/python3.10/dist-packages/airflow/example_dags/plugins/workday.py took 0.017 seconds
[2022-06-16 20:09:31,256] {processor.py:153} INFO - Started process (PID=6605) to work on /usr/local/lib/python3.10/dist-packages/airflow/example_dags/plugins/workday.py
[2022-06-16 20:09:31,257] {processor.py:641} INFO - Processing file /usr/local/lib/python3.10/dist-packages/airflow/example_dags/plugins/workday.py for tasks to queue
[2022-06-16 20:09:31,258] {logging_mixin.py:115} INFO - [2022-06-16 20:09:31,258] {dagbag.py:507} INFO - Filling up the DagBag from /usr/local/lib/python3.10/dist-packages/airflow/example_dags/plugins/workday.py
[2022-06-16 20:09:31,263] {processor.py:653} WARNING - No viable dags retrieved from /usr/local/lib/python3.10/dist-packages/airflow/example_dags/plugins/workday.py
[2022-06-16 20:09:31,285] {processor.py:161} INFO - Processing /usr/local/lib/python3.10/dist-packages/airflow/example_dags/plugins/workday.py took 0.034 seconds
[2022-06-16 20:10:04,384] {processor.py:153} INFO - Started process (PID=6662) to work on /usr/local/lib/python3.10/dist-packages/airflow/example_dags/plugins/workday.py
[2022-06-16 20:10:04,384] {processor.py:641} INFO - Processing file /usr/local/lib/python3.10/dist-packages/airflow/example_dags/plugins/workday.py for tasks to queue
[2022-06-16 20:10:04,385] {logging_mixin.py:115} INFO - [2022-06-16 20:10:04,385] {dagbag.py:507} INFO - Filling up the DagBag from /usr/local/lib/python3.10/dist-packages/airflow/example_dags/plugins/workday.py
[2022-06-16 20:10:04,386] {processor.py:653} WARNING - No viable dags retrieved from /usr/local/lib/python3.10/dist-packages/airflow/example_dags/plugins/workday.py
[2022-06-16 20:10:04,397] {processor.py:161} INFO - Processing /usr/local/lib/python3.10/dist-packages/airflow/example_dags/plugins/workday.py took 0.016 seconds
[2022-06-16 20:10:44,187] {processor.py:153} INFO - Started process (PID=6753) to work on /usr/local/lib/python3.10/dist-packages/airflow/example_dags/plugins/workday.py
[2022-06-16 20:10:44,213] {processor.py:641} INFO - Processing file /usr/local/lib/python3.10/dist-packages/airflow/example_dags/plugins/workday.py for tasks to queue
[2022-06-16 20:10:44,213] {logging_mixin.py:115} INFO - [2022-06-16 20:10:44,213] {dagbag.py:507} INFO - Filling up the DagBag from /usr/local/lib/python3.10/dist-packages/airflow/example_dags/plugins/workday.py
[2022-06-16 20:10:44,215] {processor.py:653} WARNING - No viable dags retrieved from /usr/local/lib/python3.10/dist-packages/airflow/example_dags/plugins/workday.py
[2022-06-16 20:10:44,226] {processor.py:161} INFO - Processing /usr/local/lib/python3.10/dist-packages/airflow/example_dags/plugins/workday.py took 0.042 seconds
[2022-06-16 20:11:19,864] {processor.py:153} INFO - Started process (PID=6839) to work on /usr/local/lib/python3.10/dist-packages/airflow/example_dags/plugins/workday.py
[2022-06-16 20:11:19,865] {processor.py:641} INFO - Processing file /usr/local/lib/python3.10/dist-packages/airflow/example_dags/plugins/workday.py for tasks to queue
[2022-06-16 20:11:19,865] {logging_mixin.py:115} INFO - [2022-06-16 20:11:19,865] {dagbag.py:507} INFO - Filling up the DagBag from /usr/local/lib/python3.10/dist-packages/airflow/example_dags/plugins/workday.py
[2022-06-16 20:11:19,867] {processor.py:653} WARNING - No viable dags retrieved from /usr/local/lib/python3.10/dist-packages/airflow/example_dags/plugins/workday.py
[2022-06-16 20:11:19,878] {processor.py:161} INFO - Processing /usr/local/lib/python3.10/dist-packages/airflow/example_dags/plugins/workday.py took 0.017 seconds
[2022-06-16 20:11:59,762] {processor.py:153} INFO - Started process (PID=6931) to work on /usr/local/lib/python3.10/dist-packages/airflow/example_dags/plugins/workday.py
[2022-06-16 20:11:59,763] {processor.py:641} INFO - Processing file /usr/local/lib/python3.10/dist-packages/airflow/example_dags/plugins/workday.py for tasks to queue
[2022-06-16 20:11:59,763] {logging_mixin.py:115} INFO - [2022-06-16 20:11:59,763] {dagbag.py:507} INFO - Filling up the DagBag from /usr/local/lib/python3.10/dist-packages/airflow/example_dags/plugins/workday.py
[2022-06-16 20:11:59,765] {processor.py:653} WARNING - No viable dags retrieved from /usr/local/lib/python3.10/dist-packages/airflow/example_dags/plugins/workday.py
[2022-06-16 20:11:59,775] {processor.py:161} INFO - Processing /usr/local/lib/python3.10/dist-packages/airflow/example_dags/plugins/workday.py took 0.016 seconds
[2022-06-16 20:12:33,218] {processor.py:153} INFO - Started process (PID=7005) to work on /usr/local/lib/python3.10/dist-packages/airflow/example_dags/plugins/workday.py
[2022-06-16 20:12:33,219] {processor.py:641} INFO - Processing file /usr/local/lib/python3.10/dist-packages/airflow/example_dags/plugins/workday.py for tasks to queue
[2022-06-16 20:12:33,219] {logging_mixin.py:115} INFO - [2022-06-16 20:12:33,219] {dagbag.py:507} INFO - Filling up the DagBag from /usr/local/lib/python3.10/dist-packages/airflow/example_dags/plugins/workday.py
[2022-06-16 20:12:33,221] {processor.py:653} WARNING - No viable dags retrieved from /usr/local/lib/python3.10/dist-packages/airflow/example_dags/plugins/workday.py
[2022-06-16 20:12:33,232] {processor.py:161} INFO - Processing /usr/local/lib/python3.10/dist-packages/airflow/example_dags/plugins/workday.py took 0.016 seconds
[2022-06-16 20:13:11,916] {processor.py:153} INFO - Started process (PID=7095) to work on /usr/local/lib/python3.10/dist-packages/airflow/example_dags/plugins/workday.py
[2022-06-16 20:13:11,917] {processor.py:641} INFO - Processing file /usr/local/lib/python3.10/dist-packages/airflow/example_dags/plugins/workday.py for tasks to queue
[2022-06-16 20:13:11,917] {logging_mixin.py:115} INFO - [2022-06-16 20:13:11,917] {dagbag.py:507} INFO - Filling up the DagBag from /usr/local/lib/python3.10/dist-packages/airflow/example_dags/plugins/workday.py
[2022-06-16 20:13:11,919] {processor.py:653} WARNING - No viable dags retrieved from /usr/local/lib/python3.10/dist-packages/airflow/example_dags/plugins/workday.py
[2022-06-16 20:13:11,932] {processor.py:161} INFO - Processing /usr/local/lib/python3.10/dist-packages/airflow/example_dags/plugins/workday.py took 0.018 seconds
[2022-06-16 20:13:50,518] {processor.py:153} INFO - Started process (PID=7228) to work on /usr/local/lib/python3.10/dist-packages/airflow/example_dags/plugins/workday.py
[2022-06-16 20:13:50,519] {processor.py:641} INFO - Processing file /usr/local/lib/python3.10/dist-packages/airflow/example_dags/plugins/workday.py for tasks to queue
[2022-06-16 20:13:50,519] {logging_mixin.py:115} INFO - [2022-06-16 20:13:50,519] {dagbag.py:507} INFO - Filling up the DagBag from /usr/local/lib/python3.10/dist-packages/airflow/example_dags/plugins/workday.py
[2022-06-16 20:13:50,521] {processor.py:653} WARNING - No viable dags retrieved from /usr/local/lib/python3.10/dist-packages/airflow/example_dags/plugins/workday.py
[2022-06-16 20:13:50,532] {processor.py:161} INFO - Processing /usr/local/lib/python3.10/dist-packages/airflow/example_dags/plugins/workday.py took 0.017 seconds
[2022-06-16 20:14:26,803] {processor.py:153} INFO - Started process (PID=7311) to work on /usr/local/lib/python3.10/dist-packages/airflow/example_dags/plugins/workday.py
[2022-06-16 20:14:26,804] {processor.py:641} INFO - Processing file /usr/local/lib/python3.10/dist-packages/airflow/example_dags/plugins/workday.py for tasks to queue
[2022-06-16 20:14:26,804] {logging_mixin.py:115} INFO - [2022-06-16 20:14:26,804] {dagbag.py:507} INFO - Filling up the DagBag from /usr/local/lib/python3.10/dist-packages/airflow/example_dags/plugins/workday.py
[2022-06-16 20:14:26,807] {processor.py:653} WARNING - No viable dags retrieved from /usr/local/lib/python3.10/dist-packages/airflow/example_dags/plugins/workday.py
[2022-06-16 20:14:26,818] {processor.py:161} INFO - Processing /usr/local/lib/python3.10/dist-packages/airflow/example_dags/plugins/workday.py took 0.017 seconds
[2022-06-16 20:15:01,888] {processor.py:153} INFO - Started process (PID=7398) to work on /usr/local/lib/python3.10/dist-packages/airflow/example_dags/plugins/workday.py
[2022-06-16 20:15:01,889] {processor.py:641} INFO - Processing file /usr/local/lib/python3.10/dist-packages/airflow/example_dags/plugins/workday.py for tasks to queue
[2022-06-16 20:15:01,889] {logging_mixin.py:115} INFO - [2022-06-16 20:15:01,889] {dagbag.py:507} INFO - Filling up the DagBag from /usr/local/lib/python3.10/dist-packages/airflow/example_dags/plugins/workday.py
[2022-06-16 20:15:01,891] {processor.py:653} WARNING - No viable dags retrieved from /usr/local/lib/python3.10/dist-packages/airflow/example_dags/plugins/workday.py
[2022-06-16 20:15:01,902] {processor.py:161} INFO - Processing /usr/local/lib/python3.10/dist-packages/airflow/example_dags/plugins/workday.py took 0.016 seconds
[2022-06-16 20:15:43,309] {processor.py:153} INFO - Started process (PID=7491) to work on /usr/local/lib/python3.10/dist-packages/airflow/example_dags/plugins/workday.py
[2022-06-16 20:15:43,310] {processor.py:641} INFO - Processing file /usr/local/lib/python3.10/dist-packages/airflow/example_dags/plugins/workday.py for tasks to queue
[2022-06-16 20:15:43,311] {logging_mixin.py:115} INFO - [2022-06-16 20:15:43,310] {dagbag.py:507} INFO - Filling up the DagBag from /usr/local/lib/python3.10/dist-packages/airflow/example_dags/plugins/workday.py
[2022-06-16 20:15:43,312] {processor.py:653} WARNING - No viable dags retrieved from /usr/local/lib/python3.10/dist-packages/airflow/example_dags/plugins/workday.py
[2022-06-16 20:15:43,323] {processor.py:161} INFO - Processing /usr/local/lib/python3.10/dist-packages/airflow/example_dags/plugins/workday.py took 0.017 seconds
[2022-06-16 20:16:19,370] {processor.py:153} INFO - Started process (PID=7580) to work on /usr/local/lib/python3.10/dist-packages/airflow/example_dags/plugins/workday.py
[2022-06-16 20:16:19,371] {processor.py:641} INFO - Processing file /usr/local/lib/python3.10/dist-packages/airflow/example_dags/plugins/workday.py for tasks to queue
[2022-06-16 20:16:19,371] {logging_mixin.py:115} INFO - [2022-06-16 20:16:19,371] {dagbag.py:507} INFO - Filling up the DagBag from /usr/local/lib/python3.10/dist-packages/airflow/example_dags/plugins/workday.py
[2022-06-16 20:16:19,373] {processor.py:653} WARNING - No viable dags retrieved from /usr/local/lib/python3.10/dist-packages/airflow/example_dags/plugins/workday.py
[2022-06-16 20:16:19,385] {processor.py:161} INFO - Processing /usr/local/lib/python3.10/dist-packages/airflow/example_dags/plugins/workday.py took 0.018 seconds
[2022-06-16 20:16:58,384] {processor.py:153} INFO - Started process (PID=7663) to work on /usr/local/lib/python3.10/dist-packages/airflow/example_dags/plugins/workday.py
[2022-06-16 20:16:58,385] {processor.py:641} INFO - Processing file /usr/local/lib/python3.10/dist-packages/airflow/example_dags/plugins/workday.py for tasks to queue
[2022-06-16 20:16:58,386] {logging_mixin.py:115} INFO - [2022-06-16 20:16:58,385] {dagbag.py:507} INFO - Filling up the DagBag from /usr/local/lib/python3.10/dist-packages/airflow/example_dags/plugins/workday.py
[2022-06-16 20:16:58,387] {processor.py:653} WARNING - No viable dags retrieved from /usr/local/lib/python3.10/dist-packages/airflow/example_dags/plugins/workday.py
[2022-06-16 20:16:58,398] {processor.py:161} INFO - Processing /usr/local/lib/python3.10/dist-packages/airflow/example_dags/plugins/workday.py took 0.017 seconds
[2022-06-16 20:17:38,258] {processor.py:153} INFO - Started process (PID=7765) to work on /usr/local/lib/python3.10/dist-packages/airflow/example_dags/plugins/workday.py
[2022-06-16 20:17:38,258] {processor.py:641} INFO - Processing file /usr/local/lib/python3.10/dist-packages/airflow/example_dags/plugins/workday.py for tasks to queue
[2022-06-16 20:17:38,259] {logging_mixin.py:115} INFO - [2022-06-16 20:17:38,259] {dagbag.py:507} INFO - Filling up the DagBag from /usr/local/lib/python3.10/dist-packages/airflow/example_dags/plugins/workday.py
[2022-06-16 20:17:38,261] {processor.py:653} WARNING - No viable dags retrieved from /usr/local/lib/python3.10/dist-packages/airflow/example_dags/plugins/workday.py
[2022-06-16 20:17:38,271] {processor.py:161} INFO - Processing /usr/local/lib/python3.10/dist-packages/airflow/example_dags/plugins/workday.py took 0.016 seconds
[2022-06-16 20:18:14,658] {processor.py:153} INFO - Started process (PID=7854) to work on /usr/local/lib/python3.10/dist-packages/airflow/example_dags/plugins/workday.py
[2022-06-16 20:18:14,659] {processor.py:641} INFO - Processing file /usr/local/lib/python3.10/dist-packages/airflow/example_dags/plugins/workday.py for tasks to queue
[2022-06-16 20:18:14,659] {logging_mixin.py:115} INFO - [2022-06-16 20:18:14,659] {dagbag.py:507} INFO - Filling up the DagBag from /usr/local/lib/python3.10/dist-packages/airflow/example_dags/plugins/workday.py
[2022-06-16 20:18:14,661] {processor.py:653} WARNING - No viable dags retrieved from /usr/local/lib/python3.10/dist-packages/airflow/example_dags/plugins/workday.py
[2022-06-16 20:18:14,674] {processor.py:161} INFO - Processing /usr/local/lib/python3.10/dist-packages/airflow/example_dags/plugins/workday.py took 0.019 seconds
[2022-06-16 20:18:54,948] {processor.py:153} INFO - Started process (PID=7934) to work on /usr/local/lib/python3.10/dist-packages/airflow/example_dags/plugins/workday.py
[2022-06-16 20:18:54,949] {processor.py:641} INFO - Processing file /usr/local/lib/python3.10/dist-packages/airflow/example_dags/plugins/workday.py for tasks to queue
[2022-06-16 20:18:54,949] {logging_mixin.py:115} INFO - [2022-06-16 20:18:54,949] {dagbag.py:507} INFO - Filling up the DagBag from /usr/local/lib/python3.10/dist-packages/airflow/example_dags/plugins/workday.py
[2022-06-16 20:18:54,951] {processor.py:653} WARNING - No viable dags retrieved from /usr/local/lib/python3.10/dist-packages/airflow/example_dags/plugins/workday.py
[2022-06-16 20:18:54,961] {processor.py:161} INFO - Processing /usr/local/lib/python3.10/dist-packages/airflow/example_dags/plugins/workday.py took 0.016 seconds
[2022-06-16 20:19:34,190] {processor.py:153} INFO - Started process (PID=7978) to work on /usr/local/lib/python3.10/dist-packages/airflow/example_dags/plugins/workday.py
[2022-06-16 20:19:34,247] {processor.py:641} INFO - Processing file /usr/local/lib/python3.10/dist-packages/airflow/example_dags/plugins/workday.py for tasks to queue
[2022-06-16 20:19:34,248] {logging_mixin.py:115} INFO - [2022-06-16 20:19:34,248] {dagbag.py:507} INFO - Filling up the DagBag from /usr/local/lib/python3.10/dist-packages/airflow/example_dags/plugins/workday.py
[2022-06-16 20:19:34,250] {processor.py:653} WARNING - No viable dags retrieved from /usr/local/lib/python3.10/dist-packages/airflow/example_dags/plugins/workday.py
[2022-06-16 20:19:34,264] {processor.py:161} INFO - Processing /usr/local/lib/python3.10/dist-packages/airflow/example_dags/plugins/workday.py took 0.077 seconds
[2022-06-16 20:20:12,656] {processor.py:153} INFO - Started process (PID=8059) to work on /usr/local/lib/python3.10/dist-packages/airflow/example_dags/plugins/workday.py
[2022-06-16 20:20:12,656] {processor.py:641} INFO - Processing file /usr/local/lib/python3.10/dist-packages/airflow/example_dags/plugins/workday.py for tasks to queue
[2022-06-16 20:20:12,657] {logging_mixin.py:115} INFO - [2022-06-16 20:20:12,657] {dagbag.py:507} INFO - Filling up the DagBag from /usr/local/lib/python3.10/dist-packages/airflow/example_dags/plugins/workday.py
[2022-06-16 20:20:12,659] {processor.py:653} WARNING - No viable dags retrieved from /usr/local/lib/python3.10/dist-packages/airflow/example_dags/plugins/workday.py
[2022-06-16 20:20:12,672] {processor.py:161} INFO - Processing /usr/local/lib/python3.10/dist-packages/airflow/example_dags/plugins/workday.py took 0.019 seconds
[2022-06-16 20:20:50,939] {processor.py:153} INFO - Started process (PID=8106) to work on /usr/local/lib/python3.10/dist-packages/airflow/example_dags/plugins/workday.py
[2022-06-16 20:20:50,939] {processor.py:641} INFO - Processing file /usr/local/lib/python3.10/dist-packages/airflow/example_dags/plugins/workday.py for tasks to queue
[2022-06-16 20:20:50,940] {logging_mixin.py:115} INFO - [2022-06-16 20:20:50,940] {dagbag.py:507} INFO - Filling up the DagBag from /usr/local/lib/python3.10/dist-packages/airflow/example_dags/plugins/workday.py
[2022-06-16 20:20:50,942] {processor.py:653} WARNING - No viable dags retrieved from /usr/local/lib/python3.10/dist-packages/airflow/example_dags/plugins/workday.py
[2022-06-16 20:20:50,953] {processor.py:161} INFO - Processing /usr/local/lib/python3.10/dist-packages/airflow/example_dags/plugins/workday.py took 0.017 seconds
[2022-06-16 20:21:29,189] {processor.py:153} INFO - Started process (PID=8152) to work on /usr/local/lib/python3.10/dist-packages/airflow/example_dags/plugins/workday.py
[2022-06-16 20:21:29,190] {processor.py:641} INFO - Processing file /usr/local/lib/python3.10/dist-packages/airflow/example_dags/plugins/workday.py for tasks to queue
[2022-06-16 20:21:29,191] {logging_mixin.py:115} INFO - [2022-06-16 20:21:29,191] {dagbag.py:507} INFO - Filling up the DagBag from /usr/local/lib/python3.10/dist-packages/airflow/example_dags/plugins/workday.py
[2022-06-16 20:21:29,192] {processor.py:653} WARNING - No viable dags retrieved from /usr/local/lib/python3.10/dist-packages/airflow/example_dags/plugins/workday.py
[2022-06-16 20:21:29,203] {processor.py:161} INFO - Processing /usr/local/lib/python3.10/dist-packages/airflow/example_dags/plugins/workday.py took 0.016 seconds
[2022-06-16 20:22:08,719] {processor.py:153} INFO - Started process (PID=8194) to work on /usr/local/lib/python3.10/dist-packages/airflow/example_dags/plugins/workday.py
[2022-06-16 20:22:08,720] {processor.py:641} INFO - Processing file /usr/local/lib/python3.10/dist-packages/airflow/example_dags/plugins/workday.py for tasks to queue
[2022-06-16 20:22:08,721] {logging_mixin.py:115} INFO - [2022-06-16 20:22:08,721] {dagbag.py:507} INFO - Filling up the DagBag from /usr/local/lib/python3.10/dist-packages/airflow/example_dags/plugins/workday.py
[2022-06-16 20:22:08,722] {processor.py:653} WARNING - No viable dags retrieved from /usr/local/lib/python3.10/dist-packages/airflow/example_dags/plugins/workday.py
[2022-06-16 20:22:08,733] {processor.py:161} INFO - Processing /usr/local/lib/python3.10/dist-packages/airflow/example_dags/plugins/workday.py took 0.016 seconds
[2022-06-16 20:22:44,440] {processor.py:153} INFO - Started process (PID=8250) to work on /usr/local/lib/python3.10/dist-packages/airflow/example_dags/plugins/workday.py
[2022-06-16 20:22:44,441] {processor.py:641} INFO - Processing file /usr/local/lib/python3.10/dist-packages/airflow/example_dags/plugins/workday.py for tasks to queue
[2022-06-16 20:22:44,441] {logging_mixin.py:115} INFO - [2022-06-16 20:22:44,441] {dagbag.py:507} INFO - Filling up the DagBag from /usr/local/lib/python3.10/dist-packages/airflow/example_dags/plugins/workday.py
[2022-06-16 20:22:44,443] {processor.py:653} WARNING - No viable dags retrieved from /usr/local/lib/python3.10/dist-packages/airflow/example_dags/plugins/workday.py
[2022-06-16 20:22:44,455] {processor.py:161} INFO - Processing /usr/local/lib/python3.10/dist-packages/airflow/example_dags/plugins/workday.py took 0.018 seconds
[2022-06-16 20:23:22,128] {processor.py:153} INFO - Started process (PID=8297) to work on /usr/local/lib/python3.10/dist-packages/airflow/example_dags/plugins/workday.py
[2022-06-16 20:23:22,128] {processor.py:641} INFO - Processing file /usr/local/lib/python3.10/dist-packages/airflow/example_dags/plugins/workday.py for tasks to queue
[2022-06-16 20:23:22,129] {logging_mixin.py:115} INFO - [2022-06-16 20:23:22,129] {dagbag.py:507} INFO - Filling up the DagBag from /usr/local/lib/python3.10/dist-packages/airflow/example_dags/plugins/workday.py
[2022-06-16 20:23:22,131] {processor.py:653} WARNING - No viable dags retrieved from /usr/local/lib/python3.10/dist-packages/airflow/example_dags/plugins/workday.py
[2022-06-16 20:23:22,141] {processor.py:161} INFO - Processing /usr/local/lib/python3.10/dist-packages/airflow/example_dags/plugins/workday.py took 0.016 seconds
[2022-06-16 20:24:00,458] {processor.py:153} INFO - Started process (PID=8369) to work on /usr/local/lib/python3.10/dist-packages/airflow/example_dags/plugins/workday.py
[2022-06-16 20:24:00,459] {processor.py:641} INFO - Processing file /usr/local/lib/python3.10/dist-packages/airflow/example_dags/plugins/workday.py for tasks to queue
[2022-06-16 20:24:00,460] {logging_mixin.py:115} INFO - [2022-06-16 20:24:00,459] {dagbag.py:507} INFO - Filling up the DagBag from /usr/local/lib/python3.10/dist-packages/airflow/example_dags/plugins/workday.py
[2022-06-16 20:24:00,461] {processor.py:653} WARNING - No viable dags retrieved from /usr/local/lib/python3.10/dist-packages/airflow/example_dags/plugins/workday.py
[2022-06-16 20:24:00,472] {processor.py:161} INFO - Processing /usr/local/lib/python3.10/dist-packages/airflow/example_dags/plugins/workday.py took 0.016 seconds
[2022-06-16 20:24:41,236] {processor.py:153} INFO - Started process (PID=8424) to work on /usr/local/lib/python3.10/dist-packages/airflow/example_dags/plugins/workday.py
[2022-06-16 20:24:41,237] {processor.py:641} INFO - Processing file /usr/local/lib/python3.10/dist-packages/airflow/example_dags/plugins/workday.py for tasks to queue
[2022-06-16 20:24:41,237] {logging_mixin.py:115} INFO - [2022-06-16 20:24:41,237] {dagbag.py:507} INFO - Filling up the DagBag from /usr/local/lib/python3.10/dist-packages/airflow/example_dags/plugins/workday.py
[2022-06-16 20:24:41,239] {processor.py:653} WARNING - No viable dags retrieved from /usr/local/lib/python3.10/dist-packages/airflow/example_dags/plugins/workday.py
[2022-06-16 20:24:41,253] {processor.py:161} INFO - Processing /usr/local/lib/python3.10/dist-packages/airflow/example_dags/plugins/workday.py took 0.022 seconds
[2022-06-16 20:25:18,606] {processor.py:153} INFO - Started process (PID=8482) to work on /usr/local/lib/python3.10/dist-packages/airflow/example_dags/plugins/workday.py
[2022-06-16 20:25:18,606] {processor.py:641} INFO - Processing file /usr/local/lib/python3.10/dist-packages/airflow/example_dags/plugins/workday.py for tasks to queue
[2022-06-16 20:25:18,607] {logging_mixin.py:115} INFO - [2022-06-16 20:25:18,607] {dagbag.py:507} INFO - Filling up the DagBag from /usr/local/lib/python3.10/dist-packages/airflow/example_dags/plugins/workday.py
[2022-06-16 20:25:18,609] {processor.py:653} WARNING - No viable dags retrieved from /usr/local/lib/python3.10/dist-packages/airflow/example_dags/plugins/workday.py
[2022-06-16 20:25:18,622] {processor.py:161} INFO - Processing /usr/local/lib/python3.10/dist-packages/airflow/example_dags/plugins/workday.py took 0.019 seconds
[2022-06-16 20:25:56,083] {processor.py:153} INFO - Started process (PID=8525) to work on /usr/local/lib/python3.10/dist-packages/airflow/example_dags/plugins/workday.py
[2022-06-16 20:25:56,084] {processor.py:641} INFO - Processing file /usr/local/lib/python3.10/dist-packages/airflow/example_dags/plugins/workday.py for tasks to queue
[2022-06-16 20:25:56,084] {logging_mixin.py:115} INFO - [2022-06-16 20:25:56,084] {dagbag.py:507} INFO - Filling up the DagBag from /usr/local/lib/python3.10/dist-packages/airflow/example_dags/plugins/workday.py
[2022-06-16 20:25:56,086] {processor.py:653} WARNING - No viable dags retrieved from /usr/local/lib/python3.10/dist-packages/airflow/example_dags/plugins/workday.py
[2022-06-16 20:25:56,097] {processor.py:161} INFO - Processing /usr/local/lib/python3.10/dist-packages/airflow/example_dags/plugins/workday.py took 0.017 seconds
[2022-06-16 20:26:29,764] {processor.py:153} INFO - Started process (PID=8563) to work on /usr/local/lib/python3.10/dist-packages/airflow/example_dags/plugins/workday.py
[2022-06-16 20:26:29,765] {processor.py:641} INFO - Processing file /usr/local/lib/python3.10/dist-packages/airflow/example_dags/plugins/workday.py for tasks to queue
[2022-06-16 20:26:29,766] {logging_mixin.py:115} INFO - [2022-06-16 20:26:29,766] {dagbag.py:507} INFO - Filling up the DagBag from /usr/local/lib/python3.10/dist-packages/airflow/example_dags/plugins/workday.py
[2022-06-16 20:26:29,770] {processor.py:653} WARNING - No viable dags retrieved from /usr/local/lib/python3.10/dist-packages/airflow/example_dags/plugins/workday.py
[2022-06-16 20:26:29,781] {processor.py:161} INFO - Processing /usr/local/lib/python3.10/dist-packages/airflow/example_dags/plugins/workday.py took 0.020 seconds
