[2022-06-14 18:33:58,212] {processor.py:153} INFO - Started process (PID=6652) to work on /usr/local/lib/python3.10/dist-packages/airflow/example_dags/example_branch_day_of_week_operator.py
[2022-06-14 18:33:58,212] {processor.py:641} INFO - Processing file /usr/local/lib/python3.10/dist-packages/airflow/example_dags/example_branch_day_of_week_operator.py for tasks to queue
[2022-06-14 18:33:58,212] {logging_mixin.py:115} INFO - [2022-06-14 18:33:58,212] {dagbag.py:507} INFO - Filling up the DagBag from /usr/local/lib/python3.10/dist-packages/airflow/example_dags/example_branch_day_of_week_operator.py
[2022-06-14 18:33:58,220] {processor.py:651} INFO - DAG(s) dict_keys(['example_weekday_branch_operator']) retrieved from /usr/local/lib/python3.10/dist-packages/airflow/example_dags/example_branch_day_of_week_operator.py
[2022-06-14 18:33:58,234] {logging_mixin.py:115} INFO - [2022-06-14 18:33:58,234] {dag.py:2371} INFO - Sync 1 DAGs
[2022-06-14 18:33:58,253] {logging_mixin.py:115} INFO - [2022-06-14 18:33:58,253] {dag.py:2915} INFO - Setting next_dagrun for example_weekday_branch_operator to 2022-06-13T00:00:00+00:00, run_after=2022-06-14T00:00:00+00:00
[2022-06-14 18:33:58,271] {processor.py:161} INFO - Processing /usr/local/lib/python3.10/dist-packages/airflow/example_dags/example_branch_day_of_week_operator.py took 0.062 seconds
[2022-06-14 18:34:34,277] {processor.py:153} INFO - Started process (PID=6708) to work on /usr/local/lib/python3.10/dist-packages/airflow/example_dags/example_branch_day_of_week_operator.py
[2022-06-14 18:34:34,278] {processor.py:641} INFO - Processing file /usr/local/lib/python3.10/dist-packages/airflow/example_dags/example_branch_day_of_week_operator.py for tasks to queue
[2022-06-14 18:34:34,278] {logging_mixin.py:115} INFO - [2022-06-14 18:34:34,278] {dagbag.py:507} INFO - Filling up the DagBag from /usr/local/lib/python3.10/dist-packages/airflow/example_dags/example_branch_day_of_week_operator.py
[2022-06-14 18:34:34,286] {processor.py:651} INFO - DAG(s) dict_keys(['example_weekday_branch_operator']) retrieved from /usr/local/lib/python3.10/dist-packages/airflow/example_dags/example_branch_day_of_week_operator.py
[2022-06-14 18:34:34,300] {logging_mixin.py:115} INFO - [2022-06-14 18:34:34,300] {dag.py:2371} INFO - Sync 1 DAGs
[2022-06-14 18:34:34,321] {logging_mixin.py:115} INFO - [2022-06-14 18:34:34,321] {dag.py:2915} INFO - Setting next_dagrun for example_weekday_branch_operator to 2022-06-13T00:00:00+00:00, run_after=2022-06-14T00:00:00+00:00
[2022-06-14 18:34:34,343] {processor.py:161} INFO - Processing /usr/local/lib/python3.10/dist-packages/airflow/example_dags/example_branch_day_of_week_operator.py took 0.068 seconds
[2022-06-14 18:35:09,158] {processor.py:153} INFO - Started process (PID=6773) to work on /usr/local/lib/python3.10/dist-packages/airflow/example_dags/example_branch_day_of_week_operator.py
[2022-06-14 18:35:09,159] {processor.py:641} INFO - Processing file /usr/local/lib/python3.10/dist-packages/airflow/example_dags/example_branch_day_of_week_operator.py for tasks to queue
[2022-06-14 18:35:09,159] {logging_mixin.py:115} INFO - [2022-06-14 18:35:09,159] {dagbag.py:507} INFO - Filling up the DagBag from /usr/local/lib/python3.10/dist-packages/airflow/example_dags/example_branch_day_of_week_operator.py
[2022-06-14 18:35:09,167] {processor.py:651} INFO - DAG(s) dict_keys(['example_weekday_branch_operator']) retrieved from /usr/local/lib/python3.10/dist-packages/airflow/example_dags/example_branch_day_of_week_operator.py
[2022-06-14 18:35:09,181] {logging_mixin.py:115} INFO - [2022-06-14 18:35:09,181] {dag.py:2371} INFO - Sync 1 DAGs
[2022-06-14 18:35:09,199] {logging_mixin.py:115} INFO - [2022-06-14 18:35:09,199] {dag.py:2915} INFO - Setting next_dagrun for example_weekday_branch_operator to 2022-06-13T00:00:00+00:00, run_after=2022-06-14T00:00:00+00:00
[2022-06-14 18:35:09,217] {processor.py:161} INFO - Processing /usr/local/lib/python3.10/dist-packages/airflow/example_dags/example_branch_day_of_week_operator.py took 0.061 seconds
[2022-06-14 18:35:45,043] {processor.py:153} INFO - Started process (PID=6822) to work on /usr/local/lib/python3.10/dist-packages/airflow/example_dags/example_branch_day_of_week_operator.py
[2022-06-14 18:35:45,043] {processor.py:641} INFO - Processing file /usr/local/lib/python3.10/dist-packages/airflow/example_dags/example_branch_day_of_week_operator.py for tasks to queue
[2022-06-14 18:35:45,044] {logging_mixin.py:115} INFO - [2022-06-14 18:35:45,044] {dagbag.py:507} INFO - Filling up the DagBag from /usr/local/lib/python3.10/dist-packages/airflow/example_dags/example_branch_day_of_week_operator.py
[2022-06-14 18:35:45,051] {processor.py:651} INFO - DAG(s) dict_keys(['example_weekday_branch_operator']) retrieved from /usr/local/lib/python3.10/dist-packages/airflow/example_dags/example_branch_day_of_week_operator.py
[2022-06-14 18:35:45,066] {logging_mixin.py:115} INFO - [2022-06-14 18:35:45,066] {dag.py:2371} INFO - Sync 1 DAGs
[2022-06-14 18:35:45,085] {logging_mixin.py:115} INFO - [2022-06-14 18:35:45,085] {dag.py:2915} INFO - Setting next_dagrun for example_weekday_branch_operator to 2022-06-13T00:00:00+00:00, run_after=2022-06-14T00:00:00+00:00
[2022-06-14 18:35:45,104] {processor.py:161} INFO - Processing /usr/local/lib/python3.10/dist-packages/airflow/example_dags/example_branch_day_of_week_operator.py took 0.064 seconds
[2022-06-14 18:36:20,225] {processor.py:153} INFO - Started process (PID=6873) to work on /usr/local/lib/python3.10/dist-packages/airflow/example_dags/example_branch_day_of_week_operator.py
[2022-06-14 18:36:20,226] {processor.py:641} INFO - Processing file /usr/local/lib/python3.10/dist-packages/airflow/example_dags/example_branch_day_of_week_operator.py for tasks to queue
[2022-06-14 18:36:20,226] {logging_mixin.py:115} INFO - [2022-06-14 18:36:20,226] {dagbag.py:507} INFO - Filling up the DagBag from /usr/local/lib/python3.10/dist-packages/airflow/example_dags/example_branch_day_of_week_operator.py
[2022-06-14 18:36:20,234] {processor.py:651} INFO - DAG(s) dict_keys(['example_weekday_branch_operator']) retrieved from /usr/local/lib/python3.10/dist-packages/airflow/example_dags/example_branch_day_of_week_operator.py
[2022-06-14 18:36:20,249] {logging_mixin.py:115} INFO - [2022-06-14 18:36:20,249] {dag.py:2371} INFO - Sync 1 DAGs
[2022-06-14 18:36:20,268] {logging_mixin.py:115} INFO - [2022-06-14 18:36:20,268] {dag.py:2915} INFO - Setting next_dagrun for example_weekday_branch_operator to 2022-06-13T00:00:00+00:00, run_after=2022-06-14T00:00:00+00:00
[2022-06-14 18:36:20,286] {processor.py:161} INFO - Processing /usr/local/lib/python3.10/dist-packages/airflow/example_dags/example_branch_day_of_week_operator.py took 0.063 seconds
[2022-06-14 18:36:57,437] {processor.py:153} INFO - Started process (PID=6928) to work on /usr/local/lib/python3.10/dist-packages/airflow/example_dags/example_branch_day_of_week_operator.py
[2022-06-14 18:36:57,437] {processor.py:641} INFO - Processing file /usr/local/lib/python3.10/dist-packages/airflow/example_dags/example_branch_day_of_week_operator.py for tasks to queue
[2022-06-14 18:36:57,438] {logging_mixin.py:115} INFO - [2022-06-14 18:36:57,438] {dagbag.py:507} INFO - Filling up the DagBag from /usr/local/lib/python3.10/dist-packages/airflow/example_dags/example_branch_day_of_week_operator.py
[2022-06-14 18:36:57,445] {processor.py:651} INFO - DAG(s) dict_keys(['example_weekday_branch_operator']) retrieved from /usr/local/lib/python3.10/dist-packages/airflow/example_dags/example_branch_day_of_week_operator.py
[2022-06-14 18:36:57,460] {logging_mixin.py:115} INFO - [2022-06-14 18:36:57,460] {dag.py:2371} INFO - Sync 1 DAGs
[2022-06-14 18:36:57,479] {logging_mixin.py:115} INFO - [2022-06-14 18:36:57,479] {dag.py:2915} INFO - Setting next_dagrun for example_weekday_branch_operator to 2022-06-13T00:00:00+00:00, run_after=2022-06-14T00:00:00+00:00
[2022-06-14 18:36:57,497] {processor.py:161} INFO - Processing /usr/local/lib/python3.10/dist-packages/airflow/example_dags/example_branch_day_of_week_operator.py took 0.063 seconds
[2022-06-14 18:37:32,042] {processor.py:153} INFO - Started process (PID=6973) to work on /usr/local/lib/python3.10/dist-packages/airflow/example_dags/example_branch_day_of_week_operator.py
[2022-06-14 18:37:32,043] {processor.py:641} INFO - Processing file /usr/local/lib/python3.10/dist-packages/airflow/example_dags/example_branch_day_of_week_operator.py for tasks to queue
[2022-06-14 18:37:32,043] {logging_mixin.py:115} INFO - [2022-06-14 18:37:32,043] {dagbag.py:507} INFO - Filling up the DagBag from /usr/local/lib/python3.10/dist-packages/airflow/example_dags/example_branch_day_of_week_operator.py
[2022-06-14 18:37:32,050] {processor.py:651} INFO - DAG(s) dict_keys(['example_weekday_branch_operator']) retrieved from /usr/local/lib/python3.10/dist-packages/airflow/example_dags/example_branch_day_of_week_operator.py
[2022-06-14 18:37:32,065] {logging_mixin.py:115} INFO - [2022-06-14 18:37:32,065] {dag.py:2371} INFO - Sync 1 DAGs
[2022-06-14 18:37:32,084] {logging_mixin.py:115} INFO - [2022-06-14 18:37:32,083] {dag.py:2915} INFO - Setting next_dagrun for example_weekday_branch_operator to 2022-06-13T00:00:00+00:00, run_after=2022-06-14T00:00:00+00:00
[2022-06-14 18:37:32,101] {processor.py:161} INFO - Processing /usr/local/lib/python3.10/dist-packages/airflow/example_dags/example_branch_day_of_week_operator.py took 0.062 seconds
[2022-06-14 18:38:10,690] {processor.py:153} INFO - Started process (PID=7027) to work on /usr/local/lib/python3.10/dist-packages/airflow/example_dags/example_branch_day_of_week_operator.py
[2022-06-14 18:38:10,691] {processor.py:641} INFO - Processing file /usr/local/lib/python3.10/dist-packages/airflow/example_dags/example_branch_day_of_week_operator.py for tasks to queue
[2022-06-14 18:38:10,692] {logging_mixin.py:115} INFO - [2022-06-14 18:38:10,691] {dagbag.py:507} INFO - Filling up the DagBag from /usr/local/lib/python3.10/dist-packages/airflow/example_dags/example_branch_day_of_week_operator.py
[2022-06-14 18:38:10,699] {processor.py:651} INFO - DAG(s) dict_keys(['example_weekday_branch_operator']) retrieved from /usr/local/lib/python3.10/dist-packages/airflow/example_dags/example_branch_day_of_week_operator.py
[2022-06-14 18:38:10,715] {logging_mixin.py:115} INFO - [2022-06-14 18:38:10,715] {dag.py:2371} INFO - Sync 1 DAGs
[2022-06-14 18:38:10,734] {logging_mixin.py:115} INFO - [2022-06-14 18:38:10,734] {dag.py:2915} INFO - Setting next_dagrun for example_weekday_branch_operator to 2022-06-13T00:00:00+00:00, run_after=2022-06-14T00:00:00+00:00
[2022-06-14 18:38:10,752] {processor.py:161} INFO - Processing /usr/local/lib/python3.10/dist-packages/airflow/example_dags/example_branch_day_of_week_operator.py took 0.064 seconds
[2022-06-14 18:38:45,514] {processor.py:153} INFO - Started process (PID=7074) to work on /usr/local/lib/python3.10/dist-packages/airflow/example_dags/example_branch_day_of_week_operator.py
[2022-06-14 18:38:45,514] {processor.py:641} INFO - Processing file /usr/local/lib/python3.10/dist-packages/airflow/example_dags/example_branch_day_of_week_operator.py for tasks to queue
[2022-06-14 18:38:45,515] {logging_mixin.py:115} INFO - [2022-06-14 18:38:45,515] {dagbag.py:507} INFO - Filling up the DagBag from /usr/local/lib/python3.10/dist-packages/airflow/example_dags/example_branch_day_of_week_operator.py
[2022-06-14 18:38:45,522] {processor.py:651} INFO - DAG(s) dict_keys(['example_weekday_branch_operator']) retrieved from /usr/local/lib/python3.10/dist-packages/airflow/example_dags/example_branch_day_of_week_operator.py
[2022-06-14 18:38:45,541] {logging_mixin.py:115} INFO - [2022-06-14 18:38:45,541] {dag.py:2371} INFO - Sync 1 DAGs
[2022-06-14 18:38:45,560] {logging_mixin.py:115} INFO - [2022-06-14 18:38:45,559] {dag.py:2915} INFO - Setting next_dagrun for example_weekday_branch_operator to 2022-06-13T00:00:00+00:00, run_after=2022-06-14T00:00:00+00:00
[2022-06-14 18:38:45,578] {processor.py:161} INFO - Processing /usr/local/lib/python3.10/dist-packages/airflow/example_dags/example_branch_day_of_week_operator.py took 0.066 seconds
[2022-06-14 18:39:22,752] {processor.py:153} INFO - Started process (PID=7131) to work on /usr/local/lib/python3.10/dist-packages/airflow/example_dags/example_branch_day_of_week_operator.py
[2022-06-14 18:39:22,752] {processor.py:641} INFO - Processing file /usr/local/lib/python3.10/dist-packages/airflow/example_dags/example_branch_day_of_week_operator.py for tasks to queue
[2022-06-14 18:39:22,753] {logging_mixin.py:115} INFO - [2022-06-14 18:39:22,752] {dagbag.py:507} INFO - Filling up the DagBag from /usr/local/lib/python3.10/dist-packages/airflow/example_dags/example_branch_day_of_week_operator.py
[2022-06-14 18:39:22,760] {processor.py:651} INFO - DAG(s) dict_keys(['example_weekday_branch_operator']) retrieved from /usr/local/lib/python3.10/dist-packages/airflow/example_dags/example_branch_day_of_week_operator.py
[2022-06-14 18:39:22,775] {logging_mixin.py:115} INFO - [2022-06-14 18:39:22,774] {dag.py:2371} INFO - Sync 1 DAGs
[2022-06-14 18:39:22,794] {logging_mixin.py:115} INFO - [2022-06-14 18:39:22,794] {dag.py:2915} INFO - Setting next_dagrun for example_weekday_branch_operator to 2022-06-13T00:00:00+00:00, run_after=2022-06-14T00:00:00+00:00
[2022-06-14 18:39:22,812] {processor.py:161} INFO - Processing /usr/local/lib/python3.10/dist-packages/airflow/example_dags/example_branch_day_of_week_operator.py took 0.063 seconds
[2022-06-14 18:39:58,935] {processor.py:153} INFO - Started process (PID=7187) to work on /usr/local/lib/python3.10/dist-packages/airflow/example_dags/example_branch_day_of_week_operator.py
[2022-06-14 18:39:58,936] {processor.py:641} INFO - Processing file /usr/local/lib/python3.10/dist-packages/airflow/example_dags/example_branch_day_of_week_operator.py for tasks to queue
[2022-06-14 18:39:58,937] {logging_mixin.py:115} INFO - [2022-06-14 18:39:58,937] {dagbag.py:507} INFO - Filling up the DagBag from /usr/local/lib/python3.10/dist-packages/airflow/example_dags/example_branch_day_of_week_operator.py
[2022-06-14 18:39:58,944] {processor.py:651} INFO - DAG(s) dict_keys(['example_weekday_branch_operator']) retrieved from /usr/local/lib/python3.10/dist-packages/airflow/example_dags/example_branch_day_of_week_operator.py
[2022-06-14 18:39:58,959] {logging_mixin.py:115} INFO - [2022-06-14 18:39:58,959] {dag.py:2371} INFO - Sync 1 DAGs
[2022-06-14 18:39:58,977] {logging_mixin.py:115} INFO - [2022-06-14 18:39:58,977] {dag.py:2915} INFO - Setting next_dagrun for example_weekday_branch_operator to 2022-06-13T00:00:00+00:00, run_after=2022-06-14T00:00:00+00:00
[2022-06-14 18:39:59,009] {processor.py:161} INFO - Processing /usr/local/lib/python3.10/dist-packages/airflow/example_dags/example_branch_day_of_week_operator.py took 0.077 seconds
[2022-06-14 18:40:35,682] {processor.py:153} INFO - Started process (PID=7237) to work on /usr/local/lib/python3.10/dist-packages/airflow/example_dags/example_branch_day_of_week_operator.py
[2022-06-14 18:40:35,682] {processor.py:641} INFO - Processing file /usr/local/lib/python3.10/dist-packages/airflow/example_dags/example_branch_day_of_week_operator.py for tasks to queue
[2022-06-14 18:40:35,683] {logging_mixin.py:115} INFO - [2022-06-14 18:40:35,683] {dagbag.py:507} INFO - Filling up the DagBag from /usr/local/lib/python3.10/dist-packages/airflow/example_dags/example_branch_day_of_week_operator.py
[2022-06-14 18:40:35,690] {processor.py:651} INFO - DAG(s) dict_keys(['example_weekday_branch_operator']) retrieved from /usr/local/lib/python3.10/dist-packages/airflow/example_dags/example_branch_day_of_week_operator.py
[2022-06-14 18:40:35,705] {logging_mixin.py:115} INFO - [2022-06-14 18:40:35,705] {dag.py:2371} INFO - Sync 1 DAGs
[2022-06-14 18:40:35,724] {logging_mixin.py:115} INFO - [2022-06-14 18:40:35,724] {dag.py:2915} INFO - Setting next_dagrun for example_weekday_branch_operator to 2022-06-13T00:00:00+00:00, run_after=2022-06-14T00:00:00+00:00
[2022-06-14 18:40:35,741] {processor.py:161} INFO - Processing /usr/local/lib/python3.10/dist-packages/airflow/example_dags/example_branch_day_of_week_operator.py took 0.062 seconds
[2022-06-14 18:41:12,903] {processor.py:153} INFO - Started process (PID=7294) to work on /usr/local/lib/python3.10/dist-packages/airflow/example_dags/example_branch_day_of_week_operator.py
[2022-06-14 18:41:12,903] {processor.py:641} INFO - Processing file /usr/local/lib/python3.10/dist-packages/airflow/example_dags/example_branch_day_of_week_operator.py for tasks to queue
[2022-06-14 18:41:12,904] {logging_mixin.py:115} INFO - [2022-06-14 18:41:12,904] {dagbag.py:507} INFO - Filling up the DagBag from /usr/local/lib/python3.10/dist-packages/airflow/example_dags/example_branch_day_of_week_operator.py
[2022-06-14 18:41:12,911] {processor.py:651} INFO - DAG(s) dict_keys(['example_weekday_branch_operator']) retrieved from /usr/local/lib/python3.10/dist-packages/airflow/example_dags/example_branch_day_of_week_operator.py
[2022-06-14 18:41:12,926] {logging_mixin.py:115} INFO - [2022-06-14 18:41:12,926] {dag.py:2371} INFO - Sync 1 DAGs
[2022-06-14 18:41:12,944] {logging_mixin.py:115} INFO - [2022-06-14 18:41:12,944] {dag.py:2915} INFO - Setting next_dagrun for example_weekday_branch_operator to 2022-06-13T00:00:00+00:00, run_after=2022-06-14T00:00:00+00:00
[2022-06-14 18:41:12,963] {processor.py:161} INFO - Processing /usr/local/lib/python3.10/dist-packages/airflow/example_dags/example_branch_day_of_week_operator.py took 0.063 seconds
[2022-06-14 18:41:55,742] {processor.py:153} INFO - Started process (PID=7366) to work on /usr/local/lib/python3.10/dist-packages/airflow/example_dags/example_branch_day_of_week_operator.py
[2022-06-14 18:41:55,744] {processor.py:641} INFO - Processing file /usr/local/lib/python3.10/dist-packages/airflow/example_dags/example_branch_day_of_week_operator.py for tasks to queue
[2022-06-14 18:41:55,744] {logging_mixin.py:115} INFO - [2022-06-14 18:41:55,744] {dagbag.py:507} INFO - Filling up the DagBag from /usr/local/lib/python3.10/dist-packages/airflow/example_dags/example_branch_day_of_week_operator.py
[2022-06-14 18:41:55,756] {processor.py:651} INFO - DAG(s) dict_keys(['example_weekday_branch_operator']) retrieved from /usr/local/lib/python3.10/dist-packages/airflow/example_dags/example_branch_day_of_week_operator.py
[2022-06-14 18:41:55,781] {logging_mixin.py:115} INFO - [2022-06-14 18:41:55,781] {dag.py:2371} INFO - Sync 1 DAGs
[2022-06-14 18:41:55,809] {logging_mixin.py:115} INFO - [2022-06-14 18:41:55,809] {dag.py:2915} INFO - Setting next_dagrun for example_weekday_branch_operator to 2022-06-13T00:00:00+00:00, run_after=2022-06-14T00:00:00+00:00
[2022-06-14 18:41:55,833] {processor.py:161} INFO - Processing /usr/local/lib/python3.10/dist-packages/airflow/example_dags/example_branch_day_of_week_operator.py took 0.094 seconds
[2022-06-14 18:42:36,388] {processor.py:153} INFO - Started process (PID=7469) to work on /usr/local/lib/python3.10/dist-packages/airflow/example_dags/example_branch_day_of_week_operator.py
[2022-06-14 18:42:36,388] {processor.py:641} INFO - Processing file /usr/local/lib/python3.10/dist-packages/airflow/example_dags/example_branch_day_of_week_operator.py for tasks to queue
[2022-06-14 18:42:36,389] {logging_mixin.py:115} INFO - [2022-06-14 18:42:36,389] {dagbag.py:507} INFO - Filling up the DagBag from /usr/local/lib/python3.10/dist-packages/airflow/example_dags/example_branch_day_of_week_operator.py
[2022-06-14 18:42:36,396] {processor.py:651} INFO - DAG(s) dict_keys(['example_weekday_branch_operator']) retrieved from /usr/local/lib/python3.10/dist-packages/airflow/example_dags/example_branch_day_of_week_operator.py
[2022-06-14 18:42:36,412] {logging_mixin.py:115} INFO - [2022-06-14 18:42:36,412] {dag.py:2371} INFO - Sync 1 DAGs
[2022-06-14 18:42:36,432] {logging_mixin.py:115} INFO - [2022-06-14 18:42:36,432] {dag.py:2915} INFO - Setting next_dagrun for example_weekday_branch_operator to 2022-06-13T00:00:00+00:00, run_after=2022-06-14T00:00:00+00:00
[2022-06-14 18:42:36,450] {processor.py:161} INFO - Processing /usr/local/lib/python3.10/dist-packages/airflow/example_dags/example_branch_day_of_week_operator.py took 0.065 seconds
[2022-06-14 18:43:17,129] {processor.py:153} INFO - Started process (PID=7568) to work on /usr/local/lib/python3.10/dist-packages/airflow/example_dags/example_branch_day_of_week_operator.py
[2022-06-14 18:43:17,129] {processor.py:641} INFO - Processing file /usr/local/lib/python3.10/dist-packages/airflow/example_dags/example_branch_day_of_week_operator.py for tasks to queue
[2022-06-14 18:43:17,130] {logging_mixin.py:115} INFO - [2022-06-14 18:43:17,130] {dagbag.py:507} INFO - Filling up the DagBag from /usr/local/lib/python3.10/dist-packages/airflow/example_dags/example_branch_day_of_week_operator.py
[2022-06-14 18:43:17,137] {processor.py:651} INFO - DAG(s) dict_keys(['example_weekday_branch_operator']) retrieved from /usr/local/lib/python3.10/dist-packages/airflow/example_dags/example_branch_day_of_week_operator.py
[2022-06-14 18:43:17,152] {logging_mixin.py:115} INFO - [2022-06-14 18:43:17,152] {dag.py:2371} INFO - Sync 1 DAGs
[2022-06-14 18:43:17,170] {logging_mixin.py:115} INFO - [2022-06-14 18:43:17,170] {dag.py:2915} INFO - Setting next_dagrun for example_weekday_branch_operator to 2022-06-13T00:00:00+00:00, run_after=2022-06-14T00:00:00+00:00
[2022-06-14 18:43:17,189] {processor.py:161} INFO - Processing /usr/local/lib/python3.10/dist-packages/airflow/example_dags/example_branch_day_of_week_operator.py took 0.063 seconds
[2022-06-14 18:43:59,622] {processor.py:153} INFO - Started process (PID=7634) to work on /usr/local/lib/python3.10/dist-packages/airflow/example_dags/example_branch_day_of_week_operator.py
[2022-06-14 18:43:59,623] {processor.py:641} INFO - Processing file /usr/local/lib/python3.10/dist-packages/airflow/example_dags/example_branch_day_of_week_operator.py for tasks to queue
[2022-06-14 18:43:59,623] {logging_mixin.py:115} INFO - [2022-06-14 18:43:59,623] {dagbag.py:507} INFO - Filling up the DagBag from /usr/local/lib/python3.10/dist-packages/airflow/example_dags/example_branch_day_of_week_operator.py
[2022-06-14 18:43:59,631] {processor.py:651} INFO - DAG(s) dict_keys(['example_weekday_branch_operator']) retrieved from /usr/local/lib/python3.10/dist-packages/airflow/example_dags/example_branch_day_of_week_operator.py
[2022-06-14 18:43:59,645] {logging_mixin.py:115} INFO - [2022-06-14 18:43:59,645] {dag.py:2371} INFO - Sync 1 DAGs
[2022-06-14 18:43:59,664] {logging_mixin.py:115} INFO - [2022-06-14 18:43:59,664] {dag.py:2915} INFO - Setting next_dagrun for example_weekday_branch_operator to 2022-06-13T00:00:00+00:00, run_after=2022-06-14T00:00:00+00:00
[2022-06-14 18:43:59,681] {processor.py:161} INFO - Processing /usr/local/lib/python3.10/dist-packages/airflow/example_dags/example_branch_day_of_week_operator.py took 0.062 seconds
[2022-06-14 18:44:39,727] {processor.py:153} INFO - Started process (PID=7705) to work on /usr/local/lib/python3.10/dist-packages/airflow/example_dags/example_branch_day_of_week_operator.py
[2022-06-14 18:44:39,728] {processor.py:641} INFO - Processing file /usr/local/lib/python3.10/dist-packages/airflow/example_dags/example_branch_day_of_week_operator.py for tasks to queue
[2022-06-14 18:44:39,729] {logging_mixin.py:115} INFO - [2022-06-14 18:44:39,728] {dagbag.py:507} INFO - Filling up the DagBag from /usr/local/lib/python3.10/dist-packages/airflow/example_dags/example_branch_day_of_week_operator.py
[2022-06-14 18:44:39,736] {processor.py:651} INFO - DAG(s) dict_keys(['example_weekday_branch_operator']) retrieved from /usr/local/lib/python3.10/dist-packages/airflow/example_dags/example_branch_day_of_week_operator.py
[2022-06-14 18:44:39,752] {logging_mixin.py:115} INFO - [2022-06-14 18:44:39,752] {dag.py:2371} INFO - Sync 1 DAGs
[2022-06-14 18:44:39,772] {logging_mixin.py:115} INFO - [2022-06-14 18:44:39,772] {dag.py:2915} INFO - Setting next_dagrun for example_weekday_branch_operator to 2022-06-13T00:00:00+00:00, run_after=2022-06-14T00:00:00+00:00
[2022-06-14 18:44:39,790] {processor.py:161} INFO - Processing /usr/local/lib/python3.10/dist-packages/airflow/example_dags/example_branch_day_of_week_operator.py took 0.065 seconds
[2022-06-14 18:45:22,173] {processor.py:153} INFO - Started process (PID=7827) to work on /usr/local/lib/python3.10/dist-packages/airflow/example_dags/example_branch_day_of_week_operator.py
[2022-06-14 18:45:22,174] {processor.py:641} INFO - Processing file /usr/local/lib/python3.10/dist-packages/airflow/example_dags/example_branch_day_of_week_operator.py for tasks to queue
[2022-06-14 18:45:22,174] {logging_mixin.py:115} INFO - [2022-06-14 18:45:22,174] {dagbag.py:507} INFO - Filling up the DagBag from /usr/local/lib/python3.10/dist-packages/airflow/example_dags/example_branch_day_of_week_operator.py
[2022-06-14 18:45:22,185] {processor.py:651} INFO - DAG(s) dict_keys(['example_weekday_branch_operator']) retrieved from /usr/local/lib/python3.10/dist-packages/airflow/example_dags/example_branch_day_of_week_operator.py
[2022-06-14 18:45:22,204] {logging_mixin.py:115} INFO - [2022-06-14 18:45:22,203] {dag.py:2371} INFO - Sync 1 DAGs
[2022-06-14 18:45:22,225] {logging_mixin.py:115} INFO - [2022-06-14 18:45:22,225] {dag.py:2915} INFO - Setting next_dagrun for example_weekday_branch_operator to 2022-06-13T00:00:00+00:00, run_after=2022-06-14T00:00:00+00:00
[2022-06-14 18:45:22,261] {processor.py:161} INFO - Processing /usr/local/lib/python3.10/dist-packages/airflow/example_dags/example_branch_day_of_week_operator.py took 0.091 seconds
[2022-06-14 18:46:01,411] {processor.py:153} INFO - Started process (PID=7890) to work on /usr/local/lib/python3.10/dist-packages/airflow/example_dags/example_branch_day_of_week_operator.py
[2022-06-14 18:46:01,412] {processor.py:641} INFO - Processing file /usr/local/lib/python3.10/dist-packages/airflow/example_dags/example_branch_day_of_week_operator.py for tasks to queue
[2022-06-14 18:46:01,413] {logging_mixin.py:115} INFO - [2022-06-14 18:46:01,412] {dagbag.py:507} INFO - Filling up the DagBag from /usr/local/lib/python3.10/dist-packages/airflow/example_dags/example_branch_day_of_week_operator.py
[2022-06-14 18:46:01,420] {processor.py:651} INFO - DAG(s) dict_keys(['example_weekday_branch_operator']) retrieved from /usr/local/lib/python3.10/dist-packages/airflow/example_dags/example_branch_day_of_week_operator.py
[2022-06-14 18:46:01,435] {logging_mixin.py:115} INFO - [2022-06-14 18:46:01,435] {dag.py:2371} INFO - Sync 1 DAGs
[2022-06-14 18:46:01,454] {logging_mixin.py:115} INFO - [2022-06-14 18:46:01,454] {dag.py:2915} INFO - Setting next_dagrun for example_weekday_branch_operator to 2022-06-13T00:00:00+00:00, run_after=2022-06-14T00:00:00+00:00
[2022-06-14 18:46:01,473] {processor.py:161} INFO - Processing /usr/local/lib/python3.10/dist-packages/airflow/example_dags/example_branch_day_of_week_operator.py took 0.064 seconds
[2022-06-14 18:46:43,594] {processor.py:153} INFO - Started process (PID=7992) to work on /usr/local/lib/python3.10/dist-packages/airflow/example_dags/example_branch_day_of_week_operator.py
[2022-06-14 18:46:43,595] {processor.py:641} INFO - Processing file /usr/local/lib/python3.10/dist-packages/airflow/example_dags/example_branch_day_of_week_operator.py for tasks to queue
[2022-06-14 18:46:43,596] {logging_mixin.py:115} INFO - [2022-06-14 18:46:43,595] {dagbag.py:507} INFO - Filling up the DagBag from /usr/local/lib/python3.10/dist-packages/airflow/example_dags/example_branch_day_of_week_operator.py
[2022-06-14 18:46:43,603] {processor.py:651} INFO - DAG(s) dict_keys(['example_weekday_branch_operator']) retrieved from /usr/local/lib/python3.10/dist-packages/airflow/example_dags/example_branch_day_of_week_operator.py
[2022-06-14 18:46:43,618] {logging_mixin.py:115} INFO - [2022-06-14 18:46:43,618] {dag.py:2371} INFO - Sync 1 DAGs
[2022-06-14 18:46:43,638] {logging_mixin.py:115} INFO - [2022-06-14 18:46:43,637] {dag.py:2915} INFO - Setting next_dagrun for example_weekday_branch_operator to 2022-06-13T00:00:00+00:00, run_after=2022-06-14T00:00:00+00:00
[2022-06-14 18:46:43,655] {processor.py:161} INFO - Processing /usr/local/lib/python3.10/dist-packages/airflow/example_dags/example_branch_day_of_week_operator.py took 0.064 seconds
[2022-06-14 18:47:27,040] {processor.py:153} INFO - Started process (PID=8057) to work on /usr/local/lib/python3.10/dist-packages/airflow/example_dags/example_branch_day_of_week_operator.py
[2022-06-14 18:47:27,041] {processor.py:641} INFO - Processing file /usr/local/lib/python3.10/dist-packages/airflow/example_dags/example_branch_day_of_week_operator.py for tasks to queue
[2022-06-14 18:47:27,041] {logging_mixin.py:115} INFO - [2022-06-14 18:47:27,041] {dagbag.py:507} INFO - Filling up the DagBag from /usr/local/lib/python3.10/dist-packages/airflow/example_dags/example_branch_day_of_week_operator.py
[2022-06-14 18:47:27,048] {processor.py:651} INFO - DAG(s) dict_keys(['example_weekday_branch_operator']) retrieved from /usr/local/lib/python3.10/dist-packages/airflow/example_dags/example_branch_day_of_week_operator.py
[2022-06-14 18:47:27,063] {logging_mixin.py:115} INFO - [2022-06-14 18:47:27,063] {dag.py:2371} INFO - Sync 1 DAGs
[2022-06-14 18:47:27,085] {logging_mixin.py:115} INFO - [2022-06-14 18:47:27,085] {dag.py:2915} INFO - Setting next_dagrun for example_weekday_branch_operator to 2022-06-13T00:00:00+00:00, run_after=2022-06-14T00:00:00+00:00
[2022-06-14 18:47:27,103] {processor.py:161} INFO - Processing /usr/local/lib/python3.10/dist-packages/airflow/example_dags/example_branch_day_of_week_operator.py took 0.066 seconds
[2022-06-14 18:48:05,984] {processor.py:153} INFO - Started process (PID=8130) to work on /usr/local/lib/python3.10/dist-packages/airflow/example_dags/example_branch_day_of_week_operator.py
[2022-06-14 18:48:05,985] {processor.py:641} INFO - Processing file /usr/local/lib/python3.10/dist-packages/airflow/example_dags/example_branch_day_of_week_operator.py for tasks to queue
[2022-06-14 18:48:05,985] {logging_mixin.py:115} INFO - [2022-06-14 18:48:05,985] {dagbag.py:507} INFO - Filling up the DagBag from /usr/local/lib/python3.10/dist-packages/airflow/example_dags/example_branch_day_of_week_operator.py
[2022-06-14 18:48:05,993] {processor.py:651} INFO - DAG(s) dict_keys(['example_weekday_branch_operator']) retrieved from /usr/local/lib/python3.10/dist-packages/airflow/example_dags/example_branch_day_of_week_operator.py
[2022-06-14 18:48:06,007] {logging_mixin.py:115} INFO - [2022-06-14 18:48:06,007] {dag.py:2371} INFO - Sync 1 DAGs
[2022-06-14 18:48:06,026] {logging_mixin.py:115} INFO - [2022-06-14 18:48:06,026] {dag.py:2915} INFO - Setting next_dagrun for example_weekday_branch_operator to 2022-06-13T00:00:00+00:00, run_after=2022-06-14T00:00:00+00:00
[2022-06-14 18:48:06,043] {processor.py:161} INFO - Processing /usr/local/lib/python3.10/dist-packages/airflow/example_dags/example_branch_day_of_week_operator.py took 0.062 seconds
[2022-06-14 18:48:48,329] {processor.py:153} INFO - Started process (PID=8203) to work on /usr/local/lib/python3.10/dist-packages/airflow/example_dags/example_branch_day_of_week_operator.py
[2022-06-14 18:48:48,330] {processor.py:641} INFO - Processing file /usr/local/lib/python3.10/dist-packages/airflow/example_dags/example_branch_day_of_week_operator.py for tasks to queue
[2022-06-14 18:48:48,330] {logging_mixin.py:115} INFO - [2022-06-14 18:48:48,330] {dagbag.py:507} INFO - Filling up the DagBag from /usr/local/lib/python3.10/dist-packages/airflow/example_dags/example_branch_day_of_week_operator.py
[2022-06-14 18:48:48,339] {processor.py:651} INFO - DAG(s) dict_keys(['example_weekday_branch_operator']) retrieved from /usr/local/lib/python3.10/dist-packages/airflow/example_dags/example_branch_day_of_week_operator.py
[2022-06-14 18:48:48,353] {logging_mixin.py:115} INFO - [2022-06-14 18:48:48,353] {dag.py:2371} INFO - Sync 1 DAGs
[2022-06-14 18:48:48,372] {logging_mixin.py:115} INFO - [2022-06-14 18:48:48,372] {dag.py:2915} INFO - Setting next_dagrun for example_weekday_branch_operator to 2022-06-13T00:00:00+00:00, run_after=2022-06-14T00:00:00+00:00
[2022-06-14 18:48:48,390] {processor.py:161} INFO - Processing /usr/local/lib/python3.10/dist-packages/airflow/example_dags/example_branch_day_of_week_operator.py took 0.064 seconds
[2022-06-14 18:49:31,867] {processor.py:153} INFO - Started process (PID=8275) to work on /usr/local/lib/python3.10/dist-packages/airflow/example_dags/example_branch_day_of_week_operator.py
[2022-06-14 18:49:31,868] {processor.py:641} INFO - Processing file /usr/local/lib/python3.10/dist-packages/airflow/example_dags/example_branch_day_of_week_operator.py for tasks to queue
[2022-06-14 18:49:31,868] {logging_mixin.py:115} INFO - [2022-06-14 18:49:31,868] {dagbag.py:507} INFO - Filling up the DagBag from /usr/local/lib/python3.10/dist-packages/airflow/example_dags/example_branch_day_of_week_operator.py
[2022-06-14 18:49:31,876] {processor.py:651} INFO - DAG(s) dict_keys(['example_weekday_branch_operator']) retrieved from /usr/local/lib/python3.10/dist-packages/airflow/example_dags/example_branch_day_of_week_operator.py
[2022-06-14 18:49:31,891] {logging_mixin.py:115} INFO - [2022-06-14 18:49:31,891] {dag.py:2371} INFO - Sync 1 DAGs
[2022-06-14 18:49:31,910] {logging_mixin.py:115} INFO - [2022-06-14 18:49:31,910] {dag.py:2915} INFO - Setting next_dagrun for example_weekday_branch_operator to 2022-06-13T00:00:00+00:00, run_after=2022-06-14T00:00:00+00:00
[2022-06-14 18:49:31,930] {processor.py:161} INFO - Processing /usr/local/lib/python3.10/dist-packages/airflow/example_dags/example_branch_day_of_week_operator.py took 0.065 seconds
[2022-06-14 18:50:12,309] {processor.py:153} INFO - Started process (PID=8354) to work on /usr/local/lib/python3.10/dist-packages/airflow/example_dags/example_branch_day_of_week_operator.py
[2022-06-14 18:50:12,309] {processor.py:641} INFO - Processing file /usr/local/lib/python3.10/dist-packages/airflow/example_dags/example_branch_day_of_week_operator.py for tasks to queue
[2022-06-14 18:50:12,310] {logging_mixin.py:115} INFO - [2022-06-14 18:50:12,310] {dagbag.py:507} INFO - Filling up the DagBag from /usr/local/lib/python3.10/dist-packages/airflow/example_dags/example_branch_day_of_week_operator.py
[2022-06-14 18:50:12,318] {processor.py:651} INFO - DAG(s) dict_keys(['example_weekday_branch_operator']) retrieved from /usr/local/lib/python3.10/dist-packages/airflow/example_dags/example_branch_day_of_week_operator.py
[2022-06-14 18:50:12,332] {logging_mixin.py:115} INFO - [2022-06-14 18:50:12,332] {dag.py:2371} INFO - Sync 1 DAGs
[2022-06-14 18:50:12,351] {logging_mixin.py:115} INFO - [2022-06-14 18:50:12,351] {dag.py:2915} INFO - Setting next_dagrun for example_weekday_branch_operator to 2022-06-13T00:00:00+00:00, run_after=2022-06-14T00:00:00+00:00
[2022-06-14 18:50:12,369] {processor.py:161} INFO - Processing /usr/local/lib/python3.10/dist-packages/airflow/example_dags/example_branch_day_of_week_operator.py took 0.062 seconds
[2022-06-14 18:50:57,645] {processor.py:153} INFO - Started process (PID=8443) to work on /usr/local/lib/python3.10/dist-packages/airflow/example_dags/example_branch_day_of_week_operator.py
[2022-06-14 18:50:57,646] {processor.py:641} INFO - Processing file /usr/local/lib/python3.10/dist-packages/airflow/example_dags/example_branch_day_of_week_operator.py for tasks to queue
[2022-06-14 18:50:57,646] {logging_mixin.py:115} INFO - [2022-06-14 18:50:57,646] {dagbag.py:507} INFO - Filling up the DagBag from /usr/local/lib/python3.10/dist-packages/airflow/example_dags/example_branch_day_of_week_operator.py
[2022-06-14 18:50:57,655] {processor.py:651} INFO - DAG(s) dict_keys(['example_weekday_branch_operator']) retrieved from /usr/local/lib/python3.10/dist-packages/airflow/example_dags/example_branch_day_of_week_operator.py
[2022-06-14 18:50:57,670] {logging_mixin.py:115} INFO - [2022-06-14 18:50:57,670] {dag.py:2371} INFO - Sync 1 DAGs
[2022-06-14 18:50:57,687] {logging_mixin.py:115} INFO - [2022-06-14 18:50:57,687] {dag.py:2915} INFO - Setting next_dagrun for example_weekday_branch_operator to 2022-06-13T00:00:00+00:00, run_after=2022-06-14T00:00:00+00:00
[2022-06-14 18:50:57,704] {processor.py:161} INFO - Processing /usr/local/lib/python3.10/dist-packages/airflow/example_dags/example_branch_day_of_week_operator.py took 0.062 seconds
[2022-06-14 18:51:35,721] {processor.py:153} INFO - Started process (PID=8509) to work on /usr/local/lib/python3.10/dist-packages/airflow/example_dags/example_branch_day_of_week_operator.py
[2022-06-14 18:51:35,721] {processor.py:641} INFO - Processing file /usr/local/lib/python3.10/dist-packages/airflow/example_dags/example_branch_day_of_week_operator.py for tasks to queue
[2022-06-14 18:51:35,722] {logging_mixin.py:115} INFO - [2022-06-14 18:51:35,722] {dagbag.py:507} INFO - Filling up the DagBag from /usr/local/lib/python3.10/dist-packages/airflow/example_dags/example_branch_day_of_week_operator.py
[2022-06-14 18:51:35,731] {processor.py:651} INFO - DAG(s) dict_keys(['example_weekday_branch_operator']) retrieved from /usr/local/lib/python3.10/dist-packages/airflow/example_dags/example_branch_day_of_week_operator.py
[2022-06-14 18:51:35,747] {logging_mixin.py:115} INFO - [2022-06-14 18:51:35,747] {dag.py:2371} INFO - Sync 1 DAGs
[2022-06-14 18:51:35,764] {logging_mixin.py:115} INFO - [2022-06-14 18:51:35,764] {dag.py:2915} INFO - Setting next_dagrun for example_weekday_branch_operator to 2022-06-13T00:00:00+00:00, run_after=2022-06-14T00:00:00+00:00
[2022-06-14 18:51:35,780] {processor.py:161} INFO - Processing /usr/local/lib/python3.10/dist-packages/airflow/example_dags/example_branch_day_of_week_operator.py took 0.063 seconds
[2022-06-14 18:52:13,848] {processor.py:153} INFO - Started process (PID=8570) to work on /usr/local/lib/python3.10/dist-packages/airflow/example_dags/example_branch_day_of_week_operator.py
[2022-06-14 18:52:13,849] {processor.py:641} INFO - Processing file /usr/local/lib/python3.10/dist-packages/airflow/example_dags/example_branch_day_of_week_operator.py for tasks to queue
[2022-06-14 18:52:13,850] {logging_mixin.py:115} INFO - [2022-06-14 18:52:13,850] {dagbag.py:507} INFO - Filling up the DagBag from /usr/local/lib/python3.10/dist-packages/airflow/example_dags/example_branch_day_of_week_operator.py
[2022-06-14 18:52:13,859] {processor.py:651} INFO - DAG(s) dict_keys(['example_weekday_branch_operator']) retrieved from /usr/local/lib/python3.10/dist-packages/airflow/example_dags/example_branch_day_of_week_operator.py
[2022-06-14 18:52:13,874] {logging_mixin.py:115} INFO - [2022-06-14 18:52:13,874] {dag.py:2371} INFO - Sync 1 DAGs
[2022-06-14 18:52:13,891] {logging_mixin.py:115} INFO - [2022-06-14 18:52:13,891] {dag.py:2915} INFO - Setting next_dagrun for example_weekday_branch_operator to 2022-06-13T00:00:00+00:00, run_after=2022-06-14T00:00:00+00:00
[2022-06-14 18:52:13,907] {processor.py:161} INFO - Processing /usr/local/lib/python3.10/dist-packages/airflow/example_dags/example_branch_day_of_week_operator.py took 0.062 seconds
[2022-06-14 18:52:57,430] {processor.py:153} INFO - Started process (PID=8658) to work on /usr/local/lib/python3.10/dist-packages/airflow/example_dags/example_branch_day_of_week_operator.py
[2022-06-14 18:52:57,431] {processor.py:641} INFO - Processing file /usr/local/lib/python3.10/dist-packages/airflow/example_dags/example_branch_day_of_week_operator.py for tasks to queue
[2022-06-14 18:52:57,431] {logging_mixin.py:115} INFO - [2022-06-14 18:52:57,431] {dagbag.py:507} INFO - Filling up the DagBag from /usr/local/lib/python3.10/dist-packages/airflow/example_dags/example_branch_day_of_week_operator.py
[2022-06-14 18:52:57,439] {processor.py:651} INFO - DAG(s) dict_keys(['example_weekday_branch_operator']) retrieved from /usr/local/lib/python3.10/dist-packages/airflow/example_dags/example_branch_day_of_week_operator.py
[2022-06-14 18:52:57,453] {logging_mixin.py:115} INFO - [2022-06-14 18:52:57,452] {dag.py:2371} INFO - Sync 1 DAGs
[2022-06-14 18:52:57,470] {logging_mixin.py:115} INFO - [2022-06-14 18:52:57,470] {dag.py:2915} INFO - Setting next_dagrun for example_weekday_branch_operator to 2022-06-13T00:00:00+00:00, run_after=2022-06-14T00:00:00+00:00
[2022-06-14 18:52:57,488] {processor.py:161} INFO - Processing /usr/local/lib/python3.10/dist-packages/airflow/example_dags/example_branch_day_of_week_operator.py took 0.060 seconds
[2022-06-14 18:53:41,281] {processor.py:153} INFO - Started process (PID=8723) to work on /usr/local/lib/python3.10/dist-packages/airflow/example_dags/example_branch_day_of_week_operator.py
[2022-06-14 18:53:41,282] {processor.py:641} INFO - Processing file /usr/local/lib/python3.10/dist-packages/airflow/example_dags/example_branch_day_of_week_operator.py for tasks to queue
[2022-06-14 18:53:41,282] {logging_mixin.py:115} INFO - [2022-06-14 18:53:41,282] {dagbag.py:507} INFO - Filling up the DagBag from /usr/local/lib/python3.10/dist-packages/airflow/example_dags/example_branch_day_of_week_operator.py
[2022-06-14 18:53:41,291] {processor.py:651} INFO - DAG(s) dict_keys(['example_weekday_branch_operator']) retrieved from /usr/local/lib/python3.10/dist-packages/airflow/example_dags/example_branch_day_of_week_operator.py
[2022-06-14 18:53:41,306] {logging_mixin.py:115} INFO - [2022-06-14 18:53:41,306] {dag.py:2371} INFO - Sync 1 DAGs
[2022-06-14 18:53:41,324] {logging_mixin.py:115} INFO - [2022-06-14 18:53:41,324] {dag.py:2915} INFO - Setting next_dagrun for example_weekday_branch_operator to 2022-06-13T00:00:00+00:00, run_after=2022-06-14T00:00:00+00:00
[2022-06-14 18:53:41,341] {processor.py:161} INFO - Processing /usr/local/lib/python3.10/dist-packages/airflow/example_dags/example_branch_day_of_week_operator.py took 0.063 seconds
[2022-06-14 18:54:21,064] {processor.py:153} INFO - Started process (PID=8782) to work on /usr/local/lib/python3.10/dist-packages/airflow/example_dags/example_branch_day_of_week_operator.py
[2022-06-14 18:54:21,065] {processor.py:641} INFO - Processing file /usr/local/lib/python3.10/dist-packages/airflow/example_dags/example_branch_day_of_week_operator.py for tasks to queue
[2022-06-14 18:54:21,065] {logging_mixin.py:115} INFO - [2022-06-14 18:54:21,065] {dagbag.py:507} INFO - Filling up the DagBag from /usr/local/lib/python3.10/dist-packages/airflow/example_dags/example_branch_day_of_week_operator.py
[2022-06-14 18:54:21,074] {processor.py:651} INFO - DAG(s) dict_keys(['example_weekday_branch_operator']) retrieved from /usr/local/lib/python3.10/dist-packages/airflow/example_dags/example_branch_day_of_week_operator.py
[2022-06-14 18:54:21,090] {logging_mixin.py:115} INFO - [2022-06-14 18:54:21,090] {dag.py:2371} INFO - Sync 1 DAGs
[2022-06-14 18:54:21,108] {logging_mixin.py:115} INFO - [2022-06-14 18:54:21,108] {dag.py:2915} INFO - Setting next_dagrun for example_weekday_branch_operator to 2022-06-13T00:00:00+00:00, run_after=2022-06-14T00:00:00+00:00
[2022-06-14 18:54:21,125] {processor.py:161} INFO - Processing /usr/local/lib/python3.10/dist-packages/airflow/example_dags/example_branch_day_of_week_operator.py took 0.064 seconds
[2022-06-14 18:54:58,348] {processor.py:153} INFO - Started process (PID=8837) to work on /usr/local/lib/python3.10/dist-packages/airflow/example_dags/example_branch_day_of_week_operator.py
[2022-06-14 18:54:58,349] {processor.py:641} INFO - Processing file /usr/local/lib/python3.10/dist-packages/airflow/example_dags/example_branch_day_of_week_operator.py for tasks to queue
[2022-06-14 18:54:58,349] {logging_mixin.py:115} INFO - [2022-06-14 18:54:58,349] {dagbag.py:507} INFO - Filling up the DagBag from /usr/local/lib/python3.10/dist-packages/airflow/example_dags/example_branch_day_of_week_operator.py
[2022-06-14 18:54:58,358] {processor.py:651} INFO - DAG(s) dict_keys(['example_weekday_branch_operator']) retrieved from /usr/local/lib/python3.10/dist-packages/airflow/example_dags/example_branch_day_of_week_operator.py
[2022-06-14 18:54:58,374] {logging_mixin.py:115} INFO - [2022-06-14 18:54:58,374] {dag.py:2371} INFO - Sync 1 DAGs
[2022-06-14 18:54:58,392] {logging_mixin.py:115} INFO - [2022-06-14 18:54:58,392] {dag.py:2915} INFO - Setting next_dagrun for example_weekday_branch_operator to 2022-06-13T00:00:00+00:00, run_after=2022-06-14T00:00:00+00:00
[2022-06-14 18:54:58,409] {processor.py:161} INFO - Processing /usr/local/lib/python3.10/dist-packages/airflow/example_dags/example_branch_day_of_week_operator.py took 0.065 seconds
[2022-06-14 18:55:40,312] {processor.py:153} INFO - Started process (PID=8889) to work on /usr/local/lib/python3.10/dist-packages/airflow/example_dags/example_branch_day_of_week_operator.py
[2022-06-14 18:55:40,312] {processor.py:641} INFO - Processing file /usr/local/lib/python3.10/dist-packages/airflow/example_dags/example_branch_day_of_week_operator.py for tasks to queue
[2022-06-14 18:55:40,313] {logging_mixin.py:115} INFO - [2022-06-14 18:55:40,313] {dagbag.py:507} INFO - Filling up the DagBag from /usr/local/lib/python3.10/dist-packages/airflow/example_dags/example_branch_day_of_week_operator.py
[2022-06-14 18:55:40,321] {processor.py:651} INFO - DAG(s) dict_keys(['example_weekday_branch_operator']) retrieved from /usr/local/lib/python3.10/dist-packages/airflow/example_dags/example_branch_day_of_week_operator.py
[2022-06-14 18:55:40,336] {logging_mixin.py:115} INFO - [2022-06-14 18:55:40,336] {dag.py:2371} INFO - Sync 1 DAGs
[2022-06-14 18:55:40,353] {logging_mixin.py:115} INFO - [2022-06-14 18:55:40,353] {dag.py:2915} INFO - Setting next_dagrun for example_weekday_branch_operator to 2022-06-13T00:00:00+00:00, run_after=2022-06-14T00:00:00+00:00
[2022-06-14 18:55:40,370] {processor.py:161} INFO - Processing /usr/local/lib/python3.10/dist-packages/airflow/example_dags/example_branch_day_of_week_operator.py took 0.061 seconds
[2022-06-14 18:56:21,440] {processor.py:153} INFO - Started process (PID=8942) to work on /usr/local/lib/python3.10/dist-packages/airflow/example_dags/example_branch_day_of_week_operator.py
[2022-06-14 18:56:21,440] {processor.py:641} INFO - Processing file /usr/local/lib/python3.10/dist-packages/airflow/example_dags/example_branch_day_of_week_operator.py for tasks to queue
[2022-06-14 18:56:21,441] {logging_mixin.py:115} INFO - [2022-06-14 18:56:21,441] {dagbag.py:507} INFO - Filling up the DagBag from /usr/local/lib/python3.10/dist-packages/airflow/example_dags/example_branch_day_of_week_operator.py
[2022-06-14 18:56:21,449] {processor.py:651} INFO - DAG(s) dict_keys(['example_weekday_branch_operator']) retrieved from /usr/local/lib/python3.10/dist-packages/airflow/example_dags/example_branch_day_of_week_operator.py
[2022-06-14 18:56:21,466] {logging_mixin.py:115} INFO - [2022-06-14 18:56:21,466] {dag.py:2371} INFO - Sync 1 DAGs
[2022-06-14 18:56:21,484] {logging_mixin.py:115} INFO - [2022-06-14 18:56:21,484] {dag.py:2915} INFO - Setting next_dagrun for example_weekday_branch_operator to 2022-06-13T00:00:00+00:00, run_after=2022-06-14T00:00:00+00:00
[2022-06-14 18:56:21,501] {processor.py:161} INFO - Processing /usr/local/lib/python3.10/dist-packages/airflow/example_dags/example_branch_day_of_week_operator.py took 0.065 seconds
[2022-06-14 18:57:02,296] {processor.py:153} INFO - Started process (PID=9001) to work on /usr/local/lib/python3.10/dist-packages/airflow/example_dags/example_branch_day_of_week_operator.py
[2022-06-14 18:57:02,297] {processor.py:641} INFO - Processing file /usr/local/lib/python3.10/dist-packages/airflow/example_dags/example_branch_day_of_week_operator.py for tasks to queue
[2022-06-14 18:57:02,297] {logging_mixin.py:115} INFO - [2022-06-14 18:57:02,297] {dagbag.py:507} INFO - Filling up the DagBag from /usr/local/lib/python3.10/dist-packages/airflow/example_dags/example_branch_day_of_week_operator.py
[2022-06-14 18:57:02,306] {processor.py:651} INFO - DAG(s) dict_keys(['example_weekday_branch_operator']) retrieved from /usr/local/lib/python3.10/dist-packages/airflow/example_dags/example_branch_day_of_week_operator.py
[2022-06-14 18:57:02,323] {logging_mixin.py:115} INFO - [2022-06-14 18:57:02,323] {dag.py:2371} INFO - Sync 1 DAGs
[2022-06-14 18:57:02,340] {logging_mixin.py:115} INFO - [2022-06-14 18:57:02,340] {dag.py:2915} INFO - Setting next_dagrun for example_weekday_branch_operator to 2022-06-13T00:00:00+00:00, run_after=2022-06-14T00:00:00+00:00
[2022-06-14 18:57:02,356] {processor.py:161} INFO - Processing /usr/local/lib/python3.10/dist-packages/airflow/example_dags/example_branch_day_of_week_operator.py took 0.063 seconds
[2022-06-14 18:57:40,296] {processor.py:153} INFO - Started process (PID=9079) to work on /usr/local/lib/python3.10/dist-packages/airflow/example_dags/example_branch_day_of_week_operator.py
[2022-06-14 18:57:40,297] {processor.py:641} INFO - Processing file /usr/local/lib/python3.10/dist-packages/airflow/example_dags/example_branch_day_of_week_operator.py for tasks to queue
[2022-06-14 18:57:40,297] {logging_mixin.py:115} INFO - [2022-06-14 18:57:40,297] {dagbag.py:507} INFO - Filling up the DagBag from /usr/local/lib/python3.10/dist-packages/airflow/example_dags/example_branch_day_of_week_operator.py
[2022-06-14 18:57:40,304] {processor.py:651} INFO - DAG(s) dict_keys(['example_weekday_branch_operator']) retrieved from /usr/local/lib/python3.10/dist-packages/airflow/example_dags/example_branch_day_of_week_operator.py
[2022-06-14 18:57:40,319] {logging_mixin.py:115} INFO - [2022-06-14 18:57:40,319] {dag.py:2371} INFO - Sync 1 DAGs
[2022-06-14 18:57:40,337] {logging_mixin.py:115} INFO - [2022-06-14 18:57:40,337] {dag.py:2915} INFO - Setting next_dagrun for example_weekday_branch_operator to 2022-06-13T00:00:00+00:00, run_after=2022-06-14T00:00:00+00:00
[2022-06-14 18:57:40,354] {processor.py:161} INFO - Processing /usr/local/lib/python3.10/dist-packages/airflow/example_dags/example_branch_day_of_week_operator.py took 0.060 seconds
[2022-06-14 18:58:20,288] {processor.py:153} INFO - Started process (PID=9132) to work on /usr/local/lib/python3.10/dist-packages/airflow/example_dags/example_branch_day_of_week_operator.py
[2022-06-14 18:58:20,288] {processor.py:641} INFO - Processing file /usr/local/lib/python3.10/dist-packages/airflow/example_dags/example_branch_day_of_week_operator.py for tasks to queue
[2022-06-14 18:58:20,289] {logging_mixin.py:115} INFO - [2022-06-14 18:58:20,289] {dagbag.py:507} INFO - Filling up the DagBag from /usr/local/lib/python3.10/dist-packages/airflow/example_dags/example_branch_day_of_week_operator.py
[2022-06-14 18:58:20,296] {processor.py:651} INFO - DAG(s) dict_keys(['example_weekday_branch_operator']) retrieved from /usr/local/lib/python3.10/dist-packages/airflow/example_dags/example_branch_day_of_week_operator.py
[2022-06-14 18:58:20,311] {logging_mixin.py:115} INFO - [2022-06-14 18:58:20,310] {dag.py:2371} INFO - Sync 1 DAGs
[2022-06-14 18:58:20,329] {logging_mixin.py:115} INFO - [2022-06-14 18:58:20,329] {dag.py:2915} INFO - Setting next_dagrun for example_weekday_branch_operator to 2022-06-13T00:00:00+00:00, run_after=2022-06-14T00:00:00+00:00
[2022-06-14 18:58:20,347] {processor.py:161} INFO - Processing /usr/local/lib/python3.10/dist-packages/airflow/example_dags/example_branch_day_of_week_operator.py took 0.062 seconds
[2022-06-14 18:58:59,439] {processor.py:153} INFO - Started process (PID=9193) to work on /usr/local/lib/python3.10/dist-packages/airflow/example_dags/example_branch_day_of_week_operator.py
[2022-06-14 18:58:59,440] {processor.py:641} INFO - Processing file /usr/local/lib/python3.10/dist-packages/airflow/example_dags/example_branch_day_of_week_operator.py for tasks to queue
[2022-06-14 18:58:59,440] {logging_mixin.py:115} INFO - [2022-06-14 18:58:59,440] {dagbag.py:507} INFO - Filling up the DagBag from /usr/local/lib/python3.10/dist-packages/airflow/example_dags/example_branch_day_of_week_operator.py
[2022-06-14 18:58:59,448] {processor.py:651} INFO - DAG(s) dict_keys(['example_weekday_branch_operator']) retrieved from /usr/local/lib/python3.10/dist-packages/airflow/example_dags/example_branch_day_of_week_operator.py
[2022-06-14 18:58:59,463] {logging_mixin.py:115} INFO - [2022-06-14 18:58:59,463] {dag.py:2371} INFO - Sync 1 DAGs
[2022-06-14 18:58:59,483] {logging_mixin.py:115} INFO - [2022-06-14 18:58:59,482] {dag.py:2915} INFO - Setting next_dagrun for example_weekday_branch_operator to 2022-06-13T00:00:00+00:00, run_after=2022-06-14T00:00:00+00:00
[2022-06-14 18:58:59,501] {processor.py:161} INFO - Processing /usr/local/lib/python3.10/dist-packages/airflow/example_dags/example_branch_day_of_week_operator.py took 0.064 seconds
[2022-06-14 18:59:42,185] {processor.py:153} INFO - Started process (PID=9249) to work on /usr/local/lib/python3.10/dist-packages/airflow/example_dags/example_branch_day_of_week_operator.py
[2022-06-14 18:59:42,186] {processor.py:641} INFO - Processing file /usr/local/lib/python3.10/dist-packages/airflow/example_dags/example_branch_day_of_week_operator.py for tasks to queue
[2022-06-14 18:59:42,186] {logging_mixin.py:115} INFO - [2022-06-14 18:59:42,186] {dagbag.py:507} INFO - Filling up the DagBag from /usr/local/lib/python3.10/dist-packages/airflow/example_dags/example_branch_day_of_week_operator.py
[2022-06-14 18:59:42,193] {processor.py:651} INFO - DAG(s) dict_keys(['example_weekday_branch_operator']) retrieved from /usr/local/lib/python3.10/dist-packages/airflow/example_dags/example_branch_day_of_week_operator.py
[2022-06-14 18:59:42,208] {logging_mixin.py:115} INFO - [2022-06-14 18:59:42,208] {dag.py:2371} INFO - Sync 1 DAGs
[2022-06-14 18:59:42,227] {logging_mixin.py:115} INFO - [2022-06-14 18:59:42,227] {dag.py:2915} INFO - Setting next_dagrun for example_weekday_branch_operator to 2022-06-13T00:00:00+00:00, run_after=2022-06-14T00:00:00+00:00
[2022-06-14 18:59:42,245] {processor.py:161} INFO - Processing /usr/local/lib/python3.10/dist-packages/airflow/example_dags/example_branch_day_of_week_operator.py took 0.062 seconds
[2022-06-14 19:00:25,120] {processor.py:153} INFO - Started process (PID=9331) to work on /usr/local/lib/python3.10/dist-packages/airflow/example_dags/example_branch_day_of_week_operator.py
[2022-06-14 19:00:25,121] {processor.py:641} INFO - Processing file /usr/local/lib/python3.10/dist-packages/airflow/example_dags/example_branch_day_of_week_operator.py for tasks to queue
[2022-06-14 19:00:25,121] {logging_mixin.py:115} INFO - [2022-06-14 19:00:25,121] {dagbag.py:507} INFO - Filling up the DagBag from /usr/local/lib/python3.10/dist-packages/airflow/example_dags/example_branch_day_of_week_operator.py
[2022-06-14 19:00:25,128] {processor.py:651} INFO - DAG(s) dict_keys(['example_weekday_branch_operator']) retrieved from /usr/local/lib/python3.10/dist-packages/airflow/example_dags/example_branch_day_of_week_operator.py
[2022-06-14 19:00:25,144] {logging_mixin.py:115} INFO - [2022-06-14 19:00:25,144] {dag.py:2371} INFO - Sync 1 DAGs
[2022-06-14 19:00:25,163] {logging_mixin.py:115} INFO - [2022-06-14 19:00:25,163] {dag.py:2915} INFO - Setting next_dagrun for example_weekday_branch_operator to 2022-06-13T00:00:00+00:00, run_after=2022-06-14T00:00:00+00:00
[2022-06-14 19:00:25,182] {processor.py:161} INFO - Processing /usr/local/lib/python3.10/dist-packages/airflow/example_dags/example_branch_day_of_week_operator.py took 0.064 seconds
[2022-06-14 19:01:09,792] {processor.py:153} INFO - Started process (PID=9392) to work on /usr/local/lib/python3.10/dist-packages/airflow/example_dags/example_branch_day_of_week_operator.py
[2022-06-14 19:01:09,792] {processor.py:641} INFO - Processing file /usr/local/lib/python3.10/dist-packages/airflow/example_dags/example_branch_day_of_week_operator.py for tasks to queue
[2022-06-14 19:01:09,793] {logging_mixin.py:115} INFO - [2022-06-14 19:01:09,793] {dagbag.py:507} INFO - Filling up the DagBag from /usr/local/lib/python3.10/dist-packages/airflow/example_dags/example_branch_day_of_week_operator.py
[2022-06-14 19:01:09,801] {processor.py:651} INFO - DAG(s) dict_keys(['example_weekday_branch_operator']) retrieved from /usr/local/lib/python3.10/dist-packages/airflow/example_dags/example_branch_day_of_week_operator.py
[2022-06-14 19:01:09,816] {logging_mixin.py:115} INFO - [2022-06-14 19:01:09,816] {dag.py:2371} INFO - Sync 1 DAGs
[2022-06-14 19:01:09,835] {logging_mixin.py:115} INFO - [2022-06-14 19:01:09,835] {dag.py:2915} INFO - Setting next_dagrun for example_weekday_branch_operator to 2022-06-13T00:00:00+00:00, run_after=2022-06-14T00:00:00+00:00
[2022-06-14 19:01:09,854] {processor.py:161} INFO - Processing /usr/local/lib/python3.10/dist-packages/airflow/example_dags/example_branch_day_of_week_operator.py took 0.065 seconds
[2022-06-14 19:01:47,619] {processor.py:153} INFO - Started process (PID=9444) to work on /usr/local/lib/python3.10/dist-packages/airflow/example_dags/example_branch_day_of_week_operator.py
[2022-06-14 19:01:47,620] {processor.py:641} INFO - Processing file /usr/local/lib/python3.10/dist-packages/airflow/example_dags/example_branch_day_of_week_operator.py for tasks to queue
[2022-06-14 19:01:47,620] {logging_mixin.py:115} INFO - [2022-06-14 19:01:47,620] {dagbag.py:507} INFO - Filling up the DagBag from /usr/local/lib/python3.10/dist-packages/airflow/example_dags/example_branch_day_of_week_operator.py
[2022-06-14 19:01:47,628] {processor.py:651} INFO - DAG(s) dict_keys(['example_weekday_branch_operator']) retrieved from /usr/local/lib/python3.10/dist-packages/airflow/example_dags/example_branch_day_of_week_operator.py
[2022-06-14 19:01:47,643] {logging_mixin.py:115} INFO - [2022-06-14 19:01:47,643] {dag.py:2371} INFO - Sync 1 DAGs
[2022-06-14 19:01:47,662] {logging_mixin.py:115} INFO - [2022-06-14 19:01:47,662] {dag.py:2915} INFO - Setting next_dagrun for example_weekday_branch_operator to 2022-06-13T00:00:00+00:00, run_after=2022-06-14T00:00:00+00:00
[2022-06-14 19:01:47,680] {processor.py:161} INFO - Processing /usr/local/lib/python3.10/dist-packages/airflow/example_dags/example_branch_day_of_week_operator.py took 0.063 seconds
[2022-06-14 19:02:27,695] {processor.py:153} INFO - Started process (PID=9498) to work on /usr/local/lib/python3.10/dist-packages/airflow/example_dags/example_branch_day_of_week_operator.py
[2022-06-14 19:02:27,696] {processor.py:641} INFO - Processing file /usr/local/lib/python3.10/dist-packages/airflow/example_dags/example_branch_day_of_week_operator.py for tasks to queue
[2022-06-14 19:02:27,696] {logging_mixin.py:115} INFO - [2022-06-14 19:02:27,696] {dagbag.py:507} INFO - Filling up the DagBag from /usr/local/lib/python3.10/dist-packages/airflow/example_dags/example_branch_day_of_week_operator.py
[2022-06-14 19:02:27,703] {processor.py:651} INFO - DAG(s) dict_keys(['example_weekday_branch_operator']) retrieved from /usr/local/lib/python3.10/dist-packages/airflow/example_dags/example_branch_day_of_week_operator.py
[2022-06-14 19:02:27,719] {logging_mixin.py:115} INFO - [2022-06-14 19:02:27,719] {dag.py:2371} INFO - Sync 1 DAGs
[2022-06-14 19:02:27,738] {logging_mixin.py:115} INFO - [2022-06-14 19:02:27,738] {dag.py:2915} INFO - Setting next_dagrun for example_weekday_branch_operator to 2022-06-13T00:00:00+00:00, run_after=2022-06-14T00:00:00+00:00
[2022-06-14 19:02:27,756] {processor.py:161} INFO - Processing /usr/local/lib/python3.10/dist-packages/airflow/example_dags/example_branch_day_of_week_operator.py took 0.064 seconds
[2022-06-14 19:03:10,190] {processor.py:153} INFO - Started process (PID=9595) to work on /usr/local/lib/python3.10/dist-packages/airflow/example_dags/example_branch_day_of_week_operator.py
[2022-06-14 19:03:10,190] {processor.py:641} INFO - Processing file /usr/local/lib/python3.10/dist-packages/airflow/example_dags/example_branch_day_of_week_operator.py for tasks to queue
[2022-06-14 19:03:10,191] {logging_mixin.py:115} INFO - [2022-06-14 19:03:10,191] {dagbag.py:507} INFO - Filling up the DagBag from /usr/local/lib/python3.10/dist-packages/airflow/example_dags/example_branch_day_of_week_operator.py
[2022-06-14 19:03:10,199] {processor.py:651} INFO - DAG(s) dict_keys(['example_weekday_branch_operator']) retrieved from /usr/local/lib/python3.10/dist-packages/airflow/example_dags/example_branch_day_of_week_operator.py
[2022-06-14 19:03:10,212] {logging_mixin.py:115} INFO - [2022-06-14 19:03:10,212] {dag.py:2371} INFO - Sync 1 DAGs
[2022-06-14 19:03:10,230] {logging_mixin.py:115} INFO - [2022-06-14 19:03:10,230] {dag.py:2915} INFO - Setting next_dagrun for example_weekday_branch_operator to 2022-06-13T00:00:00+00:00, run_after=2022-06-14T00:00:00+00:00
[2022-06-14 19:03:10,248] {processor.py:161} INFO - Processing /usr/local/lib/python3.10/dist-packages/airflow/example_dags/example_branch_day_of_week_operator.py took 0.061 seconds
[2022-06-14 19:03:53,082] {processor.py:153} INFO - Started process (PID=9651) to work on /usr/local/lib/python3.10/dist-packages/airflow/example_dags/example_branch_day_of_week_operator.py
[2022-06-14 19:03:53,082] {processor.py:641} INFO - Processing file /usr/local/lib/python3.10/dist-packages/airflow/example_dags/example_branch_day_of_week_operator.py for tasks to queue
[2022-06-14 19:03:53,083] {logging_mixin.py:115} INFO - [2022-06-14 19:03:53,083] {dagbag.py:507} INFO - Filling up the DagBag from /usr/local/lib/python3.10/dist-packages/airflow/example_dags/example_branch_day_of_week_operator.py
[2022-06-14 19:03:53,090] {processor.py:651} INFO - DAG(s) dict_keys(['example_weekday_branch_operator']) retrieved from /usr/local/lib/python3.10/dist-packages/airflow/example_dags/example_branch_day_of_week_operator.py
[2022-06-14 19:03:53,105] {logging_mixin.py:115} INFO - [2022-06-14 19:03:53,105] {dag.py:2371} INFO - Sync 1 DAGs
[2022-06-14 19:03:53,123] {logging_mixin.py:115} INFO - [2022-06-14 19:03:53,123] {dag.py:2915} INFO - Setting next_dagrun for example_weekday_branch_operator to 2022-06-13T00:00:00+00:00, run_after=2022-06-14T00:00:00+00:00
[2022-06-14 19:03:53,141] {processor.py:161} INFO - Processing /usr/local/lib/python3.10/dist-packages/airflow/example_dags/example_branch_day_of_week_operator.py took 0.062 seconds
[2022-06-14 19:04:33,522] {processor.py:153} INFO - Started process (PID=9708) to work on /usr/local/lib/python3.10/dist-packages/airflow/example_dags/example_branch_day_of_week_operator.py
[2022-06-14 19:04:33,523] {processor.py:641} INFO - Processing file /usr/local/lib/python3.10/dist-packages/airflow/example_dags/example_branch_day_of_week_operator.py for tasks to queue
[2022-06-14 19:04:33,523] {logging_mixin.py:115} INFO - [2022-06-14 19:04:33,523] {dagbag.py:507} INFO - Filling up the DagBag from /usr/local/lib/python3.10/dist-packages/airflow/example_dags/example_branch_day_of_week_operator.py
[2022-06-14 19:04:33,531] {processor.py:651} INFO - DAG(s) dict_keys(['example_weekday_branch_operator']) retrieved from /usr/local/lib/python3.10/dist-packages/airflow/example_dags/example_branch_day_of_week_operator.py
[2022-06-14 19:04:33,545] {logging_mixin.py:115} INFO - [2022-06-14 19:04:33,545] {dag.py:2371} INFO - Sync 1 DAGs
[2022-06-14 19:04:33,564] {logging_mixin.py:115} INFO - [2022-06-14 19:04:33,564] {dag.py:2915} INFO - Setting next_dagrun for example_weekday_branch_operator to 2022-06-13T00:00:00+00:00, run_after=2022-06-14T00:00:00+00:00
[2022-06-14 19:04:33,582] {processor.py:161} INFO - Processing /usr/local/lib/python3.10/dist-packages/airflow/example_dags/example_branch_day_of_week_operator.py took 0.062 seconds
[2022-06-14 19:05:18,960] {processor.py:153} INFO - Started process (PID=9769) to work on /usr/local/lib/python3.10/dist-packages/airflow/example_dags/example_branch_day_of_week_operator.py
[2022-06-14 19:05:18,961] {processor.py:641} INFO - Processing file /usr/local/lib/python3.10/dist-packages/airflow/example_dags/example_branch_day_of_week_operator.py for tasks to queue
[2022-06-14 19:05:18,961] {logging_mixin.py:115} INFO - [2022-06-14 19:05:18,961] {dagbag.py:507} INFO - Filling up the DagBag from /usr/local/lib/python3.10/dist-packages/airflow/example_dags/example_branch_day_of_week_operator.py
[2022-06-14 19:05:18,968] {processor.py:651} INFO - DAG(s) dict_keys(['example_weekday_branch_operator']) retrieved from /usr/local/lib/python3.10/dist-packages/airflow/example_dags/example_branch_day_of_week_operator.py
[2022-06-14 19:05:18,982] {logging_mixin.py:115} INFO - [2022-06-14 19:05:18,982] {dag.py:2371} INFO - Sync 1 DAGs
[2022-06-14 19:05:19,001] {logging_mixin.py:115} INFO - [2022-06-14 19:05:19,001] {dag.py:2915} INFO - Setting next_dagrun for example_weekday_branch_operator to 2022-06-13T00:00:00+00:00, run_after=2022-06-14T00:00:00+00:00
[2022-06-14 19:05:19,018] {processor.py:161} INFO - Processing /usr/local/lib/python3.10/dist-packages/airflow/example_dags/example_branch_day_of_week_operator.py took 0.061 seconds
[2022-06-14 19:06:03,830] {processor.py:153} INFO - Started process (PID=9835) to work on /usr/local/lib/python3.10/dist-packages/airflow/example_dags/example_branch_day_of_week_operator.py
[2022-06-14 19:06:03,831] {processor.py:641} INFO - Processing file /usr/local/lib/python3.10/dist-packages/airflow/example_dags/example_branch_day_of_week_operator.py for tasks to queue
[2022-06-14 19:06:03,831] {logging_mixin.py:115} INFO - [2022-06-14 19:06:03,831] {dagbag.py:507} INFO - Filling up the DagBag from /usr/local/lib/python3.10/dist-packages/airflow/example_dags/example_branch_day_of_week_operator.py
[2022-06-14 19:06:03,839] {processor.py:651} INFO - DAG(s) dict_keys(['example_weekday_branch_operator']) retrieved from /usr/local/lib/python3.10/dist-packages/airflow/example_dags/example_branch_day_of_week_operator.py
[2022-06-14 19:06:03,853] {logging_mixin.py:115} INFO - [2022-06-14 19:06:03,853] {dag.py:2371} INFO - Sync 1 DAGs
[2022-06-14 19:06:03,872] {logging_mixin.py:115} INFO - [2022-06-14 19:06:03,872] {dag.py:2915} INFO - Setting next_dagrun for example_weekday_branch_operator to 2022-06-13T00:00:00+00:00, run_after=2022-06-14T00:00:00+00:00
[2022-06-14 19:06:03,889] {processor.py:161} INFO - Processing /usr/local/lib/python3.10/dist-packages/airflow/example_dags/example_branch_day_of_week_operator.py took 0.062 seconds
[2022-06-14 19:06:45,219] {processor.py:153} INFO - Started process (PID=9888) to work on /usr/local/lib/python3.10/dist-packages/airflow/example_dags/example_branch_day_of_week_operator.py
[2022-06-14 19:06:45,220] {processor.py:641} INFO - Processing file /usr/local/lib/python3.10/dist-packages/airflow/example_dags/example_branch_day_of_week_operator.py for tasks to queue
[2022-06-14 19:06:45,220] {logging_mixin.py:115} INFO - [2022-06-14 19:06:45,220] {dagbag.py:507} INFO - Filling up the DagBag from /usr/local/lib/python3.10/dist-packages/airflow/example_dags/example_branch_day_of_week_operator.py
[2022-06-14 19:06:45,228] {processor.py:651} INFO - DAG(s) dict_keys(['example_weekday_branch_operator']) retrieved from /usr/local/lib/python3.10/dist-packages/airflow/example_dags/example_branch_day_of_week_operator.py
[2022-06-14 19:06:45,243] {logging_mixin.py:115} INFO - [2022-06-14 19:06:45,243] {dag.py:2371} INFO - Sync 1 DAGs
[2022-06-14 19:06:45,262] {logging_mixin.py:115} INFO - [2022-06-14 19:06:45,262] {dag.py:2915} INFO - Setting next_dagrun for example_weekday_branch_operator to 2022-06-13T00:00:00+00:00, run_after=2022-06-14T00:00:00+00:00
[2022-06-14 19:06:45,280] {processor.py:161} INFO - Processing /usr/local/lib/python3.10/dist-packages/airflow/example_dags/example_branch_day_of_week_operator.py took 0.064 seconds
[2022-06-14 19:07:23,804] {processor.py:153} INFO - Started process (PID=9947) to work on /usr/local/lib/python3.10/dist-packages/airflow/example_dags/example_branch_day_of_week_operator.py
[2022-06-14 19:07:23,804] {processor.py:641} INFO - Processing file /usr/local/lib/python3.10/dist-packages/airflow/example_dags/example_branch_day_of_week_operator.py for tasks to queue
[2022-06-14 19:07:23,805] {logging_mixin.py:115} INFO - [2022-06-14 19:07:23,805] {dagbag.py:507} INFO - Filling up the DagBag from /usr/local/lib/python3.10/dist-packages/airflow/example_dags/example_branch_day_of_week_operator.py
[2022-06-14 19:07:23,812] {processor.py:651} INFO - DAG(s) dict_keys(['example_weekday_branch_operator']) retrieved from /usr/local/lib/python3.10/dist-packages/airflow/example_dags/example_branch_day_of_week_operator.py
[2022-06-14 19:07:23,826] {logging_mixin.py:115} INFO - [2022-06-14 19:07:23,826] {dag.py:2371} INFO - Sync 1 DAGs
[2022-06-14 19:07:23,845] {logging_mixin.py:115} INFO - [2022-06-14 19:07:23,845] {dag.py:2915} INFO - Setting next_dagrun for example_weekday_branch_operator to 2022-06-13T00:00:00+00:00, run_after=2022-06-14T00:00:00+00:00
[2022-06-14 19:07:23,863] {processor.py:161} INFO - Processing /usr/local/lib/python3.10/dist-packages/airflow/example_dags/example_branch_day_of_week_operator.py took 0.062 seconds
[2022-06-14 19:08:05,999] {processor.py:153} INFO - Started process (PID=10006) to work on /usr/local/lib/python3.10/dist-packages/airflow/example_dags/example_branch_day_of_week_operator.py
[2022-06-14 19:08:06,000] {processor.py:641} INFO - Processing file /usr/local/lib/python3.10/dist-packages/airflow/example_dags/example_branch_day_of_week_operator.py for tasks to queue
[2022-06-14 19:08:06,001] {logging_mixin.py:115} INFO - [2022-06-14 19:08:06,000] {dagbag.py:507} INFO - Filling up the DagBag from /usr/local/lib/python3.10/dist-packages/airflow/example_dags/example_branch_day_of_week_operator.py
[2022-06-14 19:08:06,008] {processor.py:651} INFO - DAG(s) dict_keys(['example_weekday_branch_operator']) retrieved from /usr/local/lib/python3.10/dist-packages/airflow/example_dags/example_branch_day_of_week_operator.py
[2022-06-14 19:08:06,022] {logging_mixin.py:115} INFO - [2022-06-14 19:08:06,022] {dag.py:2371} INFO - Sync 1 DAGs
[2022-06-14 19:08:06,040] {logging_mixin.py:115} INFO - [2022-06-14 19:08:06,040] {dag.py:2915} INFO - Setting next_dagrun for example_weekday_branch_operator to 2022-06-13T00:00:00+00:00, run_after=2022-06-14T00:00:00+00:00
[2022-06-14 19:08:06,057] {processor.py:161} INFO - Processing /usr/local/lib/python3.10/dist-packages/airflow/example_dags/example_branch_day_of_week_operator.py took 0.060 seconds
[2022-06-14 19:08:45,264] {processor.py:153} INFO - Started process (PID=10059) to work on /usr/local/lib/python3.10/dist-packages/airflow/example_dags/example_branch_day_of_week_operator.py
[2022-06-14 19:08:45,264] {processor.py:641} INFO - Processing file /usr/local/lib/python3.10/dist-packages/airflow/example_dags/example_branch_day_of_week_operator.py for tasks to queue
[2022-06-14 19:08:45,265] {logging_mixin.py:115} INFO - [2022-06-14 19:08:45,265] {dagbag.py:507} INFO - Filling up the DagBag from /usr/local/lib/python3.10/dist-packages/airflow/example_dags/example_branch_day_of_week_operator.py
[2022-06-14 19:08:45,272] {processor.py:651} INFO - DAG(s) dict_keys(['example_weekday_branch_operator']) retrieved from /usr/local/lib/python3.10/dist-packages/airflow/example_dags/example_branch_day_of_week_operator.py
[2022-06-14 19:08:45,286] {logging_mixin.py:115} INFO - [2022-06-14 19:08:45,286] {dag.py:2371} INFO - Sync 1 DAGs
[2022-06-14 19:08:45,305] {logging_mixin.py:115} INFO - [2022-06-14 19:08:45,305] {dag.py:2915} INFO - Setting next_dagrun for example_weekday_branch_operator to 2022-06-13T00:00:00+00:00, run_after=2022-06-14T00:00:00+00:00
[2022-06-14 19:08:45,323] {processor.py:161} INFO - Processing /usr/local/lib/python3.10/dist-packages/airflow/example_dags/example_branch_day_of_week_operator.py took 0.061 seconds
[2022-06-14 19:09:28,389] {processor.py:153} INFO - Started process (PID=10121) to work on /usr/local/lib/python3.10/dist-packages/airflow/example_dags/example_branch_day_of_week_operator.py
[2022-06-14 19:09:28,390] {processor.py:641} INFO - Processing file /usr/local/lib/python3.10/dist-packages/airflow/example_dags/example_branch_day_of_week_operator.py for tasks to queue
[2022-06-14 19:09:28,390] {logging_mixin.py:115} INFO - [2022-06-14 19:09:28,390] {dagbag.py:507} INFO - Filling up the DagBag from /usr/local/lib/python3.10/dist-packages/airflow/example_dags/example_branch_day_of_week_operator.py
[2022-06-14 19:09:28,398] {processor.py:651} INFO - DAG(s) dict_keys(['example_weekday_branch_operator']) retrieved from /usr/local/lib/python3.10/dist-packages/airflow/example_dags/example_branch_day_of_week_operator.py
[2022-06-14 19:09:28,411] {logging_mixin.py:115} INFO - [2022-06-14 19:09:28,411] {dag.py:2371} INFO - Sync 1 DAGs
[2022-06-14 19:09:28,430] {logging_mixin.py:115} INFO - [2022-06-14 19:09:28,429] {dag.py:2915} INFO - Setting next_dagrun for example_weekday_branch_operator to 2022-06-13T00:00:00+00:00, run_after=2022-06-14T00:00:00+00:00
[2022-06-14 19:09:28,447] {processor.py:161} INFO - Processing /usr/local/lib/python3.10/dist-packages/airflow/example_dags/example_branch_day_of_week_operator.py took 0.061 seconds
[2022-06-14 19:10:12,891] {processor.py:153} INFO - Started process (PID=10201) to work on /usr/local/lib/python3.10/dist-packages/airflow/example_dags/example_branch_day_of_week_operator.py
[2022-06-14 19:10:12,892] {processor.py:641} INFO - Processing file /usr/local/lib/python3.10/dist-packages/airflow/example_dags/example_branch_day_of_week_operator.py for tasks to queue
[2022-06-14 19:10:12,893] {logging_mixin.py:115} INFO - [2022-06-14 19:10:12,893] {dagbag.py:507} INFO - Filling up the DagBag from /usr/local/lib/python3.10/dist-packages/airflow/example_dags/example_branch_day_of_week_operator.py
[2022-06-14 19:10:12,900] {processor.py:651} INFO - DAG(s) dict_keys(['example_weekday_branch_operator']) retrieved from /usr/local/lib/python3.10/dist-packages/airflow/example_dags/example_branch_day_of_week_operator.py
[2022-06-14 19:10:12,915] {logging_mixin.py:115} INFO - [2022-06-14 19:10:12,915] {dag.py:2371} INFO - Sync 1 DAGs
[2022-06-14 19:10:12,934] {logging_mixin.py:115} INFO - [2022-06-14 19:10:12,934] {dag.py:2915} INFO - Setting next_dagrun for example_weekday_branch_operator to 2022-06-13T00:00:00+00:00, run_after=2022-06-14T00:00:00+00:00
[2022-06-14 19:10:12,952] {processor.py:161} INFO - Processing /usr/local/lib/python3.10/dist-packages/airflow/example_dags/example_branch_day_of_week_operator.py took 0.063 seconds
