[2022-06-14 18:33:48,950] {processor.py:153} INFO - Started process (PID=6638) to work on /usr/local/lib/python3.10/dist-packages/airflow/example_dags/example_skip_dag.py
[2022-06-14 18:33:48,951] {processor.py:641} INFO - Processing file /usr/local/lib/python3.10/dist-packages/airflow/example_dags/example_skip_dag.py for tasks to queue
[2022-06-14 18:33:48,951] {logging_mixin.py:115} INFO - [2022-06-14 18:33:48,951] {dagbag.py:507} INFO - Filling up the DagBag from /usr/local/lib/python3.10/dist-packages/airflow/example_dags/example_skip_dag.py
[2022-06-14 18:33:48,956] {processor.py:651} INFO - DAG(s) dict_keys(['example_skip_dag']) retrieved from /usr/local/lib/python3.10/dist-packages/airflow/example_dags/example_skip_dag.py
[2022-06-14 18:33:48,972] {logging_mixin.py:115} INFO - [2022-06-14 18:33:48,972] {dag.py:2371} INFO - Sync 1 DAGs
[2022-06-14 18:33:48,989] {logging_mixin.py:115} INFO - [2022-06-14 18:33:48,989] {dag.py:2915} INFO - Setting next_dagrun for example_skip_dag to 2022-06-13T13:03:48.989460+00:00, run_after=2022-06-14T13:03:48.989460+00:00
[2022-06-14 18:33:49,010] {processor.py:161} INFO - Processing /usr/local/lib/python3.10/dist-packages/airflow/example_dags/example_skip_dag.py took 0.062 seconds
[2022-06-14 18:34:23,868] {processor.py:153} INFO - Started process (PID=6696) to work on /usr/local/lib/python3.10/dist-packages/airflow/example_dags/example_skip_dag.py
[2022-06-14 18:34:23,869] {processor.py:641} INFO - Processing file /usr/local/lib/python3.10/dist-packages/airflow/example_dags/example_skip_dag.py for tasks to queue
[2022-06-14 18:34:23,869] {logging_mixin.py:115} INFO - [2022-06-14 18:34:23,869] {dagbag.py:507} INFO - Filling up the DagBag from /usr/local/lib/python3.10/dist-packages/airflow/example_dags/example_skip_dag.py
[2022-06-14 18:34:23,875] {processor.py:651} INFO - DAG(s) dict_keys(['example_skip_dag']) retrieved from /usr/local/lib/python3.10/dist-packages/airflow/example_dags/example_skip_dag.py
[2022-06-14 18:34:23,893] {logging_mixin.py:115} INFO - [2022-06-14 18:34:23,893] {dag.py:2371} INFO - Sync 1 DAGs
[2022-06-14 18:34:23,912] {logging_mixin.py:115} INFO - [2022-06-14 18:34:23,912] {dag.py:2915} INFO - Setting next_dagrun for example_skip_dag to 2022-06-13T13:04:23.912057+00:00, run_after=2022-06-14T13:04:23.912057+00:00
[2022-06-14 18:34:23,932] {processor.py:161} INFO - Processing /usr/local/lib/python3.10/dist-packages/airflow/example_dags/example_skip_dag.py took 0.066 seconds
[2022-06-14 18:34:58,864] {processor.py:153} INFO - Started process (PID=6758) to work on /usr/local/lib/python3.10/dist-packages/airflow/example_dags/example_skip_dag.py
[2022-06-14 18:34:58,866] {processor.py:641} INFO - Processing file /usr/local/lib/python3.10/dist-packages/airflow/example_dags/example_skip_dag.py for tasks to queue
[2022-06-14 18:34:58,866] {logging_mixin.py:115} INFO - [2022-06-14 18:34:58,866] {dagbag.py:507} INFO - Filling up the DagBag from /usr/local/lib/python3.10/dist-packages/airflow/example_dags/example_skip_dag.py
[2022-06-14 18:34:58,871] {processor.py:651} INFO - DAG(s) dict_keys(['example_skip_dag']) retrieved from /usr/local/lib/python3.10/dist-packages/airflow/example_dags/example_skip_dag.py
[2022-06-14 18:34:58,888] {logging_mixin.py:115} INFO - [2022-06-14 18:34:58,887] {dag.py:2371} INFO - Sync 1 DAGs
[2022-06-14 18:34:58,905] {logging_mixin.py:115} INFO - [2022-06-14 18:34:58,905] {dag.py:2915} INFO - Setting next_dagrun for example_skip_dag to 2022-06-13T13:04:58.904902+00:00, run_after=2022-06-14T13:04:58.904902+00:00
[2022-06-14 18:34:58,948] {processor.py:161} INFO - Processing /usr/local/lib/python3.10/dist-packages/airflow/example_dags/example_skip_dag.py took 0.086 seconds
[2022-06-14 18:35:32,628] {processor.py:153} INFO - Started process (PID=6804) to work on /usr/local/lib/python3.10/dist-packages/airflow/example_dags/example_skip_dag.py
[2022-06-14 18:35:32,628] {processor.py:641} INFO - Processing file /usr/local/lib/python3.10/dist-packages/airflow/example_dags/example_skip_dag.py for tasks to queue
[2022-06-14 18:35:32,629] {logging_mixin.py:115} INFO - [2022-06-14 18:35:32,629] {dagbag.py:507} INFO - Filling up the DagBag from /usr/local/lib/python3.10/dist-packages/airflow/example_dags/example_skip_dag.py
[2022-06-14 18:35:32,634] {processor.py:651} INFO - DAG(s) dict_keys(['example_skip_dag']) retrieved from /usr/local/lib/python3.10/dist-packages/airflow/example_dags/example_skip_dag.py
[2022-06-14 18:35:32,650] {logging_mixin.py:115} INFO - [2022-06-14 18:35:32,650] {dag.py:2371} INFO - Sync 1 DAGs
[2022-06-14 18:35:32,668] {logging_mixin.py:115} INFO - [2022-06-14 18:35:32,668] {dag.py:2915} INFO - Setting next_dagrun for example_skip_dag to 2022-06-13T13:05:32.668267+00:00, run_after=2022-06-14T13:05:32.668267+00:00
[2022-06-14 18:35:32,688] {processor.py:161} INFO - Processing /usr/local/lib/python3.10/dist-packages/airflow/example_dags/example_skip_dag.py took 0.063 seconds
[2022-06-14 18:36:08,131] {processor.py:153} INFO - Started process (PID=6857) to work on /usr/local/lib/python3.10/dist-packages/airflow/example_dags/example_skip_dag.py
[2022-06-14 18:36:08,133] {processor.py:641} INFO - Processing file /usr/local/lib/python3.10/dist-packages/airflow/example_dags/example_skip_dag.py for tasks to queue
[2022-06-14 18:36:08,134] {logging_mixin.py:115} INFO - [2022-06-14 18:36:08,134] {dagbag.py:507} INFO - Filling up the DagBag from /usr/local/lib/python3.10/dist-packages/airflow/example_dags/example_skip_dag.py
[2022-06-14 18:36:08,138] {processor.py:651} INFO - DAG(s) dict_keys(['example_skip_dag']) retrieved from /usr/local/lib/python3.10/dist-packages/airflow/example_dags/example_skip_dag.py
[2022-06-14 18:36:08,154] {logging_mixin.py:115} INFO - [2022-06-14 18:36:08,154] {dag.py:2371} INFO - Sync 1 DAGs
[2022-06-14 18:36:08,171] {logging_mixin.py:115} INFO - [2022-06-14 18:36:08,171] {dag.py:2915} INFO - Setting next_dagrun for example_skip_dag to 2022-06-13T13:06:08.171481+00:00, run_after=2022-06-14T13:06:08.171481+00:00
[2022-06-14 18:36:08,191] {processor.py:161} INFO - Processing /usr/local/lib/python3.10/dist-packages/airflow/example_dags/example_skip_dag.py took 0.062 seconds
[2022-06-14 18:36:44,840] {processor.py:153} INFO - Started process (PID=6904) to work on /usr/local/lib/python3.10/dist-packages/airflow/example_dags/example_skip_dag.py
[2022-06-14 18:36:44,841] {processor.py:641} INFO - Processing file /usr/local/lib/python3.10/dist-packages/airflow/example_dags/example_skip_dag.py for tasks to queue
[2022-06-14 18:36:44,841] {logging_mixin.py:115} INFO - [2022-06-14 18:36:44,841] {dagbag.py:507} INFO - Filling up the DagBag from /usr/local/lib/python3.10/dist-packages/airflow/example_dags/example_skip_dag.py
[2022-06-14 18:36:44,846] {processor.py:651} INFO - DAG(s) dict_keys(['example_skip_dag']) retrieved from /usr/local/lib/python3.10/dist-packages/airflow/example_dags/example_skip_dag.py
[2022-06-14 18:36:44,865] {logging_mixin.py:115} INFO - [2022-06-14 18:36:44,865] {dag.py:2371} INFO - Sync 1 DAGs
[2022-06-14 18:36:44,884] {logging_mixin.py:115} INFO - [2022-06-14 18:36:44,884] {dag.py:2915} INFO - Setting next_dagrun for example_skip_dag to 2022-06-13T13:06:44.884174+00:00, run_after=2022-06-14T13:06:44.884174+00:00
[2022-06-14 18:36:44,903] {processor.py:161} INFO - Processing /usr/local/lib/python3.10/dist-packages/airflow/example_dags/example_skip_dag.py took 0.066 seconds
[2022-06-14 18:37:20,324] {processor.py:153} INFO - Started process (PID=6956) to work on /usr/local/lib/python3.10/dist-packages/airflow/example_dags/example_skip_dag.py
[2022-06-14 18:37:20,325] {processor.py:641} INFO - Processing file /usr/local/lib/python3.10/dist-packages/airflow/example_dags/example_skip_dag.py for tasks to queue
[2022-06-14 18:37:20,325] {logging_mixin.py:115} INFO - [2022-06-14 18:37:20,325] {dagbag.py:507} INFO - Filling up the DagBag from /usr/local/lib/python3.10/dist-packages/airflow/example_dags/example_skip_dag.py
[2022-06-14 18:37:20,330] {processor.py:651} INFO - DAG(s) dict_keys(['example_skip_dag']) retrieved from /usr/local/lib/python3.10/dist-packages/airflow/example_dags/example_skip_dag.py
[2022-06-14 18:37:20,345] {logging_mixin.py:115} INFO - [2022-06-14 18:37:20,345] {dag.py:2371} INFO - Sync 1 DAGs
[2022-06-14 18:37:20,362] {logging_mixin.py:115} INFO - [2022-06-14 18:37:20,362] {dag.py:2915} INFO - Setting next_dagrun for example_skip_dag to 2022-06-13T13:07:20.361964+00:00, run_after=2022-06-14T13:07:20.361964+00:00
[2022-06-14 18:37:20,380] {processor.py:161} INFO - Processing /usr/local/lib/python3.10/dist-packages/airflow/example_dags/example_skip_dag.py took 0.059 seconds
[2022-06-14 18:37:54,673] {processor.py:153} INFO - Started process (PID=7003) to work on /usr/local/lib/python3.10/dist-packages/airflow/example_dags/example_skip_dag.py
[2022-06-14 18:37:54,673] {processor.py:641} INFO - Processing file /usr/local/lib/python3.10/dist-packages/airflow/example_dags/example_skip_dag.py for tasks to queue
[2022-06-14 18:37:54,674] {logging_mixin.py:115} INFO - [2022-06-14 18:37:54,674] {dagbag.py:507} INFO - Filling up the DagBag from /usr/local/lib/python3.10/dist-packages/airflow/example_dags/example_skip_dag.py
[2022-06-14 18:37:54,679] {processor.py:651} INFO - DAG(s) dict_keys(['example_skip_dag']) retrieved from /usr/local/lib/python3.10/dist-packages/airflow/example_dags/example_skip_dag.py
[2022-06-14 18:37:54,694] {logging_mixin.py:115} INFO - [2022-06-14 18:37:54,694] {dag.py:2371} INFO - Sync 1 DAGs
[2022-06-14 18:37:54,712] {logging_mixin.py:115} INFO - [2022-06-14 18:37:54,711] {dag.py:2915} INFO - Setting next_dagrun for example_skip_dag to 2022-06-13T13:07:54.711678+00:00, run_after=2022-06-14T13:07:54.711678+00:00
[2022-06-14 18:37:54,732] {processor.py:161} INFO - Processing /usr/local/lib/python3.10/dist-packages/airflow/example_dags/example_skip_dag.py took 0.061 seconds
[2022-06-14 18:38:30,082] {processor.py:153} INFO - Started process (PID=7053) to work on /usr/local/lib/python3.10/dist-packages/airflow/example_dags/example_skip_dag.py
[2022-06-14 18:38:30,083] {processor.py:641} INFO - Processing file /usr/local/lib/python3.10/dist-packages/airflow/example_dags/example_skip_dag.py for tasks to queue
[2022-06-14 18:38:30,083] {logging_mixin.py:115} INFO - [2022-06-14 18:38:30,083] {dagbag.py:507} INFO - Filling up the DagBag from /usr/local/lib/python3.10/dist-packages/airflow/example_dags/example_skip_dag.py
[2022-06-14 18:38:30,088] {processor.py:651} INFO - DAG(s) dict_keys(['example_skip_dag']) retrieved from /usr/local/lib/python3.10/dist-packages/airflow/example_dags/example_skip_dag.py
[2022-06-14 18:38:30,103] {logging_mixin.py:115} INFO - [2022-06-14 18:38:30,103] {dag.py:2371} INFO - Sync 1 DAGs
[2022-06-14 18:38:30,120] {logging_mixin.py:115} INFO - [2022-06-14 18:38:30,120] {dag.py:2915} INFO - Setting next_dagrun for example_skip_dag to 2022-06-13T13:08:30.120344+00:00, run_after=2022-06-14T13:08:30.120344+00:00
[2022-06-14 18:38:30,139] {processor.py:161} INFO - Processing /usr/local/lib/python3.10/dist-packages/airflow/example_dags/example_skip_dag.py took 0.059 seconds
[2022-06-14 18:39:03,847] {processor.py:153} INFO - Started process (PID=7104) to work on /usr/local/lib/python3.10/dist-packages/airflow/example_dags/example_skip_dag.py
[2022-06-14 18:39:03,847] {processor.py:641} INFO - Processing file /usr/local/lib/python3.10/dist-packages/airflow/example_dags/example_skip_dag.py for tasks to queue
[2022-06-14 18:39:03,848] {logging_mixin.py:115} INFO - [2022-06-14 18:39:03,847] {dagbag.py:507} INFO - Filling up the DagBag from /usr/local/lib/python3.10/dist-packages/airflow/example_dags/example_skip_dag.py
[2022-06-14 18:39:03,852] {processor.py:651} INFO - DAG(s) dict_keys(['example_skip_dag']) retrieved from /usr/local/lib/python3.10/dist-packages/airflow/example_dags/example_skip_dag.py
[2022-06-14 18:39:03,867] {logging_mixin.py:115} INFO - [2022-06-14 18:39:03,867] {dag.py:2371} INFO - Sync 1 DAGs
[2022-06-14 18:39:03,885] {logging_mixin.py:115} INFO - [2022-06-14 18:39:03,885] {dag.py:2915} INFO - Setting next_dagrun for example_skip_dag to 2022-06-13T13:09:03.885073+00:00, run_after=2022-06-14T13:09:03.885073+00:00
[2022-06-14 18:39:03,904] {processor.py:161} INFO - Processing /usr/local/lib/python3.10/dist-packages/airflow/example_dags/example_skip_dag.py took 0.060 seconds
[2022-06-14 18:39:39,965] {processor.py:153} INFO - Started process (PID=7157) to work on /usr/local/lib/python3.10/dist-packages/airflow/example_dags/example_skip_dag.py
[2022-06-14 18:39:39,965] {processor.py:641} INFO - Processing file /usr/local/lib/python3.10/dist-packages/airflow/example_dags/example_skip_dag.py for tasks to queue
[2022-06-14 18:39:39,966] {logging_mixin.py:115} INFO - [2022-06-14 18:39:39,966] {dagbag.py:507} INFO - Filling up the DagBag from /usr/local/lib/python3.10/dist-packages/airflow/example_dags/example_skip_dag.py
[2022-06-14 18:39:39,970] {processor.py:651} INFO - DAG(s) dict_keys(['example_skip_dag']) retrieved from /usr/local/lib/python3.10/dist-packages/airflow/example_dags/example_skip_dag.py
[2022-06-14 18:39:39,985] {logging_mixin.py:115} INFO - [2022-06-14 18:39:39,985] {dag.py:2371} INFO - Sync 1 DAGs
[2022-06-14 18:39:40,002] {logging_mixin.py:115} INFO - [2022-06-14 18:39:40,002] {dag.py:2915} INFO - Setting next_dagrun for example_skip_dag to 2022-06-13T13:09:40.002017+00:00, run_after=2022-06-14T13:09:40.002017+00:00
[2022-06-14 18:39:40,021] {processor.py:161} INFO - Processing /usr/local/lib/python3.10/dist-packages/airflow/example_dags/example_skip_dag.py took 0.058 seconds
[2022-06-14 18:40:15,418] {processor.py:153} INFO - Started process (PID=7212) to work on /usr/local/lib/python3.10/dist-packages/airflow/example_dags/example_skip_dag.py
[2022-06-14 18:40:15,419] {processor.py:641} INFO - Processing file /usr/local/lib/python3.10/dist-packages/airflow/example_dags/example_skip_dag.py for tasks to queue
[2022-06-14 18:40:15,419] {logging_mixin.py:115} INFO - [2022-06-14 18:40:15,419] {dagbag.py:507} INFO - Filling up the DagBag from /usr/local/lib/python3.10/dist-packages/airflow/example_dags/example_skip_dag.py
[2022-06-14 18:40:15,424] {processor.py:651} INFO - DAG(s) dict_keys(['example_skip_dag']) retrieved from /usr/local/lib/python3.10/dist-packages/airflow/example_dags/example_skip_dag.py
[2022-06-14 18:40:15,439] {logging_mixin.py:115} INFO - [2022-06-14 18:40:15,439] {dag.py:2371} INFO - Sync 1 DAGs
[2022-06-14 18:40:15,456] {logging_mixin.py:115} INFO - [2022-06-14 18:40:15,456] {dag.py:2915} INFO - Setting next_dagrun for example_skip_dag to 2022-06-13T13:10:15.456421+00:00, run_after=2022-06-14T13:10:15.456421+00:00
[2022-06-14 18:40:15,475] {processor.py:161} INFO - Processing /usr/local/lib/python3.10/dist-packages/airflow/example_dags/example_skip_dag.py took 0.059 seconds
[2022-06-14 18:40:51,273] {processor.py:153} INFO - Started process (PID=7258) to work on /usr/local/lib/python3.10/dist-packages/airflow/example_dags/example_skip_dag.py
[2022-06-14 18:40:51,273] {processor.py:641} INFO - Processing file /usr/local/lib/python3.10/dist-packages/airflow/example_dags/example_skip_dag.py for tasks to queue
[2022-06-14 18:40:51,274] {logging_mixin.py:115} INFO - [2022-06-14 18:40:51,274] {dagbag.py:507} INFO - Filling up the DagBag from /usr/local/lib/python3.10/dist-packages/airflow/example_dags/example_skip_dag.py
[2022-06-14 18:40:51,278] {processor.py:651} INFO - DAG(s) dict_keys(['example_skip_dag']) retrieved from /usr/local/lib/python3.10/dist-packages/airflow/example_dags/example_skip_dag.py
[2022-06-14 18:40:51,294] {logging_mixin.py:115} INFO - [2022-06-14 18:40:51,294] {dag.py:2371} INFO - Sync 1 DAGs
[2022-06-14 18:40:51,311] {logging_mixin.py:115} INFO - [2022-06-14 18:40:51,311] {dag.py:2915} INFO - Setting next_dagrun for example_skip_dag to 2022-06-13T13:10:51.310844+00:00, run_after=2022-06-14T13:10:51.310844+00:00
[2022-06-14 18:40:51,329] {processor.py:161} INFO - Processing /usr/local/lib/python3.10/dist-packages/airflow/example_dags/example_skip_dag.py took 0.059 seconds
[2022-06-14 18:41:33,769] {processor.py:153} INFO - Started process (PID=7337) to work on /usr/local/lib/python3.10/dist-packages/airflow/example_dags/example_skip_dag.py
[2022-06-14 18:41:33,770] {processor.py:641} INFO - Processing file /usr/local/lib/python3.10/dist-packages/airflow/example_dags/example_skip_dag.py for tasks to queue
[2022-06-14 18:41:33,770] {logging_mixin.py:115} INFO - [2022-06-14 18:41:33,770] {dagbag.py:507} INFO - Filling up the DagBag from /usr/local/lib/python3.10/dist-packages/airflow/example_dags/example_skip_dag.py
[2022-06-14 18:41:33,775] {processor.py:651} INFO - DAG(s) dict_keys(['example_skip_dag']) retrieved from /usr/local/lib/python3.10/dist-packages/airflow/example_dags/example_skip_dag.py
[2022-06-14 18:41:33,792] {logging_mixin.py:115} INFO - [2022-06-14 18:41:33,791] {dag.py:2371} INFO - Sync 1 DAGs
[2022-06-14 18:41:33,810] {logging_mixin.py:115} INFO - [2022-06-14 18:41:33,810] {dag.py:2915} INFO - Setting next_dagrun for example_skip_dag to 2022-06-13T13:11:33.809820+00:00, run_after=2022-06-14T13:11:33.809820+00:00
[2022-06-14 18:41:33,831] {processor.py:161} INFO - Processing /usr/local/lib/python3.10/dist-packages/airflow/example_dags/example_skip_dag.py took 0.065 seconds
[2022-06-14 18:42:12,350] {processor.py:153} INFO - Started process (PID=7387) to work on /usr/local/lib/python3.10/dist-packages/airflow/example_dags/example_skip_dag.py
[2022-06-14 18:42:12,351] {processor.py:641} INFO - Processing file /usr/local/lib/python3.10/dist-packages/airflow/example_dags/example_skip_dag.py for tasks to queue
[2022-06-14 18:42:12,351] {logging_mixin.py:115} INFO - [2022-06-14 18:42:12,351] {dagbag.py:507} INFO - Filling up the DagBag from /usr/local/lib/python3.10/dist-packages/airflow/example_dags/example_skip_dag.py
[2022-06-14 18:42:12,356] {processor.py:651} INFO - DAG(s) dict_keys(['example_skip_dag']) retrieved from /usr/local/lib/python3.10/dist-packages/airflow/example_dags/example_skip_dag.py
[2022-06-14 18:42:12,372] {logging_mixin.py:115} INFO - [2022-06-14 18:42:12,372] {dag.py:2371} INFO - Sync 1 DAGs
[2022-06-14 18:42:12,390] {logging_mixin.py:115} INFO - [2022-06-14 18:42:12,389] {dag.py:2915} INFO - Setting next_dagrun for example_skip_dag to 2022-06-13T13:12:12.389756+00:00, run_after=2022-06-14T13:12:12.389756+00:00
[2022-06-14 18:42:12,409] {processor.py:161} INFO - Processing /usr/local/lib/python3.10/dist-packages/airflow/example_dags/example_skip_dag.py took 0.061 seconds
[2022-06-14 18:42:53,549] {processor.py:153} INFO - Started process (PID=7536) to work on /usr/local/lib/python3.10/dist-packages/airflow/example_dags/example_skip_dag.py
[2022-06-14 18:42:53,550] {processor.py:641} INFO - Processing file /usr/local/lib/python3.10/dist-packages/airflow/example_dags/example_skip_dag.py for tasks to queue
[2022-06-14 18:42:53,550] {logging_mixin.py:115} INFO - [2022-06-14 18:42:53,550] {dagbag.py:507} INFO - Filling up the DagBag from /usr/local/lib/python3.10/dist-packages/airflow/example_dags/example_skip_dag.py
[2022-06-14 18:42:53,555] {processor.py:651} INFO - DAG(s) dict_keys(['example_skip_dag']) retrieved from /usr/local/lib/python3.10/dist-packages/airflow/example_dags/example_skip_dag.py
[2022-06-14 18:42:53,571] {logging_mixin.py:115} INFO - [2022-06-14 18:42:53,571] {dag.py:2371} INFO - Sync 1 DAGs
[2022-06-14 18:42:53,589] {logging_mixin.py:115} INFO - [2022-06-14 18:42:53,589] {dag.py:2915} INFO - Setting next_dagrun for example_skip_dag to 2022-06-13T13:12:53.588864+00:00, run_after=2022-06-14T13:12:53.588864+00:00
[2022-06-14 18:42:53,608] {processor.py:161} INFO - Processing /usr/local/lib/python3.10/dist-packages/airflow/example_dags/example_skip_dag.py took 0.062 seconds
[2022-06-14 18:43:33,856] {processor.py:153} INFO - Started process (PID=7586) to work on /usr/local/lib/python3.10/dist-packages/airflow/example_dags/example_skip_dag.py
[2022-06-14 18:43:33,857] {processor.py:641} INFO - Processing file /usr/local/lib/python3.10/dist-packages/airflow/example_dags/example_skip_dag.py for tasks to queue
[2022-06-14 18:43:33,858] {logging_mixin.py:115} INFO - [2022-06-14 18:43:33,857] {dagbag.py:507} INFO - Filling up the DagBag from /usr/local/lib/python3.10/dist-packages/airflow/example_dags/example_skip_dag.py
[2022-06-14 18:43:33,862] {processor.py:651} INFO - DAG(s) dict_keys(['example_skip_dag']) retrieved from /usr/local/lib/python3.10/dist-packages/airflow/example_dags/example_skip_dag.py
[2022-06-14 18:43:33,878] {logging_mixin.py:115} INFO - [2022-06-14 18:43:33,878] {dag.py:2371} INFO - Sync 1 DAGs
[2022-06-14 18:43:33,895] {logging_mixin.py:115} INFO - [2022-06-14 18:43:33,895] {dag.py:2915} INFO - Setting next_dagrun for example_skip_dag to 2022-06-13T13:13:33.895484+00:00, run_after=2022-06-14T13:13:33.895484+00:00
[2022-06-14 18:43:33,917] {processor.py:161} INFO - Processing /usr/local/lib/python3.10/dist-packages/airflow/example_dags/example_skip_dag.py took 0.063 seconds
[2022-06-14 18:44:13,927] {processor.py:153} INFO - Started process (PID=7657) to work on /usr/local/lib/python3.10/dist-packages/airflow/example_dags/example_skip_dag.py
[2022-06-14 18:44:13,927] {processor.py:641} INFO - Processing file /usr/local/lib/python3.10/dist-packages/airflow/example_dags/example_skip_dag.py for tasks to queue
[2022-06-14 18:44:13,928] {logging_mixin.py:115} INFO - [2022-06-14 18:44:13,928] {dagbag.py:507} INFO - Filling up the DagBag from /usr/local/lib/python3.10/dist-packages/airflow/example_dags/example_skip_dag.py
[2022-06-14 18:44:13,933] {processor.py:651} INFO - DAG(s) dict_keys(['example_skip_dag']) retrieved from /usr/local/lib/python3.10/dist-packages/airflow/example_dags/example_skip_dag.py
[2022-06-14 18:44:13,948] {logging_mixin.py:115} INFO - [2022-06-14 18:44:13,948] {dag.py:2371} INFO - Sync 1 DAGs
[2022-06-14 18:44:13,966] {logging_mixin.py:115} INFO - [2022-06-14 18:44:13,966] {dag.py:2915} INFO - Setting next_dagrun for example_skip_dag to 2022-06-13T13:14:13.966082+00:00, run_after=2022-06-14T13:14:13.966082+00:00
[2022-06-14 18:44:13,986] {processor.py:161} INFO - Processing /usr/local/lib/python3.10/dist-packages/airflow/example_dags/example_skip_dag.py took 0.061 seconds
[2022-06-14 18:44:57,507] {processor.py:153} INFO - Started process (PID=7737) to work on /usr/local/lib/python3.10/dist-packages/airflow/example_dags/example_skip_dag.py
[2022-06-14 18:44:57,507] {processor.py:641} INFO - Processing file /usr/local/lib/python3.10/dist-packages/airflow/example_dags/example_skip_dag.py for tasks to queue
[2022-06-14 18:44:57,508] {logging_mixin.py:115} INFO - [2022-06-14 18:44:57,508] {dagbag.py:507} INFO - Filling up the DagBag from /usr/local/lib/python3.10/dist-packages/airflow/example_dags/example_skip_dag.py
[2022-06-14 18:44:57,513] {processor.py:651} INFO - DAG(s) dict_keys(['example_skip_dag']) retrieved from /usr/local/lib/python3.10/dist-packages/airflow/example_dags/example_skip_dag.py
[2022-06-14 18:44:57,531] {logging_mixin.py:115} INFO - [2022-06-14 18:44:57,531] {dag.py:2371} INFO - Sync 1 DAGs
[2022-06-14 18:44:57,549] {logging_mixin.py:115} INFO - [2022-06-14 18:44:57,549] {dag.py:2915} INFO - Setting next_dagrun for example_skip_dag to 2022-06-13T13:14:57.548953+00:00, run_after=2022-06-14T13:14:57.548953+00:00
[2022-06-14 18:44:57,568] {processor.py:161} INFO - Processing /usr/local/lib/python3.10/dist-packages/airflow/example_dags/example_skip_dag.py took 0.066 seconds
[2022-06-14 18:45:34,739] {processor.py:153} INFO - Started process (PID=7849) to work on /usr/local/lib/python3.10/dist-packages/airflow/example_dags/example_skip_dag.py
[2022-06-14 18:45:34,740] {processor.py:641} INFO - Processing file /usr/local/lib/python3.10/dist-packages/airflow/example_dags/example_skip_dag.py for tasks to queue
[2022-06-14 18:45:34,740] {logging_mixin.py:115} INFO - [2022-06-14 18:45:34,740] {dagbag.py:507} INFO - Filling up the DagBag from /usr/local/lib/python3.10/dist-packages/airflow/example_dags/example_skip_dag.py
[2022-06-14 18:45:34,746] {processor.py:651} INFO - DAG(s) dict_keys(['example_skip_dag']) retrieved from /usr/local/lib/python3.10/dist-packages/airflow/example_dags/example_skip_dag.py
[2022-06-14 18:45:34,767] {logging_mixin.py:115} INFO - [2022-06-14 18:45:34,766] {dag.py:2371} INFO - Sync 1 DAGs
[2022-06-14 18:45:34,790] {logging_mixin.py:115} INFO - [2022-06-14 18:45:34,790] {dag.py:2915} INFO - Setting next_dagrun for example_skip_dag to 2022-06-13T13:15:34.790489+00:00, run_after=2022-06-14T13:15:34.790489+00:00
[2022-06-14 18:45:34,810] {processor.py:161} INFO - Processing /usr/local/lib/python3.10/dist-packages/airflow/example_dags/example_skip_dag.py took 0.074 seconds
[2022-06-14 18:46:18,974] {processor.py:153} INFO - Started process (PID=7960) to work on /usr/local/lib/python3.10/dist-packages/airflow/example_dags/example_skip_dag.py
[2022-06-14 18:46:18,975] {processor.py:641} INFO - Processing file /usr/local/lib/python3.10/dist-packages/airflow/example_dags/example_skip_dag.py for tasks to queue
[2022-06-14 18:46:18,975] {logging_mixin.py:115} INFO - [2022-06-14 18:46:18,975] {dagbag.py:507} INFO - Filling up the DagBag from /usr/local/lib/python3.10/dist-packages/airflow/example_dags/example_skip_dag.py
[2022-06-14 18:46:18,981] {processor.py:651} INFO - DAG(s) dict_keys(['example_skip_dag']) retrieved from /usr/local/lib/python3.10/dist-packages/airflow/example_dags/example_skip_dag.py
[2022-06-14 18:46:18,999] {logging_mixin.py:115} INFO - [2022-06-14 18:46:18,999] {dag.py:2371} INFO - Sync 1 DAGs
[2022-06-14 18:46:19,019] {logging_mixin.py:115} INFO - [2022-06-14 18:46:19,019] {dag.py:2915} INFO - Setting next_dagrun for example_skip_dag to 2022-06-13T13:16:19.018870+00:00, run_after=2022-06-14T13:16:19.018870+00:00
[2022-06-14 18:46:19,039] {processor.py:161} INFO - Processing /usr/local/lib/python3.10/dist-packages/airflow/example_dags/example_skip_dag.py took 0.068 seconds
[2022-06-14 18:46:57,341] {processor.py:153} INFO - Started process (PID=8016) to work on /usr/local/lib/python3.10/dist-packages/airflow/example_dags/example_skip_dag.py
[2022-06-14 18:46:57,342] {processor.py:641} INFO - Processing file /usr/local/lib/python3.10/dist-packages/airflow/example_dags/example_skip_dag.py for tasks to queue
[2022-06-14 18:46:57,342] {logging_mixin.py:115} INFO - [2022-06-14 18:46:57,342] {dagbag.py:507} INFO - Filling up the DagBag from /usr/local/lib/python3.10/dist-packages/airflow/example_dags/example_skip_dag.py
[2022-06-14 18:46:57,347] {processor.py:651} INFO - DAG(s) dict_keys(['example_skip_dag']) retrieved from /usr/local/lib/python3.10/dist-packages/airflow/example_dags/example_skip_dag.py
[2022-06-14 18:46:57,363] {logging_mixin.py:115} INFO - [2022-06-14 18:46:57,363] {dag.py:2371} INFO - Sync 1 DAGs
[2022-06-14 18:46:57,380] {logging_mixin.py:115} INFO - [2022-06-14 18:46:57,380] {dag.py:2915} INFO - Setting next_dagrun for example_skip_dag to 2022-06-13T13:16:57.379948+00:00, run_after=2022-06-14T13:16:57.379948+00:00
[2022-06-14 18:46:57,399] {processor.py:161} INFO - Processing /usr/local/lib/python3.10/dist-packages/airflow/example_dags/example_skip_dag.py took 0.060 seconds
[2022-06-14 18:47:34,893] {processor.py:153} INFO - Started process (PID=8084) to work on /usr/local/lib/python3.10/dist-packages/airflow/example_dags/example_skip_dag.py
[2022-06-14 18:47:34,894] {processor.py:641} INFO - Processing file /usr/local/lib/python3.10/dist-packages/airflow/example_dags/example_skip_dag.py for tasks to queue
[2022-06-14 18:47:34,895] {logging_mixin.py:115} INFO - [2022-06-14 18:47:34,894] {dagbag.py:507} INFO - Filling up the DagBag from /usr/local/lib/python3.10/dist-packages/airflow/example_dags/example_skip_dag.py
[2022-06-14 18:47:34,899] {processor.py:651} INFO - DAG(s) dict_keys(['example_skip_dag']) retrieved from /usr/local/lib/python3.10/dist-packages/airflow/example_dags/example_skip_dag.py
[2022-06-14 18:47:34,916] {logging_mixin.py:115} INFO - [2022-06-14 18:47:34,915] {dag.py:2371} INFO - Sync 1 DAGs
[2022-06-14 18:47:34,933] {logging_mixin.py:115} INFO - [2022-06-14 18:47:34,933] {dag.py:2915} INFO - Setting next_dagrun for example_skip_dag to 2022-06-13T13:17:34.933094+00:00, run_after=2022-06-14T13:17:34.933094+00:00
[2022-06-14 18:47:34,952] {processor.py:161} INFO - Processing /usr/local/lib/python3.10/dist-packages/airflow/example_dags/example_skip_dag.py took 0.061 seconds
[2022-06-14 18:48:11,144] {processor.py:153} INFO - Started process (PID=8138) to work on /usr/local/lib/python3.10/dist-packages/airflow/example_dags/example_skip_dag.py
[2022-06-14 18:48:11,145] {processor.py:641} INFO - Processing file /usr/local/lib/python3.10/dist-packages/airflow/example_dags/example_skip_dag.py for tasks to queue
[2022-06-14 18:48:11,145] {logging_mixin.py:115} INFO - [2022-06-14 18:48:11,145] {dagbag.py:507} INFO - Filling up the DagBag from /usr/local/lib/python3.10/dist-packages/airflow/example_dags/example_skip_dag.py
[2022-06-14 18:48:11,150] {processor.py:651} INFO - DAG(s) dict_keys(['example_skip_dag']) retrieved from /usr/local/lib/python3.10/dist-packages/airflow/example_dags/example_skip_dag.py
[2022-06-14 18:48:11,167] {logging_mixin.py:115} INFO - [2022-06-14 18:48:11,167] {dag.py:2371} INFO - Sync 1 DAGs
[2022-06-14 18:48:11,185] {logging_mixin.py:115} INFO - [2022-06-14 18:48:11,185] {dag.py:2915} INFO - Setting next_dagrun for example_skip_dag to 2022-06-13T13:18:11.184794+00:00, run_after=2022-06-14T13:18:11.184794+00:00
[2022-06-14 18:48:11,203] {processor.py:161} INFO - Processing /usr/local/lib/python3.10/dist-packages/airflow/example_dags/example_skip_dag.py took 0.061 seconds
[2022-06-14 18:48:53,477] {processor.py:153} INFO - Started process (PID=8211) to work on /usr/local/lib/python3.10/dist-packages/airflow/example_dags/example_skip_dag.py
[2022-06-14 18:48:53,478] {processor.py:641} INFO - Processing file /usr/local/lib/python3.10/dist-packages/airflow/example_dags/example_skip_dag.py for tasks to queue
[2022-06-14 18:48:53,478] {logging_mixin.py:115} INFO - [2022-06-14 18:48:53,478] {dagbag.py:507} INFO - Filling up the DagBag from /usr/local/lib/python3.10/dist-packages/airflow/example_dags/example_skip_dag.py
[2022-06-14 18:48:53,483] {processor.py:651} INFO - DAG(s) dict_keys(['example_skip_dag']) retrieved from /usr/local/lib/python3.10/dist-packages/airflow/example_dags/example_skip_dag.py
[2022-06-14 18:48:53,499] {logging_mixin.py:115} INFO - [2022-06-14 18:48:53,499] {dag.py:2371} INFO - Sync 1 DAGs
[2022-06-14 18:48:53,517] {logging_mixin.py:115} INFO - [2022-06-14 18:48:53,516] {dag.py:2915} INFO - Setting next_dagrun for example_skip_dag to 2022-06-13T13:18:53.516581+00:00, run_after=2022-06-14T13:18:53.516581+00:00
[2022-06-14 18:48:53,536] {processor.py:161} INFO - Processing /usr/local/lib/python3.10/dist-packages/airflow/example_dags/example_skip_dag.py took 0.061 seconds
[2022-06-14 18:49:29,776] {processor.py:153} INFO - Started process (PID=8272) to work on /usr/local/lib/python3.10/dist-packages/airflow/example_dags/example_skip_dag.py
[2022-06-14 18:49:29,777] {processor.py:641} INFO - Processing file /usr/local/lib/python3.10/dist-packages/airflow/example_dags/example_skip_dag.py for tasks to queue
[2022-06-14 18:49:29,777] {logging_mixin.py:115} INFO - [2022-06-14 18:49:29,777] {dagbag.py:507} INFO - Filling up the DagBag from /usr/local/lib/python3.10/dist-packages/airflow/example_dags/example_skip_dag.py
[2022-06-14 18:49:29,782] {processor.py:651} INFO - DAG(s) dict_keys(['example_skip_dag']) retrieved from /usr/local/lib/python3.10/dist-packages/airflow/example_dags/example_skip_dag.py
[2022-06-14 18:49:29,798] {logging_mixin.py:115} INFO - [2022-06-14 18:49:29,798] {dag.py:2371} INFO - Sync 1 DAGs
[2022-06-14 18:49:29,816] {logging_mixin.py:115} INFO - [2022-06-14 18:49:29,816] {dag.py:2915} INFO - Setting next_dagrun for example_skip_dag to 2022-06-13T13:19:29.816004+00:00, run_after=2022-06-14T13:19:29.816004+00:00
[2022-06-14 18:49:29,834] {processor.py:161} INFO - Processing /usr/local/lib/python3.10/dist-packages/airflow/example_dags/example_skip_dag.py took 0.060 seconds
[2022-06-14 18:50:10,015] {processor.py:153} INFO - Started process (PID=8351) to work on /usr/local/lib/python3.10/dist-packages/airflow/example_dags/example_skip_dag.py
[2022-06-14 18:50:10,016] {processor.py:641} INFO - Processing file /usr/local/lib/python3.10/dist-packages/airflow/example_dags/example_skip_dag.py for tasks to queue
[2022-06-14 18:50:10,017] {logging_mixin.py:115} INFO - [2022-06-14 18:50:10,017] {dagbag.py:507} INFO - Filling up the DagBag from /usr/local/lib/python3.10/dist-packages/airflow/example_dags/example_skip_dag.py
[2022-06-14 18:50:10,023] {processor.py:651} INFO - DAG(s) dict_keys(['example_skip_dag']) retrieved from /usr/local/lib/python3.10/dist-packages/airflow/example_dags/example_skip_dag.py
[2022-06-14 18:50:10,040] {logging_mixin.py:115} INFO - [2022-06-14 18:50:10,040] {dag.py:2371} INFO - Sync 1 DAGs
[2022-06-14 18:50:10,057] {logging_mixin.py:115} INFO - [2022-06-14 18:50:10,057] {dag.py:2915} INFO - Setting next_dagrun for example_skip_dag to 2022-06-13T13:20:10.057454+00:00, run_after=2022-06-14T13:20:10.057454+00:00
[2022-06-14 18:50:10,077] {processor.py:161} INFO - Processing /usr/local/lib/python3.10/dist-packages/airflow/example_dags/example_skip_dag.py took 0.065 seconds
[2022-06-14 18:50:46,120] {processor.py:153} INFO - Started process (PID=8426) to work on /usr/local/lib/python3.10/dist-packages/airflow/example_dags/example_skip_dag.py
[2022-06-14 18:50:46,121] {processor.py:641} INFO - Processing file /usr/local/lib/python3.10/dist-packages/airflow/example_dags/example_skip_dag.py for tasks to queue
[2022-06-14 18:50:46,122] {logging_mixin.py:115} INFO - [2022-06-14 18:50:46,121] {dagbag.py:507} INFO - Filling up the DagBag from /usr/local/lib/python3.10/dist-packages/airflow/example_dags/example_skip_dag.py
[2022-06-14 18:50:46,127] {processor.py:651} INFO - DAG(s) dict_keys(['example_skip_dag']) retrieved from /usr/local/lib/python3.10/dist-packages/airflow/example_dags/example_skip_dag.py
[2022-06-14 18:50:46,145] {logging_mixin.py:115} INFO - [2022-06-14 18:50:46,145] {dag.py:2371} INFO - Sync 1 DAGs
[2022-06-14 18:50:46,161] {logging_mixin.py:115} INFO - [2022-06-14 18:50:46,161] {dag.py:2915} INFO - Setting next_dagrun for example_skip_dag to 2022-06-13T13:20:46.161128+00:00, run_after=2022-06-14T13:20:46.161128+00:00
[2022-06-14 18:50:46,179] {processor.py:161} INFO - Processing /usr/local/lib/python3.10/dist-packages/airflow/example_dags/example_skip_dag.py took 0.062 seconds
[2022-06-14 18:51:27,063] {processor.py:153} INFO - Started process (PID=8498) to work on /usr/local/lib/python3.10/dist-packages/airflow/example_dags/example_skip_dag.py
[2022-06-14 18:51:27,064] {processor.py:641} INFO - Processing file /usr/local/lib/python3.10/dist-packages/airflow/example_dags/example_skip_dag.py for tasks to queue
[2022-06-14 18:51:27,065] {logging_mixin.py:115} INFO - [2022-06-14 18:51:27,064] {dagbag.py:507} INFO - Filling up the DagBag from /usr/local/lib/python3.10/dist-packages/airflow/example_dags/example_skip_dag.py
[2022-06-14 18:51:27,070] {processor.py:651} INFO - DAG(s) dict_keys(['example_skip_dag']) retrieved from /usr/local/lib/python3.10/dist-packages/airflow/example_dags/example_skip_dag.py
[2022-06-14 18:51:27,087] {logging_mixin.py:115} INFO - [2022-06-14 18:51:27,087] {dag.py:2371} INFO - Sync 1 DAGs
[2022-06-14 18:51:27,104] {logging_mixin.py:115} INFO - [2022-06-14 18:51:27,104] {dag.py:2915} INFO - Setting next_dagrun for example_skip_dag to 2022-06-13T13:21:27.104089+00:00, run_after=2022-06-14T13:21:27.104089+00:00
[2022-06-14 18:51:27,122] {processor.py:161} INFO - Processing /usr/local/lib/python3.10/dist-packages/airflow/example_dags/example_skip_dag.py took 0.062 seconds
[2022-06-14 18:52:08,478] {processor.py:153} INFO - Started process (PID=8554) to work on /usr/local/lib/python3.10/dist-packages/airflow/example_dags/example_skip_dag.py
[2022-06-14 18:52:08,479] {processor.py:641} INFO - Processing file /usr/local/lib/python3.10/dist-packages/airflow/example_dags/example_skip_dag.py for tasks to queue
[2022-06-14 18:52:08,479] {logging_mixin.py:115} INFO - [2022-06-14 18:52:08,479] {dagbag.py:507} INFO - Filling up the DagBag from /usr/local/lib/python3.10/dist-packages/airflow/example_dags/example_skip_dag.py
[2022-06-14 18:52:08,484] {processor.py:651} INFO - DAG(s) dict_keys(['example_skip_dag']) retrieved from /usr/local/lib/python3.10/dist-packages/airflow/example_dags/example_skip_dag.py
[2022-06-14 18:52:08,501] {logging_mixin.py:115} INFO - [2022-06-14 18:52:08,501] {dag.py:2371} INFO - Sync 1 DAGs
[2022-06-14 18:52:08,517] {logging_mixin.py:115} INFO - [2022-06-14 18:52:08,517] {dag.py:2915} INFO - Setting next_dagrun for example_skip_dag to 2022-06-13T13:22:08.517177+00:00, run_after=2022-06-14T13:22:08.517177+00:00
[2022-06-14 18:52:08,535] {processor.py:161} INFO - Processing /usr/local/lib/python3.10/dist-packages/airflow/example_dags/example_skip_dag.py took 0.060 seconds
[2022-06-14 18:52:44,371] {processor.py:153} INFO - Started process (PID=8620) to work on /usr/local/lib/python3.10/dist-packages/airflow/example_dags/example_skip_dag.py
[2022-06-14 18:52:44,372] {processor.py:641} INFO - Processing file /usr/local/lib/python3.10/dist-packages/airflow/example_dags/example_skip_dag.py for tasks to queue
[2022-06-14 18:52:44,372] {logging_mixin.py:115} INFO - [2022-06-14 18:52:44,372] {dagbag.py:507} INFO - Filling up the DagBag from /usr/local/lib/python3.10/dist-packages/airflow/example_dags/example_skip_dag.py
[2022-06-14 18:52:44,377] {processor.py:651} INFO - DAG(s) dict_keys(['example_skip_dag']) retrieved from /usr/local/lib/python3.10/dist-packages/airflow/example_dags/example_skip_dag.py
[2022-06-14 18:52:44,392] {logging_mixin.py:115} INFO - [2022-06-14 18:52:44,392] {dag.py:2371} INFO - Sync 1 DAGs
[2022-06-14 18:52:44,409] {logging_mixin.py:115} INFO - [2022-06-14 18:52:44,408] {dag.py:2915} INFO - Setting next_dagrun for example_skip_dag to 2022-06-13T13:22:44.408780+00:00, run_after=2022-06-14T13:22:44.408780+00:00
[2022-06-14 18:52:44,427] {processor.py:161} INFO - Processing /usr/local/lib/python3.10/dist-packages/airflow/example_dags/example_skip_dag.py took 0.058 seconds
[2022-06-14 18:53:23,200] {processor.py:153} INFO - Started process (PID=8696) to work on /usr/local/lib/python3.10/dist-packages/airflow/example_dags/example_skip_dag.py
[2022-06-14 18:53:23,201] {processor.py:641} INFO - Processing file /usr/local/lib/python3.10/dist-packages/airflow/example_dags/example_skip_dag.py for tasks to queue
[2022-06-14 18:53:23,201] {logging_mixin.py:115} INFO - [2022-06-14 18:53:23,201] {dagbag.py:507} INFO - Filling up the DagBag from /usr/local/lib/python3.10/dist-packages/airflow/example_dags/example_skip_dag.py
[2022-06-14 18:53:23,207] {processor.py:651} INFO - DAG(s) dict_keys(['example_skip_dag']) retrieved from /usr/local/lib/python3.10/dist-packages/airflow/example_dags/example_skip_dag.py
[2022-06-14 18:53:23,224] {logging_mixin.py:115} INFO - [2022-06-14 18:53:23,224] {dag.py:2371} INFO - Sync 1 DAGs
[2022-06-14 18:53:23,240] {logging_mixin.py:115} INFO - [2022-06-14 18:53:23,240] {dag.py:2915} INFO - Setting next_dagrun for example_skip_dag to 2022-06-13T13:23:23.240494+00:00, run_after=2022-06-14T13:23:23.240494+00:00
[2022-06-14 18:53:23,258] {processor.py:161} INFO - Processing /usr/local/lib/python3.10/dist-packages/airflow/example_dags/example_skip_dag.py took 0.061 seconds
[2022-06-14 18:54:03,198] {processor.py:153} INFO - Started process (PID=8761) to work on /usr/local/lib/python3.10/dist-packages/airflow/example_dags/example_skip_dag.py
[2022-06-14 18:54:03,199] {processor.py:641} INFO - Processing file /usr/local/lib/python3.10/dist-packages/airflow/example_dags/example_skip_dag.py for tasks to queue
[2022-06-14 18:54:03,200] {logging_mixin.py:115} INFO - [2022-06-14 18:54:03,200] {dagbag.py:507} INFO - Filling up the DagBag from /usr/local/lib/python3.10/dist-packages/airflow/example_dags/example_skip_dag.py
[2022-06-14 18:54:03,204] {processor.py:651} INFO - DAG(s) dict_keys(['example_skip_dag']) retrieved from /usr/local/lib/python3.10/dist-packages/airflow/example_dags/example_skip_dag.py
[2022-06-14 18:54:03,220] {logging_mixin.py:115} INFO - [2022-06-14 18:54:03,220] {dag.py:2371} INFO - Sync 1 DAGs
[2022-06-14 18:54:03,236] {logging_mixin.py:115} INFO - [2022-06-14 18:54:03,236] {dag.py:2915} INFO - Setting next_dagrun for example_skip_dag to 2022-06-13T13:24:03.236196+00:00, run_after=2022-06-14T13:24:03.236196+00:00
[2022-06-14 18:54:03,253] {processor.py:161} INFO - Processing /usr/local/lib/python3.10/dist-packages/airflow/example_dags/example_skip_dag.py took 0.058 seconds
[2022-06-14 18:54:45,748] {processor.py:153} INFO - Started process (PID=8817) to work on /usr/local/lib/python3.10/dist-packages/airflow/example_dags/example_skip_dag.py
[2022-06-14 18:54:45,749] {processor.py:641} INFO - Processing file /usr/local/lib/python3.10/dist-packages/airflow/example_dags/example_skip_dag.py for tasks to queue
[2022-06-14 18:54:45,749] {logging_mixin.py:115} INFO - [2022-06-14 18:54:45,749] {dagbag.py:507} INFO - Filling up the DagBag from /usr/local/lib/python3.10/dist-packages/airflow/example_dags/example_skip_dag.py
[2022-06-14 18:54:45,755] {processor.py:651} INFO - DAG(s) dict_keys(['example_skip_dag']) retrieved from /usr/local/lib/python3.10/dist-packages/airflow/example_dags/example_skip_dag.py
[2022-06-14 18:54:45,772] {logging_mixin.py:115} INFO - [2022-06-14 18:54:45,772] {dag.py:2371} INFO - Sync 1 DAGs
[2022-06-14 18:54:45,788] {logging_mixin.py:115} INFO - [2022-06-14 18:54:45,788] {dag.py:2915} INFO - Setting next_dagrun for example_skip_dag to 2022-06-13T13:24:45.788462+00:00, run_after=2022-06-14T13:24:45.788462+00:00
[2022-06-14 18:54:45,806] {processor.py:161} INFO - Processing /usr/local/lib/python3.10/dist-packages/airflow/example_dags/example_skip_dag.py took 0.061 seconds
[2022-06-14 18:55:24,816] {processor.py:153} INFO - Started process (PID=8869) to work on /usr/local/lib/python3.10/dist-packages/airflow/example_dags/example_skip_dag.py
[2022-06-14 18:55:24,817] {processor.py:641} INFO - Processing file /usr/local/lib/python3.10/dist-packages/airflow/example_dags/example_skip_dag.py for tasks to queue
[2022-06-14 18:55:24,817] {logging_mixin.py:115} INFO - [2022-06-14 18:55:24,817] {dagbag.py:507} INFO - Filling up the DagBag from /usr/local/lib/python3.10/dist-packages/airflow/example_dags/example_skip_dag.py
[2022-06-14 18:55:24,823] {processor.py:651} INFO - DAG(s) dict_keys(['example_skip_dag']) retrieved from /usr/local/lib/python3.10/dist-packages/airflow/example_dags/example_skip_dag.py
[2022-06-14 18:55:24,839] {logging_mixin.py:115} INFO - [2022-06-14 18:55:24,839] {dag.py:2371} INFO - Sync 1 DAGs
[2022-06-14 18:55:24,855] {logging_mixin.py:115} INFO - [2022-06-14 18:55:24,855] {dag.py:2915} INFO - Setting next_dagrun for example_skip_dag to 2022-06-13T13:25:24.855420+00:00, run_after=2022-06-14T13:25:24.855420+00:00
[2022-06-14 18:55:24,873] {processor.py:161} INFO - Processing /usr/local/lib/python3.10/dist-packages/airflow/example_dags/example_skip_dag.py took 0.060 seconds
[2022-06-14 18:56:00,875] {processor.py:153} INFO - Started process (PID=8915) to work on /usr/local/lib/python3.10/dist-packages/airflow/example_dags/example_skip_dag.py
[2022-06-14 18:56:00,876] {processor.py:641} INFO - Processing file /usr/local/lib/python3.10/dist-packages/airflow/example_dags/example_skip_dag.py for tasks to queue
[2022-06-14 18:56:00,877] {logging_mixin.py:115} INFO - [2022-06-14 18:56:00,876] {dagbag.py:507} INFO - Filling up the DagBag from /usr/local/lib/python3.10/dist-packages/airflow/example_dags/example_skip_dag.py
[2022-06-14 18:56:00,882] {processor.py:651} INFO - DAG(s) dict_keys(['example_skip_dag']) retrieved from /usr/local/lib/python3.10/dist-packages/airflow/example_dags/example_skip_dag.py
[2022-06-14 18:56:00,899] {logging_mixin.py:115} INFO - [2022-06-14 18:56:00,899] {dag.py:2371} INFO - Sync 1 DAGs
[2022-06-14 18:56:00,916] {logging_mixin.py:115} INFO - [2022-06-14 18:56:00,916] {dag.py:2915} INFO - Setting next_dagrun for example_skip_dag to 2022-06-13T13:26:00.915861+00:00, run_after=2022-06-14T13:26:00.915861+00:00
[2022-06-14 18:56:00,934] {processor.py:161} INFO - Processing /usr/local/lib/python3.10/dist-packages/airflow/example_dags/example_skip_dag.py took 0.062 seconds
[2022-06-14 18:56:43,332] {processor.py:153} INFO - Started process (PID=8973) to work on /usr/local/lib/python3.10/dist-packages/airflow/example_dags/example_skip_dag.py
[2022-06-14 18:56:43,333] {processor.py:641} INFO - Processing file /usr/local/lib/python3.10/dist-packages/airflow/example_dags/example_skip_dag.py for tasks to queue
[2022-06-14 18:56:43,333] {logging_mixin.py:115} INFO - [2022-06-14 18:56:43,333] {dagbag.py:507} INFO - Filling up the DagBag from /usr/local/lib/python3.10/dist-packages/airflow/example_dags/example_skip_dag.py
[2022-06-14 18:56:43,339] {processor.py:651} INFO - DAG(s) dict_keys(['example_skip_dag']) retrieved from /usr/local/lib/python3.10/dist-packages/airflow/example_dags/example_skip_dag.py
[2022-06-14 18:56:43,356] {logging_mixin.py:115} INFO - [2022-06-14 18:56:43,356] {dag.py:2371} INFO - Sync 1 DAGs
[2022-06-14 18:56:43,372] {logging_mixin.py:115} INFO - [2022-06-14 18:56:43,372] {dag.py:2915} INFO - Setting next_dagrun for example_skip_dag to 2022-06-13T13:26:43.372461+00:00, run_after=2022-06-14T13:26:43.372461+00:00
[2022-06-14 18:56:43,390] {processor.py:161} INFO - Processing /usr/local/lib/python3.10/dist-packages/airflow/example_dags/example_skip_dag.py took 0.062 seconds
[2022-06-14 18:57:20,716] {processor.py:153} INFO - Started process (PID=9032) to work on /usr/local/lib/python3.10/dist-packages/airflow/example_dags/example_skip_dag.py
[2022-06-14 18:57:20,717] {processor.py:641} INFO - Processing file /usr/local/lib/python3.10/dist-packages/airflow/example_dags/example_skip_dag.py for tasks to queue
[2022-06-14 18:57:20,718] {logging_mixin.py:115} INFO - [2022-06-14 18:57:20,717] {dagbag.py:507} INFO - Filling up the DagBag from /usr/local/lib/python3.10/dist-packages/airflow/example_dags/example_skip_dag.py
[2022-06-14 18:57:20,723] {processor.py:651} INFO - DAG(s) dict_keys(['example_skip_dag']) retrieved from /usr/local/lib/python3.10/dist-packages/airflow/example_dags/example_skip_dag.py
[2022-06-14 18:57:20,741] {logging_mixin.py:115} INFO - [2022-06-14 18:57:20,741] {dag.py:2371} INFO - Sync 1 DAGs
[2022-06-14 18:57:20,757] {logging_mixin.py:115} INFO - [2022-06-14 18:57:20,757] {dag.py:2915} INFO - Setting next_dagrun for example_skip_dag to 2022-06-13T13:27:20.757092+00:00, run_after=2022-06-14T13:27:20.757092+00:00
[2022-06-14 18:57:20,774] {processor.py:161} INFO - Processing /usr/local/lib/python3.10/dist-packages/airflow/example_dags/example_skip_dag.py took 0.061 seconds
[2022-06-14 18:58:03,187] {processor.py:153} INFO - Started process (PID=9107) to work on /usr/local/lib/python3.10/dist-packages/airflow/example_dags/example_skip_dag.py
[2022-06-14 18:58:03,188] {processor.py:641} INFO - Processing file /usr/local/lib/python3.10/dist-packages/airflow/example_dags/example_skip_dag.py for tasks to queue
[2022-06-14 18:58:03,188] {logging_mixin.py:115} INFO - [2022-06-14 18:58:03,188] {dagbag.py:507} INFO - Filling up the DagBag from /usr/local/lib/python3.10/dist-packages/airflow/example_dags/example_skip_dag.py
[2022-06-14 18:58:03,193] {processor.py:651} INFO - DAG(s) dict_keys(['example_skip_dag']) retrieved from /usr/local/lib/python3.10/dist-packages/airflow/example_dags/example_skip_dag.py
[2022-06-14 18:58:03,209] {logging_mixin.py:115} INFO - [2022-06-14 18:58:03,209] {dag.py:2371} INFO - Sync 1 DAGs
[2022-06-14 18:58:03,226] {logging_mixin.py:115} INFO - [2022-06-14 18:58:03,226] {dag.py:2915} INFO - Setting next_dagrun for example_skip_dag to 2022-06-13T13:28:03.226456+00:00, run_after=2022-06-14T13:28:03.226456+00:00
[2022-06-14 18:58:03,245] {processor.py:161} INFO - Processing /usr/local/lib/python3.10/dist-packages/airflow/example_dags/example_skip_dag.py took 0.061 seconds
[2022-06-14 18:58:39,174] {processor.py:153} INFO - Started process (PID=9160) to work on /usr/local/lib/python3.10/dist-packages/airflow/example_dags/example_skip_dag.py
[2022-06-14 18:58:39,175] {processor.py:641} INFO - Processing file /usr/local/lib/python3.10/dist-packages/airflow/example_dags/example_skip_dag.py for tasks to queue
[2022-06-14 18:58:39,176] {logging_mixin.py:115} INFO - [2022-06-14 18:58:39,175] {dagbag.py:507} INFO - Filling up the DagBag from /usr/local/lib/python3.10/dist-packages/airflow/example_dags/example_skip_dag.py
[2022-06-14 18:58:39,180] {processor.py:651} INFO - DAG(s) dict_keys(['example_skip_dag']) retrieved from /usr/local/lib/python3.10/dist-packages/airflow/example_dags/example_skip_dag.py
[2022-06-14 18:58:39,196] {logging_mixin.py:115} INFO - [2022-06-14 18:58:39,196] {dag.py:2371} INFO - Sync 1 DAGs
[2022-06-14 18:58:39,215] {logging_mixin.py:115} INFO - [2022-06-14 18:58:39,214] {dag.py:2915} INFO - Setting next_dagrun for example_skip_dag to 2022-06-13T13:28:39.214496+00:00, run_after=2022-06-14T13:28:39.214496+00:00
[2022-06-14 18:58:39,234] {processor.py:161} INFO - Processing /usr/local/lib/python3.10/dist-packages/airflow/example_dags/example_skip_dag.py took 0.062 seconds
[2022-06-14 18:59:16,362] {processor.py:153} INFO - Started process (PID=9214) to work on /usr/local/lib/python3.10/dist-packages/airflow/example_dags/example_skip_dag.py
[2022-06-14 18:59:16,363] {processor.py:641} INFO - Processing file /usr/local/lib/python3.10/dist-packages/airflow/example_dags/example_skip_dag.py for tasks to queue
[2022-06-14 18:59:16,364] {logging_mixin.py:115} INFO - [2022-06-14 18:59:16,363] {dagbag.py:507} INFO - Filling up the DagBag from /usr/local/lib/python3.10/dist-packages/airflow/example_dags/example_skip_dag.py
[2022-06-14 18:59:16,368] {processor.py:651} INFO - DAG(s) dict_keys(['example_skip_dag']) retrieved from /usr/local/lib/python3.10/dist-packages/airflow/example_dags/example_skip_dag.py
[2022-06-14 18:59:16,384] {logging_mixin.py:115} INFO - [2022-06-14 18:59:16,383] {dag.py:2371} INFO - Sync 1 DAGs
[2022-06-14 18:59:16,401] {logging_mixin.py:115} INFO - [2022-06-14 18:59:16,400] {dag.py:2915} INFO - Setting next_dagrun for example_skip_dag to 2022-06-13T13:29:16.400543+00:00, run_after=2022-06-14T13:29:16.400543+00:00
[2022-06-14 18:59:16,420] {processor.py:161} INFO - Processing /usr/local/lib/python3.10/dist-packages/airflow/example_dags/example_skip_dag.py took 0.060 seconds
[2022-06-14 18:59:55,405] {processor.py:153} INFO - Started process (PID=9279) to work on /usr/local/lib/python3.10/dist-packages/airflow/example_dags/example_skip_dag.py
[2022-06-14 18:59:55,405] {processor.py:641} INFO - Processing file /usr/local/lib/python3.10/dist-packages/airflow/example_dags/example_skip_dag.py for tasks to queue
[2022-06-14 18:59:55,406] {logging_mixin.py:115} INFO - [2022-06-14 18:59:55,405] {dagbag.py:507} INFO - Filling up the DagBag from /usr/local/lib/python3.10/dist-packages/airflow/example_dags/example_skip_dag.py
[2022-06-14 18:59:55,410] {processor.py:651} INFO - DAG(s) dict_keys(['example_skip_dag']) retrieved from /usr/local/lib/python3.10/dist-packages/airflow/example_dags/example_skip_dag.py
[2022-06-14 18:59:55,426] {logging_mixin.py:115} INFO - [2022-06-14 18:59:55,426] {dag.py:2371} INFO - Sync 1 DAGs
[2022-06-14 18:59:55,443] {logging_mixin.py:115} INFO - [2022-06-14 18:59:55,443] {dag.py:2915} INFO - Setting next_dagrun for example_skip_dag to 2022-06-13T13:29:55.442838+00:00, run_after=2022-06-14T13:29:55.442838+00:00
[2022-06-14 18:59:55,462] {processor.py:161} INFO - Processing /usr/local/lib/python3.10/dist-packages/airflow/example_dags/example_skip_dag.py took 0.060 seconds
[2022-06-14 19:00:32,853] {processor.py:153} INFO - Started process (PID=9341) to work on /usr/local/lib/python3.10/dist-packages/airflow/example_dags/example_skip_dag.py
[2022-06-14 19:00:32,855] {processor.py:641} INFO - Processing file /usr/local/lib/python3.10/dist-packages/airflow/example_dags/example_skip_dag.py for tasks to queue
[2022-06-14 19:00:32,855] {logging_mixin.py:115} INFO - [2022-06-14 19:00:32,855] {dagbag.py:507} INFO - Filling up the DagBag from /usr/local/lib/python3.10/dist-packages/airflow/example_dags/example_skip_dag.py
[2022-06-14 19:00:32,859] {processor.py:651} INFO - DAG(s) dict_keys(['example_skip_dag']) retrieved from /usr/local/lib/python3.10/dist-packages/airflow/example_dags/example_skip_dag.py
[2022-06-14 19:00:32,876] {logging_mixin.py:115} INFO - [2022-06-14 19:00:32,876] {dag.py:2371} INFO - Sync 1 DAGs
[2022-06-14 19:00:32,893] {logging_mixin.py:115} INFO - [2022-06-14 19:00:32,893] {dag.py:2915} INFO - Setting next_dagrun for example_skip_dag to 2022-06-13T13:30:32.893193+00:00, run_after=2022-06-14T13:30:32.893193+00:00
[2022-06-14 19:00:32,914] {processor.py:161} INFO - Processing /usr/local/lib/python3.10/dist-packages/airflow/example_dags/example_skip_dag.py took 0.064 seconds
[2022-06-14 19:01:16,705] {processor.py:153} INFO - Started process (PID=9403) to work on /usr/local/lib/python3.10/dist-packages/airflow/example_dags/example_skip_dag.py
[2022-06-14 19:01:16,705] {processor.py:641} INFO - Processing file /usr/local/lib/python3.10/dist-packages/airflow/example_dags/example_skip_dag.py for tasks to queue
[2022-06-14 19:01:16,706] {logging_mixin.py:115} INFO - [2022-06-14 19:01:16,706] {dagbag.py:507} INFO - Filling up the DagBag from /usr/local/lib/python3.10/dist-packages/airflow/example_dags/example_skip_dag.py
[2022-06-14 19:01:16,711] {processor.py:651} INFO - DAG(s) dict_keys(['example_skip_dag']) retrieved from /usr/local/lib/python3.10/dist-packages/airflow/example_dags/example_skip_dag.py
[2022-06-14 19:01:16,727] {logging_mixin.py:115} INFO - [2022-06-14 19:01:16,726] {dag.py:2371} INFO - Sync 1 DAGs
[2022-06-14 19:01:16,744] {logging_mixin.py:115} INFO - [2022-06-14 19:01:16,744] {dag.py:2915} INFO - Setting next_dagrun for example_skip_dag to 2022-06-13T13:31:16.744220+00:00, run_after=2022-06-14T13:31:16.744220+00:00
[2022-06-14 19:01:16,762] {processor.py:161} INFO - Processing /usr/local/lib/python3.10/dist-packages/airflow/example_dags/example_skip_dag.py took 0.060 seconds
[2022-06-14 19:01:55,027] {processor.py:153} INFO - Started process (PID=9454) to work on /usr/local/lib/python3.10/dist-packages/airflow/example_dags/example_skip_dag.py
[2022-06-14 19:01:55,028] {processor.py:641} INFO - Processing file /usr/local/lib/python3.10/dist-packages/airflow/example_dags/example_skip_dag.py for tasks to queue
[2022-06-14 19:01:55,028] {logging_mixin.py:115} INFO - [2022-06-14 19:01:55,028] {dagbag.py:507} INFO - Filling up the DagBag from /usr/local/lib/python3.10/dist-packages/airflow/example_dags/example_skip_dag.py
[2022-06-14 19:01:55,033] {processor.py:651} INFO - DAG(s) dict_keys(['example_skip_dag']) retrieved from /usr/local/lib/python3.10/dist-packages/airflow/example_dags/example_skip_dag.py
[2022-06-14 19:01:55,049] {logging_mixin.py:115} INFO - [2022-06-14 19:01:55,049] {dag.py:2371} INFO - Sync 1 DAGs
[2022-06-14 19:01:55,068] {logging_mixin.py:115} INFO - [2022-06-14 19:01:55,068] {dag.py:2915} INFO - Setting next_dagrun for example_skip_dag to 2022-06-13T13:31:55.067940+00:00, run_after=2022-06-14T13:31:55.067940+00:00
[2022-06-14 19:01:55,096] {processor.py:161} INFO - Processing /usr/local/lib/python3.10/dist-packages/airflow/example_dags/example_skip_dag.py took 0.071 seconds
[2022-06-14 19:02:36,268] {processor.py:153} INFO - Started process (PID=9510) to work on /usr/local/lib/python3.10/dist-packages/airflow/example_dags/example_skip_dag.py
[2022-06-14 19:02:36,269] {processor.py:641} INFO - Processing file /usr/local/lib/python3.10/dist-packages/airflow/example_dags/example_skip_dag.py for tasks to queue
[2022-06-14 19:02:36,269] {logging_mixin.py:115} INFO - [2022-06-14 19:02:36,269] {dagbag.py:507} INFO - Filling up the DagBag from /usr/local/lib/python3.10/dist-packages/airflow/example_dags/example_skip_dag.py
[2022-06-14 19:02:36,274] {processor.py:651} INFO - DAG(s) dict_keys(['example_skip_dag']) retrieved from /usr/local/lib/python3.10/dist-packages/airflow/example_dags/example_skip_dag.py
[2022-06-14 19:02:36,288] {logging_mixin.py:115} INFO - [2022-06-14 19:02:36,288] {dag.py:2371} INFO - Sync 1 DAGs
[2022-06-14 19:02:36,305] {logging_mixin.py:115} INFO - [2022-06-14 19:02:36,305] {dag.py:2915} INFO - Setting next_dagrun for example_skip_dag to 2022-06-13T13:32:36.304950+00:00, run_after=2022-06-14T13:32:36.304950+00:00
[2022-06-14 19:02:36,325] {processor.py:161} INFO - Processing /usr/local/lib/python3.10/dist-packages/airflow/example_dags/example_skip_dag.py took 0.059 seconds
[2022-06-14 19:03:16,147] {processor.py:153} INFO - Started process (PID=9604) to work on /usr/local/lib/python3.10/dist-packages/airflow/example_dags/example_skip_dag.py
[2022-06-14 19:03:16,148] {processor.py:641} INFO - Processing file /usr/local/lib/python3.10/dist-packages/airflow/example_dags/example_skip_dag.py for tasks to queue
[2022-06-14 19:03:16,148] {logging_mixin.py:115} INFO - [2022-06-14 19:03:16,148] {dagbag.py:507} INFO - Filling up the DagBag from /usr/local/lib/python3.10/dist-packages/airflow/example_dags/example_skip_dag.py
[2022-06-14 19:03:16,153] {processor.py:651} INFO - DAG(s) dict_keys(['example_skip_dag']) retrieved from /usr/local/lib/python3.10/dist-packages/airflow/example_dags/example_skip_dag.py
[2022-06-14 19:03:16,169] {logging_mixin.py:115} INFO - [2022-06-14 19:03:16,169] {dag.py:2371} INFO - Sync 1 DAGs
[2022-06-14 19:03:16,186] {logging_mixin.py:115} INFO - [2022-06-14 19:03:16,186] {dag.py:2915} INFO - Setting next_dagrun for example_skip_dag to 2022-06-13T13:33:16.186005+00:00, run_after=2022-06-14T13:33:16.186005+00:00
[2022-06-14 19:03:16,205] {processor.py:161} INFO - Processing /usr/local/lib/python3.10/dist-packages/airflow/example_dags/example_skip_dag.py took 0.060 seconds
[2022-06-14 19:04:00,492] {processor.py:153} INFO - Started process (PID=9664) to work on /usr/local/lib/python3.10/dist-packages/airflow/example_dags/example_skip_dag.py
[2022-06-14 19:04:00,492] {processor.py:641} INFO - Processing file /usr/local/lib/python3.10/dist-packages/airflow/example_dags/example_skip_dag.py for tasks to queue
[2022-06-14 19:04:00,493] {logging_mixin.py:115} INFO - [2022-06-14 19:04:00,493] {dagbag.py:507} INFO - Filling up the DagBag from /usr/local/lib/python3.10/dist-packages/airflow/example_dags/example_skip_dag.py
[2022-06-14 19:04:00,497] {processor.py:651} INFO - DAG(s) dict_keys(['example_skip_dag']) retrieved from /usr/local/lib/python3.10/dist-packages/airflow/example_dags/example_skip_dag.py
[2022-06-14 19:04:00,513] {logging_mixin.py:115} INFO - [2022-06-14 19:04:00,513] {dag.py:2371} INFO - Sync 1 DAGs
[2022-06-14 19:04:00,531] {logging_mixin.py:115} INFO - [2022-06-14 19:04:00,531] {dag.py:2915} INFO - Setting next_dagrun for example_skip_dag to 2022-06-13T13:34:00.531031+00:00, run_after=2022-06-14T13:34:00.531031+00:00
[2022-06-14 19:04:00,550] {processor.py:161} INFO - Processing /usr/local/lib/python3.10/dist-packages/airflow/example_dags/example_skip_dag.py took 0.060 seconds
[2022-06-14 19:04:41,701] {processor.py:153} INFO - Started process (PID=9718) to work on /usr/local/lib/python3.10/dist-packages/airflow/example_dags/example_skip_dag.py
[2022-06-14 19:04:41,702] {processor.py:641} INFO - Processing file /usr/local/lib/python3.10/dist-packages/airflow/example_dags/example_skip_dag.py for tasks to queue
[2022-06-14 19:04:41,703] {logging_mixin.py:115} INFO - [2022-06-14 19:04:41,703] {dagbag.py:507} INFO - Filling up the DagBag from /usr/local/lib/python3.10/dist-packages/airflow/example_dags/example_skip_dag.py
[2022-06-14 19:04:41,707] {processor.py:651} INFO - DAG(s) dict_keys(['example_skip_dag']) retrieved from /usr/local/lib/python3.10/dist-packages/airflow/example_dags/example_skip_dag.py
[2022-06-14 19:04:41,724] {logging_mixin.py:115} INFO - [2022-06-14 19:04:41,724] {dag.py:2371} INFO - Sync 1 DAGs
[2022-06-14 19:04:41,742] {logging_mixin.py:115} INFO - [2022-06-14 19:04:41,742] {dag.py:2915} INFO - Setting next_dagrun for example_skip_dag to 2022-06-13T13:34:41.742239+00:00, run_after=2022-06-14T13:34:41.742239+00:00
[2022-06-14 19:04:41,761] {processor.py:161} INFO - Processing /usr/local/lib/python3.10/dist-packages/airflow/example_dags/example_skip_dag.py took 0.062 seconds
[2022-06-14 19:05:17,800] {processor.py:153} INFO - Started process (PID=9767) to work on /usr/local/lib/python3.10/dist-packages/airflow/example_dags/example_skip_dag.py
[2022-06-14 19:05:17,801] {processor.py:641} INFO - Processing file /usr/local/lib/python3.10/dist-packages/airflow/example_dags/example_skip_dag.py for tasks to queue
[2022-06-14 19:05:17,801] {logging_mixin.py:115} INFO - [2022-06-14 19:05:17,801] {dagbag.py:507} INFO - Filling up the DagBag from /usr/local/lib/python3.10/dist-packages/airflow/example_dags/example_skip_dag.py
[2022-06-14 19:05:17,806] {processor.py:651} INFO - DAG(s) dict_keys(['example_skip_dag']) retrieved from /usr/local/lib/python3.10/dist-packages/airflow/example_dags/example_skip_dag.py
[2022-06-14 19:05:17,822] {logging_mixin.py:115} INFO - [2022-06-14 19:05:17,821] {dag.py:2371} INFO - Sync 1 DAGs
[2022-06-14 19:05:17,839] {logging_mixin.py:115} INFO - [2022-06-14 19:05:17,839] {dag.py:2915} INFO - Setting next_dagrun for example_skip_dag to 2022-06-13T13:35:17.839462+00:00, run_after=2022-06-14T13:35:17.839462+00:00
[2022-06-14 19:05:17,858] {processor.py:161} INFO - Processing /usr/local/lib/python3.10/dist-packages/airflow/example_dags/example_skip_dag.py took 0.061 seconds
[2022-06-14 19:06:02,696] {processor.py:153} INFO - Started process (PID=9834) to work on /usr/local/lib/python3.10/dist-packages/airflow/example_dags/example_skip_dag.py
[2022-06-14 19:06:02,697] {processor.py:641} INFO - Processing file /usr/local/lib/python3.10/dist-packages/airflow/example_dags/example_skip_dag.py for tasks to queue
[2022-06-14 19:06:02,697] {logging_mixin.py:115} INFO - [2022-06-14 19:06:02,697] {dagbag.py:507} INFO - Filling up the DagBag from /usr/local/lib/python3.10/dist-packages/airflow/example_dags/example_skip_dag.py
[2022-06-14 19:06:02,702] {processor.py:651} INFO - DAG(s) dict_keys(['example_skip_dag']) retrieved from /usr/local/lib/python3.10/dist-packages/airflow/example_dags/example_skip_dag.py
[2022-06-14 19:06:02,717] {logging_mixin.py:115} INFO - [2022-06-14 19:06:02,717] {dag.py:2371} INFO - Sync 1 DAGs
[2022-06-14 19:06:02,734] {logging_mixin.py:115} INFO - [2022-06-14 19:06:02,734] {dag.py:2915} INFO - Setting next_dagrun for example_skip_dag to 2022-06-13T13:36:02.734549+00:00, run_after=2022-06-14T13:36:02.734549+00:00
[2022-06-14 19:06:02,753] {processor.py:161} INFO - Processing /usr/local/lib/python3.10/dist-packages/airflow/example_dags/example_skip_dag.py took 0.060 seconds
[2022-06-14 19:06:44,754] {processor.py:153} INFO - Started process (PID=9887) to work on /usr/local/lib/python3.10/dist-packages/airflow/example_dags/example_skip_dag.py
[2022-06-14 19:06:44,755] {processor.py:641} INFO - Processing file /usr/local/lib/python3.10/dist-packages/airflow/example_dags/example_skip_dag.py for tasks to queue
[2022-06-14 19:06:44,755] {logging_mixin.py:115} INFO - [2022-06-14 19:06:44,755] {dagbag.py:507} INFO - Filling up the DagBag from /usr/local/lib/python3.10/dist-packages/airflow/example_dags/example_skip_dag.py
[2022-06-14 19:06:44,760] {processor.py:651} INFO - DAG(s) dict_keys(['example_skip_dag']) retrieved from /usr/local/lib/python3.10/dist-packages/airflow/example_dags/example_skip_dag.py
[2022-06-14 19:06:44,777] {logging_mixin.py:115} INFO - [2022-06-14 19:06:44,776] {dag.py:2371} INFO - Sync 1 DAGs
[2022-06-14 19:06:44,794] {logging_mixin.py:115} INFO - [2022-06-14 19:06:44,794] {dag.py:2915} INFO - Setting next_dagrun for example_skip_dag to 2022-06-13T13:36:44.794631+00:00, run_after=2022-06-14T13:36:44.794631+00:00
[2022-06-14 19:06:44,813] {processor.py:161} INFO - Processing /usr/local/lib/python3.10/dist-packages/airflow/example_dags/example_skip_dag.py took 0.062 seconds
[2022-06-14 19:07:22,673] {processor.py:153} INFO - Started process (PID=9946) to work on /usr/local/lib/python3.10/dist-packages/airflow/example_dags/example_skip_dag.py
[2022-06-14 19:07:22,673] {processor.py:641} INFO - Processing file /usr/local/lib/python3.10/dist-packages/airflow/example_dags/example_skip_dag.py for tasks to queue
[2022-06-14 19:07:22,674] {logging_mixin.py:115} INFO - [2022-06-14 19:07:22,674] {dagbag.py:507} INFO - Filling up the DagBag from /usr/local/lib/python3.10/dist-packages/airflow/example_dags/example_skip_dag.py
[2022-06-14 19:07:22,678] {processor.py:651} INFO - DAG(s) dict_keys(['example_skip_dag']) retrieved from /usr/local/lib/python3.10/dist-packages/airflow/example_dags/example_skip_dag.py
[2022-06-14 19:07:22,694] {logging_mixin.py:115} INFO - [2022-06-14 19:07:22,694] {dag.py:2371} INFO - Sync 1 DAGs
[2022-06-14 19:07:22,711] {logging_mixin.py:115} INFO - [2022-06-14 19:07:22,711] {dag.py:2915} INFO - Setting next_dagrun for example_skip_dag to 2022-06-13T13:37:22.710967+00:00, run_after=2022-06-14T13:37:22.710967+00:00
[2022-06-14 19:07:22,729] {processor.py:161} INFO - Processing /usr/local/lib/python3.10/dist-packages/airflow/example_dags/example_skip_dag.py took 0.059 seconds
[2022-06-14 19:08:04,866] {processor.py:153} INFO - Started process (PID=10005) to work on /usr/local/lib/python3.10/dist-packages/airflow/example_dags/example_skip_dag.py
[2022-06-14 19:08:04,867] {processor.py:641} INFO - Processing file /usr/local/lib/python3.10/dist-packages/airflow/example_dags/example_skip_dag.py for tasks to queue
[2022-06-14 19:08:04,867] {logging_mixin.py:115} INFO - [2022-06-14 19:08:04,867] {dagbag.py:507} INFO - Filling up the DagBag from /usr/local/lib/python3.10/dist-packages/airflow/example_dags/example_skip_dag.py
[2022-06-14 19:08:04,872] {processor.py:651} INFO - DAG(s) dict_keys(['example_skip_dag']) retrieved from /usr/local/lib/python3.10/dist-packages/airflow/example_dags/example_skip_dag.py
[2022-06-14 19:08:04,888] {logging_mixin.py:115} INFO - [2022-06-14 19:08:04,888] {dag.py:2371} INFO - Sync 1 DAGs
[2022-06-14 19:08:04,906] {logging_mixin.py:115} INFO - [2022-06-14 19:08:04,905] {dag.py:2915} INFO - Setting next_dagrun for example_skip_dag to 2022-06-13T13:38:04.905744+00:00, run_after=2022-06-14T13:38:04.905744+00:00
[2022-06-14 19:08:04,925] {processor.py:161} INFO - Processing /usr/local/lib/python3.10/dist-packages/airflow/example_dags/example_skip_dag.py took 0.061 seconds
[2022-06-14 19:08:44,098] {processor.py:153} INFO - Started process (PID=10056) to work on /usr/local/lib/python3.10/dist-packages/airflow/example_dags/example_skip_dag.py
[2022-06-14 19:08:44,099] {processor.py:641} INFO - Processing file /usr/local/lib/python3.10/dist-packages/airflow/example_dags/example_skip_dag.py for tasks to queue
[2022-06-14 19:08:44,099] {logging_mixin.py:115} INFO - [2022-06-14 19:08:44,099] {dagbag.py:507} INFO - Filling up the DagBag from /usr/local/lib/python3.10/dist-packages/airflow/example_dags/example_skip_dag.py
[2022-06-14 19:08:44,105] {processor.py:651} INFO - DAG(s) dict_keys(['example_skip_dag']) retrieved from /usr/local/lib/python3.10/dist-packages/airflow/example_dags/example_skip_dag.py
[2022-06-14 19:08:44,121] {logging_mixin.py:115} INFO - [2022-06-14 19:08:44,121] {dag.py:2371} INFO - Sync 1 DAGs
[2022-06-14 19:08:44,138] {logging_mixin.py:115} INFO - [2022-06-14 19:08:44,138] {dag.py:2915} INFO - Setting next_dagrun for example_skip_dag to 2022-06-13T13:38:44.138417+00:00, run_after=2022-06-14T13:38:44.138417+00:00
[2022-06-14 19:08:44,157] {processor.py:161} INFO - Processing /usr/local/lib/python3.10/dist-packages/airflow/example_dags/example_skip_dag.py took 0.061 seconds
[2022-06-14 19:09:26,488] {processor.py:153} INFO - Started process (PID=10119) to work on /usr/local/lib/python3.10/dist-packages/airflow/example_dags/example_skip_dag.py
[2022-06-14 19:09:26,489] {processor.py:641} INFO - Processing file /usr/local/lib/python3.10/dist-packages/airflow/example_dags/example_skip_dag.py for tasks to queue
[2022-06-14 19:09:26,489] {logging_mixin.py:115} INFO - [2022-06-14 19:09:26,489] {dagbag.py:507} INFO - Filling up the DagBag from /usr/local/lib/python3.10/dist-packages/airflow/example_dags/example_skip_dag.py
[2022-06-14 19:09:26,494] {processor.py:651} INFO - DAG(s) dict_keys(['example_skip_dag']) retrieved from /usr/local/lib/python3.10/dist-packages/airflow/example_dags/example_skip_dag.py
[2022-06-14 19:09:26,509] {logging_mixin.py:115} INFO - [2022-06-14 19:09:26,509] {dag.py:2371} INFO - Sync 1 DAGs
[2022-06-14 19:09:26,526] {logging_mixin.py:115} INFO - [2022-06-14 19:09:26,526] {dag.py:2915} INFO - Setting next_dagrun for example_skip_dag to 2022-06-13T13:39:26.526473+00:00, run_after=2022-06-14T13:39:26.526473+00:00
[2022-06-14 19:09:26,544] {processor.py:161} INFO - Processing /usr/local/lib/python3.10/dist-packages/airflow/example_dags/example_skip_dag.py took 0.058 seconds
[2022-06-14 19:10:01,401] {processor.py:153} INFO - Started process (PID=10184) to work on /usr/local/lib/python3.10/dist-packages/airflow/example_dags/example_skip_dag.py
[2022-06-14 19:10:01,401] {processor.py:641} INFO - Processing file /usr/local/lib/python3.10/dist-packages/airflow/example_dags/example_skip_dag.py for tasks to queue
[2022-06-14 19:10:01,402] {logging_mixin.py:115} INFO - [2022-06-14 19:10:01,402] {dagbag.py:507} INFO - Filling up the DagBag from /usr/local/lib/python3.10/dist-packages/airflow/example_dags/example_skip_dag.py
[2022-06-14 19:10:01,408] {processor.py:651} INFO - DAG(s) dict_keys(['example_skip_dag']) retrieved from /usr/local/lib/python3.10/dist-packages/airflow/example_dags/example_skip_dag.py
[2022-06-14 19:10:01,423] {logging_mixin.py:115} INFO - [2022-06-14 19:10:01,423] {dag.py:2371} INFO - Sync 1 DAGs
[2022-06-14 19:10:01,441] {logging_mixin.py:115} INFO - [2022-06-14 19:10:01,441] {dag.py:2915} INFO - Setting next_dagrun for example_skip_dag to 2022-06-13T13:40:01.441218+00:00, run_after=2022-06-14T13:40:01.441218+00:00
[2022-06-14 19:10:01,461] {processor.py:161} INFO - Processing /usr/local/lib/python3.10/dist-packages/airflow/example_dags/example_skip_dag.py took 0.062 seconds
[2022-06-14 19:10:40,424] {processor.py:153} INFO - Started process (PID=10770) to work on /usr/local/lib/python3.10/dist-packages/airflow/example_dags/example_skip_dag.py
[2022-06-14 19:10:40,426] {processor.py:641} INFO - Processing file /usr/local/lib/python3.10/dist-packages/airflow/example_dags/example_skip_dag.py for tasks to queue
[2022-06-14 19:10:40,426] {logging_mixin.py:115} INFO - [2022-06-14 19:10:40,426] {dagbag.py:507} INFO - Filling up the DagBag from /usr/local/lib/python3.10/dist-packages/airflow/example_dags/example_skip_dag.py
[2022-06-14 19:10:40,432] {processor.py:651} INFO - DAG(s) dict_keys(['example_skip_dag']) retrieved from /usr/local/lib/python3.10/dist-packages/airflow/example_dags/example_skip_dag.py
[2022-06-14 19:10:40,447] {logging_mixin.py:115} INFO - [2022-06-14 19:10:40,447] {dag.py:2371} INFO - Sync 1 DAGs
[2022-06-14 19:10:40,463] {logging_mixin.py:115} INFO - [2022-06-14 19:10:40,463] {dag.py:2915} INFO - Setting next_dagrun for example_skip_dag to 2022-06-13T13:40:40.463065+00:00, run_after=2022-06-14T13:40:40.463065+00:00
[2022-06-14 19:10:40,482] {processor.py:161} INFO - Processing /usr/local/lib/python3.10/dist-packages/airflow/example_dags/example_skip_dag.py took 0.060 seconds
