[2022-06-14 18:33:51,818] {processor.py:153} INFO - Started process (PID=6643) to work on /usr/local/lib/python3.10/dist-packages/airflow/example_dags/example_xcomargs.py
[2022-06-14 18:33:51,818] {processor.py:641} INFO - Processing file /usr/local/lib/python3.10/dist-packages/airflow/example_dags/example_xcomargs.py for tasks to queue
[2022-06-14 18:33:51,819] {logging_mixin.py:115} INFO - [2022-06-14 18:33:51,819] {dagbag.py:507} INFO - Filling up the DagBag from /usr/local/lib/python3.10/dist-packages/airflow/example_dags/example_xcomargs.py
[2022-06-14 18:33:51,842] {processor.py:651} INFO - DAG(s) dict_keys(['example_xcom_args', 'example_xcom_args_with_operators']) retrieved from /usr/local/lib/python3.10/dist-packages/airflow/example_dags/example_xcomargs.py
[2022-06-14 18:33:51,891] {logging_mixin.py:115} INFO - [2022-06-14 18:33:51,891] {dag.py:2371} INFO - Sync 2 DAGs
[2022-06-14 18:33:51,909] {logging_mixin.py:115} INFO - [2022-06-14 18:33:51,909] {dag.py:2915} INFO - Setting next_dagrun for example_xcom_args to None, run_after=None
[2022-06-14 18:33:51,909] {logging_mixin.py:115} INFO - [2022-06-14 18:33:51,909] {dag.py:2915} INFO - Setting next_dagrun for example_xcom_args_with_operators to None, run_after=None
[2022-06-14 18:33:51,939] {processor.py:161} INFO - Processing /usr/local/lib/python3.10/dist-packages/airflow/example_dags/example_xcomargs.py took 0.124 seconds
[2022-06-14 18:34:27,898] {processor.py:153} INFO - Started process (PID=6701) to work on /usr/local/lib/python3.10/dist-packages/airflow/example_dags/example_xcomargs.py
[2022-06-14 18:34:27,899] {processor.py:641} INFO - Processing file /usr/local/lib/python3.10/dist-packages/airflow/example_dags/example_xcomargs.py for tasks to queue
[2022-06-14 18:34:27,899] {logging_mixin.py:115} INFO - [2022-06-14 18:34:27,899] {dagbag.py:507} INFO - Filling up the DagBag from /usr/local/lib/python3.10/dist-packages/airflow/example_dags/example_xcomargs.py
[2022-06-14 18:34:27,917] {processor.py:651} INFO - DAG(s) dict_keys(['example_xcom_args', 'example_xcom_args_with_operators']) retrieved from /usr/local/lib/python3.10/dist-packages/airflow/example_dags/example_xcomargs.py
[2022-06-14 18:34:27,961] {logging_mixin.py:115} INFO - [2022-06-14 18:34:27,961] {dag.py:2371} INFO - Sync 2 DAGs
[2022-06-14 18:34:27,982] {logging_mixin.py:115} INFO - [2022-06-14 18:34:27,982] {dag.py:2915} INFO - Setting next_dagrun for example_xcom_args to None, run_after=None
[2022-06-14 18:34:27,982] {logging_mixin.py:115} INFO - [2022-06-14 18:34:27,982] {dag.py:2915} INFO - Setting next_dagrun for example_xcom_args_with_operators to None, run_after=None
[2022-06-14 18:34:28,003] {processor.py:161} INFO - Processing /usr/local/lib/python3.10/dist-packages/airflow/example_dags/example_xcomargs.py took 0.107 seconds
[2022-06-14 18:35:01,728] {processor.py:153} INFO - Started process (PID=6762) to work on /usr/local/lib/python3.10/dist-packages/airflow/example_dags/example_xcomargs.py
[2022-06-14 18:35:01,729] {processor.py:641} INFO - Processing file /usr/local/lib/python3.10/dist-packages/airflow/example_dags/example_xcomargs.py for tasks to queue
[2022-06-14 18:35:01,729] {logging_mixin.py:115} INFO - [2022-06-14 18:35:01,729] {dagbag.py:507} INFO - Filling up the DagBag from /usr/local/lib/python3.10/dist-packages/airflow/example_dags/example_xcomargs.py
[2022-06-14 18:35:01,749] {processor.py:651} INFO - DAG(s) dict_keys(['example_xcom_args', 'example_xcom_args_with_operators']) retrieved from /usr/local/lib/python3.10/dist-packages/airflow/example_dags/example_xcomargs.py
[2022-06-14 18:35:01,766] {logging_mixin.py:115} INFO - [2022-06-14 18:35:01,766] {dag.py:2371} INFO - Sync 2 DAGs
[2022-06-14 18:35:01,783] {logging_mixin.py:115} INFO - [2022-06-14 18:35:01,783] {dag.py:2915} INFO - Setting next_dagrun for example_xcom_args to None, run_after=None
[2022-06-14 18:35:01,783] {logging_mixin.py:115} INFO - [2022-06-14 18:35:01,783] {dag.py:2915} INFO - Setting next_dagrun for example_xcom_args_with_operators to None, run_after=None
[2022-06-14 18:35:01,801] {processor.py:161} INFO - Processing /usr/local/lib/python3.10/dist-packages/airflow/example_dags/example_xcomargs.py took 0.076 seconds
[2022-06-14 18:35:37,790] {processor.py:153} INFO - Started process (PID=6812) to work on /usr/local/lib/python3.10/dist-packages/airflow/example_dags/example_xcomargs.py
[2022-06-14 18:35:37,790] {processor.py:641} INFO - Processing file /usr/local/lib/python3.10/dist-packages/airflow/example_dags/example_xcomargs.py for tasks to queue
[2022-06-14 18:35:37,791] {logging_mixin.py:115} INFO - [2022-06-14 18:35:37,791] {dagbag.py:507} INFO - Filling up the DagBag from /usr/local/lib/python3.10/dist-packages/airflow/example_dags/example_xcomargs.py
[2022-06-14 18:35:37,811] {processor.py:651} INFO - DAG(s) dict_keys(['example_xcom_args', 'example_xcom_args_with_operators']) retrieved from /usr/local/lib/python3.10/dist-packages/airflow/example_dags/example_xcomargs.py
[2022-06-14 18:35:37,828] {logging_mixin.py:115} INFO - [2022-06-14 18:35:37,828] {dag.py:2371} INFO - Sync 2 DAGs
[2022-06-14 18:35:37,844] {logging_mixin.py:115} INFO - [2022-06-14 18:35:37,844] {dag.py:2915} INFO - Setting next_dagrun for example_xcom_args to None, run_after=None
[2022-06-14 18:35:37,844] {logging_mixin.py:115} INFO - [2022-06-14 18:35:37,844] {dag.py:2915} INFO - Setting next_dagrun for example_xcom_args_with_operators to None, run_after=None
[2022-06-14 18:35:37,862] {processor.py:161} INFO - Processing /usr/local/lib/python3.10/dist-packages/airflow/example_dags/example_xcomargs.py took 0.075 seconds
[2022-06-14 18:36:13,303] {processor.py:153} INFO - Started process (PID=6863) to work on /usr/local/lib/python3.10/dist-packages/airflow/example_dags/example_xcomargs.py
[2022-06-14 18:36:13,304] {processor.py:641} INFO - Processing file /usr/local/lib/python3.10/dist-packages/airflow/example_dags/example_xcomargs.py for tasks to queue
[2022-06-14 18:36:13,304] {logging_mixin.py:115} INFO - [2022-06-14 18:36:13,304] {dagbag.py:507} INFO - Filling up the DagBag from /usr/local/lib/python3.10/dist-packages/airflow/example_dags/example_xcomargs.py
[2022-06-14 18:36:13,322] {processor.py:651} INFO - DAG(s) dict_keys(['example_xcom_args', 'example_xcom_args_with_operators']) retrieved from /usr/local/lib/python3.10/dist-packages/airflow/example_dags/example_xcomargs.py
[2022-06-14 18:36:13,339] {logging_mixin.py:115} INFO - [2022-06-14 18:36:13,339] {dag.py:2371} INFO - Sync 2 DAGs
[2022-06-14 18:36:13,355] {logging_mixin.py:115} INFO - [2022-06-14 18:36:13,355] {dag.py:2915} INFO - Setting next_dagrun for example_xcom_args to None, run_after=None
[2022-06-14 18:36:13,356] {logging_mixin.py:115} INFO - [2022-06-14 18:36:13,356] {dag.py:2915} INFO - Setting next_dagrun for example_xcom_args_with_operators to None, run_after=None
[2022-06-14 18:36:13,373] {processor.py:161} INFO - Processing /usr/local/lib/python3.10/dist-packages/airflow/example_dags/example_xcomargs.py took 0.073 seconds
[2022-06-14 18:36:49,988] {processor.py:153} INFO - Started process (PID=6912) to work on /usr/local/lib/python3.10/dist-packages/airflow/example_dags/example_xcomargs.py
[2022-06-14 18:36:49,988] {processor.py:641} INFO - Processing file /usr/local/lib/python3.10/dist-packages/airflow/example_dags/example_xcomargs.py for tasks to queue
[2022-06-14 18:36:49,989] {logging_mixin.py:115} INFO - [2022-06-14 18:36:49,989] {dagbag.py:507} INFO - Filling up the DagBag from /usr/local/lib/python3.10/dist-packages/airflow/example_dags/example_xcomargs.py
[2022-06-14 18:36:50,007] {processor.py:651} INFO - DAG(s) dict_keys(['example_xcom_args', 'example_xcom_args_with_operators']) retrieved from /usr/local/lib/python3.10/dist-packages/airflow/example_dags/example_xcomargs.py
[2022-06-14 18:36:50,025] {logging_mixin.py:115} INFO - [2022-06-14 18:36:50,024] {dag.py:2371} INFO - Sync 2 DAGs
[2022-06-14 18:36:50,041] {logging_mixin.py:115} INFO - [2022-06-14 18:36:50,041] {dag.py:2915} INFO - Setting next_dagrun for example_xcom_args to None, run_after=None
[2022-06-14 18:36:50,041] {logging_mixin.py:115} INFO - [2022-06-14 18:36:50,041] {dag.py:2915} INFO - Setting next_dagrun for example_xcom_args_with_operators to None, run_after=None
[2022-06-14 18:36:50,060] {processor.py:161} INFO - Processing /usr/local/lib/python3.10/dist-packages/airflow/example_dags/example_xcomargs.py took 0.074 seconds
[2022-06-14 18:37:25,304] {processor.py:153} INFO - Started process (PID=6963) to work on /usr/local/lib/python3.10/dist-packages/airflow/example_dags/example_xcomargs.py
[2022-06-14 18:37:25,304] {processor.py:641} INFO - Processing file /usr/local/lib/python3.10/dist-packages/airflow/example_dags/example_xcomargs.py for tasks to queue
[2022-06-14 18:37:25,305] {logging_mixin.py:115} INFO - [2022-06-14 18:37:25,304] {dagbag.py:507} INFO - Filling up the DagBag from /usr/local/lib/python3.10/dist-packages/airflow/example_dags/example_xcomargs.py
[2022-06-14 18:37:25,323] {processor.py:651} INFO - DAG(s) dict_keys(['example_xcom_args', 'example_xcom_args_with_operators']) retrieved from /usr/local/lib/python3.10/dist-packages/airflow/example_dags/example_xcomargs.py
[2022-06-14 18:37:25,340] {logging_mixin.py:115} INFO - [2022-06-14 18:37:25,340] {dag.py:2371} INFO - Sync 2 DAGs
[2022-06-14 18:37:25,357] {logging_mixin.py:115} INFO - [2022-06-14 18:37:25,357] {dag.py:2915} INFO - Setting next_dagrun for example_xcom_args to None, run_after=None
[2022-06-14 18:37:25,358] {logging_mixin.py:115} INFO - [2022-06-14 18:37:25,358] {dag.py:2915} INFO - Setting next_dagrun for example_xcom_args_with_operators to None, run_after=None
[2022-06-14 18:37:25,375] {processor.py:161} INFO - Processing /usr/local/lib/python3.10/dist-packages/airflow/example_dags/example_xcomargs.py took 0.074 seconds
[2022-06-14 18:37:59,266] {processor.py:153} INFO - Started process (PID=7011) to work on /usr/local/lib/python3.10/dist-packages/airflow/example_dags/example_xcomargs.py
[2022-06-14 18:37:59,267] {processor.py:641} INFO - Processing file /usr/local/lib/python3.10/dist-packages/airflow/example_dags/example_xcomargs.py for tasks to queue
[2022-06-14 18:37:59,267] {logging_mixin.py:115} INFO - [2022-06-14 18:37:59,267] {dagbag.py:507} INFO - Filling up the DagBag from /usr/local/lib/python3.10/dist-packages/airflow/example_dags/example_xcomargs.py
[2022-06-14 18:37:59,285] {processor.py:651} INFO - DAG(s) dict_keys(['example_xcom_args', 'example_xcom_args_with_operators']) retrieved from /usr/local/lib/python3.10/dist-packages/airflow/example_dags/example_xcomargs.py
[2022-06-14 18:37:59,326] {logging_mixin.py:115} INFO - [2022-06-14 18:37:59,326] {dag.py:2371} INFO - Sync 2 DAGs
[2022-06-14 18:37:59,343] {logging_mixin.py:115} INFO - [2022-06-14 18:37:59,343] {dag.py:2915} INFO - Setting next_dagrun for example_xcom_args to None, run_after=None
[2022-06-14 18:37:59,343] {logging_mixin.py:115} INFO - [2022-06-14 18:37:59,343] {dag.py:2915} INFO - Setting next_dagrun for example_xcom_args_with_operators to None, run_after=None
[2022-06-14 18:37:59,362] {processor.py:161} INFO - Processing /usr/local/lib/python3.10/dist-packages/airflow/example_dags/example_xcomargs.py took 0.099 seconds
[2022-06-14 18:38:35,222] {processor.py:153} INFO - Started process (PID=7060) to work on /usr/local/lib/python3.10/dist-packages/airflow/example_dags/example_xcomargs.py
[2022-06-14 18:38:35,223] {processor.py:641} INFO - Processing file /usr/local/lib/python3.10/dist-packages/airflow/example_dags/example_xcomargs.py for tasks to queue
[2022-06-14 18:38:35,223] {logging_mixin.py:115} INFO - [2022-06-14 18:38:35,223] {dagbag.py:507} INFO - Filling up the DagBag from /usr/local/lib/python3.10/dist-packages/airflow/example_dags/example_xcomargs.py
[2022-06-14 18:38:35,242] {processor.py:651} INFO - DAG(s) dict_keys(['example_xcom_args', 'example_xcom_args_with_operators']) retrieved from /usr/local/lib/python3.10/dist-packages/airflow/example_dags/example_xcomargs.py
[2022-06-14 18:38:35,260] {logging_mixin.py:115} INFO - [2022-06-14 18:38:35,259] {dag.py:2371} INFO - Sync 2 DAGs
[2022-06-14 18:38:35,276] {logging_mixin.py:115} INFO - [2022-06-14 18:38:35,276] {dag.py:2915} INFO - Setting next_dagrun for example_xcom_args to None, run_after=None
[2022-06-14 18:38:35,276] {logging_mixin.py:115} INFO - [2022-06-14 18:38:35,276] {dag.py:2915} INFO - Setting next_dagrun for example_xcom_args_with_operators to None, run_after=None
[2022-06-14 18:38:35,295] {processor.py:161} INFO - Processing /usr/local/lib/python3.10/dist-packages/airflow/example_dags/example_xcomargs.py took 0.076 seconds
[2022-06-14 18:39:08,401] {processor.py:153} INFO - Started process (PID=7111) to work on /usr/local/lib/python3.10/dist-packages/airflow/example_dags/example_xcomargs.py
[2022-06-14 18:39:08,402] {processor.py:641} INFO - Processing file /usr/local/lib/python3.10/dist-packages/airflow/example_dags/example_xcomargs.py for tasks to queue
[2022-06-14 18:39:08,403] {logging_mixin.py:115} INFO - [2022-06-14 18:39:08,403] {dagbag.py:507} INFO - Filling up the DagBag from /usr/local/lib/python3.10/dist-packages/airflow/example_dags/example_xcomargs.py
[2022-06-14 18:39:08,421] {processor.py:651} INFO - DAG(s) dict_keys(['example_xcom_args', 'example_xcom_args_with_operators']) retrieved from /usr/local/lib/python3.10/dist-packages/airflow/example_dags/example_xcomargs.py
[2022-06-14 18:39:08,438] {logging_mixin.py:115} INFO - [2022-06-14 18:39:08,438] {dag.py:2371} INFO - Sync 2 DAGs
[2022-06-14 18:39:08,454] {logging_mixin.py:115} INFO - [2022-06-14 18:39:08,454] {dag.py:2915} INFO - Setting next_dagrun for example_xcom_args to None, run_after=None
[2022-06-14 18:39:08,454] {logging_mixin.py:115} INFO - [2022-06-14 18:39:08,454] {dag.py:2915} INFO - Setting next_dagrun for example_xcom_args_with_operators to None, run_after=None
[2022-06-14 18:39:08,472] {processor.py:161} INFO - Processing /usr/local/lib/python3.10/dist-packages/airflow/example_dags/example_xcomargs.py took 0.073 seconds
[2022-06-14 18:39:45,018] {processor.py:153} INFO - Started process (PID=7163) to work on /usr/local/lib/python3.10/dist-packages/airflow/example_dags/example_xcomargs.py
[2022-06-14 18:39:45,018] {processor.py:641} INFO - Processing file /usr/local/lib/python3.10/dist-packages/airflow/example_dags/example_xcomargs.py for tasks to queue
[2022-06-14 18:39:45,019] {logging_mixin.py:115} INFO - [2022-06-14 18:39:45,019] {dagbag.py:507} INFO - Filling up the DagBag from /usr/local/lib/python3.10/dist-packages/airflow/example_dags/example_xcomargs.py
[2022-06-14 18:39:45,037] {processor.py:651} INFO - DAG(s) dict_keys(['example_xcom_args', 'example_xcom_args_with_operators']) retrieved from /usr/local/lib/python3.10/dist-packages/airflow/example_dags/example_xcomargs.py
[2022-06-14 18:39:45,080] {logging_mixin.py:115} INFO - [2022-06-14 18:39:45,080] {dag.py:2371} INFO - Sync 2 DAGs
[2022-06-14 18:39:45,097] {logging_mixin.py:115} INFO - [2022-06-14 18:39:45,097] {dag.py:2915} INFO - Setting next_dagrun for example_xcom_args to None, run_after=None
[2022-06-14 18:39:45,097] {logging_mixin.py:115} INFO - [2022-06-14 18:39:45,097] {dag.py:2915} INFO - Setting next_dagrun for example_xcom_args_with_operators to None, run_after=None
[2022-06-14 18:39:45,117] {processor.py:161} INFO - Processing /usr/local/lib/python3.10/dist-packages/airflow/example_dags/example_xcomargs.py took 0.102 seconds
[2022-06-14 18:40:19,870] {processor.py:153} INFO - Started process (PID=7217) to work on /usr/local/lib/python3.10/dist-packages/airflow/example_dags/example_xcomargs.py
[2022-06-14 18:40:19,871] {processor.py:641} INFO - Processing file /usr/local/lib/python3.10/dist-packages/airflow/example_dags/example_xcomargs.py for tasks to queue
[2022-06-14 18:40:19,872] {logging_mixin.py:115} INFO - [2022-06-14 18:40:19,871] {dagbag.py:507} INFO - Filling up the DagBag from /usr/local/lib/python3.10/dist-packages/airflow/example_dags/example_xcomargs.py
[2022-06-14 18:40:19,889] {processor.py:651} INFO - DAG(s) dict_keys(['example_xcom_args', 'example_xcom_args_with_operators']) retrieved from /usr/local/lib/python3.10/dist-packages/airflow/example_dags/example_xcomargs.py
[2022-06-14 18:40:19,931] {logging_mixin.py:115} INFO - [2022-06-14 18:40:19,931] {dag.py:2371} INFO - Sync 2 DAGs
[2022-06-14 18:40:19,947] {logging_mixin.py:115} INFO - [2022-06-14 18:40:19,947] {dag.py:2915} INFO - Setting next_dagrun for example_xcom_args to None, run_after=None
[2022-06-14 18:40:19,947] {logging_mixin.py:115} INFO - [2022-06-14 18:40:19,947] {dag.py:2915} INFO - Setting next_dagrun for example_xcom_args_with_operators to None, run_after=None
[2022-06-14 18:40:19,969] {processor.py:161} INFO - Processing /usr/local/lib/python3.10/dist-packages/airflow/example_dags/example_xcomargs.py took 0.101 seconds
[2022-06-14 18:40:58,605] {processor.py:153} INFO - Started process (PID=7273) to work on /usr/local/lib/python3.10/dist-packages/airflow/example_dags/example_xcomargs.py
[2022-06-14 18:40:58,606] {processor.py:641} INFO - Processing file /usr/local/lib/python3.10/dist-packages/airflow/example_dags/example_xcomargs.py for tasks to queue
[2022-06-14 18:40:58,607] {logging_mixin.py:115} INFO - [2022-06-14 18:40:58,607] {dagbag.py:507} INFO - Filling up the DagBag from /usr/local/lib/python3.10/dist-packages/airflow/example_dags/example_xcomargs.py
[2022-06-14 18:40:58,625] {processor.py:651} INFO - DAG(s) dict_keys(['example_xcom_args', 'example_xcom_args_with_operators']) retrieved from /usr/local/lib/python3.10/dist-packages/airflow/example_dags/example_xcomargs.py
[2022-06-14 18:40:58,669] {logging_mixin.py:115} INFO - [2022-06-14 18:40:58,668] {dag.py:2371} INFO - Sync 2 DAGs
[2022-06-14 18:40:58,685] {logging_mixin.py:115} INFO - [2022-06-14 18:40:58,685] {dag.py:2915} INFO - Setting next_dagrun for example_xcom_args to None, run_after=None
[2022-06-14 18:40:58,686] {logging_mixin.py:115} INFO - [2022-06-14 18:40:58,686] {dag.py:2915} INFO - Setting next_dagrun for example_xcom_args_with_operators to None, run_after=None
[2022-06-14 18:40:58,705] {processor.py:161} INFO - Processing /usr/local/lib/python3.10/dist-packages/airflow/example_dags/example_xcomargs.py took 0.102 seconds
[2022-06-14 18:41:44,032] {processor.py:153} INFO - Started process (PID=7349) to work on /usr/local/lib/python3.10/dist-packages/airflow/example_dags/example_xcomargs.py
[2022-06-14 18:41:44,032] {processor.py:641} INFO - Processing file /usr/local/lib/python3.10/dist-packages/airflow/example_dags/example_xcomargs.py for tasks to queue
[2022-06-14 18:41:44,033] {logging_mixin.py:115} INFO - [2022-06-14 18:41:44,033] {dagbag.py:507} INFO - Filling up the DagBag from /usr/local/lib/python3.10/dist-packages/airflow/example_dags/example_xcomargs.py
[2022-06-14 18:41:44,051] {processor.py:651} INFO - DAG(s) dict_keys(['example_xcom_args', 'example_xcom_args_with_operators']) retrieved from /usr/local/lib/python3.10/dist-packages/airflow/example_dags/example_xcomargs.py
[2022-06-14 18:41:44,096] {logging_mixin.py:115} INFO - [2022-06-14 18:41:44,096] {dag.py:2371} INFO - Sync 2 DAGs
[2022-06-14 18:41:44,113] {logging_mixin.py:115} INFO - [2022-06-14 18:41:44,113] {dag.py:2915} INFO - Setting next_dagrun for example_xcom_args to None, run_after=None
[2022-06-14 18:41:44,113] {logging_mixin.py:115} INFO - [2022-06-14 18:41:44,113] {dag.py:2915} INFO - Setting next_dagrun for example_xcom_args_with_operators to None, run_after=None
[2022-06-14 18:41:44,133] {processor.py:161} INFO - Processing /usr/local/lib/python3.10/dist-packages/airflow/example_dags/example_xcomargs.py took 0.104 seconds
[2022-06-14 18:42:21,519] {processor.py:153} INFO - Started process (PID=7418) to work on /usr/local/lib/python3.10/dist-packages/airflow/example_dags/example_xcomargs.py
[2022-06-14 18:42:21,519] {processor.py:641} INFO - Processing file /usr/local/lib/python3.10/dist-packages/airflow/example_dags/example_xcomargs.py for tasks to queue
[2022-06-14 18:42:21,520] {logging_mixin.py:115} INFO - [2022-06-14 18:42:21,520] {dagbag.py:507} INFO - Filling up the DagBag from /usr/local/lib/python3.10/dist-packages/airflow/example_dags/example_xcomargs.py
[2022-06-14 18:42:21,545] {processor.py:651} INFO - DAG(s) dict_keys(['example_xcom_args', 'example_xcom_args_with_operators']) retrieved from /usr/local/lib/python3.10/dist-packages/airflow/example_dags/example_xcomargs.py
[2022-06-14 18:42:21,563] {logging_mixin.py:115} INFO - [2022-06-14 18:42:21,563] {dag.py:2371} INFO - Sync 2 DAGs
[2022-06-14 18:42:21,582] {logging_mixin.py:115} INFO - [2022-06-14 18:42:21,582] {dag.py:2915} INFO - Setting next_dagrun for example_xcom_args to None, run_after=None
[2022-06-14 18:42:21,582] {logging_mixin.py:115} INFO - [2022-06-14 18:42:21,582] {dag.py:2915} INFO - Setting next_dagrun for example_xcom_args_with_operators to None, run_after=None
[2022-06-14 18:42:21,604] {processor.py:161} INFO - Processing /usr/local/lib/python3.10/dist-packages/airflow/example_dags/example_xcomargs.py took 0.088 seconds
[2022-06-14 18:43:04,121] {processor.py:153} INFO - Started process (PID=7552) to work on /usr/local/lib/python3.10/dist-packages/airflow/example_dags/example_xcomargs.py
[2022-06-14 18:43:04,121] {processor.py:641} INFO - Processing file /usr/local/lib/python3.10/dist-packages/airflow/example_dags/example_xcomargs.py for tasks to queue
[2022-06-14 18:43:04,122] {logging_mixin.py:115} INFO - [2022-06-14 18:43:04,122] {dagbag.py:507} INFO - Filling up the DagBag from /usr/local/lib/python3.10/dist-packages/airflow/example_dags/example_xcomargs.py
[2022-06-14 18:43:04,140] {processor.py:651} INFO - DAG(s) dict_keys(['example_xcom_args', 'example_xcom_args_with_operators']) retrieved from /usr/local/lib/python3.10/dist-packages/airflow/example_dags/example_xcomargs.py
[2022-06-14 18:43:04,183] {logging_mixin.py:115} INFO - [2022-06-14 18:43:04,183] {dag.py:2371} INFO - Sync 2 DAGs
[2022-06-14 18:43:04,199] {logging_mixin.py:115} INFO - [2022-06-14 18:43:04,199] {dag.py:2915} INFO - Setting next_dagrun for example_xcom_args to None, run_after=None
[2022-06-14 18:43:04,199] {logging_mixin.py:115} INFO - [2022-06-14 18:43:04,199] {dag.py:2915} INFO - Setting next_dagrun for example_xcom_args_with_operators to None, run_after=None
[2022-06-14 18:43:04,218] {processor.py:161} INFO - Processing /usr/local/lib/python3.10/dist-packages/airflow/example_dags/example_xcomargs.py took 0.100 seconds
[2022-06-14 18:43:44,175] {processor.py:153} INFO - Started process (PID=7599) to work on /usr/local/lib/python3.10/dist-packages/airflow/example_dags/example_xcomargs.py
[2022-06-14 18:43:44,176] {processor.py:641} INFO - Processing file /usr/local/lib/python3.10/dist-packages/airflow/example_dags/example_xcomargs.py for tasks to queue
[2022-06-14 18:43:44,176] {logging_mixin.py:115} INFO - [2022-06-14 18:43:44,176] {dagbag.py:507} INFO - Filling up the DagBag from /usr/local/lib/python3.10/dist-packages/airflow/example_dags/example_xcomargs.py
[2022-06-14 18:43:44,194] {processor.py:651} INFO - DAG(s) dict_keys(['example_xcom_args', 'example_xcom_args_with_operators']) retrieved from /usr/local/lib/python3.10/dist-packages/airflow/example_dags/example_xcomargs.py
[2022-06-14 18:43:44,211] {logging_mixin.py:115} INFO - [2022-06-14 18:43:44,211] {dag.py:2371} INFO - Sync 2 DAGs
[2022-06-14 18:43:44,227] {logging_mixin.py:115} INFO - [2022-06-14 18:43:44,227] {dag.py:2915} INFO - Setting next_dagrun for example_xcom_args to None, run_after=None
[2022-06-14 18:43:44,227] {logging_mixin.py:115} INFO - [2022-06-14 18:43:44,227] {dag.py:2915} INFO - Setting next_dagrun for example_xcom_args_with_operators to None, run_after=None
[2022-06-14 18:43:44,245] {processor.py:161} INFO - Processing /usr/local/lib/python3.10/dist-packages/airflow/example_dags/example_xcomargs.py took 0.073 seconds
[2022-06-14 18:44:24,250] {processor.py:153} INFO - Started process (PID=7679) to work on /usr/local/lib/python3.10/dist-packages/airflow/example_dags/example_xcomargs.py
[2022-06-14 18:44:24,251] {processor.py:641} INFO - Processing file /usr/local/lib/python3.10/dist-packages/airflow/example_dags/example_xcomargs.py for tasks to queue
[2022-06-14 18:44:24,252] {logging_mixin.py:115} INFO - [2022-06-14 18:44:24,252] {dagbag.py:507} INFO - Filling up the DagBag from /usr/local/lib/python3.10/dist-packages/airflow/example_dags/example_xcomargs.py
[2022-06-14 18:44:24,271] {processor.py:651} INFO - DAG(s) dict_keys(['example_xcom_args', 'example_xcom_args_with_operators']) retrieved from /usr/local/lib/python3.10/dist-packages/airflow/example_dags/example_xcomargs.py
[2022-06-14 18:44:24,288] {logging_mixin.py:115} INFO - [2022-06-14 18:44:24,288] {dag.py:2371} INFO - Sync 2 DAGs
[2022-06-14 18:44:24,308] {logging_mixin.py:115} INFO - [2022-06-14 18:44:24,307] {dag.py:2915} INFO - Setting next_dagrun for example_xcom_args to None, run_after=None
[2022-06-14 18:44:24,308] {logging_mixin.py:115} INFO - [2022-06-14 18:44:24,308] {dag.py:2915} INFO - Setting next_dagrun for example_xcom_args_with_operators to None, run_after=None
[2022-06-14 18:44:24,327] {processor.py:161} INFO - Processing /usr/local/lib/python3.10/dist-packages/airflow/example_dags/example_xcomargs.py took 0.079 seconds
[2022-06-14 18:45:06,720] {processor.py:153} INFO - Started process (PID=7756) to work on /usr/local/lib/python3.10/dist-packages/airflow/example_dags/example_xcomargs.py
[2022-06-14 18:45:06,721] {processor.py:641} INFO - Processing file /usr/local/lib/python3.10/dist-packages/airflow/example_dags/example_xcomargs.py for tasks to queue
[2022-06-14 18:45:06,721] {logging_mixin.py:115} INFO - [2022-06-14 18:45:06,721] {dagbag.py:507} INFO - Filling up the DagBag from /usr/local/lib/python3.10/dist-packages/airflow/example_dags/example_xcomargs.py
[2022-06-14 18:45:06,740] {processor.py:651} INFO - DAG(s) dict_keys(['example_xcom_args', 'example_xcom_args_with_operators']) retrieved from /usr/local/lib/python3.10/dist-packages/airflow/example_dags/example_xcomargs.py
[2022-06-14 18:45:06,756] {logging_mixin.py:115} INFO - [2022-06-14 18:45:06,756] {dag.py:2371} INFO - Sync 2 DAGs
[2022-06-14 18:45:06,774] {logging_mixin.py:115} INFO - [2022-06-14 18:45:06,774] {dag.py:2915} INFO - Setting next_dagrun for example_xcom_args to None, run_after=None
[2022-06-14 18:45:06,774] {logging_mixin.py:115} INFO - [2022-06-14 18:45:06,774] {dag.py:2915} INFO - Setting next_dagrun for example_xcom_args_with_operators to None, run_after=None
[2022-06-14 18:45:06,792] {processor.py:161} INFO - Processing /usr/local/lib/python3.10/dist-packages/airflow/example_dags/example_xcomargs.py took 0.075 seconds
[2022-06-14 18:45:45,054] {processor.py:153} INFO - Started process (PID=7862) to work on /usr/local/lib/python3.10/dist-packages/airflow/example_dags/example_xcomargs.py
[2022-06-14 18:45:45,054] {processor.py:641} INFO - Processing file /usr/local/lib/python3.10/dist-packages/airflow/example_dags/example_xcomargs.py for tasks to queue
[2022-06-14 18:45:45,055] {logging_mixin.py:115} INFO - [2022-06-14 18:45:45,055] {dagbag.py:507} INFO - Filling up the DagBag from /usr/local/lib/python3.10/dist-packages/airflow/example_dags/example_xcomargs.py
[2022-06-14 18:45:45,075] {processor.py:651} INFO - DAG(s) dict_keys(['example_xcom_args', 'example_xcom_args_with_operators']) retrieved from /usr/local/lib/python3.10/dist-packages/airflow/example_dags/example_xcomargs.py
[2022-06-14 18:45:45,092] {logging_mixin.py:115} INFO - [2022-06-14 18:45:45,092] {dag.py:2371} INFO - Sync 2 DAGs
[2022-06-14 18:45:45,109] {logging_mixin.py:115} INFO - [2022-06-14 18:45:45,109] {dag.py:2915} INFO - Setting next_dagrun for example_xcom_args to None, run_after=None
[2022-06-14 18:45:45,109] {logging_mixin.py:115} INFO - [2022-06-14 18:45:45,109] {dag.py:2915} INFO - Setting next_dagrun for example_xcom_args_with_operators to None, run_after=None
[2022-06-14 18:45:45,126] {processor.py:161} INFO - Processing /usr/local/lib/python3.10/dist-packages/airflow/example_dags/example_xcomargs.py took 0.075 seconds
[2022-06-14 18:46:29,288] {processor.py:153} INFO - Started process (PID=7973) to work on /usr/local/lib/python3.10/dist-packages/airflow/example_dags/example_xcomargs.py
[2022-06-14 18:46:29,288] {processor.py:641} INFO - Processing file /usr/local/lib/python3.10/dist-packages/airflow/example_dags/example_xcomargs.py for tasks to queue
[2022-06-14 18:46:29,289] {logging_mixin.py:115} INFO - [2022-06-14 18:46:29,289] {dagbag.py:507} INFO - Filling up the DagBag from /usr/local/lib/python3.10/dist-packages/airflow/example_dags/example_xcomargs.py
[2022-06-14 18:46:29,308] {processor.py:651} INFO - DAG(s) dict_keys(['example_xcom_args', 'example_xcom_args_with_operators']) retrieved from /usr/local/lib/python3.10/dist-packages/airflow/example_dags/example_xcomargs.py
[2022-06-14 18:46:29,326] {logging_mixin.py:115} INFO - [2022-06-14 18:46:29,326] {dag.py:2371} INFO - Sync 2 DAGs
[2022-06-14 18:46:29,344] {logging_mixin.py:115} INFO - [2022-06-14 18:46:29,343] {dag.py:2915} INFO - Setting next_dagrun for example_xcom_args to None, run_after=None
[2022-06-14 18:46:29,344] {logging_mixin.py:115} INFO - [2022-06-14 18:46:29,344] {dag.py:2915} INFO - Setting next_dagrun for example_xcom_args_with_operators to None, run_after=None
[2022-06-14 18:46:29,362] {processor.py:161} INFO - Processing /usr/local/lib/python3.10/dist-packages/airflow/example_dags/example_xcomargs.py took 0.077 seconds
[2022-06-14 18:47:07,429] {processor.py:153} INFO - Started process (PID=8032) to work on /usr/local/lib/python3.10/dist-packages/airflow/example_dags/example_xcomargs.py
[2022-06-14 18:47:07,430] {processor.py:641} INFO - Processing file /usr/local/lib/python3.10/dist-packages/airflow/example_dags/example_xcomargs.py for tasks to queue
[2022-06-14 18:47:07,431] {logging_mixin.py:115} INFO - [2022-06-14 18:47:07,431] {dagbag.py:507} INFO - Filling up the DagBag from /usr/local/lib/python3.10/dist-packages/airflow/example_dags/example_xcomargs.py
[2022-06-14 18:47:07,449] {processor.py:651} INFO - DAG(s) dict_keys(['example_xcom_args', 'example_xcom_args_with_operators']) retrieved from /usr/local/lib/python3.10/dist-packages/airflow/example_dags/example_xcomargs.py
[2022-06-14 18:47:07,493] {logging_mixin.py:115} INFO - [2022-06-14 18:47:07,493] {dag.py:2371} INFO - Sync 2 DAGs
[2022-06-14 18:47:07,510] {logging_mixin.py:115} INFO - [2022-06-14 18:47:07,510] {dag.py:2915} INFO - Setting next_dagrun for example_xcom_args to None, run_after=None
[2022-06-14 18:47:07,511] {logging_mixin.py:115} INFO - [2022-06-14 18:47:07,510] {dag.py:2915} INFO - Setting next_dagrun for example_xcom_args_with_operators to None, run_after=None
[2022-06-14 18:47:07,530] {processor.py:161} INFO - Processing /usr/local/lib/python3.10/dist-packages/airflow/example_dags/example_xcomargs.py took 0.103 seconds
[2022-06-14 18:47:45,025] {processor.py:153} INFO - Started process (PID=8098) to work on /usr/local/lib/python3.10/dist-packages/airflow/example_dags/example_xcomargs.py
[2022-06-14 18:47:45,026] {processor.py:641} INFO - Processing file /usr/local/lib/python3.10/dist-packages/airflow/example_dags/example_xcomargs.py for tasks to queue
[2022-06-14 18:47:45,027] {logging_mixin.py:115} INFO - [2022-06-14 18:47:45,027] {dagbag.py:507} INFO - Filling up the DagBag from /usr/local/lib/python3.10/dist-packages/airflow/example_dags/example_xcomargs.py
[2022-06-14 18:47:45,045] {processor.py:651} INFO - DAG(s) dict_keys(['example_xcom_args', 'example_xcom_args_with_operators']) retrieved from /usr/local/lib/python3.10/dist-packages/airflow/example_dags/example_xcomargs.py
[2022-06-14 18:47:45,090] {logging_mixin.py:115} INFO - [2022-06-14 18:47:45,090] {dag.py:2371} INFO - Sync 2 DAGs
[2022-06-14 18:47:45,110] {logging_mixin.py:115} INFO - [2022-06-14 18:47:45,110] {dag.py:2915} INFO - Setting next_dagrun for example_xcom_args to None, run_after=None
[2022-06-14 18:47:45,111] {logging_mixin.py:115} INFO - [2022-06-14 18:47:45,111] {dag.py:2915} INFO - Setting next_dagrun for example_xcom_args_with_operators to None, run_after=None
[2022-06-14 18:47:45,130] {processor.py:161} INFO - Processing /usr/local/lib/python3.10/dist-packages/airflow/example_dags/example_xcomargs.py took 0.107 seconds
[2022-06-14 18:48:23,040] {processor.py:153} INFO - Started process (PID=8157) to work on /usr/local/lib/python3.10/dist-packages/airflow/example_dags/example_xcomargs.py
[2022-06-14 18:48:23,040] {processor.py:641} INFO - Processing file /usr/local/lib/python3.10/dist-packages/airflow/example_dags/example_xcomargs.py for tasks to queue
[2022-06-14 18:48:23,041] {logging_mixin.py:115} INFO - [2022-06-14 18:48:23,041] {dagbag.py:507} INFO - Filling up the DagBag from /usr/local/lib/python3.10/dist-packages/airflow/example_dags/example_xcomargs.py
[2022-06-14 18:48:23,059] {processor.py:651} INFO - DAG(s) dict_keys(['example_xcom_args', 'example_xcom_args_with_operators']) retrieved from /usr/local/lib/python3.10/dist-packages/airflow/example_dags/example_xcomargs.py
[2022-06-14 18:48:23,105] {logging_mixin.py:115} INFO - [2022-06-14 18:48:23,105] {dag.py:2371} INFO - Sync 2 DAGs
[2022-06-14 18:48:23,121] {logging_mixin.py:115} INFO - [2022-06-14 18:48:23,121] {dag.py:2915} INFO - Setting next_dagrun for example_xcom_args to None, run_after=None
[2022-06-14 18:48:23,121] {logging_mixin.py:115} INFO - [2022-06-14 18:48:23,121] {dag.py:2915} INFO - Setting next_dagrun for example_xcom_args_with_operators to None, run_after=None
[2022-06-14 18:48:23,141] {processor.py:161} INFO - Processing /usr/local/lib/python3.10/dist-packages/airflow/example_dags/example_xcomargs.py took 0.104 seconds
[2022-06-14 18:49:06,270] {processor.py:153} INFO - Started process (PID=8244) to work on /usr/local/lib/python3.10/dist-packages/airflow/example_dags/example_xcomargs.py
[2022-06-14 18:49:06,270] {processor.py:641} INFO - Processing file /usr/local/lib/python3.10/dist-packages/airflow/example_dags/example_xcomargs.py for tasks to queue
[2022-06-14 18:49:06,271] {logging_mixin.py:115} INFO - [2022-06-14 18:49:06,271] {dagbag.py:507} INFO - Filling up the DagBag from /usr/local/lib/python3.10/dist-packages/airflow/example_dags/example_xcomargs.py
[2022-06-14 18:49:06,289] {processor.py:651} INFO - DAG(s) dict_keys(['example_xcom_args', 'example_xcom_args_with_operators']) retrieved from /usr/local/lib/python3.10/dist-packages/airflow/example_dags/example_xcomargs.py
[2022-06-14 18:49:06,305] {logging_mixin.py:115} INFO - [2022-06-14 18:49:06,305] {dag.py:2371} INFO - Sync 2 DAGs
[2022-06-14 18:49:06,323] {logging_mixin.py:115} INFO - [2022-06-14 18:49:06,323] {dag.py:2915} INFO - Setting next_dagrun for example_xcom_args to None, run_after=None
[2022-06-14 18:49:06,323] {logging_mixin.py:115} INFO - [2022-06-14 18:49:06,323] {dag.py:2915} INFO - Setting next_dagrun for example_xcom_args_with_operators to None, run_after=None
[2022-06-14 18:49:06,341] {processor.py:161} INFO - Processing /usr/local/lib/python3.10/dist-packages/airflow/example_dags/example_xcomargs.py took 0.074 seconds
[2022-06-14 18:49:50,526] {processor.py:153} INFO - Started process (PID=8301) to work on /usr/local/lib/python3.10/dist-packages/airflow/example_dags/example_xcomargs.py
[2022-06-14 18:49:50,527] {processor.py:641} INFO - Processing file /usr/local/lib/python3.10/dist-packages/airflow/example_dags/example_xcomargs.py for tasks to queue
[2022-06-14 18:49:50,527] {logging_mixin.py:115} INFO - [2022-06-14 18:49:50,527] {dagbag.py:507} INFO - Filling up the DagBag from /usr/local/lib/python3.10/dist-packages/airflow/example_dags/example_xcomargs.py
[2022-06-14 18:49:50,546] {processor.py:651} INFO - DAG(s) dict_keys(['example_xcom_args', 'example_xcom_args_with_operators']) retrieved from /usr/local/lib/python3.10/dist-packages/airflow/example_dags/example_xcomargs.py
[2022-06-14 18:49:50,591] {logging_mixin.py:115} INFO - [2022-06-14 18:49:50,591] {dag.py:2371} INFO - Sync 2 DAGs
[2022-06-14 18:49:50,607] {logging_mixin.py:115} INFO - [2022-06-14 18:49:50,607] {dag.py:2915} INFO - Setting next_dagrun for example_xcom_args to None, run_after=None
[2022-06-14 18:49:50,607] {logging_mixin.py:115} INFO - [2022-06-14 18:49:50,607] {dag.py:2915} INFO - Setting next_dagrun for example_xcom_args_with_operators to None, run_after=None
[2022-06-14 18:49:50,627] {processor.py:161} INFO - Processing /usr/local/lib/python3.10/dist-packages/airflow/example_dags/example_xcomargs.py took 0.104 seconds
[2022-06-14 18:50:30,642] {processor.py:153} INFO - Started process (PID=8395) to work on /usr/local/lib/python3.10/dist-packages/airflow/example_dags/example_xcomargs.py
[2022-06-14 18:50:30,642] {processor.py:641} INFO - Processing file /usr/local/lib/python3.10/dist-packages/airflow/example_dags/example_xcomargs.py for tasks to queue
[2022-06-14 18:50:30,643] {logging_mixin.py:115} INFO - [2022-06-14 18:50:30,643] {dagbag.py:507} INFO - Filling up the DagBag from /usr/local/lib/python3.10/dist-packages/airflow/example_dags/example_xcomargs.py
[2022-06-14 18:50:30,660] {processor.py:651} INFO - DAG(s) dict_keys(['example_xcom_args', 'example_xcom_args_with_operators']) retrieved from /usr/local/lib/python3.10/dist-packages/airflow/example_dags/example_xcomargs.py
[2022-06-14 18:50:30,703] {logging_mixin.py:115} INFO - [2022-06-14 18:50:30,702] {dag.py:2371} INFO - Sync 2 DAGs
[2022-06-14 18:50:30,717] {logging_mixin.py:115} INFO - [2022-06-14 18:50:30,717] {dag.py:2915} INFO - Setting next_dagrun for example_xcom_args to None, run_after=None
[2022-06-14 18:50:30,717] {logging_mixin.py:115} INFO - [2022-06-14 18:50:30,717] {dag.py:2915} INFO - Setting next_dagrun for example_xcom_args_with_operators to None, run_after=None
[2022-06-14 18:50:30,736] {processor.py:161} INFO - Processing /usr/local/lib/python3.10/dist-packages/airflow/example_dags/example_xcomargs.py took 0.097 seconds
[2022-06-14 18:51:14,312] {processor.py:153} INFO - Started process (PID=8477) to work on /usr/local/lib/python3.10/dist-packages/airflow/example_dags/example_xcomargs.py
[2022-06-14 18:51:14,313] {processor.py:641} INFO - Processing file /usr/local/lib/python3.10/dist-packages/airflow/example_dags/example_xcomargs.py for tasks to queue
[2022-06-14 18:51:14,313] {logging_mixin.py:115} INFO - [2022-06-14 18:51:14,313] {dagbag.py:507} INFO - Filling up the DagBag from /usr/local/lib/python3.10/dist-packages/airflow/example_dags/example_xcomargs.py
[2022-06-14 18:51:14,334] {processor.py:651} INFO - DAG(s) dict_keys(['example_xcom_args', 'example_xcom_args_with_operators']) retrieved from /usr/local/lib/python3.10/dist-packages/airflow/example_dags/example_xcomargs.py
[2022-06-14 18:51:14,351] {logging_mixin.py:115} INFO - [2022-06-14 18:51:14,350] {dag.py:2371} INFO - Sync 2 DAGs
[2022-06-14 18:51:14,367] {logging_mixin.py:115} INFO - [2022-06-14 18:51:14,367] {dag.py:2915} INFO - Setting next_dagrun for example_xcom_args to None, run_after=None
[2022-06-14 18:51:14,367] {logging_mixin.py:115} INFO - [2022-06-14 18:51:14,367] {dag.py:2915} INFO - Setting next_dagrun for example_xcom_args_with_operators to None, run_after=None
[2022-06-14 18:51:14,385] {processor.py:161} INFO - Processing /usr/local/lib/python3.10/dist-packages/airflow/example_dags/example_xcomargs.py took 0.076 seconds
[2022-06-14 18:51:54,891] {processor.py:153} INFO - Started process (PID=8539) to work on /usr/local/lib/python3.10/dist-packages/airflow/example_dags/example_xcomargs.py
[2022-06-14 18:51:54,892] {processor.py:641} INFO - Processing file /usr/local/lib/python3.10/dist-packages/airflow/example_dags/example_xcomargs.py for tasks to queue
[2022-06-14 18:51:54,893] {logging_mixin.py:115} INFO - [2022-06-14 18:51:54,892] {dagbag.py:507} INFO - Filling up the DagBag from /usr/local/lib/python3.10/dist-packages/airflow/example_dags/example_xcomargs.py
[2022-06-14 18:51:54,913] {processor.py:651} INFO - DAG(s) dict_keys(['example_xcom_args', 'example_xcom_args_with_operators']) retrieved from /usr/local/lib/python3.10/dist-packages/airflow/example_dags/example_xcomargs.py
[2022-06-14 18:51:54,929] {logging_mixin.py:115} INFO - [2022-06-14 18:51:54,929] {dag.py:2371} INFO - Sync 2 DAGs
[2022-06-14 18:51:54,944] {logging_mixin.py:115} INFO - [2022-06-14 18:51:54,944] {dag.py:2915} INFO - Setting next_dagrun for example_xcom_args to None, run_after=None
[2022-06-14 18:51:54,944] {logging_mixin.py:115} INFO - [2022-06-14 18:51:54,944] {dag.py:2915} INFO - Setting next_dagrun for example_xcom_args_with_operators to None, run_after=None
[2022-06-14 18:51:54,962] {processor.py:161} INFO - Processing /usr/local/lib/python3.10/dist-packages/airflow/example_dags/example_xcomargs.py took 0.074 seconds
[2022-06-14 18:52:34,407] {processor.py:153} INFO - Started process (PID=8600) to work on /usr/local/lib/python3.10/dist-packages/airflow/example_dags/example_xcomargs.py
[2022-06-14 18:52:34,408] {processor.py:641} INFO - Processing file /usr/local/lib/python3.10/dist-packages/airflow/example_dags/example_xcomargs.py for tasks to queue
[2022-06-14 18:52:34,409] {logging_mixin.py:115} INFO - [2022-06-14 18:52:34,408] {dagbag.py:507} INFO - Filling up the DagBag from /usr/local/lib/python3.10/dist-packages/airflow/example_dags/example_xcomargs.py
[2022-06-14 18:52:34,430] {processor.py:651} INFO - DAG(s) dict_keys(['example_xcom_args', 'example_xcom_args_with_operators']) retrieved from /usr/local/lib/python3.10/dist-packages/airflow/example_dags/example_xcomargs.py
[2022-06-14 18:52:34,445] {logging_mixin.py:115} INFO - [2022-06-14 18:52:34,445] {dag.py:2371} INFO - Sync 2 DAGs
[2022-06-14 18:52:34,461] {logging_mixin.py:115} INFO - [2022-06-14 18:52:34,461] {dag.py:2915} INFO - Setting next_dagrun for example_xcom_args to None, run_after=None
[2022-06-14 18:52:34,461] {logging_mixin.py:115} INFO - [2022-06-14 18:52:34,461] {dag.py:2915} INFO - Setting next_dagrun for example_xcom_args_with_operators to None, run_after=None
[2022-06-14 18:52:34,478] {processor.py:161} INFO - Processing /usr/local/lib/python3.10/dist-packages/airflow/example_dags/example_xcomargs.py took 0.074 seconds
[2022-06-14 18:53:12,851] {processor.py:153} INFO - Started process (PID=8678) to work on /usr/local/lib/python3.10/dist-packages/airflow/example_dags/example_xcomargs.py
[2022-06-14 18:53:12,852] {processor.py:641} INFO - Processing file /usr/local/lib/python3.10/dist-packages/airflow/example_dags/example_xcomargs.py for tasks to queue
[2022-06-14 18:53:12,853] {logging_mixin.py:115} INFO - [2022-06-14 18:53:12,853] {dagbag.py:507} INFO - Filling up the DagBag from /usr/local/lib/python3.10/dist-packages/airflow/example_dags/example_xcomargs.py
[2022-06-14 18:53:12,875] {processor.py:651} INFO - DAG(s) dict_keys(['example_xcom_args', 'example_xcom_args_with_operators']) retrieved from /usr/local/lib/python3.10/dist-packages/airflow/example_dags/example_xcomargs.py
[2022-06-14 18:53:12,917] {logging_mixin.py:115} INFO - [2022-06-14 18:53:12,916] {dag.py:2371} INFO - Sync 2 DAGs
[2022-06-14 18:53:12,930] {logging_mixin.py:115} INFO - [2022-06-14 18:53:12,930] {dag.py:2915} INFO - Setting next_dagrun for example_xcom_args to None, run_after=None
[2022-06-14 18:53:12,931] {logging_mixin.py:115} INFO - [2022-06-14 18:53:12,931] {dag.py:2915} INFO - Setting next_dagrun for example_xcom_args_with_operators to None, run_after=None
[2022-06-14 18:53:12,949] {processor.py:161} INFO - Processing /usr/local/lib/python3.10/dist-packages/airflow/example_dags/example_xcomargs.py took 0.101 seconds
[2022-06-14 18:53:48,737] {processor.py:153} INFO - Started process (PID=8733) to work on /usr/local/lib/python3.10/dist-packages/airflow/example_dags/example_xcomargs.py
[2022-06-14 18:53:48,737] {processor.py:641} INFO - Processing file /usr/local/lib/python3.10/dist-packages/airflow/example_dags/example_xcomargs.py for tasks to queue
[2022-06-14 18:53:48,738] {logging_mixin.py:115} INFO - [2022-06-14 18:53:48,738] {dagbag.py:507} INFO - Filling up the DagBag from /usr/local/lib/python3.10/dist-packages/airflow/example_dags/example_xcomargs.py
[2022-06-14 18:53:48,759] {processor.py:651} INFO - DAG(s) dict_keys(['example_xcom_args', 'example_xcom_args_with_operators']) retrieved from /usr/local/lib/python3.10/dist-packages/airflow/example_dags/example_xcomargs.py
[2022-06-14 18:53:48,775] {logging_mixin.py:115} INFO - [2022-06-14 18:53:48,774] {dag.py:2371} INFO - Sync 2 DAGs
[2022-06-14 18:53:48,790] {logging_mixin.py:115} INFO - [2022-06-14 18:53:48,790] {dag.py:2915} INFO - Setting next_dagrun for example_xcom_args to None, run_after=None
[2022-06-14 18:53:48,790] {logging_mixin.py:115} INFO - [2022-06-14 18:53:48,790] {dag.py:2915} INFO - Setting next_dagrun for example_xcom_args_with_operators to None, run_after=None
[2022-06-14 18:53:48,807] {processor.py:161} INFO - Processing /usr/local/lib/python3.10/dist-packages/airflow/example_dags/example_xcomargs.py took 0.074 seconds
[2022-06-14 18:54:30,255] {processor.py:153} INFO - Started process (PID=8797) to work on /usr/local/lib/python3.10/dist-packages/airflow/example_dags/example_xcomargs.py
[2022-06-14 18:54:30,256] {processor.py:641} INFO - Processing file /usr/local/lib/python3.10/dist-packages/airflow/example_dags/example_xcomargs.py for tasks to queue
[2022-06-14 18:54:30,257] {logging_mixin.py:115} INFO - [2022-06-14 18:54:30,257] {dagbag.py:507} INFO - Filling up the DagBag from /usr/local/lib/python3.10/dist-packages/airflow/example_dags/example_xcomargs.py
[2022-06-14 18:54:30,278] {processor.py:651} INFO - DAG(s) dict_keys(['example_xcom_args', 'example_xcom_args_with_operators']) retrieved from /usr/local/lib/python3.10/dist-packages/airflow/example_dags/example_xcomargs.py
[2022-06-14 18:54:30,294] {logging_mixin.py:115} INFO - [2022-06-14 18:54:30,294] {dag.py:2371} INFO - Sync 2 DAGs
[2022-06-14 18:54:30,310] {logging_mixin.py:115} INFO - [2022-06-14 18:54:30,309] {dag.py:2915} INFO - Setting next_dagrun for example_xcom_args to None, run_after=None
[2022-06-14 18:54:30,310] {logging_mixin.py:115} INFO - [2022-06-14 18:54:30,310] {dag.py:2915} INFO - Setting next_dagrun for example_xcom_args_with_operators to None, run_after=None
[2022-06-14 18:54:30,327] {processor.py:161} INFO - Processing /usr/local/lib/python3.10/dist-packages/airflow/example_dags/example_xcomargs.py took 0.075 seconds
[2022-06-14 18:55:12,785] {processor.py:153} INFO - Started process (PID=8855) to work on /usr/local/lib/python3.10/dist-packages/airflow/example_dags/example_xcomargs.py
[2022-06-14 18:55:12,786] {processor.py:641} INFO - Processing file /usr/local/lib/python3.10/dist-packages/airflow/example_dags/example_xcomargs.py for tasks to queue
[2022-06-14 18:55:12,786] {logging_mixin.py:115} INFO - [2022-06-14 18:55:12,786] {dagbag.py:507} INFO - Filling up the DagBag from /usr/local/lib/python3.10/dist-packages/airflow/example_dags/example_xcomargs.py
[2022-06-14 18:55:12,807] {processor.py:651} INFO - DAG(s) dict_keys(['example_xcom_args', 'example_xcom_args_with_operators']) retrieved from /usr/local/lib/python3.10/dist-packages/airflow/example_dags/example_xcomargs.py
[2022-06-14 18:55:12,823] {logging_mixin.py:115} INFO - [2022-06-14 18:55:12,823] {dag.py:2371} INFO - Sync 2 DAGs
[2022-06-14 18:55:12,838] {logging_mixin.py:115} INFO - [2022-06-14 18:55:12,838] {dag.py:2915} INFO - Setting next_dagrun for example_xcom_args to None, run_after=None
[2022-06-14 18:55:12,839] {logging_mixin.py:115} INFO - [2022-06-14 18:55:12,839] {dag.py:2915} INFO - Setting next_dagrun for example_xcom_args_with_operators to None, run_after=None
[2022-06-14 18:55:12,856] {processor.py:161} INFO - Processing /usr/local/lib/python3.10/dist-packages/airflow/example_dags/example_xcomargs.py took 0.074 seconds
[2022-06-14 18:55:55,935] {processor.py:153} INFO - Started process (PID=8910) to work on /usr/local/lib/python3.10/dist-packages/airflow/example_dags/example_xcomargs.py
[2022-06-14 18:55:55,936] {processor.py:641} INFO - Processing file /usr/local/lib/python3.10/dist-packages/airflow/example_dags/example_xcomargs.py for tasks to queue
[2022-06-14 18:55:55,936] {logging_mixin.py:115} INFO - [2022-06-14 18:55:55,936] {dagbag.py:507} INFO - Filling up the DagBag from /usr/local/lib/python3.10/dist-packages/airflow/example_dags/example_xcomargs.py
[2022-06-14 18:55:55,954] {processor.py:651} INFO - DAG(s) dict_keys(['example_xcom_args', 'example_xcom_args_with_operators']) retrieved from /usr/local/lib/python3.10/dist-packages/airflow/example_dags/example_xcomargs.py
[2022-06-14 18:55:55,970] {logging_mixin.py:115} INFO - [2022-06-14 18:55:55,970] {dag.py:2371} INFO - Sync 2 DAGs
[2022-06-14 18:55:55,985] {logging_mixin.py:115} INFO - [2022-06-14 18:55:55,985] {dag.py:2915} INFO - Setting next_dagrun for example_xcom_args to None, run_after=None
[2022-06-14 18:55:55,986] {logging_mixin.py:115} INFO - [2022-06-14 18:55:55,985] {dag.py:2915} INFO - Setting next_dagrun for example_xcom_args_with_operators to None, run_after=None
[2022-06-14 18:55:56,003] {processor.py:161} INFO - Processing /usr/local/lib/python3.10/dist-packages/airflow/example_dags/example_xcomargs.py took 0.070 seconds
[2022-06-14 18:56:37,535] {processor.py:153} INFO - Started process (PID=8967) to work on /usr/local/lib/python3.10/dist-packages/airflow/example_dags/example_xcomargs.py
[2022-06-14 18:56:37,536] {processor.py:641} INFO - Processing file /usr/local/lib/python3.10/dist-packages/airflow/example_dags/example_xcomargs.py for tasks to queue
[2022-06-14 18:56:37,536] {logging_mixin.py:115} INFO - [2022-06-14 18:56:37,536] {dagbag.py:507} INFO - Filling up the DagBag from /usr/local/lib/python3.10/dist-packages/airflow/example_dags/example_xcomargs.py
[2022-06-14 18:56:37,556] {processor.py:651} INFO - DAG(s) dict_keys(['example_xcom_args', 'example_xcom_args_with_operators']) retrieved from /usr/local/lib/python3.10/dist-packages/airflow/example_dags/example_xcomargs.py
[2022-06-14 18:56:37,572] {logging_mixin.py:115} INFO - [2022-06-14 18:56:37,572] {dag.py:2371} INFO - Sync 2 DAGs
[2022-06-14 18:56:37,588] {logging_mixin.py:115} INFO - [2022-06-14 18:56:37,588] {dag.py:2915} INFO - Setting next_dagrun for example_xcom_args to None, run_after=None
[2022-06-14 18:56:37,588] {logging_mixin.py:115} INFO - [2022-06-14 18:56:37,588] {dag.py:2915} INFO - Setting next_dagrun for example_xcom_args_with_operators to None, run_after=None
[2022-06-14 18:56:37,606] {processor.py:161} INFO - Processing /usr/local/lib/python3.10/dist-packages/airflow/example_dags/example_xcomargs.py took 0.074 seconds
[2022-06-14 18:57:15,501] {processor.py:153} INFO - Started process (PID=9026) to work on /usr/local/lib/python3.10/dist-packages/airflow/example_dags/example_xcomargs.py
[2022-06-14 18:57:15,502] {processor.py:641} INFO - Processing file /usr/local/lib/python3.10/dist-packages/airflow/example_dags/example_xcomargs.py for tasks to queue
[2022-06-14 18:57:15,502] {logging_mixin.py:115} INFO - [2022-06-14 18:57:15,502] {dagbag.py:507} INFO - Filling up the DagBag from /usr/local/lib/python3.10/dist-packages/airflow/example_dags/example_xcomargs.py
[2022-06-14 18:57:15,523] {processor.py:651} INFO - DAG(s) dict_keys(['example_xcom_args', 'example_xcom_args_with_operators']) retrieved from /usr/local/lib/python3.10/dist-packages/airflow/example_dags/example_xcomargs.py
[2022-06-14 18:57:15,538] {logging_mixin.py:115} INFO - [2022-06-14 18:57:15,538] {dag.py:2371} INFO - Sync 2 DAGs
[2022-06-14 18:57:15,554] {logging_mixin.py:115} INFO - [2022-06-14 18:57:15,554] {dag.py:2915} INFO - Setting next_dagrun for example_xcom_args to None, run_after=None
[2022-06-14 18:57:15,554] {logging_mixin.py:115} INFO - [2022-06-14 18:57:15,554] {dag.py:2915} INFO - Setting next_dagrun for example_xcom_args_with_operators to None, run_after=None
[2022-06-14 18:57:15,571] {processor.py:161} INFO - Processing /usr/local/lib/python3.10/dist-packages/airflow/example_dags/example_xcomargs.py took 0.073 seconds
[2022-06-14 18:57:57,294] {processor.py:153} INFO - Started process (PID=9101) to work on /usr/local/lib/python3.10/dist-packages/airflow/example_dags/example_xcomargs.py
[2022-06-14 18:57:57,294] {processor.py:641} INFO - Processing file /usr/local/lib/python3.10/dist-packages/airflow/example_dags/example_xcomargs.py for tasks to queue
[2022-06-14 18:57:57,295] {logging_mixin.py:115} INFO - [2022-06-14 18:57:57,295] {dagbag.py:507} INFO - Filling up the DagBag from /usr/local/lib/python3.10/dist-packages/airflow/example_dags/example_xcomargs.py
[2022-06-14 18:57:57,313] {processor.py:651} INFO - DAG(s) dict_keys(['example_xcom_args', 'example_xcom_args_with_operators']) retrieved from /usr/local/lib/python3.10/dist-packages/airflow/example_dags/example_xcomargs.py
[2022-06-14 18:57:57,331] {logging_mixin.py:115} INFO - [2022-06-14 18:57:57,330] {dag.py:2371} INFO - Sync 2 DAGs
[2022-06-14 18:57:57,348] {logging_mixin.py:115} INFO - [2022-06-14 18:57:57,348] {dag.py:2915} INFO - Setting next_dagrun for example_xcom_args to None, run_after=None
[2022-06-14 18:57:57,348] {logging_mixin.py:115} INFO - [2022-06-14 18:57:57,348] {dag.py:2915} INFO - Setting next_dagrun for example_xcom_args_with_operators to None, run_after=None
[2022-06-14 18:57:57,365] {processor.py:161} INFO - Processing /usr/local/lib/python3.10/dist-packages/airflow/example_dags/example_xcomargs.py took 0.074 seconds
[2022-06-14 18:58:34,025] {processor.py:153} INFO - Started process (PID=9152) to work on /usr/local/lib/python3.10/dist-packages/airflow/example_dags/example_xcomargs.py
[2022-06-14 18:58:34,026] {processor.py:641} INFO - Processing file /usr/local/lib/python3.10/dist-packages/airflow/example_dags/example_xcomargs.py for tasks to queue
[2022-06-14 18:58:34,026] {logging_mixin.py:115} INFO - [2022-06-14 18:58:34,026] {dagbag.py:507} INFO - Filling up the DagBag from /usr/local/lib/python3.10/dist-packages/airflow/example_dags/example_xcomargs.py
[2022-06-14 18:58:34,045] {processor.py:651} INFO - DAG(s) dict_keys(['example_xcom_args', 'example_xcom_args_with_operators']) retrieved from /usr/local/lib/python3.10/dist-packages/airflow/example_dags/example_xcomargs.py
[2022-06-14 18:58:34,092] {logging_mixin.py:115} INFO - [2022-06-14 18:58:34,092] {dag.py:2371} INFO - Sync 2 DAGs
[2022-06-14 18:58:34,108] {logging_mixin.py:115} INFO - [2022-06-14 18:58:34,108] {dag.py:2915} INFO - Setting next_dagrun for example_xcom_args to None, run_after=None
[2022-06-14 18:58:34,108] {logging_mixin.py:115} INFO - [2022-06-14 18:58:34,108] {dag.py:2915} INFO - Setting next_dagrun for example_xcom_args_with_operators to None, run_after=None
[2022-06-14 18:58:34,127] {processor.py:161} INFO - Processing /usr/local/lib/python3.10/dist-packages/airflow/example_dags/example_xcomargs.py took 0.104 seconds
[2022-06-14 18:59:18,154] {processor.py:153} INFO - Started process (PID=9218) to work on /usr/local/lib/python3.10/dist-packages/airflow/example_dags/example_xcomargs.py
[2022-06-14 18:59:18,155] {processor.py:641} INFO - Processing file /usr/local/lib/python3.10/dist-packages/airflow/example_dags/example_xcomargs.py for tasks to queue
[2022-06-14 18:59:18,155] {logging_mixin.py:115} INFO - [2022-06-14 18:59:18,155] {dagbag.py:507} INFO - Filling up the DagBag from /usr/local/lib/python3.10/dist-packages/airflow/example_dags/example_xcomargs.py
[2022-06-14 18:59:18,173] {processor.py:651} INFO - DAG(s) dict_keys(['example_xcom_args', 'example_xcom_args_with_operators']) retrieved from /usr/local/lib/python3.10/dist-packages/airflow/example_dags/example_xcomargs.py
[2022-06-14 18:59:18,190] {logging_mixin.py:115} INFO - [2022-06-14 18:59:18,190] {dag.py:2371} INFO - Sync 2 DAGs
[2022-06-14 18:59:18,209] {logging_mixin.py:115} INFO - [2022-06-14 18:59:18,209] {dag.py:2915} INFO - Setting next_dagrun for example_xcom_args to None, run_after=None
[2022-06-14 18:59:18,209] {logging_mixin.py:115} INFO - [2022-06-14 18:59:18,209] {dag.py:2915} INFO - Setting next_dagrun for example_xcom_args_with_operators to None, run_after=None
[2022-06-14 18:59:18,227] {processor.py:161} INFO - Processing /usr/local/lib/python3.10/dist-packages/airflow/example_dags/example_xcomargs.py took 0.075 seconds
[2022-06-14 18:59:57,664] {processor.py:153} INFO - Started process (PID=9281) to work on /usr/local/lib/python3.10/dist-packages/airflow/example_dags/example_xcomargs.py
[2022-06-14 18:59:57,665] {processor.py:641} INFO - Processing file /usr/local/lib/python3.10/dist-packages/airflow/example_dags/example_xcomargs.py for tasks to queue
[2022-06-14 18:59:57,665] {logging_mixin.py:115} INFO - [2022-06-14 18:59:57,665] {dagbag.py:507} INFO - Filling up the DagBag from /usr/local/lib/python3.10/dist-packages/airflow/example_dags/example_xcomargs.py
[2022-06-14 18:59:57,683] {processor.py:651} INFO - DAG(s) dict_keys(['example_xcom_args', 'example_xcom_args_with_operators']) retrieved from /usr/local/lib/python3.10/dist-packages/airflow/example_dags/example_xcomargs.py
[2022-06-14 18:59:57,701] {logging_mixin.py:115} INFO - [2022-06-14 18:59:57,701] {dag.py:2371} INFO - Sync 2 DAGs
[2022-06-14 18:59:57,718] {logging_mixin.py:115} INFO - [2022-06-14 18:59:57,718] {dag.py:2915} INFO - Setting next_dagrun for example_xcom_args to None, run_after=None
[2022-06-14 18:59:57,718] {logging_mixin.py:115} INFO - [2022-06-14 18:59:57,718] {dag.py:2915} INFO - Setting next_dagrun for example_xcom_args_with_operators to None, run_after=None
[2022-06-14 18:59:57,736] {processor.py:161} INFO - Processing /usr/local/lib/python3.10/dist-packages/airflow/example_dags/example_xcomargs.py took 0.075 seconds
[2022-06-14 19:00:41,733] {processor.py:153} INFO - Started process (PID=9352) to work on /usr/local/lib/python3.10/dist-packages/airflow/example_dags/example_xcomargs.py
[2022-06-14 19:00:41,734] {processor.py:641} INFO - Processing file /usr/local/lib/python3.10/dist-packages/airflow/example_dags/example_xcomargs.py for tasks to queue
[2022-06-14 19:00:41,734] {logging_mixin.py:115} INFO - [2022-06-14 19:00:41,734] {dagbag.py:507} INFO - Filling up the DagBag from /usr/local/lib/python3.10/dist-packages/airflow/example_dags/example_xcomargs.py
[2022-06-14 19:00:41,752] {processor.py:651} INFO - DAG(s) dict_keys(['example_xcom_args', 'example_xcom_args_with_operators']) retrieved from /usr/local/lib/python3.10/dist-packages/airflow/example_dags/example_xcomargs.py
[2022-06-14 19:00:41,768] {logging_mixin.py:115} INFO - [2022-06-14 19:00:41,768] {dag.py:2371} INFO - Sync 2 DAGs
[2022-06-14 19:00:41,784] {logging_mixin.py:115} INFO - [2022-06-14 19:00:41,784] {dag.py:2915} INFO - Setting next_dagrun for example_xcom_args to None, run_after=None
[2022-06-14 19:00:41,785] {logging_mixin.py:115} INFO - [2022-06-14 19:00:41,784] {dag.py:2915} INFO - Setting next_dagrun for example_xcom_args_with_operators to None, run_after=None
[2022-06-14 19:00:41,803] {processor.py:161} INFO - Processing /usr/local/lib/python3.10/dist-packages/airflow/example_dags/example_xcomargs.py took 0.072 seconds
[2022-06-14 19:01:25,658] {processor.py:153} INFO - Started process (PID=9413) to work on /usr/local/lib/python3.10/dist-packages/airflow/example_dags/example_xcomargs.py
[2022-06-14 19:01:25,659] {processor.py:641} INFO - Processing file /usr/local/lib/python3.10/dist-packages/airflow/example_dags/example_xcomargs.py for tasks to queue
[2022-06-14 19:01:25,659] {logging_mixin.py:115} INFO - [2022-06-14 19:01:25,659] {dagbag.py:507} INFO - Filling up the DagBag from /usr/local/lib/python3.10/dist-packages/airflow/example_dags/example_xcomargs.py
[2022-06-14 19:01:25,679] {processor.py:651} INFO - DAG(s) dict_keys(['example_xcom_args', 'example_xcom_args_with_operators']) retrieved from /usr/local/lib/python3.10/dist-packages/airflow/example_dags/example_xcomargs.py
[2022-06-14 19:01:25,696] {logging_mixin.py:115} INFO - [2022-06-14 19:01:25,696] {dag.py:2371} INFO - Sync 2 DAGs
[2022-06-14 19:01:25,713] {logging_mixin.py:115} INFO - [2022-06-14 19:01:25,713] {dag.py:2915} INFO - Setting next_dagrun for example_xcom_args to None, run_after=None
[2022-06-14 19:01:25,714] {logging_mixin.py:115} INFO - [2022-06-14 19:01:25,714] {dag.py:2915} INFO - Setting next_dagrun for example_xcom_args_with_operators to None, run_after=None
[2022-06-14 19:01:25,731] {processor.py:161} INFO - Processing /usr/local/lib/python3.10/dist-packages/airflow/example_dags/example_xcomargs.py took 0.076 seconds
[2022-06-14 19:02:03,064] {processor.py:153} INFO - Started process (PID=9468) to work on /usr/local/lib/python3.10/dist-packages/airflow/example_dags/example_xcomargs.py
[2022-06-14 19:02:03,065] {processor.py:641} INFO - Processing file /usr/local/lib/python3.10/dist-packages/airflow/example_dags/example_xcomargs.py for tasks to queue
[2022-06-14 19:02:03,065] {logging_mixin.py:115} INFO - [2022-06-14 19:02:03,065] {dagbag.py:507} INFO - Filling up the DagBag from /usr/local/lib/python3.10/dist-packages/airflow/example_dags/example_xcomargs.py
[2022-06-14 19:02:03,084] {processor.py:651} INFO - DAG(s) dict_keys(['example_xcom_args', 'example_xcom_args_with_operators']) retrieved from /usr/local/lib/python3.10/dist-packages/airflow/example_dags/example_xcomargs.py
[2022-06-14 19:02:03,101] {logging_mixin.py:115} INFO - [2022-06-14 19:02:03,101] {dag.py:2371} INFO - Sync 2 DAGs
[2022-06-14 19:02:03,118] {logging_mixin.py:115} INFO - [2022-06-14 19:02:03,118] {dag.py:2915} INFO - Setting next_dagrun for example_xcom_args to None, run_after=None
[2022-06-14 19:02:03,118] {logging_mixin.py:115} INFO - [2022-06-14 19:02:03,118] {dag.py:2915} INFO - Setting next_dagrun for example_xcom_args_with_operators to None, run_after=None
[2022-06-14 19:02:03,136] {processor.py:161} INFO - Processing /usr/local/lib/python3.10/dist-packages/airflow/example_dags/example_xcomargs.py took 0.075 seconds
[2022-06-14 19:02:47,009] {processor.py:153} INFO - Started process (PID=9540) to work on /usr/local/lib/python3.10/dist-packages/airflow/example_dags/example_xcomargs.py
[2022-06-14 19:02:47,010] {processor.py:641} INFO - Processing file /usr/local/lib/python3.10/dist-packages/airflow/example_dags/example_xcomargs.py for tasks to queue
[2022-06-14 19:02:47,011] {logging_mixin.py:115} INFO - [2022-06-14 19:02:47,010] {dagbag.py:507} INFO - Filling up the DagBag from /usr/local/lib/python3.10/dist-packages/airflow/example_dags/example_xcomargs.py
[2022-06-14 19:02:47,032] {processor.py:651} INFO - DAG(s) dict_keys(['example_xcom_args', 'example_xcom_args_with_operators']) retrieved from /usr/local/lib/python3.10/dist-packages/airflow/example_dags/example_xcomargs.py
[2022-06-14 19:02:47,048] {logging_mixin.py:115} INFO - [2022-06-14 19:02:47,047] {dag.py:2371} INFO - Sync 2 DAGs
[2022-06-14 19:02:47,064] {logging_mixin.py:115} INFO - [2022-06-14 19:02:47,063] {dag.py:2915} INFO - Setting next_dagrun for example_xcom_args to None, run_after=None
[2022-06-14 19:02:47,064] {logging_mixin.py:115} INFO - [2022-06-14 19:02:47,064] {dag.py:2915} INFO - Setting next_dagrun for example_xcom_args_with_operators to None, run_after=None
[2022-06-14 19:02:47,081] {processor.py:161} INFO - Processing /usr/local/lib/python3.10/dist-packages/airflow/example_dags/example_xcomargs.py took 0.075 seconds
[2022-06-14 19:03:25,663] {processor.py:153} INFO - Started process (PID=9614) to work on /usr/local/lib/python3.10/dist-packages/airflow/example_dags/example_xcomargs.py
[2022-06-14 19:03:25,663] {processor.py:641} INFO - Processing file /usr/local/lib/python3.10/dist-packages/airflow/example_dags/example_xcomargs.py for tasks to queue
[2022-06-14 19:03:25,664] {logging_mixin.py:115} INFO - [2022-06-14 19:03:25,664] {dagbag.py:507} INFO - Filling up the DagBag from /usr/local/lib/python3.10/dist-packages/airflow/example_dags/example_xcomargs.py
[2022-06-14 19:03:25,683] {processor.py:651} INFO - DAG(s) dict_keys(['example_xcom_args', 'example_xcom_args_with_operators']) retrieved from /usr/local/lib/python3.10/dist-packages/airflow/example_dags/example_xcomargs.py
[2022-06-14 19:03:25,729] {logging_mixin.py:115} INFO - [2022-06-14 19:03:25,729] {dag.py:2371} INFO - Sync 2 DAGs
[2022-06-14 19:03:25,745] {logging_mixin.py:115} INFO - [2022-06-14 19:03:25,744] {dag.py:2915} INFO - Setting next_dagrun for example_xcom_args to None, run_after=None
[2022-06-14 19:03:25,745] {logging_mixin.py:115} INFO - [2022-06-14 19:03:25,745] {dag.py:2915} INFO - Setting next_dagrun for example_xcom_args_with_operators to None, run_after=None
[2022-06-14 19:03:25,764] {processor.py:161} INFO - Processing /usr/local/lib/python3.10/dist-packages/airflow/example_dags/example_xcomargs.py took 0.105 seconds
[2022-06-14 19:04:10,189] {processor.py:153} INFO - Started process (PID=9676) to work on /usr/local/lib/python3.10/dist-packages/airflow/example_dags/example_xcomargs.py
[2022-06-14 19:04:10,190] {processor.py:641} INFO - Processing file /usr/local/lib/python3.10/dist-packages/airflow/example_dags/example_xcomargs.py for tasks to queue
[2022-06-14 19:04:10,191] {logging_mixin.py:115} INFO - [2022-06-14 19:04:10,190] {dagbag.py:507} INFO - Filling up the DagBag from /usr/local/lib/python3.10/dist-packages/airflow/example_dags/example_xcomargs.py
[2022-06-14 19:04:10,209] {processor.py:651} INFO - DAG(s) dict_keys(['example_xcom_args', 'example_xcom_args_with_operators']) retrieved from /usr/local/lib/python3.10/dist-packages/airflow/example_dags/example_xcomargs.py
[2022-06-14 19:04:10,226] {logging_mixin.py:115} INFO - [2022-06-14 19:04:10,226] {dag.py:2371} INFO - Sync 2 DAGs
[2022-06-14 19:04:10,243] {logging_mixin.py:115} INFO - [2022-06-14 19:04:10,243] {dag.py:2915} INFO - Setting next_dagrun for example_xcom_args to None, run_after=None
[2022-06-14 19:04:10,243] {logging_mixin.py:115} INFO - [2022-06-14 19:04:10,243] {dag.py:2915} INFO - Setting next_dagrun for example_xcom_args_with_operators to None, run_after=None
[2022-06-14 19:04:10,260] {processor.py:161} INFO - Processing /usr/local/lib/python3.10/dist-packages/airflow/example_dags/example_xcomargs.py took 0.073 seconds
[2022-06-14 19:04:53,183] {processor.py:153} INFO - Started process (PID=9733) to work on /usr/local/lib/python3.10/dist-packages/airflow/example_dags/example_xcomargs.py
[2022-06-14 19:04:53,183] {processor.py:641} INFO - Processing file /usr/local/lib/python3.10/dist-packages/airflow/example_dags/example_xcomargs.py for tasks to queue
[2022-06-14 19:04:53,184] {logging_mixin.py:115} INFO - [2022-06-14 19:04:53,184] {dagbag.py:507} INFO - Filling up the DagBag from /usr/local/lib/python3.10/dist-packages/airflow/example_dags/example_xcomargs.py
[2022-06-14 19:04:53,202] {processor.py:651} INFO - DAG(s) dict_keys(['example_xcom_args', 'example_xcom_args_with_operators']) retrieved from /usr/local/lib/python3.10/dist-packages/airflow/example_dags/example_xcomargs.py
[2022-06-14 19:04:53,219] {logging_mixin.py:115} INFO - [2022-06-14 19:04:53,218] {dag.py:2371} INFO - Sync 2 DAGs
[2022-06-14 19:04:53,235] {logging_mixin.py:115} INFO - [2022-06-14 19:04:53,235] {dag.py:2915} INFO - Setting next_dagrun for example_xcom_args to None, run_after=None
[2022-06-14 19:04:53,235] {logging_mixin.py:115} INFO - [2022-06-14 19:04:53,235] {dag.py:2915} INFO - Setting next_dagrun for example_xcom_args_with_operators to None, run_after=None
[2022-06-14 19:04:53,253] {processor.py:161} INFO - Processing /usr/local/lib/python3.10/dist-packages/airflow/example_dags/example_xcomargs.py took 0.073 seconds
[2022-06-14 19:05:34,262] {processor.py:153} INFO - Started process (PID=9789) to work on /usr/local/lib/python3.10/dist-packages/airflow/example_dags/example_xcomargs.py
[2022-06-14 19:05:34,262] {processor.py:641} INFO - Processing file /usr/local/lib/python3.10/dist-packages/airflow/example_dags/example_xcomargs.py for tasks to queue
[2022-06-14 19:05:34,263] {logging_mixin.py:115} INFO - [2022-06-14 19:05:34,263] {dagbag.py:507} INFO - Filling up the DagBag from /usr/local/lib/python3.10/dist-packages/airflow/example_dags/example_xcomargs.py
[2022-06-14 19:05:34,281] {processor.py:651} INFO - DAG(s) dict_keys(['example_xcom_args', 'example_xcom_args_with_operators']) retrieved from /usr/local/lib/python3.10/dist-packages/airflow/example_dags/example_xcomargs.py
[2022-06-14 19:05:34,298] {logging_mixin.py:115} INFO - [2022-06-14 19:05:34,298] {dag.py:2371} INFO - Sync 2 DAGs
[2022-06-14 19:05:34,314] {logging_mixin.py:115} INFO - [2022-06-14 19:05:34,314] {dag.py:2915} INFO - Setting next_dagrun for example_xcom_args to None, run_after=None
[2022-06-14 19:05:34,314] {logging_mixin.py:115} INFO - [2022-06-14 19:05:34,314] {dag.py:2915} INFO - Setting next_dagrun for example_xcom_args_with_operators to None, run_after=None
[2022-06-14 19:05:34,332] {processor.py:161} INFO - Processing /usr/local/lib/python3.10/dist-packages/airflow/example_dags/example_xcomargs.py took 0.073 seconds
[2022-06-14 19:06:17,837] {processor.py:153} INFO - Started process (PID=9852) to work on /usr/local/lib/python3.10/dist-packages/airflow/example_dags/example_xcomargs.py
[2022-06-14 19:06:17,838] {processor.py:641} INFO - Processing file /usr/local/lib/python3.10/dist-packages/airflow/example_dags/example_xcomargs.py for tasks to queue
[2022-06-14 19:06:17,839] {logging_mixin.py:115} INFO - [2022-06-14 19:06:17,839] {dagbag.py:507} INFO - Filling up the DagBag from /usr/local/lib/python3.10/dist-packages/airflow/example_dags/example_xcomargs.py
[2022-06-14 19:06:17,857] {processor.py:651} INFO - DAG(s) dict_keys(['example_xcom_args', 'example_xcom_args_with_operators']) retrieved from /usr/local/lib/python3.10/dist-packages/airflow/example_dags/example_xcomargs.py
[2022-06-14 19:06:17,873] {logging_mixin.py:115} INFO - [2022-06-14 19:06:17,873] {dag.py:2371} INFO - Sync 2 DAGs
[2022-06-14 19:06:17,890] {logging_mixin.py:115} INFO - [2022-06-14 19:06:17,890] {dag.py:2915} INFO - Setting next_dagrun for example_xcom_args to None, run_after=None
[2022-06-14 19:06:17,890] {logging_mixin.py:115} INFO - [2022-06-14 19:06:17,890] {dag.py:2915} INFO - Setting next_dagrun for example_xcom_args_with_operators to None, run_after=None
[2022-06-14 19:06:17,907] {processor.py:161} INFO - Processing /usr/local/lib/python3.10/dist-packages/airflow/example_dags/example_xcomargs.py took 0.072 seconds
[2022-06-14 19:06:55,351] {processor.py:153} INFO - Started process (PID=9906) to work on /usr/local/lib/python3.10/dist-packages/airflow/example_dags/example_xcomargs.py
[2022-06-14 19:06:55,352] {processor.py:641} INFO - Processing file /usr/local/lib/python3.10/dist-packages/airflow/example_dags/example_xcomargs.py for tasks to queue
[2022-06-14 19:06:55,352] {logging_mixin.py:115} INFO - [2022-06-14 19:06:55,352] {dagbag.py:507} INFO - Filling up the DagBag from /usr/local/lib/python3.10/dist-packages/airflow/example_dags/example_xcomargs.py
[2022-06-14 19:06:55,371] {processor.py:651} INFO - DAG(s) dict_keys(['example_xcom_args', 'example_xcom_args_with_operators']) retrieved from /usr/local/lib/python3.10/dist-packages/airflow/example_dags/example_xcomargs.py
[2022-06-14 19:06:55,388] {logging_mixin.py:115} INFO - [2022-06-14 19:06:55,388] {dag.py:2371} INFO - Sync 2 DAGs
[2022-06-14 19:06:55,404] {logging_mixin.py:115} INFO - [2022-06-14 19:06:55,404] {dag.py:2915} INFO - Setting next_dagrun for example_xcom_args to None, run_after=None
[2022-06-14 19:06:55,405] {logging_mixin.py:115} INFO - [2022-06-14 19:06:55,405] {dag.py:2915} INFO - Setting next_dagrun for example_xcom_args_with_operators to None, run_after=None
[2022-06-14 19:06:55,423] {processor.py:161} INFO - Processing /usr/local/lib/python3.10/dist-packages/airflow/example_dags/example_xcomargs.py took 0.074 seconds
[2022-06-14 19:07:39,216] {processor.py:153} INFO - Started process (PID=9966) to work on /usr/local/lib/python3.10/dist-packages/airflow/example_dags/example_xcomargs.py
[2022-06-14 19:07:39,216] {processor.py:641} INFO - Processing file /usr/local/lib/python3.10/dist-packages/airflow/example_dags/example_xcomargs.py for tasks to queue
[2022-06-14 19:07:39,217] {logging_mixin.py:115} INFO - [2022-06-14 19:07:39,217] {dagbag.py:507} INFO - Filling up the DagBag from /usr/local/lib/python3.10/dist-packages/airflow/example_dags/example_xcomargs.py
[2022-06-14 19:07:39,235] {processor.py:651} INFO - DAG(s) dict_keys(['example_xcom_args', 'example_xcom_args_with_operators']) retrieved from /usr/local/lib/python3.10/dist-packages/airflow/example_dags/example_xcomargs.py
[2022-06-14 19:07:39,252] {logging_mixin.py:115} INFO - [2022-06-14 19:07:39,252] {dag.py:2371} INFO - Sync 2 DAGs
[2022-06-14 19:07:39,269] {logging_mixin.py:115} INFO - [2022-06-14 19:07:39,269] {dag.py:2915} INFO - Setting next_dagrun for example_xcom_args to None, run_after=None
[2022-06-14 19:07:39,269] {logging_mixin.py:115} INFO - [2022-06-14 19:07:39,269] {dag.py:2915} INFO - Setting next_dagrun for example_xcom_args_with_operators to None, run_after=None
[2022-06-14 19:07:39,287] {processor.py:161} INFO - Processing /usr/local/lib/python3.10/dist-packages/airflow/example_dags/example_xcomargs.py took 0.074 seconds
[2022-06-14 19:08:16,322] {processor.py:153} INFO - Started process (PID=10020) to work on /usr/local/lib/python3.10/dist-packages/airflow/example_dags/example_xcomargs.py
[2022-06-14 19:08:16,322] {processor.py:641} INFO - Processing file /usr/local/lib/python3.10/dist-packages/airflow/example_dags/example_xcomargs.py for tasks to queue
[2022-06-14 19:08:16,323] {logging_mixin.py:115} INFO - [2022-06-14 19:08:16,323] {dagbag.py:507} INFO - Filling up the DagBag from /usr/local/lib/python3.10/dist-packages/airflow/example_dags/example_xcomargs.py
[2022-06-14 19:08:16,341] {processor.py:651} INFO - DAG(s) dict_keys(['example_xcom_args', 'example_xcom_args_with_operators']) retrieved from /usr/local/lib/python3.10/dist-packages/airflow/example_dags/example_xcomargs.py
[2022-06-14 19:08:16,385] {logging_mixin.py:115} INFO - [2022-06-14 19:08:16,385] {dag.py:2371} INFO - Sync 2 DAGs
[2022-06-14 19:08:16,400] {logging_mixin.py:115} INFO - [2022-06-14 19:08:16,400] {dag.py:2915} INFO - Setting next_dagrun for example_xcom_args to None, run_after=None
[2022-06-14 19:08:16,400] {logging_mixin.py:115} INFO - [2022-06-14 19:08:16,400] {dag.py:2915} INFO - Setting next_dagrun for example_xcom_args_with_operators to None, run_after=None
[2022-06-14 19:08:16,419] {processor.py:161} INFO - Processing /usr/local/lib/python3.10/dist-packages/airflow/example_dags/example_xcomargs.py took 0.100 seconds
[2022-06-14 19:08:53,811] {processor.py:153} INFO - Started process (PID=10072) to work on /usr/local/lib/python3.10/dist-packages/airflow/example_dags/example_xcomargs.py
[2022-06-14 19:08:53,812] {processor.py:641} INFO - Processing file /usr/local/lib/python3.10/dist-packages/airflow/example_dags/example_xcomargs.py for tasks to queue
[2022-06-14 19:08:53,812] {logging_mixin.py:115} INFO - [2022-06-14 19:08:53,812] {dagbag.py:507} INFO - Filling up the DagBag from /usr/local/lib/python3.10/dist-packages/airflow/example_dags/example_xcomargs.py
[2022-06-14 19:08:53,831] {processor.py:651} INFO - DAG(s) dict_keys(['example_xcom_args', 'example_xcom_args_with_operators']) retrieved from /usr/local/lib/python3.10/dist-packages/airflow/example_dags/example_xcomargs.py
[2022-06-14 19:08:53,847] {logging_mixin.py:115} INFO - [2022-06-14 19:08:53,847] {dag.py:2371} INFO - Sync 2 DAGs
[2022-06-14 19:08:53,863] {logging_mixin.py:115} INFO - [2022-06-14 19:08:53,863] {dag.py:2915} INFO - Setting next_dagrun for example_xcom_args to None, run_after=None
[2022-06-14 19:08:53,863] {logging_mixin.py:115} INFO - [2022-06-14 19:08:53,863] {dag.py:2915} INFO - Setting next_dagrun for example_xcom_args_with_operators to None, run_after=None
[2022-06-14 19:08:53,880] {processor.py:161} INFO - Processing /usr/local/lib/python3.10/dist-packages/airflow/example_dags/example_xcomargs.py took 0.072 seconds
[2022-06-14 19:09:37,389] {processor.py:153} INFO - Started process (PID=10134) to work on /usr/local/lib/python3.10/dist-packages/airflow/example_dags/example_xcomargs.py
[2022-06-14 19:09:37,389] {processor.py:641} INFO - Processing file /usr/local/lib/python3.10/dist-packages/airflow/example_dags/example_xcomargs.py for tasks to queue
[2022-06-14 19:09:37,390] {logging_mixin.py:115} INFO - [2022-06-14 19:09:37,390] {dagbag.py:507} INFO - Filling up the DagBag from /usr/local/lib/python3.10/dist-packages/airflow/example_dags/example_xcomargs.py
[2022-06-14 19:09:37,409] {processor.py:651} INFO - DAG(s) dict_keys(['example_xcom_args', 'example_xcom_args_with_operators']) retrieved from /usr/local/lib/python3.10/dist-packages/airflow/example_dags/example_xcomargs.py
[2022-06-14 19:09:37,427] {logging_mixin.py:115} INFO - [2022-06-14 19:09:37,426] {dag.py:2371} INFO - Sync 2 DAGs
[2022-06-14 19:09:37,443] {logging_mixin.py:115} INFO - [2022-06-14 19:09:37,443] {dag.py:2915} INFO - Setting next_dagrun for example_xcom_args to None, run_after=None
[2022-06-14 19:09:37,443] {logging_mixin.py:115} INFO - [2022-06-14 19:09:37,443] {dag.py:2915} INFO - Setting next_dagrun for example_xcom_args_with_operators to None, run_after=None
[2022-06-14 19:09:37,461] {processor.py:161} INFO - Processing /usr/local/lib/python3.10/dist-packages/airflow/example_dags/example_xcomargs.py took 0.075 seconds
[2022-06-14 19:10:20,918] {processor.py:153} INFO - Started process (PID=10228) to work on /usr/local/lib/python3.10/dist-packages/airflow/example_dags/example_xcomargs.py
[2022-06-14 19:10:20,919] {processor.py:641} INFO - Processing file /usr/local/lib/python3.10/dist-packages/airflow/example_dags/example_xcomargs.py for tasks to queue
[2022-06-14 19:10:20,919] {logging_mixin.py:115} INFO - [2022-06-14 19:10:20,919] {dagbag.py:507} INFO - Filling up the DagBag from /usr/local/lib/python3.10/dist-packages/airflow/example_dags/example_xcomargs.py
[2022-06-14 19:10:20,938] {processor.py:651} INFO - DAG(s) dict_keys(['example_xcom_args', 'example_xcom_args_with_operators']) retrieved from /usr/local/lib/python3.10/dist-packages/airflow/example_dags/example_xcomargs.py
[2022-06-14 19:10:20,956] {logging_mixin.py:115} INFO - [2022-06-14 19:10:20,956] {dag.py:2371} INFO - Sync 2 DAGs
[2022-06-14 19:10:20,978] {logging_mixin.py:115} INFO - [2022-06-14 19:10:20,978] {dag.py:2915} INFO - Setting next_dagrun for example_xcom_args to None, run_after=None
[2022-06-14 19:10:20,978] {logging_mixin.py:115} INFO - [2022-06-14 19:10:20,978] {dag.py:2915} INFO - Setting next_dagrun for example_xcom_args_with_operators to None, run_after=None
[2022-06-14 19:10:21,000] {processor.py:161} INFO - Processing /usr/local/lib/python3.10/dist-packages/airflow/example_dags/example_xcomargs.py took 0.085 seconds
