[2022-06-14 18:33:42,572] {processor.py:153} INFO - Started process (PID=6629) to work on /usr/local/lib/python3.10/dist-packages/airflow/example_dags/example_time_delta_sensor_async.py
[2022-06-14 18:33:42,572] {processor.py:641} INFO - Processing file /usr/local/lib/python3.10/dist-packages/airflow/example_dags/example_time_delta_sensor_async.py for tasks to queue
[2022-06-14 18:33:42,573] {logging_mixin.py:115} INFO - [2022-06-14 18:33:42,573] {dagbag.py:507} INFO - Filling up the DagBag from /usr/local/lib/python3.10/dist-packages/airflow/example_dags/example_time_delta_sensor_async.py
[2022-06-14 18:33:42,577] {processor.py:651} INFO - DAG(s) dict_keys(['example_time_delta_sensor_async']) retrieved from /usr/local/lib/python3.10/dist-packages/airflow/example_dags/example_time_delta_sensor_async.py
[2022-06-14 18:33:42,598] {logging_mixin.py:115} INFO - [2022-06-14 18:33:42,598] {dag.py:2371} INFO - Sync 1 DAGs
[2022-06-14 18:33:42,614] {logging_mixin.py:115} INFO - [2022-06-14 18:33:42,614] {dag.py:2915} INFO - Setting next_dagrun for example_time_delta_sensor_async to None, run_after=None
[2022-06-14 18:33:42,639] {processor.py:161} INFO - Processing /usr/local/lib/python3.10/dist-packages/airflow/example_dags/example_time_delta_sensor_async.py took 0.069 seconds
[2022-06-14 18:34:16,456] {processor.py:153} INFO - Started process (PID=6686) to work on /usr/local/lib/python3.10/dist-packages/airflow/example_dags/example_time_delta_sensor_async.py
[2022-06-14 18:34:16,457] {processor.py:641} INFO - Processing file /usr/local/lib/python3.10/dist-packages/airflow/example_dags/example_time_delta_sensor_async.py for tasks to queue
[2022-06-14 18:34:16,458] {logging_mixin.py:115} INFO - [2022-06-14 18:34:16,457] {dagbag.py:507} INFO - Filling up the DagBag from /usr/local/lib/python3.10/dist-packages/airflow/example_dags/example_time_delta_sensor_async.py
[2022-06-14 18:34:16,462] {processor.py:651} INFO - DAG(s) dict_keys(['example_time_delta_sensor_async']) retrieved from /usr/local/lib/python3.10/dist-packages/airflow/example_dags/example_time_delta_sensor_async.py
[2022-06-14 18:34:16,483] {logging_mixin.py:115} INFO - [2022-06-14 18:34:16,483] {dag.py:2371} INFO - Sync 1 DAGs
[2022-06-14 18:34:16,501] {logging_mixin.py:115} INFO - [2022-06-14 18:34:16,501] {dag.py:2915} INFO - Setting next_dagrun for example_time_delta_sensor_async to None, run_after=None
[2022-06-14 18:34:16,521] {processor.py:161} INFO - Processing /usr/local/lib/python3.10/dist-packages/airflow/example_dags/example_time_delta_sensor_async.py took 0.067 seconds
[2022-06-14 18:34:51,432] {processor.py:153} INFO - Started process (PID=6740) to work on /usr/local/lib/python3.10/dist-packages/airflow/example_dags/example_time_delta_sensor_async.py
[2022-06-14 18:34:51,433] {processor.py:641} INFO - Processing file /usr/local/lib/python3.10/dist-packages/airflow/example_dags/example_time_delta_sensor_async.py for tasks to queue
[2022-06-14 18:34:51,434] {logging_mixin.py:115} INFO - [2022-06-14 18:34:51,433] {dagbag.py:507} INFO - Filling up the DagBag from /usr/local/lib/python3.10/dist-packages/airflow/example_dags/example_time_delta_sensor_async.py
[2022-06-14 18:34:51,439] {processor.py:651} INFO - DAG(s) dict_keys(['example_time_delta_sensor_async']) retrieved from /usr/local/lib/python3.10/dist-packages/airflow/example_dags/example_time_delta_sensor_async.py
[2022-06-14 18:34:51,464] {logging_mixin.py:115} INFO - [2022-06-14 18:34:51,464] {dag.py:2371} INFO - Sync 1 DAGs
[2022-06-14 18:34:51,486] {logging_mixin.py:115} INFO - [2022-06-14 18:34:51,486] {dag.py:2915} INFO - Setting next_dagrun for example_time_delta_sensor_async to None, run_after=None
[2022-06-14 18:34:51,506] {processor.py:161} INFO - Processing /usr/local/lib/python3.10/dist-packages/airflow/example_dags/example_time_delta_sensor_async.py took 0.076 seconds
[2022-06-14 18:35:26,865] {processor.py:153} INFO - Started process (PID=6795) to work on /usr/local/lib/python3.10/dist-packages/airflow/example_dags/example_time_delta_sensor_async.py
[2022-06-14 18:35:26,866] {processor.py:641} INFO - Processing file /usr/local/lib/python3.10/dist-packages/airflow/example_dags/example_time_delta_sensor_async.py for tasks to queue
[2022-06-14 18:35:26,866] {logging_mixin.py:115} INFO - [2022-06-14 18:35:26,866] {dagbag.py:507} INFO - Filling up the DagBag from /usr/local/lib/python3.10/dist-packages/airflow/example_dags/example_time_delta_sensor_async.py
[2022-06-14 18:35:26,871] {processor.py:651} INFO - DAG(s) dict_keys(['example_time_delta_sensor_async']) retrieved from /usr/local/lib/python3.10/dist-packages/airflow/example_dags/example_time_delta_sensor_async.py
[2022-06-14 18:35:26,901] {logging_mixin.py:115} INFO - [2022-06-14 18:35:26,901] {dag.py:2371} INFO - Sync 1 DAGs
[2022-06-14 18:35:26,920] {logging_mixin.py:115} INFO - [2022-06-14 18:35:26,920] {dag.py:2915} INFO - Setting next_dagrun for example_time_delta_sensor_async to None, run_after=None
[2022-06-14 18:35:26,949] {processor.py:161} INFO - Processing /usr/local/lib/python3.10/dist-packages/airflow/example_dags/example_time_delta_sensor_async.py took 0.087 seconds
[2022-06-14 18:36:00,963] {processor.py:153} INFO - Started process (PID=6848) to work on /usr/local/lib/python3.10/dist-packages/airflow/example_dags/example_time_delta_sensor_async.py
[2022-06-14 18:36:00,963] {processor.py:641} INFO - Processing file /usr/local/lib/python3.10/dist-packages/airflow/example_dags/example_time_delta_sensor_async.py for tasks to queue
[2022-06-14 18:36:00,964] {logging_mixin.py:115} INFO - [2022-06-14 18:36:00,964] {dagbag.py:507} INFO - Filling up the DagBag from /usr/local/lib/python3.10/dist-packages/airflow/example_dags/example_time_delta_sensor_async.py
[2022-06-14 18:36:00,968] {processor.py:651} INFO - DAG(s) dict_keys(['example_time_delta_sensor_async']) retrieved from /usr/local/lib/python3.10/dist-packages/airflow/example_dags/example_time_delta_sensor_async.py
[2022-06-14 18:36:00,989] {logging_mixin.py:115} INFO - [2022-06-14 18:36:00,989] {dag.py:2371} INFO - Sync 1 DAGs
[2022-06-14 18:36:01,006] {logging_mixin.py:115} INFO - [2022-06-14 18:36:01,005] {dag.py:2915} INFO - Setting next_dagrun for example_time_delta_sensor_async to None, run_after=None
[2022-06-14 18:36:01,023] {processor.py:161} INFO - Processing /usr/local/lib/python3.10/dist-packages/airflow/example_dags/example_time_delta_sensor_async.py took 0.063 seconds
[2022-06-14 18:36:36,812] {processor.py:153} INFO - Started process (PID=6891) to work on /usr/local/lib/python3.10/dist-packages/airflow/example_dags/example_time_delta_sensor_async.py
[2022-06-14 18:36:36,812] {processor.py:641} INFO - Processing file /usr/local/lib/python3.10/dist-packages/airflow/example_dags/example_time_delta_sensor_async.py for tasks to queue
[2022-06-14 18:36:36,813] {logging_mixin.py:115} INFO - [2022-06-14 18:36:36,813] {dagbag.py:507} INFO - Filling up the DagBag from /usr/local/lib/python3.10/dist-packages/airflow/example_dags/example_time_delta_sensor_async.py
[2022-06-14 18:36:36,817] {processor.py:651} INFO - DAG(s) dict_keys(['example_time_delta_sensor_async']) retrieved from /usr/local/lib/python3.10/dist-packages/airflow/example_dags/example_time_delta_sensor_async.py
[2022-06-14 18:36:36,838] {logging_mixin.py:115} INFO - [2022-06-14 18:36:36,838] {dag.py:2371} INFO - Sync 1 DAGs
[2022-06-14 18:36:36,855] {logging_mixin.py:115} INFO - [2022-06-14 18:36:36,855] {dag.py:2915} INFO - Setting next_dagrun for example_time_delta_sensor_async to None, run_after=None
[2022-06-14 18:36:36,873] {processor.py:161} INFO - Processing /usr/local/lib/python3.10/dist-packages/airflow/example_dags/example_time_delta_sensor_async.py took 0.063 seconds
[2022-06-14 18:37:11,775] {processor.py:153} INFO - Started process (PID=6948) to work on /usr/local/lib/python3.10/dist-packages/airflow/example_dags/example_time_delta_sensor_async.py
[2022-06-14 18:37:11,776] {processor.py:641} INFO - Processing file /usr/local/lib/python3.10/dist-packages/airflow/example_dags/example_time_delta_sensor_async.py for tasks to queue
[2022-06-14 18:37:11,776] {logging_mixin.py:115} INFO - [2022-06-14 18:37:11,776] {dagbag.py:507} INFO - Filling up the DagBag from /usr/local/lib/python3.10/dist-packages/airflow/example_dags/example_time_delta_sensor_async.py
[2022-06-14 18:37:11,781] {processor.py:651} INFO - DAG(s) dict_keys(['example_time_delta_sensor_async']) retrieved from /usr/local/lib/python3.10/dist-packages/airflow/example_dags/example_time_delta_sensor_async.py
[2022-06-14 18:37:11,802] {logging_mixin.py:115} INFO - [2022-06-14 18:37:11,802] {dag.py:2371} INFO - Sync 1 DAGs
[2022-06-14 18:37:11,819] {logging_mixin.py:115} INFO - [2022-06-14 18:37:11,819] {dag.py:2915} INFO - Setting next_dagrun for example_time_delta_sensor_async to None, run_after=None
[2022-06-14 18:37:11,839] {processor.py:161} INFO - Processing /usr/local/lib/python3.10/dist-packages/airflow/example_dags/example_time_delta_sensor_async.py took 0.066 seconds
[2022-06-14 18:37:46,679] {processor.py:153} INFO - Started process (PID=6991) to work on /usr/local/lib/python3.10/dist-packages/airflow/example_dags/example_time_delta_sensor_async.py
[2022-06-14 18:37:46,680] {processor.py:641} INFO - Processing file /usr/local/lib/python3.10/dist-packages/airflow/example_dags/example_time_delta_sensor_async.py for tasks to queue
[2022-06-14 18:37:46,680] {logging_mixin.py:115} INFO - [2022-06-14 18:37:46,680] {dagbag.py:507} INFO - Filling up the DagBag from /usr/local/lib/python3.10/dist-packages/airflow/example_dags/example_time_delta_sensor_async.py
[2022-06-14 18:37:46,685] {processor.py:651} INFO - DAG(s) dict_keys(['example_time_delta_sensor_async']) retrieved from /usr/local/lib/python3.10/dist-packages/airflow/example_dags/example_time_delta_sensor_async.py
[2022-06-14 18:37:46,706] {logging_mixin.py:115} INFO - [2022-06-14 18:37:46,706] {dag.py:2371} INFO - Sync 1 DAGs
[2022-06-14 18:37:46,723] {logging_mixin.py:115} INFO - [2022-06-14 18:37:46,723] {dag.py:2915} INFO - Setting next_dagrun for example_time_delta_sensor_async to None, run_after=None
[2022-06-14 18:37:46,740] {processor.py:161} INFO - Processing /usr/local/lib/python3.10/dist-packages/airflow/example_dags/example_time_delta_sensor_async.py took 0.064 seconds
[2022-06-14 18:38:22,627] {processor.py:153} INFO - Started process (PID=7043) to work on /usr/local/lib/python3.10/dist-packages/airflow/example_dags/example_time_delta_sensor_async.py
[2022-06-14 18:38:22,628] {processor.py:641} INFO - Processing file /usr/local/lib/python3.10/dist-packages/airflow/example_dags/example_time_delta_sensor_async.py for tasks to queue
[2022-06-14 18:38:22,629] {logging_mixin.py:115} INFO - [2022-06-14 18:38:22,628] {dagbag.py:507} INFO - Filling up the DagBag from /usr/local/lib/python3.10/dist-packages/airflow/example_dags/example_time_delta_sensor_async.py
[2022-06-14 18:38:22,635] {processor.py:651} INFO - DAG(s) dict_keys(['example_time_delta_sensor_async']) retrieved from /usr/local/lib/python3.10/dist-packages/airflow/example_dags/example_time_delta_sensor_async.py
[2022-06-14 18:38:22,662] {logging_mixin.py:115} INFO - [2022-06-14 18:38:22,662] {dag.py:2371} INFO - Sync 1 DAGs
[2022-06-14 18:38:22,682] {logging_mixin.py:115} INFO - [2022-06-14 18:38:22,682] {dag.py:2915} INFO - Setting next_dagrun for example_time_delta_sensor_async to None, run_after=None
[2022-06-14 18:38:22,703] {processor.py:161} INFO - Processing /usr/local/lib/python3.10/dist-packages/airflow/example_dags/example_time_delta_sensor_async.py took 0.079 seconds
[2022-06-14 18:38:53,528] {processor.py:153} INFO - Started process (PID=7085) to work on /usr/local/lib/python3.10/dist-packages/airflow/example_dags/example_time_delta_sensor_async.py
[2022-06-14 18:38:53,529] {processor.py:641} INFO - Processing file /usr/local/lib/python3.10/dist-packages/airflow/example_dags/example_time_delta_sensor_async.py for tasks to queue
[2022-06-14 18:38:53,529] {logging_mixin.py:115} INFO - [2022-06-14 18:38:53,529] {dagbag.py:507} INFO - Filling up the DagBag from /usr/local/lib/python3.10/dist-packages/airflow/example_dags/example_time_delta_sensor_async.py
[2022-06-14 18:38:53,536] {processor.py:651} INFO - DAG(s) dict_keys(['example_time_delta_sensor_async']) retrieved from /usr/local/lib/python3.10/dist-packages/airflow/example_dags/example_time_delta_sensor_async.py
[2022-06-14 18:38:53,557] {logging_mixin.py:115} INFO - [2022-06-14 18:38:53,557] {dag.py:2371} INFO - Sync 1 DAGs
[2022-06-14 18:38:53,573] {logging_mixin.py:115} INFO - [2022-06-14 18:38:53,573] {dag.py:2915} INFO - Setting next_dagrun for example_time_delta_sensor_async to None, run_after=None
[2022-06-14 18:38:53,591] {processor.py:161} INFO - Processing /usr/local/lib/python3.10/dist-packages/airflow/example_dags/example_time_delta_sensor_async.py took 0.065 seconds
[2022-06-14 18:39:29,636] {processor.py:153} INFO - Started process (PID=7142) to work on /usr/local/lib/python3.10/dist-packages/airflow/example_dags/example_time_delta_sensor_async.py
[2022-06-14 18:39:29,637] {processor.py:641} INFO - Processing file /usr/local/lib/python3.10/dist-packages/airflow/example_dags/example_time_delta_sensor_async.py for tasks to queue
[2022-06-14 18:39:29,637] {logging_mixin.py:115} INFO - [2022-06-14 18:39:29,637] {dagbag.py:507} INFO - Filling up the DagBag from /usr/local/lib/python3.10/dist-packages/airflow/example_dags/example_time_delta_sensor_async.py
[2022-06-14 18:39:29,642] {processor.py:651} INFO - DAG(s) dict_keys(['example_time_delta_sensor_async']) retrieved from /usr/local/lib/python3.10/dist-packages/airflow/example_dags/example_time_delta_sensor_async.py
[2022-06-14 18:39:29,662] {logging_mixin.py:115} INFO - [2022-06-14 18:39:29,662] {dag.py:2371} INFO - Sync 1 DAGs
[2022-06-14 18:39:29,679] {logging_mixin.py:115} INFO - [2022-06-14 18:39:29,679] {dag.py:2915} INFO - Setting next_dagrun for example_time_delta_sensor_async to None, run_after=None
[2022-06-14 18:39:29,698] {processor.py:161} INFO - Processing /usr/local/lib/python3.10/dist-packages/airflow/example_dags/example_time_delta_sensor_async.py took 0.064 seconds
[2022-06-14 18:40:02,472] {processor.py:153} INFO - Started process (PID=7192) to work on /usr/local/lib/python3.10/dist-packages/airflow/example_dags/example_time_delta_sensor_async.py
[2022-06-14 18:40:02,473] {processor.py:641} INFO - Processing file /usr/local/lib/python3.10/dist-packages/airflow/example_dags/example_time_delta_sensor_async.py for tasks to queue
[2022-06-14 18:40:02,474] {logging_mixin.py:115} INFO - [2022-06-14 18:40:02,474] {dagbag.py:507} INFO - Filling up the DagBag from /usr/local/lib/python3.10/dist-packages/airflow/example_dags/example_time_delta_sensor_async.py
[2022-06-14 18:40:02,479] {processor.py:651} INFO - DAG(s) dict_keys(['example_time_delta_sensor_async']) retrieved from /usr/local/lib/python3.10/dist-packages/airflow/example_dags/example_time_delta_sensor_async.py
[2022-06-14 18:40:02,501] {logging_mixin.py:115} INFO - [2022-06-14 18:40:02,500] {dag.py:2371} INFO - Sync 1 DAGs
[2022-06-14 18:40:02,518] {logging_mixin.py:115} INFO - [2022-06-14 18:40:02,518] {dag.py:2915} INFO - Setting next_dagrun for example_time_delta_sensor_async to None, run_after=None
[2022-06-14 18:40:02,535] {processor.py:161} INFO - Processing /usr/local/lib/python3.10/dist-packages/airflow/example_dags/example_time_delta_sensor_async.py took 0.066 seconds
[2022-06-14 18:40:39,115] {processor.py:153} INFO - Started process (PID=7241) to work on /usr/local/lib/python3.10/dist-packages/airflow/example_dags/example_time_delta_sensor_async.py
[2022-06-14 18:40:39,116] {processor.py:641} INFO - Processing file /usr/local/lib/python3.10/dist-packages/airflow/example_dags/example_time_delta_sensor_async.py for tasks to queue
[2022-06-14 18:40:39,116] {logging_mixin.py:115} INFO - [2022-06-14 18:40:39,116] {dagbag.py:507} INFO - Filling up the DagBag from /usr/local/lib/python3.10/dist-packages/airflow/example_dags/example_time_delta_sensor_async.py
[2022-06-14 18:40:39,121] {processor.py:651} INFO - DAG(s) dict_keys(['example_time_delta_sensor_async']) retrieved from /usr/local/lib/python3.10/dist-packages/airflow/example_dags/example_time_delta_sensor_async.py
[2022-06-14 18:40:39,142] {logging_mixin.py:115} INFO - [2022-06-14 18:40:39,142] {dag.py:2371} INFO - Sync 1 DAGs
[2022-06-14 18:40:39,159] {logging_mixin.py:115} INFO - [2022-06-14 18:40:39,159] {dag.py:2915} INFO - Setting next_dagrun for example_time_delta_sensor_async to None, run_after=None
[2022-06-14 18:40:39,176] {processor.py:161} INFO - Processing /usr/local/lib/python3.10/dist-packages/airflow/example_dags/example_time_delta_sensor_async.py took 0.064 seconds
[2022-06-14 18:41:12,298] {processor.py:153} INFO - Started process (PID=7293) to work on /usr/local/lib/python3.10/dist-packages/airflow/example_dags/example_time_delta_sensor_async.py
[2022-06-14 18:41:12,299] {processor.py:641} INFO - Processing file /usr/local/lib/python3.10/dist-packages/airflow/example_dags/example_time_delta_sensor_async.py for tasks to queue
[2022-06-14 18:41:12,299] {logging_mixin.py:115} INFO - [2022-06-14 18:41:12,299] {dagbag.py:507} INFO - Filling up the DagBag from /usr/local/lib/python3.10/dist-packages/airflow/example_dags/example_time_delta_sensor_async.py
[2022-06-14 18:41:12,304] {processor.py:651} INFO - DAG(s) dict_keys(['example_time_delta_sensor_async']) retrieved from /usr/local/lib/python3.10/dist-packages/airflow/example_dags/example_time_delta_sensor_async.py
[2022-06-14 18:41:12,327] {logging_mixin.py:115} INFO - [2022-06-14 18:41:12,327] {dag.py:2371} INFO - Sync 1 DAGs
[2022-06-14 18:41:12,346] {logging_mixin.py:115} INFO - [2022-06-14 18:41:12,346] {dag.py:2915} INFO - Setting next_dagrun for example_time_delta_sensor_async to None, run_after=None
[2022-06-14 18:41:12,364] {processor.py:161} INFO - Processing /usr/local/lib/python3.10/dist-packages/airflow/example_dags/example_time_delta_sensor_async.py took 0.069 seconds
[2022-06-14 18:41:51,686] {processor.py:153} INFO - Started process (PID=7358) to work on /usr/local/lib/python3.10/dist-packages/airflow/example_dags/example_time_delta_sensor_async.py
[2022-06-14 18:41:51,687] {processor.py:641} INFO - Processing file /usr/local/lib/python3.10/dist-packages/airflow/example_dags/example_time_delta_sensor_async.py for tasks to queue
[2022-06-14 18:41:51,688] {logging_mixin.py:115} INFO - [2022-06-14 18:41:51,688] {dagbag.py:507} INFO - Filling up the DagBag from /usr/local/lib/python3.10/dist-packages/airflow/example_dags/example_time_delta_sensor_async.py
[2022-06-14 18:41:51,693] {processor.py:651} INFO - DAG(s) dict_keys(['example_time_delta_sensor_async']) retrieved from /usr/local/lib/python3.10/dist-packages/airflow/example_dags/example_time_delta_sensor_async.py
[2022-06-14 18:41:51,717] {logging_mixin.py:115} INFO - [2022-06-14 18:41:51,717] {dag.py:2371} INFO - Sync 1 DAGs
[2022-06-14 18:41:51,735] {logging_mixin.py:115} INFO - [2022-06-14 18:41:51,735] {dag.py:2915} INFO - Setting next_dagrun for example_time_delta_sensor_async to None, run_after=None
[2022-06-14 18:41:51,752] {processor.py:161} INFO - Processing /usr/local/lib/python3.10/dist-packages/airflow/example_dags/example_time_delta_sensor_async.py took 0.069 seconds
[2022-06-14 18:42:26,162] {processor.py:153} INFO - Started process (PID=7456) to work on /usr/local/lib/python3.10/dist-packages/airflow/example_dags/example_time_delta_sensor_async.py
[2022-06-14 18:42:26,163] {processor.py:641} INFO - Processing file /usr/local/lib/python3.10/dist-packages/airflow/example_dags/example_time_delta_sensor_async.py for tasks to queue
[2022-06-14 18:42:26,163] {logging_mixin.py:115} INFO - [2022-06-14 18:42:26,163] {dagbag.py:507} INFO - Filling up the DagBag from /usr/local/lib/python3.10/dist-packages/airflow/example_dags/example_time_delta_sensor_async.py
[2022-06-14 18:42:26,171] {processor.py:651} INFO - DAG(s) dict_keys(['example_time_delta_sensor_async']) retrieved from /usr/local/lib/python3.10/dist-packages/airflow/example_dags/example_time_delta_sensor_async.py
[2022-06-14 18:42:26,208] {logging_mixin.py:115} INFO - [2022-06-14 18:42:26,207] {dag.py:2371} INFO - Sync 1 DAGs
[2022-06-14 18:42:26,237] {logging_mixin.py:115} INFO - [2022-06-14 18:42:26,237] {dag.py:2915} INFO - Setting next_dagrun for example_time_delta_sensor_async to None, run_after=None
[2022-06-14 18:42:26,263] {processor.py:161} INFO - Processing /usr/local/lib/python3.10/dist-packages/airflow/example_dags/example_time_delta_sensor_async.py took 0.109 seconds
[2022-06-14 18:43:02,741] {processor.py:153} INFO - Started process (PID=7550) to work on /usr/local/lib/python3.10/dist-packages/airflow/example_dags/example_time_delta_sensor_async.py
[2022-06-14 18:43:02,742] {processor.py:641} INFO - Processing file /usr/local/lib/python3.10/dist-packages/airflow/example_dags/example_time_delta_sensor_async.py for tasks to queue
[2022-06-14 18:43:02,742] {logging_mixin.py:115} INFO - [2022-06-14 18:43:02,742] {dagbag.py:507} INFO - Filling up the DagBag from /usr/local/lib/python3.10/dist-packages/airflow/example_dags/example_time_delta_sensor_async.py
[2022-06-14 18:43:02,747] {processor.py:651} INFO - DAG(s) dict_keys(['example_time_delta_sensor_async']) retrieved from /usr/local/lib/python3.10/dist-packages/airflow/example_dags/example_time_delta_sensor_async.py
[2022-06-14 18:43:02,768] {logging_mixin.py:115} INFO - [2022-06-14 18:43:02,768] {dag.py:2371} INFO - Sync 1 DAGs
[2022-06-14 18:43:02,785] {logging_mixin.py:115} INFO - [2022-06-14 18:43:02,785] {dag.py:2915} INFO - Setting next_dagrun for example_time_delta_sensor_async to None, run_after=None
[2022-06-14 18:43:02,804] {processor.py:161} INFO - Processing /usr/local/lib/python3.10/dist-packages/airflow/example_dags/example_time_delta_sensor_async.py took 0.066 seconds
[2022-06-14 18:43:42,420] {processor.py:153} INFO - Started process (PID=7596) to work on /usr/local/lib/python3.10/dist-packages/airflow/example_dags/example_time_delta_sensor_async.py
[2022-06-14 18:43:42,421] {processor.py:641} INFO - Processing file /usr/local/lib/python3.10/dist-packages/airflow/example_dags/example_time_delta_sensor_async.py for tasks to queue
[2022-06-14 18:43:42,421] {logging_mixin.py:115} INFO - [2022-06-14 18:43:42,421] {dagbag.py:507} INFO - Filling up the DagBag from /usr/local/lib/python3.10/dist-packages/airflow/example_dags/example_time_delta_sensor_async.py
[2022-06-14 18:43:42,426] {processor.py:651} INFO - DAG(s) dict_keys(['example_time_delta_sensor_async']) retrieved from /usr/local/lib/python3.10/dist-packages/airflow/example_dags/example_time_delta_sensor_async.py
[2022-06-14 18:43:42,449] {logging_mixin.py:115} INFO - [2022-06-14 18:43:42,449] {dag.py:2371} INFO - Sync 1 DAGs
[2022-06-14 18:43:42,469] {logging_mixin.py:115} INFO - [2022-06-14 18:43:42,469] {dag.py:2915} INFO - Setting next_dagrun for example_time_delta_sensor_async to None, run_after=None
[2022-06-14 18:43:42,490] {processor.py:161} INFO - Processing /usr/local/lib/python3.10/dist-packages/airflow/example_dags/example_time_delta_sensor_async.py took 0.073 seconds
[2022-06-14 18:44:22,164] {processor.py:153} INFO - Started process (PID=7677) to work on /usr/local/lib/python3.10/dist-packages/airflow/example_dags/example_time_delta_sensor_async.py
[2022-06-14 18:44:22,165] {processor.py:641} INFO - Processing file /usr/local/lib/python3.10/dist-packages/airflow/example_dags/example_time_delta_sensor_async.py for tasks to queue
[2022-06-14 18:44:22,165] {logging_mixin.py:115} INFO - [2022-06-14 18:44:22,165] {dagbag.py:507} INFO - Filling up the DagBag from /usr/local/lib/python3.10/dist-packages/airflow/example_dags/example_time_delta_sensor_async.py
[2022-06-14 18:44:22,170] {processor.py:651} INFO - DAG(s) dict_keys(['example_time_delta_sensor_async']) retrieved from /usr/local/lib/python3.10/dist-packages/airflow/example_dags/example_time_delta_sensor_async.py
[2022-06-14 18:44:22,193] {logging_mixin.py:115} INFO - [2022-06-14 18:44:22,193] {dag.py:2371} INFO - Sync 1 DAGs
[2022-06-14 18:44:22,211] {logging_mixin.py:115} INFO - [2022-06-14 18:44:22,211] {dag.py:2915} INFO - Setting next_dagrun for example_time_delta_sensor_async to None, run_after=None
[2022-06-14 18:44:22,229] {processor.py:161} INFO - Processing /usr/local/lib/python3.10/dist-packages/airflow/example_dags/example_time_delta_sensor_async.py took 0.067 seconds
[2022-06-14 18:45:04,929] {processor.py:153} INFO - Started process (PID=7746) to work on /usr/local/lib/python3.10/dist-packages/airflow/example_dags/example_time_delta_sensor_async.py
[2022-06-14 18:45:04,930] {processor.py:641} INFO - Processing file /usr/local/lib/python3.10/dist-packages/airflow/example_dags/example_time_delta_sensor_async.py for tasks to queue
[2022-06-14 18:45:04,931] {logging_mixin.py:115} INFO - [2022-06-14 18:45:04,930] {dagbag.py:507} INFO - Filling up the DagBag from /usr/local/lib/python3.10/dist-packages/airflow/example_dags/example_time_delta_sensor_async.py
[2022-06-14 18:45:04,936] {processor.py:651} INFO - DAG(s) dict_keys(['example_time_delta_sensor_async']) retrieved from /usr/local/lib/python3.10/dist-packages/airflow/example_dags/example_time_delta_sensor_async.py
[2022-06-14 18:45:04,958] {logging_mixin.py:115} INFO - [2022-06-14 18:45:04,957] {dag.py:2371} INFO - Sync 1 DAGs
[2022-06-14 18:45:04,975] {logging_mixin.py:115} INFO - [2022-06-14 18:45:04,975] {dag.py:2915} INFO - Setting next_dagrun for example_time_delta_sensor_async to None, run_after=None
[2022-06-14 18:45:04,993] {processor.py:161} INFO - Processing /usr/local/lib/python3.10/dist-packages/airflow/example_dags/example_time_delta_sensor_async.py took 0.066 seconds
[2022-06-14 18:45:41,622] {processor.py:153} INFO - Started process (PID=7858) to work on /usr/local/lib/python3.10/dist-packages/airflow/example_dags/example_time_delta_sensor_async.py
[2022-06-14 18:45:41,623] {processor.py:641} INFO - Processing file /usr/local/lib/python3.10/dist-packages/airflow/example_dags/example_time_delta_sensor_async.py for tasks to queue
[2022-06-14 18:45:41,623] {logging_mixin.py:115} INFO - [2022-06-14 18:45:41,623] {dagbag.py:507} INFO - Filling up the DagBag from /usr/local/lib/python3.10/dist-packages/airflow/example_dags/example_time_delta_sensor_async.py
[2022-06-14 18:45:41,628] {processor.py:651} INFO - DAG(s) dict_keys(['example_time_delta_sensor_async']) retrieved from /usr/local/lib/python3.10/dist-packages/airflow/example_dags/example_time_delta_sensor_async.py
[2022-06-14 18:45:41,652] {logging_mixin.py:115} INFO - [2022-06-14 18:45:41,652] {dag.py:2371} INFO - Sync 1 DAGs
[2022-06-14 18:45:41,671] {logging_mixin.py:115} INFO - [2022-06-14 18:45:41,670] {dag.py:2915} INFO - Setting next_dagrun for example_time_delta_sensor_async to None, run_after=None
[2022-06-14 18:45:41,689] {processor.py:161} INFO - Processing /usr/local/lib/python3.10/dist-packages/airflow/example_dags/example_time_delta_sensor_async.py took 0.069 seconds
[2022-06-14 18:46:17,324] {processor.py:153} INFO - Started process (PID=7958) to work on /usr/local/lib/python3.10/dist-packages/airflow/example_dags/example_time_delta_sensor_async.py
[2022-06-14 18:46:17,325] {processor.py:641} INFO - Processing file /usr/local/lib/python3.10/dist-packages/airflow/example_dags/example_time_delta_sensor_async.py for tasks to queue
[2022-06-14 18:46:17,325] {logging_mixin.py:115} INFO - [2022-06-14 18:46:17,325] {dagbag.py:507} INFO - Filling up the DagBag from /usr/local/lib/python3.10/dist-packages/airflow/example_dags/example_time_delta_sensor_async.py
[2022-06-14 18:46:17,330] {processor.py:651} INFO - DAG(s) dict_keys(['example_time_delta_sensor_async']) retrieved from /usr/local/lib/python3.10/dist-packages/airflow/example_dags/example_time_delta_sensor_async.py
[2022-06-14 18:46:17,352] {logging_mixin.py:115} INFO - [2022-06-14 18:46:17,352] {dag.py:2371} INFO - Sync 1 DAGs
[2022-06-14 18:46:17,370] {logging_mixin.py:115} INFO - [2022-06-14 18:46:17,370] {dag.py:2915} INFO - Setting next_dagrun for example_time_delta_sensor_async to None, run_after=None
[2022-06-14 18:46:17,390] {processor.py:161} INFO - Processing /usr/local/lib/python3.10/dist-packages/airflow/example_dags/example_time_delta_sensor_async.py took 0.069 seconds
[2022-06-14 18:46:55,073] {processor.py:153} INFO - Started process (PID=8012) to work on /usr/local/lib/python3.10/dist-packages/airflow/example_dags/example_time_delta_sensor_async.py
[2022-06-14 18:46:55,074] {processor.py:641} INFO - Processing file /usr/local/lib/python3.10/dist-packages/airflow/example_dags/example_time_delta_sensor_async.py for tasks to queue
[2022-06-14 18:46:55,075] {logging_mixin.py:115} INFO - [2022-06-14 18:46:55,074] {dagbag.py:507} INFO - Filling up the DagBag from /usr/local/lib/python3.10/dist-packages/airflow/example_dags/example_time_delta_sensor_async.py
[2022-06-14 18:46:55,079] {processor.py:651} INFO - DAG(s) dict_keys(['example_time_delta_sensor_async']) retrieved from /usr/local/lib/python3.10/dist-packages/airflow/example_dags/example_time_delta_sensor_async.py
[2022-06-14 18:46:55,101] {logging_mixin.py:115} INFO - [2022-06-14 18:46:55,101] {dag.py:2371} INFO - Sync 1 DAGs
[2022-06-14 18:46:55,118] {logging_mixin.py:115} INFO - [2022-06-14 18:46:55,118] {dag.py:2915} INFO - Setting next_dagrun for example_time_delta_sensor_async to None, run_after=None
[2022-06-14 18:46:55,136] {processor.py:161} INFO - Processing /usr/local/lib/python3.10/dist-packages/airflow/example_dags/example_time_delta_sensor_async.py took 0.065 seconds
[2022-06-14 18:47:31,501] {processor.py:153} INFO - Started process (PID=8081) to work on /usr/local/lib/python3.10/dist-packages/airflow/example_dags/example_time_delta_sensor_async.py
[2022-06-14 18:47:31,501] {processor.py:641} INFO - Processing file /usr/local/lib/python3.10/dist-packages/airflow/example_dags/example_time_delta_sensor_async.py for tasks to queue
[2022-06-14 18:47:31,502] {logging_mixin.py:115} INFO - [2022-06-14 18:47:31,502] {dagbag.py:507} INFO - Filling up the DagBag from /usr/local/lib/python3.10/dist-packages/airflow/example_dags/example_time_delta_sensor_async.py
[2022-06-14 18:47:31,506] {processor.py:651} INFO - DAG(s) dict_keys(['example_time_delta_sensor_async']) retrieved from /usr/local/lib/python3.10/dist-packages/airflow/example_dags/example_time_delta_sensor_async.py
[2022-06-14 18:47:31,528] {logging_mixin.py:115} INFO - [2022-06-14 18:47:31,528] {dag.py:2371} INFO - Sync 1 DAGs
[2022-06-14 18:47:31,545] {logging_mixin.py:115} INFO - [2022-06-14 18:47:31,545] {dag.py:2915} INFO - Setting next_dagrun for example_time_delta_sensor_async to None, run_after=None
[2022-06-14 18:47:31,564] {processor.py:161} INFO - Processing /usr/local/lib/python3.10/dist-packages/airflow/example_dags/example_time_delta_sensor_async.py took 0.065 seconds
[2022-06-14 18:48:09,040] {processor.py:153} INFO - Started process (PID=8134) to work on /usr/local/lib/python3.10/dist-packages/airflow/example_dags/example_time_delta_sensor_async.py
[2022-06-14 18:48:09,040] {processor.py:641} INFO - Processing file /usr/local/lib/python3.10/dist-packages/airflow/example_dags/example_time_delta_sensor_async.py for tasks to queue
[2022-06-14 18:48:09,041] {logging_mixin.py:115} INFO - [2022-06-14 18:48:09,041] {dagbag.py:507} INFO - Filling up the DagBag from /usr/local/lib/python3.10/dist-packages/airflow/example_dags/example_time_delta_sensor_async.py
[2022-06-14 18:48:09,045] {processor.py:651} INFO - DAG(s) dict_keys(['example_time_delta_sensor_async']) retrieved from /usr/local/lib/python3.10/dist-packages/airflow/example_dags/example_time_delta_sensor_async.py
[2022-06-14 18:48:09,066] {logging_mixin.py:115} INFO - [2022-06-14 18:48:09,066] {dag.py:2371} INFO - Sync 1 DAGs
[2022-06-14 18:48:09,082] {logging_mixin.py:115} INFO - [2022-06-14 18:48:09,082] {dag.py:2915} INFO - Setting next_dagrun for example_time_delta_sensor_async to None, run_after=None
[2022-06-14 18:48:09,101] {processor.py:161} INFO - Processing /usr/local/lib/python3.10/dist-packages/airflow/example_dags/example_time_delta_sensor_async.py took 0.064 seconds
[2022-06-14 18:48:44,306] {processor.py:153} INFO - Started process (PID=8185) to work on /usr/local/lib/python3.10/dist-packages/airflow/example_dags/example_time_delta_sensor_async.py
[2022-06-14 18:48:44,307] {processor.py:641} INFO - Processing file /usr/local/lib/python3.10/dist-packages/airflow/example_dags/example_time_delta_sensor_async.py for tasks to queue
[2022-06-14 18:48:44,307] {logging_mixin.py:115} INFO - [2022-06-14 18:48:44,307] {dagbag.py:507} INFO - Filling up the DagBag from /usr/local/lib/python3.10/dist-packages/airflow/example_dags/example_time_delta_sensor_async.py
[2022-06-14 18:48:44,312] {processor.py:651} INFO - DAG(s) dict_keys(['example_time_delta_sensor_async']) retrieved from /usr/local/lib/python3.10/dist-packages/airflow/example_dags/example_time_delta_sensor_async.py
[2022-06-14 18:48:44,334] {logging_mixin.py:115} INFO - [2022-06-14 18:48:44,334] {dag.py:2371} INFO - Sync 1 DAGs
[2022-06-14 18:48:44,352] {logging_mixin.py:115} INFO - [2022-06-14 18:48:44,352] {dag.py:2915} INFO - Setting next_dagrun for example_time_delta_sensor_async to None, run_after=None
[2022-06-14 18:48:44,370] {processor.py:161} INFO - Processing /usr/local/lib/python3.10/dist-packages/airflow/example_dags/example_time_delta_sensor_async.py took 0.067 seconds
[2022-06-14 18:49:19,373] {processor.py:153} INFO - Started process (PID=8262) to work on /usr/local/lib/python3.10/dist-packages/airflow/example_dags/example_time_delta_sensor_async.py
[2022-06-14 18:49:19,374] {processor.py:641} INFO - Processing file /usr/local/lib/python3.10/dist-packages/airflow/example_dags/example_time_delta_sensor_async.py for tasks to queue
[2022-06-14 18:49:19,375] {logging_mixin.py:115} INFO - [2022-06-14 18:49:19,375] {dagbag.py:507} INFO - Filling up the DagBag from /usr/local/lib/python3.10/dist-packages/airflow/example_dags/example_time_delta_sensor_async.py
[2022-06-14 18:49:19,380] {processor.py:651} INFO - DAG(s) dict_keys(['example_time_delta_sensor_async']) retrieved from /usr/local/lib/python3.10/dist-packages/airflow/example_dags/example_time_delta_sensor_async.py
[2022-06-14 18:49:19,402] {logging_mixin.py:115} INFO - [2022-06-14 18:49:19,401] {dag.py:2371} INFO - Sync 1 DAGs
[2022-06-14 18:49:19,419] {logging_mixin.py:115} INFO - [2022-06-14 18:49:19,419] {dag.py:2915} INFO - Setting next_dagrun for example_time_delta_sensor_async to None, run_after=None
[2022-06-14 18:49:19,480] {processor.py:161} INFO - Processing /usr/local/lib/python3.10/dist-packages/airflow/example_dags/example_time_delta_sensor_async.py took 0.109 seconds
[2022-06-14 18:49:55,678] {processor.py:153} INFO - Started process (PID=8312) to work on /usr/local/lib/python3.10/dist-packages/airflow/example_dags/example_time_delta_sensor_async.py
[2022-06-14 18:49:55,679] {processor.py:641} INFO - Processing file /usr/local/lib/python3.10/dist-packages/airflow/example_dags/example_time_delta_sensor_async.py for tasks to queue
[2022-06-14 18:49:55,679] {logging_mixin.py:115} INFO - [2022-06-14 18:49:55,679] {dagbag.py:507} INFO - Filling up the DagBag from /usr/local/lib/python3.10/dist-packages/airflow/example_dags/example_time_delta_sensor_async.py
[2022-06-14 18:49:55,684] {processor.py:651} INFO - DAG(s) dict_keys(['example_time_delta_sensor_async']) retrieved from /usr/local/lib/python3.10/dist-packages/airflow/example_dags/example_time_delta_sensor_async.py
[2022-06-14 18:49:55,706] {logging_mixin.py:115} INFO - [2022-06-14 18:49:55,706] {dag.py:2371} INFO - Sync 1 DAGs
[2022-06-14 18:49:55,723] {logging_mixin.py:115} INFO - [2022-06-14 18:49:55,723] {dag.py:2915} INFO - Setting next_dagrun for example_time_delta_sensor_async to None, run_after=None
[2022-06-14 18:49:55,741] {processor.py:161} INFO - Processing /usr/local/lib/python3.10/dist-packages/airflow/example_dags/example_time_delta_sensor_async.py took 0.066 seconds
[2022-06-14 18:50:35,796] {processor.py:153} INFO - Started process (PID=8410) to work on /usr/local/lib/python3.10/dist-packages/airflow/example_dags/example_time_delta_sensor_async.py
[2022-06-14 18:50:35,797] {processor.py:641} INFO - Processing file /usr/local/lib/python3.10/dist-packages/airflow/example_dags/example_time_delta_sensor_async.py for tasks to queue
[2022-06-14 18:50:35,797] {logging_mixin.py:115} INFO - [2022-06-14 18:50:35,797] {dagbag.py:507} INFO - Filling up the DagBag from /usr/local/lib/python3.10/dist-packages/airflow/example_dags/example_time_delta_sensor_async.py
[2022-06-14 18:50:35,803] {processor.py:651} INFO - DAG(s) dict_keys(['example_time_delta_sensor_async']) retrieved from /usr/local/lib/python3.10/dist-packages/airflow/example_dags/example_time_delta_sensor_async.py
[2022-06-14 18:50:35,826] {logging_mixin.py:115} INFO - [2022-06-14 18:50:35,826] {dag.py:2371} INFO - Sync 1 DAGs
[2022-06-14 18:50:35,841] {logging_mixin.py:115} INFO - [2022-06-14 18:50:35,841] {dag.py:2915} INFO - Setting next_dagrun for example_time_delta_sensor_async to None, run_after=None
[2022-06-14 18:50:35,858] {processor.py:161} INFO - Processing /usr/local/lib/python3.10/dist-packages/airflow/example_dags/example_time_delta_sensor_async.py took 0.066 seconds
[2022-06-14 18:51:11,837] {processor.py:153} INFO - Started process (PID=8471) to work on /usr/local/lib/python3.10/dist-packages/airflow/example_dags/example_time_delta_sensor_async.py
[2022-06-14 18:51:11,837] {processor.py:641} INFO - Processing file /usr/local/lib/python3.10/dist-packages/airflow/example_dags/example_time_delta_sensor_async.py for tasks to queue
[2022-06-14 18:51:11,838] {logging_mixin.py:115} INFO - [2022-06-14 18:51:11,838] {dagbag.py:507} INFO - Filling up the DagBag from /usr/local/lib/python3.10/dist-packages/airflow/example_dags/example_time_delta_sensor_async.py
[2022-06-14 18:51:11,843] {processor.py:651} INFO - DAG(s) dict_keys(['example_time_delta_sensor_async']) retrieved from /usr/local/lib/python3.10/dist-packages/airflow/example_dags/example_time_delta_sensor_async.py
[2022-06-14 18:51:11,867] {logging_mixin.py:115} INFO - [2022-06-14 18:51:11,866] {dag.py:2371} INFO - Sync 1 DAGs
[2022-06-14 18:51:11,882] {logging_mixin.py:115} INFO - [2022-06-14 18:51:11,882] {dag.py:2915} INFO - Setting next_dagrun for example_time_delta_sensor_async to None, run_after=None
[2022-06-14 18:51:11,899] {processor.py:161} INFO - Processing /usr/local/lib/python3.10/dist-packages/airflow/example_dags/example_time_delta_sensor_async.py took 0.066 seconds
[2022-06-14 18:51:52,636] {processor.py:153} INFO - Started process (PID=8535) to work on /usr/local/lib/python3.10/dist-packages/airflow/example_dags/example_time_delta_sensor_async.py
[2022-06-14 18:51:52,637] {processor.py:641} INFO - Processing file /usr/local/lib/python3.10/dist-packages/airflow/example_dags/example_time_delta_sensor_async.py for tasks to queue
[2022-06-14 18:51:52,638] {logging_mixin.py:115} INFO - [2022-06-14 18:51:52,638] {dagbag.py:507} INFO - Filling up the DagBag from /usr/local/lib/python3.10/dist-packages/airflow/example_dags/example_time_delta_sensor_async.py
[2022-06-14 18:51:52,643] {processor.py:651} INFO - DAG(s) dict_keys(['example_time_delta_sensor_async']) retrieved from /usr/local/lib/python3.10/dist-packages/airflow/example_dags/example_time_delta_sensor_async.py
[2022-06-14 18:51:52,666] {logging_mixin.py:115} INFO - [2022-06-14 18:51:52,666] {dag.py:2371} INFO - Sync 1 DAGs
[2022-06-14 18:51:52,682] {logging_mixin.py:115} INFO - [2022-06-14 18:51:52,681] {dag.py:2915} INFO - Setting next_dagrun for example_time_delta_sensor_async to None, run_after=None
[2022-06-14 18:51:52,699] {processor.py:161} INFO - Processing /usr/local/lib/python3.10/dist-packages/airflow/example_dags/example_time_delta_sensor_async.py took 0.065 seconds
[2022-06-14 18:52:32,688] {processor.py:153} INFO - Started process (PID=8597) to work on /usr/local/lib/python3.10/dist-packages/airflow/example_dags/example_time_delta_sensor_async.py
[2022-06-14 18:52:32,689] {processor.py:641} INFO - Processing file /usr/local/lib/python3.10/dist-packages/airflow/example_dags/example_time_delta_sensor_async.py for tasks to queue
[2022-06-14 18:52:32,689] {logging_mixin.py:115} INFO - [2022-06-14 18:52:32,689] {dagbag.py:507} INFO - Filling up the DagBag from /usr/local/lib/python3.10/dist-packages/airflow/example_dags/example_time_delta_sensor_async.py
[2022-06-14 18:52:32,695] {processor.py:651} INFO - DAG(s) dict_keys(['example_time_delta_sensor_async']) retrieved from /usr/local/lib/python3.10/dist-packages/airflow/example_dags/example_time_delta_sensor_async.py
[2022-06-14 18:52:32,718] {logging_mixin.py:115} INFO - [2022-06-14 18:52:32,718] {dag.py:2371} INFO - Sync 1 DAGs
[2022-06-14 18:52:32,734] {logging_mixin.py:115} INFO - [2022-06-14 18:52:32,734] {dag.py:2915} INFO - Setting next_dagrun for example_time_delta_sensor_async to None, run_after=None
[2022-06-14 18:52:32,751] {processor.py:161} INFO - Processing /usr/local/lib/python3.10/dist-packages/airflow/example_dags/example_time_delta_sensor_async.py took 0.066 seconds
[2022-06-14 18:53:09,517] {processor.py:153} INFO - Started process (PID=8673) to work on /usr/local/lib/python3.10/dist-packages/airflow/example_dags/example_time_delta_sensor_async.py
[2022-06-14 18:53:09,518] {processor.py:641} INFO - Processing file /usr/local/lib/python3.10/dist-packages/airflow/example_dags/example_time_delta_sensor_async.py for tasks to queue
[2022-06-14 18:53:09,518] {logging_mixin.py:115} INFO - [2022-06-14 18:53:09,518] {dagbag.py:507} INFO - Filling up the DagBag from /usr/local/lib/python3.10/dist-packages/airflow/example_dags/example_time_delta_sensor_async.py
[2022-06-14 18:53:09,524] {processor.py:651} INFO - DAG(s) dict_keys(['example_time_delta_sensor_async']) retrieved from /usr/local/lib/python3.10/dist-packages/airflow/example_dags/example_time_delta_sensor_async.py
[2022-06-14 18:53:09,547] {logging_mixin.py:115} INFO - [2022-06-14 18:53:09,547] {dag.py:2371} INFO - Sync 1 DAGs
[2022-06-14 18:53:09,563] {logging_mixin.py:115} INFO - [2022-06-14 18:53:09,563] {dag.py:2915} INFO - Setting next_dagrun for example_time_delta_sensor_async to None, run_after=None
[2022-06-14 18:53:09,580] {processor.py:161} INFO - Processing /usr/local/lib/python3.10/dist-packages/airflow/example_dags/example_time_delta_sensor_async.py took 0.066 seconds
[2022-06-14 18:53:46,229] {processor.py:153} INFO - Started process (PID=8729) to work on /usr/local/lib/python3.10/dist-packages/airflow/example_dags/example_time_delta_sensor_async.py
[2022-06-14 18:53:46,230] {processor.py:641} INFO - Processing file /usr/local/lib/python3.10/dist-packages/airflow/example_dags/example_time_delta_sensor_async.py for tasks to queue
[2022-06-14 18:53:46,230] {logging_mixin.py:115} INFO - [2022-06-14 18:53:46,230] {dagbag.py:507} INFO - Filling up the DagBag from /usr/local/lib/python3.10/dist-packages/airflow/example_dags/example_time_delta_sensor_async.py
[2022-06-14 18:53:46,236] {processor.py:651} INFO - DAG(s) dict_keys(['example_time_delta_sensor_async']) retrieved from /usr/local/lib/python3.10/dist-packages/airflow/example_dags/example_time_delta_sensor_async.py
[2022-06-14 18:53:46,259] {logging_mixin.py:115} INFO - [2022-06-14 18:53:46,259] {dag.py:2371} INFO - Sync 1 DAGs
[2022-06-14 18:53:46,275] {logging_mixin.py:115} INFO - [2022-06-14 18:53:46,275] {dag.py:2915} INFO - Setting next_dagrun for example_time_delta_sensor_async to None, run_after=None
[2022-06-14 18:53:46,293] {processor.py:161} INFO - Processing /usr/local/lib/python3.10/dist-packages/airflow/example_dags/example_time_delta_sensor_async.py took 0.067 seconds
[2022-06-14 18:54:26,808] {processor.py:153} INFO - Started process (PID=8793) to work on /usr/local/lib/python3.10/dist-packages/airflow/example_dags/example_time_delta_sensor_async.py
[2022-06-14 18:54:26,809] {processor.py:641} INFO - Processing file /usr/local/lib/python3.10/dist-packages/airflow/example_dags/example_time_delta_sensor_async.py for tasks to queue
[2022-06-14 18:54:26,810] {logging_mixin.py:115} INFO - [2022-06-14 18:54:26,810] {dagbag.py:507} INFO - Filling up the DagBag from /usr/local/lib/python3.10/dist-packages/airflow/example_dags/example_time_delta_sensor_async.py
[2022-06-14 18:54:26,815] {processor.py:651} INFO - DAG(s) dict_keys(['example_time_delta_sensor_async']) retrieved from /usr/local/lib/python3.10/dist-packages/airflow/example_dags/example_time_delta_sensor_async.py
[2022-06-14 18:54:26,838] {logging_mixin.py:115} INFO - [2022-06-14 18:54:26,838] {dag.py:2371} INFO - Sync 1 DAGs
[2022-06-14 18:54:26,854] {logging_mixin.py:115} INFO - [2022-06-14 18:54:26,854] {dag.py:2915} INFO - Setting next_dagrun for example_time_delta_sensor_async to None, run_after=None
[2022-06-14 18:54:26,870] {processor.py:161} INFO - Processing /usr/local/lib/python3.10/dist-packages/airflow/example_dags/example_time_delta_sensor_async.py took 0.065 seconds
[2022-06-14 18:55:03,553] {processor.py:153} INFO - Started process (PID=8842) to work on /usr/local/lib/python3.10/dist-packages/airflow/example_dags/example_time_delta_sensor_async.py
[2022-06-14 18:55:03,553] {processor.py:641} INFO - Processing file /usr/local/lib/python3.10/dist-packages/airflow/example_dags/example_time_delta_sensor_async.py for tasks to queue
[2022-06-14 18:55:03,554] {logging_mixin.py:115} INFO - [2022-06-14 18:55:03,554] {dagbag.py:507} INFO - Filling up the DagBag from /usr/local/lib/python3.10/dist-packages/airflow/example_dags/example_time_delta_sensor_async.py
[2022-06-14 18:55:03,560] {processor.py:651} INFO - DAG(s) dict_keys(['example_time_delta_sensor_async']) retrieved from /usr/local/lib/python3.10/dist-packages/airflow/example_dags/example_time_delta_sensor_async.py
[2022-06-14 18:55:03,582] {logging_mixin.py:115} INFO - [2022-06-14 18:55:03,582] {dag.py:2371} INFO - Sync 1 DAGs
[2022-06-14 18:55:03,598] {logging_mixin.py:115} INFO - [2022-06-14 18:55:03,598] {dag.py:2915} INFO - Setting next_dagrun for example_time_delta_sensor_async to None, run_after=None
[2022-06-14 18:55:03,614] {processor.py:161} INFO - Processing /usr/local/lib/python3.10/dist-packages/airflow/example_dags/example_time_delta_sensor_async.py took 0.064 seconds
[2022-06-14 18:55:46,852] {processor.py:153} INFO - Started process (PID=8896) to work on /usr/local/lib/python3.10/dist-packages/airflow/example_dags/example_time_delta_sensor_async.py
[2022-06-14 18:55:46,852] {processor.py:641} INFO - Processing file /usr/local/lib/python3.10/dist-packages/airflow/example_dags/example_time_delta_sensor_async.py for tasks to queue
[2022-06-14 18:55:46,853] {logging_mixin.py:115} INFO - [2022-06-14 18:55:46,853] {dagbag.py:507} INFO - Filling up the DagBag from /usr/local/lib/python3.10/dist-packages/airflow/example_dags/example_time_delta_sensor_async.py
[2022-06-14 18:55:46,858] {processor.py:651} INFO - DAG(s) dict_keys(['example_time_delta_sensor_async']) retrieved from /usr/local/lib/python3.10/dist-packages/airflow/example_dags/example_time_delta_sensor_async.py
[2022-06-14 18:55:46,882] {logging_mixin.py:115} INFO - [2022-06-14 18:55:46,882] {dag.py:2371} INFO - Sync 1 DAGs
[2022-06-14 18:55:46,898] {logging_mixin.py:115} INFO - [2022-06-14 18:55:46,898] {dag.py:2915} INFO - Setting next_dagrun for example_time_delta_sensor_async to None, run_after=None
[2022-06-14 18:55:46,914] {processor.py:161} INFO - Processing /usr/local/lib/python3.10/dist-packages/airflow/example_dags/example_time_delta_sensor_async.py took 0.066 seconds
[2022-06-14 18:56:27,400] {processor.py:153} INFO - Started process (PID=8952) to work on /usr/local/lib/python3.10/dist-packages/airflow/example_dags/example_time_delta_sensor_async.py
[2022-06-14 18:56:27,401] {processor.py:641} INFO - Processing file /usr/local/lib/python3.10/dist-packages/airflow/example_dags/example_time_delta_sensor_async.py for tasks to queue
[2022-06-14 18:56:27,402] {logging_mixin.py:115} INFO - [2022-06-14 18:56:27,402] {dagbag.py:507} INFO - Filling up the DagBag from /usr/local/lib/python3.10/dist-packages/airflow/example_dags/example_time_delta_sensor_async.py
[2022-06-14 18:56:27,408] {processor.py:651} INFO - DAG(s) dict_keys(['example_time_delta_sensor_async']) retrieved from /usr/local/lib/python3.10/dist-packages/airflow/example_dags/example_time_delta_sensor_async.py
[2022-06-14 18:56:27,431] {logging_mixin.py:115} INFO - [2022-06-14 18:56:27,430] {dag.py:2371} INFO - Sync 1 DAGs
[2022-06-14 18:56:27,446] {logging_mixin.py:115} INFO - [2022-06-14 18:56:27,446] {dag.py:2915} INFO - Setting next_dagrun for example_time_delta_sensor_async to None, run_after=None
[2022-06-14 18:56:27,463] {processor.py:161} INFO - Processing /usr/local/lib/python3.10/dist-packages/airflow/example_dags/example_time_delta_sensor_async.py took 0.065 seconds
[2022-06-14 18:57:07,872] {processor.py:153} INFO - Started process (PID=9011) to work on /usr/local/lib/python3.10/dist-packages/airflow/example_dags/example_time_delta_sensor_async.py
[2022-06-14 18:57:07,873] {processor.py:641} INFO - Processing file /usr/local/lib/python3.10/dist-packages/airflow/example_dags/example_time_delta_sensor_async.py for tasks to queue
[2022-06-14 18:57:07,873] {logging_mixin.py:115} INFO - [2022-06-14 18:57:07,873] {dagbag.py:507} INFO - Filling up the DagBag from /usr/local/lib/python3.10/dist-packages/airflow/example_dags/example_time_delta_sensor_async.py
[2022-06-14 18:57:07,879] {processor.py:651} INFO - DAG(s) dict_keys(['example_time_delta_sensor_async']) retrieved from /usr/local/lib/python3.10/dist-packages/airflow/example_dags/example_time_delta_sensor_async.py
[2022-06-14 18:57:07,902] {logging_mixin.py:115} INFO - [2022-06-14 18:57:07,902] {dag.py:2371} INFO - Sync 1 DAGs
[2022-06-14 18:57:07,918] {logging_mixin.py:115} INFO - [2022-06-14 18:57:07,918] {dag.py:2915} INFO - Setting next_dagrun for example_time_delta_sensor_async to None, run_after=None
[2022-06-14 18:57:07,936] {processor.py:161} INFO - Processing /usr/local/lib/python3.10/dist-packages/airflow/example_dags/example_time_delta_sensor_async.py took 0.067 seconds
[2022-06-14 18:57:46,577] {processor.py:153} INFO - Started process (PID=9086) to work on /usr/local/lib/python3.10/dist-packages/airflow/example_dags/example_time_delta_sensor_async.py
[2022-06-14 18:57:46,577] {processor.py:641} INFO - Processing file /usr/local/lib/python3.10/dist-packages/airflow/example_dags/example_time_delta_sensor_async.py for tasks to queue
[2022-06-14 18:57:46,578] {logging_mixin.py:115} INFO - [2022-06-14 18:57:46,578] {dagbag.py:507} INFO - Filling up the DagBag from /usr/local/lib/python3.10/dist-packages/airflow/example_dags/example_time_delta_sensor_async.py
[2022-06-14 18:57:46,582] {processor.py:651} INFO - DAG(s) dict_keys(['example_time_delta_sensor_async']) retrieved from /usr/local/lib/python3.10/dist-packages/airflow/example_dags/example_time_delta_sensor_async.py
[2022-06-14 18:57:46,604] {logging_mixin.py:115} INFO - [2022-06-14 18:57:46,604] {dag.py:2371} INFO - Sync 1 DAGs
[2022-06-14 18:57:46,621] {logging_mixin.py:115} INFO - [2022-06-14 18:57:46,620] {dag.py:2915} INFO - Setting next_dagrun for example_time_delta_sensor_async to None, run_after=None
[2022-06-14 18:57:46,638] {processor.py:161} INFO - Processing /usr/local/lib/python3.10/dist-packages/airflow/example_dags/example_time_delta_sensor_async.py took 0.064 seconds
[2022-06-14 18:58:24,838] {processor.py:153} INFO - Started process (PID=9138) to work on /usr/local/lib/python3.10/dist-packages/airflow/example_dags/example_time_delta_sensor_async.py
[2022-06-14 18:58:24,839] {processor.py:641} INFO - Processing file /usr/local/lib/python3.10/dist-packages/airflow/example_dags/example_time_delta_sensor_async.py for tasks to queue
[2022-06-14 18:58:24,839] {logging_mixin.py:115} INFO - [2022-06-14 18:58:24,839] {dagbag.py:507} INFO - Filling up the DagBag from /usr/local/lib/python3.10/dist-packages/airflow/example_dags/example_time_delta_sensor_async.py
[2022-06-14 18:58:24,844] {processor.py:651} INFO - DAG(s) dict_keys(['example_time_delta_sensor_async']) retrieved from /usr/local/lib/python3.10/dist-packages/airflow/example_dags/example_time_delta_sensor_async.py
[2022-06-14 18:58:24,866] {logging_mixin.py:115} INFO - [2022-06-14 18:58:24,866] {dag.py:2371} INFO - Sync 1 DAGs
[2022-06-14 18:58:24,884] {logging_mixin.py:115} INFO - [2022-06-14 18:58:24,883] {dag.py:2915} INFO - Setting next_dagrun for example_time_delta_sensor_async to None, run_after=None
[2022-06-14 18:58:24,913] {processor.py:161} INFO - Processing /usr/local/lib/python3.10/dist-packages/airflow/example_dags/example_time_delta_sensor_async.py took 0.077 seconds
[2022-06-14 18:59:04,948] {processor.py:153} INFO - Started process (PID=9200) to work on /usr/local/lib/python3.10/dist-packages/airflow/example_dags/example_time_delta_sensor_async.py
[2022-06-14 18:59:04,949] {processor.py:641} INFO - Processing file /usr/local/lib/python3.10/dist-packages/airflow/example_dags/example_time_delta_sensor_async.py for tasks to queue
[2022-06-14 18:59:04,949] {logging_mixin.py:115} INFO - [2022-06-14 18:59:04,949] {dagbag.py:507} INFO - Filling up the DagBag from /usr/local/lib/python3.10/dist-packages/airflow/example_dags/example_time_delta_sensor_async.py
[2022-06-14 18:59:04,954] {processor.py:651} INFO - DAG(s) dict_keys(['example_time_delta_sensor_async']) retrieved from /usr/local/lib/python3.10/dist-packages/airflow/example_dags/example_time_delta_sensor_async.py
[2022-06-14 18:59:04,976] {logging_mixin.py:115} INFO - [2022-06-14 18:59:04,976] {dag.py:2371} INFO - Sync 1 DAGs
[2022-06-14 18:59:04,993] {logging_mixin.py:115} INFO - [2022-06-14 18:59:04,993] {dag.py:2915} INFO - Setting next_dagrun for example_time_delta_sensor_async to None, run_after=None
[2022-06-14 18:59:05,011] {processor.py:161} INFO - Processing /usr/local/lib/python3.10/dist-packages/airflow/example_dags/example_time_delta_sensor_async.py took 0.066 seconds
[2022-06-14 18:59:45,501] {processor.py:153} INFO - Started process (PID=9255) to work on /usr/local/lib/python3.10/dist-packages/airflow/example_dags/example_time_delta_sensor_async.py
[2022-06-14 18:59:45,502] {processor.py:641} INFO - Processing file /usr/local/lib/python3.10/dist-packages/airflow/example_dags/example_time_delta_sensor_async.py for tasks to queue
[2022-06-14 18:59:45,502] {logging_mixin.py:115} INFO - [2022-06-14 18:59:45,502] {dagbag.py:507} INFO - Filling up the DagBag from /usr/local/lib/python3.10/dist-packages/airflow/example_dags/example_time_delta_sensor_async.py
[2022-06-14 18:59:45,507] {processor.py:651} INFO - DAG(s) dict_keys(['example_time_delta_sensor_async']) retrieved from /usr/local/lib/python3.10/dist-packages/airflow/example_dags/example_time_delta_sensor_async.py
[2022-06-14 18:59:45,529] {logging_mixin.py:115} INFO - [2022-06-14 18:59:45,529] {dag.py:2371} INFO - Sync 1 DAGs
[2022-06-14 18:59:45,546] {logging_mixin.py:115} INFO - [2022-06-14 18:59:45,546] {dag.py:2915} INFO - Setting next_dagrun for example_time_delta_sensor_async to None, run_after=None
[2022-06-14 18:59:45,564] {processor.py:161} INFO - Processing /usr/local/lib/python3.10/dist-packages/airflow/example_dags/example_time_delta_sensor_async.py took 0.065 seconds
[2022-06-14 19:00:20,056] {processor.py:153} INFO - Started process (PID=9325) to work on /usr/local/lib/python3.10/dist-packages/airflow/example_dags/example_time_delta_sensor_async.py
[2022-06-14 19:00:20,056] {processor.py:641} INFO - Processing file /usr/local/lib/python3.10/dist-packages/airflow/example_dags/example_time_delta_sensor_async.py for tasks to queue
[2022-06-14 19:00:20,057] {logging_mixin.py:115} INFO - [2022-06-14 19:00:20,057] {dagbag.py:507} INFO - Filling up the DagBag from /usr/local/lib/python3.10/dist-packages/airflow/example_dags/example_time_delta_sensor_async.py
[2022-06-14 19:00:20,062] {processor.py:651} INFO - DAG(s) dict_keys(['example_time_delta_sensor_async']) retrieved from /usr/local/lib/python3.10/dist-packages/airflow/example_dags/example_time_delta_sensor_async.py
[2022-06-14 19:00:20,082] {logging_mixin.py:115} INFO - [2022-06-14 19:00:20,082] {dag.py:2371} INFO - Sync 1 DAGs
[2022-06-14 19:00:20,099] {logging_mixin.py:115} INFO - [2022-06-14 19:00:20,099] {dag.py:2915} INFO - Setting next_dagrun for example_time_delta_sensor_async to None, run_after=None
[2022-06-14 19:00:20,117] {processor.py:161} INFO - Processing /usr/local/lib/python3.10/dist-packages/airflow/example_dags/example_time_delta_sensor_async.py took 0.063 seconds
[2022-06-14 19:00:54,915] {processor.py:153} INFO - Started process (PID=9370) to work on /usr/local/lib/python3.10/dist-packages/airflow/example_dags/example_time_delta_sensor_async.py
[2022-06-14 19:00:54,916] {processor.py:641} INFO - Processing file /usr/local/lib/python3.10/dist-packages/airflow/example_dags/example_time_delta_sensor_async.py for tasks to queue
[2022-06-14 19:00:54,916] {logging_mixin.py:115} INFO - [2022-06-14 19:00:54,916] {dagbag.py:507} INFO - Filling up the DagBag from /usr/local/lib/python3.10/dist-packages/airflow/example_dags/example_time_delta_sensor_async.py
[2022-06-14 19:00:54,921] {processor.py:651} INFO - DAG(s) dict_keys(['example_time_delta_sensor_async']) retrieved from /usr/local/lib/python3.10/dist-packages/airflow/example_dags/example_time_delta_sensor_async.py
[2022-06-14 19:00:54,943] {logging_mixin.py:115} INFO - [2022-06-14 19:00:54,943] {dag.py:2371} INFO - Sync 1 DAGs
[2022-06-14 19:00:54,961] {logging_mixin.py:115} INFO - [2022-06-14 19:00:54,961] {dag.py:2915} INFO - Setting next_dagrun for example_time_delta_sensor_async to None, run_after=None
[2022-06-14 19:00:54,978] {processor.py:161} INFO - Processing /usr/local/lib/python3.10/dist-packages/airflow/example_dags/example_time_delta_sensor_async.py took 0.065 seconds
[2022-06-14 19:01:29,053] {processor.py:153} INFO - Started process (PID=9418) to work on /usr/local/lib/python3.10/dist-packages/airflow/example_dags/example_time_delta_sensor_async.py
[2022-06-14 19:01:29,054] {processor.py:641} INFO - Processing file /usr/local/lib/python3.10/dist-packages/airflow/example_dags/example_time_delta_sensor_async.py for tasks to queue
[2022-06-14 19:01:29,054] {logging_mixin.py:115} INFO - [2022-06-14 19:01:29,054] {dagbag.py:507} INFO - Filling up the DagBag from /usr/local/lib/python3.10/dist-packages/airflow/example_dags/example_time_delta_sensor_async.py
[2022-06-14 19:01:29,060] {processor.py:651} INFO - DAG(s) dict_keys(['example_time_delta_sensor_async']) retrieved from /usr/local/lib/python3.10/dist-packages/airflow/example_dags/example_time_delta_sensor_async.py
[2022-06-14 19:01:29,081] {logging_mixin.py:115} INFO - [2022-06-14 19:01:29,081] {dag.py:2371} INFO - Sync 1 DAGs
[2022-06-14 19:01:29,099] {logging_mixin.py:115} INFO - [2022-06-14 19:01:29,099] {dag.py:2915} INFO - Setting next_dagrun for example_time_delta_sensor_async to None, run_after=None
[2022-06-14 19:01:29,117] {processor.py:161} INFO - Processing /usr/local/lib/python3.10/dist-packages/airflow/example_dags/example_time_delta_sensor_async.py took 0.067 seconds
[2022-06-14 19:02:08,237] {processor.py:153} INFO - Started process (PID=9476) to work on /usr/local/lib/python3.10/dist-packages/airflow/example_dags/example_time_delta_sensor_async.py
[2022-06-14 19:02:08,237] {processor.py:641} INFO - Processing file /usr/local/lib/python3.10/dist-packages/airflow/example_dags/example_time_delta_sensor_async.py for tasks to queue
[2022-06-14 19:02:08,238] {logging_mixin.py:115} INFO - [2022-06-14 19:02:08,238] {dagbag.py:507} INFO - Filling up the DagBag from /usr/local/lib/python3.10/dist-packages/airflow/example_dags/example_time_delta_sensor_async.py
[2022-06-14 19:02:08,242] {processor.py:651} INFO - DAG(s) dict_keys(['example_time_delta_sensor_async']) retrieved from /usr/local/lib/python3.10/dist-packages/airflow/example_dags/example_time_delta_sensor_async.py
[2022-06-14 19:02:08,264] {logging_mixin.py:115} INFO - [2022-06-14 19:02:08,264] {dag.py:2371} INFO - Sync 1 DAGs
[2022-06-14 19:02:08,281] {logging_mixin.py:115} INFO - [2022-06-14 19:02:08,281] {dag.py:2915} INFO - Setting next_dagrun for example_time_delta_sensor_async to None, run_after=None
[2022-06-14 19:02:08,299] {processor.py:161} INFO - Processing /usr/local/lib/python3.10/dist-packages/airflow/example_dags/example_time_delta_sensor_async.py took 0.065 seconds
[2022-06-14 19:02:49,471] {processor.py:153} INFO - Started process (PID=9544) to work on /usr/local/lib/python3.10/dist-packages/airflow/example_dags/example_time_delta_sensor_async.py
[2022-06-14 19:02:49,472] {processor.py:641} INFO - Processing file /usr/local/lib/python3.10/dist-packages/airflow/example_dags/example_time_delta_sensor_async.py for tasks to queue
[2022-06-14 19:02:49,473] {logging_mixin.py:115} INFO - [2022-06-14 19:02:49,473] {dagbag.py:507} INFO - Filling up the DagBag from /usr/local/lib/python3.10/dist-packages/airflow/example_dags/example_time_delta_sensor_async.py
[2022-06-14 19:02:49,478] {processor.py:651} INFO - DAG(s) dict_keys(['example_time_delta_sensor_async']) retrieved from /usr/local/lib/python3.10/dist-packages/airflow/example_dags/example_time_delta_sensor_async.py
[2022-06-14 19:02:49,501] {logging_mixin.py:115} INFO - [2022-06-14 19:02:49,501] {dag.py:2371} INFO - Sync 1 DAGs
[2022-06-14 19:02:49,520] {logging_mixin.py:115} INFO - [2022-06-14 19:02:49,520] {dag.py:2915} INFO - Setting next_dagrun for example_time_delta_sensor_async to None, run_after=None
[2022-06-14 19:02:49,538] {processor.py:161} INFO - Processing /usr/local/lib/python3.10/dist-packages/airflow/example_dags/example_time_delta_sensor_async.py took 0.069 seconds
[2022-06-14 19:03:29,257] {processor.py:153} INFO - Started process (PID=9617) to work on /usr/local/lib/python3.10/dist-packages/airflow/example_dags/example_time_delta_sensor_async.py
[2022-06-14 19:03:29,257] {processor.py:641} INFO - Processing file /usr/local/lib/python3.10/dist-packages/airflow/example_dags/example_time_delta_sensor_async.py for tasks to queue
[2022-06-14 19:03:29,258] {logging_mixin.py:115} INFO - [2022-06-14 19:03:29,258] {dagbag.py:507} INFO - Filling up the DagBag from /usr/local/lib/python3.10/dist-packages/airflow/example_dags/example_time_delta_sensor_async.py
[2022-06-14 19:03:29,263] {processor.py:651} INFO - DAG(s) dict_keys(['example_time_delta_sensor_async']) retrieved from /usr/local/lib/python3.10/dist-packages/airflow/example_dags/example_time_delta_sensor_async.py
[2022-06-14 19:03:29,285] {logging_mixin.py:115} INFO - [2022-06-14 19:03:29,285] {dag.py:2371} INFO - Sync 1 DAGs
[2022-06-14 19:03:29,303] {logging_mixin.py:115} INFO - [2022-06-14 19:03:29,303] {dag.py:2915} INFO - Setting next_dagrun for example_time_delta_sensor_async to None, run_after=None
[2022-06-14 19:03:29,321] {processor.py:161} INFO - Processing /usr/local/lib/python3.10/dist-packages/airflow/example_dags/example_time_delta_sensor_async.py took 0.067 seconds
[2022-06-14 19:04:04,348] {processor.py:153} INFO - Started process (PID=9669) to work on /usr/local/lib/python3.10/dist-packages/airflow/example_dags/example_time_delta_sensor_async.py
[2022-06-14 19:04:04,348] {processor.py:641} INFO - Processing file /usr/local/lib/python3.10/dist-packages/airflow/example_dags/example_time_delta_sensor_async.py for tasks to queue
[2022-06-14 19:04:04,349] {logging_mixin.py:115} INFO - [2022-06-14 19:04:04,349] {dagbag.py:507} INFO - Filling up the DagBag from /usr/local/lib/python3.10/dist-packages/airflow/example_dags/example_time_delta_sensor_async.py
[2022-06-14 19:04:04,354] {processor.py:651} INFO - DAG(s) dict_keys(['example_time_delta_sensor_async']) retrieved from /usr/local/lib/python3.10/dist-packages/airflow/example_dags/example_time_delta_sensor_async.py
[2022-06-14 19:04:04,376] {logging_mixin.py:115} INFO - [2022-06-14 19:04:04,376] {dag.py:2371} INFO - Sync 1 DAGs
[2022-06-14 19:04:04,393] {logging_mixin.py:115} INFO - [2022-06-14 19:04:04,393] {dag.py:2915} INFO - Setting next_dagrun for example_time_delta_sensor_async to None, run_after=None
[2022-06-14 19:04:04,412] {processor.py:161} INFO - Processing /usr/local/lib/python3.10/dist-packages/airflow/example_dags/example_time_delta_sensor_async.py took 0.066 seconds
[2022-06-14 19:04:41,093] {processor.py:153} INFO - Started process (PID=9717) to work on /usr/local/lib/python3.10/dist-packages/airflow/example_dags/example_time_delta_sensor_async.py
[2022-06-14 19:04:41,093] {processor.py:641} INFO - Processing file /usr/local/lib/python3.10/dist-packages/airflow/example_dags/example_time_delta_sensor_async.py for tasks to queue
[2022-06-14 19:04:41,094] {logging_mixin.py:115} INFO - [2022-06-14 19:04:41,094] {dagbag.py:507} INFO - Filling up the DagBag from /usr/local/lib/python3.10/dist-packages/airflow/example_dags/example_time_delta_sensor_async.py
[2022-06-14 19:04:41,099] {processor.py:651} INFO - DAG(s) dict_keys(['example_time_delta_sensor_async']) retrieved from /usr/local/lib/python3.10/dist-packages/airflow/example_dags/example_time_delta_sensor_async.py
[2022-06-14 19:04:41,121] {logging_mixin.py:115} INFO - [2022-06-14 19:04:41,121] {dag.py:2371} INFO - Sync 1 DAGs
[2022-06-14 19:04:41,138] {logging_mixin.py:115} INFO - [2022-06-14 19:04:41,138] {dag.py:2915} INFO - Setting next_dagrun for example_time_delta_sensor_async to None, run_after=None
[2022-06-14 19:04:41,155] {processor.py:161} INFO - Processing /usr/local/lib/python3.10/dist-packages/airflow/example_dags/example_time_delta_sensor_async.py took 0.065 seconds
[2022-06-14 19:05:17,294] {processor.py:153} INFO - Started process (PID=9766) to work on /usr/local/lib/python3.10/dist-packages/airflow/example_dags/example_time_delta_sensor_async.py
[2022-06-14 19:05:17,295] {processor.py:641} INFO - Processing file /usr/local/lib/python3.10/dist-packages/airflow/example_dags/example_time_delta_sensor_async.py for tasks to queue
[2022-06-14 19:05:17,295] {logging_mixin.py:115} INFO - [2022-06-14 19:05:17,295] {dagbag.py:507} INFO - Filling up the DagBag from /usr/local/lib/python3.10/dist-packages/airflow/example_dags/example_time_delta_sensor_async.py
[2022-06-14 19:05:17,300] {processor.py:651} INFO - DAG(s) dict_keys(['example_time_delta_sensor_async']) retrieved from /usr/local/lib/python3.10/dist-packages/airflow/example_dags/example_time_delta_sensor_async.py
[2022-06-14 19:05:17,321] {logging_mixin.py:115} INFO - [2022-06-14 19:05:17,321] {dag.py:2371} INFO - Sync 1 DAGs
[2022-06-14 19:05:17,338] {logging_mixin.py:115} INFO - [2022-06-14 19:05:17,338] {dag.py:2915} INFO - Setting next_dagrun for example_time_delta_sensor_async to None, run_after=None
[2022-06-14 19:05:17,355] {processor.py:161} INFO - Processing /usr/local/lib/python3.10/dist-packages/airflow/example_dags/example_time_delta_sensor_async.py took 0.063 seconds
[2022-06-14 19:06:00,176] {processor.py:153} INFO - Started process (PID=9831) to work on /usr/local/lib/python3.10/dist-packages/airflow/example_dags/example_time_delta_sensor_async.py
[2022-06-14 19:06:00,177] {processor.py:641} INFO - Processing file /usr/local/lib/python3.10/dist-packages/airflow/example_dags/example_time_delta_sensor_async.py for tasks to queue
[2022-06-14 19:06:00,177] {logging_mixin.py:115} INFO - [2022-06-14 19:06:00,177] {dagbag.py:507} INFO - Filling up the DagBag from /usr/local/lib/python3.10/dist-packages/airflow/example_dags/example_time_delta_sensor_async.py
[2022-06-14 19:06:00,182] {processor.py:651} INFO - DAG(s) dict_keys(['example_time_delta_sensor_async']) retrieved from /usr/local/lib/python3.10/dist-packages/airflow/example_dags/example_time_delta_sensor_async.py
[2022-06-14 19:06:00,204] {logging_mixin.py:115} INFO - [2022-06-14 19:06:00,204] {dag.py:2371} INFO - Sync 1 DAGs
[2022-06-14 19:06:00,221] {logging_mixin.py:115} INFO - [2022-06-14 19:06:00,221] {dag.py:2915} INFO - Setting next_dagrun for example_time_delta_sensor_async to None, run_after=None
[2022-06-14 19:06:00,239] {processor.py:161} INFO - Processing /usr/local/lib/python3.10/dist-packages/airflow/example_dags/example_time_delta_sensor_async.py took 0.066 seconds
[2022-06-14 19:06:41,362] {processor.py:153} INFO - Started process (PID=9884) to work on /usr/local/lib/python3.10/dist-packages/airflow/example_dags/example_time_delta_sensor_async.py
[2022-06-14 19:06:41,363] {processor.py:641} INFO - Processing file /usr/local/lib/python3.10/dist-packages/airflow/example_dags/example_time_delta_sensor_async.py for tasks to queue
[2022-06-14 19:06:41,363] {logging_mixin.py:115} INFO - [2022-06-14 19:06:41,363] {dagbag.py:507} INFO - Filling up the DagBag from /usr/local/lib/python3.10/dist-packages/airflow/example_dags/example_time_delta_sensor_async.py
[2022-06-14 19:06:41,368] {processor.py:651} INFO - DAG(s) dict_keys(['example_time_delta_sensor_async']) retrieved from /usr/local/lib/python3.10/dist-packages/airflow/example_dags/example_time_delta_sensor_async.py
[2022-06-14 19:06:41,389] {logging_mixin.py:115} INFO - [2022-06-14 19:06:41,389] {dag.py:2371} INFO - Sync 1 DAGs
[2022-06-14 19:06:41,406] {logging_mixin.py:115} INFO - [2022-06-14 19:06:41,406] {dag.py:2915} INFO - Setting next_dagrun for example_time_delta_sensor_async to None, run_after=None
[2022-06-14 19:06:41,423] {processor.py:161} INFO - Processing /usr/local/lib/python3.10/dist-packages/airflow/example_dags/example_time_delta_sensor_async.py took 0.063 seconds
[2022-06-14 19:07:19,425] {processor.py:153} INFO - Started process (PID=9940) to work on /usr/local/lib/python3.10/dist-packages/airflow/example_dags/example_time_delta_sensor_async.py
[2022-06-14 19:07:19,425] {processor.py:641} INFO - Processing file /usr/local/lib/python3.10/dist-packages/airflow/example_dags/example_time_delta_sensor_async.py for tasks to queue
[2022-06-14 19:07:19,426] {logging_mixin.py:115} INFO - [2022-06-14 19:07:19,426] {dagbag.py:507} INFO - Filling up the DagBag from /usr/local/lib/python3.10/dist-packages/airflow/example_dags/example_time_delta_sensor_async.py
[2022-06-14 19:07:19,430] {processor.py:651} INFO - DAG(s) dict_keys(['example_time_delta_sensor_async']) retrieved from /usr/local/lib/python3.10/dist-packages/airflow/example_dags/example_time_delta_sensor_async.py
[2022-06-14 19:07:19,453] {logging_mixin.py:115} INFO - [2022-06-14 19:07:19,453] {dag.py:2371} INFO - Sync 1 DAGs
[2022-06-14 19:07:19,470] {logging_mixin.py:115} INFO - [2022-06-14 19:07:19,470] {dag.py:2915} INFO - Setting next_dagrun for example_time_delta_sensor_async to None, run_after=None
[2022-06-14 19:07:19,488] {processor.py:161} INFO - Processing /usr/local/lib/python3.10/dist-packages/airflow/example_dags/example_time_delta_sensor_async.py took 0.066 seconds
[2022-06-14 19:07:56,055] {processor.py:153} INFO - Started process (PID=9993) to work on /usr/local/lib/python3.10/dist-packages/airflow/example_dags/example_time_delta_sensor_async.py
[2022-06-14 19:07:56,055] {processor.py:641} INFO - Processing file /usr/local/lib/python3.10/dist-packages/airflow/example_dags/example_time_delta_sensor_async.py for tasks to queue
[2022-06-14 19:07:56,056] {logging_mixin.py:115} INFO - [2022-06-14 19:07:56,056] {dagbag.py:507} INFO - Filling up the DagBag from /usr/local/lib/python3.10/dist-packages/airflow/example_dags/example_time_delta_sensor_async.py
[2022-06-14 19:07:56,060] {processor.py:651} INFO - DAG(s) dict_keys(['example_time_delta_sensor_async']) retrieved from /usr/local/lib/python3.10/dist-packages/airflow/example_dags/example_time_delta_sensor_async.py
[2022-06-14 19:07:56,081] {logging_mixin.py:115} INFO - [2022-06-14 19:07:56,081] {dag.py:2371} INFO - Sync 1 DAGs
[2022-06-14 19:07:56,098] {logging_mixin.py:115} INFO - [2022-06-14 19:07:56,098] {dag.py:2915} INFO - Setting next_dagrun for example_time_delta_sensor_async to None, run_after=None
[2022-06-14 19:07:56,116] {processor.py:161} INFO - Processing /usr/local/lib/python3.10/dist-packages/airflow/example_dags/example_time_delta_sensor_async.py took 0.063 seconds
[2022-06-14 19:08:31,983] {processor.py:153} INFO - Started process (PID=10039) to work on /usr/local/lib/python3.10/dist-packages/airflow/example_dags/example_time_delta_sensor_async.py
[2022-06-14 19:08:31,983] {processor.py:641} INFO - Processing file /usr/local/lib/python3.10/dist-packages/airflow/example_dags/example_time_delta_sensor_async.py for tasks to queue
[2022-06-14 19:08:31,983] {logging_mixin.py:115} INFO - [2022-06-14 19:08:31,983] {dagbag.py:507} INFO - Filling up the DagBag from /usr/local/lib/python3.10/dist-packages/airflow/example_dags/example_time_delta_sensor_async.py
[2022-06-14 19:08:31,989] {processor.py:651} INFO - DAG(s) dict_keys(['example_time_delta_sensor_async']) retrieved from /usr/local/lib/python3.10/dist-packages/airflow/example_dags/example_time_delta_sensor_async.py
[2022-06-14 19:08:32,013] {logging_mixin.py:115} INFO - [2022-06-14 19:08:32,013] {dag.py:2371} INFO - Sync 1 DAGs
[2022-06-14 19:08:32,031] {logging_mixin.py:115} INFO - [2022-06-14 19:08:32,031] {dag.py:2915} INFO - Setting next_dagrun for example_time_delta_sensor_async to None, run_after=None
[2022-06-14 19:08:32,050] {processor.py:161} INFO - Processing /usr/local/lib/python3.10/dist-packages/airflow/example_dags/example_time_delta_sensor_async.py took 0.070 seconds
[2022-06-14 19:09:09,253] {processor.py:153} INFO - Started process (PID=10095) to work on /usr/local/lib/python3.10/dist-packages/airflow/example_dags/example_time_delta_sensor_async.py
[2022-06-14 19:09:09,254] {processor.py:641} INFO - Processing file /usr/local/lib/python3.10/dist-packages/airflow/example_dags/example_time_delta_sensor_async.py for tasks to queue
[2022-06-14 19:09:09,254] {logging_mixin.py:115} INFO - [2022-06-14 19:09:09,254] {dagbag.py:507} INFO - Filling up the DagBag from /usr/local/lib/python3.10/dist-packages/airflow/example_dags/example_time_delta_sensor_async.py
[2022-06-14 19:09:09,260] {processor.py:651} INFO - DAG(s) dict_keys(['example_time_delta_sensor_async']) retrieved from /usr/local/lib/python3.10/dist-packages/airflow/example_dags/example_time_delta_sensor_async.py
[2022-06-14 19:09:09,280] {logging_mixin.py:115} INFO - [2022-06-14 19:09:09,280] {dag.py:2371} INFO - Sync 1 DAGs
[2022-06-14 19:09:09,298] {logging_mixin.py:115} INFO - [2022-06-14 19:09:09,298] {dag.py:2915} INFO - Setting next_dagrun for example_time_delta_sensor_async to None, run_after=None
[2022-06-14 19:09:09,315] {processor.py:161} INFO - Processing /usr/local/lib/python3.10/dist-packages/airflow/example_dags/example_time_delta_sensor_async.py took 0.064 seconds
[2022-06-14 19:09:45,334] {processor.py:153} INFO - Started process (PID=10142) to work on /usr/local/lib/python3.10/dist-packages/airflow/example_dags/example_time_delta_sensor_async.py
[2022-06-14 19:09:45,334] {processor.py:641} INFO - Processing file /usr/local/lib/python3.10/dist-packages/airflow/example_dags/example_time_delta_sensor_async.py for tasks to queue
[2022-06-14 19:09:45,335] {logging_mixin.py:115} INFO - [2022-06-14 19:09:45,335] {dagbag.py:507} INFO - Filling up the DagBag from /usr/local/lib/python3.10/dist-packages/airflow/example_dags/example_time_delta_sensor_async.py
[2022-06-14 19:09:45,341] {processor.py:651} INFO - DAG(s) dict_keys(['example_time_delta_sensor_async']) retrieved from /usr/local/lib/python3.10/dist-packages/airflow/example_dags/example_time_delta_sensor_async.py
[2022-06-14 19:09:45,363] {logging_mixin.py:115} INFO - [2022-06-14 19:09:45,363] {dag.py:2371} INFO - Sync 1 DAGs
[2022-06-14 19:09:45,380] {logging_mixin.py:115} INFO - [2022-06-14 19:09:45,380] {dag.py:2915} INFO - Setting next_dagrun for example_time_delta_sensor_async to None, run_after=None
[2022-06-14 19:09:45,399] {processor.py:161} INFO - Processing /usr/local/lib/python3.10/dist-packages/airflow/example_dags/example_time_delta_sensor_async.py took 0.068 seconds
[2022-06-14 19:10:27,194] {processor.py:153} INFO - Started process (PID=10250) to work on /usr/local/lib/python3.10/dist-packages/airflow/example_dags/example_time_delta_sensor_async.py
[2022-06-14 19:10:27,194] {processor.py:641} INFO - Processing file /usr/local/lib/python3.10/dist-packages/airflow/example_dags/example_time_delta_sensor_async.py for tasks to queue
[2022-06-14 19:10:27,195] {logging_mixin.py:115} INFO - [2022-06-14 19:10:27,195] {dagbag.py:507} INFO - Filling up the DagBag from /usr/local/lib/python3.10/dist-packages/airflow/example_dags/example_time_delta_sensor_async.py
[2022-06-14 19:10:27,200] {processor.py:651} INFO - DAG(s) dict_keys(['example_time_delta_sensor_async']) retrieved from /usr/local/lib/python3.10/dist-packages/airflow/example_dags/example_time_delta_sensor_async.py
[2022-06-14 19:10:27,221] {logging_mixin.py:115} INFO - [2022-06-14 19:10:27,221] {dag.py:2371} INFO - Sync 1 DAGs
[2022-06-14 19:10:27,238] {logging_mixin.py:115} INFO - [2022-06-14 19:10:27,238] {dag.py:2915} INFO - Setting next_dagrun for example_time_delta_sensor_async to None, run_after=None
[2022-06-14 19:10:27,257] {processor.py:161} INFO - Processing /usr/local/lib/python3.10/dist-packages/airflow/example_dags/example_time_delta_sensor_async.py took 0.066 seconds
