[2022-06-14 18:33:59,105] {processor.py:153} INFO - Started process (PID=6655) to work on /usr/local/lib/python3.10/dist-packages/airflow/example_dags/example_branch_operator_decorator.py
[2022-06-14 18:33:59,105] {processor.py:641} INFO - Processing file /usr/local/lib/python3.10/dist-packages/airflow/example_dags/example_branch_operator_decorator.py for tasks to queue
[2022-06-14 18:33:59,105] {logging_mixin.py:115} INFO - [2022-06-14 18:33:59,105] {dagbag.py:507} INFO - Filling up the DagBag from /usr/local/lib/python3.10/dist-packages/airflow/example_dags/example_branch_operator_decorator.py
[2022-06-14 18:33:59,128] {processor.py:651} INFO - DAG(s) dict_keys(['example_branch_python_operator_decorator']) retrieved from /usr/local/lib/python3.10/dist-packages/airflow/example_dags/example_branch_operator_decorator.py
[2022-06-14 18:33:59,145] {logging_mixin.py:115} INFO - [2022-06-14 18:33:59,145] {dag.py:2371} INFO - Sync 1 DAGs
[2022-06-14 18:33:59,164] {logging_mixin.py:115} INFO - [2022-06-14 18:33:59,164] {dag.py:2915} INFO - Setting next_dagrun for example_branch_python_operator_decorator to 2022-06-13T00:00:00+00:00, run_after=2022-06-14T00:00:00+00:00
[2022-06-14 18:33:59,183] {processor.py:161} INFO - Processing /usr/local/lib/python3.10/dist-packages/airflow/example_dags/example_branch_operator_decorator.py took 0.082 seconds
[2022-06-14 18:34:35,407] {processor.py:153} INFO - Started process (PID=6709) to work on /usr/local/lib/python3.10/dist-packages/airflow/example_dags/example_branch_operator_decorator.py
[2022-06-14 18:34:35,407] {processor.py:641} INFO - Processing file /usr/local/lib/python3.10/dist-packages/airflow/example_dags/example_branch_operator_decorator.py for tasks to queue
[2022-06-14 18:34:35,408] {logging_mixin.py:115} INFO - [2022-06-14 18:34:35,408] {dagbag.py:507} INFO - Filling up the DagBag from /usr/local/lib/python3.10/dist-packages/airflow/example_dags/example_branch_operator_decorator.py
[2022-06-14 18:34:35,425] {processor.py:651} INFO - DAG(s) dict_keys(['example_branch_python_operator_decorator']) retrieved from /usr/local/lib/python3.10/dist-packages/airflow/example_dags/example_branch_operator_decorator.py
[2022-06-14 18:34:35,442] {logging_mixin.py:115} INFO - [2022-06-14 18:34:35,441] {dag.py:2371} INFO - Sync 1 DAGs
[2022-06-14 18:34:35,470] {logging_mixin.py:115} INFO - [2022-06-14 18:34:35,470] {dag.py:2915} INFO - Setting next_dagrun for example_branch_python_operator_decorator to 2022-06-13T00:00:00+00:00, run_after=2022-06-14T00:00:00+00:00
[2022-06-14 18:34:35,489] {processor.py:161} INFO - Processing /usr/local/lib/python3.10/dist-packages/airflow/example_dags/example_branch_operator_decorator.py took 0.085 seconds
[2022-06-14 18:35:10,289] {processor.py:153} INFO - Started process (PID=6774) to work on /usr/local/lib/python3.10/dist-packages/airflow/example_dags/example_branch_operator_decorator.py
[2022-06-14 18:35:10,290] {processor.py:641} INFO - Processing file /usr/local/lib/python3.10/dist-packages/airflow/example_dags/example_branch_operator_decorator.py for tasks to queue
[2022-06-14 18:35:10,290] {logging_mixin.py:115} INFO - [2022-06-14 18:35:10,290] {dagbag.py:507} INFO - Filling up the DagBag from /usr/local/lib/python3.10/dist-packages/airflow/example_dags/example_branch_operator_decorator.py
[2022-06-14 18:35:10,308] {processor.py:651} INFO - DAG(s) dict_keys(['example_branch_python_operator_decorator']) retrieved from /usr/local/lib/python3.10/dist-packages/airflow/example_dags/example_branch_operator_decorator.py
[2022-06-14 18:35:10,324] {logging_mixin.py:115} INFO - [2022-06-14 18:35:10,324] {dag.py:2371} INFO - Sync 1 DAGs
[2022-06-14 18:35:10,342] {logging_mixin.py:115} INFO - [2022-06-14 18:35:10,342] {dag.py:2915} INFO - Setting next_dagrun for example_branch_python_operator_decorator to 2022-06-13T00:00:00+00:00, run_after=2022-06-14T00:00:00+00:00
[2022-06-14 18:35:10,360] {processor.py:161} INFO - Processing /usr/local/lib/python3.10/dist-packages/airflow/example_dags/example_branch_operator_decorator.py took 0.073 seconds
[2022-06-14 18:35:46,174] {processor.py:153} INFO - Started process (PID=6823) to work on /usr/local/lib/python3.10/dist-packages/airflow/example_dags/example_branch_operator_decorator.py
[2022-06-14 18:35:46,175] {processor.py:641} INFO - Processing file /usr/local/lib/python3.10/dist-packages/airflow/example_dags/example_branch_operator_decorator.py for tasks to queue
[2022-06-14 18:35:46,175] {logging_mixin.py:115} INFO - [2022-06-14 18:35:46,175] {dagbag.py:507} INFO - Filling up the DagBag from /usr/local/lib/python3.10/dist-packages/airflow/example_dags/example_branch_operator_decorator.py
[2022-06-14 18:35:46,195] {processor.py:651} INFO - DAG(s) dict_keys(['example_branch_python_operator_decorator']) retrieved from /usr/local/lib/python3.10/dist-packages/airflow/example_dags/example_branch_operator_decorator.py
[2022-06-14 18:35:46,210] {logging_mixin.py:115} INFO - [2022-06-14 18:35:46,210] {dag.py:2371} INFO - Sync 1 DAGs
[2022-06-14 18:35:46,229] {logging_mixin.py:115} INFO - [2022-06-14 18:35:46,229] {dag.py:2915} INFO - Setting next_dagrun for example_branch_python_operator_decorator to 2022-06-13T00:00:00+00:00, run_after=2022-06-14T00:00:00+00:00
[2022-06-14 18:35:46,246] {processor.py:161} INFO - Processing /usr/local/lib/python3.10/dist-packages/airflow/example_dags/example_branch_operator_decorator.py took 0.075 seconds
[2022-06-14 18:36:21,174] {processor.py:153} INFO - Started process (PID=6874) to work on /usr/local/lib/python3.10/dist-packages/airflow/example_dags/example_branch_operator_decorator.py
[2022-06-14 18:36:21,174] {processor.py:641} INFO - Processing file /usr/local/lib/python3.10/dist-packages/airflow/example_dags/example_branch_operator_decorator.py for tasks to queue
[2022-06-14 18:36:21,175] {logging_mixin.py:115} INFO - [2022-06-14 18:36:21,175] {dagbag.py:507} INFO - Filling up the DagBag from /usr/local/lib/python3.10/dist-packages/airflow/example_dags/example_branch_operator_decorator.py
[2022-06-14 18:36:21,192] {processor.py:651} INFO - DAG(s) dict_keys(['example_branch_python_operator_decorator']) retrieved from /usr/local/lib/python3.10/dist-packages/airflow/example_dags/example_branch_operator_decorator.py
[2022-06-14 18:36:21,207] {logging_mixin.py:115} INFO - [2022-06-14 18:36:21,207] {dag.py:2371} INFO - Sync 1 DAGs
[2022-06-14 18:36:21,226] {logging_mixin.py:115} INFO - [2022-06-14 18:36:21,226] {dag.py:2915} INFO - Setting next_dagrun for example_branch_python_operator_decorator to 2022-06-13T00:00:00+00:00, run_after=2022-06-14T00:00:00+00:00
[2022-06-14 18:36:21,243] {processor.py:161} INFO - Processing /usr/local/lib/python3.10/dist-packages/airflow/example_dags/example_branch_operator_decorator.py took 0.072 seconds
[2022-06-14 18:36:58,574] {processor.py:153} INFO - Started process (PID=6929) to work on /usr/local/lib/python3.10/dist-packages/airflow/example_dags/example_branch_operator_decorator.py
[2022-06-14 18:36:58,575] {processor.py:641} INFO - Processing file /usr/local/lib/python3.10/dist-packages/airflow/example_dags/example_branch_operator_decorator.py for tasks to queue
[2022-06-14 18:36:58,575] {logging_mixin.py:115} INFO - [2022-06-14 18:36:58,575] {dagbag.py:507} INFO - Filling up the DagBag from /usr/local/lib/python3.10/dist-packages/airflow/example_dags/example_branch_operator_decorator.py
[2022-06-14 18:36:58,594] {processor.py:651} INFO - DAG(s) dict_keys(['example_branch_python_operator_decorator']) retrieved from /usr/local/lib/python3.10/dist-packages/airflow/example_dags/example_branch_operator_decorator.py
[2022-06-14 18:36:58,609] {logging_mixin.py:115} INFO - [2022-06-14 18:36:58,608] {dag.py:2371} INFO - Sync 1 DAGs
[2022-06-14 18:36:58,628] {logging_mixin.py:115} INFO - [2022-06-14 18:36:58,627] {dag.py:2915} INFO - Setting next_dagrun for example_branch_python_operator_decorator to 2022-06-13T00:00:00+00:00, run_after=2022-06-14T00:00:00+00:00
[2022-06-14 18:36:58,648] {processor.py:161} INFO - Processing /usr/local/lib/python3.10/dist-packages/airflow/example_dags/example_branch_operator_decorator.py took 0.076 seconds
[2022-06-14 18:37:37,527] {processor.py:153} INFO - Started process (PID=6979) to work on /usr/local/lib/python3.10/dist-packages/airflow/example_dags/example_branch_operator_decorator.py
[2022-06-14 18:37:37,528] {processor.py:641} INFO - Processing file /usr/local/lib/python3.10/dist-packages/airflow/example_dags/example_branch_operator_decorator.py for tasks to queue
[2022-06-14 18:37:37,528] {logging_mixin.py:115} INFO - [2022-06-14 18:37:37,528] {dagbag.py:507} INFO - Filling up the DagBag from /usr/local/lib/python3.10/dist-packages/airflow/example_dags/example_branch_operator_decorator.py
[2022-06-14 18:37:37,546] {processor.py:651} INFO - DAG(s) dict_keys(['example_branch_python_operator_decorator']) retrieved from /usr/local/lib/python3.10/dist-packages/airflow/example_dags/example_branch_operator_decorator.py
[2022-06-14 18:37:37,562] {logging_mixin.py:115} INFO - [2022-06-14 18:37:37,562] {dag.py:2371} INFO - Sync 1 DAGs
[2022-06-14 18:37:37,581] {logging_mixin.py:115} INFO - [2022-06-14 18:37:37,581] {dag.py:2915} INFO - Setting next_dagrun for example_branch_python_operator_decorator to 2022-06-13T00:00:00+00:00, run_after=2022-06-14T00:00:00+00:00
[2022-06-14 18:37:37,599] {processor.py:161} INFO - Processing /usr/local/lib/python3.10/dist-packages/airflow/example_dags/example_branch_operator_decorator.py took 0.074 seconds
[2022-06-14 18:38:14,941] {processor.py:153} INFO - Started process (PID=7033) to work on /usr/local/lib/python3.10/dist-packages/airflow/example_dags/example_branch_operator_decorator.py
[2022-06-14 18:38:14,942] {processor.py:641} INFO - Processing file /usr/local/lib/python3.10/dist-packages/airflow/example_dags/example_branch_operator_decorator.py for tasks to queue
[2022-06-14 18:38:14,942] {logging_mixin.py:115} INFO - [2022-06-14 18:38:14,942] {dagbag.py:507} INFO - Filling up the DagBag from /usr/local/lib/python3.10/dist-packages/airflow/example_dags/example_branch_operator_decorator.py
[2022-06-14 18:38:14,961] {processor.py:651} INFO - DAG(s) dict_keys(['example_branch_python_operator_decorator']) retrieved from /usr/local/lib/python3.10/dist-packages/airflow/example_dags/example_branch_operator_decorator.py
[2022-06-14 18:38:14,976] {logging_mixin.py:115} INFO - [2022-06-14 18:38:14,976] {dag.py:2371} INFO - Sync 1 DAGs
[2022-06-14 18:38:14,994] {logging_mixin.py:115} INFO - [2022-06-14 18:38:14,994] {dag.py:2915} INFO - Setting next_dagrun for example_branch_python_operator_decorator to 2022-06-13T00:00:00+00:00, run_after=2022-06-14T00:00:00+00:00
[2022-06-14 18:38:15,024] {processor.py:161} INFO - Processing /usr/local/lib/python3.10/dist-packages/airflow/example_dags/example_branch_operator_decorator.py took 0.085 seconds
[2022-06-14 18:38:48,384] {processor.py:153} INFO - Started process (PID=7078) to work on /usr/local/lib/python3.10/dist-packages/airflow/example_dags/example_branch_operator_decorator.py
[2022-06-14 18:38:48,385] {processor.py:641} INFO - Processing file /usr/local/lib/python3.10/dist-packages/airflow/example_dags/example_branch_operator_decorator.py for tasks to queue
[2022-06-14 18:38:48,385] {logging_mixin.py:115} INFO - [2022-06-14 18:38:48,385] {dagbag.py:507} INFO - Filling up the DagBag from /usr/local/lib/python3.10/dist-packages/airflow/example_dags/example_branch_operator_decorator.py
[2022-06-14 18:38:48,404] {processor.py:651} INFO - DAG(s) dict_keys(['example_branch_python_operator_decorator']) retrieved from /usr/local/lib/python3.10/dist-packages/airflow/example_dags/example_branch_operator_decorator.py
[2022-06-14 18:38:48,419] {logging_mixin.py:115} INFO - [2022-06-14 18:38:48,419] {dag.py:2371} INFO - Sync 1 DAGs
[2022-06-14 18:38:48,438] {logging_mixin.py:115} INFO - [2022-06-14 18:38:48,438] {dag.py:2915} INFO - Setting next_dagrun for example_branch_python_operator_decorator to 2022-06-13T00:00:00+00:00, run_after=2022-06-14T00:00:00+00:00
[2022-06-14 18:38:48,456] {processor.py:161} INFO - Processing /usr/local/lib/python3.10/dist-packages/airflow/example_dags/example_branch_operator_decorator.py took 0.075 seconds
[2022-06-14 18:39:27,897] {processor.py:153} INFO - Started process (PID=7138) to work on /usr/local/lib/python3.10/dist-packages/airflow/example_dags/example_branch_operator_decorator.py
[2022-06-14 18:39:27,898] {processor.py:641} INFO - Processing file /usr/local/lib/python3.10/dist-packages/airflow/example_dags/example_branch_operator_decorator.py for tasks to queue
[2022-06-14 18:39:27,898] {logging_mixin.py:115} INFO - [2022-06-14 18:39:27,898] {dagbag.py:507} INFO - Filling up the DagBag from /usr/local/lib/python3.10/dist-packages/airflow/example_dags/example_branch_operator_decorator.py
[2022-06-14 18:39:27,916] {processor.py:651} INFO - DAG(s) dict_keys(['example_branch_python_operator_decorator']) retrieved from /usr/local/lib/python3.10/dist-packages/airflow/example_dags/example_branch_operator_decorator.py
[2022-06-14 18:39:27,932] {logging_mixin.py:115} INFO - [2022-06-14 18:39:27,932] {dag.py:2371} INFO - Sync 1 DAGs
[2022-06-14 18:39:27,950] {logging_mixin.py:115} INFO - [2022-06-14 18:39:27,950] {dag.py:2915} INFO - Setting next_dagrun for example_branch_python_operator_decorator to 2022-06-13T00:00:00+00:00, run_after=2022-06-14T00:00:00+00:00
[2022-06-14 18:39:27,969] {processor.py:161} INFO - Processing /usr/local/lib/python3.10/dist-packages/airflow/example_dags/example_branch_operator_decorator.py took 0.074 seconds
[2022-06-14 18:40:03,608] {processor.py:153} INFO - Started process (PID=7193) to work on /usr/local/lib/python3.10/dist-packages/airflow/example_dags/example_branch_operator_decorator.py
[2022-06-14 18:40:03,609] {processor.py:641} INFO - Processing file /usr/local/lib/python3.10/dist-packages/airflow/example_dags/example_branch_operator_decorator.py for tasks to queue
[2022-06-14 18:40:03,609] {logging_mixin.py:115} INFO - [2022-06-14 18:40:03,609] {dagbag.py:507} INFO - Filling up the DagBag from /usr/local/lib/python3.10/dist-packages/airflow/example_dags/example_branch_operator_decorator.py
[2022-06-14 18:40:03,627] {processor.py:651} INFO - DAG(s) dict_keys(['example_branch_python_operator_decorator']) retrieved from /usr/local/lib/python3.10/dist-packages/airflow/example_dags/example_branch_operator_decorator.py
[2022-06-14 18:40:03,642] {logging_mixin.py:115} INFO - [2022-06-14 18:40:03,642] {dag.py:2371} INFO - Sync 1 DAGs
[2022-06-14 18:40:03,660] {logging_mixin.py:115} INFO - [2022-06-14 18:40:03,660] {dag.py:2915} INFO - Setting next_dagrun for example_branch_python_operator_decorator to 2022-06-13T00:00:00+00:00, run_after=2022-06-14T00:00:00+00:00
[2022-06-14 18:40:03,681] {processor.py:161} INFO - Processing /usr/local/lib/python3.10/dist-packages/airflow/example_dags/example_branch_operator_decorator.py took 0.076 seconds
[2022-06-14 18:40:41,377] {processor.py:153} INFO - Started process (PID=7243) to work on /usr/local/lib/python3.10/dist-packages/airflow/example_dags/example_branch_operator_decorator.py
[2022-06-14 18:40:41,377] {processor.py:641} INFO - Processing file /usr/local/lib/python3.10/dist-packages/airflow/example_dags/example_branch_operator_decorator.py for tasks to queue
[2022-06-14 18:40:41,378] {logging_mixin.py:115} INFO - [2022-06-14 18:40:41,378] {dagbag.py:507} INFO - Filling up the DagBag from /usr/local/lib/python3.10/dist-packages/airflow/example_dags/example_branch_operator_decorator.py
[2022-06-14 18:40:41,395] {processor.py:651} INFO - DAG(s) dict_keys(['example_branch_python_operator_decorator']) retrieved from /usr/local/lib/python3.10/dist-packages/airflow/example_dags/example_branch_operator_decorator.py
[2022-06-14 18:40:41,411] {logging_mixin.py:115} INFO - [2022-06-14 18:40:41,411] {dag.py:2371} INFO - Sync 1 DAGs
[2022-06-14 18:40:41,429] {logging_mixin.py:115} INFO - [2022-06-14 18:40:41,429] {dag.py:2915} INFO - Setting next_dagrun for example_branch_python_operator_decorator to 2022-06-13T00:00:00+00:00, run_after=2022-06-14T00:00:00+00:00
[2022-06-14 18:40:41,446] {processor.py:161} INFO - Processing /usr/local/lib/python3.10/dist-packages/airflow/example_dags/example_branch_operator_decorator.py took 0.072 seconds
[2022-06-14 18:41:17,350] {processor.py:153} INFO - Started process (PID=7299) to work on /usr/local/lib/python3.10/dist-packages/airflow/example_dags/example_branch_operator_decorator.py
[2022-06-14 18:41:17,350] {processor.py:641} INFO - Processing file /usr/local/lib/python3.10/dist-packages/airflow/example_dags/example_branch_operator_decorator.py for tasks to queue
[2022-06-14 18:41:17,351] {logging_mixin.py:115} INFO - [2022-06-14 18:41:17,351] {dagbag.py:507} INFO - Filling up the DagBag from /usr/local/lib/python3.10/dist-packages/airflow/example_dags/example_branch_operator_decorator.py
[2022-06-14 18:41:17,368] {processor.py:651} INFO - DAG(s) dict_keys(['example_branch_python_operator_decorator']) retrieved from /usr/local/lib/python3.10/dist-packages/airflow/example_dags/example_branch_operator_decorator.py
[2022-06-14 18:41:17,384] {logging_mixin.py:115} INFO - [2022-06-14 18:41:17,383] {dag.py:2371} INFO - Sync 1 DAGs
[2022-06-14 18:41:17,402] {logging_mixin.py:115} INFO - [2022-06-14 18:41:17,402] {dag.py:2915} INFO - Setting next_dagrun for example_branch_python_operator_decorator to 2022-06-13T00:00:00+00:00, run_after=2022-06-14T00:00:00+00:00
[2022-06-14 18:41:17,420] {processor.py:161} INFO - Processing /usr/local/lib/python3.10/dist-packages/airflow/example_dags/example_branch_operator_decorator.py took 0.073 seconds
[2022-06-14 18:41:56,887] {processor.py:153} INFO - Started process (PID=7367) to work on /usr/local/lib/python3.10/dist-packages/airflow/example_dags/example_branch_operator_decorator.py
[2022-06-14 18:41:56,888] {processor.py:641} INFO - Processing file /usr/local/lib/python3.10/dist-packages/airflow/example_dags/example_branch_operator_decorator.py for tasks to queue
[2022-06-14 18:41:56,889] {logging_mixin.py:115} INFO - [2022-06-14 18:41:56,889] {dagbag.py:507} INFO - Filling up the DagBag from /usr/local/lib/python3.10/dist-packages/airflow/example_dags/example_branch_operator_decorator.py
[2022-06-14 18:41:56,907] {processor.py:651} INFO - DAG(s) dict_keys(['example_branch_python_operator_decorator']) retrieved from /usr/local/lib/python3.10/dist-packages/airflow/example_dags/example_branch_operator_decorator.py
[2022-06-14 18:41:56,923] {logging_mixin.py:115} INFO - [2022-06-14 18:41:56,922] {dag.py:2371} INFO - Sync 1 DAGs
[2022-06-14 18:41:56,942] {logging_mixin.py:115} INFO - [2022-06-14 18:41:56,942] {dag.py:2915} INFO - Setting next_dagrun for example_branch_python_operator_decorator to 2022-06-13T00:00:00+00:00, run_after=2022-06-14T00:00:00+00:00
[2022-06-14 18:41:56,960] {processor.py:161} INFO - Processing /usr/local/lib/python3.10/dist-packages/airflow/example_dags/example_branch_operator_decorator.py took 0.075 seconds
[2022-06-14 18:42:37,521] {processor.py:153} INFO - Started process (PID=7470) to work on /usr/local/lib/python3.10/dist-packages/airflow/example_dags/example_branch_operator_decorator.py
[2022-06-14 18:42:37,521] {processor.py:641} INFO - Processing file /usr/local/lib/python3.10/dist-packages/airflow/example_dags/example_branch_operator_decorator.py for tasks to queue
[2022-06-14 18:42:37,522] {logging_mixin.py:115} INFO - [2022-06-14 18:42:37,522] {dagbag.py:507} INFO - Filling up the DagBag from /usr/local/lib/python3.10/dist-packages/airflow/example_dags/example_branch_operator_decorator.py
[2022-06-14 18:42:37,540] {processor.py:651} INFO - DAG(s) dict_keys(['example_branch_python_operator_decorator']) retrieved from /usr/local/lib/python3.10/dist-packages/airflow/example_dags/example_branch_operator_decorator.py
[2022-06-14 18:42:37,555] {logging_mixin.py:115} INFO - [2022-06-14 18:42:37,555] {dag.py:2371} INFO - Sync 1 DAGs
[2022-06-14 18:42:37,574] {logging_mixin.py:115} INFO - [2022-06-14 18:42:37,574] {dag.py:2915} INFO - Setting next_dagrun for example_branch_python_operator_decorator to 2022-06-13T00:00:00+00:00, run_after=2022-06-14T00:00:00+00:00
[2022-06-14 18:42:37,592] {processor.py:161} INFO - Processing /usr/local/lib/python3.10/dist-packages/airflow/example_dags/example_branch_operator_decorator.py took 0.074 seconds
[2022-06-14 18:43:18,288] {processor.py:153} INFO - Started process (PID=7570) to work on /usr/local/lib/python3.10/dist-packages/airflow/example_dags/example_branch_operator_decorator.py
[2022-06-14 18:43:18,289] {processor.py:641} INFO - Processing file /usr/local/lib/python3.10/dist-packages/airflow/example_dags/example_branch_operator_decorator.py for tasks to queue
[2022-06-14 18:43:18,289] {logging_mixin.py:115} INFO - [2022-06-14 18:43:18,289] {dagbag.py:507} INFO - Filling up the DagBag from /usr/local/lib/python3.10/dist-packages/airflow/example_dags/example_branch_operator_decorator.py
[2022-06-14 18:43:18,307] {processor.py:651} INFO - DAG(s) dict_keys(['example_branch_python_operator_decorator']) retrieved from /usr/local/lib/python3.10/dist-packages/airflow/example_dags/example_branch_operator_decorator.py
[2022-06-14 18:43:18,323] {logging_mixin.py:115} INFO - [2022-06-14 18:43:18,323] {dag.py:2371} INFO - Sync 1 DAGs
[2022-06-14 18:43:18,342] {logging_mixin.py:115} INFO - [2022-06-14 18:43:18,342] {dag.py:2915} INFO - Setting next_dagrun for example_branch_python_operator_decorator to 2022-06-13T00:00:00+00:00, run_after=2022-06-14T00:00:00+00:00
[2022-06-14 18:43:18,360] {processor.py:161} INFO - Processing /usr/local/lib/python3.10/dist-packages/airflow/example_dags/example_branch_operator_decorator.py took 0.074 seconds
[2022-06-14 18:44:00,754] {processor.py:153} INFO - Started process (PID=7635) to work on /usr/local/lib/python3.10/dist-packages/airflow/example_dags/example_branch_operator_decorator.py
[2022-06-14 18:44:00,755] {processor.py:641} INFO - Processing file /usr/local/lib/python3.10/dist-packages/airflow/example_dags/example_branch_operator_decorator.py for tasks to queue
[2022-06-14 18:44:00,755] {logging_mixin.py:115} INFO - [2022-06-14 18:44:00,755] {dagbag.py:507} INFO - Filling up the DagBag from /usr/local/lib/python3.10/dist-packages/airflow/example_dags/example_branch_operator_decorator.py
[2022-06-14 18:44:00,773] {processor.py:651} INFO - DAG(s) dict_keys(['example_branch_python_operator_decorator']) retrieved from /usr/local/lib/python3.10/dist-packages/airflow/example_dags/example_branch_operator_decorator.py
[2022-06-14 18:44:00,793] {logging_mixin.py:115} INFO - [2022-06-14 18:44:00,793] {dag.py:2371} INFO - Sync 1 DAGs
[2022-06-14 18:44:00,813] {logging_mixin.py:115} INFO - [2022-06-14 18:44:00,813] {dag.py:2915} INFO - Setting next_dagrun for example_branch_python_operator_decorator to 2022-06-13T00:00:00+00:00, run_after=2022-06-14T00:00:00+00:00
[2022-06-14 18:44:00,830] {processor.py:161} INFO - Processing /usr/local/lib/python3.10/dist-packages/airflow/example_dags/example_branch_operator_decorator.py took 0.079 seconds
[2022-06-14 18:44:40,894] {processor.py:153} INFO - Started process (PID=7707) to work on /usr/local/lib/python3.10/dist-packages/airflow/example_dags/example_branch_operator_decorator.py
[2022-06-14 18:44:40,895] {processor.py:641} INFO - Processing file /usr/local/lib/python3.10/dist-packages/airflow/example_dags/example_branch_operator_decorator.py for tasks to queue
[2022-06-14 18:44:40,896] {logging_mixin.py:115} INFO - [2022-06-14 18:44:40,896] {dagbag.py:507} INFO - Filling up the DagBag from /usr/local/lib/python3.10/dist-packages/airflow/example_dags/example_branch_operator_decorator.py
[2022-06-14 18:44:40,931] {processor.py:651} INFO - DAG(s) dict_keys(['example_branch_python_operator_decorator']) retrieved from /usr/local/lib/python3.10/dist-packages/airflow/example_dags/example_branch_operator_decorator.py
[2022-06-14 18:44:40,951] {logging_mixin.py:115} INFO - [2022-06-14 18:44:40,951] {dag.py:2371} INFO - Sync 1 DAGs
[2022-06-14 18:44:40,980] {logging_mixin.py:115} INFO - [2022-06-14 18:44:40,980] {dag.py:2915} INFO - Setting next_dagrun for example_branch_python_operator_decorator to 2022-06-13T00:00:00+00:00, run_after=2022-06-14T00:00:00+00:00
[2022-06-14 18:44:41,005] {processor.py:161} INFO - Processing /usr/local/lib/python3.10/dist-packages/airflow/example_dags/example_branch_operator_decorator.py took 0.113 seconds
[2022-06-14 18:45:23,306] {processor.py:153} INFO - Started process (PID=7828) to work on /usr/local/lib/python3.10/dist-packages/airflow/example_dags/example_branch_operator_decorator.py
[2022-06-14 18:45:23,307] {processor.py:641} INFO - Processing file /usr/local/lib/python3.10/dist-packages/airflow/example_dags/example_branch_operator_decorator.py for tasks to queue
[2022-06-14 18:45:23,307] {logging_mixin.py:115} INFO - [2022-06-14 18:45:23,307] {dagbag.py:507} INFO - Filling up the DagBag from /usr/local/lib/python3.10/dist-packages/airflow/example_dags/example_branch_operator_decorator.py
[2022-06-14 18:45:23,325] {processor.py:651} INFO - DAG(s) dict_keys(['example_branch_python_operator_decorator']) retrieved from /usr/local/lib/python3.10/dist-packages/airflow/example_dags/example_branch_operator_decorator.py
[2022-06-14 18:45:23,341] {logging_mixin.py:115} INFO - [2022-06-14 18:45:23,341] {dag.py:2371} INFO - Sync 1 DAGs
[2022-06-14 18:45:23,360] {logging_mixin.py:115} INFO - [2022-06-14 18:45:23,360] {dag.py:2915} INFO - Setting next_dagrun for example_branch_python_operator_decorator to 2022-06-13T00:00:00+00:00, run_after=2022-06-14T00:00:00+00:00
[2022-06-14 18:45:23,378] {processor.py:161} INFO - Processing /usr/local/lib/python3.10/dist-packages/airflow/example_dags/example_branch_operator_decorator.py took 0.074 seconds
[2022-06-14 18:46:02,368] {processor.py:153} INFO - Started process (PID=7891) to work on /usr/local/lib/python3.10/dist-packages/airflow/example_dags/example_branch_operator_decorator.py
[2022-06-14 18:46:02,369] {processor.py:641} INFO - Processing file /usr/local/lib/python3.10/dist-packages/airflow/example_dags/example_branch_operator_decorator.py for tasks to queue
[2022-06-14 18:46:02,369] {logging_mixin.py:115} INFO - [2022-06-14 18:46:02,369] {dagbag.py:507} INFO - Filling up the DagBag from /usr/local/lib/python3.10/dist-packages/airflow/example_dags/example_branch_operator_decorator.py
[2022-06-14 18:46:02,388] {processor.py:651} INFO - DAG(s) dict_keys(['example_branch_python_operator_decorator']) retrieved from /usr/local/lib/python3.10/dist-packages/airflow/example_dags/example_branch_operator_decorator.py
[2022-06-14 18:46:02,403] {logging_mixin.py:115} INFO - [2022-06-14 18:46:02,403] {dag.py:2371} INFO - Sync 1 DAGs
[2022-06-14 18:46:02,422] {logging_mixin.py:115} INFO - [2022-06-14 18:46:02,422] {dag.py:2915} INFO - Setting next_dagrun for example_branch_python_operator_decorator to 2022-06-13T00:00:00+00:00, run_after=2022-06-14T00:00:00+00:00
[2022-06-14 18:46:02,441] {processor.py:161} INFO - Processing /usr/local/lib/python3.10/dist-packages/airflow/example_dags/example_branch_operator_decorator.py took 0.076 seconds
[2022-06-14 18:46:44,749] {processor.py:153} INFO - Started process (PID=7995) to work on /usr/local/lib/python3.10/dist-packages/airflow/example_dags/example_branch_operator_decorator.py
[2022-06-14 18:46:44,750] {processor.py:641} INFO - Processing file /usr/local/lib/python3.10/dist-packages/airflow/example_dags/example_branch_operator_decorator.py for tasks to queue
[2022-06-14 18:46:44,750] {logging_mixin.py:115} INFO - [2022-06-14 18:46:44,750] {dagbag.py:507} INFO - Filling up the DagBag from /usr/local/lib/python3.10/dist-packages/airflow/example_dags/example_branch_operator_decorator.py
[2022-06-14 18:46:44,769] {processor.py:651} INFO - DAG(s) dict_keys(['example_branch_python_operator_decorator']) retrieved from /usr/local/lib/python3.10/dist-packages/airflow/example_dags/example_branch_operator_decorator.py
[2022-06-14 18:46:44,785] {logging_mixin.py:115} INFO - [2022-06-14 18:46:44,785] {dag.py:2371} INFO - Sync 1 DAGs
[2022-06-14 18:46:44,805] {logging_mixin.py:115} INFO - [2022-06-14 18:46:44,805] {dag.py:2915} INFO - Setting next_dagrun for example_branch_python_operator_decorator to 2022-06-13T00:00:00+00:00, run_after=2022-06-14T00:00:00+00:00
[2022-06-14 18:46:44,823] {processor.py:161} INFO - Processing /usr/local/lib/python3.10/dist-packages/airflow/example_dags/example_branch_operator_decorator.py took 0.076 seconds
[2022-06-14 18:47:28,170] {processor.py:153} INFO - Started process (PID=8059) to work on /usr/local/lib/python3.10/dist-packages/airflow/example_dags/example_branch_operator_decorator.py
[2022-06-14 18:47:28,171] {processor.py:641} INFO - Processing file /usr/local/lib/python3.10/dist-packages/airflow/example_dags/example_branch_operator_decorator.py for tasks to queue
[2022-06-14 18:47:28,171] {logging_mixin.py:115} INFO - [2022-06-14 18:47:28,171] {dagbag.py:507} INFO - Filling up the DagBag from /usr/local/lib/python3.10/dist-packages/airflow/example_dags/example_branch_operator_decorator.py
[2022-06-14 18:47:28,192] {processor.py:651} INFO - DAG(s) dict_keys(['example_branch_python_operator_decorator']) retrieved from /usr/local/lib/python3.10/dist-packages/airflow/example_dags/example_branch_operator_decorator.py
[2022-06-14 18:47:28,212] {logging_mixin.py:115} INFO - [2022-06-14 18:47:28,212] {dag.py:2371} INFO - Sync 1 DAGs
[2022-06-14 18:47:28,233] {logging_mixin.py:115} INFO - [2022-06-14 18:47:28,233] {dag.py:2915} INFO - Setting next_dagrun for example_branch_python_operator_decorator to 2022-06-13T00:00:00+00:00, run_after=2022-06-14T00:00:00+00:00
[2022-06-14 18:47:28,252] {processor.py:161} INFO - Processing /usr/local/lib/python3.10/dist-packages/airflow/example_dags/example_branch_operator_decorator.py took 0.084 seconds
[2022-06-14 18:48:06,771] {processor.py:153} INFO - Started process (PID=8132) to work on /usr/local/lib/python3.10/dist-packages/airflow/example_dags/example_branch_operator_decorator.py
[2022-06-14 18:48:06,771] {processor.py:641} INFO - Processing file /usr/local/lib/python3.10/dist-packages/airflow/example_dags/example_branch_operator_decorator.py for tasks to queue
[2022-06-14 18:48:06,772] {logging_mixin.py:115} INFO - [2022-06-14 18:48:06,772] {dagbag.py:507} INFO - Filling up the DagBag from /usr/local/lib/python3.10/dist-packages/airflow/example_dags/example_branch_operator_decorator.py
[2022-06-14 18:48:06,790] {processor.py:651} INFO - DAG(s) dict_keys(['example_branch_python_operator_decorator']) retrieved from /usr/local/lib/python3.10/dist-packages/airflow/example_dags/example_branch_operator_decorator.py
[2022-06-14 18:48:06,807] {logging_mixin.py:115} INFO - [2022-06-14 18:48:06,807] {dag.py:2371} INFO - Sync 1 DAGs
[2022-06-14 18:48:06,825] {logging_mixin.py:115} INFO - [2022-06-14 18:48:06,825] {dag.py:2915} INFO - Setting next_dagrun for example_branch_python_operator_decorator to 2022-06-13T00:00:00+00:00, run_after=2022-06-14T00:00:00+00:00
[2022-06-14 18:48:06,843] {processor.py:161} INFO - Processing /usr/local/lib/python3.10/dist-packages/airflow/example_dags/example_branch_operator_decorator.py took 0.075 seconds
[2022-06-14 18:48:49,460] {processor.py:153} INFO - Started process (PID=8205) to work on /usr/local/lib/python3.10/dist-packages/airflow/example_dags/example_branch_operator_decorator.py
[2022-06-14 18:48:49,461] {processor.py:641} INFO - Processing file /usr/local/lib/python3.10/dist-packages/airflow/example_dags/example_branch_operator_decorator.py for tasks to queue
[2022-06-14 18:48:49,461] {logging_mixin.py:115} INFO - [2022-06-14 18:48:49,461] {dagbag.py:507} INFO - Filling up the DagBag from /usr/local/lib/python3.10/dist-packages/airflow/example_dags/example_branch_operator_decorator.py
[2022-06-14 18:48:49,480] {processor.py:651} INFO - DAG(s) dict_keys(['example_branch_python_operator_decorator']) retrieved from /usr/local/lib/python3.10/dist-packages/airflow/example_dags/example_branch_operator_decorator.py
[2022-06-14 18:48:49,496] {logging_mixin.py:115} INFO - [2022-06-14 18:48:49,496] {dag.py:2371} INFO - Sync 1 DAGs
[2022-06-14 18:48:49,515] {logging_mixin.py:115} INFO - [2022-06-14 18:48:49,515] {dag.py:2915} INFO - Setting next_dagrun for example_branch_python_operator_decorator to 2022-06-13T00:00:00+00:00, run_after=2022-06-14T00:00:00+00:00
[2022-06-14 18:48:49,534] {processor.py:161} INFO - Processing /usr/local/lib/python3.10/dist-packages/airflow/example_dags/example_branch_operator_decorator.py took 0.076 seconds
[2022-06-14 18:49:33,000] {processor.py:153} INFO - Started process (PID=8276) to work on /usr/local/lib/python3.10/dist-packages/airflow/example_dags/example_branch_operator_decorator.py
[2022-06-14 18:49:33,001] {processor.py:641} INFO - Processing file /usr/local/lib/python3.10/dist-packages/airflow/example_dags/example_branch_operator_decorator.py for tasks to queue
[2022-06-14 18:49:33,002] {logging_mixin.py:115} INFO - [2022-06-14 18:49:33,002] {dagbag.py:507} INFO - Filling up the DagBag from /usr/local/lib/python3.10/dist-packages/airflow/example_dags/example_branch_operator_decorator.py
[2022-06-14 18:49:33,020] {processor.py:651} INFO - DAG(s) dict_keys(['example_branch_python_operator_decorator']) retrieved from /usr/local/lib/python3.10/dist-packages/airflow/example_dags/example_branch_operator_decorator.py
[2022-06-14 18:49:33,036] {logging_mixin.py:115} INFO - [2022-06-14 18:49:33,036] {dag.py:2371} INFO - Sync 1 DAGs
[2022-06-14 18:49:33,054] {logging_mixin.py:115} INFO - [2022-06-14 18:49:33,054] {dag.py:2915} INFO - Setting next_dagrun for example_branch_python_operator_decorator to 2022-06-13T00:00:00+00:00, run_after=2022-06-14T00:00:00+00:00
[2022-06-14 18:49:33,073] {processor.py:161} INFO - Processing /usr/local/lib/python3.10/dist-packages/airflow/example_dags/example_branch_operator_decorator.py took 0.075 seconds
[2022-06-14 18:50:13,442] {processor.py:153} INFO - Started process (PID=8355) to work on /usr/local/lib/python3.10/dist-packages/airflow/example_dags/example_branch_operator_decorator.py
[2022-06-14 18:50:13,443] {processor.py:641} INFO - Processing file /usr/local/lib/python3.10/dist-packages/airflow/example_dags/example_branch_operator_decorator.py for tasks to queue
[2022-06-14 18:50:13,443] {logging_mixin.py:115} INFO - [2022-06-14 18:50:13,443] {dagbag.py:507} INFO - Filling up the DagBag from /usr/local/lib/python3.10/dist-packages/airflow/example_dags/example_branch_operator_decorator.py
[2022-06-14 18:50:13,462] {processor.py:651} INFO - DAG(s) dict_keys(['example_branch_python_operator_decorator']) retrieved from /usr/local/lib/python3.10/dist-packages/airflow/example_dags/example_branch_operator_decorator.py
[2022-06-14 18:50:13,478] {logging_mixin.py:115} INFO - [2022-06-14 18:50:13,478] {dag.py:2371} INFO - Sync 1 DAGs
[2022-06-14 18:50:13,497] {logging_mixin.py:115} INFO - [2022-06-14 18:50:13,497] {dag.py:2915} INFO - Setting next_dagrun for example_branch_python_operator_decorator to 2022-06-13T00:00:00+00:00, run_after=2022-06-14T00:00:00+00:00
[2022-06-14 18:50:13,515] {processor.py:161} INFO - Processing /usr/local/lib/python3.10/dist-packages/airflow/example_dags/example_branch_operator_decorator.py took 0.075 seconds
[2022-06-14 18:50:58,796] {processor.py:153} INFO - Started process (PID=8444) to work on /usr/local/lib/python3.10/dist-packages/airflow/example_dags/example_branch_operator_decorator.py
[2022-06-14 18:50:58,797] {processor.py:641} INFO - Processing file /usr/local/lib/python3.10/dist-packages/airflow/example_dags/example_branch_operator_decorator.py for tasks to queue
[2022-06-14 18:50:58,797] {logging_mixin.py:115} INFO - [2022-06-14 18:50:58,797] {dagbag.py:507} INFO - Filling up the DagBag from /usr/local/lib/python3.10/dist-packages/airflow/example_dags/example_branch_operator_decorator.py
[2022-06-14 18:50:58,820] {processor.py:651} INFO - DAG(s) dict_keys(['example_branch_python_operator_decorator']) retrieved from /usr/local/lib/python3.10/dist-packages/airflow/example_dags/example_branch_operator_decorator.py
[2022-06-14 18:50:58,834] {logging_mixin.py:115} INFO - [2022-06-14 18:50:58,834] {dag.py:2371} INFO - Sync 1 DAGs
[2022-06-14 18:50:58,852] {logging_mixin.py:115} INFO - [2022-06-14 18:50:58,851] {dag.py:2915} INFO - Setting next_dagrun for example_branch_python_operator_decorator to 2022-06-13T00:00:00+00:00, run_after=2022-06-14T00:00:00+00:00
[2022-06-14 18:50:58,868] {processor.py:161} INFO - Processing /usr/local/lib/python3.10/dist-packages/airflow/example_dags/example_branch_operator_decorator.py took 0.076 seconds
[2022-06-14 18:51:36,855] {processor.py:153} INFO - Started process (PID=8510) to work on /usr/local/lib/python3.10/dist-packages/airflow/example_dags/example_branch_operator_decorator.py
[2022-06-14 18:51:36,856] {processor.py:641} INFO - Processing file /usr/local/lib/python3.10/dist-packages/airflow/example_dags/example_branch_operator_decorator.py for tasks to queue
[2022-06-14 18:51:36,857] {logging_mixin.py:115} INFO - [2022-06-14 18:51:36,857] {dagbag.py:507} INFO - Filling up the DagBag from /usr/local/lib/python3.10/dist-packages/airflow/example_dags/example_branch_operator_decorator.py
[2022-06-14 18:51:36,877] {processor.py:651} INFO - DAG(s) dict_keys(['example_branch_python_operator_decorator']) retrieved from /usr/local/lib/python3.10/dist-packages/airflow/example_dags/example_branch_operator_decorator.py
[2022-06-14 18:51:36,891] {logging_mixin.py:115} INFO - [2022-06-14 18:51:36,891] {dag.py:2371} INFO - Sync 1 DAGs
[2022-06-14 18:51:36,908] {logging_mixin.py:115} INFO - [2022-06-14 18:51:36,908] {dag.py:2915} INFO - Setting next_dagrun for example_branch_python_operator_decorator to 2022-06-13T00:00:00+00:00, run_after=2022-06-14T00:00:00+00:00
[2022-06-14 18:51:36,925] {processor.py:161} INFO - Processing /usr/local/lib/python3.10/dist-packages/airflow/example_dags/example_branch_operator_decorator.py took 0.073 seconds
[2022-06-14 18:52:21,319] {processor.py:153} INFO - Started process (PID=8586) to work on /usr/local/lib/python3.10/dist-packages/airflow/example_dags/example_branch_operator_decorator.py
[2022-06-14 18:52:21,320] {processor.py:641} INFO - Processing file /usr/local/lib/python3.10/dist-packages/airflow/example_dags/example_branch_operator_decorator.py for tasks to queue
[2022-06-14 18:52:21,321] {logging_mixin.py:115} INFO - [2022-06-14 18:52:21,321] {dagbag.py:507} INFO - Filling up the DagBag from /usr/local/lib/python3.10/dist-packages/airflow/example_dags/example_branch_operator_decorator.py
[2022-06-14 18:52:21,341] {processor.py:651} INFO - DAG(s) dict_keys(['example_branch_python_operator_decorator']) retrieved from /usr/local/lib/python3.10/dist-packages/airflow/example_dags/example_branch_operator_decorator.py
[2022-06-14 18:52:21,356] {logging_mixin.py:115} INFO - [2022-06-14 18:52:21,356] {dag.py:2371} INFO - Sync 1 DAGs
[2022-06-14 18:52:21,373] {logging_mixin.py:115} INFO - [2022-06-14 18:52:21,373] {dag.py:2915} INFO - Setting next_dagrun for example_branch_python_operator_decorator to 2022-06-13T00:00:00+00:00, run_after=2022-06-14T00:00:00+00:00
[2022-06-14 18:52:21,390] {processor.py:161} INFO - Processing /usr/local/lib/python3.10/dist-packages/airflow/example_dags/example_branch_operator_decorator.py took 0.074 seconds
[2022-06-14 18:53:04,519] {processor.py:153} INFO - Started process (PID=8667) to work on /usr/local/lib/python3.10/dist-packages/airflow/example_dags/example_branch_operator_decorator.py
[2022-06-14 18:53:04,519] {processor.py:641} INFO - Processing file /usr/local/lib/python3.10/dist-packages/airflow/example_dags/example_branch_operator_decorator.py for tasks to queue
[2022-06-14 18:53:04,520] {logging_mixin.py:115} INFO - [2022-06-14 18:53:04,520] {dagbag.py:507} INFO - Filling up the DagBag from /usr/local/lib/python3.10/dist-packages/airflow/example_dags/example_branch_operator_decorator.py
[2022-06-14 18:53:04,541] {processor.py:651} INFO - DAG(s) dict_keys(['example_branch_python_operator_decorator']) retrieved from /usr/local/lib/python3.10/dist-packages/airflow/example_dags/example_branch_operator_decorator.py
[2022-06-14 18:53:04,556] {logging_mixin.py:115} INFO - [2022-06-14 18:53:04,556] {dag.py:2371} INFO - Sync 1 DAGs
[2022-06-14 18:53:04,573] {logging_mixin.py:115} INFO - [2022-06-14 18:53:04,573] {dag.py:2915} INFO - Setting next_dagrun for example_branch_python_operator_decorator to 2022-06-13T00:00:00+00:00, run_after=2022-06-14T00:00:00+00:00
[2022-06-14 18:53:04,590] {processor.py:161} INFO - Processing /usr/local/lib/python3.10/dist-packages/airflow/example_dags/example_branch_operator_decorator.py took 0.075 seconds
[2022-06-14 18:53:42,445] {processor.py:153} INFO - Started process (PID=8725) to work on /usr/local/lib/python3.10/dist-packages/airflow/example_dags/example_branch_operator_decorator.py
[2022-06-14 18:53:42,445] {processor.py:641} INFO - Processing file /usr/local/lib/python3.10/dist-packages/airflow/example_dags/example_branch_operator_decorator.py for tasks to queue
[2022-06-14 18:53:42,446] {logging_mixin.py:115} INFO - [2022-06-14 18:53:42,446] {dagbag.py:507} INFO - Filling up the DagBag from /usr/local/lib/python3.10/dist-packages/airflow/example_dags/example_branch_operator_decorator.py
[2022-06-14 18:53:42,468] {processor.py:651} INFO - DAG(s) dict_keys(['example_branch_python_operator_decorator']) retrieved from /usr/local/lib/python3.10/dist-packages/airflow/example_dags/example_branch_operator_decorator.py
[2022-06-14 18:53:42,486] {logging_mixin.py:115} INFO - [2022-06-14 18:53:42,485] {dag.py:2371} INFO - Sync 1 DAGs
[2022-06-14 18:53:42,504] {logging_mixin.py:115} INFO - [2022-06-14 18:53:42,504] {dag.py:2915} INFO - Setting next_dagrun for example_branch_python_operator_decorator to 2022-06-13T00:00:00+00:00, run_after=2022-06-14T00:00:00+00:00
[2022-06-14 18:53:42,523] {processor.py:161} INFO - Processing /usr/local/lib/python3.10/dist-packages/airflow/example_dags/example_branch_operator_decorator.py took 0.082 seconds
[2022-06-14 18:54:22,225] {processor.py:153} INFO - Started process (PID=8783) to work on /usr/local/lib/python3.10/dist-packages/airflow/example_dags/example_branch_operator_decorator.py
[2022-06-14 18:54:22,226] {processor.py:641} INFO - Processing file /usr/local/lib/python3.10/dist-packages/airflow/example_dags/example_branch_operator_decorator.py for tasks to queue
[2022-06-14 18:54:22,226] {logging_mixin.py:115} INFO - [2022-06-14 18:54:22,226] {dagbag.py:507} INFO - Filling up the DagBag from /usr/local/lib/python3.10/dist-packages/airflow/example_dags/example_branch_operator_decorator.py
[2022-06-14 18:54:22,247] {processor.py:651} INFO - DAG(s) dict_keys(['example_branch_python_operator_decorator']) retrieved from /usr/local/lib/python3.10/dist-packages/airflow/example_dags/example_branch_operator_decorator.py
[2022-06-14 18:54:22,261] {logging_mixin.py:115} INFO - [2022-06-14 18:54:22,261] {dag.py:2371} INFO - Sync 1 DAGs
[2022-06-14 18:54:22,278] {logging_mixin.py:115} INFO - [2022-06-14 18:54:22,278] {dag.py:2915} INFO - Setting next_dagrun for example_branch_python_operator_decorator to 2022-06-13T00:00:00+00:00, run_after=2022-06-14T00:00:00+00:00
[2022-06-14 18:54:22,295] {processor.py:161} INFO - Processing /usr/local/lib/python3.10/dist-packages/airflow/example_dags/example_branch_operator_decorator.py took 0.073 seconds
[2022-06-14 18:55:05,301] {processor.py:153} INFO - Started process (PID=8847) to work on /usr/local/lib/python3.10/dist-packages/airflow/example_dags/example_branch_operator_decorator.py
[2022-06-14 18:55:05,302] {processor.py:641} INFO - Processing file /usr/local/lib/python3.10/dist-packages/airflow/example_dags/example_branch_operator_decorator.py for tasks to queue
[2022-06-14 18:55:05,302] {logging_mixin.py:115} INFO - [2022-06-14 18:55:05,302] {dagbag.py:507} INFO - Filling up the DagBag from /usr/local/lib/python3.10/dist-packages/airflow/example_dags/example_branch_operator_decorator.py
[2022-06-14 18:55:05,323] {processor.py:651} INFO - DAG(s) dict_keys(['example_branch_python_operator_decorator']) retrieved from /usr/local/lib/python3.10/dist-packages/airflow/example_dags/example_branch_operator_decorator.py
[2022-06-14 18:55:05,337] {logging_mixin.py:115} INFO - [2022-06-14 18:55:05,337] {dag.py:2371} INFO - Sync 1 DAGs
[2022-06-14 18:55:05,354] {logging_mixin.py:115} INFO - [2022-06-14 18:55:05,354] {dag.py:2915} INFO - Setting next_dagrun for example_branch_python_operator_decorator to 2022-06-13T00:00:00+00:00, run_after=2022-06-14T00:00:00+00:00
[2022-06-14 18:55:05,371] {processor.py:161} INFO - Processing /usr/local/lib/python3.10/dist-packages/airflow/example_dags/example_branch_operator_decorator.py took 0.073 seconds
[2022-06-14 18:55:49,120] {processor.py:153} INFO - Started process (PID=8898) to work on /usr/local/lib/python3.10/dist-packages/airflow/example_dags/example_branch_operator_decorator.py
[2022-06-14 18:55:49,121] {processor.py:641} INFO - Processing file /usr/local/lib/python3.10/dist-packages/airflow/example_dags/example_branch_operator_decorator.py for tasks to queue
[2022-06-14 18:55:49,121] {logging_mixin.py:115} INFO - [2022-06-14 18:55:49,121] {dagbag.py:507} INFO - Filling up the DagBag from /usr/local/lib/python3.10/dist-packages/airflow/example_dags/example_branch_operator_decorator.py
[2022-06-14 18:55:49,142] {processor.py:651} INFO - DAG(s) dict_keys(['example_branch_python_operator_decorator']) retrieved from /usr/local/lib/python3.10/dist-packages/airflow/example_dags/example_branch_operator_decorator.py
[2022-06-14 18:55:49,157] {logging_mixin.py:115} INFO - [2022-06-14 18:55:49,156] {dag.py:2371} INFO - Sync 1 DAGs
[2022-06-14 18:55:49,174] {logging_mixin.py:115} INFO - [2022-06-14 18:55:49,173] {dag.py:2915} INFO - Setting next_dagrun for example_branch_python_operator_decorator to 2022-06-13T00:00:00+00:00, run_after=2022-06-14T00:00:00+00:00
[2022-06-14 18:55:49,190] {processor.py:161} INFO - Processing /usr/local/lib/python3.10/dist-packages/airflow/example_dags/example_branch_operator_decorator.py took 0.073 seconds
[2022-06-14 18:56:29,669] {processor.py:153} INFO - Started process (PID=8954) to work on /usr/local/lib/python3.10/dist-packages/airflow/example_dags/example_branch_operator_decorator.py
[2022-06-14 18:56:29,670] {processor.py:641} INFO - Processing file /usr/local/lib/python3.10/dist-packages/airflow/example_dags/example_branch_operator_decorator.py for tasks to queue
[2022-06-14 18:56:29,670] {logging_mixin.py:115} INFO - [2022-06-14 18:56:29,670] {dagbag.py:507} INFO - Filling up the DagBag from /usr/local/lib/python3.10/dist-packages/airflow/example_dags/example_branch_operator_decorator.py
[2022-06-14 18:56:29,691] {processor.py:651} INFO - DAG(s) dict_keys(['example_branch_python_operator_decorator']) retrieved from /usr/local/lib/python3.10/dist-packages/airflow/example_dags/example_branch_operator_decorator.py
[2022-06-14 18:56:29,705] {logging_mixin.py:115} INFO - [2022-06-14 18:56:29,704] {dag.py:2371} INFO - Sync 1 DAGs
[2022-06-14 18:56:29,722] {logging_mixin.py:115} INFO - [2022-06-14 18:56:29,722] {dag.py:2915} INFO - Setting next_dagrun for example_branch_python_operator_decorator to 2022-06-13T00:00:00+00:00, run_after=2022-06-14T00:00:00+00:00
[2022-06-14 18:56:29,740] {processor.py:161} INFO - Processing /usr/local/lib/python3.10/dist-packages/airflow/example_dags/example_branch_operator_decorator.py took 0.074 seconds
[2022-06-14 18:57:09,196] {processor.py:153} INFO - Started process (PID=9015) to work on /usr/local/lib/python3.10/dist-packages/airflow/example_dags/example_branch_operator_decorator.py
[2022-06-14 18:57:09,197] {processor.py:641} INFO - Processing file /usr/local/lib/python3.10/dist-packages/airflow/example_dags/example_branch_operator_decorator.py for tasks to queue
[2022-06-14 18:57:09,198] {logging_mixin.py:115} INFO - [2022-06-14 18:57:09,198] {dagbag.py:507} INFO - Filling up the DagBag from /usr/local/lib/python3.10/dist-packages/airflow/example_dags/example_branch_operator_decorator.py
[2022-06-14 18:57:09,219] {processor.py:651} INFO - DAG(s) dict_keys(['example_branch_python_operator_decorator']) retrieved from /usr/local/lib/python3.10/dist-packages/airflow/example_dags/example_branch_operator_decorator.py
[2022-06-14 18:57:09,233] {logging_mixin.py:115} INFO - [2022-06-14 18:57:09,233] {dag.py:2371} INFO - Sync 1 DAGs
[2022-06-14 18:57:09,251] {logging_mixin.py:115} INFO - [2022-06-14 18:57:09,251] {dag.py:2915} INFO - Setting next_dagrun for example_branch_python_operator_decorator to 2022-06-13T00:00:00+00:00, run_after=2022-06-14T00:00:00+00:00
[2022-06-14 18:57:09,267] {processor.py:161} INFO - Processing /usr/local/lib/python3.10/dist-packages/airflow/example_dags/example_branch_operator_decorator.py took 0.074 seconds
[2022-06-14 18:57:48,405] {processor.py:153} INFO - Started process (PID=9088) to work on /usr/local/lib/python3.10/dist-packages/airflow/example_dags/example_branch_operator_decorator.py
[2022-06-14 18:57:48,406] {processor.py:641} INFO - Processing file /usr/local/lib/python3.10/dist-packages/airflow/example_dags/example_branch_operator_decorator.py for tasks to queue
[2022-06-14 18:57:48,406] {logging_mixin.py:115} INFO - [2022-06-14 18:57:48,406] {dagbag.py:507} INFO - Filling up the DagBag from /usr/local/lib/python3.10/dist-packages/airflow/example_dags/example_branch_operator_decorator.py
[2022-06-14 18:57:48,424] {processor.py:651} INFO - DAG(s) dict_keys(['example_branch_python_operator_decorator']) retrieved from /usr/local/lib/python3.10/dist-packages/airflow/example_dags/example_branch_operator_decorator.py
[2022-06-14 18:57:48,439] {logging_mixin.py:115} INFO - [2022-06-14 18:57:48,439] {dag.py:2371} INFO - Sync 1 DAGs
[2022-06-14 18:57:48,457] {logging_mixin.py:115} INFO - [2022-06-14 18:57:48,457] {dag.py:2915} INFO - Setting next_dagrun for example_branch_python_operator_decorator to 2022-06-13T00:00:00+00:00, run_after=2022-06-14T00:00:00+00:00
[2022-06-14 18:57:48,475] {processor.py:161} INFO - Processing /usr/local/lib/python3.10/dist-packages/airflow/example_dags/example_branch_operator_decorator.py took 0.072 seconds
[2022-06-14 18:58:26,602] {processor.py:153} INFO - Started process (PID=9141) to work on /usr/local/lib/python3.10/dist-packages/airflow/example_dags/example_branch_operator_decorator.py
[2022-06-14 18:58:26,602] {processor.py:641} INFO - Processing file /usr/local/lib/python3.10/dist-packages/airflow/example_dags/example_branch_operator_decorator.py for tasks to queue
[2022-06-14 18:58:26,603] {logging_mixin.py:115} INFO - [2022-06-14 18:58:26,603] {dagbag.py:507} INFO - Filling up the DagBag from /usr/local/lib/python3.10/dist-packages/airflow/example_dags/example_branch_operator_decorator.py
[2022-06-14 18:58:26,621] {processor.py:651} INFO - DAG(s) dict_keys(['example_branch_python_operator_decorator']) retrieved from /usr/local/lib/python3.10/dist-packages/airflow/example_dags/example_branch_operator_decorator.py
[2022-06-14 18:58:26,637] {logging_mixin.py:115} INFO - [2022-06-14 18:58:26,637] {dag.py:2371} INFO - Sync 1 DAGs
[2022-06-14 18:58:26,655] {logging_mixin.py:115} INFO - [2022-06-14 18:58:26,655] {dag.py:2915} INFO - Setting next_dagrun for example_branch_python_operator_decorator to 2022-06-13T00:00:00+00:00, run_after=2022-06-14T00:00:00+00:00
[2022-06-14 18:58:26,673] {processor.py:161} INFO - Processing /usr/local/lib/python3.10/dist-packages/airflow/example_dags/example_branch_operator_decorator.py took 0.074 seconds
[2022-06-14 18:59:08,977] {processor.py:153} INFO - Started process (PID=9205) to work on /usr/local/lib/python3.10/dist-packages/airflow/example_dags/example_branch_operator_decorator.py
[2022-06-14 18:59:08,977] {processor.py:641} INFO - Processing file /usr/local/lib/python3.10/dist-packages/airflow/example_dags/example_branch_operator_decorator.py for tasks to queue
[2022-06-14 18:59:08,978] {logging_mixin.py:115} INFO - [2022-06-14 18:59:08,978] {dagbag.py:507} INFO - Filling up the DagBag from /usr/local/lib/python3.10/dist-packages/airflow/example_dags/example_branch_operator_decorator.py
[2022-06-14 18:59:08,996] {processor.py:651} INFO - DAG(s) dict_keys(['example_branch_python_operator_decorator']) retrieved from /usr/local/lib/python3.10/dist-packages/airflow/example_dags/example_branch_operator_decorator.py
[2022-06-14 18:59:09,011] {logging_mixin.py:115} INFO - [2022-06-14 18:59:09,011] {dag.py:2371} INFO - Sync 1 DAGs
[2022-06-14 18:59:09,029] {logging_mixin.py:115} INFO - [2022-06-14 18:59:09,029] {dag.py:2915} INFO - Setting next_dagrun for example_branch_python_operator_decorator to 2022-06-13T00:00:00+00:00, run_after=2022-06-14T00:00:00+00:00
[2022-06-14 18:59:09,046] {processor.py:161} INFO - Processing /usr/local/lib/python3.10/dist-packages/airflow/example_dags/example_branch_operator_decorator.py took 0.072 seconds
[2022-06-14 18:59:49,120] {processor.py:153} INFO - Started process (PID=9269) to work on /usr/local/lib/python3.10/dist-packages/airflow/example_dags/example_branch_operator_decorator.py
[2022-06-14 18:59:49,121] {processor.py:641} INFO - Processing file /usr/local/lib/python3.10/dist-packages/airflow/example_dags/example_branch_operator_decorator.py for tasks to queue
[2022-06-14 18:59:49,121] {logging_mixin.py:115} INFO - [2022-06-14 18:59:49,121] {dagbag.py:507} INFO - Filling up the DagBag from /usr/local/lib/python3.10/dist-packages/airflow/example_dags/example_branch_operator_decorator.py
[2022-06-14 18:59:49,139] {processor.py:651} INFO - DAG(s) dict_keys(['example_branch_python_operator_decorator']) retrieved from /usr/local/lib/python3.10/dist-packages/airflow/example_dags/example_branch_operator_decorator.py
[2022-06-14 18:59:49,154] {logging_mixin.py:115} INFO - [2022-06-14 18:59:49,154] {dag.py:2371} INFO - Sync 1 DAGs
[2022-06-14 18:59:49,172] {logging_mixin.py:115} INFO - [2022-06-14 18:59:49,172] {dag.py:2915} INFO - Setting next_dagrun for example_branch_python_operator_decorator to 2022-06-13T00:00:00+00:00, run_after=2022-06-14T00:00:00+00:00
[2022-06-14 18:59:49,197] {processor.py:161} INFO - Processing /usr/local/lib/python3.10/dist-packages/airflow/example_dags/example_branch_operator_decorator.py took 0.080 seconds
[2022-06-14 19:00:33,984] {processor.py:153} INFO - Started process (PID=9342) to work on /usr/local/lib/python3.10/dist-packages/airflow/example_dags/example_branch_operator_decorator.py
[2022-06-14 19:00:33,984] {processor.py:641} INFO - Processing file /usr/local/lib/python3.10/dist-packages/airflow/example_dags/example_branch_operator_decorator.py for tasks to queue
[2022-06-14 19:00:33,985] {logging_mixin.py:115} INFO - [2022-06-14 19:00:33,985] {dagbag.py:507} INFO - Filling up the DagBag from /usr/local/lib/python3.10/dist-packages/airflow/example_dags/example_branch_operator_decorator.py
[2022-06-14 19:00:34,002] {processor.py:651} INFO - DAG(s) dict_keys(['example_branch_python_operator_decorator']) retrieved from /usr/local/lib/python3.10/dist-packages/airflow/example_dags/example_branch_operator_decorator.py
[2022-06-14 19:00:34,018] {logging_mixin.py:115} INFO - [2022-06-14 19:00:34,018] {dag.py:2371} INFO - Sync 1 DAGs
[2022-06-14 19:00:34,037] {logging_mixin.py:115} INFO - [2022-06-14 19:00:34,037] {dag.py:2915} INFO - Setting next_dagrun for example_branch_python_operator_decorator to 2022-06-13T00:00:00+00:00, run_after=2022-06-14T00:00:00+00:00
[2022-06-14 19:00:34,055] {processor.py:161} INFO - Processing /usr/local/lib/python3.10/dist-packages/airflow/example_dags/example_branch_operator_decorator.py took 0.074 seconds
[2022-06-14 19:01:17,837] {processor.py:153} INFO - Started process (PID=9404) to work on /usr/local/lib/python3.10/dist-packages/airflow/example_dags/example_branch_operator_decorator.py
[2022-06-14 19:01:17,837] {processor.py:641} INFO - Processing file /usr/local/lib/python3.10/dist-packages/airflow/example_dags/example_branch_operator_decorator.py for tasks to queue
[2022-06-14 19:01:17,838] {logging_mixin.py:115} INFO - [2022-06-14 19:01:17,837] {dagbag.py:507} INFO - Filling up the DagBag from /usr/local/lib/python3.10/dist-packages/airflow/example_dags/example_branch_operator_decorator.py
[2022-06-14 19:01:17,856] {processor.py:651} INFO - DAG(s) dict_keys(['example_branch_python_operator_decorator']) retrieved from /usr/local/lib/python3.10/dist-packages/airflow/example_dags/example_branch_operator_decorator.py
[2022-06-14 19:01:17,873] {logging_mixin.py:115} INFO - [2022-06-14 19:01:17,872] {dag.py:2371} INFO - Sync 1 DAGs
[2022-06-14 19:01:17,892] {logging_mixin.py:115} INFO - [2022-06-14 19:01:17,892] {dag.py:2915} INFO - Setting next_dagrun for example_branch_python_operator_decorator to 2022-06-13T00:00:00+00:00, run_after=2022-06-14T00:00:00+00:00
[2022-06-14 19:01:17,910] {processor.py:161} INFO - Processing /usr/local/lib/python3.10/dist-packages/airflow/example_dags/example_branch_operator_decorator.py took 0.076 seconds
[2022-06-14 19:01:56,157] {processor.py:153} INFO - Started process (PID=9457) to work on /usr/local/lib/python3.10/dist-packages/airflow/example_dags/example_branch_operator_decorator.py
[2022-06-14 19:01:56,158] {processor.py:641} INFO - Processing file /usr/local/lib/python3.10/dist-packages/airflow/example_dags/example_branch_operator_decorator.py for tasks to queue
[2022-06-14 19:01:56,159] {logging_mixin.py:115} INFO - [2022-06-14 19:01:56,159] {dagbag.py:507} INFO - Filling up the DagBag from /usr/local/lib/python3.10/dist-packages/airflow/example_dags/example_branch_operator_decorator.py
[2022-06-14 19:01:56,177] {processor.py:651} INFO - DAG(s) dict_keys(['example_branch_python_operator_decorator']) retrieved from /usr/local/lib/python3.10/dist-packages/airflow/example_dags/example_branch_operator_decorator.py
[2022-06-14 19:01:56,192] {logging_mixin.py:115} INFO - [2022-06-14 19:01:56,192] {dag.py:2371} INFO - Sync 1 DAGs
[2022-06-14 19:01:56,211] {logging_mixin.py:115} INFO - [2022-06-14 19:01:56,211] {dag.py:2915} INFO - Setting next_dagrun for example_branch_python_operator_decorator to 2022-06-13T00:00:00+00:00, run_after=2022-06-14T00:00:00+00:00
[2022-06-14 19:01:56,229] {processor.py:161} INFO - Processing /usr/local/lib/python3.10/dist-packages/airflow/example_dags/example_branch_operator_decorator.py took 0.074 seconds
[2022-06-14 19:02:37,397] {processor.py:153} INFO - Started process (PID=9511) to work on /usr/local/lib/python3.10/dist-packages/airflow/example_dags/example_branch_operator_decorator.py
[2022-06-14 19:02:37,398] {processor.py:641} INFO - Processing file /usr/local/lib/python3.10/dist-packages/airflow/example_dags/example_branch_operator_decorator.py for tasks to queue
[2022-06-14 19:02:37,398] {logging_mixin.py:115} INFO - [2022-06-14 19:02:37,398] {dagbag.py:507} INFO - Filling up the DagBag from /usr/local/lib/python3.10/dist-packages/airflow/example_dags/example_branch_operator_decorator.py
[2022-06-14 19:02:37,415] {processor.py:651} INFO - DAG(s) dict_keys(['example_branch_python_operator_decorator']) retrieved from /usr/local/lib/python3.10/dist-packages/airflow/example_dags/example_branch_operator_decorator.py
[2022-06-14 19:02:37,429] {logging_mixin.py:115} INFO - [2022-06-14 19:02:37,429] {dag.py:2371} INFO - Sync 1 DAGs
[2022-06-14 19:02:37,446] {logging_mixin.py:115} INFO - [2022-06-14 19:02:37,446] {dag.py:2915} INFO - Setting next_dagrun for example_branch_python_operator_decorator to 2022-06-13T00:00:00+00:00, run_after=2022-06-14T00:00:00+00:00
[2022-06-14 19:02:37,463] {processor.py:161} INFO - Processing /usr/local/lib/python3.10/dist-packages/airflow/example_dags/example_branch_operator_decorator.py took 0.068 seconds
[2022-06-14 19:03:17,279] {processor.py:153} INFO - Started process (PID=9605) to work on /usr/local/lib/python3.10/dist-packages/airflow/example_dags/example_branch_operator_decorator.py
[2022-06-14 19:03:17,279] {processor.py:641} INFO - Processing file /usr/local/lib/python3.10/dist-packages/airflow/example_dags/example_branch_operator_decorator.py for tasks to queue
[2022-06-14 19:03:17,280] {logging_mixin.py:115} INFO - [2022-06-14 19:03:17,279] {dagbag.py:507} INFO - Filling up the DagBag from /usr/local/lib/python3.10/dist-packages/airflow/example_dags/example_branch_operator_decorator.py
[2022-06-14 19:03:17,298] {processor.py:651} INFO - DAG(s) dict_keys(['example_branch_python_operator_decorator']) retrieved from /usr/local/lib/python3.10/dist-packages/airflow/example_dags/example_branch_operator_decorator.py
[2022-06-14 19:03:17,313] {logging_mixin.py:115} INFO - [2022-06-14 19:03:17,313] {dag.py:2371} INFO - Sync 1 DAGs
[2022-06-14 19:03:17,332] {logging_mixin.py:115} INFO - [2022-06-14 19:03:17,332] {dag.py:2915} INFO - Setting next_dagrun for example_branch_python_operator_decorator to 2022-06-13T00:00:00+00:00, run_after=2022-06-14T00:00:00+00:00
[2022-06-14 19:03:17,350] {processor.py:161} INFO - Processing /usr/local/lib/python3.10/dist-packages/airflow/example_dags/example_branch_operator_decorator.py took 0.074 seconds
[2022-06-14 19:04:01,653] {processor.py:153} INFO - Started process (PID=9666) to work on /usr/local/lib/python3.10/dist-packages/airflow/example_dags/example_branch_operator_decorator.py
[2022-06-14 19:04:01,654] {processor.py:641} INFO - Processing file /usr/local/lib/python3.10/dist-packages/airflow/example_dags/example_branch_operator_decorator.py for tasks to queue
[2022-06-14 19:04:01,655] {logging_mixin.py:115} INFO - [2022-06-14 19:04:01,655] {dagbag.py:507} INFO - Filling up the DagBag from /usr/local/lib/python3.10/dist-packages/airflow/example_dags/example_branch_operator_decorator.py
[2022-06-14 19:04:01,673] {processor.py:651} INFO - DAG(s) dict_keys(['example_branch_python_operator_decorator']) retrieved from /usr/local/lib/python3.10/dist-packages/airflow/example_dags/example_branch_operator_decorator.py
[2022-06-14 19:04:01,691] {logging_mixin.py:115} INFO - [2022-06-14 19:04:01,690] {dag.py:2371} INFO - Sync 1 DAGs
[2022-06-14 19:04:01,710] {logging_mixin.py:115} INFO - [2022-06-14 19:04:01,710] {dag.py:2915} INFO - Setting next_dagrun for example_branch_python_operator_decorator to 2022-06-13T00:00:00+00:00, run_after=2022-06-14T00:00:00+00:00
[2022-06-14 19:04:01,729] {processor.py:161} INFO - Processing /usr/local/lib/python3.10/dist-packages/airflow/example_dags/example_branch_operator_decorator.py took 0.078 seconds
[2022-06-14 19:04:42,865] {processor.py:153} INFO - Started process (PID=9721) to work on /usr/local/lib/python3.10/dist-packages/airflow/example_dags/example_branch_operator_decorator.py
[2022-06-14 19:04:42,865] {processor.py:641} INFO - Processing file /usr/local/lib/python3.10/dist-packages/airflow/example_dags/example_branch_operator_decorator.py for tasks to queue
[2022-06-14 19:04:42,866] {logging_mixin.py:115} INFO - [2022-06-14 19:04:42,866] {dagbag.py:507} INFO - Filling up the DagBag from /usr/local/lib/python3.10/dist-packages/airflow/example_dags/example_branch_operator_decorator.py
[2022-06-14 19:04:42,885] {processor.py:651} INFO - DAG(s) dict_keys(['example_branch_python_operator_decorator']) retrieved from /usr/local/lib/python3.10/dist-packages/airflow/example_dags/example_branch_operator_decorator.py
[2022-06-14 19:04:42,900] {logging_mixin.py:115} INFO - [2022-06-14 19:04:42,900] {dag.py:2371} INFO - Sync 1 DAGs
[2022-06-14 19:04:42,920] {logging_mixin.py:115} INFO - [2022-06-14 19:04:42,919] {dag.py:2915} INFO - Setting next_dagrun for example_branch_python_operator_decorator to 2022-06-13T00:00:00+00:00, run_after=2022-06-14T00:00:00+00:00
[2022-06-14 19:04:42,937] {processor.py:161} INFO - Processing /usr/local/lib/python3.10/dist-packages/airflow/example_dags/example_branch_operator_decorator.py took 0.075 seconds
[2022-06-14 19:05:26,392] {processor.py:153} INFO - Started process (PID=9779) to work on /usr/local/lib/python3.10/dist-packages/airflow/example_dags/example_branch_operator_decorator.py
[2022-06-14 19:05:26,393] {processor.py:641} INFO - Processing file /usr/local/lib/python3.10/dist-packages/airflow/example_dags/example_branch_operator_decorator.py for tasks to queue
[2022-06-14 19:05:26,393] {logging_mixin.py:115} INFO - [2022-06-14 19:05:26,393] {dagbag.py:507} INFO - Filling up the DagBag from /usr/local/lib/python3.10/dist-packages/airflow/example_dags/example_branch_operator_decorator.py
[2022-06-14 19:05:26,412] {processor.py:651} INFO - DAG(s) dict_keys(['example_branch_python_operator_decorator']) retrieved from /usr/local/lib/python3.10/dist-packages/airflow/example_dags/example_branch_operator_decorator.py
[2022-06-14 19:05:26,428] {logging_mixin.py:115} INFO - [2022-06-14 19:05:26,428] {dag.py:2371} INFO - Sync 1 DAGs
[2022-06-14 19:05:26,447] {logging_mixin.py:115} INFO - [2022-06-14 19:05:26,446] {dag.py:2915} INFO - Setting next_dagrun for example_branch_python_operator_decorator to 2022-06-13T00:00:00+00:00, run_after=2022-06-14T00:00:00+00:00
[2022-06-14 19:05:26,465] {processor.py:161} INFO - Processing /usr/local/lib/python3.10/dist-packages/airflow/example_dags/example_branch_operator_decorator.py took 0.075 seconds
[2022-06-14 19:06:12,709] {processor.py:153} INFO - Started process (PID=9845) to work on /usr/local/lib/python3.10/dist-packages/airflow/example_dags/example_branch_operator_decorator.py
[2022-06-14 19:06:12,709] {processor.py:641} INFO - Processing file /usr/local/lib/python3.10/dist-packages/airflow/example_dags/example_branch_operator_decorator.py for tasks to queue
[2022-06-14 19:06:12,710] {logging_mixin.py:115} INFO - [2022-06-14 19:06:12,710] {dagbag.py:507} INFO - Filling up the DagBag from /usr/local/lib/python3.10/dist-packages/airflow/example_dags/example_branch_operator_decorator.py
[2022-06-14 19:06:12,728] {processor.py:651} INFO - DAG(s) dict_keys(['example_branch_python_operator_decorator']) retrieved from /usr/local/lib/python3.10/dist-packages/airflow/example_dags/example_branch_operator_decorator.py
[2022-06-14 19:06:12,743] {logging_mixin.py:115} INFO - [2022-06-14 19:06:12,743] {dag.py:2371} INFO - Sync 1 DAGs
[2022-06-14 19:06:12,763] {logging_mixin.py:115} INFO - [2022-06-14 19:06:12,762] {dag.py:2915} INFO - Setting next_dagrun for example_branch_python_operator_decorator to 2022-06-13T00:00:00+00:00, run_after=2022-06-14T00:00:00+00:00
[2022-06-14 19:06:12,780] {processor.py:161} INFO - Processing /usr/local/lib/python3.10/dist-packages/airflow/example_dags/example_branch_operator_decorator.py took 0.074 seconds
[2022-06-14 19:06:51,694] {processor.py:153} INFO - Started process (PID=9899) to work on /usr/local/lib/python3.10/dist-packages/airflow/example_dags/example_branch_operator_decorator.py
[2022-06-14 19:06:51,695] {processor.py:641} INFO - Processing file /usr/local/lib/python3.10/dist-packages/airflow/example_dags/example_branch_operator_decorator.py for tasks to queue
[2022-06-14 19:06:51,695] {logging_mixin.py:115} INFO - [2022-06-14 19:06:51,695] {dagbag.py:507} INFO - Filling up the DagBag from /usr/local/lib/python3.10/dist-packages/airflow/example_dags/example_branch_operator_decorator.py
[2022-06-14 19:06:51,714] {processor.py:651} INFO - DAG(s) dict_keys(['example_branch_python_operator_decorator']) retrieved from /usr/local/lib/python3.10/dist-packages/airflow/example_dags/example_branch_operator_decorator.py
[2022-06-14 19:06:51,729] {logging_mixin.py:115} INFO - [2022-06-14 19:06:51,729] {dag.py:2371} INFO - Sync 1 DAGs
[2022-06-14 19:06:51,748] {logging_mixin.py:115} INFO - [2022-06-14 19:06:51,748] {dag.py:2915} INFO - Setting next_dagrun for example_branch_python_operator_decorator to 2022-06-13T00:00:00+00:00, run_after=2022-06-14T00:00:00+00:00
[2022-06-14 19:06:51,766] {processor.py:161} INFO - Processing /usr/local/lib/python3.10/dist-packages/airflow/example_dags/example_branch_operator_decorator.py took 0.075 seconds
[2022-06-14 19:07:32,294] {processor.py:153} INFO - Started process (PID=9958) to work on /usr/local/lib/python3.10/dist-packages/airflow/example_dags/example_branch_operator_decorator.py
[2022-06-14 19:07:32,295] {processor.py:641} INFO - Processing file /usr/local/lib/python3.10/dist-packages/airflow/example_dags/example_branch_operator_decorator.py for tasks to queue
[2022-06-14 19:07:32,295] {logging_mixin.py:115} INFO - [2022-06-14 19:07:32,295] {dagbag.py:507} INFO - Filling up the DagBag from /usr/local/lib/python3.10/dist-packages/airflow/example_dags/example_branch_operator_decorator.py
[2022-06-14 19:07:32,313] {processor.py:651} INFO - DAG(s) dict_keys(['example_branch_python_operator_decorator']) retrieved from /usr/local/lib/python3.10/dist-packages/airflow/example_dags/example_branch_operator_decorator.py
[2022-06-14 19:07:32,328] {logging_mixin.py:115} INFO - [2022-06-14 19:07:32,328] {dag.py:2371} INFO - Sync 1 DAGs
[2022-06-14 19:07:32,347] {logging_mixin.py:115} INFO - [2022-06-14 19:07:32,346] {dag.py:2915} INFO - Setting next_dagrun for example_branch_python_operator_decorator to 2022-06-13T00:00:00+00:00, run_after=2022-06-14T00:00:00+00:00
[2022-06-14 19:07:32,364] {processor.py:161} INFO - Processing /usr/local/lib/python3.10/dist-packages/airflow/example_dags/example_branch_operator_decorator.py took 0.073 seconds
[2022-06-14 19:08:12,396] {processor.py:153} INFO - Started process (PID=10014) to work on /usr/local/lib/python3.10/dist-packages/airflow/example_dags/example_branch_operator_decorator.py
[2022-06-14 19:08:12,396] {processor.py:641} INFO - Processing file /usr/local/lib/python3.10/dist-packages/airflow/example_dags/example_branch_operator_decorator.py for tasks to queue
[2022-06-14 19:08:12,397] {logging_mixin.py:115} INFO - [2022-06-14 19:08:12,397] {dagbag.py:507} INFO - Filling up the DagBag from /usr/local/lib/python3.10/dist-packages/airflow/example_dags/example_branch_operator_decorator.py
[2022-06-14 19:08:12,415] {processor.py:651} INFO - DAG(s) dict_keys(['example_branch_python_operator_decorator']) retrieved from /usr/local/lib/python3.10/dist-packages/airflow/example_dags/example_branch_operator_decorator.py
[2022-06-14 19:08:12,431] {logging_mixin.py:115} INFO - [2022-06-14 19:08:12,431] {dag.py:2371} INFO - Sync 1 DAGs
[2022-06-14 19:08:12,450] {logging_mixin.py:115} INFO - [2022-06-14 19:08:12,449] {dag.py:2915} INFO - Setting next_dagrun for example_branch_python_operator_decorator to 2022-06-13T00:00:00+00:00, run_after=2022-06-14T00:00:00+00:00
[2022-06-14 19:08:12,468] {processor.py:161} INFO - Processing /usr/local/lib/python3.10/dist-packages/airflow/example_dags/example_branch_operator_decorator.py took 0.074 seconds
[2022-06-14 19:08:54,409] {processor.py:153} INFO - Started process (PID=10073) to work on /usr/local/lib/python3.10/dist-packages/airflow/example_dags/example_branch_operator_decorator.py
[2022-06-14 19:08:54,409] {processor.py:641} INFO - Processing file /usr/local/lib/python3.10/dist-packages/airflow/example_dags/example_branch_operator_decorator.py for tasks to queue
[2022-06-14 19:08:54,410] {logging_mixin.py:115} INFO - [2022-06-14 19:08:54,410] {dagbag.py:507} INFO - Filling up the DagBag from /usr/local/lib/python3.10/dist-packages/airflow/example_dags/example_branch_operator_decorator.py
[2022-06-14 19:08:54,427] {processor.py:651} INFO - DAG(s) dict_keys(['example_branch_python_operator_decorator']) retrieved from /usr/local/lib/python3.10/dist-packages/airflow/example_dags/example_branch_operator_decorator.py
[2022-06-14 19:08:54,443] {logging_mixin.py:115} INFO - [2022-06-14 19:08:54,443] {dag.py:2371} INFO - Sync 1 DAGs
[2022-06-14 19:08:54,462] {logging_mixin.py:115} INFO - [2022-06-14 19:08:54,462] {dag.py:2915} INFO - Setting next_dagrun for example_branch_python_operator_decorator to 2022-06-13T00:00:00+00:00, run_after=2022-06-14T00:00:00+00:00
[2022-06-14 19:08:54,493] {processor.py:161} INFO - Processing /usr/local/lib/python3.10/dist-packages/airflow/example_dags/example_branch_operator_decorator.py took 0.087 seconds
[2022-06-14 19:09:38,521] {processor.py:153} INFO - Started process (PID=10135) to work on /usr/local/lib/python3.10/dist-packages/airflow/example_dags/example_branch_operator_decorator.py
[2022-06-14 19:09:38,522] {processor.py:641} INFO - Processing file /usr/local/lib/python3.10/dist-packages/airflow/example_dags/example_branch_operator_decorator.py for tasks to queue
[2022-06-14 19:09:38,522] {logging_mixin.py:115} INFO - [2022-06-14 19:09:38,522] {dagbag.py:507} INFO - Filling up the DagBag from /usr/local/lib/python3.10/dist-packages/airflow/example_dags/example_branch_operator_decorator.py
[2022-06-14 19:09:38,540] {processor.py:651} INFO - DAG(s) dict_keys(['example_branch_python_operator_decorator']) retrieved from /usr/local/lib/python3.10/dist-packages/airflow/example_dags/example_branch_operator_decorator.py
[2022-06-14 19:09:38,555] {logging_mixin.py:115} INFO - [2022-06-14 19:09:38,555] {dag.py:2371} INFO - Sync 1 DAGs
[2022-06-14 19:09:38,574] {logging_mixin.py:115} INFO - [2022-06-14 19:09:38,574] {dag.py:2915} INFO - Setting next_dagrun for example_branch_python_operator_decorator to 2022-06-13T00:00:00+00:00, run_after=2022-06-14T00:00:00+00:00
[2022-06-14 19:09:38,592] {processor.py:161} INFO - Processing /usr/local/lib/python3.10/dist-packages/airflow/example_dags/example_branch_operator_decorator.py took 0.074 seconds
[2022-06-14 19:10:22,038] {processor.py:153} INFO - Started process (PID=10234) to work on /usr/local/lib/python3.10/dist-packages/airflow/example_dags/example_branch_operator_decorator.py
[2022-06-14 19:10:22,039] {processor.py:641} INFO - Processing file /usr/local/lib/python3.10/dist-packages/airflow/example_dags/example_branch_operator_decorator.py for tasks to queue
[2022-06-14 19:10:22,039] {logging_mixin.py:115} INFO - [2022-06-14 19:10:22,039] {dagbag.py:507} INFO - Filling up the DagBag from /usr/local/lib/python3.10/dist-packages/airflow/example_dags/example_branch_operator_decorator.py
[2022-06-14 19:10:22,057] {processor.py:651} INFO - DAG(s) dict_keys(['example_branch_python_operator_decorator']) retrieved from /usr/local/lib/python3.10/dist-packages/airflow/example_dags/example_branch_operator_decorator.py
[2022-06-14 19:10:22,073] {logging_mixin.py:115} INFO - [2022-06-14 19:10:22,073] {dag.py:2371} INFO - Sync 1 DAGs
[2022-06-14 19:10:22,092] {logging_mixin.py:115} INFO - [2022-06-14 19:10:22,092] {dag.py:2915} INFO - Setting next_dagrun for example_branch_python_operator_decorator to 2022-06-13T00:00:00+00:00, run_after=2022-06-14T00:00:00+00:00
[2022-06-14 19:10:22,111] {processor.py:161} INFO - Processing /usr/local/lib/python3.10/dist-packages/airflow/example_dags/example_branch_operator_decorator.py took 0.075 seconds
