[2022-06-14 18:33:53,049] {processor.py:153} INFO - Started process (PID=6644) to work on /usr/local/lib/python3.10/dist-packages/airflow/example_dags/example_branch_labels.py
[2022-06-14 18:33:53,050] {processor.py:641} INFO - Processing file /usr/local/lib/python3.10/dist-packages/airflow/example_dags/example_branch_labels.py for tasks to queue
[2022-06-14 18:33:53,050] {logging_mixin.py:115} INFO - [2022-06-14 18:33:53,050] {dagbag.py:507} INFO - Filling up the DagBag from /usr/local/lib/python3.10/dist-packages/airflow/example_dags/example_branch_labels.py
[2022-06-14 18:33:53,055] {processor.py:651} INFO - DAG(s) dict_keys(['example_branch_labels']) retrieved from /usr/local/lib/python3.10/dist-packages/airflow/example_dags/example_branch_labels.py
[2022-06-14 18:33:53,070] {logging_mixin.py:115} INFO - [2022-06-14 18:33:53,070] {dag.py:2371} INFO - Sync 1 DAGs
[2022-06-14 18:33:53,090] {logging_mixin.py:115} INFO - [2022-06-14 18:33:53,090] {dag.py:2915} INFO - Setting next_dagrun for example_branch_labels to 2022-06-13T00:00:00+00:00, run_after=2022-06-14T00:00:00+00:00
[2022-06-14 18:33:53,120] {processor.py:161} INFO - Processing /usr/local/lib/python3.10/dist-packages/airflow/example_dags/example_branch_labels.py took 0.073 seconds
[2022-06-14 18:34:29,129] {processor.py:153} INFO - Started process (PID=6702) to work on /usr/local/lib/python3.10/dist-packages/airflow/example_dags/example_branch_labels.py
[2022-06-14 18:34:29,130] {processor.py:641} INFO - Processing file /usr/local/lib/python3.10/dist-packages/airflow/example_dags/example_branch_labels.py for tasks to queue
[2022-06-14 18:34:29,130] {logging_mixin.py:115} INFO - [2022-06-14 18:34:29,130] {dagbag.py:507} INFO - Filling up the DagBag from /usr/local/lib/python3.10/dist-packages/airflow/example_dags/example_branch_labels.py
[2022-06-14 18:34:29,136] {processor.py:651} INFO - DAG(s) dict_keys(['example_branch_labels']) retrieved from /usr/local/lib/python3.10/dist-packages/airflow/example_dags/example_branch_labels.py
[2022-06-14 18:34:29,151] {logging_mixin.py:115} INFO - [2022-06-14 18:34:29,151] {dag.py:2371} INFO - Sync 1 DAGs
[2022-06-14 18:34:29,170] {logging_mixin.py:115} INFO - [2022-06-14 18:34:29,170] {dag.py:2915} INFO - Setting next_dagrun for example_branch_labels to 2022-06-13T00:00:00+00:00, run_after=2022-06-14T00:00:00+00:00
[2022-06-14 18:34:29,187] {processor.py:161} INFO - Processing /usr/local/lib/python3.10/dist-packages/airflow/example_dags/example_branch_labels.py took 0.061 seconds
[2022-06-14 18:35:02,876] {processor.py:153} INFO - Started process (PID=6764) to work on /usr/local/lib/python3.10/dist-packages/airflow/example_dags/example_branch_labels.py
[2022-06-14 18:35:02,877] {processor.py:641} INFO - Processing file /usr/local/lib/python3.10/dist-packages/airflow/example_dags/example_branch_labels.py for tasks to queue
[2022-06-14 18:35:02,877] {logging_mixin.py:115} INFO - [2022-06-14 18:35:02,877] {dagbag.py:507} INFO - Filling up the DagBag from /usr/local/lib/python3.10/dist-packages/airflow/example_dags/example_branch_labels.py
[2022-06-14 18:35:02,882] {processor.py:651} INFO - DAG(s) dict_keys(['example_branch_labels']) retrieved from /usr/local/lib/python3.10/dist-packages/airflow/example_dags/example_branch_labels.py
[2022-06-14 18:35:02,897] {logging_mixin.py:115} INFO - [2022-06-14 18:35:02,897] {dag.py:2371} INFO - Sync 1 DAGs
[2022-06-14 18:35:02,915] {logging_mixin.py:115} INFO - [2022-06-14 18:35:02,915] {dag.py:2915} INFO - Setting next_dagrun for example_branch_labels to 2022-06-13T00:00:00+00:00, run_after=2022-06-14T00:00:00+00:00
[2022-06-14 18:35:02,931] {processor.py:161} INFO - Processing /usr/local/lib/python3.10/dist-packages/airflow/example_dags/example_branch_labels.py took 0.058 seconds
[2022-06-14 18:35:38,937] {processor.py:153} INFO - Started process (PID=6814) to work on /usr/local/lib/python3.10/dist-packages/airflow/example_dags/example_branch_labels.py
[2022-06-14 18:35:38,937] {processor.py:641} INFO - Processing file /usr/local/lib/python3.10/dist-packages/airflow/example_dags/example_branch_labels.py for tasks to queue
[2022-06-14 18:35:38,938] {logging_mixin.py:115} INFO - [2022-06-14 18:35:38,938] {dagbag.py:507} INFO - Filling up the DagBag from /usr/local/lib/python3.10/dist-packages/airflow/example_dags/example_branch_labels.py
[2022-06-14 18:35:38,944] {processor.py:651} INFO - DAG(s) dict_keys(['example_branch_labels']) retrieved from /usr/local/lib/python3.10/dist-packages/airflow/example_dags/example_branch_labels.py
[2022-06-14 18:35:38,960] {logging_mixin.py:115} INFO - [2022-06-14 18:35:38,960] {dag.py:2371} INFO - Sync 1 DAGs
[2022-06-14 18:35:38,979] {logging_mixin.py:115} INFO - [2022-06-14 18:35:38,979] {dag.py:2915} INFO - Setting next_dagrun for example_branch_labels to 2022-06-13T00:00:00+00:00, run_after=2022-06-14T00:00:00+00:00
[2022-06-14 18:35:38,995] {processor.py:161} INFO - Processing /usr/local/lib/python3.10/dist-packages/airflow/example_dags/example_branch_labels.py took 0.061 seconds
[2022-06-14 18:36:15,068] {processor.py:153} INFO - Started process (PID=6866) to work on /usr/local/lib/python3.10/dist-packages/airflow/example_dags/example_branch_labels.py
[2022-06-14 18:36:15,070] {processor.py:641} INFO - Processing file /usr/local/lib/python3.10/dist-packages/airflow/example_dags/example_branch_labels.py for tasks to queue
[2022-06-14 18:36:15,071] {logging_mixin.py:115} INFO - [2022-06-14 18:36:15,070] {dagbag.py:507} INFO - Filling up the DagBag from /usr/local/lib/python3.10/dist-packages/airflow/example_dags/example_branch_labels.py
[2022-06-14 18:36:15,076] {processor.py:651} INFO - DAG(s) dict_keys(['example_branch_labels']) retrieved from /usr/local/lib/python3.10/dist-packages/airflow/example_dags/example_branch_labels.py
[2022-06-14 18:36:15,091] {logging_mixin.py:115} INFO - [2022-06-14 18:36:15,091] {dag.py:2371} INFO - Sync 1 DAGs
[2022-06-14 18:36:15,110] {logging_mixin.py:115} INFO - [2022-06-14 18:36:15,109] {dag.py:2915} INFO - Setting next_dagrun for example_branch_labels to 2022-06-13T00:00:00+00:00, run_after=2022-06-14T00:00:00+00:00
[2022-06-14 18:36:15,128] {processor.py:161} INFO - Processing /usr/local/lib/python3.10/dist-packages/airflow/example_dags/example_branch_labels.py took 0.062 seconds
[2022-06-14 18:36:51,158] {processor.py:153} INFO - Started process (PID=6915) to work on /usr/local/lib/python3.10/dist-packages/airflow/example_dags/example_branch_labels.py
[2022-06-14 18:36:51,159] {processor.py:641} INFO - Processing file /usr/local/lib/python3.10/dist-packages/airflow/example_dags/example_branch_labels.py for tasks to queue
[2022-06-14 18:36:51,159] {logging_mixin.py:115} INFO - [2022-06-14 18:36:51,159] {dagbag.py:507} INFO - Filling up the DagBag from /usr/local/lib/python3.10/dist-packages/airflow/example_dags/example_branch_labels.py
[2022-06-14 18:36:51,164] {processor.py:651} INFO - DAG(s) dict_keys(['example_branch_labels']) retrieved from /usr/local/lib/python3.10/dist-packages/airflow/example_dags/example_branch_labels.py
[2022-06-14 18:36:51,180] {logging_mixin.py:115} INFO - [2022-06-14 18:36:51,180] {dag.py:2371} INFO - Sync 1 DAGs
[2022-06-14 18:36:51,198] {logging_mixin.py:115} INFO - [2022-06-14 18:36:51,198] {dag.py:2915} INFO - Setting next_dagrun for example_branch_labels to 2022-06-13T00:00:00+00:00, run_after=2022-06-14T00:00:00+00:00
[2022-06-14 18:36:51,216] {processor.py:161} INFO - Processing /usr/local/lib/python3.10/dist-packages/airflow/example_dags/example_branch_labels.py took 0.060 seconds
[2022-06-14 18:37:26,067] {processor.py:153} INFO - Started process (PID=6964) to work on /usr/local/lib/python3.10/dist-packages/airflow/example_dags/example_branch_labels.py
[2022-06-14 18:37:26,068] {processor.py:641} INFO - Processing file /usr/local/lib/python3.10/dist-packages/airflow/example_dags/example_branch_labels.py for tasks to queue
[2022-06-14 18:37:26,069] {logging_mixin.py:115} INFO - [2022-06-14 18:37:26,068] {dagbag.py:507} INFO - Filling up the DagBag from /usr/local/lib/python3.10/dist-packages/airflow/example_dags/example_branch_labels.py
[2022-06-14 18:37:26,075] {processor.py:651} INFO - DAG(s) dict_keys(['example_branch_labels']) retrieved from /usr/local/lib/python3.10/dist-packages/airflow/example_dags/example_branch_labels.py
[2022-06-14 18:37:26,090] {logging_mixin.py:115} INFO - [2022-06-14 18:37:26,090] {dag.py:2371} INFO - Sync 1 DAGs
[2022-06-14 18:37:26,109] {logging_mixin.py:115} INFO - [2022-06-14 18:37:26,109] {dag.py:2915} INFO - Setting next_dagrun for example_branch_labels to 2022-06-13T00:00:00+00:00, run_after=2022-06-14T00:00:00+00:00
[2022-06-14 18:37:26,126] {processor.py:161} INFO - Processing /usr/local/lib/python3.10/dist-packages/airflow/example_dags/example_branch_labels.py took 0.061 seconds
[2022-06-14 18:38:00,495] {processor.py:153} INFO - Started process (PID=7012) to work on /usr/local/lib/python3.10/dist-packages/airflow/example_dags/example_branch_labels.py
[2022-06-14 18:38:00,496] {processor.py:641} INFO - Processing file /usr/local/lib/python3.10/dist-packages/airflow/example_dags/example_branch_labels.py for tasks to queue
[2022-06-14 18:38:00,496] {logging_mixin.py:115} INFO - [2022-06-14 18:38:00,496] {dagbag.py:507} INFO - Filling up the DagBag from /usr/local/lib/python3.10/dist-packages/airflow/example_dags/example_branch_labels.py
[2022-06-14 18:38:00,502] {processor.py:651} INFO - DAG(s) dict_keys(['example_branch_labels']) retrieved from /usr/local/lib/python3.10/dist-packages/airflow/example_dags/example_branch_labels.py
[2022-06-14 18:38:00,517] {logging_mixin.py:115} INFO - [2022-06-14 18:38:00,517] {dag.py:2371} INFO - Sync 1 DAGs
[2022-06-14 18:38:00,536] {logging_mixin.py:115} INFO - [2022-06-14 18:38:00,536] {dag.py:2915} INFO - Setting next_dagrun for example_branch_labels to 2022-06-13T00:00:00+00:00, run_after=2022-06-14T00:00:00+00:00
[2022-06-14 18:38:00,554] {processor.py:161} INFO - Processing /usr/local/lib/python3.10/dist-packages/airflow/example_dags/example_branch_labels.py took 0.061 seconds
[2022-06-14 18:38:36,352] {processor.py:153} INFO - Started process (PID=7061) to work on /usr/local/lib/python3.10/dist-packages/airflow/example_dags/example_branch_labels.py
[2022-06-14 18:38:36,353] {processor.py:641} INFO - Processing file /usr/local/lib/python3.10/dist-packages/airflow/example_dags/example_branch_labels.py for tasks to queue
[2022-06-14 18:38:36,354] {logging_mixin.py:115} INFO - [2022-06-14 18:38:36,353] {dagbag.py:507} INFO - Filling up the DagBag from /usr/local/lib/python3.10/dist-packages/airflow/example_dags/example_branch_labels.py
[2022-06-14 18:38:36,359] {processor.py:651} INFO - DAG(s) dict_keys(['example_branch_labels']) retrieved from /usr/local/lib/python3.10/dist-packages/airflow/example_dags/example_branch_labels.py
[2022-06-14 18:38:36,374] {logging_mixin.py:115} INFO - [2022-06-14 18:38:36,374] {dag.py:2371} INFO - Sync 1 DAGs
[2022-06-14 18:38:36,392] {logging_mixin.py:115} INFO - [2022-06-14 18:38:36,392] {dag.py:2915} INFO - Setting next_dagrun for example_branch_labels to 2022-06-13T00:00:00+00:00, run_after=2022-06-14T00:00:00+00:00
[2022-06-14 18:38:36,409] {processor.py:161} INFO - Processing /usr/local/lib/python3.10/dist-packages/airflow/example_dags/example_branch_labels.py took 0.059 seconds
[2022-06-14 18:39:09,007] {processor.py:153} INFO - Started process (PID=7113) to work on /usr/local/lib/python3.10/dist-packages/airflow/example_dags/example_branch_labels.py
[2022-06-14 18:39:09,008] {processor.py:641} INFO - Processing file /usr/local/lib/python3.10/dist-packages/airflow/example_dags/example_branch_labels.py for tasks to queue
[2022-06-14 18:39:09,008] {logging_mixin.py:115} INFO - [2022-06-14 18:39:09,008] {dagbag.py:507} INFO - Filling up the DagBag from /usr/local/lib/python3.10/dist-packages/airflow/example_dags/example_branch_labels.py
[2022-06-14 18:39:09,013] {processor.py:651} INFO - DAG(s) dict_keys(['example_branch_labels']) retrieved from /usr/local/lib/python3.10/dist-packages/airflow/example_dags/example_branch_labels.py
[2022-06-14 18:39:09,028] {logging_mixin.py:115} INFO - [2022-06-14 18:39:09,028] {dag.py:2371} INFO - Sync 1 DAGs
[2022-06-14 18:39:09,049] {logging_mixin.py:115} INFO - [2022-06-14 18:39:09,048] {dag.py:2915} INFO - Setting next_dagrun for example_branch_labels to 2022-06-13T00:00:00+00:00, run_after=2022-06-14T00:00:00+00:00
[2022-06-14 18:39:09,066] {processor.py:161} INFO - Processing /usr/local/lib/python3.10/dist-packages/airflow/example_dags/example_branch_labels.py took 0.061 seconds
[2022-06-14 18:39:46,274] {processor.py:153} INFO - Started process (PID=7164) to work on /usr/local/lib/python3.10/dist-packages/airflow/example_dags/example_branch_labels.py
[2022-06-14 18:39:46,274] {processor.py:641} INFO - Processing file /usr/local/lib/python3.10/dist-packages/airflow/example_dags/example_branch_labels.py for tasks to queue
[2022-06-14 18:39:46,275] {logging_mixin.py:115} INFO - [2022-06-14 18:39:46,275] {dagbag.py:507} INFO - Filling up the DagBag from /usr/local/lib/python3.10/dist-packages/airflow/example_dags/example_branch_labels.py
[2022-06-14 18:39:46,280] {processor.py:651} INFO - DAG(s) dict_keys(['example_branch_labels']) retrieved from /usr/local/lib/python3.10/dist-packages/airflow/example_dags/example_branch_labels.py
[2022-06-14 18:39:46,296] {logging_mixin.py:115} INFO - [2022-06-14 18:39:46,296] {dag.py:2371} INFO - Sync 1 DAGs
[2022-06-14 18:39:46,314] {logging_mixin.py:115} INFO - [2022-06-14 18:39:46,314] {dag.py:2915} INFO - Setting next_dagrun for example_branch_labels to 2022-06-13T00:00:00+00:00, run_after=2022-06-14T00:00:00+00:00
[2022-06-14 18:39:46,331] {processor.py:161} INFO - Processing /usr/local/lib/python3.10/dist-packages/airflow/example_dags/example_branch_labels.py took 0.060 seconds
[2022-06-14 18:40:24,418] {processor.py:153} INFO - Started process (PID=7223) to work on /usr/local/lib/python3.10/dist-packages/airflow/example_dags/example_branch_labels.py
[2022-06-14 18:40:24,419] {processor.py:641} INFO - Processing file /usr/local/lib/python3.10/dist-packages/airflow/example_dags/example_branch_labels.py for tasks to queue
[2022-06-14 18:40:24,419] {logging_mixin.py:115} INFO - [2022-06-14 18:40:24,419] {dagbag.py:507} INFO - Filling up the DagBag from /usr/local/lib/python3.10/dist-packages/airflow/example_dags/example_branch_labels.py
[2022-06-14 18:40:24,424] {processor.py:651} INFO - DAG(s) dict_keys(['example_branch_labels']) retrieved from /usr/local/lib/python3.10/dist-packages/airflow/example_dags/example_branch_labels.py
[2022-06-14 18:40:24,439] {logging_mixin.py:115} INFO - [2022-06-14 18:40:24,439] {dag.py:2371} INFO - Sync 1 DAGs
[2022-06-14 18:40:24,457] {logging_mixin.py:115} INFO - [2022-06-14 18:40:24,457] {dag.py:2915} INFO - Setting next_dagrun for example_branch_labels to 2022-06-13T00:00:00+00:00, run_after=2022-06-14T00:00:00+00:00
[2022-06-14 18:40:24,474] {processor.py:161} INFO - Processing /usr/local/lib/python3.10/dist-packages/airflow/example_dags/example_branch_labels.py took 0.059 seconds
[2022-06-14 18:40:59,836] {processor.py:153} INFO - Started process (PID=7274) to work on /usr/local/lib/python3.10/dist-packages/airflow/example_dags/example_branch_labels.py
[2022-06-14 18:40:59,837] {processor.py:641} INFO - Processing file /usr/local/lib/python3.10/dist-packages/airflow/example_dags/example_branch_labels.py for tasks to queue
[2022-06-14 18:40:59,837] {logging_mixin.py:115} INFO - [2022-06-14 18:40:59,837] {dagbag.py:507} INFO - Filling up the DagBag from /usr/local/lib/python3.10/dist-packages/airflow/example_dags/example_branch_labels.py
[2022-06-14 18:40:59,843] {processor.py:651} INFO - DAG(s) dict_keys(['example_branch_labels']) retrieved from /usr/local/lib/python3.10/dist-packages/airflow/example_dags/example_branch_labels.py
[2022-06-14 18:40:59,858] {logging_mixin.py:115} INFO - [2022-06-14 18:40:59,858] {dag.py:2371} INFO - Sync 1 DAGs
[2022-06-14 18:40:59,877] {logging_mixin.py:115} INFO - [2022-06-14 18:40:59,877] {dag.py:2915} INFO - Setting next_dagrun for example_branch_labels to 2022-06-13T00:00:00+00:00, run_after=2022-06-14T00:00:00+00:00
[2022-06-14 18:40:59,894] {processor.py:161} INFO - Processing /usr/local/lib/python3.10/dist-packages/airflow/example_dags/example_branch_labels.py took 0.061 seconds
[2022-06-14 18:41:45,290] {processor.py:153} INFO - Started process (PID=7350) to work on /usr/local/lib/python3.10/dist-packages/airflow/example_dags/example_branch_labels.py
[2022-06-14 18:41:45,291] {processor.py:641} INFO - Processing file /usr/local/lib/python3.10/dist-packages/airflow/example_dags/example_branch_labels.py for tasks to queue
[2022-06-14 18:41:45,291] {logging_mixin.py:115} INFO - [2022-06-14 18:41:45,291] {dagbag.py:507} INFO - Filling up the DagBag from /usr/local/lib/python3.10/dist-packages/airflow/example_dags/example_branch_labels.py
[2022-06-14 18:41:45,297] {processor.py:651} INFO - DAG(s) dict_keys(['example_branch_labels']) retrieved from /usr/local/lib/python3.10/dist-packages/airflow/example_dags/example_branch_labels.py
[2022-06-14 18:41:45,312] {logging_mixin.py:115} INFO - [2022-06-14 18:41:45,312] {dag.py:2371} INFO - Sync 1 DAGs
[2022-06-14 18:41:45,331] {logging_mixin.py:115} INFO - [2022-06-14 18:41:45,331] {dag.py:2915} INFO - Setting next_dagrun for example_branch_labels to 2022-06-13T00:00:00+00:00, run_after=2022-06-14T00:00:00+00:00
[2022-06-14 18:41:45,348] {processor.py:161} INFO - Processing /usr/local/lib/python3.10/dist-packages/airflow/example_dags/example_branch_labels.py took 0.061 seconds
[2022-06-14 18:42:27,389] {processor.py:153} INFO - Started process (PID=7458) to work on /usr/local/lib/python3.10/dist-packages/airflow/example_dags/example_branch_labels.py
[2022-06-14 18:42:27,389] {processor.py:641} INFO - Processing file /usr/local/lib/python3.10/dist-packages/airflow/example_dags/example_branch_labels.py for tasks to queue
[2022-06-14 18:42:27,390] {logging_mixin.py:115} INFO - [2022-06-14 18:42:27,390] {dagbag.py:507} INFO - Filling up the DagBag from /usr/local/lib/python3.10/dist-packages/airflow/example_dags/example_branch_labels.py
[2022-06-14 18:42:27,395] {processor.py:651} INFO - DAG(s) dict_keys(['example_branch_labels']) retrieved from /usr/local/lib/python3.10/dist-packages/airflow/example_dags/example_branch_labels.py
[2022-06-14 18:42:27,410] {logging_mixin.py:115} INFO - [2022-06-14 18:42:27,410] {dag.py:2371} INFO - Sync 1 DAGs
[2022-06-14 18:42:27,432] {logging_mixin.py:115} INFO - [2022-06-14 18:42:27,432] {dag.py:2915} INFO - Setting next_dagrun for example_branch_labels to 2022-06-13T00:00:00+00:00, run_after=2022-06-14T00:00:00+00:00
[2022-06-14 18:42:27,452] {processor.py:161} INFO - Processing /usr/local/lib/python3.10/dist-packages/airflow/example_dags/example_branch_labels.py took 0.066 seconds
[2022-06-14 18:43:09,017] {processor.py:153} INFO - Started process (PID=7558) to work on /usr/local/lib/python3.10/dist-packages/airflow/example_dags/example_branch_labels.py
[2022-06-14 18:43:09,018] {processor.py:641} INFO - Processing file /usr/local/lib/python3.10/dist-packages/airflow/example_dags/example_branch_labels.py for tasks to queue
[2022-06-14 18:43:09,018] {logging_mixin.py:115} INFO - [2022-06-14 18:43:09,018] {dagbag.py:507} INFO - Filling up the DagBag from /usr/local/lib/python3.10/dist-packages/airflow/example_dags/example_branch_labels.py
[2022-06-14 18:43:09,024] {processor.py:651} INFO - DAG(s) dict_keys(['example_branch_labels']) retrieved from /usr/local/lib/python3.10/dist-packages/airflow/example_dags/example_branch_labels.py
[2022-06-14 18:43:09,040] {logging_mixin.py:115} INFO - [2022-06-14 18:43:09,039] {dag.py:2371} INFO - Sync 1 DAGs
[2022-06-14 18:43:09,059] {logging_mixin.py:115} INFO - [2022-06-14 18:43:09,059] {dag.py:2915} INFO - Setting next_dagrun for example_branch_labels to 2022-06-13T00:00:00+00:00, run_after=2022-06-14T00:00:00+00:00
[2022-06-14 18:43:09,077] {processor.py:161} INFO - Processing /usr/local/lib/python3.10/dist-packages/airflow/example_dags/example_branch_labels.py took 0.063 seconds
[2022-06-14 18:43:49,325] {processor.py:153} INFO - Started process (PID=7606) to work on /usr/local/lib/python3.10/dist-packages/airflow/example_dags/example_branch_labels.py
[2022-06-14 18:43:49,325] {processor.py:641} INFO - Processing file /usr/local/lib/python3.10/dist-packages/airflow/example_dags/example_branch_labels.py for tasks to queue
[2022-06-14 18:43:49,326] {logging_mixin.py:115} INFO - [2022-06-14 18:43:49,326] {dagbag.py:507} INFO - Filling up the DagBag from /usr/local/lib/python3.10/dist-packages/airflow/example_dags/example_branch_labels.py
[2022-06-14 18:43:49,331] {processor.py:651} INFO - DAG(s) dict_keys(['example_branch_labels']) retrieved from /usr/local/lib/python3.10/dist-packages/airflow/example_dags/example_branch_labels.py
[2022-06-14 18:43:49,347] {logging_mixin.py:115} INFO - [2022-06-14 18:43:49,347] {dag.py:2371} INFO - Sync 1 DAGs
[2022-06-14 18:43:49,367] {logging_mixin.py:115} INFO - [2022-06-14 18:43:49,366] {dag.py:2915} INFO - Setting next_dagrun for example_branch_labels to 2022-06-13T00:00:00+00:00, run_after=2022-06-14T00:00:00+00:00
[2022-06-14 18:43:49,385] {processor.py:161} INFO - Processing /usr/local/lib/python3.10/dist-packages/airflow/example_dags/example_branch_labels.py took 0.063 seconds
[2022-06-14 18:44:29,397] {processor.py:153} INFO - Started process (PID=7685) to work on /usr/local/lib/python3.10/dist-packages/airflow/example_dags/example_branch_labels.py
[2022-06-14 18:44:29,397] {processor.py:641} INFO - Processing file /usr/local/lib/python3.10/dist-packages/airflow/example_dags/example_branch_labels.py for tasks to queue
[2022-06-14 18:44:29,398] {logging_mixin.py:115} INFO - [2022-06-14 18:44:29,398] {dagbag.py:507} INFO - Filling up the DagBag from /usr/local/lib/python3.10/dist-packages/airflow/example_dags/example_branch_labels.py
[2022-06-14 18:44:29,403] {processor.py:651} INFO - DAG(s) dict_keys(['example_branch_labels']) retrieved from /usr/local/lib/python3.10/dist-packages/airflow/example_dags/example_branch_labels.py
[2022-06-14 18:44:29,419] {logging_mixin.py:115} INFO - [2022-06-14 18:44:29,419] {dag.py:2371} INFO - Sync 1 DAGs
[2022-06-14 18:44:29,442] {logging_mixin.py:115} INFO - [2022-06-14 18:44:29,442] {dag.py:2915} INFO - Setting next_dagrun for example_branch_labels to 2022-06-13T00:00:00+00:00, run_after=2022-06-14T00:00:00+00:00
[2022-06-14 18:44:29,459] {processor.py:161} INFO - Processing /usr/local/lib/python3.10/dist-packages/airflow/example_dags/example_branch_labels.py took 0.065 seconds
[2022-06-14 18:45:07,850] {processor.py:153} INFO - Started process (PID=7757) to work on /usr/local/lib/python3.10/dist-packages/airflow/example_dags/example_branch_labels.py
[2022-06-14 18:45:07,851] {processor.py:641} INFO - Processing file /usr/local/lib/python3.10/dist-packages/airflow/example_dags/example_branch_labels.py for tasks to queue
[2022-06-14 18:45:07,851] {logging_mixin.py:115} INFO - [2022-06-14 18:45:07,851] {dagbag.py:507} INFO - Filling up the DagBag from /usr/local/lib/python3.10/dist-packages/airflow/example_dags/example_branch_labels.py
[2022-06-14 18:45:07,857] {processor.py:651} INFO - DAG(s) dict_keys(['example_branch_labels']) retrieved from /usr/local/lib/python3.10/dist-packages/airflow/example_dags/example_branch_labels.py
[2022-06-14 18:45:07,873] {logging_mixin.py:115} INFO - [2022-06-14 18:45:07,873] {dag.py:2371} INFO - Sync 1 DAGs
[2022-06-14 18:45:07,895] {logging_mixin.py:115} INFO - [2022-06-14 18:45:07,895] {dag.py:2915} INFO - Setting next_dagrun for example_branch_labels to 2022-06-13T00:00:00+00:00, run_after=2022-06-14T00:00:00+00:00
[2022-06-14 18:45:07,913] {processor.py:161} INFO - Processing /usr/local/lib/python3.10/dist-packages/airflow/example_dags/example_branch_labels.py took 0.065 seconds
[2022-06-14 18:45:51,756] {processor.py:153} INFO - Started process (PID=7871) to work on /usr/local/lib/python3.10/dist-packages/airflow/example_dags/example_branch_labels.py
[2022-06-14 18:45:51,756] {processor.py:641} INFO - Processing file /usr/local/lib/python3.10/dist-packages/airflow/example_dags/example_branch_labels.py for tasks to queue
[2022-06-14 18:45:51,757] {logging_mixin.py:115} INFO - [2022-06-14 18:45:51,757] {dagbag.py:507} INFO - Filling up the DagBag from /usr/local/lib/python3.10/dist-packages/airflow/example_dags/example_branch_labels.py
[2022-06-14 18:45:51,762] {processor.py:651} INFO - DAG(s) dict_keys(['example_branch_labels']) retrieved from /usr/local/lib/python3.10/dist-packages/airflow/example_dags/example_branch_labels.py
[2022-06-14 18:45:51,781] {logging_mixin.py:115} INFO - [2022-06-14 18:45:51,781] {dag.py:2371} INFO - Sync 1 DAGs
[2022-06-14 18:45:51,804] {logging_mixin.py:115} INFO - [2022-06-14 18:45:51,804] {dag.py:2915} INFO - Setting next_dagrun for example_branch_labels to 2022-06-13T00:00:00+00:00, run_after=2022-06-14T00:00:00+00:00
[2022-06-14 18:45:51,825] {processor.py:161} INFO - Processing /usr/local/lib/python3.10/dist-packages/airflow/example_dags/example_branch_labels.py took 0.072 seconds
[2022-06-14 18:46:34,448] {processor.py:153} INFO - Started process (PID=7982) to work on /usr/local/lib/python3.10/dist-packages/airflow/example_dags/example_branch_labels.py
[2022-06-14 18:46:34,449] {processor.py:641} INFO - Processing file /usr/local/lib/python3.10/dist-packages/airflow/example_dags/example_branch_labels.py for tasks to queue
[2022-06-14 18:46:34,449] {logging_mixin.py:115} INFO - [2022-06-14 18:46:34,449] {dagbag.py:507} INFO - Filling up the DagBag from /usr/local/lib/python3.10/dist-packages/airflow/example_dags/example_branch_labels.py
[2022-06-14 18:46:34,455] {processor.py:651} INFO - DAG(s) dict_keys(['example_branch_labels']) retrieved from /usr/local/lib/python3.10/dist-packages/airflow/example_dags/example_branch_labels.py
[2022-06-14 18:46:34,471] {logging_mixin.py:115} INFO - [2022-06-14 18:46:34,470] {dag.py:2371} INFO - Sync 1 DAGs
[2022-06-14 18:46:34,489] {logging_mixin.py:115} INFO - [2022-06-14 18:46:34,489] {dag.py:2915} INFO - Setting next_dagrun for example_branch_labels to 2022-06-13T00:00:00+00:00, run_after=2022-06-14T00:00:00+00:00
[2022-06-14 18:46:34,506] {processor.py:161} INFO - Processing /usr/local/lib/python3.10/dist-packages/airflow/example_dags/example_branch_labels.py took 0.061 seconds
[2022-06-14 18:47:14,518] {processor.py:153} INFO - Started process (PID=8041) to work on /usr/local/lib/python3.10/dist-packages/airflow/example_dags/example_branch_labels.py
[2022-06-14 18:47:14,519] {processor.py:641} INFO - Processing file /usr/local/lib/python3.10/dist-packages/airflow/example_dags/example_branch_labels.py for tasks to queue
[2022-06-14 18:47:14,519] {logging_mixin.py:115} INFO - [2022-06-14 18:47:14,519] {dagbag.py:507} INFO - Filling up the DagBag from /usr/local/lib/python3.10/dist-packages/airflow/example_dags/example_branch_labels.py
[2022-06-14 18:47:14,525] {processor.py:651} INFO - DAG(s) dict_keys(['example_branch_labels']) retrieved from /usr/local/lib/python3.10/dist-packages/airflow/example_dags/example_branch_labels.py
[2022-06-14 18:47:14,541] {logging_mixin.py:115} INFO - [2022-06-14 18:47:14,541] {dag.py:2371} INFO - Sync 1 DAGs
[2022-06-14 18:47:14,560] {logging_mixin.py:115} INFO - [2022-06-14 18:47:14,560] {dag.py:2915} INFO - Setting next_dagrun for example_branch_labels to 2022-06-13T00:00:00+00:00, run_after=2022-06-14T00:00:00+00:00
[2022-06-14 18:47:14,577] {processor.py:161} INFO - Processing /usr/local/lib/python3.10/dist-packages/airflow/example_dags/example_branch_labels.py took 0.062 seconds
[2022-06-14 18:47:51,636] {processor.py:153} INFO - Started process (PID=8109) to work on /usr/local/lib/python3.10/dist-packages/airflow/example_dags/example_branch_labels.py
[2022-06-14 18:47:51,637] {processor.py:641} INFO - Processing file /usr/local/lib/python3.10/dist-packages/airflow/example_dags/example_branch_labels.py for tasks to queue
[2022-06-14 18:47:51,637] {logging_mixin.py:115} INFO - [2022-06-14 18:47:51,637] {dagbag.py:507} INFO - Filling up the DagBag from /usr/local/lib/python3.10/dist-packages/airflow/example_dags/example_branch_labels.py
[2022-06-14 18:47:51,642] {processor.py:651} INFO - DAG(s) dict_keys(['example_branch_labels']) retrieved from /usr/local/lib/python3.10/dist-packages/airflow/example_dags/example_branch_labels.py
[2022-06-14 18:47:51,658] {logging_mixin.py:115} INFO - [2022-06-14 18:47:51,658] {dag.py:2371} INFO - Sync 1 DAGs
[2022-06-14 18:47:51,676] {logging_mixin.py:115} INFO - [2022-06-14 18:47:51,676] {dag.py:2915} INFO - Setting next_dagrun for example_branch_labels to 2022-06-13T00:00:00+00:00, run_after=2022-06-14T00:00:00+00:00
[2022-06-14 18:47:51,694] {processor.py:161} INFO - Processing /usr/local/lib/python3.10/dist-packages/airflow/example_dags/example_branch_labels.py took 0.060 seconds
[2022-06-14 18:48:31,679] {processor.py:153} INFO - Started process (PID=8168) to work on /usr/local/lib/python3.10/dist-packages/airflow/example_dags/example_branch_labels.py
[2022-06-14 18:48:31,679] {processor.py:641} INFO - Processing file /usr/local/lib/python3.10/dist-packages/airflow/example_dags/example_branch_labels.py for tasks to queue
[2022-06-14 18:48:31,680] {logging_mixin.py:115} INFO - [2022-06-14 18:48:31,680] {dagbag.py:507} INFO - Filling up the DagBag from /usr/local/lib/python3.10/dist-packages/airflow/example_dags/example_branch_labels.py
[2022-06-14 18:48:31,685] {processor.py:651} INFO - DAG(s) dict_keys(['example_branch_labels']) retrieved from /usr/local/lib/python3.10/dist-packages/airflow/example_dags/example_branch_labels.py
[2022-06-14 18:48:31,701] {logging_mixin.py:115} INFO - [2022-06-14 18:48:31,701] {dag.py:2371} INFO - Sync 1 DAGs
[2022-06-14 18:48:31,721] {logging_mixin.py:115} INFO - [2022-06-14 18:48:31,720] {dag.py:2915} INFO - Setting next_dagrun for example_branch_labels to 2022-06-13T00:00:00+00:00, run_after=2022-06-14T00:00:00+00:00
[2022-06-14 18:48:31,739] {processor.py:161} INFO - Processing /usr/local/lib/python3.10/dist-packages/airflow/example_dags/example_branch_labels.py took 0.063 seconds
[2022-06-14 18:49:15,346] {processor.py:153} INFO - Started process (PID=8257) to work on /usr/local/lib/python3.10/dist-packages/airflow/example_dags/example_branch_labels.py
[2022-06-14 18:49:15,346] {processor.py:641} INFO - Processing file /usr/local/lib/python3.10/dist-packages/airflow/example_dags/example_branch_labels.py for tasks to queue
[2022-06-14 18:49:15,347] {logging_mixin.py:115} INFO - [2022-06-14 18:49:15,347] {dagbag.py:507} INFO - Filling up the DagBag from /usr/local/lib/python3.10/dist-packages/airflow/example_dags/example_branch_labels.py
[2022-06-14 18:49:15,353] {processor.py:651} INFO - DAG(s) dict_keys(['example_branch_labels']) retrieved from /usr/local/lib/python3.10/dist-packages/airflow/example_dags/example_branch_labels.py
[2022-06-14 18:49:15,369] {logging_mixin.py:115} INFO - [2022-06-14 18:49:15,368] {dag.py:2371} INFO - Sync 1 DAGs
[2022-06-14 18:49:15,388] {logging_mixin.py:115} INFO - [2022-06-14 18:49:15,388] {dag.py:2915} INFO - Setting next_dagrun for example_branch_labels to 2022-06-13T00:00:00+00:00, run_after=2022-06-14T00:00:00+00:00
[2022-06-14 18:49:15,405] {processor.py:161} INFO - Processing /usr/local/lib/python3.10/dist-packages/airflow/example_dags/example_branch_labels.py took 0.062 seconds
[2022-06-14 18:49:59,078] {processor.py:153} INFO - Started process (PID=8329) to work on /usr/local/lib/python3.10/dist-packages/airflow/example_dags/example_branch_labels.py
[2022-06-14 18:49:59,079] {processor.py:641} INFO - Processing file /usr/local/lib/python3.10/dist-packages/airflow/example_dags/example_branch_labels.py for tasks to queue
[2022-06-14 18:49:59,079] {logging_mixin.py:115} INFO - [2022-06-14 18:49:59,079] {dagbag.py:507} INFO - Filling up the DagBag from /usr/local/lib/python3.10/dist-packages/airflow/example_dags/example_branch_labels.py
[2022-06-14 18:49:59,085] {processor.py:651} INFO - DAG(s) dict_keys(['example_branch_labels']) retrieved from /usr/local/lib/python3.10/dist-packages/airflow/example_dags/example_branch_labels.py
[2022-06-14 18:49:59,101] {logging_mixin.py:115} INFO - [2022-06-14 18:49:59,101] {dag.py:2371} INFO - Sync 1 DAGs
[2022-06-14 18:49:59,121] {logging_mixin.py:115} INFO - [2022-06-14 18:49:59,121] {dag.py:2915} INFO - Setting next_dagrun for example_branch_labels to 2022-06-13T00:00:00+00:00, run_after=2022-06-14T00:00:00+00:00
[2022-06-14 18:49:59,140] {processor.py:161} INFO - Processing /usr/local/lib/python3.10/dist-packages/airflow/example_dags/example_branch_labels.py took 0.064 seconds
[2022-06-14 18:50:39,263] {processor.py:153} INFO - Started process (PID=8414) to work on /usr/local/lib/python3.10/dist-packages/airflow/example_dags/example_branch_labels.py
[2022-06-14 18:50:39,264] {processor.py:641} INFO - Processing file /usr/local/lib/python3.10/dist-packages/airflow/example_dags/example_branch_labels.py for tasks to queue
[2022-06-14 18:50:39,265] {logging_mixin.py:115} INFO - [2022-06-14 18:50:39,265] {dagbag.py:507} INFO - Filling up the DagBag from /usr/local/lib/python3.10/dist-packages/airflow/example_dags/example_branch_labels.py
[2022-06-14 18:50:39,271] {processor.py:651} INFO - DAG(s) dict_keys(['example_branch_labels']) retrieved from /usr/local/lib/python3.10/dist-packages/airflow/example_dags/example_branch_labels.py
[2022-06-14 18:50:39,288] {logging_mixin.py:115} INFO - [2022-06-14 18:50:39,288] {dag.py:2371} INFO - Sync 1 DAGs
[2022-06-14 18:50:39,305] {logging_mixin.py:115} INFO - [2022-06-14 18:50:39,305] {dag.py:2915} INFO - Setting next_dagrun for example_branch_labels to 2022-06-13T00:00:00+00:00, run_after=2022-06-14T00:00:00+00:00
[2022-06-14 18:50:39,322] {processor.py:161} INFO - Processing /usr/local/lib/python3.10/dist-packages/airflow/example_dags/example_branch_labels.py took 0.062 seconds
[2022-06-14 18:51:22,157] {processor.py:153} INFO - Started process (PID=8485) to work on /usr/local/lib/python3.10/dist-packages/airflow/example_dags/example_branch_labels.py
[2022-06-14 18:51:22,158] {processor.py:641} INFO - Processing file /usr/local/lib/python3.10/dist-packages/airflow/example_dags/example_branch_labels.py for tasks to queue
[2022-06-14 18:51:22,158] {logging_mixin.py:115} INFO - [2022-06-14 18:51:22,158] {dagbag.py:507} INFO - Filling up the DagBag from /usr/local/lib/python3.10/dist-packages/airflow/example_dags/example_branch_labels.py
[2022-06-14 18:51:22,164] {processor.py:651} INFO - DAG(s) dict_keys(['example_branch_labels']) retrieved from /usr/local/lib/python3.10/dist-packages/airflow/example_dags/example_branch_labels.py
[2022-06-14 18:51:22,182] {logging_mixin.py:115} INFO - [2022-06-14 18:51:22,182] {dag.py:2371} INFO - Sync 1 DAGs
[2022-06-14 18:51:22,199] {logging_mixin.py:115} INFO - [2022-06-14 18:51:22,199] {dag.py:2915} INFO - Setting next_dagrun for example_branch_labels to 2022-06-13T00:00:00+00:00, run_after=2022-06-14T00:00:00+00:00
[2022-06-14 18:51:22,216] {processor.py:161} INFO - Processing /usr/local/lib/python3.10/dist-packages/airflow/example_dags/example_branch_labels.py took 0.062 seconds
[2022-06-14 18:52:05,053] {processor.py:153} INFO - Started process (PID=8551) to work on /usr/local/lib/python3.10/dist-packages/airflow/example_dags/example_branch_labels.py
[2022-06-14 18:52:05,055] {processor.py:641} INFO - Processing file /usr/local/lib/python3.10/dist-packages/airflow/example_dags/example_branch_labels.py for tasks to queue
[2022-06-14 18:52:05,055] {logging_mixin.py:115} INFO - [2022-06-14 18:52:05,055] {dagbag.py:507} INFO - Filling up the DagBag from /usr/local/lib/python3.10/dist-packages/airflow/example_dags/example_branch_labels.py
[2022-06-14 18:52:05,061] {processor.py:651} INFO - DAG(s) dict_keys(['example_branch_labels']) retrieved from /usr/local/lib/python3.10/dist-packages/airflow/example_dags/example_branch_labels.py
[2022-06-14 18:52:05,079] {logging_mixin.py:115} INFO - [2022-06-14 18:52:05,078] {dag.py:2371} INFO - Sync 1 DAGs
[2022-06-14 18:52:05,096] {logging_mixin.py:115} INFO - [2022-06-14 18:52:05,096] {dag.py:2915} INFO - Setting next_dagrun for example_branch_labels to 2022-06-13T00:00:00+00:00, run_after=2022-06-14T00:00:00+00:00
[2022-06-14 18:52:05,113] {processor.py:161} INFO - Processing /usr/local/lib/python3.10/dist-packages/airflow/example_dags/example_branch_labels.py took 0.063 seconds
[2022-06-14 18:52:41,922] {processor.py:153} INFO - Started process (PID=8617) to work on /usr/local/lib/python3.10/dist-packages/airflow/example_dags/example_branch_labels.py
[2022-06-14 18:52:41,922] {processor.py:641} INFO - Processing file /usr/local/lib/python3.10/dist-packages/airflow/example_dags/example_branch_labels.py for tasks to queue
[2022-06-14 18:52:41,923] {logging_mixin.py:115} INFO - [2022-06-14 18:52:41,923] {dagbag.py:507} INFO - Filling up the DagBag from /usr/local/lib/python3.10/dist-packages/airflow/example_dags/example_branch_labels.py
[2022-06-14 18:52:41,929] {processor.py:651} INFO - DAG(s) dict_keys(['example_branch_labels']) retrieved from /usr/local/lib/python3.10/dist-packages/airflow/example_dags/example_branch_labels.py
[2022-06-14 18:52:41,945] {logging_mixin.py:115} INFO - [2022-06-14 18:52:41,945] {dag.py:2371} INFO - Sync 1 DAGs
[2022-06-14 18:52:41,963] {logging_mixin.py:115} INFO - [2022-06-14 18:52:41,963] {dag.py:2915} INFO - Setting next_dagrun for example_branch_labels to 2022-06-13T00:00:00+00:00, run_after=2022-06-14T00:00:00+00:00
[2022-06-14 18:52:41,999] {processor.py:161} INFO - Processing /usr/local/lib/python3.10/dist-packages/airflow/example_dags/example_branch_labels.py took 0.081 seconds
[2022-06-14 18:53:24,333] {processor.py:153} INFO - Started process (PID=8697) to work on /usr/local/lib/python3.10/dist-packages/airflow/example_dags/example_branch_labels.py
[2022-06-14 18:53:24,334] {processor.py:641} INFO - Processing file /usr/local/lib/python3.10/dist-packages/airflow/example_dags/example_branch_labels.py for tasks to queue
[2022-06-14 18:53:24,334] {logging_mixin.py:115} INFO - [2022-06-14 18:53:24,334] {dagbag.py:507} INFO - Filling up the DagBag from /usr/local/lib/python3.10/dist-packages/airflow/example_dags/example_branch_labels.py
[2022-06-14 18:53:24,341] {processor.py:651} INFO - DAG(s) dict_keys(['example_branch_labels']) retrieved from /usr/local/lib/python3.10/dist-packages/airflow/example_dags/example_branch_labels.py
[2022-06-14 18:53:24,357] {logging_mixin.py:115} INFO - [2022-06-14 18:53:24,357] {dag.py:2371} INFO - Sync 1 DAGs
[2022-06-14 18:53:24,375] {logging_mixin.py:115} INFO - [2022-06-14 18:53:24,375] {dag.py:2915} INFO - Setting next_dagrun for example_branch_labels to 2022-06-13T00:00:00+00:00, run_after=2022-06-14T00:00:00+00:00
[2022-06-14 18:53:24,392] {processor.py:161} INFO - Processing /usr/local/lib/python3.10/dist-packages/airflow/example_dags/example_branch_labels.py took 0.062 seconds
[2022-06-14 18:54:04,335] {processor.py:153} INFO - Started process (PID=8762) to work on /usr/local/lib/python3.10/dist-packages/airflow/example_dags/example_branch_labels.py
[2022-06-14 18:54:04,336] {processor.py:641} INFO - Processing file /usr/local/lib/python3.10/dist-packages/airflow/example_dags/example_branch_labels.py for tasks to queue
[2022-06-14 18:54:04,337] {logging_mixin.py:115} INFO - [2022-06-14 18:54:04,336] {dagbag.py:507} INFO - Filling up the DagBag from /usr/local/lib/python3.10/dist-packages/airflow/example_dags/example_branch_labels.py
[2022-06-14 18:54:04,343] {processor.py:651} INFO - DAG(s) dict_keys(['example_branch_labels']) retrieved from /usr/local/lib/python3.10/dist-packages/airflow/example_dags/example_branch_labels.py
[2022-06-14 18:54:04,360] {logging_mixin.py:115} INFO - [2022-06-14 18:54:04,360] {dag.py:2371} INFO - Sync 1 DAGs
[2022-06-14 18:54:04,377] {logging_mixin.py:115} INFO - [2022-06-14 18:54:04,377] {dag.py:2915} INFO - Setting next_dagrun for example_branch_labels to 2022-06-13T00:00:00+00:00, run_after=2022-06-14T00:00:00+00:00
[2022-06-14 18:54:04,394] {processor.py:161} INFO - Processing /usr/local/lib/python3.10/dist-packages/airflow/example_dags/example_branch_labels.py took 0.062 seconds
[2022-06-14 18:54:48,209] {processor.py:153} INFO - Started process (PID=8821) to work on /usr/local/lib/python3.10/dist-packages/airflow/example_dags/example_branch_labels.py
[2022-06-14 18:54:48,210] {processor.py:641} INFO - Processing file /usr/local/lib/python3.10/dist-packages/airflow/example_dags/example_branch_labels.py for tasks to queue
[2022-06-14 18:54:48,211] {logging_mixin.py:115} INFO - [2022-06-14 18:54:48,210] {dagbag.py:507} INFO - Filling up the DagBag from /usr/local/lib/python3.10/dist-packages/airflow/example_dags/example_branch_labels.py
[2022-06-14 18:54:48,217] {processor.py:651} INFO - DAG(s) dict_keys(['example_branch_labels']) retrieved from /usr/local/lib/python3.10/dist-packages/airflow/example_dags/example_branch_labels.py
[2022-06-14 18:54:48,234] {logging_mixin.py:115} INFO - [2022-06-14 18:54:48,234] {dag.py:2371} INFO - Sync 1 DAGs
[2022-06-14 18:54:48,252] {logging_mixin.py:115} INFO - [2022-06-14 18:54:48,252] {dag.py:2915} INFO - Setting next_dagrun for example_branch_labels to 2022-06-13T00:00:00+00:00, run_after=2022-06-14T00:00:00+00:00
[2022-06-14 18:54:48,287] {processor.py:161} INFO - Processing /usr/local/lib/python3.10/dist-packages/airflow/example_dags/example_branch_labels.py took 0.081 seconds
[2022-06-14 18:55:27,716] {processor.py:153} INFO - Started process (PID=8873) to work on /usr/local/lib/python3.10/dist-packages/airflow/example_dags/example_branch_labels.py
[2022-06-14 18:55:27,717] {processor.py:641} INFO - Processing file /usr/local/lib/python3.10/dist-packages/airflow/example_dags/example_branch_labels.py for tasks to queue
[2022-06-14 18:55:27,718] {logging_mixin.py:115} INFO - [2022-06-14 18:55:27,717] {dagbag.py:507} INFO - Filling up the DagBag from /usr/local/lib/python3.10/dist-packages/airflow/example_dags/example_branch_labels.py
[2022-06-14 18:55:27,724] {processor.py:651} INFO - DAG(s) dict_keys(['example_branch_labels']) retrieved from /usr/local/lib/python3.10/dist-packages/airflow/example_dags/example_branch_labels.py
[2022-06-14 18:55:27,743] {logging_mixin.py:115} INFO - [2022-06-14 18:55:27,743] {dag.py:2371} INFO - Sync 1 DAGs
[2022-06-14 18:55:27,761] {logging_mixin.py:115} INFO - [2022-06-14 18:55:27,761] {dag.py:2915} INFO - Setting next_dagrun for example_branch_labels to 2022-06-13T00:00:00+00:00, run_after=2022-06-14T00:00:00+00:00
[2022-06-14 18:55:27,778] {processor.py:161} INFO - Processing /usr/local/lib/python3.10/dist-packages/airflow/example_dags/example_branch_labels.py took 0.065 seconds
[2022-06-14 18:56:04,329] {processor.py:153} INFO - Started process (PID=8921) to work on /usr/local/lib/python3.10/dist-packages/airflow/example_dags/example_branch_labels.py
[2022-06-14 18:56:04,330] {processor.py:641} INFO - Processing file /usr/local/lib/python3.10/dist-packages/airflow/example_dags/example_branch_labels.py for tasks to queue
[2022-06-14 18:56:04,330] {logging_mixin.py:115} INFO - [2022-06-14 18:56:04,330] {dagbag.py:507} INFO - Filling up the DagBag from /usr/local/lib/python3.10/dist-packages/airflow/example_dags/example_branch_labels.py
[2022-06-14 18:56:04,337] {processor.py:651} INFO - DAG(s) dict_keys(['example_branch_labels']) retrieved from /usr/local/lib/python3.10/dist-packages/airflow/example_dags/example_branch_labels.py
[2022-06-14 18:56:04,353] {logging_mixin.py:115} INFO - [2022-06-14 18:56:04,353] {dag.py:2371} INFO - Sync 1 DAGs
[2022-06-14 18:56:04,370] {logging_mixin.py:115} INFO - [2022-06-14 18:56:04,370] {dag.py:2915} INFO - Setting next_dagrun for example_branch_labels to 2022-06-13T00:00:00+00:00, run_after=2022-06-14T00:00:00+00:00
[2022-06-14 18:56:04,387] {processor.py:161} INFO - Processing /usr/local/lib/python3.10/dist-packages/airflow/example_dags/example_branch_labels.py took 0.061 seconds
[2022-06-14 18:56:46,744] {processor.py:153} INFO - Started process (PID=8976) to work on /usr/local/lib/python3.10/dist-packages/airflow/example_dags/example_branch_labels.py
[2022-06-14 18:56:46,745] {processor.py:641} INFO - Processing file /usr/local/lib/python3.10/dist-packages/airflow/example_dags/example_branch_labels.py for tasks to queue
[2022-06-14 18:56:46,745] {logging_mixin.py:115} INFO - [2022-06-14 18:56:46,745] {dagbag.py:507} INFO - Filling up the DagBag from /usr/local/lib/python3.10/dist-packages/airflow/example_dags/example_branch_labels.py
[2022-06-14 18:56:46,752] {processor.py:651} INFO - DAG(s) dict_keys(['example_branch_labels']) retrieved from /usr/local/lib/python3.10/dist-packages/airflow/example_dags/example_branch_labels.py
[2022-06-14 18:56:46,769] {logging_mixin.py:115} INFO - [2022-06-14 18:56:46,769] {dag.py:2371} INFO - Sync 1 DAGs
[2022-06-14 18:56:46,786] {logging_mixin.py:115} INFO - [2022-06-14 18:56:46,786] {dag.py:2915} INFO - Setting next_dagrun for example_branch_labels to 2022-06-13T00:00:00+00:00, run_after=2022-06-14T00:00:00+00:00
[2022-06-14 18:56:46,804] {processor.py:161} INFO - Processing /usr/local/lib/python3.10/dist-packages/airflow/example_dags/example_branch_labels.py took 0.063 seconds
[2022-06-14 18:57:23,552] {processor.py:153} INFO - Started process (PID=9035) to work on /usr/local/lib/python3.10/dist-packages/airflow/example_dags/example_branch_labels.py
[2022-06-14 18:57:23,553] {processor.py:641} INFO - Processing file /usr/local/lib/python3.10/dist-packages/airflow/example_dags/example_branch_labels.py for tasks to queue
[2022-06-14 18:57:23,553] {logging_mixin.py:115} INFO - [2022-06-14 18:57:23,553] {dagbag.py:507} INFO - Filling up the DagBag from /usr/local/lib/python3.10/dist-packages/airflow/example_dags/example_branch_labels.py
[2022-06-14 18:57:23,560] {processor.py:651} INFO - DAG(s) dict_keys(['example_branch_labels']) retrieved from /usr/local/lib/python3.10/dist-packages/airflow/example_dags/example_branch_labels.py
[2022-06-14 18:57:23,577] {logging_mixin.py:115} INFO - [2022-06-14 18:57:23,577] {dag.py:2371} INFO - Sync 1 DAGs
[2022-06-14 18:57:23,595] {logging_mixin.py:115} INFO - [2022-06-14 18:57:23,595] {dag.py:2915} INFO - Setting next_dagrun for example_branch_labels to 2022-06-13T00:00:00+00:00, run_after=2022-06-14T00:00:00+00:00
[2022-06-14 18:57:23,612] {processor.py:161} INFO - Processing /usr/local/lib/python3.10/dist-packages/airflow/example_dags/example_branch_labels.py took 0.064 seconds
[2022-06-14 18:58:05,972] {processor.py:153} INFO - Started process (PID=9111) to work on /usr/local/lib/python3.10/dist-packages/airflow/example_dags/example_branch_labels.py
[2022-06-14 18:58:05,973] {processor.py:641} INFO - Processing file /usr/local/lib/python3.10/dist-packages/airflow/example_dags/example_branch_labels.py for tasks to queue
[2022-06-14 18:58:05,973] {logging_mixin.py:115} INFO - [2022-06-14 18:58:05,973] {dagbag.py:507} INFO - Filling up the DagBag from /usr/local/lib/python3.10/dist-packages/airflow/example_dags/example_branch_labels.py
[2022-06-14 18:58:05,979] {processor.py:651} INFO - DAG(s) dict_keys(['example_branch_labels']) retrieved from /usr/local/lib/python3.10/dist-packages/airflow/example_dags/example_branch_labels.py
[2022-06-14 18:58:05,994] {logging_mixin.py:115} INFO - [2022-06-14 18:58:05,994] {dag.py:2371} INFO - Sync 1 DAGs
[2022-06-14 18:58:06,013] {logging_mixin.py:115} INFO - [2022-06-14 18:58:06,013] {dag.py:2915} INFO - Setting next_dagrun for example_branch_labels to 2022-06-13T00:00:00+00:00, run_after=2022-06-14T00:00:00+00:00
[2022-06-14 18:58:06,031] {processor.py:161} INFO - Processing /usr/local/lib/python3.10/dist-packages/airflow/example_dags/example_branch_labels.py took 0.061 seconds
[2022-06-14 18:58:49,306] {processor.py:153} INFO - Started process (PID=9175) to work on /usr/local/lib/python3.10/dist-packages/airflow/example_dags/example_branch_labels.py
[2022-06-14 18:58:49,307] {processor.py:641} INFO - Processing file /usr/local/lib/python3.10/dist-packages/airflow/example_dags/example_branch_labels.py for tasks to queue
[2022-06-14 18:58:49,307] {logging_mixin.py:115} INFO - [2022-06-14 18:58:49,307] {dagbag.py:507} INFO - Filling up the DagBag from /usr/local/lib/python3.10/dist-packages/airflow/example_dags/example_branch_labels.py
[2022-06-14 18:58:49,312] {processor.py:651} INFO - DAG(s) dict_keys(['example_branch_labels']) retrieved from /usr/local/lib/python3.10/dist-packages/airflow/example_dags/example_branch_labels.py
[2022-06-14 18:58:49,328] {logging_mixin.py:115} INFO - [2022-06-14 18:58:49,328] {dag.py:2371} INFO - Sync 1 DAGs
[2022-06-14 18:58:49,347] {logging_mixin.py:115} INFO - [2022-06-14 18:58:49,346] {dag.py:2915} INFO - Setting next_dagrun for example_branch_labels to 2022-06-13T00:00:00+00:00, run_after=2022-06-14T00:00:00+00:00
[2022-06-14 18:58:49,363] {processor.py:161} INFO - Processing /usr/local/lib/python3.10/dist-packages/airflow/example_dags/example_branch_labels.py took 0.059 seconds
[2022-06-14 18:59:32,100] {processor.py:153} INFO - Started process (PID=9236) to work on /usr/local/lib/python3.10/dist-packages/airflow/example_dags/example_branch_labels.py
[2022-06-14 18:59:32,101] {processor.py:641} INFO - Processing file /usr/local/lib/python3.10/dist-packages/airflow/example_dags/example_branch_labels.py for tasks to queue
[2022-06-14 18:59:32,101] {logging_mixin.py:115} INFO - [2022-06-14 18:59:32,101] {dagbag.py:507} INFO - Filling up the DagBag from /usr/local/lib/python3.10/dist-packages/airflow/example_dags/example_branch_labels.py
[2022-06-14 18:59:32,107] {processor.py:651} INFO - DAG(s) dict_keys(['example_branch_labels']) retrieved from /usr/local/lib/python3.10/dist-packages/airflow/example_dags/example_branch_labels.py
[2022-06-14 18:59:32,121] {logging_mixin.py:115} INFO - [2022-06-14 18:59:32,121] {dag.py:2371} INFO - Sync 1 DAGs
[2022-06-14 18:59:32,139] {logging_mixin.py:115} INFO - [2022-06-14 18:59:32,139] {dag.py:2915} INFO - Setting next_dagrun for example_branch_labels to 2022-06-13T00:00:00+00:00, run_after=2022-06-14T00:00:00+00:00
[2022-06-14 18:59:32,156] {processor.py:161} INFO - Processing /usr/local/lib/python3.10/dist-packages/airflow/example_dags/example_branch_labels.py took 0.059 seconds
[2022-06-14 19:00:13,747] {processor.py:153} INFO - Started process (PID=9313) to work on /usr/local/lib/python3.10/dist-packages/airflow/example_dags/example_branch_labels.py
[2022-06-14 19:00:13,748] {processor.py:641} INFO - Processing file /usr/local/lib/python3.10/dist-packages/airflow/example_dags/example_branch_labels.py for tasks to queue
[2022-06-14 19:00:13,749] {logging_mixin.py:115} INFO - [2022-06-14 19:00:13,748] {dagbag.py:507} INFO - Filling up the DagBag from /usr/local/lib/python3.10/dist-packages/airflow/example_dags/example_branch_labels.py
[2022-06-14 19:00:13,754] {processor.py:651} INFO - DAG(s) dict_keys(['example_branch_labels']) retrieved from /usr/local/lib/python3.10/dist-packages/airflow/example_dags/example_branch_labels.py
[2022-06-14 19:00:13,769] {logging_mixin.py:115} INFO - [2022-06-14 19:00:13,769] {dag.py:2371} INFO - Sync 1 DAGs
[2022-06-14 19:00:13,789] {logging_mixin.py:115} INFO - [2022-06-14 19:00:13,789] {dag.py:2915} INFO - Setting next_dagrun for example_branch_labels to 2022-06-13T00:00:00+00:00, run_after=2022-06-14T00:00:00+00:00
[2022-06-14 19:00:13,806] {processor.py:161} INFO - Processing /usr/local/lib/python3.10/dist-packages/airflow/example_dags/example_branch_labels.py took 0.061 seconds
[2022-06-14 19:00:58,331] {processor.py:153} INFO - Started process (PID=9376) to work on /usr/local/lib/python3.10/dist-packages/airflow/example_dags/example_branch_labels.py
[2022-06-14 19:00:58,332] {processor.py:641} INFO - Processing file /usr/local/lib/python3.10/dist-packages/airflow/example_dags/example_branch_labels.py for tasks to queue
[2022-06-14 19:00:58,332] {logging_mixin.py:115} INFO - [2022-06-14 19:00:58,332] {dagbag.py:507} INFO - Filling up the DagBag from /usr/local/lib/python3.10/dist-packages/airflow/example_dags/example_branch_labels.py
[2022-06-14 19:00:58,338] {processor.py:651} INFO - DAG(s) dict_keys(['example_branch_labels']) retrieved from /usr/local/lib/python3.10/dist-packages/airflow/example_dags/example_branch_labels.py
[2022-06-14 19:00:58,356] {logging_mixin.py:115} INFO - [2022-06-14 19:00:58,356] {dag.py:2371} INFO - Sync 1 DAGs
[2022-06-14 19:00:58,375] {logging_mixin.py:115} INFO - [2022-06-14 19:00:58,375] {dag.py:2915} INFO - Setting next_dagrun for example_branch_labels to 2022-06-13T00:00:00+00:00, run_after=2022-06-14T00:00:00+00:00
[2022-06-14 19:00:58,393] {processor.py:161} INFO - Processing /usr/local/lib/python3.10/dist-packages/airflow/example_dags/example_branch_labels.py took 0.064 seconds
[2022-06-14 19:01:36,172] {processor.py:153} INFO - Started process (PID=9428) to work on /usr/local/lib/python3.10/dist-packages/airflow/example_dags/example_branch_labels.py
[2022-06-14 19:01:36,173] {processor.py:641} INFO - Processing file /usr/local/lib/python3.10/dist-packages/airflow/example_dags/example_branch_labels.py for tasks to queue
[2022-06-14 19:01:36,173] {logging_mixin.py:115} INFO - [2022-06-14 19:01:36,173] {dagbag.py:507} INFO - Filling up the DagBag from /usr/local/lib/python3.10/dist-packages/airflow/example_dags/example_branch_labels.py
[2022-06-14 19:01:36,179] {processor.py:651} INFO - DAG(s) dict_keys(['example_branch_labels']) retrieved from /usr/local/lib/python3.10/dist-packages/airflow/example_dags/example_branch_labels.py
[2022-06-14 19:01:36,194] {logging_mixin.py:115} INFO - [2022-06-14 19:01:36,194] {dag.py:2371} INFO - Sync 1 DAGs
[2022-06-14 19:01:36,213] {logging_mixin.py:115} INFO - [2022-06-14 19:01:36,213] {dag.py:2915} INFO - Setting next_dagrun for example_branch_labels to 2022-06-13T00:00:00+00:00, run_after=2022-06-14T00:00:00+00:00
[2022-06-14 19:01:36,230] {processor.py:161} INFO - Processing /usr/local/lib/python3.10/dist-packages/airflow/example_dags/example_branch_labels.py took 0.061 seconds
[2022-06-14 19:02:16,730] {processor.py:153} INFO - Started process (PID=9485) to work on /usr/local/lib/python3.10/dist-packages/airflow/example_dags/example_branch_labels.py
[2022-06-14 19:02:16,731] {processor.py:641} INFO - Processing file /usr/local/lib/python3.10/dist-packages/airflow/example_dags/example_branch_labels.py for tasks to queue
[2022-06-14 19:02:16,731] {logging_mixin.py:115} INFO - [2022-06-14 19:02:16,731] {dagbag.py:507} INFO - Filling up the DagBag from /usr/local/lib/python3.10/dist-packages/airflow/example_dags/example_branch_labels.py
[2022-06-14 19:02:16,737] {processor.py:651} INFO - DAG(s) dict_keys(['example_branch_labels']) retrieved from /usr/local/lib/python3.10/dist-packages/airflow/example_dags/example_branch_labels.py
[2022-06-14 19:02:16,752] {logging_mixin.py:115} INFO - [2022-06-14 19:02:16,752] {dag.py:2371} INFO - Sync 1 DAGs
[2022-06-14 19:02:16,771] {logging_mixin.py:115} INFO - [2022-06-14 19:02:16,771] {dag.py:2915} INFO - Setting next_dagrun for example_branch_labels to 2022-06-13T00:00:00+00:00, run_after=2022-06-14T00:00:00+00:00
[2022-06-14 19:02:16,789] {processor.py:161} INFO - Processing /usr/local/lib/python3.10/dist-packages/airflow/example_dags/example_branch_labels.py took 0.061 seconds
[2022-06-14 19:02:53,471] {processor.py:153} INFO - Started process (PID=9549) to work on /usr/local/lib/python3.10/dist-packages/airflow/example_dags/example_branch_labels.py
[2022-06-14 19:02:53,472] {processor.py:641} INFO - Processing file /usr/local/lib/python3.10/dist-packages/airflow/example_dags/example_branch_labels.py for tasks to queue
[2022-06-14 19:02:53,473] {logging_mixin.py:115} INFO - [2022-06-14 19:02:53,472] {dagbag.py:507} INFO - Filling up the DagBag from /usr/local/lib/python3.10/dist-packages/airflow/example_dags/example_branch_labels.py
[2022-06-14 19:02:53,479] {processor.py:651} INFO - DAG(s) dict_keys(['example_branch_labels']) retrieved from /usr/local/lib/python3.10/dist-packages/airflow/example_dags/example_branch_labels.py
[2022-06-14 19:02:53,496] {logging_mixin.py:115} INFO - [2022-06-14 19:02:53,496] {dag.py:2371} INFO - Sync 1 DAGs
[2022-06-14 19:02:53,514] {logging_mixin.py:115} INFO - [2022-06-14 19:02:53,514] {dag.py:2915} INFO - Setting next_dagrun for example_branch_labels to 2022-06-13T00:00:00+00:00, run_after=2022-06-14T00:00:00+00:00
[2022-06-14 19:02:53,531] {processor.py:161} INFO - Processing /usr/local/lib/python3.10/dist-packages/airflow/example_dags/example_branch_labels.py took 0.063 seconds
[2022-06-14 19:03:32,817] {processor.py:153} INFO - Started process (PID=9623) to work on /usr/local/lib/python3.10/dist-packages/airflow/example_dags/example_branch_labels.py
[2022-06-14 19:03:32,817] {processor.py:641} INFO - Processing file /usr/local/lib/python3.10/dist-packages/airflow/example_dags/example_branch_labels.py for tasks to queue
[2022-06-14 19:03:32,818] {logging_mixin.py:115} INFO - [2022-06-14 19:03:32,818] {dagbag.py:507} INFO - Filling up the DagBag from /usr/local/lib/python3.10/dist-packages/airflow/example_dags/example_branch_labels.py
[2022-06-14 19:03:32,823] {processor.py:651} INFO - DAG(s) dict_keys(['example_branch_labels']) retrieved from /usr/local/lib/python3.10/dist-packages/airflow/example_dags/example_branch_labels.py
[2022-06-14 19:03:32,840] {logging_mixin.py:115} INFO - [2022-06-14 19:03:32,839] {dag.py:2371} INFO - Sync 1 DAGs
[2022-06-14 19:03:32,859] {logging_mixin.py:115} INFO - [2022-06-14 19:03:32,859] {dag.py:2915} INFO - Setting next_dagrun for example_branch_labels to 2022-06-13T00:00:00+00:00, run_after=2022-06-14T00:00:00+00:00
[2022-06-14 19:03:32,876] {processor.py:161} INFO - Processing /usr/local/lib/python3.10/dist-packages/airflow/example_dags/example_branch_labels.py took 0.062 seconds
[2022-06-14 19:04:15,616] {processor.py:153} INFO - Started process (PID=9685) to work on /usr/local/lib/python3.10/dist-packages/airflow/example_dags/example_branch_labels.py
[2022-06-14 19:04:15,616] {processor.py:641} INFO - Processing file /usr/local/lib/python3.10/dist-packages/airflow/example_dags/example_branch_labels.py for tasks to queue
[2022-06-14 19:04:15,617] {logging_mixin.py:115} INFO - [2022-06-14 19:04:15,617] {dagbag.py:507} INFO - Filling up the DagBag from /usr/local/lib/python3.10/dist-packages/airflow/example_dags/example_branch_labels.py
[2022-06-14 19:04:15,622] {processor.py:651} INFO - DAG(s) dict_keys(['example_branch_labels']) retrieved from /usr/local/lib/python3.10/dist-packages/airflow/example_dags/example_branch_labels.py
[2022-06-14 19:04:15,637] {logging_mixin.py:115} INFO - [2022-06-14 19:04:15,637] {dag.py:2371} INFO - Sync 1 DAGs
[2022-06-14 19:04:15,658] {logging_mixin.py:115} INFO - [2022-06-14 19:04:15,658] {dag.py:2915} INFO - Setting next_dagrun for example_branch_labels to 2022-06-13T00:00:00+00:00, run_after=2022-06-14T00:00:00+00:00
[2022-06-14 19:04:15,677] {processor.py:161} INFO - Processing /usr/local/lib/python3.10/dist-packages/airflow/example_dags/example_branch_labels.py took 0.063 seconds
[2022-06-14 19:05:00,592] {processor.py:153} INFO - Started process (PID=9742) to work on /usr/local/lib/python3.10/dist-packages/airflow/example_dags/example_branch_labels.py
[2022-06-14 19:05:00,593] {processor.py:641} INFO - Processing file /usr/local/lib/python3.10/dist-packages/airflow/example_dags/example_branch_labels.py for tasks to queue
[2022-06-14 19:05:00,593] {logging_mixin.py:115} INFO - [2022-06-14 19:05:00,593] {dagbag.py:507} INFO - Filling up the DagBag from /usr/local/lib/python3.10/dist-packages/airflow/example_dags/example_branch_labels.py
[2022-06-14 19:05:00,599] {processor.py:651} INFO - DAG(s) dict_keys(['example_branch_labels']) retrieved from /usr/local/lib/python3.10/dist-packages/airflow/example_dags/example_branch_labels.py
[2022-06-14 19:05:00,614] {logging_mixin.py:115} INFO - [2022-06-14 19:05:00,613] {dag.py:2371} INFO - Sync 1 DAGs
[2022-06-14 19:05:00,632] {logging_mixin.py:115} INFO - [2022-06-14 19:05:00,632] {dag.py:2915} INFO - Setting next_dagrun for example_branch_labels to 2022-06-13T00:00:00+00:00, run_after=2022-06-14T00:00:00+00:00
[2022-06-14 19:05:00,648] {processor.py:161} INFO - Processing /usr/local/lib/python3.10/dist-packages/airflow/example_dags/example_branch_labels.py took 0.058 seconds
[2022-06-14 19:05:40,738] {processor.py:153} INFO - Started process (PID=9804) to work on /usr/local/lib/python3.10/dist-packages/airflow/example_dags/example_branch_labels.py
[2022-06-14 19:05:40,739] {processor.py:641} INFO - Processing file /usr/local/lib/python3.10/dist-packages/airflow/example_dags/example_branch_labels.py for tasks to queue
[2022-06-14 19:05:40,739] {logging_mixin.py:115} INFO - [2022-06-14 19:05:40,739] {dagbag.py:507} INFO - Filling up the DagBag from /usr/local/lib/python3.10/dist-packages/airflow/example_dags/example_branch_labels.py
[2022-06-14 19:05:40,745] {processor.py:651} INFO - DAG(s) dict_keys(['example_branch_labels']) retrieved from /usr/local/lib/python3.10/dist-packages/airflow/example_dags/example_branch_labels.py
[2022-06-14 19:05:40,760] {logging_mixin.py:115} INFO - [2022-06-14 19:05:40,759] {dag.py:2371} INFO - Sync 1 DAGs
[2022-06-14 19:05:40,781] {logging_mixin.py:115} INFO - [2022-06-14 19:05:40,781] {dag.py:2915} INFO - Setting next_dagrun for example_branch_labels to 2022-06-13T00:00:00+00:00, run_after=2022-06-14T00:00:00+00:00
[2022-06-14 19:05:40,799] {processor.py:161} INFO - Processing /usr/local/lib/python3.10/dist-packages/airflow/example_dags/example_branch_labels.py took 0.063 seconds
[2022-06-14 19:06:18,969] {processor.py:153} INFO - Started process (PID=9853) to work on /usr/local/lib/python3.10/dist-packages/airflow/example_dags/example_branch_labels.py
[2022-06-14 19:06:18,970] {processor.py:641} INFO - Processing file /usr/local/lib/python3.10/dist-packages/airflow/example_dags/example_branch_labels.py for tasks to queue
[2022-06-14 19:06:18,970] {logging_mixin.py:115} INFO - [2022-06-14 19:06:18,970] {dagbag.py:507} INFO - Filling up the DagBag from /usr/local/lib/python3.10/dist-packages/airflow/example_dags/example_branch_labels.py
[2022-06-14 19:06:18,976] {processor.py:651} INFO - DAG(s) dict_keys(['example_branch_labels']) retrieved from /usr/local/lib/python3.10/dist-packages/airflow/example_dags/example_branch_labels.py
[2022-06-14 19:06:18,991] {logging_mixin.py:115} INFO - [2022-06-14 19:06:18,991] {dag.py:2371} INFO - Sync 1 DAGs
[2022-06-14 19:06:19,009] {logging_mixin.py:115} INFO - [2022-06-14 19:06:19,009] {dag.py:2915} INFO - Setting next_dagrun for example_branch_labels to 2022-06-13T00:00:00+00:00, run_after=2022-06-14T00:00:00+00:00
[2022-06-14 19:06:19,026] {processor.py:161} INFO - Processing /usr/local/lib/python3.10/dist-packages/airflow/example_dags/example_branch_labels.py took 0.060 seconds
[2022-06-14 19:06:55,693] {processor.py:153} INFO - Started process (PID=9908) to work on /usr/local/lib/python3.10/dist-packages/airflow/example_dags/example_branch_labels.py
[2022-06-14 19:06:55,694] {processor.py:641} INFO - Processing file /usr/local/lib/python3.10/dist-packages/airflow/example_dags/example_branch_labels.py for tasks to queue
[2022-06-14 19:06:55,694] {logging_mixin.py:115} INFO - [2022-06-14 19:06:55,694] {dagbag.py:507} INFO - Filling up the DagBag from /usr/local/lib/python3.10/dist-packages/airflow/example_dags/example_branch_labels.py
[2022-06-14 19:06:55,700] {processor.py:651} INFO - DAG(s) dict_keys(['example_branch_labels']) retrieved from /usr/local/lib/python3.10/dist-packages/airflow/example_dags/example_branch_labels.py
[2022-06-14 19:06:55,716] {logging_mixin.py:115} INFO - [2022-06-14 19:06:55,716] {dag.py:2371} INFO - Sync 1 DAGs
[2022-06-14 19:06:55,735] {logging_mixin.py:115} INFO - [2022-06-14 19:06:55,735] {dag.py:2915} INFO - Setting next_dagrun for example_branch_labels to 2022-06-13T00:00:00+00:00, run_after=2022-06-14T00:00:00+00:00
[2022-06-14 19:06:55,752] {processor.py:161} INFO - Processing /usr/local/lib/python3.10/dist-packages/airflow/example_dags/example_branch_labels.py took 0.062 seconds
[2022-06-14 19:07:40,346] {processor.py:153} INFO - Started process (PID=9967) to work on /usr/local/lib/python3.10/dist-packages/airflow/example_dags/example_branch_labels.py
[2022-06-14 19:07:40,347] {processor.py:641} INFO - Processing file /usr/local/lib/python3.10/dist-packages/airflow/example_dags/example_branch_labels.py for tasks to queue
[2022-06-14 19:07:40,347] {logging_mixin.py:115} INFO - [2022-06-14 19:07:40,347] {dagbag.py:507} INFO - Filling up the DagBag from /usr/local/lib/python3.10/dist-packages/airflow/example_dags/example_branch_labels.py
[2022-06-14 19:07:40,352] {processor.py:651} INFO - DAG(s) dict_keys(['example_branch_labels']) retrieved from /usr/local/lib/python3.10/dist-packages/airflow/example_dags/example_branch_labels.py
[2022-06-14 19:07:40,368] {logging_mixin.py:115} INFO - [2022-06-14 19:07:40,368] {dag.py:2371} INFO - Sync 1 DAGs
[2022-06-14 19:07:40,387] {logging_mixin.py:115} INFO - [2022-06-14 19:07:40,387] {dag.py:2915} INFO - Setting next_dagrun for example_branch_labels to 2022-06-13T00:00:00+00:00, run_after=2022-06-14T00:00:00+00:00
[2022-06-14 19:07:40,406] {processor.py:161} INFO - Processing /usr/local/lib/python3.10/dist-packages/airflow/example_dags/example_branch_labels.py took 0.062 seconds
[2022-06-14 19:08:17,559] {processor.py:153} INFO - Started process (PID=10021) to work on /usr/local/lib/python3.10/dist-packages/airflow/example_dags/example_branch_labels.py
[2022-06-14 19:08:17,560] {processor.py:641} INFO - Processing file /usr/local/lib/python3.10/dist-packages/airflow/example_dags/example_branch_labels.py for tasks to queue
[2022-06-14 19:08:17,561] {logging_mixin.py:115} INFO - [2022-06-14 19:08:17,560] {dagbag.py:507} INFO - Filling up the DagBag from /usr/local/lib/python3.10/dist-packages/airflow/example_dags/example_branch_labels.py
[2022-06-14 19:08:17,567] {processor.py:651} INFO - DAG(s) dict_keys(['example_branch_labels']) retrieved from /usr/local/lib/python3.10/dist-packages/airflow/example_dags/example_branch_labels.py
[2022-06-14 19:08:17,580] {logging_mixin.py:115} INFO - [2022-06-14 19:08:17,580] {dag.py:2371} INFO - Sync 1 DAGs
[2022-06-14 19:08:17,599] {logging_mixin.py:115} INFO - [2022-06-14 19:08:17,599] {dag.py:2915} INFO - Setting next_dagrun for example_branch_labels to 2022-06-13T00:00:00+00:00, run_after=2022-06-14T00:00:00+00:00
[2022-06-14 19:08:17,617] {processor.py:161} INFO - Processing /usr/local/lib/python3.10/dist-packages/airflow/example_dags/example_branch_labels.py took 0.060 seconds
[2022-06-14 19:09:00,704] {processor.py:153} INFO - Started process (PID=10085) to work on /usr/local/lib/python3.10/dist-packages/airflow/example_dags/example_branch_labels.py
[2022-06-14 19:09:00,705] {processor.py:641} INFO - Processing file /usr/local/lib/python3.10/dist-packages/airflow/example_dags/example_branch_labels.py for tasks to queue
[2022-06-14 19:09:00,705] {logging_mixin.py:115} INFO - [2022-06-14 19:09:00,705] {dagbag.py:507} INFO - Filling up the DagBag from /usr/local/lib/python3.10/dist-packages/airflow/example_dags/example_branch_labels.py
[2022-06-14 19:09:00,711] {processor.py:651} INFO - DAG(s) dict_keys(['example_branch_labels']) retrieved from /usr/local/lib/python3.10/dist-packages/airflow/example_dags/example_branch_labels.py
[2022-06-14 19:09:00,726] {logging_mixin.py:115} INFO - [2022-06-14 19:09:00,726] {dag.py:2371} INFO - Sync 1 DAGs
[2022-06-14 19:09:00,745] {logging_mixin.py:115} INFO - [2022-06-14 19:09:00,745] {dag.py:2915} INFO - Setting next_dagrun for example_branch_labels to 2022-06-13T00:00:00+00:00, run_after=2022-06-14T00:00:00+00:00
[2022-06-14 19:09:00,764] {processor.py:161} INFO - Processing /usr/local/lib/python3.10/dist-packages/airflow/example_dags/example_branch_labels.py took 0.062 seconds
[2022-06-14 19:09:45,942] {processor.py:153} INFO - Started process (PID=10143) to work on /usr/local/lib/python3.10/dist-packages/airflow/example_dags/example_branch_labels.py
[2022-06-14 19:09:45,943] {processor.py:641} INFO - Processing file /usr/local/lib/python3.10/dist-packages/airflow/example_dags/example_branch_labels.py for tasks to queue
[2022-06-14 19:09:45,944] {logging_mixin.py:115} INFO - [2022-06-14 19:09:45,943] {dagbag.py:507} INFO - Filling up the DagBag from /usr/local/lib/python3.10/dist-packages/airflow/example_dags/example_branch_labels.py
[2022-06-14 19:09:45,950] {processor.py:651} INFO - DAG(s) dict_keys(['example_branch_labels']) retrieved from /usr/local/lib/python3.10/dist-packages/airflow/example_dags/example_branch_labels.py
[2022-06-14 19:09:45,965] {logging_mixin.py:115} INFO - [2022-06-14 19:09:45,965] {dag.py:2371} INFO - Sync 1 DAGs
[2022-06-14 19:09:45,985] {logging_mixin.py:115} INFO - [2022-06-14 19:09:45,984] {dag.py:2915} INFO - Setting next_dagrun for example_branch_labels to 2022-06-13T00:00:00+00:00, run_after=2022-06-14T00:00:00+00:00
[2022-06-14 19:09:46,002] {processor.py:161} INFO - Processing /usr/local/lib/python3.10/dist-packages/airflow/example_dags/example_branch_labels.py took 0.062 seconds
[2022-06-14 19:10:29,132] {processor.py:153} INFO - Started process (PID=10253) to work on /usr/local/lib/python3.10/dist-packages/airflow/example_dags/example_branch_labels.py
[2022-06-14 19:10:29,133] {processor.py:641} INFO - Processing file /usr/local/lib/python3.10/dist-packages/airflow/example_dags/example_branch_labels.py for tasks to queue
[2022-06-14 19:10:29,133] {logging_mixin.py:115} INFO - [2022-06-14 19:10:29,133] {dagbag.py:507} INFO - Filling up the DagBag from /usr/local/lib/python3.10/dist-packages/airflow/example_dags/example_branch_labels.py
[2022-06-14 19:10:29,139] {processor.py:651} INFO - DAG(s) dict_keys(['example_branch_labels']) retrieved from /usr/local/lib/python3.10/dist-packages/airflow/example_dags/example_branch_labels.py
[2022-06-14 19:10:29,154] {logging_mixin.py:115} INFO - [2022-06-14 19:10:29,154] {dag.py:2371} INFO - Sync 1 DAGs
[2022-06-14 19:10:29,174] {logging_mixin.py:115} INFO - [2022-06-14 19:10:29,173] {dag.py:2915} INFO - Setting next_dagrun for example_branch_labels to 2022-06-13T00:00:00+00:00, run_after=2022-06-14T00:00:00+00:00
[2022-06-14 19:10:29,191] {processor.py:161} INFO - Processing /usr/local/lib/python3.10/dist-packages/airflow/example_dags/example_branch_labels.py took 0.062 seconds
