[2022-06-14 18:33:33,196] {processor.py:153} INFO - Started process (PID=6617) to work on /usr/local/lib/python3.10/dist-packages/airflow/example_dags/example_trigger_target_dag.py
[2022-06-14 18:33:33,196] {processor.py:641} INFO - Processing file /usr/local/lib/python3.10/dist-packages/airflow/example_dags/example_trigger_target_dag.py for tasks to queue
[2022-06-14 18:33:33,197] {logging_mixin.py:115} INFO - [2022-06-14 18:33:33,197] {dagbag.py:507} INFO - Filling up the DagBag from /usr/local/lib/python3.10/dist-packages/airflow/example_dags/example_trigger_target_dag.py
[2022-06-14 18:33:33,213] {processor.py:651} INFO - DAG(s) dict_keys(['example_trigger_target_dag']) retrieved from /usr/local/lib/python3.10/dist-packages/airflow/example_dags/example_trigger_target_dag.py
[2022-06-14 18:33:33,229] {logging_mixin.py:115} INFO - [2022-06-14 18:33:33,229] {dag.py:2371} INFO - Sync 1 DAGs
[2022-06-14 18:33:33,246] {logging_mixin.py:115} INFO - [2022-06-14 18:33:33,246] {dag.py:2915} INFO - Setting next_dagrun for example_trigger_target_dag to None, run_after=None
[2022-06-14 18:33:33,270] {processor.py:161} INFO - Processing /usr/local/lib/python3.10/dist-packages/airflow/example_dags/example_trigger_target_dag.py took 0.077 seconds
[2022-06-14 18:34:06,152] {processor.py:153} INFO - Started process (PID=6668) to work on /usr/local/lib/python3.10/dist-packages/airflow/example_dags/example_trigger_target_dag.py
[2022-06-14 18:34:06,153] {processor.py:641} INFO - Processing file /usr/local/lib/python3.10/dist-packages/airflow/example_dags/example_trigger_target_dag.py for tasks to queue
[2022-06-14 18:34:06,153] {logging_mixin.py:115} INFO - [2022-06-14 18:34:06,153] {dagbag.py:507} INFO - Filling up the DagBag from /usr/local/lib/python3.10/dist-packages/airflow/example_dags/example_trigger_target_dag.py
[2022-06-14 18:34:06,169] {processor.py:651} INFO - DAG(s) dict_keys(['example_trigger_target_dag']) retrieved from /usr/local/lib/python3.10/dist-packages/airflow/example_dags/example_trigger_target_dag.py
[2022-06-14 18:34:06,184] {logging_mixin.py:115} INFO - [2022-06-14 18:34:06,184] {dag.py:2371} INFO - Sync 1 DAGs
[2022-06-14 18:34:06,201] {logging_mixin.py:115} INFO - [2022-06-14 18:34:06,201] {dag.py:2915} INFO - Setting next_dagrun for example_trigger_target_dag to None, run_after=None
[2022-06-14 18:34:06,234] {processor.py:161} INFO - Processing /usr/local/lib/python3.10/dist-packages/airflow/example_dags/example_trigger_target_dag.py took 0.084 seconds
[2022-06-14 18:34:42,278] {processor.py:153} INFO - Started process (PID=6722) to work on /usr/local/lib/python3.10/dist-packages/airflow/example_dags/example_trigger_target_dag.py
[2022-06-14 18:34:42,279] {processor.py:641} INFO - Processing file /usr/local/lib/python3.10/dist-packages/airflow/example_dags/example_trigger_target_dag.py for tasks to queue
[2022-06-14 18:34:42,279] {logging_mixin.py:115} INFO - [2022-06-14 18:34:42,279] {dagbag.py:507} INFO - Filling up the DagBag from /usr/local/lib/python3.10/dist-packages/airflow/example_dags/example_trigger_target_dag.py
[2022-06-14 18:34:42,294] {processor.py:651} INFO - DAG(s) dict_keys(['example_trigger_target_dag']) retrieved from /usr/local/lib/python3.10/dist-packages/airflow/example_dags/example_trigger_target_dag.py
[2022-06-14 18:34:42,309] {logging_mixin.py:115} INFO - [2022-06-14 18:34:42,309] {dag.py:2371} INFO - Sync 1 DAGs
[2022-06-14 18:34:42,326] {logging_mixin.py:115} INFO - [2022-06-14 18:34:42,325] {dag.py:2915} INFO - Setting next_dagrun for example_trigger_target_dag to None, run_after=None
[2022-06-14 18:34:42,344] {processor.py:161} INFO - Processing /usr/local/lib/python3.10/dist-packages/airflow/example_dags/example_trigger_target_dag.py took 0.069 seconds
[2022-06-14 18:35:17,042] {processor.py:153} INFO - Started process (PID=6782) to work on /usr/local/lib/python3.10/dist-packages/airflow/example_dags/example_trigger_target_dag.py
[2022-06-14 18:35:17,043] {processor.py:641} INFO - Processing file /usr/local/lib/python3.10/dist-packages/airflow/example_dags/example_trigger_target_dag.py for tasks to queue
[2022-06-14 18:35:17,043] {logging_mixin.py:115} INFO - [2022-06-14 18:35:17,043] {dagbag.py:507} INFO - Filling up the DagBag from /usr/local/lib/python3.10/dist-packages/airflow/example_dags/example_trigger_target_dag.py
[2022-06-14 18:35:17,059] {processor.py:651} INFO - DAG(s) dict_keys(['example_trigger_target_dag']) retrieved from /usr/local/lib/python3.10/dist-packages/airflow/example_dags/example_trigger_target_dag.py
[2022-06-14 18:35:17,074] {logging_mixin.py:115} INFO - [2022-06-14 18:35:17,073] {dag.py:2371} INFO - Sync 1 DAGs
[2022-06-14 18:35:17,091] {logging_mixin.py:115} INFO - [2022-06-14 18:35:17,091] {dag.py:2915} INFO - Setting next_dagrun for example_trigger_target_dag to None, run_after=None
[2022-06-14 18:35:17,109] {processor.py:161} INFO - Processing /usr/local/lib/python3.10/dist-packages/airflow/example_dags/example_trigger_target_dag.py took 0.070 seconds
[2022-06-14 18:35:50,820] {processor.py:153} INFO - Started process (PID=6831) to work on /usr/local/lib/python3.10/dist-packages/airflow/example_dags/example_trigger_target_dag.py
[2022-06-14 18:35:50,821] {processor.py:641} INFO - Processing file /usr/local/lib/python3.10/dist-packages/airflow/example_dags/example_trigger_target_dag.py for tasks to queue
[2022-06-14 18:35:50,822] {logging_mixin.py:115} INFO - [2022-06-14 18:35:50,822] {dagbag.py:507} INFO - Filling up the DagBag from /usr/local/lib/python3.10/dist-packages/airflow/example_dags/example_trigger_target_dag.py
[2022-06-14 18:35:50,841] {processor.py:651} INFO - DAG(s) dict_keys(['example_trigger_target_dag']) retrieved from /usr/local/lib/python3.10/dist-packages/airflow/example_dags/example_trigger_target_dag.py
[2022-06-14 18:35:50,859] {logging_mixin.py:115} INFO - [2022-06-14 18:35:50,858] {dag.py:2371} INFO - Sync 1 DAGs
[2022-06-14 18:35:50,878] {logging_mixin.py:115} INFO - [2022-06-14 18:35:50,878] {dag.py:2915} INFO - Setting next_dagrun for example_trigger_target_dag to None, run_after=None
[2022-06-14 18:35:50,900] {processor.py:161} INFO - Processing /usr/local/lib/python3.10/dist-packages/airflow/example_dags/example_trigger_target_dag.py took 0.082 seconds
[2022-06-14 18:36:25,372] {processor.py:153} INFO - Started process (PID=6878) to work on /usr/local/lib/python3.10/dist-packages/airflow/example_dags/example_trigger_target_dag.py
[2022-06-14 18:36:25,373] {processor.py:641} INFO - Processing file /usr/local/lib/python3.10/dist-packages/airflow/example_dags/example_trigger_target_dag.py for tasks to queue
[2022-06-14 18:36:25,373] {logging_mixin.py:115} INFO - [2022-06-14 18:36:25,373] {dagbag.py:507} INFO - Filling up the DagBag from /usr/local/lib/python3.10/dist-packages/airflow/example_dags/example_trigger_target_dag.py
[2022-06-14 18:36:25,389] {processor.py:651} INFO - DAG(s) dict_keys(['example_trigger_target_dag']) retrieved from /usr/local/lib/python3.10/dist-packages/airflow/example_dags/example_trigger_target_dag.py
[2022-06-14 18:36:25,404] {logging_mixin.py:115} INFO - [2022-06-14 18:36:25,404] {dag.py:2371} INFO - Sync 1 DAGs
[2022-06-14 18:36:25,421] {logging_mixin.py:115} INFO - [2022-06-14 18:36:25,421] {dag.py:2915} INFO - Setting next_dagrun for example_trigger_target_dag to None, run_after=None
[2022-06-14 18:36:25,439] {processor.py:161} INFO - Processing /usr/local/lib/python3.10/dist-packages/airflow/example_dags/example_trigger_target_dag.py took 0.070 seconds
[2022-06-14 18:37:00,709] {processor.py:153} INFO - Started process (PID=6932) to work on /usr/local/lib/python3.10/dist-packages/airflow/example_dags/example_trigger_target_dag.py
[2022-06-14 18:37:00,710] {processor.py:641} INFO - Processing file /usr/local/lib/python3.10/dist-packages/airflow/example_dags/example_trigger_target_dag.py for tasks to queue
[2022-06-14 18:37:00,710] {logging_mixin.py:115} INFO - [2022-06-14 18:37:00,710] {dagbag.py:507} INFO - Filling up the DagBag from /usr/local/lib/python3.10/dist-packages/airflow/example_dags/example_trigger_target_dag.py
[2022-06-14 18:37:00,726] {processor.py:651} INFO - DAG(s) dict_keys(['example_trigger_target_dag']) retrieved from /usr/local/lib/python3.10/dist-packages/airflow/example_dags/example_trigger_target_dag.py
[2022-06-14 18:37:00,740] {logging_mixin.py:115} INFO - [2022-06-14 18:37:00,740] {dag.py:2371} INFO - Sync 1 DAGs
[2022-06-14 18:37:00,756] {logging_mixin.py:115} INFO - [2022-06-14 18:37:00,756] {dag.py:2915} INFO - Setting next_dagrun for example_trigger_target_dag to None, run_after=None
[2022-06-14 18:37:00,774] {processor.py:161} INFO - Processing /usr/local/lib/python3.10/dist-packages/airflow/example_dags/example_trigger_target_dag.py took 0.068 seconds
[2022-06-14 18:37:34,307] {processor.py:153} INFO - Started process (PID=6975) to work on /usr/local/lib/python3.10/dist-packages/airflow/example_dags/example_trigger_target_dag.py
[2022-06-14 18:37:34,308] {processor.py:641} INFO - Processing file /usr/local/lib/python3.10/dist-packages/airflow/example_dags/example_trigger_target_dag.py for tasks to queue
[2022-06-14 18:37:34,308] {logging_mixin.py:115} INFO - [2022-06-14 18:37:34,308] {dagbag.py:507} INFO - Filling up the DagBag from /usr/local/lib/python3.10/dist-packages/airflow/example_dags/example_trigger_target_dag.py
[2022-06-14 18:37:34,325] {processor.py:651} INFO - DAG(s) dict_keys(['example_trigger_target_dag']) retrieved from /usr/local/lib/python3.10/dist-packages/airflow/example_dags/example_trigger_target_dag.py
[2022-06-14 18:37:34,339] {logging_mixin.py:115} INFO - [2022-06-14 18:37:34,339] {dag.py:2371} INFO - Sync 1 DAGs
[2022-06-14 18:37:34,356] {logging_mixin.py:115} INFO - [2022-06-14 18:37:34,356] {dag.py:2915} INFO - Setting next_dagrun for example_trigger_target_dag to None, run_after=None
[2022-06-14 18:37:34,375] {processor.py:161} INFO - Processing /usr/local/lib/python3.10/dist-packages/airflow/example_dags/example_trigger_target_dag.py took 0.070 seconds
[2022-06-14 18:38:07,178] {processor.py:153} INFO - Started process (PID=7020) to work on /usr/local/lib/python3.10/dist-packages/airflow/example_dags/example_trigger_target_dag.py
[2022-06-14 18:38:07,179] {processor.py:641} INFO - Processing file /usr/local/lib/python3.10/dist-packages/airflow/example_dags/example_trigger_target_dag.py for tasks to queue
[2022-06-14 18:38:07,179] {logging_mixin.py:115} INFO - [2022-06-14 18:38:07,179] {dagbag.py:507} INFO - Filling up the DagBag from /usr/local/lib/python3.10/dist-packages/airflow/example_dags/example_trigger_target_dag.py
[2022-06-14 18:38:07,195] {processor.py:651} INFO - DAG(s) dict_keys(['example_trigger_target_dag']) retrieved from /usr/local/lib/python3.10/dist-packages/airflow/example_dags/example_trigger_target_dag.py
[2022-06-14 18:38:07,209] {logging_mixin.py:115} INFO - [2022-06-14 18:38:07,209] {dag.py:2371} INFO - Sync 1 DAGs
[2022-06-14 18:38:07,226] {logging_mixin.py:115} INFO - [2022-06-14 18:38:07,226] {dag.py:2915} INFO - Setting next_dagrun for example_trigger_target_dag to None, run_after=None
[2022-06-14 18:38:07,246] {processor.py:161} INFO - Processing /usr/local/lib/python3.10/dist-packages/airflow/example_dags/example_trigger_target_dag.py took 0.070 seconds
[2022-06-14 18:38:39,239] {processor.py:153} INFO - Started process (PID=7066) to work on /usr/local/lib/python3.10/dist-packages/airflow/example_dags/example_trigger_target_dag.py
[2022-06-14 18:38:39,239] {processor.py:641} INFO - Processing file /usr/local/lib/python3.10/dist-packages/airflow/example_dags/example_trigger_target_dag.py for tasks to queue
[2022-06-14 18:38:39,239] {logging_mixin.py:115} INFO - [2022-06-14 18:38:39,239] {dagbag.py:507} INFO - Filling up the DagBag from /usr/local/lib/python3.10/dist-packages/airflow/example_dags/example_trigger_target_dag.py
[2022-06-14 18:38:39,256] {processor.py:651} INFO - DAG(s) dict_keys(['example_trigger_target_dag']) retrieved from /usr/local/lib/python3.10/dist-packages/airflow/example_dags/example_trigger_target_dag.py
[2022-06-14 18:38:39,272] {logging_mixin.py:115} INFO - [2022-06-14 18:38:39,271] {dag.py:2371} INFO - Sync 1 DAGs
[2022-06-14 18:38:39,288] {logging_mixin.py:115} INFO - [2022-06-14 18:38:39,288] {dag.py:2915} INFO - Setting next_dagrun for example_trigger_target_dag to None, run_after=None
[2022-06-14 18:38:39,334] {processor.py:161} INFO - Processing /usr/local/lib/python3.10/dist-packages/airflow/example_dags/example_trigger_target_dag.py took 0.098 seconds
[2022-06-14 18:39:11,290] {processor.py:153} INFO - Started process (PID=7117) to work on /usr/local/lib/python3.10/dist-packages/airflow/example_dags/example_trigger_target_dag.py
[2022-06-14 18:39:11,291] {processor.py:641} INFO - Processing file /usr/local/lib/python3.10/dist-packages/airflow/example_dags/example_trigger_target_dag.py for tasks to queue
[2022-06-14 18:39:11,291] {logging_mixin.py:115} INFO - [2022-06-14 18:39:11,291] {dagbag.py:507} INFO - Filling up the DagBag from /usr/local/lib/python3.10/dist-packages/airflow/example_dags/example_trigger_target_dag.py
[2022-06-14 18:39:11,306] {processor.py:651} INFO - DAG(s) dict_keys(['example_trigger_target_dag']) retrieved from /usr/local/lib/python3.10/dist-packages/airflow/example_dags/example_trigger_target_dag.py
[2022-06-14 18:39:11,320] {logging_mixin.py:115} INFO - [2022-06-14 18:39:11,320] {dag.py:2371} INFO - Sync 1 DAGs
[2022-06-14 18:39:11,336] {logging_mixin.py:115} INFO - [2022-06-14 18:39:11,336] {dag.py:2915} INFO - Setting next_dagrun for example_trigger_target_dag to None, run_after=None
[2022-06-14 18:39:11,356] {processor.py:161} INFO - Processing /usr/local/lib/python3.10/dist-packages/airflow/example_dags/example_trigger_target_dag.py took 0.068 seconds
[2022-06-14 18:39:47,335] {processor.py:153} INFO - Started process (PID=7165) to work on /usr/local/lib/python3.10/dist-packages/airflow/example_dags/example_trigger_target_dag.py
[2022-06-14 18:39:47,335] {processor.py:641} INFO - Processing file /usr/local/lib/python3.10/dist-packages/airflow/example_dags/example_trigger_target_dag.py for tasks to queue
[2022-06-14 18:39:47,336] {logging_mixin.py:115} INFO - [2022-06-14 18:39:47,336] {dagbag.py:507} INFO - Filling up the DagBag from /usr/local/lib/python3.10/dist-packages/airflow/example_dags/example_trigger_target_dag.py
[2022-06-14 18:39:47,351] {processor.py:651} INFO - DAG(s) dict_keys(['example_trigger_target_dag']) retrieved from /usr/local/lib/python3.10/dist-packages/airflow/example_dags/example_trigger_target_dag.py
[2022-06-14 18:39:47,365] {logging_mixin.py:115} INFO - [2022-06-14 18:39:47,365] {dag.py:2371} INFO - Sync 1 DAGs
[2022-06-14 18:39:47,381] {logging_mixin.py:115} INFO - [2022-06-14 18:39:47,381] {dag.py:2915} INFO - Setting next_dagrun for example_trigger_target_dag to None, run_after=None
[2022-06-14 18:39:47,398] {processor.py:161} INFO - Processing /usr/local/lib/python3.10/dist-packages/airflow/example_dags/example_trigger_target_dag.py took 0.066 seconds
[2022-06-14 18:40:21,101] {processor.py:153} INFO - Started process (PID=7218) to work on /usr/local/lib/python3.10/dist-packages/airflow/example_dags/example_trigger_target_dag.py
[2022-06-14 18:40:21,102] {processor.py:641} INFO - Processing file /usr/local/lib/python3.10/dist-packages/airflow/example_dags/example_trigger_target_dag.py for tasks to queue
[2022-06-14 18:40:21,102] {logging_mixin.py:115} INFO - [2022-06-14 18:40:21,102] {dagbag.py:507} INFO - Filling up the DagBag from /usr/local/lib/python3.10/dist-packages/airflow/example_dags/example_trigger_target_dag.py
[2022-06-14 18:40:21,118] {processor.py:651} INFO - DAG(s) dict_keys(['example_trigger_target_dag']) retrieved from /usr/local/lib/python3.10/dist-packages/airflow/example_dags/example_trigger_target_dag.py
[2022-06-14 18:40:21,132] {logging_mixin.py:115} INFO - [2022-06-14 18:40:21,132] {dag.py:2371} INFO - Sync 1 DAGs
[2022-06-14 18:40:21,148] {logging_mixin.py:115} INFO - [2022-06-14 18:40:21,148] {dag.py:2915} INFO - Setting next_dagrun for example_trigger_target_dag to None, run_after=None
[2022-06-14 18:40:21,168] {processor.py:161} INFO - Processing /usr/local/lib/python3.10/dist-packages/airflow/example_dags/example_trigger_target_dag.py took 0.069 seconds
[2022-06-14 18:40:54,586] {processor.py:153} INFO - Started process (PID=7263) to work on /usr/local/lib/python3.10/dist-packages/airflow/example_dags/example_trigger_target_dag.py
[2022-06-14 18:40:54,587] {processor.py:641} INFO - Processing file /usr/local/lib/python3.10/dist-packages/airflow/example_dags/example_trigger_target_dag.py for tasks to queue
[2022-06-14 18:40:54,587] {logging_mixin.py:115} INFO - [2022-06-14 18:40:54,587] {dagbag.py:507} INFO - Filling up the DagBag from /usr/local/lib/python3.10/dist-packages/airflow/example_dags/example_trigger_target_dag.py
[2022-06-14 18:40:54,602] {processor.py:651} INFO - DAG(s) dict_keys(['example_trigger_target_dag']) retrieved from /usr/local/lib/python3.10/dist-packages/airflow/example_dags/example_trigger_target_dag.py
[2022-06-14 18:40:54,615] {logging_mixin.py:115} INFO - [2022-06-14 18:40:54,615] {dag.py:2371} INFO - Sync 1 DAGs
[2022-06-14 18:40:54,632] {logging_mixin.py:115} INFO - [2022-06-14 18:40:54,632] {dag.py:2915} INFO - Setting next_dagrun for example_trigger_target_dag to None, run_after=None
[2022-06-14 18:40:54,649] {processor.py:161} INFO - Processing /usr/local/lib/python3.10/dist-packages/airflow/example_dags/example_trigger_target_dag.py took 0.066 seconds
[2022-06-14 18:41:28,492] {processor.py:153} INFO - Started process (PID=7331) to work on /usr/local/lib/python3.10/dist-packages/airflow/example_dags/example_trigger_target_dag.py
[2022-06-14 18:41:28,492] {processor.py:641} INFO - Processing file /usr/local/lib/python3.10/dist-packages/airflow/example_dags/example_trigger_target_dag.py for tasks to queue
[2022-06-14 18:41:28,493] {logging_mixin.py:115} INFO - [2022-06-14 18:41:28,493] {dagbag.py:507} INFO - Filling up the DagBag from /usr/local/lib/python3.10/dist-packages/airflow/example_dags/example_trigger_target_dag.py
[2022-06-14 18:41:28,518] {processor.py:651} INFO - DAG(s) dict_keys(['example_trigger_target_dag']) retrieved from /usr/local/lib/python3.10/dist-packages/airflow/example_dags/example_trigger_target_dag.py
[2022-06-14 18:41:28,539] {logging_mixin.py:115} INFO - [2022-06-14 18:41:28,539] {dag.py:2371} INFO - Sync 1 DAGs
[2022-06-14 18:41:28,570] {logging_mixin.py:115} INFO - [2022-06-14 18:41:28,570] {dag.py:2915} INFO - Setting next_dagrun for example_trigger_target_dag to None, run_after=None
[2022-06-14 18:41:28,597] {processor.py:161} INFO - Processing /usr/local/lib/python3.10/dist-packages/airflow/example_dags/example_trigger_target_dag.py took 0.108 seconds
[2022-06-14 18:42:07,021] {processor.py:153} INFO - Started process (PID=7380) to work on /usr/local/lib/python3.10/dist-packages/airflow/example_dags/example_trigger_target_dag.py
[2022-06-14 18:42:07,022] {processor.py:641} INFO - Processing file /usr/local/lib/python3.10/dist-packages/airflow/example_dags/example_trigger_target_dag.py for tasks to queue
[2022-06-14 18:42:07,023] {logging_mixin.py:115} INFO - [2022-06-14 18:42:07,023] {dagbag.py:507} INFO - Filling up the DagBag from /usr/local/lib/python3.10/dist-packages/airflow/example_dags/example_trigger_target_dag.py
[2022-06-14 18:42:07,039] {processor.py:651} INFO - DAG(s) dict_keys(['example_trigger_target_dag']) retrieved from /usr/local/lib/python3.10/dist-packages/airflow/example_dags/example_trigger_target_dag.py
[2022-06-14 18:42:07,053] {logging_mixin.py:115} INFO - [2022-06-14 18:42:07,053] {dag.py:2371} INFO - Sync 1 DAGs
[2022-06-14 18:42:07,069] {logging_mixin.py:115} INFO - [2022-06-14 18:42:07,069] {dag.py:2915} INFO - Setting next_dagrun for example_trigger_target_dag to None, run_after=None
[2022-06-14 18:42:07,086] {processor.py:161} INFO - Processing /usr/local/lib/python3.10/dist-packages/airflow/example_dags/example_trigger_target_dag.py took 0.068 seconds
[2022-06-14 18:42:39,784] {processor.py:153} INFO - Started process (PID=7472) to work on /usr/local/lib/python3.10/dist-packages/airflow/example_dags/example_trigger_target_dag.py
[2022-06-14 18:42:39,785] {processor.py:641} INFO - Processing file /usr/local/lib/python3.10/dist-packages/airflow/example_dags/example_trigger_target_dag.py for tasks to queue
[2022-06-14 18:42:39,786] {logging_mixin.py:115} INFO - [2022-06-14 18:42:39,786] {dagbag.py:507} INFO - Filling up the DagBag from /usr/local/lib/python3.10/dist-packages/airflow/example_dags/example_trigger_target_dag.py
[2022-06-14 18:42:39,806] {processor.py:651} INFO - DAG(s) dict_keys(['example_trigger_target_dag']) retrieved from /usr/local/lib/python3.10/dist-packages/airflow/example_dags/example_trigger_target_dag.py
[2022-06-14 18:42:39,821] {logging_mixin.py:115} INFO - [2022-06-14 18:42:39,821] {dag.py:2371} INFO - Sync 1 DAGs
[2022-06-14 18:42:39,840] {logging_mixin.py:115} INFO - [2022-06-14 18:42:39,840] {dag.py:2915} INFO - Setting next_dagrun for example_trigger_target_dag to None, run_after=None
[2022-06-14 18:42:39,859] {processor.py:161} INFO - Processing /usr/local/lib/python3.10/dist-packages/airflow/example_dags/example_trigger_target_dag.py took 0.078 seconds
[2022-06-14 18:43:14,261] {processor.py:153} INFO - Started process (PID=7564) to work on /usr/local/lib/python3.10/dist-packages/airflow/example_dags/example_trigger_target_dag.py
[2022-06-14 18:43:14,262] {processor.py:641} INFO - Processing file /usr/local/lib/python3.10/dist-packages/airflow/example_dags/example_trigger_target_dag.py for tasks to queue
[2022-06-14 18:43:14,262] {logging_mixin.py:115} INFO - [2022-06-14 18:43:14,262] {dagbag.py:507} INFO - Filling up the DagBag from /usr/local/lib/python3.10/dist-packages/airflow/example_dags/example_trigger_target_dag.py
[2022-06-14 18:43:14,279] {processor.py:651} INFO - DAG(s) dict_keys(['example_trigger_target_dag']) retrieved from /usr/local/lib/python3.10/dist-packages/airflow/example_dags/example_trigger_target_dag.py
[2022-06-14 18:43:14,295] {logging_mixin.py:115} INFO - [2022-06-14 18:43:14,294] {dag.py:2371} INFO - Sync 1 DAGs
[2022-06-14 18:43:14,312] {logging_mixin.py:115} INFO - [2022-06-14 18:43:14,312] {dag.py:2915} INFO - Setting next_dagrun for example_trigger_target_dag to None, run_after=None
[2022-06-14 18:43:14,330] {processor.py:161} INFO - Processing /usr/local/lib/python3.10/dist-packages/airflow/example_dags/example_trigger_target_dag.py took 0.072 seconds
[2022-06-14 18:43:47,199] {processor.py:153} INFO - Started process (PID=7603) to work on /usr/local/lib/python3.10/dist-packages/airflow/example_dags/example_trigger_target_dag.py
[2022-06-14 18:43:47,199] {processor.py:641} INFO - Processing file /usr/local/lib/python3.10/dist-packages/airflow/example_dags/example_trigger_target_dag.py for tasks to queue
[2022-06-14 18:43:47,200] {logging_mixin.py:115} INFO - [2022-06-14 18:43:47,200] {dagbag.py:507} INFO - Filling up the DagBag from /usr/local/lib/python3.10/dist-packages/airflow/example_dags/example_trigger_target_dag.py
[2022-06-14 18:43:47,215] {processor.py:651} INFO - DAG(s) dict_keys(['example_trigger_target_dag']) retrieved from /usr/local/lib/python3.10/dist-packages/airflow/example_dags/example_trigger_target_dag.py
[2022-06-14 18:43:47,230] {logging_mixin.py:115} INFO - [2022-06-14 18:43:47,230] {dag.py:2371} INFO - Sync 1 DAGs
[2022-06-14 18:43:47,247] {logging_mixin.py:115} INFO - [2022-06-14 18:43:47,247] {dag.py:2915} INFO - Setting next_dagrun for example_trigger_target_dag to None, run_after=None
[2022-06-14 18:43:47,276] {processor.py:161} INFO - Processing /usr/local/lib/python3.10/dist-packages/airflow/example_dags/example_trigger_target_dag.py took 0.079 seconds
[2022-06-14 18:44:18,766] {processor.py:153} INFO - Started process (PID=7670) to work on /usr/local/lib/python3.10/dist-packages/airflow/example_dags/example_trigger_target_dag.py
[2022-06-14 18:44:18,767] {processor.py:641} INFO - Processing file /usr/local/lib/python3.10/dist-packages/airflow/example_dags/example_trigger_target_dag.py for tasks to queue
[2022-06-14 18:44:18,768] {logging_mixin.py:115} INFO - [2022-06-14 18:44:18,767] {dagbag.py:507} INFO - Filling up the DagBag from /usr/local/lib/python3.10/dist-packages/airflow/example_dags/example_trigger_target_dag.py
[2022-06-14 18:44:18,783] {processor.py:651} INFO - DAG(s) dict_keys(['example_trigger_target_dag']) retrieved from /usr/local/lib/python3.10/dist-packages/airflow/example_dags/example_trigger_target_dag.py
[2022-06-14 18:44:18,797] {logging_mixin.py:115} INFO - [2022-06-14 18:44:18,796] {dag.py:2371} INFO - Sync 1 DAGs
[2022-06-14 18:44:18,816] {logging_mixin.py:115} INFO - [2022-06-14 18:44:18,816] {dag.py:2915} INFO - Setting next_dagrun for example_trigger_target_dag to None, run_after=None
[2022-06-14 18:44:18,835] {processor.py:161} INFO - Processing /usr/local/lib/python3.10/dist-packages/airflow/example_dags/example_trigger_target_dag.py took 0.071 seconds
[2022-06-14 18:44:52,347] {processor.py:153} INFO - Started process (PID=7728) to work on /usr/local/lib/python3.10/dist-packages/airflow/example_dags/example_trigger_target_dag.py
[2022-06-14 18:44:52,348] {processor.py:641} INFO - Processing file /usr/local/lib/python3.10/dist-packages/airflow/example_dags/example_trigger_target_dag.py for tasks to queue
[2022-06-14 18:44:52,348] {logging_mixin.py:115} INFO - [2022-06-14 18:44:52,348] {dagbag.py:507} INFO - Filling up the DagBag from /usr/local/lib/python3.10/dist-packages/airflow/example_dags/example_trigger_target_dag.py
[2022-06-14 18:44:52,364] {processor.py:651} INFO - DAG(s) dict_keys(['example_trigger_target_dag']) retrieved from /usr/local/lib/python3.10/dist-packages/airflow/example_dags/example_trigger_target_dag.py
[2022-06-14 18:44:52,378] {logging_mixin.py:115} INFO - [2022-06-14 18:44:52,378] {dag.py:2371} INFO - Sync 1 DAGs
[2022-06-14 18:44:52,396] {logging_mixin.py:115} INFO - [2022-06-14 18:44:52,396] {dag.py:2915} INFO - Setting next_dagrun for example_trigger_target_dag to None, run_after=None
[2022-06-14 18:44:52,415] {processor.py:161} INFO - Processing /usr/local/lib/python3.10/dist-packages/airflow/example_dags/example_trigger_target_dag.py took 0.070 seconds
[2022-06-14 18:45:26,171] {processor.py:153} INFO - Started process (PID=7831) to work on /usr/local/lib/python3.10/dist-packages/airflow/example_dags/example_trigger_target_dag.py
[2022-06-14 18:45:26,171] {processor.py:641} INFO - Processing file /usr/local/lib/python3.10/dist-packages/airflow/example_dags/example_trigger_target_dag.py for tasks to queue
[2022-06-14 18:45:26,172] {logging_mixin.py:115} INFO - [2022-06-14 18:45:26,172] {dagbag.py:507} INFO - Filling up the DagBag from /usr/local/lib/python3.10/dist-packages/airflow/example_dags/example_trigger_target_dag.py
[2022-06-14 18:45:26,188] {processor.py:651} INFO - DAG(s) dict_keys(['example_trigger_target_dag']) retrieved from /usr/local/lib/python3.10/dist-packages/airflow/example_dags/example_trigger_target_dag.py
[2022-06-14 18:45:26,202] {logging_mixin.py:115} INFO - [2022-06-14 18:45:26,202] {dag.py:2371} INFO - Sync 1 DAGs
[2022-06-14 18:45:26,220] {logging_mixin.py:115} INFO - [2022-06-14 18:45:26,220] {dag.py:2915} INFO - Setting next_dagrun for example_trigger_target_dag to None, run_after=None
[2022-06-14 18:45:26,237] {processor.py:161} INFO - Processing /usr/local/lib/python3.10/dist-packages/airflow/example_dags/example_trigger_target_dag.py took 0.069 seconds
[2022-06-14 18:46:05,754] {processor.py:153} INFO - Started process (PID=7896) to work on /usr/local/lib/python3.10/dist-packages/airflow/example_dags/example_trigger_target_dag.py
[2022-06-14 18:46:05,755] {processor.py:641} INFO - Processing file /usr/local/lib/python3.10/dist-packages/airflow/example_dags/example_trigger_target_dag.py for tasks to queue
[2022-06-14 18:46:05,755] {logging_mixin.py:115} INFO - [2022-06-14 18:46:05,755] {dagbag.py:507} INFO - Filling up the DagBag from /usr/local/lib/python3.10/dist-packages/airflow/example_dags/example_trigger_target_dag.py
[2022-06-14 18:46:05,771] {processor.py:651} INFO - DAG(s) dict_keys(['example_trigger_target_dag']) retrieved from /usr/local/lib/python3.10/dist-packages/airflow/example_dags/example_trigger_target_dag.py
[2022-06-14 18:46:05,786] {logging_mixin.py:115} INFO - [2022-06-14 18:46:05,786] {dag.py:2371} INFO - Sync 1 DAGs
[2022-06-14 18:46:05,804] {logging_mixin.py:115} INFO - [2022-06-14 18:46:05,804] {dag.py:2915} INFO - Setting next_dagrun for example_trigger_target_dag to None, run_after=None
[2022-06-14 18:46:05,822] {processor.py:161} INFO - Processing /usr/local/lib/python3.10/dist-packages/airflow/example_dags/example_trigger_target_dag.py took 0.071 seconds
[2022-06-14 18:46:39,594] {processor.py:153} INFO - Started process (PID=7988) to work on /usr/local/lib/python3.10/dist-packages/airflow/example_dags/example_trigger_target_dag.py
[2022-06-14 18:46:39,595] {processor.py:641} INFO - Processing file /usr/local/lib/python3.10/dist-packages/airflow/example_dags/example_trigger_target_dag.py for tasks to queue
[2022-06-14 18:46:39,595] {logging_mixin.py:115} INFO - [2022-06-14 18:46:39,595] {dagbag.py:507} INFO - Filling up the DagBag from /usr/local/lib/python3.10/dist-packages/airflow/example_dags/example_trigger_target_dag.py
[2022-06-14 18:46:39,610] {processor.py:651} INFO - DAG(s) dict_keys(['example_trigger_target_dag']) retrieved from /usr/local/lib/python3.10/dist-packages/airflow/example_dags/example_trigger_target_dag.py
[2022-06-14 18:46:39,625] {logging_mixin.py:115} INFO - [2022-06-14 18:46:39,625] {dag.py:2371} INFO - Sync 1 DAGs
[2022-06-14 18:46:39,642] {logging_mixin.py:115} INFO - [2022-06-14 18:46:39,642] {dag.py:2915} INFO - Setting next_dagrun for example_trigger_target_dag to None, run_after=None
[2022-06-14 18:46:39,660] {processor.py:161} INFO - Processing /usr/local/lib/python3.10/dist-packages/airflow/example_dags/example_trigger_target_dag.py took 0.068 seconds
[2022-06-14 18:47:19,679] {processor.py:153} INFO - Started process (PID=8047) to work on /usr/local/lib/python3.10/dist-packages/airflow/example_dags/example_trigger_target_dag.py
[2022-06-14 18:47:19,680] {processor.py:641} INFO - Processing file /usr/local/lib/python3.10/dist-packages/airflow/example_dags/example_trigger_target_dag.py for tasks to queue
[2022-06-14 18:47:19,680] {logging_mixin.py:115} INFO - [2022-06-14 18:47:19,680] {dagbag.py:507} INFO - Filling up the DagBag from /usr/local/lib/python3.10/dist-packages/airflow/example_dags/example_trigger_target_dag.py
[2022-06-14 18:47:19,696] {processor.py:651} INFO - DAG(s) dict_keys(['example_trigger_target_dag']) retrieved from /usr/local/lib/python3.10/dist-packages/airflow/example_dags/example_trigger_target_dag.py
[2022-06-14 18:47:19,710] {logging_mixin.py:115} INFO - [2022-06-14 18:47:19,710] {dag.py:2371} INFO - Sync 1 DAGs
[2022-06-14 18:47:19,727] {logging_mixin.py:115} INFO - [2022-06-14 18:47:19,727] {dag.py:2915} INFO - Setting next_dagrun for example_trigger_target_dag to None, run_after=None
[2022-06-14 18:47:19,745] {processor.py:161} INFO - Processing /usr/local/lib/python3.10/dist-packages/airflow/example_dags/example_trigger_target_dag.py took 0.069 seconds
[2022-06-14 18:47:53,902] {processor.py:153} INFO - Started process (PID=8111) to work on /usr/local/lib/python3.10/dist-packages/airflow/example_dags/example_trigger_target_dag.py
[2022-06-14 18:47:53,903] {processor.py:641} INFO - Processing file /usr/local/lib/python3.10/dist-packages/airflow/example_dags/example_trigger_target_dag.py for tasks to queue
[2022-06-14 18:47:53,903] {logging_mixin.py:115} INFO - [2022-06-14 18:47:53,903] {dagbag.py:507} INFO - Filling up the DagBag from /usr/local/lib/python3.10/dist-packages/airflow/example_dags/example_trigger_target_dag.py
[2022-06-14 18:47:53,918] {processor.py:651} INFO - DAG(s) dict_keys(['example_trigger_target_dag']) retrieved from /usr/local/lib/python3.10/dist-packages/airflow/example_dags/example_trigger_target_dag.py
[2022-06-14 18:47:53,933] {logging_mixin.py:115} INFO - [2022-06-14 18:47:53,933] {dag.py:2371} INFO - Sync 1 DAGs
[2022-06-14 18:47:53,950] {logging_mixin.py:115} INFO - [2022-06-14 18:47:53,950] {dag.py:2915} INFO - Setting next_dagrun for example_trigger_target_dag to None, run_after=None
[2022-06-14 18:47:53,967] {processor.py:161} INFO - Processing /usr/local/lib/python3.10/dist-packages/airflow/example_dags/example_trigger_target_dag.py took 0.068 seconds
[2022-06-14 18:48:27,679] {processor.py:153} INFO - Started process (PID=8164) to work on /usr/local/lib/python3.10/dist-packages/airflow/example_dags/example_trigger_target_dag.py
[2022-06-14 18:48:27,680] {processor.py:641} INFO - Processing file /usr/local/lib/python3.10/dist-packages/airflow/example_dags/example_trigger_target_dag.py for tasks to queue
[2022-06-14 18:48:27,681] {logging_mixin.py:115} INFO - [2022-06-14 18:48:27,680] {dagbag.py:507} INFO - Filling up the DagBag from /usr/local/lib/python3.10/dist-packages/airflow/example_dags/example_trigger_target_dag.py
[2022-06-14 18:48:27,696] {processor.py:651} INFO - DAG(s) dict_keys(['example_trigger_target_dag']) retrieved from /usr/local/lib/python3.10/dist-packages/airflow/example_dags/example_trigger_target_dag.py
[2022-06-14 18:48:27,711] {logging_mixin.py:115} INFO - [2022-06-14 18:48:27,710] {dag.py:2371} INFO - Sync 1 DAGs
[2022-06-14 18:48:27,727] {logging_mixin.py:115} INFO - [2022-06-14 18:48:27,727] {dag.py:2915} INFO - Setting next_dagrun for example_trigger_target_dag to None, run_after=None
[2022-06-14 18:48:27,745] {processor.py:161} INFO - Processing /usr/local/lib/python3.10/dist-packages/airflow/example_dags/example_trigger_target_dag.py took 0.068 seconds
[2022-06-14 18:49:01,574] {processor.py:153} INFO - Started process (PID=8224) to work on /usr/local/lib/python3.10/dist-packages/airflow/example_dags/example_trigger_target_dag.py
[2022-06-14 18:49:01,575] {processor.py:641} INFO - Processing file /usr/local/lib/python3.10/dist-packages/airflow/example_dags/example_trigger_target_dag.py for tasks to queue
[2022-06-14 18:49:01,575] {logging_mixin.py:115} INFO - [2022-06-14 18:49:01,575] {dagbag.py:507} INFO - Filling up the DagBag from /usr/local/lib/python3.10/dist-packages/airflow/example_dags/example_trigger_target_dag.py
[2022-06-14 18:49:01,591] {processor.py:651} INFO - DAG(s) dict_keys(['example_trigger_target_dag']) retrieved from /usr/local/lib/python3.10/dist-packages/airflow/example_dags/example_trigger_target_dag.py
[2022-06-14 18:49:01,605] {logging_mixin.py:115} INFO - [2022-06-14 18:49:01,605] {dag.py:2371} INFO - Sync 1 DAGs
[2022-06-14 18:49:01,623] {logging_mixin.py:115} INFO - [2022-06-14 18:49:01,623] {dag.py:2915} INFO - Setting next_dagrun for example_trigger_target_dag to None, run_after=None
[2022-06-14 18:49:01,642] {processor.py:161} INFO - Processing /usr/local/lib/python3.10/dist-packages/airflow/example_dags/example_trigger_target_dag.py took 0.070 seconds
[2022-06-14 18:49:37,187] {processor.py:153} INFO - Started process (PID=8282) to work on /usr/local/lib/python3.10/dist-packages/airflow/example_dags/example_trigger_target_dag.py
[2022-06-14 18:49:37,187] {processor.py:641} INFO - Processing file /usr/local/lib/python3.10/dist-packages/airflow/example_dags/example_trigger_target_dag.py for tasks to queue
[2022-06-14 18:49:37,188] {logging_mixin.py:115} INFO - [2022-06-14 18:49:37,188] {dagbag.py:507} INFO - Filling up the DagBag from /usr/local/lib/python3.10/dist-packages/airflow/example_dags/example_trigger_target_dag.py
[2022-06-14 18:49:37,204] {processor.py:651} INFO - DAG(s) dict_keys(['example_trigger_target_dag']) retrieved from /usr/local/lib/python3.10/dist-packages/airflow/example_dags/example_trigger_target_dag.py
[2022-06-14 18:49:37,220] {logging_mixin.py:115} INFO - [2022-06-14 18:49:37,220] {dag.py:2371} INFO - Sync 1 DAGs
[2022-06-14 18:49:37,238] {logging_mixin.py:115} INFO - [2022-06-14 18:49:37,238] {dag.py:2915} INFO - Setting next_dagrun for example_trigger_target_dag to None, run_after=None
[2022-06-14 18:49:37,258] {processor.py:161} INFO - Processing /usr/local/lib/python3.10/dist-packages/airflow/example_dags/example_trigger_target_dag.py took 0.074 seconds
[2022-06-14 18:50:16,328] {processor.py:153} INFO - Started process (PID=8359) to work on /usr/local/lib/python3.10/dist-packages/airflow/example_dags/example_trigger_target_dag.py
[2022-06-14 18:50:16,329] {processor.py:641} INFO - Processing file /usr/local/lib/python3.10/dist-packages/airflow/example_dags/example_trigger_target_dag.py for tasks to queue
[2022-06-14 18:50:16,329] {logging_mixin.py:115} INFO - [2022-06-14 18:50:16,329] {dagbag.py:507} INFO - Filling up the DagBag from /usr/local/lib/python3.10/dist-packages/airflow/example_dags/example_trigger_target_dag.py
[2022-06-14 18:50:16,345] {processor.py:651} INFO - DAG(s) dict_keys(['example_trigger_target_dag']) retrieved from /usr/local/lib/python3.10/dist-packages/airflow/example_dags/example_trigger_target_dag.py
[2022-06-14 18:50:16,359] {logging_mixin.py:115} INFO - [2022-06-14 18:50:16,359] {dag.py:2371} INFO - Sync 1 DAGs
[2022-06-14 18:50:16,376] {logging_mixin.py:115} INFO - [2022-06-14 18:50:16,376] {dag.py:2915} INFO - Setting next_dagrun for example_trigger_target_dag to None, run_after=None
[2022-06-14 18:50:16,393] {processor.py:161} INFO - Processing /usr/local/lib/python3.10/dist-packages/airflow/example_dags/example_trigger_target_dag.py took 0.067 seconds
[2022-06-14 18:50:52,493] {processor.py:153} INFO - Started process (PID=8434) to work on /usr/local/lib/python3.10/dist-packages/airflow/example_dags/example_trigger_target_dag.py
[2022-06-14 18:50:52,493] {processor.py:641} INFO - Processing file /usr/local/lib/python3.10/dist-packages/airflow/example_dags/example_trigger_target_dag.py for tasks to queue
[2022-06-14 18:50:52,494] {logging_mixin.py:115} INFO - [2022-06-14 18:50:52,494] {dagbag.py:507} INFO - Filling up the DagBag from /usr/local/lib/python3.10/dist-packages/airflow/example_dags/example_trigger_target_dag.py
[2022-06-14 18:50:52,519] {processor.py:651} INFO - DAG(s) dict_keys(['example_trigger_target_dag']) retrieved from /usr/local/lib/python3.10/dist-packages/airflow/example_dags/example_trigger_target_dag.py
[2022-06-14 18:50:52,533] {logging_mixin.py:115} INFO - [2022-06-14 18:50:52,533] {dag.py:2371} INFO - Sync 1 DAGs
[2022-06-14 18:50:52,549] {logging_mixin.py:115} INFO - [2022-06-14 18:50:52,549] {dag.py:2915} INFO - Setting next_dagrun for example_trigger_target_dag to None, run_after=None
[2022-06-14 18:50:52,565] {processor.py:161} INFO - Processing /usr/local/lib/python3.10/dist-packages/airflow/example_dags/example_trigger_target_dag.py took 0.076 seconds
[2022-06-14 18:51:24,678] {processor.py:153} INFO - Started process (PID=8496) to work on /usr/local/lib/python3.10/dist-packages/airflow/example_dags/example_trigger_target_dag.py
[2022-06-14 18:51:24,679] {processor.py:641} INFO - Processing file /usr/local/lib/python3.10/dist-packages/airflow/example_dags/example_trigger_target_dag.py for tasks to queue
[2022-06-14 18:51:24,680] {logging_mixin.py:115} INFO - [2022-06-14 18:51:24,680] {dagbag.py:507} INFO - Filling up the DagBag from /usr/local/lib/python3.10/dist-packages/airflow/example_dags/example_trigger_target_dag.py
[2022-06-14 18:51:24,700] {processor.py:651} INFO - DAG(s) dict_keys(['example_trigger_target_dag']) retrieved from /usr/local/lib/python3.10/dist-packages/airflow/example_dags/example_trigger_target_dag.py
[2022-06-14 18:51:24,717] {logging_mixin.py:115} INFO - [2022-06-14 18:51:24,717] {dag.py:2371} INFO - Sync 1 DAGs
[2022-06-14 18:51:24,740] {logging_mixin.py:115} INFO - [2022-06-14 18:51:24,740] {dag.py:2915} INFO - Setting next_dagrun for example_trigger_target_dag to None, run_after=None
[2022-06-14 18:51:24,761] {processor.py:161} INFO - Processing /usr/local/lib/python3.10/dist-packages/airflow/example_dags/example_trigger_target_dag.py took 0.085 seconds
[2022-06-14 18:51:59,499] {processor.py:153} INFO - Started process (PID=8545) to work on /usr/local/lib/python3.10/dist-packages/airflow/example_dags/example_trigger_target_dag.py
[2022-06-14 18:51:59,500] {processor.py:641} INFO - Processing file /usr/local/lib/python3.10/dist-packages/airflow/example_dags/example_trigger_target_dag.py for tasks to queue
[2022-06-14 18:51:59,501] {logging_mixin.py:115} INFO - [2022-06-14 18:51:59,501] {dagbag.py:507} INFO - Filling up the DagBag from /usr/local/lib/python3.10/dist-packages/airflow/example_dags/example_trigger_target_dag.py
[2022-06-14 18:51:59,519] {processor.py:651} INFO - DAG(s) dict_keys(['example_trigger_target_dag']) retrieved from /usr/local/lib/python3.10/dist-packages/airflow/example_dags/example_trigger_target_dag.py
[2022-06-14 18:51:59,533] {logging_mixin.py:115} INFO - [2022-06-14 18:51:59,533] {dag.py:2371} INFO - Sync 1 DAGs
[2022-06-14 18:51:59,548] {logging_mixin.py:115} INFO - [2022-06-14 18:51:59,548] {dag.py:2915} INFO - Setting next_dagrun for example_trigger_target_dag to None, run_after=None
[2022-06-14 18:51:59,566] {processor.py:161} INFO - Processing /usr/local/lib/python3.10/dist-packages/airflow/example_dags/example_trigger_target_dag.py took 0.069 seconds
[2022-06-14 18:52:36,756] {processor.py:153} INFO - Started process (PID=8605) to work on /usr/local/lib/python3.10/dist-packages/airflow/example_dags/example_trigger_target_dag.py
[2022-06-14 18:52:36,757] {processor.py:641} INFO - Processing file /usr/local/lib/python3.10/dist-packages/airflow/example_dags/example_trigger_target_dag.py for tasks to queue
[2022-06-14 18:52:36,758] {logging_mixin.py:115} INFO - [2022-06-14 18:52:36,757] {dagbag.py:507} INFO - Filling up the DagBag from /usr/local/lib/python3.10/dist-packages/airflow/example_dags/example_trigger_target_dag.py
[2022-06-14 18:52:36,776] {processor.py:651} INFO - DAG(s) dict_keys(['example_trigger_target_dag']) retrieved from /usr/local/lib/python3.10/dist-packages/airflow/example_dags/example_trigger_target_dag.py
[2022-06-14 18:52:36,790] {logging_mixin.py:115} INFO - [2022-06-14 18:52:36,790] {dag.py:2371} INFO - Sync 1 DAGs
[2022-06-14 18:52:36,807] {logging_mixin.py:115} INFO - [2022-06-14 18:52:36,807] {dag.py:2915} INFO - Setting next_dagrun for example_trigger_target_dag to None, run_after=None
[2022-06-14 18:52:36,824] {processor.py:161} INFO - Processing /usr/local/lib/python3.10/dist-packages/airflow/example_dags/example_trigger_target_dag.py took 0.071 seconds
[2022-06-14 18:53:15,719] {processor.py:153} INFO - Started process (PID=8681) to work on /usr/local/lib/python3.10/dist-packages/airflow/example_dags/example_trigger_target_dag.py
[2022-06-14 18:53:15,720] {processor.py:641} INFO - Processing file /usr/local/lib/python3.10/dist-packages/airflow/example_dags/example_trigger_target_dag.py for tasks to queue
[2022-06-14 18:53:15,721] {logging_mixin.py:115} INFO - [2022-06-14 18:53:15,721] {dagbag.py:507} INFO - Filling up the DagBag from /usr/local/lib/python3.10/dist-packages/airflow/example_dags/example_trigger_target_dag.py
[2022-06-14 18:53:15,739] {processor.py:651} INFO - DAG(s) dict_keys(['example_trigger_target_dag']) retrieved from /usr/local/lib/python3.10/dist-packages/airflow/example_dags/example_trigger_target_dag.py
[2022-06-14 18:53:15,753] {logging_mixin.py:115} INFO - [2022-06-14 18:53:15,753] {dag.py:2371} INFO - Sync 1 DAGs
[2022-06-14 18:53:15,769] {logging_mixin.py:115} INFO - [2022-06-14 18:53:15,768] {dag.py:2915} INFO - Setting next_dagrun for example_trigger_target_dag to None, run_after=None
[2022-06-14 18:53:15,787] {processor.py:161} INFO - Processing /usr/local/lib/python3.10/dist-packages/airflow/example_dags/example_trigger_target_dag.py took 0.070 seconds
[2022-06-14 18:53:51,604] {processor.py:153} INFO - Started process (PID=8737) to work on /usr/local/lib/python3.10/dist-packages/airflow/example_dags/example_trigger_target_dag.py
[2022-06-14 18:53:51,605] {processor.py:641} INFO - Processing file /usr/local/lib/python3.10/dist-packages/airflow/example_dags/example_trigger_target_dag.py for tasks to queue
[2022-06-14 18:53:51,605] {logging_mixin.py:115} INFO - [2022-06-14 18:53:51,605] {dagbag.py:507} INFO - Filling up the DagBag from /usr/local/lib/python3.10/dist-packages/airflow/example_dags/example_trigger_target_dag.py
[2022-06-14 18:53:51,623] {processor.py:651} INFO - DAG(s) dict_keys(['example_trigger_target_dag']) retrieved from /usr/local/lib/python3.10/dist-packages/airflow/example_dags/example_trigger_target_dag.py
[2022-06-14 18:53:51,638] {logging_mixin.py:115} INFO - [2022-06-14 18:53:51,638] {dag.py:2371} INFO - Sync 1 DAGs
[2022-06-14 18:53:51,654] {logging_mixin.py:115} INFO - [2022-06-14 18:53:51,654] {dag.py:2915} INFO - Setting next_dagrun for example_trigger_target_dag to None, run_after=None
[2022-06-14 18:53:51,671] {processor.py:161} INFO - Processing /usr/local/lib/python3.10/dist-packages/airflow/example_dags/example_trigger_target_dag.py took 0.070 seconds
[2022-06-14 18:54:25,668] {processor.py:153} INFO - Started process (PID=8792) to work on /usr/local/lib/python3.10/dist-packages/airflow/example_dags/example_trigger_target_dag.py
[2022-06-14 18:54:25,669] {processor.py:641} INFO - Processing file /usr/local/lib/python3.10/dist-packages/airflow/example_dags/example_trigger_target_dag.py for tasks to queue
[2022-06-14 18:54:25,669] {logging_mixin.py:115} INFO - [2022-06-14 18:54:25,669] {dagbag.py:507} INFO - Filling up the DagBag from /usr/local/lib/python3.10/dist-packages/airflow/example_dags/example_trigger_target_dag.py
[2022-06-14 18:54:25,687] {processor.py:651} INFO - DAG(s) dict_keys(['example_trigger_target_dag']) retrieved from /usr/local/lib/python3.10/dist-packages/airflow/example_dags/example_trigger_target_dag.py
[2022-06-14 18:54:25,701] {logging_mixin.py:115} INFO - [2022-06-14 18:54:25,701] {dag.py:2371} INFO - Sync 1 DAGs
[2022-06-14 18:54:25,716] {logging_mixin.py:115} INFO - [2022-06-14 18:54:25,716] {dag.py:2915} INFO - Setting next_dagrun for example_trigger_target_dag to None, run_after=None
[2022-06-14 18:54:25,733] {processor.py:161} INFO - Processing /usr/local/lib/python3.10/dist-packages/airflow/example_dags/example_trigger_target_dag.py took 0.068 seconds
[2022-06-14 18:55:02,420] {processor.py:153} INFO - Started process (PID=8841) to work on /usr/local/lib/python3.10/dist-packages/airflow/example_dags/example_trigger_target_dag.py
[2022-06-14 18:55:02,421] {processor.py:641} INFO - Processing file /usr/local/lib/python3.10/dist-packages/airflow/example_dags/example_trigger_target_dag.py for tasks to queue
[2022-06-14 18:55:02,422] {logging_mixin.py:115} INFO - [2022-06-14 18:55:02,421] {dagbag.py:507} INFO - Filling up the DagBag from /usr/local/lib/python3.10/dist-packages/airflow/example_dags/example_trigger_target_dag.py
[2022-06-14 18:55:02,440] {processor.py:651} INFO - DAG(s) dict_keys(['example_trigger_target_dag']) retrieved from /usr/local/lib/python3.10/dist-packages/airflow/example_dags/example_trigger_target_dag.py
[2022-06-14 18:55:02,454] {logging_mixin.py:115} INFO - [2022-06-14 18:55:02,454] {dag.py:2371} INFO - Sync 1 DAGs
[2022-06-14 18:55:02,469] {logging_mixin.py:115} INFO - [2022-06-14 18:55:02,469] {dag.py:2915} INFO - Setting next_dagrun for example_trigger_target_dag to None, run_after=None
[2022-06-14 18:55:02,487] {processor.py:161} INFO - Processing /usr/local/lib/python3.10/dist-packages/airflow/example_dags/example_trigger_target_dag.py took 0.070 seconds
[2022-06-14 18:55:41,934] {processor.py:153} INFO - Started process (PID=8891) to work on /usr/local/lib/python3.10/dist-packages/airflow/example_dags/example_trigger_target_dag.py
[2022-06-14 18:55:41,935] {processor.py:641} INFO - Processing file /usr/local/lib/python3.10/dist-packages/airflow/example_dags/example_trigger_target_dag.py for tasks to queue
[2022-06-14 18:55:41,935] {logging_mixin.py:115} INFO - [2022-06-14 18:55:41,935] {dagbag.py:507} INFO - Filling up the DagBag from /usr/local/lib/python3.10/dist-packages/airflow/example_dags/example_trigger_target_dag.py
[2022-06-14 18:55:41,949] {processor.py:651} INFO - DAG(s) dict_keys(['example_trigger_target_dag']) retrieved from /usr/local/lib/python3.10/dist-packages/airflow/example_dags/example_trigger_target_dag.py
[2022-06-14 18:55:41,962] {logging_mixin.py:115} INFO - [2022-06-14 18:55:41,962] {dag.py:2371} INFO - Sync 1 DAGs
[2022-06-14 18:55:41,977] {logging_mixin.py:115} INFO - [2022-06-14 18:55:41,977] {dag.py:2915} INFO - Setting next_dagrun for example_trigger_target_dag to None, run_after=None
[2022-06-14 18:55:41,995] {processor.py:161} INFO - Processing /usr/local/lib/python3.10/dist-packages/airflow/example_dags/example_trigger_target_dag.py took 0.064 seconds
[2022-06-14 18:56:14,547] {processor.py:153} INFO - Started process (PID=8934) to work on /usr/local/lib/python3.10/dist-packages/airflow/example_dags/example_trigger_target_dag.py
[2022-06-14 18:56:14,548] {processor.py:641} INFO - Processing file /usr/local/lib/python3.10/dist-packages/airflow/example_dags/example_trigger_target_dag.py for tasks to queue
[2022-06-14 18:56:14,548] {logging_mixin.py:115} INFO - [2022-06-14 18:56:14,548] {dagbag.py:507} INFO - Filling up the DagBag from /usr/local/lib/python3.10/dist-packages/airflow/example_dags/example_trigger_target_dag.py
[2022-06-14 18:56:14,566] {processor.py:651} INFO - DAG(s) dict_keys(['example_trigger_target_dag']) retrieved from /usr/local/lib/python3.10/dist-packages/airflow/example_dags/example_trigger_target_dag.py
[2022-06-14 18:56:14,579] {logging_mixin.py:115} INFO - [2022-06-14 18:56:14,579] {dag.py:2371} INFO - Sync 1 DAGs
[2022-06-14 18:56:14,594] {logging_mixin.py:115} INFO - [2022-06-14 18:56:14,594] {dag.py:2915} INFO - Setting next_dagrun for example_trigger_target_dag to None, run_after=None
[2022-06-14 18:56:14,612] {processor.py:161} INFO - Processing /usr/local/lib/python3.10/dist-packages/airflow/example_dags/example_trigger_target_dag.py took 0.067 seconds
[2022-06-14 18:56:48,833] {processor.py:153} INFO - Started process (PID=8981) to work on /usr/local/lib/python3.10/dist-packages/airflow/example_dags/example_trigger_target_dag.py
[2022-06-14 18:56:48,834] {processor.py:641} INFO - Processing file /usr/local/lib/python3.10/dist-packages/airflow/example_dags/example_trigger_target_dag.py for tasks to queue
[2022-06-14 18:56:48,834] {logging_mixin.py:115} INFO - [2022-06-14 18:56:48,834] {dagbag.py:507} INFO - Filling up the DagBag from /usr/local/lib/python3.10/dist-packages/airflow/example_dags/example_trigger_target_dag.py
[2022-06-14 18:56:48,852] {processor.py:651} INFO - DAG(s) dict_keys(['example_trigger_target_dag']) retrieved from /usr/local/lib/python3.10/dist-packages/airflow/example_dags/example_trigger_target_dag.py
[2022-06-14 18:56:48,866] {logging_mixin.py:115} INFO - [2022-06-14 18:56:48,866] {dag.py:2371} INFO - Sync 1 DAGs
[2022-06-14 18:56:48,883] {logging_mixin.py:115} INFO - [2022-06-14 18:56:48,883] {dag.py:2915} INFO - Setting next_dagrun for example_trigger_target_dag to None, run_after=None
[2022-06-14 18:56:48,900] {processor.py:161} INFO - Processing /usr/local/lib/python3.10/dist-packages/airflow/example_dags/example_trigger_target_dag.py took 0.070 seconds
[2022-06-14 18:57:27,024] {processor.py:153} INFO - Started process (PID=9039) to work on /usr/local/lib/python3.10/dist-packages/airflow/example_dags/example_trigger_target_dag.py
[2022-06-14 18:57:27,025] {processor.py:641} INFO - Processing file /usr/local/lib/python3.10/dist-packages/airflow/example_dags/example_trigger_target_dag.py for tasks to queue
[2022-06-14 18:57:27,026] {logging_mixin.py:115} INFO - [2022-06-14 18:57:27,026] {dagbag.py:507} INFO - Filling up the DagBag from /usr/local/lib/python3.10/dist-packages/airflow/example_dags/example_trigger_target_dag.py
[2022-06-14 18:57:27,048] {processor.py:651} INFO - DAG(s) dict_keys(['example_trigger_target_dag']) retrieved from /usr/local/lib/python3.10/dist-packages/airflow/example_dags/example_trigger_target_dag.py
[2022-06-14 18:57:27,062] {logging_mixin.py:115} INFO - [2022-06-14 18:57:27,062] {dag.py:2371} INFO - Sync 1 DAGs
[2022-06-14 18:57:27,077] {logging_mixin.py:115} INFO - [2022-06-14 18:57:27,077] {dag.py:2915} INFO - Setting next_dagrun for example_trigger_target_dag to None, run_after=None
[2022-06-14 18:57:27,094] {processor.py:161} INFO - Processing /usr/local/lib/python3.10/dist-packages/airflow/example_dags/example_trigger_target_dag.py took 0.073 seconds
[2022-06-14 18:58:00,825] {processor.py:153} INFO - Started process (PID=9105) to work on /usr/local/lib/python3.10/dist-packages/airflow/example_dags/example_trigger_target_dag.py
[2022-06-14 18:58:00,826] {processor.py:641} INFO - Processing file /usr/local/lib/python3.10/dist-packages/airflow/example_dags/example_trigger_target_dag.py for tasks to queue
[2022-06-14 18:58:00,827] {logging_mixin.py:115} INFO - [2022-06-14 18:58:00,826] {dagbag.py:507} INFO - Filling up the DagBag from /usr/local/lib/python3.10/dist-packages/airflow/example_dags/example_trigger_target_dag.py
[2022-06-14 18:58:00,842] {processor.py:651} INFO - DAG(s) dict_keys(['example_trigger_target_dag']) retrieved from /usr/local/lib/python3.10/dist-packages/airflow/example_dags/example_trigger_target_dag.py
[2022-06-14 18:58:00,857] {logging_mixin.py:115} INFO - [2022-06-14 18:58:00,857] {dag.py:2371} INFO - Sync 1 DAGs
[2022-06-14 18:58:00,874] {logging_mixin.py:115} INFO - [2022-06-14 18:58:00,874] {dag.py:2915} INFO - Setting next_dagrun for example_trigger_target_dag to None, run_after=None
[2022-06-14 18:58:00,891] {processor.py:161} INFO - Processing /usr/local/lib/python3.10/dist-packages/airflow/example_dags/example_trigger_target_dag.py took 0.069 seconds
[2022-06-14 18:58:36,910] {processor.py:153} INFO - Started process (PID=9155) to work on /usr/local/lib/python3.10/dist-packages/airflow/example_dags/example_trigger_target_dag.py
[2022-06-14 18:58:36,911] {processor.py:641} INFO - Processing file /usr/local/lib/python3.10/dist-packages/airflow/example_dags/example_trigger_target_dag.py for tasks to queue
[2022-06-14 18:58:36,911] {logging_mixin.py:115} INFO - [2022-06-14 18:58:36,911] {dagbag.py:507} INFO - Filling up the DagBag from /usr/local/lib/python3.10/dist-packages/airflow/example_dags/example_trigger_target_dag.py
[2022-06-14 18:58:36,927] {processor.py:651} INFO - DAG(s) dict_keys(['example_trigger_target_dag']) retrieved from /usr/local/lib/python3.10/dist-packages/airflow/example_dags/example_trigger_target_dag.py
[2022-06-14 18:58:36,942] {logging_mixin.py:115} INFO - [2022-06-14 18:58:36,942] {dag.py:2371} INFO - Sync 1 DAGs
[2022-06-14 18:58:36,961] {logging_mixin.py:115} INFO - [2022-06-14 18:58:36,961] {dag.py:2915} INFO - Setting next_dagrun for example_trigger_target_dag to None, run_after=None
[2022-06-14 18:58:36,979] {processor.py:161} INFO - Processing /usr/local/lib/python3.10/dist-packages/airflow/example_dags/example_trigger_target_dag.py took 0.071 seconds
[2022-06-14 18:59:11,837] {processor.py:153} INFO - Started process (PID=9209) to work on /usr/local/lib/python3.10/dist-packages/airflow/example_dags/example_trigger_target_dag.py
[2022-06-14 18:59:11,837] {processor.py:641} INFO - Processing file /usr/local/lib/python3.10/dist-packages/airflow/example_dags/example_trigger_target_dag.py for tasks to queue
[2022-06-14 18:59:11,838] {logging_mixin.py:115} INFO - [2022-06-14 18:59:11,838] {dagbag.py:507} INFO - Filling up the DagBag from /usr/local/lib/python3.10/dist-packages/airflow/example_dags/example_trigger_target_dag.py
[2022-06-14 18:59:11,853] {processor.py:651} INFO - DAG(s) dict_keys(['example_trigger_target_dag']) retrieved from /usr/local/lib/python3.10/dist-packages/airflow/example_dags/example_trigger_target_dag.py
[2022-06-14 18:59:11,867] {logging_mixin.py:115} INFO - [2022-06-14 18:59:11,867] {dag.py:2371} INFO - Sync 1 DAGs
[2022-06-14 18:59:11,884] {logging_mixin.py:115} INFO - [2022-06-14 18:59:11,884] {dag.py:2915} INFO - Setting next_dagrun for example_trigger_target_dag to None, run_after=None
[2022-06-14 18:59:11,903] {processor.py:161} INFO - Processing /usr/local/lib/python3.10/dist-packages/airflow/example_dags/example_trigger_target_dag.py took 0.068 seconds
[2022-06-14 18:59:44,369] {processor.py:153} INFO - Started process (PID=9254) to work on /usr/local/lib/python3.10/dist-packages/airflow/example_dags/example_trigger_target_dag.py
[2022-06-14 18:59:44,370] {processor.py:641} INFO - Processing file /usr/local/lib/python3.10/dist-packages/airflow/example_dags/example_trigger_target_dag.py for tasks to queue
[2022-06-14 18:59:44,370] {logging_mixin.py:115} INFO - [2022-06-14 18:59:44,370] {dagbag.py:507} INFO - Filling up the DagBag from /usr/local/lib/python3.10/dist-packages/airflow/example_dags/example_trigger_target_dag.py
[2022-06-14 18:59:44,385] {processor.py:651} INFO - DAG(s) dict_keys(['example_trigger_target_dag']) retrieved from /usr/local/lib/python3.10/dist-packages/airflow/example_dags/example_trigger_target_dag.py
[2022-06-14 18:59:44,399] {logging_mixin.py:115} INFO - [2022-06-14 18:59:44,399] {dag.py:2371} INFO - Sync 1 DAGs
[2022-06-14 18:59:44,416] {logging_mixin.py:115} INFO - [2022-06-14 18:59:44,416] {dag.py:2915} INFO - Setting next_dagrun for example_trigger_target_dag to None, run_after=None
[2022-06-14 18:59:44,434] {processor.py:161} INFO - Processing /usr/local/lib/python3.10/dist-packages/airflow/example_dags/example_trigger_target_dag.py took 0.067 seconds
[2022-06-14 19:00:18,909] {processor.py:153} INFO - Started process (PID=9323) to work on /usr/local/lib/python3.10/dist-packages/airflow/example_dags/example_trigger_target_dag.py
[2022-06-14 19:00:18,910] {processor.py:641} INFO - Processing file /usr/local/lib/python3.10/dist-packages/airflow/example_dags/example_trigger_target_dag.py for tasks to queue
[2022-06-14 19:00:18,910] {logging_mixin.py:115} INFO - [2022-06-14 19:00:18,910] {dagbag.py:507} INFO - Filling up the DagBag from /usr/local/lib/python3.10/dist-packages/airflow/example_dags/example_trigger_target_dag.py
[2022-06-14 19:00:18,926] {processor.py:651} INFO - DAG(s) dict_keys(['example_trigger_target_dag']) retrieved from /usr/local/lib/python3.10/dist-packages/airflow/example_dags/example_trigger_target_dag.py
[2022-06-14 19:00:18,941] {logging_mixin.py:115} INFO - [2022-06-14 19:00:18,940] {dag.py:2371} INFO - Sync 1 DAGs
[2022-06-14 19:00:18,957] {logging_mixin.py:115} INFO - [2022-06-14 19:00:18,957] {dag.py:2915} INFO - Setting next_dagrun for example_trigger_target_dag to None, run_after=None
[2022-06-14 19:00:18,995] {processor.py:161} INFO - Processing /usr/local/lib/python3.10/dist-packages/airflow/example_dags/example_trigger_target_dag.py took 0.088 seconds
[2022-06-14 19:00:54,129] {processor.py:153} INFO - Started process (PID=9368) to work on /usr/local/lib/python3.10/dist-packages/airflow/example_dags/example_trigger_target_dag.py
[2022-06-14 19:00:54,129] {processor.py:641} INFO - Processing file /usr/local/lib/python3.10/dist-packages/airflow/example_dags/example_trigger_target_dag.py for tasks to queue
[2022-06-14 19:00:54,130] {logging_mixin.py:115} INFO - [2022-06-14 19:00:54,130] {dagbag.py:507} INFO - Filling up the DagBag from /usr/local/lib/python3.10/dist-packages/airflow/example_dags/example_trigger_target_dag.py
[2022-06-14 19:00:54,146] {processor.py:651} INFO - DAG(s) dict_keys(['example_trigger_target_dag']) retrieved from /usr/local/lib/python3.10/dist-packages/airflow/example_dags/example_trigger_target_dag.py
[2022-06-14 19:00:54,160] {logging_mixin.py:115} INFO - [2022-06-14 19:00:54,160] {dag.py:2371} INFO - Sync 1 DAGs
[2022-06-14 19:00:54,177] {logging_mixin.py:115} INFO - [2022-06-14 19:00:54,176] {dag.py:2915} INFO - Setting next_dagrun for example_trigger_target_dag to None, run_after=None
[2022-06-14 19:00:54,194] {processor.py:161} INFO - Processing /usr/local/lib/python3.10/dist-packages/airflow/example_dags/example_trigger_target_dag.py took 0.068 seconds
[2022-06-14 19:01:28,150] {processor.py:153} INFO - Started process (PID=9417) to work on /usr/local/lib/python3.10/dist-packages/airflow/example_dags/example_trigger_target_dag.py
[2022-06-14 19:01:28,151] {processor.py:641} INFO - Processing file /usr/local/lib/python3.10/dist-packages/airflow/example_dags/example_trigger_target_dag.py for tasks to queue
[2022-06-14 19:01:28,151] {logging_mixin.py:115} INFO - [2022-06-14 19:01:28,151] {dagbag.py:507} INFO - Filling up the DagBag from /usr/local/lib/python3.10/dist-packages/airflow/example_dags/example_trigger_target_dag.py
[2022-06-14 19:01:28,167] {processor.py:651} INFO - DAG(s) dict_keys(['example_trigger_target_dag']) retrieved from /usr/local/lib/python3.10/dist-packages/airflow/example_dags/example_trigger_target_dag.py
[2022-06-14 19:01:28,182] {logging_mixin.py:115} INFO - [2022-06-14 19:01:28,182] {dag.py:2371} INFO - Sync 1 DAGs
[2022-06-14 19:01:28,200] {logging_mixin.py:115} INFO - [2022-06-14 19:01:28,200] {dag.py:2915} INFO - Setting next_dagrun for example_trigger_target_dag to None, run_after=None
[2022-06-14 19:01:28,218] {processor.py:161} INFO - Processing /usr/local/lib/python3.10/dist-packages/airflow/example_dags/example_trigger_target_dag.py took 0.070 seconds
[2022-06-14 19:02:07,065] {processor.py:153} INFO - Started process (PID=9473) to work on /usr/local/lib/python3.10/dist-packages/airflow/example_dags/example_trigger_target_dag.py
[2022-06-14 19:02:07,065] {processor.py:641} INFO - Processing file /usr/local/lib/python3.10/dist-packages/airflow/example_dags/example_trigger_target_dag.py for tasks to queue
[2022-06-14 19:02:07,066] {logging_mixin.py:115} INFO - [2022-06-14 19:02:07,066] {dagbag.py:507} INFO - Filling up the DagBag from /usr/local/lib/python3.10/dist-packages/airflow/example_dags/example_trigger_target_dag.py
[2022-06-14 19:02:07,082] {processor.py:651} INFO - DAG(s) dict_keys(['example_trigger_target_dag']) retrieved from /usr/local/lib/python3.10/dist-packages/airflow/example_dags/example_trigger_target_dag.py
[2022-06-14 19:02:07,096] {logging_mixin.py:115} INFO - [2022-06-14 19:02:07,096] {dag.py:2371} INFO - Sync 1 DAGs
[2022-06-14 19:02:07,113] {logging_mixin.py:115} INFO - [2022-06-14 19:02:07,113] {dag.py:2915} INFO - Setting next_dagrun for example_trigger_target_dag to None, run_after=None
[2022-06-14 19:02:07,132] {processor.py:161} INFO - Processing /usr/local/lib/python3.10/dist-packages/airflow/example_dags/example_trigger_target_dag.py took 0.070 seconds
[2022-06-14 19:02:42,001] {processor.py:153} INFO - Started process (PID=9518) to work on /usr/local/lib/python3.10/dist-packages/airflow/example_dags/example_trigger_target_dag.py
[2022-06-14 19:02:42,001] {processor.py:641} INFO - Processing file /usr/local/lib/python3.10/dist-packages/airflow/example_dags/example_trigger_target_dag.py for tasks to queue
[2022-06-14 19:02:42,002] {logging_mixin.py:115} INFO - [2022-06-14 19:02:42,002] {dagbag.py:507} INFO - Filling up the DagBag from /usr/local/lib/python3.10/dist-packages/airflow/example_dags/example_trigger_target_dag.py
[2022-06-14 19:02:42,020] {processor.py:651} INFO - DAG(s) dict_keys(['example_trigger_target_dag']) retrieved from /usr/local/lib/python3.10/dist-packages/airflow/example_dags/example_trigger_target_dag.py
[2022-06-14 19:02:42,034] {logging_mixin.py:115} INFO - [2022-06-14 19:02:42,034] {dag.py:2371} INFO - Sync 1 DAGs
[2022-06-14 19:02:42,050] {logging_mixin.py:115} INFO - [2022-06-14 19:02:42,050] {dag.py:2915} INFO - Setting next_dagrun for example_trigger_target_dag to None, run_after=None
[2022-06-14 19:02:42,066] {processor.py:161} INFO - Processing /usr/local/lib/python3.10/dist-packages/airflow/example_dags/example_trigger_target_dag.py took 0.069 seconds
[2022-06-14 19:03:20,494] {processor.py:153} INFO - Started process (PID=9608) to work on /usr/local/lib/python3.10/dist-packages/airflow/example_dags/example_trigger_target_dag.py
[2022-06-14 19:03:20,494] {processor.py:641} INFO - Processing file /usr/local/lib/python3.10/dist-packages/airflow/example_dags/example_trigger_target_dag.py for tasks to queue
[2022-06-14 19:03:20,495] {logging_mixin.py:115} INFO - [2022-06-14 19:03:20,495] {dagbag.py:507} INFO - Filling up the DagBag from /usr/local/lib/python3.10/dist-packages/airflow/example_dags/example_trigger_target_dag.py
[2022-06-14 19:03:20,511] {processor.py:651} INFO - DAG(s) dict_keys(['example_trigger_target_dag']) retrieved from /usr/local/lib/python3.10/dist-packages/airflow/example_dags/example_trigger_target_dag.py
[2022-06-14 19:03:20,525] {logging_mixin.py:115} INFO - [2022-06-14 19:03:20,525] {dag.py:2371} INFO - Sync 1 DAGs
[2022-06-14 19:03:20,542] {logging_mixin.py:115} INFO - [2022-06-14 19:03:20,542] {dag.py:2915} INFO - Setting next_dagrun for example_trigger_target_dag to None, run_after=None
[2022-06-14 19:03:20,560] {processor.py:161} INFO - Processing /usr/local/lib/python3.10/dist-packages/airflow/example_dags/example_trigger_target_dag.py took 0.068 seconds
[2022-06-14 19:03:56,493] {processor.py:153} INFO - Started process (PID=9657) to work on /usr/local/lib/python3.10/dist-packages/airflow/example_dags/example_trigger_target_dag.py
[2022-06-14 19:03:56,493] {processor.py:641} INFO - Processing file /usr/local/lib/python3.10/dist-packages/airflow/example_dags/example_trigger_target_dag.py for tasks to queue
[2022-06-14 19:03:56,494] {logging_mixin.py:115} INFO - [2022-06-14 19:03:56,494] {dagbag.py:507} INFO - Filling up the DagBag from /usr/local/lib/python3.10/dist-packages/airflow/example_dags/example_trigger_target_dag.py
[2022-06-14 19:03:56,510] {processor.py:651} INFO - DAG(s) dict_keys(['example_trigger_target_dag']) retrieved from /usr/local/lib/python3.10/dist-packages/airflow/example_dags/example_trigger_target_dag.py
[2022-06-14 19:03:56,525] {logging_mixin.py:115} INFO - [2022-06-14 19:03:56,525] {dag.py:2371} INFO - Sync 1 DAGs
[2022-06-14 19:03:56,543] {logging_mixin.py:115} INFO - [2022-06-14 19:03:56,542] {dag.py:2915} INFO - Setting next_dagrun for example_trigger_target_dag to None, run_after=None
[2022-06-14 19:03:56,560] {processor.py:161} INFO - Processing /usr/local/lib/python3.10/dist-packages/airflow/example_dags/example_trigger_target_dag.py took 0.070 seconds
[2022-06-14 19:04:35,787] {processor.py:153} INFO - Started process (PID=9710) to work on /usr/local/lib/python3.10/dist-packages/airflow/example_dags/example_trigger_target_dag.py
[2022-06-14 19:04:35,788] {processor.py:641} INFO - Processing file /usr/local/lib/python3.10/dist-packages/airflow/example_dags/example_trigger_target_dag.py for tasks to queue
[2022-06-14 19:04:35,789] {logging_mixin.py:115} INFO - [2022-06-14 19:04:35,788] {dagbag.py:507} INFO - Filling up the DagBag from /usr/local/lib/python3.10/dist-packages/airflow/example_dags/example_trigger_target_dag.py
[2022-06-14 19:04:35,805] {processor.py:651} INFO - DAG(s) dict_keys(['example_trigger_target_dag']) retrieved from /usr/local/lib/python3.10/dist-packages/airflow/example_dags/example_trigger_target_dag.py
[2022-06-14 19:04:35,820] {logging_mixin.py:115} INFO - [2022-06-14 19:04:35,820] {dag.py:2371} INFO - Sync 1 DAGs
[2022-06-14 19:04:35,837] {logging_mixin.py:115} INFO - [2022-06-14 19:04:35,837] {dag.py:2915} INFO - Setting next_dagrun for example_trigger_target_dag to None, run_after=None
[2022-06-14 19:04:35,854] {processor.py:161} INFO - Processing /usr/local/lib/python3.10/dist-packages/airflow/example_dags/example_trigger_target_dag.py took 0.069 seconds
[2022-06-14 19:05:12,643] {processor.py:153} INFO - Started process (PID=9759) to work on /usr/local/lib/python3.10/dist-packages/airflow/example_dags/example_trigger_target_dag.py
[2022-06-14 19:05:12,644] {processor.py:641} INFO - Processing file /usr/local/lib/python3.10/dist-packages/airflow/example_dags/example_trigger_target_dag.py for tasks to queue
[2022-06-14 19:05:12,645] {logging_mixin.py:115} INFO - [2022-06-14 19:05:12,644] {dagbag.py:507} INFO - Filling up the DagBag from /usr/local/lib/python3.10/dist-packages/airflow/example_dags/example_trigger_target_dag.py
[2022-06-14 19:05:12,660] {processor.py:651} INFO - DAG(s) dict_keys(['example_trigger_target_dag']) retrieved from /usr/local/lib/python3.10/dist-packages/airflow/example_dags/example_trigger_target_dag.py
[2022-06-14 19:05:12,675] {logging_mixin.py:115} INFO - [2022-06-14 19:05:12,675] {dag.py:2371} INFO - Sync 1 DAGs
[2022-06-14 19:05:12,693] {logging_mixin.py:115} INFO - [2022-06-14 19:05:12,693] {dag.py:2915} INFO - Setting next_dagrun for example_trigger_target_dag to None, run_after=None
[2022-06-14 19:05:12,712] {processor.py:161} INFO - Processing /usr/local/lib/python3.10/dist-packages/airflow/example_dags/example_trigger_target_dag.py took 0.071 seconds
[2022-06-14 19:05:45,528] {processor.py:153} INFO - Started process (PID=9811) to work on /usr/local/lib/python3.10/dist-packages/airflow/example_dags/example_trigger_target_dag.py
[2022-06-14 19:05:45,529] {processor.py:641} INFO - Processing file /usr/local/lib/python3.10/dist-packages/airflow/example_dags/example_trigger_target_dag.py for tasks to queue
[2022-06-14 19:05:45,529] {logging_mixin.py:115} INFO - [2022-06-14 19:05:45,529] {dagbag.py:507} INFO - Filling up the DagBag from /usr/local/lib/python3.10/dist-packages/airflow/example_dags/example_trigger_target_dag.py
[2022-06-14 19:05:45,545] {processor.py:651} INFO - DAG(s) dict_keys(['example_trigger_target_dag']) retrieved from /usr/local/lib/python3.10/dist-packages/airflow/example_dags/example_trigger_target_dag.py
[2022-06-14 19:05:45,559] {logging_mixin.py:115} INFO - [2022-06-14 19:05:45,559] {dag.py:2371} INFO - Sync 1 DAGs
[2022-06-14 19:05:45,575] {logging_mixin.py:115} INFO - [2022-06-14 19:05:45,575] {dag.py:2915} INFO - Setting next_dagrun for example_trigger_target_dag to None, run_after=None
[2022-06-14 19:05:45,593] {processor.py:161} INFO - Processing /usr/local/lib/python3.10/dist-packages/airflow/example_dags/example_trigger_target_dag.py took 0.068 seconds
[2022-06-14 19:06:24,134] {processor.py:153} INFO - Started process (PID=9859) to work on /usr/local/lib/python3.10/dist-packages/airflow/example_dags/example_trigger_target_dag.py
[2022-06-14 19:06:24,134] {processor.py:641} INFO - Processing file /usr/local/lib/python3.10/dist-packages/airflow/example_dags/example_trigger_target_dag.py for tasks to queue
[2022-06-14 19:06:24,135] {logging_mixin.py:115} INFO - [2022-06-14 19:06:24,135] {dagbag.py:507} INFO - Filling up the DagBag from /usr/local/lib/python3.10/dist-packages/airflow/example_dags/example_trigger_target_dag.py
[2022-06-14 19:06:24,150] {processor.py:651} INFO - DAG(s) dict_keys(['example_trigger_target_dag']) retrieved from /usr/local/lib/python3.10/dist-packages/airflow/example_dags/example_trigger_target_dag.py
[2022-06-14 19:06:24,164] {logging_mixin.py:115} INFO - [2022-06-14 19:06:24,164] {dag.py:2371} INFO - Sync 1 DAGs
[2022-06-14 19:06:24,181] {logging_mixin.py:115} INFO - [2022-06-14 19:06:24,181] {dag.py:2915} INFO - Setting next_dagrun for example_trigger_target_dag to None, run_after=None
[2022-06-14 19:06:24,199] {processor.py:161} INFO - Processing /usr/local/lib/python3.10/dist-packages/airflow/example_dags/example_trigger_target_dag.py took 0.068 seconds
[2022-06-14 19:07:00,857] {processor.py:153} INFO - Started process (PID=9916) to work on /usr/local/lib/python3.10/dist-packages/airflow/example_dags/example_trigger_target_dag.py
[2022-06-14 19:07:00,857] {processor.py:641} INFO - Processing file /usr/local/lib/python3.10/dist-packages/airflow/example_dags/example_trigger_target_dag.py for tasks to queue
[2022-06-14 19:07:00,858] {logging_mixin.py:115} INFO - [2022-06-14 19:07:00,858] {dagbag.py:507} INFO - Filling up the DagBag from /usr/local/lib/python3.10/dist-packages/airflow/example_dags/example_trigger_target_dag.py
[2022-06-14 19:07:00,874] {processor.py:651} INFO - DAG(s) dict_keys(['example_trigger_target_dag']) retrieved from /usr/local/lib/python3.10/dist-packages/airflow/example_dags/example_trigger_target_dag.py
[2022-06-14 19:07:00,891] {logging_mixin.py:115} INFO - [2022-06-14 19:07:00,891] {dag.py:2371} INFO - Sync 1 DAGs
[2022-06-14 19:07:00,908] {logging_mixin.py:115} INFO - [2022-06-14 19:07:00,908] {dag.py:2915} INFO - Setting next_dagrun for example_trigger_target_dag to None, run_after=None
[2022-06-14 19:07:00,926] {processor.py:161} INFO - Processing /usr/local/lib/python3.10/dist-packages/airflow/example_dags/example_trigger_target_dag.py took 0.071 seconds
[2022-06-14 19:07:34,558] {processor.py:153} INFO - Started process (PID=9960) to work on /usr/local/lib/python3.10/dist-packages/airflow/example_dags/example_trigger_target_dag.py
[2022-06-14 19:07:34,558] {processor.py:641} INFO - Processing file /usr/local/lib/python3.10/dist-packages/airflow/example_dags/example_trigger_target_dag.py for tasks to queue
[2022-06-14 19:07:34,559] {logging_mixin.py:115} INFO - [2022-06-14 19:07:34,559] {dagbag.py:507} INFO - Filling up the DagBag from /usr/local/lib/python3.10/dist-packages/airflow/example_dags/example_trigger_target_dag.py
[2022-06-14 19:07:34,575] {processor.py:651} INFO - DAG(s) dict_keys(['example_trigger_target_dag']) retrieved from /usr/local/lib/python3.10/dist-packages/airflow/example_dags/example_trigger_target_dag.py
[2022-06-14 19:07:34,589] {logging_mixin.py:115} INFO - [2022-06-14 19:07:34,589] {dag.py:2371} INFO - Sync 1 DAGs
[2022-06-14 19:07:34,606] {logging_mixin.py:115} INFO - [2022-06-14 19:07:34,606] {dag.py:2915} INFO - Setting next_dagrun for example_trigger_target_dag to None, run_after=None
[2022-06-14 19:07:34,623] {processor.py:161} INFO - Processing /usr/local/lib/python3.10/dist-packages/airflow/example_dags/example_trigger_target_dag.py took 0.068 seconds
[2022-06-14 19:08:07,322] {processor.py:153} INFO - Started process (PID=10008) to work on /usr/local/lib/python3.10/dist-packages/airflow/example_dags/example_trigger_target_dag.py
[2022-06-14 19:08:07,322] {processor.py:641} INFO - Processing file /usr/local/lib/python3.10/dist-packages/airflow/example_dags/example_trigger_target_dag.py for tasks to queue
[2022-06-14 19:08:07,323] {logging_mixin.py:115} INFO - [2022-06-14 19:08:07,323] {dagbag.py:507} INFO - Filling up the DagBag from /usr/local/lib/python3.10/dist-packages/airflow/example_dags/example_trigger_target_dag.py
[2022-06-14 19:08:07,338] {processor.py:651} INFO - DAG(s) dict_keys(['example_trigger_target_dag']) retrieved from /usr/local/lib/python3.10/dist-packages/airflow/example_dags/example_trigger_target_dag.py
[2022-06-14 19:08:07,352] {logging_mixin.py:115} INFO - [2022-06-14 19:08:07,352] {dag.py:2371} INFO - Sync 1 DAGs
[2022-06-14 19:08:07,369] {logging_mixin.py:115} INFO - [2022-06-14 19:08:07,369] {dag.py:2915} INFO - Setting next_dagrun for example_trigger_target_dag to None, run_after=None
[2022-06-14 19:08:07,387] {processor.py:161} INFO - Processing /usr/local/lib/python3.10/dist-packages/airflow/example_dags/example_trigger_target_dag.py took 0.068 seconds
[2022-06-14 19:08:40,098] {processor.py:153} INFO - Started process (PID=10051) to work on /usr/local/lib/python3.10/dist-packages/airflow/example_dags/example_trigger_target_dag.py
[2022-06-14 19:08:40,099] {processor.py:641} INFO - Processing file /usr/local/lib/python3.10/dist-packages/airflow/example_dags/example_trigger_target_dag.py for tasks to queue
[2022-06-14 19:08:40,099] {logging_mixin.py:115} INFO - [2022-06-14 19:08:40,099] {dagbag.py:507} INFO - Filling up the DagBag from /usr/local/lib/python3.10/dist-packages/airflow/example_dags/example_trigger_target_dag.py
[2022-06-14 19:08:40,116] {processor.py:651} INFO - DAG(s) dict_keys(['example_trigger_target_dag']) retrieved from /usr/local/lib/python3.10/dist-packages/airflow/example_dags/example_trigger_target_dag.py
[2022-06-14 19:08:40,131] {logging_mixin.py:115} INFO - [2022-06-14 19:08:40,131] {dag.py:2371} INFO - Sync 1 DAGs
[2022-06-14 19:08:40,153] {logging_mixin.py:115} INFO - [2022-06-14 19:08:40,153] {dag.py:2915} INFO - Setting next_dagrun for example_trigger_target_dag to None, run_after=None
[2022-06-14 19:08:40,172] {processor.py:161} INFO - Processing /usr/local/lib/python3.10/dist-packages/airflow/example_dags/example_trigger_target_dag.py took 0.077 seconds
[2022-06-14 19:09:15,016] {processor.py:153} INFO - Started process (PID=10103) to work on /usr/local/lib/python3.10/dist-packages/airflow/example_dags/example_trigger_target_dag.py
[2022-06-14 19:09:15,017] {processor.py:641} INFO - Processing file /usr/local/lib/python3.10/dist-packages/airflow/example_dags/example_trigger_target_dag.py for tasks to queue
[2022-06-14 19:09:15,018] {logging_mixin.py:115} INFO - [2022-06-14 19:09:15,018] {dagbag.py:507} INFO - Filling up the DagBag from /usr/local/lib/python3.10/dist-packages/airflow/example_dags/example_trigger_target_dag.py
[2022-06-14 19:09:15,033] {processor.py:651} INFO - DAG(s) dict_keys(['example_trigger_target_dag']) retrieved from /usr/local/lib/python3.10/dist-packages/airflow/example_dags/example_trigger_target_dag.py
[2022-06-14 19:09:15,047] {logging_mixin.py:115} INFO - [2022-06-14 19:09:15,047] {dag.py:2371} INFO - Sync 1 DAGs
[2022-06-14 19:09:15,065] {logging_mixin.py:115} INFO - [2022-06-14 19:09:15,065] {dag.py:2915} INFO - Setting next_dagrun for example_trigger_target_dag to None, run_after=None
[2022-06-14 19:09:15,085] {processor.py:161} INFO - Processing /usr/local/lib/python3.10/dist-packages/airflow/example_dags/example_trigger_target_dag.py took 0.071 seconds
[2022-06-14 19:09:50,640] {processor.py:153} INFO - Started process (PID=10151) to work on /usr/local/lib/python3.10/dist-packages/airflow/example_dags/example_trigger_target_dag.py
[2022-06-14 19:09:50,641] {processor.py:641} INFO - Processing file /usr/local/lib/python3.10/dist-packages/airflow/example_dags/example_trigger_target_dag.py for tasks to queue
[2022-06-14 19:09:50,641] {logging_mixin.py:115} INFO - [2022-06-14 19:09:50,641] {dagbag.py:507} INFO - Filling up the DagBag from /usr/local/lib/python3.10/dist-packages/airflow/example_dags/example_trigger_target_dag.py
[2022-06-14 19:09:50,656] {processor.py:651} INFO - DAG(s) dict_keys(['example_trigger_target_dag']) retrieved from /usr/local/lib/python3.10/dist-packages/airflow/example_dags/example_trigger_target_dag.py
[2022-06-14 19:09:50,670] {logging_mixin.py:115} INFO - [2022-06-14 19:09:50,670] {dag.py:2371} INFO - Sync 1 DAGs
[2022-06-14 19:09:50,687] {logging_mixin.py:115} INFO - [2022-06-14 19:09:50,687] {dag.py:2915} INFO - Setting next_dagrun for example_trigger_target_dag to None, run_after=None
[2022-06-14 19:09:50,705] {processor.py:161} INFO - Processing /usr/local/lib/python3.10/dist-packages/airflow/example_dags/example_trigger_target_dag.py took 0.067 seconds
[2022-06-14 19:10:25,457] {processor.py:153} INFO - Started process (PID=10248) to work on /usr/local/lib/python3.10/dist-packages/airflow/example_dags/example_trigger_target_dag.py
[2022-06-14 19:10:25,458] {processor.py:641} INFO - Processing file /usr/local/lib/python3.10/dist-packages/airflow/example_dags/example_trigger_target_dag.py for tasks to queue
[2022-06-14 19:10:25,458] {logging_mixin.py:115} INFO - [2022-06-14 19:10:25,458] {dagbag.py:507} INFO - Filling up the DagBag from /usr/local/lib/python3.10/dist-packages/airflow/example_dags/example_trigger_target_dag.py
[2022-06-14 19:10:25,474] {processor.py:651} INFO - DAG(s) dict_keys(['example_trigger_target_dag']) retrieved from /usr/local/lib/python3.10/dist-packages/airflow/example_dags/example_trigger_target_dag.py
[2022-06-14 19:10:25,490] {logging_mixin.py:115} INFO - [2022-06-14 19:10:25,489] {dag.py:2371} INFO - Sync 1 DAGs
[2022-06-14 19:10:25,507] {logging_mixin.py:115} INFO - [2022-06-14 19:10:25,507] {dag.py:2915} INFO - Setting next_dagrun for example_trigger_target_dag to None, run_after=None
[2022-06-14 19:10:25,526] {processor.py:161} INFO - Processing /usr/local/lib/python3.10/dist-packages/airflow/example_dags/example_trigger_target_dag.py took 0.071 seconds
