[2022-06-14 18:33:57,082] {processor.py:153} INFO - Started process (PID=6651) to work on /usr/local/lib/python3.10/dist-packages/airflow/example_dags/example_bash_operator.py
[2022-06-14 18:33:57,083] {processor.py:641} INFO - Processing file /usr/local/lib/python3.10/dist-packages/airflow/example_dags/example_bash_operator.py for tasks to queue
[2022-06-14 18:33:57,083] {logging_mixin.py:115} INFO - [2022-06-14 18:33:57,083] {dagbag.py:507} INFO - Filling up the DagBag from /usr/local/lib/python3.10/dist-packages/airflow/example_dags/example_bash_operator.py
[2022-06-14 18:33:57,095] {processor.py:651} INFO - DAG(s) dict_keys(['example_bash_operator']) retrieved from /usr/local/lib/python3.10/dist-packages/airflow/example_dags/example_bash_operator.py
[2022-06-14 18:33:57,113] {logging_mixin.py:115} INFO - [2022-06-14 18:33:57,113] {dag.py:2371} INFO - Sync 1 DAGs
[2022-06-14 18:33:57,134] {logging_mixin.py:115} INFO - [2022-06-14 18:33:57,134] {dag.py:2915} INFO - Setting next_dagrun for example_bash_operator to 2022-06-14T00:00:00+00:00, run_after=2022-06-15T00:00:00+00:00
[2022-06-14 18:33:57,154] {processor.py:161} INFO - Processing /usr/local/lib/python3.10/dist-packages/airflow/example_dags/example_bash_operator.py took 0.074 seconds
[2022-06-14 18:34:33,148] {processor.py:153} INFO - Started process (PID=6707) to work on /usr/local/lib/python3.10/dist-packages/airflow/example_dags/example_bash_operator.py
[2022-06-14 18:34:33,148] {processor.py:641} INFO - Processing file /usr/local/lib/python3.10/dist-packages/airflow/example_dags/example_bash_operator.py for tasks to queue
[2022-06-14 18:34:33,149] {logging_mixin.py:115} INFO - [2022-06-14 18:34:33,149] {dagbag.py:507} INFO - Filling up the DagBag from /usr/local/lib/python3.10/dist-packages/airflow/example_dags/example_bash_operator.py
[2022-06-14 18:34:33,159] {processor.py:651} INFO - DAG(s) dict_keys(['example_bash_operator']) retrieved from /usr/local/lib/python3.10/dist-packages/airflow/example_dags/example_bash_operator.py
[2022-06-14 18:34:33,175] {logging_mixin.py:115} INFO - [2022-06-14 18:34:33,175] {dag.py:2371} INFO - Sync 1 DAGs
[2022-06-14 18:34:33,194] {logging_mixin.py:115} INFO - [2022-06-14 18:34:33,194] {dag.py:2915} INFO - Setting next_dagrun for example_bash_operator to 2022-06-14T00:00:00+00:00, run_after=2022-06-15T00:00:00+00:00
[2022-06-14 18:34:33,212] {processor.py:161} INFO - Processing /usr/local/lib/python3.10/dist-packages/airflow/example_dags/example_bash_operator.py took 0.067 seconds
[2022-06-14 18:35:08,027] {processor.py:153} INFO - Started process (PID=6771) to work on /usr/local/lib/python3.10/dist-packages/airflow/example_dags/example_bash_operator.py
[2022-06-14 18:35:08,028] {processor.py:641} INFO - Processing file /usr/local/lib/python3.10/dist-packages/airflow/example_dags/example_bash_operator.py for tasks to queue
[2022-06-14 18:35:08,028] {logging_mixin.py:115} INFO - [2022-06-14 18:35:08,028] {dagbag.py:507} INFO - Filling up the DagBag from /usr/local/lib/python3.10/dist-packages/airflow/example_dags/example_bash_operator.py
[2022-06-14 18:35:08,039] {processor.py:651} INFO - DAG(s) dict_keys(['example_bash_operator']) retrieved from /usr/local/lib/python3.10/dist-packages/airflow/example_dags/example_bash_operator.py
[2022-06-14 18:35:08,054] {logging_mixin.py:115} INFO - [2022-06-14 18:35:08,054] {dag.py:2371} INFO - Sync 1 DAGs
[2022-06-14 18:35:08,073] {logging_mixin.py:115} INFO - [2022-06-14 18:35:08,073] {dag.py:2915} INFO - Setting next_dagrun for example_bash_operator to 2022-06-14T00:00:00+00:00, run_after=2022-06-15T00:00:00+00:00
[2022-06-14 18:35:08,090] {processor.py:161} INFO - Processing /usr/local/lib/python3.10/dist-packages/airflow/example_dags/example_bash_operator.py took 0.065 seconds
[2022-06-14 18:35:44,100] {processor.py:153} INFO - Started process (PID=6821) to work on /usr/local/lib/python3.10/dist-packages/airflow/example_dags/example_bash_operator.py
[2022-06-14 18:35:44,100] {processor.py:641} INFO - Processing file /usr/local/lib/python3.10/dist-packages/airflow/example_dags/example_bash_operator.py for tasks to queue
[2022-06-14 18:35:44,101] {logging_mixin.py:115} INFO - [2022-06-14 18:35:44,101] {dagbag.py:507} INFO - Filling up the DagBag from /usr/local/lib/python3.10/dist-packages/airflow/example_dags/example_bash_operator.py
[2022-06-14 18:35:44,111] {processor.py:651} INFO - DAG(s) dict_keys(['example_bash_operator']) retrieved from /usr/local/lib/python3.10/dist-packages/airflow/example_dags/example_bash_operator.py
[2022-06-14 18:35:44,126] {logging_mixin.py:115} INFO - [2022-06-14 18:35:44,126] {dag.py:2371} INFO - Sync 1 DAGs
[2022-06-14 18:35:44,144] {logging_mixin.py:115} INFO - [2022-06-14 18:35:44,144] {dag.py:2915} INFO - Setting next_dagrun for example_bash_operator to 2022-06-14T00:00:00+00:00, run_after=2022-06-15T00:00:00+00:00
[2022-06-14 18:35:44,163] {processor.py:161} INFO - Processing /usr/local/lib/python3.10/dist-packages/airflow/example_dags/example_bash_operator.py took 0.065 seconds
[2022-06-14 18:36:19,068] {processor.py:153} INFO - Started process (PID=6871) to work on /usr/local/lib/python3.10/dist-packages/airflow/example_dags/example_bash_operator.py
[2022-06-14 18:36:19,068] {processor.py:641} INFO - Processing file /usr/local/lib/python3.10/dist-packages/airflow/example_dags/example_bash_operator.py for tasks to queue
[2022-06-14 18:36:19,069] {logging_mixin.py:115} INFO - [2022-06-14 18:36:19,069] {dagbag.py:507} INFO - Filling up the DagBag from /usr/local/lib/python3.10/dist-packages/airflow/example_dags/example_bash_operator.py
[2022-06-14 18:36:19,079] {processor.py:651} INFO - DAG(s) dict_keys(['example_bash_operator']) retrieved from /usr/local/lib/python3.10/dist-packages/airflow/example_dags/example_bash_operator.py
[2022-06-14 18:36:19,094] {logging_mixin.py:115} INFO - [2022-06-14 18:36:19,094] {dag.py:2371} INFO - Sync 1 DAGs
[2022-06-14 18:36:19,114] {logging_mixin.py:115} INFO - [2022-06-14 18:36:19,113] {dag.py:2915} INFO - Setting next_dagrun for example_bash_operator to 2022-06-14T00:00:00+00:00, run_after=2022-06-15T00:00:00+00:00
[2022-06-14 18:36:19,131] {processor.py:161} INFO - Processing /usr/local/lib/python3.10/dist-packages/airflow/example_dags/example_bash_operator.py took 0.066 seconds
[2022-06-14 18:36:56,306] {processor.py:153} INFO - Started process (PID=6926) to work on /usr/local/lib/python3.10/dist-packages/airflow/example_dags/example_bash_operator.py
[2022-06-14 18:36:56,306] {processor.py:641} INFO - Processing file /usr/local/lib/python3.10/dist-packages/airflow/example_dags/example_bash_operator.py for tasks to queue
[2022-06-14 18:36:56,307] {logging_mixin.py:115} INFO - [2022-06-14 18:36:56,307] {dagbag.py:507} INFO - Filling up the DagBag from /usr/local/lib/python3.10/dist-packages/airflow/example_dags/example_bash_operator.py
[2022-06-14 18:36:56,316] {processor.py:651} INFO - DAG(s) dict_keys(['example_bash_operator']) retrieved from /usr/local/lib/python3.10/dist-packages/airflow/example_dags/example_bash_operator.py
[2022-06-14 18:36:56,331] {logging_mixin.py:115} INFO - [2022-06-14 18:36:56,331] {dag.py:2371} INFO - Sync 1 DAGs
[2022-06-14 18:36:56,351] {logging_mixin.py:115} INFO - [2022-06-14 18:36:56,350] {dag.py:2915} INFO - Setting next_dagrun for example_bash_operator to 2022-06-14T00:00:00+00:00, run_after=2022-06-15T00:00:00+00:00
[2022-06-14 18:36:56,369] {processor.py:161} INFO - Processing /usr/local/lib/python3.10/dist-packages/airflow/example_dags/example_bash_operator.py took 0.066 seconds
[2022-06-14 18:37:31,212] {processor.py:153} INFO - Started process (PID=6971) to work on /usr/local/lib/python3.10/dist-packages/airflow/example_dags/example_bash_operator.py
[2022-06-14 18:37:31,213] {processor.py:641} INFO - Processing file /usr/local/lib/python3.10/dist-packages/airflow/example_dags/example_bash_operator.py for tasks to queue
[2022-06-14 18:37:31,213] {logging_mixin.py:115} INFO - [2022-06-14 18:37:31,213] {dagbag.py:507} INFO - Filling up the DagBag from /usr/local/lib/python3.10/dist-packages/airflow/example_dags/example_bash_operator.py
[2022-06-14 18:37:31,223] {processor.py:651} INFO - DAG(s) dict_keys(['example_bash_operator']) retrieved from /usr/local/lib/python3.10/dist-packages/airflow/example_dags/example_bash_operator.py
[2022-06-14 18:37:31,238] {logging_mixin.py:115} INFO - [2022-06-14 18:37:31,238] {dag.py:2371} INFO - Sync 1 DAGs
[2022-06-14 18:37:31,259] {logging_mixin.py:115} INFO - [2022-06-14 18:37:31,258] {dag.py:2915} INFO - Setting next_dagrun for example_bash_operator to 2022-06-14T00:00:00+00:00, run_after=2022-06-15T00:00:00+00:00
[2022-06-14 18:37:31,276] {processor.py:161} INFO - Processing /usr/local/lib/python3.10/dist-packages/airflow/example_dags/example_bash_operator.py took 0.066 seconds
[2022-06-14 18:38:09,560] {processor.py:153} INFO - Started process (PID=7026) to work on /usr/local/lib/python3.10/dist-packages/airflow/example_dags/example_bash_operator.py
[2022-06-14 18:38:09,561] {processor.py:641} INFO - Processing file /usr/local/lib/python3.10/dist-packages/airflow/example_dags/example_bash_operator.py for tasks to queue
[2022-06-14 18:38:09,561] {logging_mixin.py:115} INFO - [2022-06-14 18:38:09,561] {dagbag.py:507} INFO - Filling up the DagBag from /usr/local/lib/python3.10/dist-packages/airflow/example_dags/example_bash_operator.py
[2022-06-14 18:38:09,571] {processor.py:651} INFO - DAG(s) dict_keys(['example_bash_operator']) retrieved from /usr/local/lib/python3.10/dist-packages/airflow/example_dags/example_bash_operator.py
[2022-06-14 18:38:09,586] {logging_mixin.py:115} INFO - [2022-06-14 18:38:09,586] {dag.py:2371} INFO - Sync 1 DAGs
[2022-06-14 18:38:09,605] {logging_mixin.py:115} INFO - [2022-06-14 18:38:09,605] {dag.py:2915} INFO - Setting next_dagrun for example_bash_operator to 2022-06-14T00:00:00+00:00, run_after=2022-06-15T00:00:00+00:00
[2022-06-14 18:38:09,622] {processor.py:161} INFO - Processing /usr/local/lib/python3.10/dist-packages/airflow/example_dags/example_bash_operator.py took 0.065 seconds
[2022-06-14 18:38:44,384] {processor.py:153} INFO - Started process (PID=7073) to work on /usr/local/lib/python3.10/dist-packages/airflow/example_dags/example_bash_operator.py
[2022-06-14 18:38:44,385] {processor.py:641} INFO - Processing file /usr/local/lib/python3.10/dist-packages/airflow/example_dags/example_bash_operator.py for tasks to queue
[2022-06-14 18:38:44,386] {logging_mixin.py:115} INFO - [2022-06-14 18:38:44,386] {dagbag.py:507} INFO - Filling up the DagBag from /usr/local/lib/python3.10/dist-packages/airflow/example_dags/example_bash_operator.py
[2022-06-14 18:38:44,396] {processor.py:651} INFO - DAG(s) dict_keys(['example_bash_operator']) retrieved from /usr/local/lib/python3.10/dist-packages/airflow/example_dags/example_bash_operator.py
[2022-06-14 18:38:44,410] {logging_mixin.py:115} INFO - [2022-06-14 18:38:44,410] {dag.py:2371} INFO - Sync 1 DAGs
[2022-06-14 18:38:44,428] {logging_mixin.py:115} INFO - [2022-06-14 18:38:44,427] {dag.py:2915} INFO - Setting next_dagrun for example_bash_operator to 2022-06-14T00:00:00+00:00, run_after=2022-06-15T00:00:00+00:00
[2022-06-14 18:38:44,445] {processor.py:161} INFO - Processing /usr/local/lib/python3.10/dist-packages/airflow/example_dags/example_bash_operator.py took 0.063 seconds
[2022-06-14 18:39:21,622] {processor.py:153} INFO - Started process (PID=7130) to work on /usr/local/lib/python3.10/dist-packages/airflow/example_dags/example_bash_operator.py
[2022-06-14 18:39:21,622] {processor.py:641} INFO - Processing file /usr/local/lib/python3.10/dist-packages/airflow/example_dags/example_bash_operator.py for tasks to queue
[2022-06-14 18:39:21,623] {logging_mixin.py:115} INFO - [2022-06-14 18:39:21,623] {dagbag.py:507} INFO - Filling up the DagBag from /usr/local/lib/python3.10/dist-packages/airflow/example_dags/example_bash_operator.py
[2022-06-14 18:39:21,633] {processor.py:651} INFO - DAG(s) dict_keys(['example_bash_operator']) retrieved from /usr/local/lib/python3.10/dist-packages/airflow/example_dags/example_bash_operator.py
[2022-06-14 18:39:21,648] {logging_mixin.py:115} INFO - [2022-06-14 18:39:21,648] {dag.py:2371} INFO - Sync 1 DAGs
[2022-06-14 18:39:21,666] {logging_mixin.py:115} INFO - [2022-06-14 18:39:21,666] {dag.py:2915} INFO - Setting next_dagrun for example_bash_operator to 2022-06-14T00:00:00+00:00, run_after=2022-06-15T00:00:00+00:00
[2022-06-14 18:39:21,685] {processor.py:161} INFO - Processing /usr/local/lib/python3.10/dist-packages/airflow/example_dags/example_bash_operator.py took 0.066 seconds
[2022-06-14 18:39:57,806] {processor.py:153} INFO - Started process (PID=7186) to work on /usr/local/lib/python3.10/dist-packages/airflow/example_dags/example_bash_operator.py
[2022-06-14 18:39:57,806] {processor.py:641} INFO - Processing file /usr/local/lib/python3.10/dist-packages/airflow/example_dags/example_bash_operator.py for tasks to queue
[2022-06-14 18:39:57,807] {logging_mixin.py:115} INFO - [2022-06-14 18:39:57,807] {dagbag.py:507} INFO - Filling up the DagBag from /usr/local/lib/python3.10/dist-packages/airflow/example_dags/example_bash_operator.py
[2022-06-14 18:39:57,817] {processor.py:651} INFO - DAG(s) dict_keys(['example_bash_operator']) retrieved from /usr/local/lib/python3.10/dist-packages/airflow/example_dags/example_bash_operator.py
[2022-06-14 18:39:57,832] {logging_mixin.py:115} INFO - [2022-06-14 18:39:57,832] {dag.py:2371} INFO - Sync 1 DAGs
[2022-06-14 18:39:57,851] {logging_mixin.py:115} INFO - [2022-06-14 18:39:57,851] {dag.py:2915} INFO - Setting next_dagrun for example_bash_operator to 2022-06-14T00:00:00+00:00, run_after=2022-06-15T00:00:00+00:00
[2022-06-14 18:39:57,869] {processor.py:161} INFO - Processing /usr/local/lib/python3.10/dist-packages/airflow/example_dags/example_bash_operator.py took 0.066 seconds
[2022-06-14 18:40:34,550] {processor.py:153} INFO - Started process (PID=7236) to work on /usr/local/lib/python3.10/dist-packages/airflow/example_dags/example_bash_operator.py
[2022-06-14 18:40:34,551] {processor.py:641} INFO - Processing file /usr/local/lib/python3.10/dist-packages/airflow/example_dags/example_bash_operator.py for tasks to queue
[2022-06-14 18:40:34,551] {logging_mixin.py:115} INFO - [2022-06-14 18:40:34,551] {dagbag.py:507} INFO - Filling up the DagBag from /usr/local/lib/python3.10/dist-packages/airflow/example_dags/example_bash_operator.py
[2022-06-14 18:40:34,562] {processor.py:651} INFO - DAG(s) dict_keys(['example_bash_operator']) retrieved from /usr/local/lib/python3.10/dist-packages/airflow/example_dags/example_bash_operator.py
[2022-06-14 18:40:34,577] {logging_mixin.py:115} INFO - [2022-06-14 18:40:34,577] {dag.py:2371} INFO - Sync 1 DAGs
[2022-06-14 18:40:34,596] {logging_mixin.py:115} INFO - [2022-06-14 18:40:34,596] {dag.py:2915} INFO - Setting next_dagrun for example_bash_operator to 2022-06-14T00:00:00+00:00, run_after=2022-06-15T00:00:00+00:00
[2022-06-14 18:40:34,614] {processor.py:161} INFO - Processing /usr/local/lib/python3.10/dist-packages/airflow/example_dags/example_bash_operator.py took 0.066 seconds
[2022-06-14 18:41:08,902] {processor.py:153} INFO - Started process (PID=7288) to work on /usr/local/lib/python3.10/dist-packages/airflow/example_dags/example_bash_operator.py
[2022-06-14 18:41:08,903] {processor.py:641} INFO - Processing file /usr/local/lib/python3.10/dist-packages/airflow/example_dags/example_bash_operator.py for tasks to queue
[2022-06-14 18:41:08,903] {logging_mixin.py:115} INFO - [2022-06-14 18:41:08,903] {dagbag.py:507} INFO - Filling up the DagBag from /usr/local/lib/python3.10/dist-packages/airflow/example_dags/example_bash_operator.py
[2022-06-14 18:41:08,914] {processor.py:651} INFO - DAG(s) dict_keys(['example_bash_operator']) retrieved from /usr/local/lib/python3.10/dist-packages/airflow/example_dags/example_bash_operator.py
[2022-06-14 18:41:08,929] {logging_mixin.py:115} INFO - [2022-06-14 18:41:08,929] {dag.py:2371} INFO - Sync 1 DAGs
[2022-06-14 18:41:08,949] {logging_mixin.py:115} INFO - [2022-06-14 18:41:08,949] {dag.py:2915} INFO - Setting next_dagrun for example_bash_operator to 2022-06-14T00:00:00+00:00, run_after=2022-06-15T00:00:00+00:00
[2022-06-14 18:41:08,968] {processor.py:161} INFO - Processing /usr/local/lib/python3.10/dist-packages/airflow/example_dags/example_bash_operator.py took 0.069 seconds
[2022-06-14 18:41:54,549] {processor.py:153} INFO - Started process (PID=7361) to work on /usr/local/lib/python3.10/dist-packages/airflow/example_dags/example_bash_operator.py
[2022-06-14 18:41:54,550] {processor.py:641} INFO - Processing file /usr/local/lib/python3.10/dist-packages/airflow/example_dags/example_bash_operator.py for tasks to queue
[2022-06-14 18:41:54,551] {logging_mixin.py:115} INFO - [2022-06-14 18:41:54,550] {dagbag.py:507} INFO - Filling up the DagBag from /usr/local/lib/python3.10/dist-packages/airflow/example_dags/example_bash_operator.py
[2022-06-14 18:41:54,561] {processor.py:651} INFO - DAG(s) dict_keys(['example_bash_operator']) retrieved from /usr/local/lib/python3.10/dist-packages/airflow/example_dags/example_bash_operator.py
[2022-06-14 18:41:54,576] {logging_mixin.py:115} INFO - [2022-06-14 18:41:54,576] {dag.py:2371} INFO - Sync 1 DAGs
[2022-06-14 18:41:54,595] {logging_mixin.py:115} INFO - [2022-06-14 18:41:54,595] {dag.py:2915} INFO - Setting next_dagrun for example_bash_operator to 2022-06-14T00:00:00+00:00, run_after=2022-06-15T00:00:00+00:00
[2022-06-14 18:41:54,613] {processor.py:161} INFO - Processing /usr/local/lib/python3.10/dist-packages/airflow/example_dags/example_bash_operator.py took 0.066 seconds
[2022-06-14 18:42:35,848] {processor.py:153} INFO - Started process (PID=7466) to work on /usr/local/lib/python3.10/dist-packages/airflow/example_dags/example_bash_operator.py
[2022-06-14 18:42:35,849] {processor.py:641} INFO - Processing file /usr/local/lib/python3.10/dist-packages/airflow/example_dags/example_bash_operator.py for tasks to queue
[2022-06-14 18:42:35,849] {logging_mixin.py:115} INFO - [2022-06-14 18:42:35,849] {dagbag.py:507} INFO - Filling up the DagBag from /usr/local/lib/python3.10/dist-packages/airflow/example_dags/example_bash_operator.py
[2022-06-14 18:42:35,861] {processor.py:651} INFO - DAG(s) dict_keys(['example_bash_operator']) retrieved from /usr/local/lib/python3.10/dist-packages/airflow/example_dags/example_bash_operator.py
[2022-06-14 18:42:35,876] {logging_mixin.py:115} INFO - [2022-06-14 18:42:35,876] {dag.py:2371} INFO - Sync 1 DAGs
[2022-06-14 18:42:35,895] {logging_mixin.py:115} INFO - [2022-06-14 18:42:35,895] {dag.py:2915} INFO - Setting next_dagrun for example_bash_operator to 2022-06-14T00:00:00+00:00, run_after=2022-06-15T00:00:00+00:00
[2022-06-14 18:42:35,915] {processor.py:161} INFO - Processing /usr/local/lib/python3.10/dist-packages/airflow/example_dags/example_bash_operator.py took 0.069 seconds
[2022-06-14 18:43:16,885] {processor.py:153} INFO - Started process (PID=7567) to work on /usr/local/lib/python3.10/dist-packages/airflow/example_dags/example_bash_operator.py
[2022-06-14 18:43:16,886] {processor.py:641} INFO - Processing file /usr/local/lib/python3.10/dist-packages/airflow/example_dags/example_bash_operator.py for tasks to queue
[2022-06-14 18:43:16,886] {logging_mixin.py:115} INFO - [2022-06-14 18:43:16,886] {dagbag.py:507} INFO - Filling up the DagBag from /usr/local/lib/python3.10/dist-packages/airflow/example_dags/example_bash_operator.py
[2022-06-14 18:43:16,897] {processor.py:651} INFO - DAG(s) dict_keys(['example_bash_operator']) retrieved from /usr/local/lib/python3.10/dist-packages/airflow/example_dags/example_bash_operator.py
[2022-06-14 18:43:16,912] {logging_mixin.py:115} INFO - [2022-06-14 18:43:16,912] {dag.py:2371} INFO - Sync 1 DAGs
[2022-06-14 18:43:16,931] {logging_mixin.py:115} INFO - [2022-06-14 18:43:16,931] {dag.py:2915} INFO - Setting next_dagrun for example_bash_operator to 2022-06-14T00:00:00+00:00, run_after=2022-06-15T00:00:00+00:00
[2022-06-14 18:43:16,949] {processor.py:161} INFO - Processing /usr/local/lib/python3.10/dist-packages/airflow/example_dags/example_bash_operator.py took 0.066 seconds
[2022-06-14 18:43:58,470] {processor.py:153} INFO - Started process (PID=7631) to work on /usr/local/lib/python3.10/dist-packages/airflow/example_dags/example_bash_operator.py
[2022-06-14 18:43:58,471] {processor.py:641} INFO - Processing file /usr/local/lib/python3.10/dist-packages/airflow/example_dags/example_bash_operator.py for tasks to queue
[2022-06-14 18:43:58,471] {logging_mixin.py:115} INFO - [2022-06-14 18:43:58,471] {dagbag.py:507} INFO - Filling up the DagBag from /usr/local/lib/python3.10/dist-packages/airflow/example_dags/example_bash_operator.py
[2022-06-14 18:43:58,482] {processor.py:651} INFO - DAG(s) dict_keys(['example_bash_operator']) retrieved from /usr/local/lib/python3.10/dist-packages/airflow/example_dags/example_bash_operator.py
[2022-06-14 18:43:58,497] {logging_mixin.py:115} INFO - [2022-06-14 18:43:58,496] {dag.py:2371} INFO - Sync 1 DAGs
[2022-06-14 18:43:58,515] {logging_mixin.py:115} INFO - [2022-06-14 18:43:58,515] {dag.py:2915} INFO - Setting next_dagrun for example_bash_operator to 2022-06-14T00:00:00+00:00, run_after=2022-06-15T00:00:00+00:00
[2022-06-14 18:43:58,535] {processor.py:161} INFO - Processing /usr/local/lib/python3.10/dist-packages/airflow/example_dags/example_bash_operator.py took 0.067 seconds
[2022-06-14 18:44:39,035] {processor.py:153} INFO - Started process (PID=7703) to work on /usr/local/lib/python3.10/dist-packages/airflow/example_dags/example_bash_operator.py
[2022-06-14 18:44:39,036] {processor.py:641} INFO - Processing file /usr/local/lib/python3.10/dist-packages/airflow/example_dags/example_bash_operator.py for tasks to queue
[2022-06-14 18:44:39,036] {logging_mixin.py:115} INFO - [2022-06-14 18:44:39,036] {dagbag.py:507} INFO - Filling up the DagBag from /usr/local/lib/python3.10/dist-packages/airflow/example_dags/example_bash_operator.py
[2022-06-14 18:44:39,047] {processor.py:651} INFO - DAG(s) dict_keys(['example_bash_operator']) retrieved from /usr/local/lib/python3.10/dist-packages/airflow/example_dags/example_bash_operator.py
[2022-06-14 18:44:39,063] {logging_mixin.py:115} INFO - [2022-06-14 18:44:39,063] {dag.py:2371} INFO - Sync 1 DAGs
[2022-06-14 18:44:39,084] {logging_mixin.py:115} INFO - [2022-06-14 18:44:39,084] {dag.py:2915} INFO - Setting next_dagrun for example_bash_operator to 2022-06-14T00:00:00+00:00, run_after=2022-06-15T00:00:00+00:00
[2022-06-14 18:44:39,102] {processor.py:161} INFO - Processing /usr/local/lib/python3.10/dist-packages/airflow/example_dags/example_bash_operator.py took 0.069 seconds
[2022-06-14 18:45:21,013] {processor.py:153} INFO - Started process (PID=7825) to work on /usr/local/lib/python3.10/dist-packages/airflow/example_dags/example_bash_operator.py
[2022-06-14 18:45:21,013] {processor.py:641} INFO - Processing file /usr/local/lib/python3.10/dist-packages/airflow/example_dags/example_bash_operator.py for tasks to queue
[2022-06-14 18:45:21,014] {logging_mixin.py:115} INFO - [2022-06-14 18:45:21,014] {dagbag.py:507} INFO - Filling up the DagBag from /usr/local/lib/python3.10/dist-packages/airflow/example_dags/example_bash_operator.py
[2022-06-14 18:45:21,024] {processor.py:651} INFO - DAG(s) dict_keys(['example_bash_operator']) retrieved from /usr/local/lib/python3.10/dist-packages/airflow/example_dags/example_bash_operator.py
[2022-06-14 18:45:21,039] {logging_mixin.py:115} INFO - [2022-06-14 18:45:21,039] {dag.py:2371} INFO - Sync 1 DAGs
[2022-06-14 18:45:21,059] {logging_mixin.py:115} INFO - [2022-06-14 18:45:21,058] {dag.py:2915} INFO - Setting next_dagrun for example_bash_operator to 2022-06-14T00:00:00+00:00, run_after=2022-06-15T00:00:00+00:00
[2022-06-14 18:45:21,077] {processor.py:161} INFO - Processing /usr/local/lib/python3.10/dist-packages/airflow/example_dags/example_bash_operator.py took 0.066 seconds
[2022-06-14 18:46:00,281] {processor.py:153} INFO - Started process (PID=7889) to work on /usr/local/lib/python3.10/dist-packages/airflow/example_dags/example_bash_operator.py
[2022-06-14 18:46:00,282] {processor.py:641} INFO - Processing file /usr/local/lib/python3.10/dist-packages/airflow/example_dags/example_bash_operator.py for tasks to queue
[2022-06-14 18:46:00,282] {logging_mixin.py:115} INFO - [2022-06-14 18:46:00,282] {dagbag.py:507} INFO - Filling up the DagBag from /usr/local/lib/python3.10/dist-packages/airflow/example_dags/example_bash_operator.py
[2022-06-14 18:46:00,292] {processor.py:651} INFO - DAG(s) dict_keys(['example_bash_operator']) retrieved from /usr/local/lib/python3.10/dist-packages/airflow/example_dags/example_bash_operator.py
[2022-06-14 18:46:00,309] {logging_mixin.py:115} INFO - [2022-06-14 18:46:00,309] {dag.py:2371} INFO - Sync 1 DAGs
[2022-06-14 18:46:00,328] {logging_mixin.py:115} INFO - [2022-06-14 18:46:00,328] {dag.py:2915} INFO - Setting next_dagrun for example_bash_operator to 2022-06-14T00:00:00+00:00, run_after=2022-06-15T00:00:00+00:00
[2022-06-14 18:46:00,346] {processor.py:161} INFO - Processing /usr/local/lib/python3.10/dist-packages/airflow/example_dags/example_bash_operator.py took 0.067 seconds
[2022-06-14 18:46:42,990] {processor.py:153} INFO - Started process (PID=7991) to work on /usr/local/lib/python3.10/dist-packages/airflow/example_dags/example_bash_operator.py
[2022-06-14 18:46:42,991] {processor.py:641} INFO - Processing file /usr/local/lib/python3.10/dist-packages/airflow/example_dags/example_bash_operator.py for tasks to queue
[2022-06-14 18:46:42,991] {logging_mixin.py:115} INFO - [2022-06-14 18:46:42,991] {dagbag.py:507} INFO - Filling up the DagBag from /usr/local/lib/python3.10/dist-packages/airflow/example_dags/example_bash_operator.py
[2022-06-14 18:46:43,002] {processor.py:651} INFO - DAG(s) dict_keys(['example_bash_operator']) retrieved from /usr/local/lib/python3.10/dist-packages/airflow/example_dags/example_bash_operator.py
[2022-06-14 18:46:43,019] {logging_mixin.py:115} INFO - [2022-06-14 18:46:43,019] {dag.py:2371} INFO - Sync 1 DAGs
[2022-06-14 18:46:43,039] {logging_mixin.py:115} INFO - [2022-06-14 18:46:43,039] {dag.py:2915} INFO - Setting next_dagrun for example_bash_operator to 2022-06-14T00:00:00+00:00, run_after=2022-06-15T00:00:00+00:00
[2022-06-14 18:46:43,058] {processor.py:161} INFO - Processing /usr/local/lib/python3.10/dist-packages/airflow/example_dags/example_bash_operator.py took 0.070 seconds
[2022-06-14 18:47:25,909] {processor.py:153} INFO - Started process (PID=8056) to work on /usr/local/lib/python3.10/dist-packages/airflow/example_dags/example_bash_operator.py
[2022-06-14 18:47:25,910] {processor.py:641} INFO - Processing file /usr/local/lib/python3.10/dist-packages/airflow/example_dags/example_bash_operator.py for tasks to queue
[2022-06-14 18:47:25,910] {logging_mixin.py:115} INFO - [2022-06-14 18:47:25,910] {dagbag.py:507} INFO - Filling up the DagBag from /usr/local/lib/python3.10/dist-packages/airflow/example_dags/example_bash_operator.py
[2022-06-14 18:47:25,921] {processor.py:651} INFO - DAG(s) dict_keys(['example_bash_operator']) retrieved from /usr/local/lib/python3.10/dist-packages/airflow/example_dags/example_bash_operator.py
[2022-06-14 18:47:25,936] {logging_mixin.py:115} INFO - [2022-06-14 18:47:25,936] {dag.py:2371} INFO - Sync 1 DAGs
[2022-06-14 18:47:25,955] {logging_mixin.py:115} INFO - [2022-06-14 18:47:25,955] {dag.py:2915} INFO - Setting next_dagrun for example_bash_operator to 2022-06-14T00:00:00+00:00, run_after=2022-06-15T00:00:00+00:00
[2022-06-14 18:47:25,974] {processor.py:161} INFO - Processing /usr/local/lib/python3.10/dist-packages/airflow/example_dags/example_bash_operator.py took 0.067 seconds
[2022-06-14 18:48:05,372] {processor.py:153} INFO - Started process (PID=8129) to work on /usr/local/lib/python3.10/dist-packages/airflow/example_dags/example_bash_operator.py
[2022-06-14 18:48:05,373] {processor.py:641} INFO - Processing file /usr/local/lib/python3.10/dist-packages/airflow/example_dags/example_bash_operator.py for tasks to queue
[2022-06-14 18:48:05,373] {logging_mixin.py:115} INFO - [2022-06-14 18:48:05,373] {dagbag.py:507} INFO - Filling up the DagBag from /usr/local/lib/python3.10/dist-packages/airflow/example_dags/example_bash_operator.py
[2022-06-14 18:48:05,383] {processor.py:651} INFO - DAG(s) dict_keys(['example_bash_operator']) retrieved from /usr/local/lib/python3.10/dist-packages/airflow/example_dags/example_bash_operator.py
[2022-06-14 18:48:05,398] {logging_mixin.py:115} INFO - [2022-06-14 18:48:05,398] {dag.py:2371} INFO - Sync 1 DAGs
[2022-06-14 18:48:05,416] {logging_mixin.py:115} INFO - [2022-06-14 18:48:05,416] {dag.py:2915} INFO - Setting next_dagrun for example_bash_operator to 2022-06-14T00:00:00+00:00, run_after=2022-06-15T00:00:00+00:00
[2022-06-14 18:48:05,434] {processor.py:161} INFO - Processing /usr/local/lib/python3.10/dist-packages/airflow/example_dags/example_bash_operator.py took 0.065 seconds
[2022-06-14 18:48:47,175] {processor.py:153} INFO - Started process (PID=8188) to work on /usr/local/lib/python3.10/dist-packages/airflow/example_dags/example_bash_operator.py
[2022-06-14 18:48:47,176] {processor.py:641} INFO - Processing file /usr/local/lib/python3.10/dist-packages/airflow/example_dags/example_bash_operator.py for tasks to queue
[2022-06-14 18:48:47,176] {logging_mixin.py:115} INFO - [2022-06-14 18:48:47,176] {dagbag.py:507} INFO - Filling up the DagBag from /usr/local/lib/python3.10/dist-packages/airflow/example_dags/example_bash_operator.py
[2022-06-14 18:48:47,188] {processor.py:651} INFO - DAG(s) dict_keys(['example_bash_operator']) retrieved from /usr/local/lib/python3.10/dist-packages/airflow/example_dags/example_bash_operator.py
[2022-06-14 18:48:47,204] {logging_mixin.py:115} INFO - [2022-06-14 18:48:47,204] {dag.py:2371} INFO - Sync 1 DAGs
[2022-06-14 18:48:47,223] {logging_mixin.py:115} INFO - [2022-06-14 18:48:47,223] {dag.py:2915} INFO - Setting next_dagrun for example_bash_operator to 2022-06-14T00:00:00+00:00, run_after=2022-06-15T00:00:00+00:00
[2022-06-14 18:48:47,242] {processor.py:161} INFO - Processing /usr/local/lib/python3.10/dist-packages/airflow/example_dags/example_bash_operator.py took 0.069 seconds
[2022-06-14 18:49:30,906] {processor.py:153} INFO - Started process (PID=8273) to work on /usr/local/lib/python3.10/dist-packages/airflow/example_dags/example_bash_operator.py
[2022-06-14 18:49:30,907] {processor.py:641} INFO - Processing file /usr/local/lib/python3.10/dist-packages/airflow/example_dags/example_bash_operator.py for tasks to queue
[2022-06-14 18:49:30,907] {logging_mixin.py:115} INFO - [2022-06-14 18:49:30,907] {dagbag.py:507} INFO - Filling up the DagBag from /usr/local/lib/python3.10/dist-packages/airflow/example_dags/example_bash_operator.py
[2022-06-14 18:49:30,917] {processor.py:651} INFO - DAG(s) dict_keys(['example_bash_operator']) retrieved from /usr/local/lib/python3.10/dist-packages/airflow/example_dags/example_bash_operator.py
[2022-06-14 18:49:30,933] {logging_mixin.py:115} INFO - [2022-06-14 18:49:30,933] {dag.py:2371} INFO - Sync 1 DAGs
[2022-06-14 18:49:30,952] {logging_mixin.py:115} INFO - [2022-06-14 18:49:30,952] {dag.py:2915} INFO - Setting next_dagrun for example_bash_operator to 2022-06-14T00:00:00+00:00, run_after=2022-06-15T00:00:00+00:00
[2022-06-14 18:49:30,969] {processor.py:161} INFO - Processing /usr/local/lib/python3.10/dist-packages/airflow/example_dags/example_bash_operator.py took 0.066 seconds
[2022-06-14 18:50:11,177] {processor.py:153} INFO - Started process (PID=8353) to work on /usr/local/lib/python3.10/dist-packages/airflow/example_dags/example_bash_operator.py
[2022-06-14 18:50:11,178] {processor.py:641} INFO - Processing file /usr/local/lib/python3.10/dist-packages/airflow/example_dags/example_bash_operator.py for tasks to queue
[2022-06-14 18:50:11,178] {logging_mixin.py:115} INFO - [2022-06-14 18:50:11,178] {dagbag.py:507} INFO - Filling up the DagBag from /usr/local/lib/python3.10/dist-packages/airflow/example_dags/example_bash_operator.py
[2022-06-14 18:50:11,189] {processor.py:651} INFO - DAG(s) dict_keys(['example_bash_operator']) retrieved from /usr/local/lib/python3.10/dist-packages/airflow/example_dags/example_bash_operator.py
[2022-06-14 18:50:11,204] {logging_mixin.py:115} INFO - [2022-06-14 18:50:11,204] {dag.py:2371} INFO - Sync 1 DAGs
[2022-06-14 18:50:11,223] {logging_mixin.py:115} INFO - [2022-06-14 18:50:11,223] {dag.py:2915} INFO - Setting next_dagrun for example_bash_operator to 2022-06-14T00:00:00+00:00, run_after=2022-06-15T00:00:00+00:00
[2022-06-14 18:50:11,241] {processor.py:161} INFO - Processing /usr/local/lib/python3.10/dist-packages/airflow/example_dags/example_bash_operator.py took 0.067 seconds
[2022-06-14 18:50:56,492] {processor.py:153} INFO - Started process (PID=8441) to work on /usr/local/lib/python3.10/dist-packages/airflow/example_dags/example_bash_operator.py
[2022-06-14 18:50:56,493] {processor.py:641} INFO - Processing file /usr/local/lib/python3.10/dist-packages/airflow/example_dags/example_bash_operator.py for tasks to queue
[2022-06-14 18:50:56,494] {logging_mixin.py:115} INFO - [2022-06-14 18:50:56,494] {dagbag.py:507} INFO - Filling up the DagBag from /usr/local/lib/python3.10/dist-packages/airflow/example_dags/example_bash_operator.py
[2022-06-14 18:50:56,506] {processor.py:651} INFO - DAG(s) dict_keys(['example_bash_operator']) retrieved from /usr/local/lib/python3.10/dist-packages/airflow/example_dags/example_bash_operator.py
[2022-06-14 18:50:56,521] {logging_mixin.py:115} INFO - [2022-06-14 18:50:56,521] {dag.py:2371} INFO - Sync 1 DAGs
[2022-06-14 18:50:56,538] {logging_mixin.py:115} INFO - [2022-06-14 18:50:56,538] {dag.py:2915} INFO - Setting next_dagrun for example_bash_operator to 2022-06-14T00:00:00+00:00, run_after=2022-06-15T00:00:00+00:00
[2022-06-14 18:50:56,555] {processor.py:161} INFO - Processing /usr/local/lib/python3.10/dist-packages/airflow/example_dags/example_bash_operator.py took 0.066 seconds
[2022-06-14 18:51:34,588] {processor.py:153} INFO - Started process (PID=8508) to work on /usr/local/lib/python3.10/dist-packages/airflow/example_dags/example_bash_operator.py
[2022-06-14 18:51:34,589] {processor.py:641} INFO - Processing file /usr/local/lib/python3.10/dist-packages/airflow/example_dags/example_bash_operator.py for tasks to queue
[2022-06-14 18:51:34,589] {logging_mixin.py:115} INFO - [2022-06-14 18:51:34,589] {dagbag.py:507} INFO - Filling up the DagBag from /usr/local/lib/python3.10/dist-packages/airflow/example_dags/example_bash_operator.py
[2022-06-14 18:51:34,601] {processor.py:651} INFO - DAG(s) dict_keys(['example_bash_operator']) retrieved from /usr/local/lib/python3.10/dist-packages/airflow/example_dags/example_bash_operator.py
[2022-06-14 18:51:34,617] {logging_mixin.py:115} INFO - [2022-06-14 18:51:34,617] {dag.py:2371} INFO - Sync 1 DAGs
[2022-06-14 18:51:34,635] {logging_mixin.py:115} INFO - [2022-06-14 18:51:34,635] {dag.py:2915} INFO - Setting next_dagrun for example_bash_operator to 2022-06-14T00:00:00+00:00, run_after=2022-06-15T00:00:00+00:00
[2022-06-14 18:51:34,654] {processor.py:161} INFO - Processing /usr/local/lib/python3.10/dist-packages/airflow/example_dags/example_bash_operator.py took 0.069 seconds
[2022-06-14 18:52:13,423] {processor.py:153} INFO - Started process (PID=8569) to work on /usr/local/lib/python3.10/dist-packages/airflow/example_dags/example_bash_operator.py
[2022-06-14 18:52:13,424] {processor.py:641} INFO - Processing file /usr/local/lib/python3.10/dist-packages/airflow/example_dags/example_bash_operator.py for tasks to queue
[2022-06-14 18:52:13,424] {logging_mixin.py:115} INFO - [2022-06-14 18:52:13,424] {dagbag.py:507} INFO - Filling up the DagBag from /usr/local/lib/python3.10/dist-packages/airflow/example_dags/example_bash_operator.py
[2022-06-14 18:52:13,437] {processor.py:651} INFO - DAG(s) dict_keys(['example_bash_operator']) retrieved from /usr/local/lib/python3.10/dist-packages/airflow/example_dags/example_bash_operator.py
[2022-06-14 18:52:13,453] {logging_mixin.py:115} INFO - [2022-06-14 18:52:13,453] {dag.py:2371} INFO - Sync 1 DAGs
[2022-06-14 18:52:13,470] {logging_mixin.py:115} INFO - [2022-06-14 18:52:13,470] {dag.py:2915} INFO - Setting next_dagrun for example_bash_operator to 2022-06-14T00:00:00+00:00, run_after=2022-06-15T00:00:00+00:00
[2022-06-14 18:52:13,487] {processor.py:161} INFO - Processing /usr/local/lib/python3.10/dist-packages/airflow/example_dags/example_bash_operator.py took 0.067 seconds
[2022-06-14 18:52:56,234] {processor.py:153} INFO - Started process (PID=8657) to work on /usr/local/lib/python3.10/dist-packages/airflow/example_dags/example_bash_operator.py
[2022-06-14 18:52:56,235] {processor.py:641} INFO - Processing file /usr/local/lib/python3.10/dist-packages/airflow/example_dags/example_bash_operator.py for tasks to queue
[2022-06-14 18:52:56,235] {logging_mixin.py:115} INFO - [2022-06-14 18:52:56,235] {dagbag.py:507} INFO - Filling up the DagBag from /usr/local/lib/python3.10/dist-packages/airflow/example_dags/example_bash_operator.py
[2022-06-14 18:52:56,244] {processor.py:651} INFO - DAG(s) dict_keys(['example_bash_operator']) retrieved from /usr/local/lib/python3.10/dist-packages/airflow/example_dags/example_bash_operator.py
[2022-06-14 18:52:56,259] {logging_mixin.py:115} INFO - [2022-06-14 18:52:56,259] {dag.py:2371} INFO - Sync 1 DAGs
[2022-06-14 18:52:56,276] {logging_mixin.py:115} INFO - [2022-06-14 18:52:56,276] {dag.py:2915} INFO - Setting next_dagrun for example_bash_operator to 2022-06-14T00:00:00+00:00, run_after=2022-06-15T00:00:00+00:00
[2022-06-14 18:52:56,294] {processor.py:161} INFO - Processing /usr/local/lib/python3.10/dist-packages/airflow/example_dags/example_bash_operator.py took 0.063 seconds
[2022-06-14 18:53:40,928] {processor.py:153} INFO - Started process (PID=8722) to work on /usr/local/lib/python3.10/dist-packages/airflow/example_dags/example_bash_operator.py
[2022-06-14 18:53:40,929] {processor.py:641} INFO - Processing file /usr/local/lib/python3.10/dist-packages/airflow/example_dags/example_bash_operator.py for tasks to queue
[2022-06-14 18:53:40,929] {logging_mixin.py:115} INFO - [2022-06-14 18:53:40,929] {dagbag.py:507} INFO - Filling up the DagBag from /usr/local/lib/python3.10/dist-packages/airflow/example_dags/example_bash_operator.py
[2022-06-14 18:53:40,942] {processor.py:651} INFO - DAG(s) dict_keys(['example_bash_operator']) retrieved from /usr/local/lib/python3.10/dist-packages/airflow/example_dags/example_bash_operator.py
[2022-06-14 18:53:40,958] {logging_mixin.py:115} INFO - [2022-06-14 18:53:40,958] {dag.py:2371} INFO - Sync 1 DAGs
[2022-06-14 18:53:40,975] {logging_mixin.py:115} INFO - [2022-06-14 18:53:40,975] {dag.py:2915} INFO - Setting next_dagrun for example_bash_operator to 2022-06-14T00:00:00+00:00, run_after=2022-06-15T00:00:00+00:00
[2022-06-14 18:53:40,992] {processor.py:161} INFO - Processing /usr/local/lib/python3.10/dist-packages/airflow/example_dags/example_bash_operator.py took 0.068 seconds
[2022-06-14 18:54:19,929] {processor.py:153} INFO - Started process (PID=8781) to work on /usr/local/lib/python3.10/dist-packages/airflow/example_dags/example_bash_operator.py
[2022-06-14 18:54:19,929] {processor.py:641} INFO - Processing file /usr/local/lib/python3.10/dist-packages/airflow/example_dags/example_bash_operator.py for tasks to queue
[2022-06-14 18:54:19,930] {logging_mixin.py:115} INFO - [2022-06-14 18:54:19,930] {dagbag.py:507} INFO - Filling up the DagBag from /usr/local/lib/python3.10/dist-packages/airflow/example_dags/example_bash_operator.py
[2022-06-14 18:54:19,942] {processor.py:651} INFO - DAG(s) dict_keys(['example_bash_operator']) retrieved from /usr/local/lib/python3.10/dist-packages/airflow/example_dags/example_bash_operator.py
[2022-06-14 18:54:19,958] {logging_mixin.py:115} INFO - [2022-06-14 18:54:19,958] {dag.py:2371} INFO - Sync 1 DAGs
[2022-06-14 18:54:19,975] {logging_mixin.py:115} INFO - [2022-06-14 18:54:19,975] {dag.py:2915} INFO - Setting next_dagrun for example_bash_operator to 2022-06-14T00:00:00+00:00, run_after=2022-06-15T00:00:00+00:00
[2022-06-14 18:54:19,993] {processor.py:161} INFO - Processing /usr/local/lib/python3.10/dist-packages/airflow/example_dags/example_bash_operator.py took 0.067 seconds
[2022-06-14 18:54:57,212] {processor.py:153} INFO - Started process (PID=8836) to work on /usr/local/lib/python3.10/dist-packages/airflow/example_dags/example_bash_operator.py
[2022-06-14 18:54:57,213] {processor.py:641} INFO - Processing file /usr/local/lib/python3.10/dist-packages/airflow/example_dags/example_bash_operator.py for tasks to queue
[2022-06-14 18:54:57,214] {logging_mixin.py:115} INFO - [2022-06-14 18:54:57,214] {dagbag.py:507} INFO - Filling up the DagBag from /usr/local/lib/python3.10/dist-packages/airflow/example_dags/example_bash_operator.py
[2022-06-14 18:54:57,226] {processor.py:651} INFO - DAG(s) dict_keys(['example_bash_operator']) retrieved from /usr/local/lib/python3.10/dist-packages/airflow/example_dags/example_bash_operator.py
[2022-06-14 18:54:57,241] {logging_mixin.py:115} INFO - [2022-06-14 18:54:57,241] {dag.py:2371} INFO - Sync 1 DAGs
[2022-06-14 18:54:57,259] {logging_mixin.py:115} INFO - [2022-06-14 18:54:57,259] {dag.py:2915} INFO - Setting next_dagrun for example_bash_operator to 2022-06-14T00:00:00+00:00, run_after=2022-06-15T00:00:00+00:00
[2022-06-14 18:54:57,277] {processor.py:161} INFO - Processing /usr/local/lib/python3.10/dist-packages/airflow/example_dags/example_bash_operator.py took 0.068 seconds
[2022-06-14 18:55:40,119] {processor.py:153} INFO - Started process (PID=8888) to work on /usr/local/lib/python3.10/dist-packages/airflow/example_dags/example_bash_operator.py
[2022-06-14 18:55:40,120] {processor.py:641} INFO - Processing file /usr/local/lib/python3.10/dist-packages/airflow/example_dags/example_bash_operator.py for tasks to queue
[2022-06-14 18:55:40,121] {logging_mixin.py:115} INFO - [2022-06-14 18:55:40,121] {dagbag.py:507} INFO - Filling up the DagBag from /usr/local/lib/python3.10/dist-packages/airflow/example_dags/example_bash_operator.py
[2022-06-14 18:55:40,133] {processor.py:651} INFO - DAG(s) dict_keys(['example_bash_operator']) retrieved from /usr/local/lib/python3.10/dist-packages/airflow/example_dags/example_bash_operator.py
[2022-06-14 18:55:40,149] {logging_mixin.py:115} INFO - [2022-06-14 18:55:40,149] {dag.py:2371} INFO - Sync 1 DAGs
[2022-06-14 18:55:40,167] {logging_mixin.py:115} INFO - [2022-06-14 18:55:40,167] {dag.py:2915} INFO - Setting next_dagrun for example_bash_operator to 2022-06-14T00:00:00+00:00, run_after=2022-06-15T00:00:00+00:00
[2022-06-14 18:55:40,184] {processor.py:161} INFO - Processing /usr/local/lib/python3.10/dist-packages/airflow/example_dags/example_bash_operator.py took 0.068 seconds
[2022-06-14 18:56:20,669] {processor.py:153} INFO - Started process (PID=8941) to work on /usr/local/lib/python3.10/dist-packages/airflow/example_dags/example_bash_operator.py
[2022-06-14 18:56:20,670] {processor.py:641} INFO - Processing file /usr/local/lib/python3.10/dist-packages/airflow/example_dags/example_bash_operator.py for tasks to queue
[2022-06-14 18:56:20,670] {logging_mixin.py:115} INFO - [2022-06-14 18:56:20,670] {dagbag.py:507} INFO - Filling up the DagBag from /usr/local/lib/python3.10/dist-packages/airflow/example_dags/example_bash_operator.py
[2022-06-14 18:56:20,682] {processor.py:651} INFO - DAG(s) dict_keys(['example_bash_operator']) retrieved from /usr/local/lib/python3.10/dist-packages/airflow/example_dags/example_bash_operator.py
[2022-06-14 18:56:20,698] {logging_mixin.py:115} INFO - [2022-06-14 18:56:20,698] {dag.py:2371} INFO - Sync 1 DAGs
[2022-06-14 18:56:20,716] {logging_mixin.py:115} INFO - [2022-06-14 18:56:20,716] {dag.py:2915} INFO - Setting next_dagrun for example_bash_operator to 2022-06-14T00:00:00+00:00, run_after=2022-06-15T00:00:00+00:00
[2022-06-14 18:56:20,732] {processor.py:161} INFO - Processing /usr/local/lib/python3.10/dist-packages/airflow/example_dags/example_bash_operator.py took 0.067 seconds
[2022-06-14 18:57:01,140] {processor.py:153} INFO - Started process (PID=9000) to work on /usr/local/lib/python3.10/dist-packages/airflow/example_dags/example_bash_operator.py
[2022-06-14 18:57:01,141] {processor.py:641} INFO - Processing file /usr/local/lib/python3.10/dist-packages/airflow/example_dags/example_bash_operator.py for tasks to queue
[2022-06-14 18:57:01,141] {logging_mixin.py:115} INFO - [2022-06-14 18:57:01,141] {dagbag.py:507} INFO - Filling up the DagBag from /usr/local/lib/python3.10/dist-packages/airflow/example_dags/example_bash_operator.py
[2022-06-14 18:57:01,153] {processor.py:651} INFO - DAG(s) dict_keys(['example_bash_operator']) retrieved from /usr/local/lib/python3.10/dist-packages/airflow/example_dags/example_bash_operator.py
[2022-06-14 18:57:01,169] {logging_mixin.py:115} INFO - [2022-06-14 18:57:01,169] {dag.py:2371} INFO - Sync 1 DAGs
[2022-06-14 18:57:01,187] {logging_mixin.py:115} INFO - [2022-06-14 18:57:01,187] {dag.py:2915} INFO - Setting next_dagrun for example_bash_operator to 2022-06-14T00:00:00+00:00, run_after=2022-06-15T00:00:00+00:00
[2022-06-14 18:57:01,205] {processor.py:161} INFO - Processing /usr/local/lib/python3.10/dist-packages/airflow/example_dags/example_bash_operator.py took 0.068 seconds
[2022-06-14 18:57:39,046] {processor.py:153} INFO - Started process (PID=9078) to work on /usr/local/lib/python3.10/dist-packages/airflow/example_dags/example_bash_operator.py
[2022-06-14 18:57:39,047] {processor.py:641} INFO - Processing file /usr/local/lib/python3.10/dist-packages/airflow/example_dags/example_bash_operator.py for tasks to queue
[2022-06-14 18:57:39,048] {logging_mixin.py:115} INFO - [2022-06-14 18:57:39,047] {dagbag.py:507} INFO - Filling up the DagBag from /usr/local/lib/python3.10/dist-packages/airflow/example_dags/example_bash_operator.py
[2022-06-14 18:57:39,060] {processor.py:651} INFO - DAG(s) dict_keys(['example_bash_operator']) retrieved from /usr/local/lib/python3.10/dist-packages/airflow/example_dags/example_bash_operator.py
[2022-06-14 18:57:39,077] {logging_mixin.py:115} INFO - [2022-06-14 18:57:39,077] {dag.py:2371} INFO - Sync 1 DAGs
[2022-06-14 18:57:39,096] {logging_mixin.py:115} INFO - [2022-06-14 18:57:39,096] {dag.py:2915} INFO - Setting next_dagrun for example_bash_operator to 2022-06-14T00:00:00+00:00, run_after=2022-06-15T00:00:00+00:00
[2022-06-14 18:57:39,157] {processor.py:161} INFO - Processing /usr/local/lib/python3.10/dist-packages/airflow/example_dags/example_bash_operator.py took 0.113 seconds
[2022-06-14 18:58:20,043] {processor.py:153} INFO - Started process (PID=9131) to work on /usr/local/lib/python3.10/dist-packages/airflow/example_dags/example_bash_operator.py
[2022-06-14 18:58:20,043] {processor.py:641} INFO - Processing file /usr/local/lib/python3.10/dist-packages/airflow/example_dags/example_bash_operator.py for tasks to queue
[2022-06-14 18:58:20,044] {logging_mixin.py:115} INFO - [2022-06-14 18:58:20,044] {dagbag.py:507} INFO - Filling up the DagBag from /usr/local/lib/python3.10/dist-packages/airflow/example_dags/example_bash_operator.py
[2022-06-14 18:58:20,055] {processor.py:651} INFO - DAG(s) dict_keys(['example_bash_operator']) retrieved from /usr/local/lib/python3.10/dist-packages/airflow/example_dags/example_bash_operator.py
[2022-06-14 18:58:20,070] {logging_mixin.py:115} INFO - [2022-06-14 18:58:20,070] {dag.py:2371} INFO - Sync 1 DAGs
[2022-06-14 18:58:20,089] {logging_mixin.py:115} INFO - [2022-06-14 18:58:20,089] {dag.py:2915} INFO - Setting next_dagrun for example_bash_operator to 2022-06-14T00:00:00+00:00, run_after=2022-06-15T00:00:00+00:00
[2022-06-14 18:58:20,108] {processor.py:161} INFO - Processing /usr/local/lib/python3.10/dist-packages/airflow/example_dags/example_bash_operator.py took 0.068 seconds
[2022-06-14 18:58:58,962] {processor.py:153} INFO - Started process (PID=9192) to work on /usr/local/lib/python3.10/dist-packages/airflow/example_dags/example_bash_operator.py
[2022-06-14 18:58:58,963] {processor.py:641} INFO - Processing file /usr/local/lib/python3.10/dist-packages/airflow/example_dags/example_bash_operator.py for tasks to queue
[2022-06-14 18:58:58,963] {logging_mixin.py:115} INFO - [2022-06-14 18:58:58,963] {dagbag.py:507} INFO - Filling up the DagBag from /usr/local/lib/python3.10/dist-packages/airflow/example_dags/example_bash_operator.py
[2022-06-14 18:58:58,974] {processor.py:651} INFO - DAG(s) dict_keys(['example_bash_operator']) retrieved from /usr/local/lib/python3.10/dist-packages/airflow/example_dags/example_bash_operator.py
[2022-06-14 18:58:58,990] {logging_mixin.py:115} INFO - [2022-06-14 18:58:58,990] {dag.py:2371} INFO - Sync 1 DAGs
[2022-06-14 18:58:59,008] {logging_mixin.py:115} INFO - [2022-06-14 18:58:59,008] {dag.py:2915} INFO - Setting next_dagrun for example_bash_operator to 2022-06-14T00:00:00+00:00, run_after=2022-06-15T00:00:00+00:00
[2022-06-14 18:58:59,028] {processor.py:161} INFO - Processing /usr/local/lib/python3.10/dist-packages/airflow/example_dags/example_bash_operator.py took 0.068 seconds
[2022-06-14 18:59:41,055] {processor.py:153} INFO - Started process (PID=9247) to work on /usr/local/lib/python3.10/dist-packages/airflow/example_dags/example_bash_operator.py
[2022-06-14 18:59:41,056] {processor.py:641} INFO - Processing file /usr/local/lib/python3.10/dist-packages/airflow/example_dags/example_bash_operator.py for tasks to queue
[2022-06-14 18:59:41,056] {logging_mixin.py:115} INFO - [2022-06-14 18:59:41,056] {dagbag.py:507} INFO - Filling up the DagBag from /usr/local/lib/python3.10/dist-packages/airflow/example_dags/example_bash_operator.py
[2022-06-14 18:59:41,067] {processor.py:651} INFO - DAG(s) dict_keys(['example_bash_operator']) retrieved from /usr/local/lib/python3.10/dist-packages/airflow/example_dags/example_bash_operator.py
[2022-06-14 18:59:41,082] {logging_mixin.py:115} INFO - [2022-06-14 18:59:41,082] {dag.py:2371} INFO - Sync 1 DAGs
[2022-06-14 18:59:41,100] {logging_mixin.py:115} INFO - [2022-06-14 18:59:41,100] {dag.py:2915} INFO - Setting next_dagrun for example_bash_operator to 2022-06-14T00:00:00+00:00, run_after=2022-06-15T00:00:00+00:00
[2022-06-14 18:59:41,118] {processor.py:161} INFO - Processing /usr/local/lib/python3.10/dist-packages/airflow/example_dags/example_bash_operator.py took 0.065 seconds
[2022-06-14 19:00:23,952] {processor.py:153} INFO - Started process (PID=9329) to work on /usr/local/lib/python3.10/dist-packages/airflow/example_dags/example_bash_operator.py
[2022-06-14 19:00:23,952] {processor.py:641} INFO - Processing file /usr/local/lib/python3.10/dist-packages/airflow/example_dags/example_bash_operator.py for tasks to queue
[2022-06-14 19:00:23,953] {logging_mixin.py:115} INFO - [2022-06-14 19:00:23,953] {dagbag.py:507} INFO - Filling up the DagBag from /usr/local/lib/python3.10/dist-packages/airflow/example_dags/example_bash_operator.py
[2022-06-14 19:00:23,964] {processor.py:651} INFO - DAG(s) dict_keys(['example_bash_operator']) retrieved from /usr/local/lib/python3.10/dist-packages/airflow/example_dags/example_bash_operator.py
[2022-06-14 19:00:23,979] {logging_mixin.py:115} INFO - [2022-06-14 19:00:23,979] {dag.py:2371} INFO - Sync 1 DAGs
[2022-06-14 19:00:23,998] {logging_mixin.py:115} INFO - [2022-06-14 19:00:23,997] {dag.py:2915} INFO - Setting next_dagrun for example_bash_operator to 2022-06-14T00:00:00+00:00, run_after=2022-06-15T00:00:00+00:00
[2022-06-14 19:00:24,015] {processor.py:161} INFO - Processing /usr/local/lib/python3.10/dist-packages/airflow/example_dags/example_bash_operator.py took 0.066 seconds
[2022-06-14 19:01:08,660] {processor.py:153} INFO - Started process (PID=9391) to work on /usr/local/lib/python3.10/dist-packages/airflow/example_dags/example_bash_operator.py
[2022-06-14 19:01:08,661] {processor.py:641} INFO - Processing file /usr/local/lib/python3.10/dist-packages/airflow/example_dags/example_bash_operator.py for tasks to queue
[2022-06-14 19:01:08,661] {logging_mixin.py:115} INFO - [2022-06-14 19:01:08,661] {dagbag.py:507} INFO - Filling up the DagBag from /usr/local/lib/python3.10/dist-packages/airflow/example_dags/example_bash_operator.py
[2022-06-14 19:01:08,671] {processor.py:651} INFO - DAG(s) dict_keys(['example_bash_operator']) retrieved from /usr/local/lib/python3.10/dist-packages/airflow/example_dags/example_bash_operator.py
[2022-06-14 19:01:08,687] {logging_mixin.py:115} INFO - [2022-06-14 19:01:08,687] {dag.py:2371} INFO - Sync 1 DAGs
[2022-06-14 19:01:08,706] {logging_mixin.py:115} INFO - [2022-06-14 19:01:08,706] {dag.py:2915} INFO - Setting next_dagrun for example_bash_operator to 2022-06-14T00:00:00+00:00, run_after=2022-06-15T00:00:00+00:00
[2022-06-14 19:01:08,724] {processor.py:161} INFO - Processing /usr/local/lib/python3.10/dist-packages/airflow/example_dags/example_bash_operator.py took 0.067 seconds
[2022-06-14 19:01:46,452] {processor.py:153} INFO - Started process (PID=9442) to work on /usr/local/lib/python3.10/dist-packages/airflow/example_dags/example_bash_operator.py
[2022-06-14 19:01:46,453] {processor.py:641} INFO - Processing file /usr/local/lib/python3.10/dist-packages/airflow/example_dags/example_bash_operator.py for tasks to queue
[2022-06-14 19:01:46,453] {logging_mixin.py:115} INFO - [2022-06-14 19:01:46,453] {dagbag.py:507} INFO - Filling up the DagBag from /usr/local/lib/python3.10/dist-packages/airflow/example_dags/example_bash_operator.py
[2022-06-14 19:01:46,464] {processor.py:651} INFO - DAG(s) dict_keys(['example_bash_operator']) retrieved from /usr/local/lib/python3.10/dist-packages/airflow/example_dags/example_bash_operator.py
[2022-06-14 19:01:46,480] {logging_mixin.py:115} INFO - [2022-06-14 19:01:46,480] {dag.py:2371} INFO - Sync 1 DAGs
[2022-06-14 19:01:46,499] {logging_mixin.py:115} INFO - [2022-06-14 19:01:46,499] {dag.py:2915} INFO - Setting next_dagrun for example_bash_operator to 2022-06-14T00:00:00+00:00, run_after=2022-06-15T00:00:00+00:00
[2022-06-14 19:01:46,517] {processor.py:161} INFO - Processing /usr/local/lib/python3.10/dist-packages/airflow/example_dags/example_bash_operator.py took 0.067 seconds
[2022-06-14 19:02:27,090] {processor.py:153} INFO - Started process (PID=9497) to work on /usr/local/lib/python3.10/dist-packages/airflow/example_dags/example_bash_operator.py
[2022-06-14 19:02:27,091] {processor.py:641} INFO - Processing file /usr/local/lib/python3.10/dist-packages/airflow/example_dags/example_bash_operator.py for tasks to queue
[2022-06-14 19:02:27,091] {logging_mixin.py:115} INFO - [2022-06-14 19:02:27,091] {dagbag.py:507} INFO - Filling up the DagBag from /usr/local/lib/python3.10/dist-packages/airflow/example_dags/example_bash_operator.py
[2022-06-14 19:02:27,101] {processor.py:651} INFO - DAG(s) dict_keys(['example_bash_operator']) retrieved from /usr/local/lib/python3.10/dist-packages/airflow/example_dags/example_bash_operator.py
[2022-06-14 19:02:27,116] {logging_mixin.py:115} INFO - [2022-06-14 19:02:27,116] {dag.py:2371} INFO - Sync 1 DAGs
[2022-06-14 19:02:27,136] {logging_mixin.py:115} INFO - [2022-06-14 19:02:27,135] {dag.py:2915} INFO - Setting next_dagrun for example_bash_operator to 2022-06-14T00:00:00+00:00, run_after=2022-06-15T00:00:00+00:00
[2022-06-14 19:02:27,153] {processor.py:161} INFO - Processing /usr/local/lib/python3.10/dist-packages/airflow/example_dags/example_bash_operator.py took 0.066 seconds
[2022-06-14 19:03:09,044] {processor.py:153} INFO - Started process (PID=9593) to work on /usr/local/lib/python3.10/dist-packages/airflow/example_dags/example_bash_operator.py
[2022-06-14 19:03:09,045] {processor.py:641} INFO - Processing file /usr/local/lib/python3.10/dist-packages/airflow/example_dags/example_bash_operator.py for tasks to queue
[2022-06-14 19:03:09,045] {logging_mixin.py:115} INFO - [2022-06-14 19:03:09,045] {dagbag.py:507} INFO - Filling up the DagBag from /usr/local/lib/python3.10/dist-packages/airflow/example_dags/example_bash_operator.py
[2022-06-14 19:03:09,056] {processor.py:651} INFO - DAG(s) dict_keys(['example_bash_operator']) retrieved from /usr/local/lib/python3.10/dist-packages/airflow/example_dags/example_bash_operator.py
[2022-06-14 19:03:09,071] {logging_mixin.py:115} INFO - [2022-06-14 19:03:09,071] {dag.py:2371} INFO - Sync 1 DAGs
[2022-06-14 19:03:09,090] {logging_mixin.py:115} INFO - [2022-06-14 19:03:09,090] {dag.py:2915} INFO - Setting next_dagrun for example_bash_operator to 2022-06-14T00:00:00+00:00, run_after=2022-06-15T00:00:00+00:00
[2022-06-14 19:03:09,109] {processor.py:161} INFO - Processing /usr/local/lib/python3.10/dist-packages/airflow/example_dags/example_bash_operator.py took 0.067 seconds
[2022-06-14 19:03:52,594] {processor.py:153} INFO - Started process (PID=9650) to work on /usr/local/lib/python3.10/dist-packages/airflow/example_dags/example_bash_operator.py
[2022-06-14 19:03:52,594] {processor.py:641} INFO - Processing file /usr/local/lib/python3.10/dist-packages/airflow/example_dags/example_bash_operator.py for tasks to queue
[2022-06-14 19:03:52,595] {logging_mixin.py:115} INFO - [2022-06-14 19:03:52,595] {dagbag.py:507} INFO - Filling up the DagBag from /usr/local/lib/python3.10/dist-packages/airflow/example_dags/example_bash_operator.py
[2022-06-14 19:03:52,605] {processor.py:651} INFO - DAG(s) dict_keys(['example_bash_operator']) retrieved from /usr/local/lib/python3.10/dist-packages/airflow/example_dags/example_bash_operator.py
[2022-06-14 19:03:52,623] {logging_mixin.py:115} INFO - [2022-06-14 19:03:52,623] {dag.py:2371} INFO - Sync 1 DAGs
[2022-06-14 19:03:52,642] {logging_mixin.py:115} INFO - [2022-06-14 19:03:52,642] {dag.py:2915} INFO - Setting next_dagrun for example_bash_operator to 2022-06-14T00:00:00+00:00, run_after=2022-06-15T00:00:00+00:00
[2022-06-14 19:03:52,659] {processor.py:161} INFO - Processing /usr/local/lib/python3.10/dist-packages/airflow/example_dags/example_bash_operator.py took 0.068 seconds
[2022-06-14 19:04:32,556] {processor.py:153} INFO - Started process (PID=9707) to work on /usr/local/lib/python3.10/dist-packages/airflow/example_dags/example_bash_operator.py
[2022-06-14 19:04:32,556] {processor.py:641} INFO - Processing file /usr/local/lib/python3.10/dist-packages/airflow/example_dags/example_bash_operator.py for tasks to queue
[2022-06-14 19:04:32,557] {logging_mixin.py:115} INFO - [2022-06-14 19:04:32,557] {dagbag.py:507} INFO - Filling up the DagBag from /usr/local/lib/python3.10/dist-packages/airflow/example_dags/example_bash_operator.py
[2022-06-14 19:04:32,567] {processor.py:651} INFO - DAG(s) dict_keys(['example_bash_operator']) retrieved from /usr/local/lib/python3.10/dist-packages/airflow/example_dags/example_bash_operator.py
[2022-06-14 19:04:32,583] {logging_mixin.py:115} INFO - [2022-06-14 19:04:32,582] {dag.py:2371} INFO - Sync 1 DAGs
[2022-06-14 19:04:32,602] {logging_mixin.py:115} INFO - [2022-06-14 19:04:32,602] {dag.py:2915} INFO - Setting next_dagrun for example_bash_operator to 2022-06-14T00:00:00+00:00, run_after=2022-06-15T00:00:00+00:00
[2022-06-14 19:04:32,619] {processor.py:161} INFO - Processing /usr/local/lib/python3.10/dist-packages/airflow/example_dags/example_bash_operator.py took 0.066 seconds
[2022-06-14 19:05:09,775] {processor.py:153} INFO - Started process (PID=9755) to work on /usr/local/lib/python3.10/dist-packages/airflow/example_dags/example_bash_operator.py
[2022-06-14 19:05:09,776] {processor.py:641} INFO - Processing file /usr/local/lib/python3.10/dist-packages/airflow/example_dags/example_bash_operator.py for tasks to queue
[2022-06-14 19:05:09,776] {logging_mixin.py:115} INFO - [2022-06-14 19:05:09,776] {dagbag.py:507} INFO - Filling up the DagBag from /usr/local/lib/python3.10/dist-packages/airflow/example_dags/example_bash_operator.py
[2022-06-14 19:05:09,787] {processor.py:651} INFO - DAG(s) dict_keys(['example_bash_operator']) retrieved from /usr/local/lib/python3.10/dist-packages/airflow/example_dags/example_bash_operator.py
[2022-06-14 19:05:09,803] {logging_mixin.py:115} INFO - [2022-06-14 19:05:09,803] {dag.py:2371} INFO - Sync 1 DAGs
[2022-06-14 19:05:09,822] {logging_mixin.py:115} INFO - [2022-06-14 19:05:09,822] {dag.py:2915} INFO - Setting next_dagrun for example_bash_operator to 2022-06-14T00:00:00+00:00, run_after=2022-06-15T00:00:00+00:00
[2022-06-14 19:05:09,839] {processor.py:161} INFO - Processing /usr/local/lib/python3.10/dist-packages/airflow/example_dags/example_bash_operator.py took 0.067 seconds
[2022-06-14 19:05:53,264] {processor.py:153} INFO - Started process (PID=9820) to work on /usr/local/lib/python3.10/dist-packages/airflow/example_dags/example_bash_operator.py
[2022-06-14 19:05:53,265] {processor.py:641} INFO - Processing file /usr/local/lib/python3.10/dist-packages/airflow/example_dags/example_bash_operator.py for tasks to queue
[2022-06-14 19:05:53,265] {logging_mixin.py:115} INFO - [2022-06-14 19:05:53,265] {dagbag.py:507} INFO - Filling up the DagBag from /usr/local/lib/python3.10/dist-packages/airflow/example_dags/example_bash_operator.py
[2022-06-14 19:05:53,276] {processor.py:651} INFO - DAG(s) dict_keys(['example_bash_operator']) retrieved from /usr/local/lib/python3.10/dist-packages/airflow/example_dags/example_bash_operator.py
[2022-06-14 19:05:53,291] {logging_mixin.py:115} INFO - [2022-06-14 19:05:53,290] {dag.py:2371} INFO - Sync 1 DAGs
[2022-06-14 19:05:53,309] {logging_mixin.py:115} INFO - [2022-06-14 19:05:53,309] {dag.py:2915} INFO - Setting next_dagrun for example_bash_operator to 2022-06-14T00:00:00+00:00, run_after=2022-06-15T00:00:00+00:00
[2022-06-14 19:05:53,326] {processor.py:161} INFO - Processing /usr/local/lib/python3.10/dist-packages/airflow/example_dags/example_bash_operator.py took 0.065 seconds
[2022-06-14 19:06:35,055] {processor.py:153} INFO - Started process (PID=9873) to work on /usr/local/lib/python3.10/dist-packages/airflow/example_dags/example_bash_operator.py
[2022-06-14 19:06:35,056] {processor.py:641} INFO - Processing file /usr/local/lib/python3.10/dist-packages/airflow/example_dags/example_bash_operator.py for tasks to queue
[2022-06-14 19:06:35,056] {logging_mixin.py:115} INFO - [2022-06-14 19:06:35,056] {dagbag.py:507} INFO - Filling up the DagBag from /usr/local/lib/python3.10/dist-packages/airflow/example_dags/example_bash_operator.py
[2022-06-14 19:06:35,067] {processor.py:651} INFO - DAG(s) dict_keys(['example_bash_operator']) retrieved from /usr/local/lib/python3.10/dist-packages/airflow/example_dags/example_bash_operator.py
[2022-06-14 19:06:35,081] {logging_mixin.py:115} INFO - [2022-06-14 19:06:35,081] {dag.py:2371} INFO - Sync 1 DAGs
[2022-06-14 19:06:35,100] {logging_mixin.py:115} INFO - [2022-06-14 19:06:35,100] {dag.py:2915} INFO - Setting next_dagrun for example_bash_operator to 2022-06-14T00:00:00+00:00, run_after=2022-06-15T00:00:00+00:00
[2022-06-14 19:06:35,117] {processor.py:161} INFO - Processing /usr/local/lib/python3.10/dist-packages/airflow/example_dags/example_bash_operator.py took 0.064 seconds
[2022-06-14 19:07:13,463] {processor.py:153} INFO - Started process (PID=9933) to work on /usr/local/lib/python3.10/dist-packages/airflow/example_dags/example_bash_operator.py
[2022-06-14 19:07:13,464] {processor.py:641} INFO - Processing file /usr/local/lib/python3.10/dist-packages/airflow/example_dags/example_bash_operator.py for tasks to queue
[2022-06-14 19:07:13,464] {logging_mixin.py:115} INFO - [2022-06-14 19:07:13,464] {dagbag.py:507} INFO - Filling up the DagBag from /usr/local/lib/python3.10/dist-packages/airflow/example_dags/example_bash_operator.py
[2022-06-14 19:07:13,475] {processor.py:651} INFO - DAG(s) dict_keys(['example_bash_operator']) retrieved from /usr/local/lib/python3.10/dist-packages/airflow/example_dags/example_bash_operator.py
[2022-06-14 19:07:13,491] {logging_mixin.py:115} INFO - [2022-06-14 19:07:13,491] {dag.py:2371} INFO - Sync 1 DAGs
[2022-06-14 19:07:13,510] {logging_mixin.py:115} INFO - [2022-06-14 19:07:13,510] {dag.py:2915} INFO - Setting next_dagrun for example_bash_operator to 2022-06-14T00:00:00+00:00, run_after=2022-06-15T00:00:00+00:00
[2022-06-14 19:07:13,528] {processor.py:161} INFO - Processing /usr/local/lib/python3.10/dist-packages/airflow/example_dags/example_bash_operator.py took 0.068 seconds
[2022-06-14 19:07:51,953] {processor.py:153} INFO - Started process (PID=9984) to work on /usr/local/lib/python3.10/dist-packages/airflow/example_dags/example_bash_operator.py
[2022-06-14 19:07:51,953] {processor.py:641} INFO - Processing file /usr/local/lib/python3.10/dist-packages/airflow/example_dags/example_bash_operator.py for tasks to queue
[2022-06-14 19:07:51,954] {logging_mixin.py:115} INFO - [2022-06-14 19:07:51,954] {dagbag.py:507} INFO - Filling up the DagBag from /usr/local/lib/python3.10/dist-packages/airflow/example_dags/example_bash_operator.py
[2022-06-14 19:07:51,965] {processor.py:651} INFO - DAG(s) dict_keys(['example_bash_operator']) retrieved from /usr/local/lib/python3.10/dist-packages/airflow/example_dags/example_bash_operator.py
[2022-06-14 19:07:51,982] {logging_mixin.py:115} INFO - [2022-06-14 19:07:51,982] {dag.py:2371} INFO - Sync 1 DAGs
[2022-06-14 19:07:52,001] {logging_mixin.py:115} INFO - [2022-06-14 19:07:52,001] {dag.py:2915} INFO - Setting next_dagrun for example_bash_operator to 2022-06-14T00:00:00+00:00, run_after=2022-06-15T00:00:00+00:00
[2022-06-14 19:07:52,018] {processor.py:161} INFO - Processing /usr/local/lib/python3.10/dist-packages/airflow/example_dags/example_bash_operator.py took 0.068 seconds
[2022-06-14 19:08:36,687] {processor.py:153} INFO - Started process (PID=10046) to work on /usr/local/lib/python3.10/dist-packages/airflow/example_dags/example_bash_operator.py
[2022-06-14 19:08:36,688] {processor.py:641} INFO - Processing file /usr/local/lib/python3.10/dist-packages/airflow/example_dags/example_bash_operator.py for tasks to queue
[2022-06-14 19:08:36,689] {logging_mixin.py:115} INFO - [2022-06-14 19:08:36,688] {dagbag.py:507} INFO - Filling up the DagBag from /usr/local/lib/python3.10/dist-packages/airflow/example_dags/example_bash_operator.py
[2022-06-14 19:08:36,699] {processor.py:651} INFO - DAG(s) dict_keys(['example_bash_operator']) retrieved from /usr/local/lib/python3.10/dist-packages/airflow/example_dags/example_bash_operator.py
[2022-06-14 19:08:36,715] {logging_mixin.py:115} INFO - [2022-06-14 19:08:36,715] {dag.py:2371} INFO - Sync 1 DAGs
[2022-06-14 19:08:36,734] {logging_mixin.py:115} INFO - [2022-06-14 19:08:36,734] {dag.py:2915} INFO - Setting next_dagrun for example_bash_operator to 2022-06-14T00:00:00+00:00, run_after=2022-06-15T00:00:00+00:00
[2022-06-14 19:08:36,751] {processor.py:161} INFO - Processing /usr/local/lib/python3.10/dist-packages/airflow/example_dags/example_bash_operator.py took 0.067 seconds
[2022-06-14 19:09:20,170] {processor.py:153} INFO - Started process (PID=10109) to work on /usr/local/lib/python3.10/dist-packages/airflow/example_dags/example_bash_operator.py
[2022-06-14 19:09:20,170] {processor.py:641} INFO - Processing file /usr/local/lib/python3.10/dist-packages/airflow/example_dags/example_bash_operator.py for tasks to queue
[2022-06-14 19:09:20,171] {logging_mixin.py:115} INFO - [2022-06-14 19:09:20,171] {dagbag.py:507} INFO - Filling up the DagBag from /usr/local/lib/python3.10/dist-packages/airflow/example_dags/example_bash_operator.py
[2022-06-14 19:09:20,182] {processor.py:651} INFO - DAG(s) dict_keys(['example_bash_operator']) retrieved from /usr/local/lib/python3.10/dist-packages/airflow/example_dags/example_bash_operator.py
[2022-06-14 19:09:20,198] {logging_mixin.py:115} INFO - [2022-06-14 19:09:20,198] {dag.py:2371} INFO - Sync 1 DAGs
[2022-06-14 19:09:20,217] {logging_mixin.py:115} INFO - [2022-06-14 19:09:20,217] {dag.py:2915} INFO - Setting next_dagrun for example_bash_operator to 2022-06-14T00:00:00+00:00, run_after=2022-06-15T00:00:00+00:00
[2022-06-14 19:09:20,234] {processor.py:161} INFO - Processing /usr/local/lib/python3.10/dist-packages/airflow/example_dags/example_bash_operator.py took 0.067 seconds
[2022-06-14 19:10:04,643] {processor.py:153} INFO - Started process (PID=10188) to work on /usr/local/lib/python3.10/dist-packages/airflow/example_dags/example_bash_operator.py
[2022-06-14 19:10:04,644] {processor.py:641} INFO - Processing file /usr/local/lib/python3.10/dist-packages/airflow/example_dags/example_bash_operator.py for tasks to queue
[2022-06-14 19:10:04,645] {logging_mixin.py:115} INFO - [2022-06-14 19:10:04,644] {dagbag.py:507} INFO - Filling up the DagBag from /usr/local/lib/python3.10/dist-packages/airflow/example_dags/example_bash_operator.py
[2022-06-14 19:10:04,655] {processor.py:651} INFO - DAG(s) dict_keys(['example_bash_operator']) retrieved from /usr/local/lib/python3.10/dist-packages/airflow/example_dags/example_bash_operator.py
[2022-06-14 19:10:04,671] {logging_mixin.py:115} INFO - [2022-06-14 19:10:04,671] {dag.py:2371} INFO - Sync 1 DAGs
[2022-06-14 19:10:04,689] {logging_mixin.py:115} INFO - [2022-06-14 19:10:04,689] {dag.py:2915} INFO - Setting next_dagrun for example_bash_operator to 2022-06-14T00:00:00+00:00, run_after=2022-06-15T00:00:00+00:00
[2022-06-14 19:10:04,707] {processor.py:161} INFO - Processing /usr/local/lib/python3.10/dist-packages/airflow/example_dags/example_bash_operator.py took 0.066 seconds
