[2022-06-14 18:33:45,539] {processor.py:153} INFO - Started process (PID=6633) to work on /usr/local/lib/python3.10/dist-packages/airflow/example_dags/example_latest_only_with_trigger.py
[2022-06-14 18:33:45,540] {processor.py:641} INFO - Processing file /usr/local/lib/python3.10/dist-packages/airflow/example_dags/example_latest_only_with_trigger.py for tasks to queue
[2022-06-14 18:33:45,540] {logging_mixin.py:115} INFO - [2022-06-14 18:33:45,540] {dagbag.py:507} INFO - Filling up the DagBag from /usr/local/lib/python3.10/dist-packages/airflow/example_dags/example_latest_only_with_trigger.py
[2022-06-14 18:33:45,546] {processor.py:651} INFO - DAG(s) dict_keys(['latest_only_with_trigger']) retrieved from /usr/local/lib/python3.10/dist-packages/airflow/example_dags/example_latest_only_with_trigger.py
[2022-06-14 18:33:45,561] {logging_mixin.py:115} INFO - [2022-06-14 18:33:45,561] {dag.py:2371} INFO - Sync 1 DAGs
[2022-06-14 18:33:45,579] {logging_mixin.py:115} INFO - [2022-06-14 18:33:45,579] {dag.py:2915} INFO - Setting next_dagrun for latest_only_with_trigger to 2022-06-14T09:03:45.578746+00:00, run_after=2022-06-14T13:03:45.578746+00:00
[2022-06-14 18:33:45,598] {processor.py:161} INFO - Processing /usr/local/lib/python3.10/dist-packages/airflow/example_dags/example_latest_only_with_trigger.py took 0.061 seconds
[2022-06-14 18:34:20,456] {processor.py:153} INFO - Started process (PID=6691) to work on /usr/local/lib/python3.10/dist-packages/airflow/example_dags/example_latest_only_with_trigger.py
[2022-06-14 18:34:20,457] {processor.py:641} INFO - Processing file /usr/local/lib/python3.10/dist-packages/airflow/example_dags/example_latest_only_with_trigger.py for tasks to queue
[2022-06-14 18:34:20,458] {logging_mixin.py:115} INFO - [2022-06-14 18:34:20,457] {dagbag.py:507} INFO - Filling up the DagBag from /usr/local/lib/python3.10/dist-packages/airflow/example_dags/example_latest_only_with_trigger.py
[2022-06-14 18:34:20,463] {processor.py:651} INFO - DAG(s) dict_keys(['latest_only_with_trigger']) retrieved from /usr/local/lib/python3.10/dist-packages/airflow/example_dags/example_latest_only_with_trigger.py
[2022-06-14 18:34:20,478] {logging_mixin.py:115} INFO - [2022-06-14 18:34:20,478] {dag.py:2371} INFO - Sync 1 DAGs
[2022-06-14 18:34:20,495] {logging_mixin.py:115} INFO - [2022-06-14 18:34:20,495] {dag.py:2915} INFO - Setting next_dagrun for latest_only_with_trigger to 2022-06-14T09:04:20.495074+00:00, run_after=2022-06-14T13:04:20.495074+00:00
[2022-06-14 18:34:20,514] {processor.py:161} INFO - Processing /usr/local/lib/python3.10/dist-packages/airflow/example_dags/example_latest_only_with_trigger.py took 0.059 seconds
[2022-06-14 18:34:56,090] {processor.py:153} INFO - Started process (PID=6749) to work on /usr/local/lib/python3.10/dist-packages/airflow/example_dags/example_latest_only_with_trigger.py
[2022-06-14 18:34:56,092] {processor.py:641} INFO - Processing file /usr/local/lib/python3.10/dist-packages/airflow/example_dags/example_latest_only_with_trigger.py for tasks to queue
[2022-06-14 18:34:56,093] {logging_mixin.py:115} INFO - [2022-06-14 18:34:56,093] {dagbag.py:507} INFO - Filling up the DagBag from /usr/local/lib/python3.10/dist-packages/airflow/example_dags/example_latest_only_with_trigger.py
[2022-06-14 18:34:56,098] {processor.py:651} INFO - DAG(s) dict_keys(['latest_only_with_trigger']) retrieved from /usr/local/lib/python3.10/dist-packages/airflow/example_dags/example_latest_only_with_trigger.py
[2022-06-14 18:34:56,114] {logging_mixin.py:115} INFO - [2022-06-14 18:34:56,114] {dag.py:2371} INFO - Sync 1 DAGs
[2022-06-14 18:34:56,131] {logging_mixin.py:115} INFO - [2022-06-14 18:34:56,131] {dag.py:2915} INFO - Setting next_dagrun for latest_only_with_trigger to 2022-06-14T09:04:56.131273+00:00, run_after=2022-06-14T13:04:56.131273+00:00
[2022-06-14 18:34:56,150] {processor.py:161} INFO - Processing /usr/local/lib/python3.10/dist-packages/airflow/example_dags/example_latest_only_with_trigger.py took 0.062 seconds
[2022-06-14 18:35:29,908] {processor.py:153} INFO - Started process (PID=6800) to work on /usr/local/lib/python3.10/dist-packages/airflow/example_dags/example_latest_only_with_trigger.py
[2022-06-14 18:35:29,909] {processor.py:641} INFO - Processing file /usr/local/lib/python3.10/dist-packages/airflow/example_dags/example_latest_only_with_trigger.py for tasks to queue
[2022-06-14 18:35:29,909] {logging_mixin.py:115} INFO - [2022-06-14 18:35:29,909] {dagbag.py:507} INFO - Filling up the DagBag from /usr/local/lib/python3.10/dist-packages/airflow/example_dags/example_latest_only_with_trigger.py
[2022-06-14 18:35:29,915] {processor.py:651} INFO - DAG(s) dict_keys(['latest_only_with_trigger']) retrieved from /usr/local/lib/python3.10/dist-packages/airflow/example_dags/example_latest_only_with_trigger.py
[2022-06-14 18:35:29,936] {logging_mixin.py:115} INFO - [2022-06-14 18:35:29,936] {dag.py:2371} INFO - Sync 1 DAGs
[2022-06-14 18:35:29,959] {logging_mixin.py:115} INFO - [2022-06-14 18:35:29,958] {dag.py:2915} INFO - Setting next_dagrun for latest_only_with_trigger to 2022-06-14T09:05:29.958750+00:00, run_after=2022-06-14T13:05:29.958750+00:00
[2022-06-14 18:35:29,981] {processor.py:161} INFO - Processing /usr/local/lib/python3.10/dist-packages/airflow/example_dags/example_latest_only_with_trigger.py took 0.075 seconds
[2022-06-14 18:36:04,741] {processor.py:153} INFO - Started process (PID=6853) to work on /usr/local/lib/python3.10/dist-packages/airflow/example_dags/example_latest_only_with_trigger.py
[2022-06-14 18:36:04,741] {processor.py:641} INFO - Processing file /usr/local/lib/python3.10/dist-packages/airflow/example_dags/example_latest_only_with_trigger.py for tasks to queue
[2022-06-14 18:36:04,742] {logging_mixin.py:115} INFO - [2022-06-14 18:36:04,742] {dagbag.py:507} INFO - Filling up the DagBag from /usr/local/lib/python3.10/dist-packages/airflow/example_dags/example_latest_only_with_trigger.py
[2022-06-14 18:36:04,747] {processor.py:651} INFO - DAG(s) dict_keys(['latest_only_with_trigger']) retrieved from /usr/local/lib/python3.10/dist-packages/airflow/example_dags/example_latest_only_with_trigger.py
[2022-06-14 18:36:04,761] {logging_mixin.py:115} INFO - [2022-06-14 18:36:04,761] {dag.py:2371} INFO - Sync 1 DAGs
[2022-06-14 18:36:04,778] {logging_mixin.py:115} INFO - [2022-06-14 18:36:04,778] {dag.py:2915} INFO - Setting next_dagrun for latest_only_with_trigger to 2022-06-14T09:06:04.778171+00:00, run_after=2022-06-14T13:06:04.778171+00:00
[2022-06-14 18:36:04,797] {processor.py:161} INFO - Processing /usr/local/lib/python3.10/dist-packages/airflow/example_dags/example_latest_only_with_trigger.py took 0.059 seconds
[2022-06-14 18:36:41,439] {processor.py:153} INFO - Started process (PID=6899) to work on /usr/local/lib/python3.10/dist-packages/airflow/example_dags/example_latest_only_with_trigger.py
[2022-06-14 18:36:41,440] {processor.py:641} INFO - Processing file /usr/local/lib/python3.10/dist-packages/airflow/example_dags/example_latest_only_with_trigger.py for tasks to queue
[2022-06-14 18:36:41,440] {logging_mixin.py:115} INFO - [2022-06-14 18:36:41,440] {dagbag.py:507} INFO - Filling up the DagBag from /usr/local/lib/python3.10/dist-packages/airflow/example_dags/example_latest_only_with_trigger.py
[2022-06-14 18:36:41,445] {processor.py:651} INFO - DAG(s) dict_keys(['latest_only_with_trigger']) retrieved from /usr/local/lib/python3.10/dist-packages/airflow/example_dags/example_latest_only_with_trigger.py
[2022-06-14 18:36:41,461] {logging_mixin.py:115} INFO - [2022-06-14 18:36:41,460] {dag.py:2371} INFO - Sync 1 DAGs
[2022-06-14 18:36:41,478] {logging_mixin.py:115} INFO - [2022-06-14 18:36:41,478] {dag.py:2915} INFO - Setting next_dagrun for latest_only_with_trigger to 2022-06-14T09:06:41.477945+00:00, run_after=2022-06-14T13:06:41.477945+00:00
[2022-06-14 18:36:41,497] {processor.py:161} INFO - Processing /usr/local/lib/python3.10/dist-packages/airflow/example_dags/example_latest_only_with_trigger.py took 0.060 seconds
[2022-06-14 18:37:16,925] {processor.py:153} INFO - Started process (PID=6953) to work on /usr/local/lib/python3.10/dist-packages/airflow/example_dags/example_latest_only_with_trigger.py
[2022-06-14 18:37:16,925] {processor.py:641} INFO - Processing file /usr/local/lib/python3.10/dist-packages/airflow/example_dags/example_latest_only_with_trigger.py for tasks to queue
[2022-06-14 18:37:16,926] {logging_mixin.py:115} INFO - [2022-06-14 18:37:16,926] {dagbag.py:507} INFO - Filling up the DagBag from /usr/local/lib/python3.10/dist-packages/airflow/example_dags/example_latest_only_with_trigger.py
[2022-06-14 18:37:16,932] {processor.py:651} INFO - DAG(s) dict_keys(['latest_only_with_trigger']) retrieved from /usr/local/lib/python3.10/dist-packages/airflow/example_dags/example_latest_only_with_trigger.py
[2022-06-14 18:37:16,947] {logging_mixin.py:115} INFO - [2022-06-14 18:37:16,947] {dag.py:2371} INFO - Sync 1 DAGs
[2022-06-14 18:37:16,964] {logging_mixin.py:115} INFO - [2022-06-14 18:37:16,964] {dag.py:2915} INFO - Setting next_dagrun for latest_only_with_trigger to 2022-06-14T09:07:16.964053+00:00, run_after=2022-06-14T13:07:16.964053+00:00
[2022-06-14 18:37:16,982] {processor.py:161} INFO - Processing /usr/local/lib/python3.10/dist-packages/airflow/example_dags/example_latest_only_with_trigger.py took 0.060 seconds
[2022-06-14 18:37:51,829] {processor.py:153} INFO - Started process (PID=6998) to work on /usr/local/lib/python3.10/dist-packages/airflow/example_dags/example_latest_only_with_trigger.py
[2022-06-14 18:37:51,829] {processor.py:641} INFO - Processing file /usr/local/lib/python3.10/dist-packages/airflow/example_dags/example_latest_only_with_trigger.py for tasks to queue
[2022-06-14 18:37:51,830] {logging_mixin.py:115} INFO - [2022-06-14 18:37:51,829] {dagbag.py:507} INFO - Filling up the DagBag from /usr/local/lib/python3.10/dist-packages/airflow/example_dags/example_latest_only_with_trigger.py
[2022-06-14 18:37:51,836] {processor.py:651} INFO - DAG(s) dict_keys(['latest_only_with_trigger']) retrieved from /usr/local/lib/python3.10/dist-packages/airflow/example_dags/example_latest_only_with_trigger.py
[2022-06-14 18:37:51,851] {logging_mixin.py:115} INFO - [2022-06-14 18:37:51,851] {dag.py:2371} INFO - Sync 1 DAGs
[2022-06-14 18:37:51,869] {logging_mixin.py:115} INFO - [2022-06-14 18:37:51,869] {dag.py:2915} INFO - Setting next_dagrun for latest_only_with_trigger to 2022-06-14T09:07:51.868776+00:00, run_after=2022-06-14T13:07:51.868776+00:00
[2022-06-14 18:37:51,888] {processor.py:161} INFO - Processing /usr/local/lib/python3.10/dist-packages/airflow/example_dags/example_latest_only_with_trigger.py took 0.062 seconds
[2022-06-14 18:38:26,407] {processor.py:153} INFO - Started process (PID=7048) to work on /usr/local/lib/python3.10/dist-packages/airflow/example_dags/example_latest_only_with_trigger.py
[2022-06-14 18:38:26,407] {processor.py:641} INFO - Processing file /usr/local/lib/python3.10/dist-packages/airflow/example_dags/example_latest_only_with_trigger.py for tasks to queue
[2022-06-14 18:38:26,408] {logging_mixin.py:115} INFO - [2022-06-14 18:38:26,408] {dagbag.py:507} INFO - Filling up the DagBag from /usr/local/lib/python3.10/dist-packages/airflow/example_dags/example_latest_only_with_trigger.py
[2022-06-14 18:38:26,415] {processor.py:651} INFO - DAG(s) dict_keys(['latest_only_with_trigger']) retrieved from /usr/local/lib/python3.10/dist-packages/airflow/example_dags/example_latest_only_with_trigger.py
[2022-06-14 18:38:26,435] {logging_mixin.py:115} INFO - [2022-06-14 18:38:26,435] {dag.py:2371} INFO - Sync 1 DAGs
[2022-06-14 18:38:26,453] {logging_mixin.py:115} INFO - [2022-06-14 18:38:26,453] {dag.py:2915} INFO - Setting next_dagrun for latest_only_with_trigger to 2022-06-14T09:08:26.452882+00:00, run_after=2022-06-14T13:08:26.452882+00:00
[2022-06-14 18:38:26,471] {processor.py:161} INFO - Processing /usr/local/lib/python3.10/dist-packages/airflow/example_dags/example_latest_only_with_trigger.py took 0.068 seconds
[2022-06-14 18:38:58,689] {processor.py:153} INFO - Started process (PID=7097) to work on /usr/local/lib/python3.10/dist-packages/airflow/example_dags/example_latest_only_with_trigger.py
[2022-06-14 18:38:58,690] {processor.py:641} INFO - Processing file /usr/local/lib/python3.10/dist-packages/airflow/example_dags/example_latest_only_with_trigger.py for tasks to queue
[2022-06-14 18:38:58,690] {logging_mixin.py:115} INFO - [2022-06-14 18:38:58,690] {dagbag.py:507} INFO - Filling up the DagBag from /usr/local/lib/python3.10/dist-packages/airflow/example_dags/example_latest_only_with_trigger.py
[2022-06-14 18:38:58,696] {processor.py:651} INFO - DAG(s) dict_keys(['latest_only_with_trigger']) retrieved from /usr/local/lib/python3.10/dist-packages/airflow/example_dags/example_latest_only_with_trigger.py
[2022-06-14 18:38:58,712] {logging_mixin.py:115} INFO - [2022-06-14 18:38:58,712] {dag.py:2371} INFO - Sync 1 DAGs
[2022-06-14 18:38:58,731] {logging_mixin.py:115} INFO - [2022-06-14 18:38:58,730] {dag.py:2915} INFO - Setting next_dagrun for latest_only_with_trigger to 2022-06-14T09:08:58.730714+00:00, run_after=2022-06-14T13:08:58.730714+00:00
[2022-06-14 18:38:58,753] {processor.py:161} INFO - Processing /usr/local/lib/python3.10/dist-packages/airflow/example_dags/example_latest_only_with_trigger.py took 0.066 seconds
[2022-06-14 18:39:33,334] {processor.py:153} INFO - Started process (PID=7147) to work on /usr/local/lib/python3.10/dist-packages/airflow/example_dags/example_latest_only_with_trigger.py
[2022-06-14 18:39:33,335] {processor.py:641} INFO - Processing file /usr/local/lib/python3.10/dist-packages/airflow/example_dags/example_latest_only_with_trigger.py for tasks to queue
[2022-06-14 18:39:33,335] {logging_mixin.py:115} INFO - [2022-06-14 18:39:33,335] {dagbag.py:507} INFO - Filling up the DagBag from /usr/local/lib/python3.10/dist-packages/airflow/example_dags/example_latest_only_with_trigger.py
[2022-06-14 18:39:33,340] {processor.py:651} INFO - DAG(s) dict_keys(['latest_only_with_trigger']) retrieved from /usr/local/lib/python3.10/dist-packages/airflow/example_dags/example_latest_only_with_trigger.py
[2022-06-14 18:39:33,355] {logging_mixin.py:115} INFO - [2022-06-14 18:39:33,355] {dag.py:2371} INFO - Sync 1 DAGs
[2022-06-14 18:39:33,372] {logging_mixin.py:115} INFO - [2022-06-14 18:39:33,372] {dag.py:2915} INFO - Setting next_dagrun for latest_only_with_trigger to 2022-06-14T09:09:33.372072+00:00, run_after=2022-06-14T13:09:33.372072+00:00
[2022-06-14 18:39:33,394] {processor.py:161} INFO - Processing /usr/local/lib/python3.10/dist-packages/airflow/example_dags/example_latest_only_with_trigger.py took 0.062 seconds
[2022-06-14 18:40:09,258] {processor.py:153} INFO - Started process (PID=7205) to work on /usr/local/lib/python3.10/dist-packages/airflow/example_dags/example_latest_only_with_trigger.py
[2022-06-14 18:40:09,259] {processor.py:641} INFO - Processing file /usr/local/lib/python3.10/dist-packages/airflow/example_dags/example_latest_only_with_trigger.py for tasks to queue
[2022-06-14 18:40:09,259] {logging_mixin.py:115} INFO - [2022-06-14 18:40:09,259] {dagbag.py:507} INFO - Filling up the DagBag from /usr/local/lib/python3.10/dist-packages/airflow/example_dags/example_latest_only_with_trigger.py
[2022-06-14 18:40:09,265] {processor.py:651} INFO - DAG(s) dict_keys(['latest_only_with_trigger']) retrieved from /usr/local/lib/python3.10/dist-packages/airflow/example_dags/example_latest_only_with_trigger.py
[2022-06-14 18:40:09,280] {logging_mixin.py:115} INFO - [2022-06-14 18:40:09,280] {dag.py:2371} INFO - Sync 1 DAGs
[2022-06-14 18:40:09,297] {logging_mixin.py:115} INFO - [2022-06-14 18:40:09,297] {dag.py:2915} INFO - Setting next_dagrun for latest_only_with_trigger to 2022-06-14T09:10:09.296872+00:00, run_after=2022-06-14T13:10:09.296872+00:00
[2022-06-14 18:40:09,315] {processor.py:161} INFO - Processing /usr/local/lib/python3.10/dist-packages/airflow/example_dags/example_latest_only_with_trigger.py took 0.060 seconds
[2022-06-14 18:40:46,945] {processor.py:153} INFO - Started process (PID=7252) to work on /usr/local/lib/python3.10/dist-packages/airflow/example_dags/example_latest_only_with_trigger.py
[2022-06-14 18:40:46,945] {processor.py:641} INFO - Processing file /usr/local/lib/python3.10/dist-packages/airflow/example_dags/example_latest_only_with_trigger.py for tasks to queue
[2022-06-14 18:40:46,946] {logging_mixin.py:115} INFO - [2022-06-14 18:40:46,946] {dagbag.py:507} INFO - Filling up the DagBag from /usr/local/lib/python3.10/dist-packages/airflow/example_dags/example_latest_only_with_trigger.py
[2022-06-14 18:40:46,951] {processor.py:651} INFO - DAG(s) dict_keys(['latest_only_with_trigger']) retrieved from /usr/local/lib/python3.10/dist-packages/airflow/example_dags/example_latest_only_with_trigger.py
[2022-06-14 18:40:46,968] {logging_mixin.py:115} INFO - [2022-06-14 18:40:46,968] {dag.py:2371} INFO - Sync 1 DAGs
[2022-06-14 18:40:46,986] {logging_mixin.py:115} INFO - [2022-06-14 18:40:46,986] {dag.py:2915} INFO - Setting next_dagrun for latest_only_with_trigger to 2022-06-14T09:10:46.986119+00:00, run_after=2022-06-14T13:10:46.986119+00:00
[2022-06-14 18:40:47,005] {processor.py:161} INFO - Processing /usr/local/lib/python3.10/dist-packages/airflow/example_dags/example_latest_only_with_trigger.py took 0.063 seconds
[2022-06-14 18:41:24,494] {processor.py:153} INFO - Started process (PID=7319) to work on /usr/local/lib/python3.10/dist-packages/airflow/example_dags/example_latest_only_with_trigger.py
[2022-06-14 18:41:24,495] {processor.py:641} INFO - Processing file /usr/local/lib/python3.10/dist-packages/airflow/example_dags/example_latest_only_with_trigger.py for tasks to queue
[2022-06-14 18:41:24,496] {logging_mixin.py:115} INFO - [2022-06-14 18:41:24,496] {dagbag.py:507} INFO - Filling up the DagBag from /usr/local/lib/python3.10/dist-packages/airflow/example_dags/example_latest_only_with_trigger.py
[2022-06-14 18:41:24,506] {processor.py:651} INFO - DAG(s) dict_keys(['latest_only_with_trigger']) retrieved from /usr/local/lib/python3.10/dist-packages/airflow/example_dags/example_latest_only_with_trigger.py
[2022-06-14 18:41:24,531] {logging_mixin.py:115} INFO - [2022-06-14 18:41:24,531] {dag.py:2371} INFO - Sync 1 DAGs
[2022-06-14 18:41:24,563] {logging_mixin.py:115} INFO - [2022-06-14 18:41:24,563] {dag.py:2915} INFO - Setting next_dagrun for latest_only_with_trigger to 2022-06-14T09:11:24.562832+00:00, run_after=2022-06-14T13:11:24.562832+00:00
[2022-06-14 18:41:24,590] {processor.py:161} INFO - Processing /usr/local/lib/python3.10/dist-packages/airflow/example_dags/example_latest_only_with_trigger.py took 0.100 seconds
[2022-06-14 18:42:03,369] {processor.py:153} INFO - Started process (PID=7374) to work on /usr/local/lib/python3.10/dist-packages/airflow/example_dags/example_latest_only_with_trigger.py
[2022-06-14 18:42:03,370] {processor.py:641} INFO - Processing file /usr/local/lib/python3.10/dist-packages/airflow/example_dags/example_latest_only_with_trigger.py for tasks to queue
[2022-06-14 18:42:03,370] {logging_mixin.py:115} INFO - [2022-06-14 18:42:03,370] {dagbag.py:507} INFO - Filling up the DagBag from /usr/local/lib/python3.10/dist-packages/airflow/example_dags/example_latest_only_with_trigger.py
[2022-06-14 18:42:03,376] {processor.py:651} INFO - DAG(s) dict_keys(['latest_only_with_trigger']) retrieved from /usr/local/lib/python3.10/dist-packages/airflow/example_dags/example_latest_only_with_trigger.py
[2022-06-14 18:42:03,391] {logging_mixin.py:115} INFO - [2022-06-14 18:42:03,391] {dag.py:2371} INFO - Sync 1 DAGs
[2022-06-14 18:42:03,409] {logging_mixin.py:115} INFO - [2022-06-14 18:42:03,409] {dag.py:2915} INFO - Setting next_dagrun for latest_only_with_trigger to 2022-06-14T09:12:03.408816+00:00, run_after=2022-06-14T13:12:03.408816+00:00
[2022-06-14 18:42:03,427] {processor.py:161} INFO - Processing /usr/local/lib/python3.10/dist-packages/airflow/example_dags/example_latest_only_with_trigger.py took 0.061 seconds
[2022-06-14 18:42:44,465] {processor.py:153} INFO - Started process (PID=7522) to work on /usr/local/lib/python3.10/dist-packages/airflow/example_dags/example_latest_only_with_trigger.py
[2022-06-14 18:42:44,465] {processor.py:641} INFO - Processing file /usr/local/lib/python3.10/dist-packages/airflow/example_dags/example_latest_only_with_trigger.py for tasks to queue
[2022-06-14 18:42:44,466] {logging_mixin.py:115} INFO - [2022-06-14 18:42:44,466] {dagbag.py:507} INFO - Filling up the DagBag from /usr/local/lib/python3.10/dist-packages/airflow/example_dags/example_latest_only_with_trigger.py
[2022-06-14 18:42:44,471] {processor.py:651} INFO - DAG(s) dict_keys(['latest_only_with_trigger']) retrieved from /usr/local/lib/python3.10/dist-packages/airflow/example_dags/example_latest_only_with_trigger.py
[2022-06-14 18:42:44,486] {logging_mixin.py:115} INFO - [2022-06-14 18:42:44,486] {dag.py:2371} INFO - Sync 1 DAGs
[2022-06-14 18:42:44,504] {logging_mixin.py:115} INFO - [2022-06-14 18:42:44,504] {dag.py:2915} INFO - Setting next_dagrun for latest_only_with_trigger to 2022-06-14T09:12:44.503873+00:00, run_after=2022-06-14T13:12:44.503873+00:00
[2022-06-14 18:42:44,523] {processor.py:161} INFO - Processing /usr/local/lib/python3.10/dist-packages/airflow/example_dags/example_latest_only_with_trigger.py took 0.061 seconds
[2022-06-14 18:43:23,538] {processor.py:153} INFO - Started process (PID=7576) to work on /usr/local/lib/python3.10/dist-packages/airflow/example_dags/example_latest_only_with_trigger.py
[2022-06-14 18:43:23,539] {processor.py:641} INFO - Processing file /usr/local/lib/python3.10/dist-packages/airflow/example_dags/example_latest_only_with_trigger.py for tasks to queue
[2022-06-14 18:43:23,539] {logging_mixin.py:115} INFO - [2022-06-14 18:43:23,539] {dagbag.py:507} INFO - Filling up the DagBag from /usr/local/lib/python3.10/dist-packages/airflow/example_dags/example_latest_only_with_trigger.py
[2022-06-14 18:43:23,545] {processor.py:651} INFO - DAG(s) dict_keys(['latest_only_with_trigger']) retrieved from /usr/local/lib/python3.10/dist-packages/airflow/example_dags/example_latest_only_with_trigger.py
[2022-06-14 18:43:23,561] {logging_mixin.py:115} INFO - [2022-06-14 18:43:23,561] {dag.py:2371} INFO - Sync 1 DAGs
[2022-06-14 18:43:23,579] {logging_mixin.py:115} INFO - [2022-06-14 18:43:23,579] {dag.py:2915} INFO - Setting next_dagrun for latest_only_with_trigger to 2022-06-14T09:13:23.578970+00:00, run_after=2022-06-14T13:13:23.578970+00:00
[2022-06-14 18:43:23,598] {processor.py:161} INFO - Processing /usr/local/lib/python3.10/dist-packages/airflow/example_dags/example_latest_only_with_trigger.py took 0.062 seconds
[2022-06-14 18:44:05,894] {processor.py:153} INFO - Started process (PID=7641) to work on /usr/local/lib/python3.10/dist-packages/airflow/example_dags/example_latest_only_with_trigger.py
[2022-06-14 18:44:05,895] {processor.py:641} INFO - Processing file /usr/local/lib/python3.10/dist-packages/airflow/example_dags/example_latest_only_with_trigger.py for tasks to queue
[2022-06-14 18:44:05,895] {logging_mixin.py:115} INFO - [2022-06-14 18:44:05,895] {dagbag.py:507} INFO - Filling up the DagBag from /usr/local/lib/python3.10/dist-packages/airflow/example_dags/example_latest_only_with_trigger.py
[2022-06-14 18:44:05,901] {processor.py:651} INFO - DAG(s) dict_keys(['latest_only_with_trigger']) retrieved from /usr/local/lib/python3.10/dist-packages/airflow/example_dags/example_latest_only_with_trigger.py
[2022-06-14 18:44:05,916] {logging_mixin.py:115} INFO - [2022-06-14 18:44:05,916] {dag.py:2371} INFO - Sync 1 DAGs
[2022-06-14 18:44:05,934] {logging_mixin.py:115} INFO - [2022-06-14 18:44:05,934] {dag.py:2915} INFO - Setting next_dagrun for latest_only_with_trigger to 2022-06-14T09:14:05.934171+00:00, run_after=2022-06-14T13:14:05.934171+00:00
[2022-06-14 18:44:05,953] {processor.py:161} INFO - Processing /usr/local/lib/python3.10/dist-packages/airflow/example_dags/example_latest_only_with_trigger.py took 0.061 seconds
[2022-06-14 18:44:46,053] {processor.py:153} INFO - Started process (PID=7715) to work on /usr/local/lib/python3.10/dist-packages/airflow/example_dags/example_latest_only_with_trigger.py
[2022-06-14 18:44:46,054] {processor.py:641} INFO - Processing file /usr/local/lib/python3.10/dist-packages/airflow/example_dags/example_latest_only_with_trigger.py for tasks to queue
[2022-06-14 18:44:46,055] {logging_mixin.py:115} INFO - [2022-06-14 18:44:46,055] {dagbag.py:507} INFO - Filling up the DagBag from /usr/local/lib/python3.10/dist-packages/airflow/example_dags/example_latest_only_with_trigger.py
[2022-06-14 18:44:46,062] {processor.py:651} INFO - DAG(s) dict_keys(['latest_only_with_trigger']) retrieved from /usr/local/lib/python3.10/dist-packages/airflow/example_dags/example_latest_only_with_trigger.py
[2022-06-14 18:44:46,086] {logging_mixin.py:115} INFO - [2022-06-14 18:44:46,086] {dag.py:2371} INFO - Sync 1 DAGs
[2022-06-14 18:44:46,111] {logging_mixin.py:115} INFO - [2022-06-14 18:44:46,111] {dag.py:2915} INFO - Setting next_dagrun for latest_only_with_trigger to 2022-06-14T09:14:46.111344+00:00, run_after=2022-06-14T13:14:46.111344+00:00
[2022-06-14 18:44:46,132] {processor.py:161} INFO - Processing /usr/local/lib/python3.10/dist-packages/airflow/example_dags/example_latest_only_with_trigger.py took 0.083 seconds
[2022-06-14 18:45:20,352] {processor.py:153} INFO - Started process (PID=7824) to work on /usr/local/lib/python3.10/dist-packages/airflow/example_dags/example_latest_only_with_trigger.py
[2022-06-14 18:45:20,353] {processor.py:641} INFO - Processing file /usr/local/lib/python3.10/dist-packages/airflow/example_dags/example_latest_only_with_trigger.py for tasks to queue
[2022-06-14 18:45:20,353] {logging_mixin.py:115} INFO - [2022-06-14 18:45:20,353] {dagbag.py:507} INFO - Filling up the DagBag from /usr/local/lib/python3.10/dist-packages/airflow/example_dags/example_latest_only_with_trigger.py
[2022-06-14 18:45:20,358] {processor.py:651} INFO - DAG(s) dict_keys(['latest_only_with_trigger']) retrieved from /usr/local/lib/python3.10/dist-packages/airflow/example_dags/example_latest_only_with_trigger.py
[2022-06-14 18:45:20,376] {logging_mixin.py:115} INFO - [2022-06-14 18:45:20,376] {dag.py:2371} INFO - Sync 1 DAGs
[2022-06-14 18:45:20,394] {logging_mixin.py:115} INFO - [2022-06-14 18:45:20,394] {dag.py:2915} INFO - Setting next_dagrun for latest_only_with_trigger to 2022-06-14T09:15:20.393917+00:00, run_after=2022-06-14T13:15:20.393917+00:00
[2022-06-14 18:45:20,413] {processor.py:161} INFO - Processing /usr/local/lib/python3.10/dist-packages/airflow/example_dags/example_latest_only_with_trigger.py took 0.063 seconds
[2022-06-14 18:45:59,141] {processor.py:153} INFO - Started process (PID=7884) to work on /usr/local/lib/python3.10/dist-packages/airflow/example_dags/example_latest_only_with_trigger.py
[2022-06-14 18:45:59,142] {processor.py:641} INFO - Processing file /usr/local/lib/python3.10/dist-packages/airflow/example_dags/example_latest_only_with_trigger.py for tasks to queue
[2022-06-14 18:45:59,142] {logging_mixin.py:115} INFO - [2022-06-14 18:45:59,142] {dagbag.py:507} INFO - Filling up the DagBag from /usr/local/lib/python3.10/dist-packages/airflow/example_dags/example_latest_only_with_trigger.py
[2022-06-14 18:45:59,148] {processor.py:651} INFO - DAG(s) dict_keys(['latest_only_with_trigger']) retrieved from /usr/local/lib/python3.10/dist-packages/airflow/example_dags/example_latest_only_with_trigger.py
[2022-06-14 18:45:59,166] {logging_mixin.py:115} INFO - [2022-06-14 18:45:59,165] {dag.py:2371} INFO - Sync 1 DAGs
[2022-06-14 18:45:59,183] {logging_mixin.py:115} INFO - [2022-06-14 18:45:59,183] {dag.py:2915} INFO - Setting next_dagrun for latest_only_with_trigger to 2022-06-14T09:15:59.183559+00:00, run_after=2022-06-14T13:15:59.183559+00:00
[2022-06-14 18:45:59,203] {processor.py:161} INFO - Processing /usr/local/lib/python3.10/dist-packages/airflow/example_dags/example_latest_only_with_trigger.py took 0.064 seconds
[2022-06-14 18:46:33,286] {processor.py:153} INFO - Started process (PID=7979) to work on /usr/local/lib/python3.10/dist-packages/airflow/example_dags/example_latest_only_with_trigger.py
[2022-06-14 18:46:33,287] {processor.py:641} INFO - Processing file /usr/local/lib/python3.10/dist-packages/airflow/example_dags/example_latest_only_with_trigger.py for tasks to queue
[2022-06-14 18:46:33,288] {logging_mixin.py:115} INFO - [2022-06-14 18:46:33,288] {dagbag.py:507} INFO - Filling up the DagBag from /usr/local/lib/python3.10/dist-packages/airflow/example_dags/example_latest_only_with_trigger.py
[2022-06-14 18:46:33,293] {processor.py:651} INFO - DAG(s) dict_keys(['latest_only_with_trigger']) retrieved from /usr/local/lib/python3.10/dist-packages/airflow/example_dags/example_latest_only_with_trigger.py
[2022-06-14 18:46:33,309] {logging_mixin.py:115} INFO - [2022-06-14 18:46:33,309] {dag.py:2371} INFO - Sync 1 DAGs
[2022-06-14 18:46:33,327] {logging_mixin.py:115} INFO - [2022-06-14 18:46:33,326] {dag.py:2915} INFO - Setting next_dagrun for latest_only_with_trigger to 2022-06-14T09:16:33.326544+00:00, run_after=2022-06-14T13:16:33.326544+00:00
[2022-06-14 18:46:33,345] {processor.py:161} INFO - Processing /usr/local/lib/python3.10/dist-packages/airflow/example_dags/example_latest_only_with_trigger.py took 0.061 seconds
[2022-06-14 18:47:13,389] {processor.py:153} INFO - Started process (PID=8040) to work on /usr/local/lib/python3.10/dist-packages/airflow/example_dags/example_latest_only_with_trigger.py
[2022-06-14 18:47:13,390] {processor.py:641} INFO - Processing file /usr/local/lib/python3.10/dist-packages/airflow/example_dags/example_latest_only_with_trigger.py for tasks to queue
[2022-06-14 18:47:13,390] {logging_mixin.py:115} INFO - [2022-06-14 18:47:13,390] {dagbag.py:507} INFO - Filling up the DagBag from /usr/local/lib/python3.10/dist-packages/airflow/example_dags/example_latest_only_with_trigger.py
[2022-06-14 18:47:13,395] {processor.py:651} INFO - DAG(s) dict_keys(['latest_only_with_trigger']) retrieved from /usr/local/lib/python3.10/dist-packages/airflow/example_dags/example_latest_only_with_trigger.py
[2022-06-14 18:47:13,410] {logging_mixin.py:115} INFO - [2022-06-14 18:47:13,410] {dag.py:2371} INFO - Sync 1 DAGs
[2022-06-14 18:47:13,427] {logging_mixin.py:115} INFO - [2022-06-14 18:47:13,427] {dag.py:2915} INFO - Setting next_dagrun for latest_only_with_trigger to 2022-06-14T09:17:13.427196+00:00, run_after=2022-06-14T13:17:13.427196+00:00
[2022-06-14 18:47:13,446] {processor.py:161} INFO - Processing /usr/local/lib/python3.10/dist-packages/airflow/example_dags/example_latest_only_with_trigger.py took 0.060 seconds
[2022-06-14 18:47:50,505] {processor.py:153} INFO - Started process (PID=8106) to work on /usr/local/lib/python3.10/dist-packages/airflow/example_dags/example_latest_only_with_trigger.py
[2022-06-14 18:47:50,505] {processor.py:641} INFO - Processing file /usr/local/lib/python3.10/dist-packages/airflow/example_dags/example_latest_only_with_trigger.py for tasks to queue
[2022-06-14 18:47:50,506] {logging_mixin.py:115} INFO - [2022-06-14 18:47:50,506] {dagbag.py:507} INFO - Filling up the DagBag from /usr/local/lib/python3.10/dist-packages/airflow/example_dags/example_latest_only_with_trigger.py
[2022-06-14 18:47:50,511] {processor.py:651} INFO - DAG(s) dict_keys(['latest_only_with_trigger']) retrieved from /usr/local/lib/python3.10/dist-packages/airflow/example_dags/example_latest_only_with_trigger.py
[2022-06-14 18:47:50,526] {logging_mixin.py:115} INFO - [2022-06-14 18:47:50,526] {dag.py:2371} INFO - Sync 1 DAGs
[2022-06-14 18:47:50,544] {logging_mixin.py:115} INFO - [2022-06-14 18:47:50,544] {dag.py:2915} INFO - Setting next_dagrun for latest_only_with_trigger to 2022-06-14T09:17:50.543802+00:00, run_after=2022-06-14T13:17:50.543802+00:00
[2022-06-14 18:47:50,562] {processor.py:161} INFO - Processing /usr/local/lib/python3.10/dist-packages/airflow/example_dags/example_latest_only_with_trigger.py took 0.060 seconds
[2022-06-14 18:48:31,070] {processor.py:153} INFO - Started process (PID=8167) to work on /usr/local/lib/python3.10/dist-packages/airflow/example_dags/example_latest_only_with_trigger.py
[2022-06-14 18:48:31,071] {processor.py:641} INFO - Processing file /usr/local/lib/python3.10/dist-packages/airflow/example_dags/example_latest_only_with_trigger.py for tasks to queue
[2022-06-14 18:48:31,071] {logging_mixin.py:115} INFO - [2022-06-14 18:48:31,071] {dagbag.py:507} INFO - Filling up the DagBag from /usr/local/lib/python3.10/dist-packages/airflow/example_dags/example_latest_only_with_trigger.py
[2022-06-14 18:48:31,077] {processor.py:651} INFO - DAG(s) dict_keys(['latest_only_with_trigger']) retrieved from /usr/local/lib/python3.10/dist-packages/airflow/example_dags/example_latest_only_with_trigger.py
[2022-06-14 18:48:31,092] {logging_mixin.py:115} INFO - [2022-06-14 18:48:31,092] {dag.py:2371} INFO - Sync 1 DAGs
[2022-06-14 18:48:31,109] {logging_mixin.py:115} INFO - [2022-06-14 18:48:31,109] {dag.py:2915} INFO - Setting next_dagrun for latest_only_with_trigger to 2022-06-14T09:18:31.108886+00:00, run_after=2022-06-14T13:18:31.108886+00:00
[2022-06-14 18:48:31,127] {processor.py:161} INFO - Processing /usr/local/lib/python3.10/dist-packages/airflow/example_dags/example_latest_only_with_trigger.py took 0.060 seconds
[2022-06-14 18:49:14,214] {processor.py:153} INFO - Started process (PID=8256) to work on /usr/local/lib/python3.10/dist-packages/airflow/example_dags/example_latest_only_with_trigger.py
[2022-06-14 18:49:14,215] {processor.py:641} INFO - Processing file /usr/local/lib/python3.10/dist-packages/airflow/example_dags/example_latest_only_with_trigger.py for tasks to queue
[2022-06-14 18:49:14,215] {logging_mixin.py:115} INFO - [2022-06-14 18:49:14,215] {dagbag.py:507} INFO - Filling up the DagBag from /usr/local/lib/python3.10/dist-packages/airflow/example_dags/example_latest_only_with_trigger.py
[2022-06-14 18:49:14,222] {processor.py:651} INFO - DAG(s) dict_keys(['latest_only_with_trigger']) retrieved from /usr/local/lib/python3.10/dist-packages/airflow/example_dags/example_latest_only_with_trigger.py
[2022-06-14 18:49:14,238] {logging_mixin.py:115} INFO - [2022-06-14 18:49:14,238] {dag.py:2371} INFO - Sync 1 DAGs
[2022-06-14 18:49:14,256] {logging_mixin.py:115} INFO - [2022-06-14 18:49:14,256] {dag.py:2915} INFO - Setting next_dagrun for latest_only_with_trigger to 2022-06-14T09:19:14.256137+00:00, run_after=2022-06-14T13:19:14.256137+00:00
[2022-06-14 18:49:14,276] {processor.py:161} INFO - Processing /usr/local/lib/python3.10/dist-packages/airflow/example_dags/example_latest_only_with_trigger.py took 0.065 seconds
[2022-06-14 18:49:56,809] {processor.py:153} INFO - Started process (PID=8313) to work on /usr/local/lib/python3.10/dist-packages/airflow/example_dags/example_latest_only_with_trigger.py
[2022-06-14 18:49:56,810] {processor.py:641} INFO - Processing file /usr/local/lib/python3.10/dist-packages/airflow/example_dags/example_latest_only_with_trigger.py for tasks to queue
[2022-06-14 18:49:56,810] {logging_mixin.py:115} INFO - [2022-06-14 18:49:56,810] {dagbag.py:507} INFO - Filling up the DagBag from /usr/local/lib/python3.10/dist-packages/airflow/example_dags/example_latest_only_with_trigger.py
[2022-06-14 18:49:56,816] {processor.py:651} INFO - DAG(s) dict_keys(['latest_only_with_trigger']) retrieved from /usr/local/lib/python3.10/dist-packages/airflow/example_dags/example_latest_only_with_trigger.py
[2022-06-14 18:49:56,832] {logging_mixin.py:115} INFO - [2022-06-14 18:49:56,832] {dag.py:2371} INFO - Sync 1 DAGs
[2022-06-14 18:49:56,849] {logging_mixin.py:115} INFO - [2022-06-14 18:49:56,849] {dag.py:2915} INFO - Setting next_dagrun for latest_only_with_trigger to 2022-06-14T09:19:56.849456+00:00, run_after=2022-06-14T13:19:56.849456+00:00
[2022-06-14 18:49:56,893] {processor.py:161} INFO - Processing /usr/local/lib/python3.10/dist-packages/airflow/example_dags/example_latest_only_with_trigger.py took 0.087 seconds
[2022-06-14 18:50:36,968] {processor.py:153} INFO - Started process (PID=8412) to work on /usr/local/lib/python3.10/dist-packages/airflow/example_dags/example_latest_only_with_trigger.py
[2022-06-14 18:50:36,969] {processor.py:641} INFO - Processing file /usr/local/lib/python3.10/dist-packages/airflow/example_dags/example_latest_only_with_trigger.py for tasks to queue
[2022-06-14 18:50:36,970] {logging_mixin.py:115} INFO - [2022-06-14 18:50:36,970] {dagbag.py:507} INFO - Filling up the DagBag from /usr/local/lib/python3.10/dist-packages/airflow/example_dags/example_latest_only_with_trigger.py
[2022-06-14 18:50:36,977] {processor.py:651} INFO - DAG(s) dict_keys(['latest_only_with_trigger']) retrieved from /usr/local/lib/python3.10/dist-packages/airflow/example_dags/example_latest_only_with_trigger.py
[2022-06-14 18:50:36,994] {logging_mixin.py:115} INFO - [2022-06-14 18:50:36,994] {dag.py:2371} INFO - Sync 1 DAGs
[2022-06-14 18:50:37,009] {logging_mixin.py:115} INFO - [2022-06-14 18:50:37,009] {dag.py:2915} INFO - Setting next_dagrun for latest_only_with_trigger to 2022-06-14T09:20:37.009470+00:00, run_after=2022-06-14T13:20:37.009470+00:00
[2022-06-14 18:50:37,027] {processor.py:161} INFO - Processing /usr/local/lib/python3.10/dist-packages/airflow/example_dags/example_latest_only_with_trigger.py took 0.062 seconds
[2022-06-14 18:51:13,005] {processor.py:153} INFO - Started process (PID=8473) to work on /usr/local/lib/python3.10/dist-packages/airflow/example_dags/example_latest_only_with_trigger.py
[2022-06-14 18:51:13,006] {processor.py:641} INFO - Processing file /usr/local/lib/python3.10/dist-packages/airflow/example_dags/example_latest_only_with_trigger.py for tasks to queue
[2022-06-14 18:51:13,007] {logging_mixin.py:115} INFO - [2022-06-14 18:51:13,007] {dagbag.py:507} INFO - Filling up the DagBag from /usr/local/lib/python3.10/dist-packages/airflow/example_dags/example_latest_only_with_trigger.py
[2022-06-14 18:51:13,014] {processor.py:651} INFO - DAG(s) dict_keys(['latest_only_with_trigger']) retrieved from /usr/local/lib/python3.10/dist-packages/airflow/example_dags/example_latest_only_with_trigger.py
[2022-06-14 18:51:13,031] {logging_mixin.py:115} INFO - [2022-06-14 18:51:13,031] {dag.py:2371} INFO - Sync 1 DAGs
[2022-06-14 18:51:13,047] {logging_mixin.py:115} INFO - [2022-06-14 18:51:13,047] {dag.py:2915} INFO - Setting next_dagrun for latest_only_with_trigger to 2022-06-14T09:21:13.047304+00:00, run_after=2022-06-14T13:21:13.047304+00:00
[2022-06-14 18:51:13,066] {processor.py:161} INFO - Processing /usr/local/lib/python3.10/dist-packages/airflow/example_dags/example_latest_only_with_trigger.py took 0.064 seconds
[2022-06-14 18:51:53,161] {processor.py:153} INFO - Started process (PID=8536) to work on /usr/local/lib/python3.10/dist-packages/airflow/example_dags/example_latest_only_with_trigger.py
[2022-06-14 18:51:53,161] {processor.py:641} INFO - Processing file /usr/local/lib/python3.10/dist-packages/airflow/example_dags/example_latest_only_with_trigger.py for tasks to queue
[2022-06-14 18:51:53,162] {logging_mixin.py:115} INFO - [2022-06-14 18:51:53,162] {dagbag.py:507} INFO - Filling up the DagBag from /usr/local/lib/python3.10/dist-packages/airflow/example_dags/example_latest_only_with_trigger.py
[2022-06-14 18:51:53,169] {processor.py:651} INFO - DAG(s) dict_keys(['latest_only_with_trigger']) retrieved from /usr/local/lib/python3.10/dist-packages/airflow/example_dags/example_latest_only_with_trigger.py
[2022-06-14 18:51:53,185] {logging_mixin.py:115} INFO - [2022-06-14 18:51:53,185] {dag.py:2371} INFO - Sync 1 DAGs
[2022-06-14 18:51:53,201] {logging_mixin.py:115} INFO - [2022-06-14 18:51:53,201] {dag.py:2915} INFO - Setting next_dagrun for latest_only_with_trigger to 2022-06-14T09:21:53.201168+00:00, run_after=2022-06-14T13:21:53.201168+00:00
[2022-06-14 18:51:53,219] {processor.py:161} INFO - Processing /usr/local/lib/python3.10/dist-packages/airflow/example_dags/example_latest_only_with_trigger.py took 0.061 seconds
[2022-06-14 18:52:33,820] {processor.py:153} INFO - Started process (PID=8598) to work on /usr/local/lib/python3.10/dist-packages/airflow/example_dags/example_latest_only_with_trigger.py
[2022-06-14 18:52:33,821] {processor.py:641} INFO - Processing file /usr/local/lib/python3.10/dist-packages/airflow/example_dags/example_latest_only_with_trigger.py for tasks to queue
[2022-06-14 18:52:33,822] {logging_mixin.py:115} INFO - [2022-06-14 18:52:33,822] {dagbag.py:507} INFO - Filling up the DagBag from /usr/local/lib/python3.10/dist-packages/airflow/example_dags/example_latest_only_with_trigger.py
[2022-06-14 18:52:33,828] {processor.py:651} INFO - DAG(s) dict_keys(['latest_only_with_trigger']) retrieved from /usr/local/lib/python3.10/dist-packages/airflow/example_dags/example_latest_only_with_trigger.py
[2022-06-14 18:52:33,844] {logging_mixin.py:115} INFO - [2022-06-14 18:52:33,843] {dag.py:2371} INFO - Sync 1 DAGs
[2022-06-14 18:52:33,859] {logging_mixin.py:115} INFO - [2022-06-14 18:52:33,859] {dag.py:2915} INFO - Setting next_dagrun for latest_only_with_trigger to 2022-06-14T09:22:33.859030+00:00, run_after=2022-06-14T13:22:33.859030+00:00
[2022-06-14 18:52:33,877] {processor.py:161} INFO - Processing /usr/local/lib/python3.10/dist-packages/airflow/example_dags/example_latest_only_with_trigger.py took 0.060 seconds
[2022-06-14 18:53:10,561] {processor.py:153} INFO - Started process (PID=8675) to work on /usr/local/lib/python3.10/dist-packages/airflow/example_dags/example_latest_only_with_trigger.py
[2022-06-14 18:53:10,561] {processor.py:641} INFO - Processing file /usr/local/lib/python3.10/dist-packages/airflow/example_dags/example_latest_only_with_trigger.py for tasks to queue
[2022-06-14 18:53:10,562] {logging_mixin.py:115} INFO - [2022-06-14 18:53:10,562] {dagbag.py:507} INFO - Filling up the DagBag from /usr/local/lib/python3.10/dist-packages/airflow/example_dags/example_latest_only_with_trigger.py
[2022-06-14 18:53:10,569] {processor.py:651} INFO - DAG(s) dict_keys(['latest_only_with_trigger']) retrieved from /usr/local/lib/python3.10/dist-packages/airflow/example_dags/example_latest_only_with_trigger.py
[2022-06-14 18:53:10,585] {logging_mixin.py:115} INFO - [2022-06-14 18:53:10,585] {dag.py:2371} INFO - Sync 1 DAGs
[2022-06-14 18:53:10,602] {logging_mixin.py:115} INFO - [2022-06-14 18:53:10,601] {dag.py:2915} INFO - Setting next_dagrun for latest_only_with_trigger to 2022-06-14T09:23:10.601700+00:00, run_after=2022-06-14T13:23:10.601700+00:00
[2022-06-14 18:53:10,620] {processor.py:161} INFO - Processing /usr/local/lib/python3.10/dist-packages/airflow/example_dags/example_latest_only_with_trigger.py took 0.062 seconds
[2022-06-14 18:53:46,444] {processor.py:153} INFO - Started process (PID=8730) to work on /usr/local/lib/python3.10/dist-packages/airflow/example_dags/example_latest_only_with_trigger.py
[2022-06-14 18:53:46,444] {processor.py:641} INFO - Processing file /usr/local/lib/python3.10/dist-packages/airflow/example_dags/example_latest_only_with_trigger.py for tasks to queue
[2022-06-14 18:53:46,445] {logging_mixin.py:115} INFO - [2022-06-14 18:53:46,445] {dagbag.py:507} INFO - Filling up the DagBag from /usr/local/lib/python3.10/dist-packages/airflow/example_dags/example_latest_only_with_trigger.py
[2022-06-14 18:53:46,452] {processor.py:651} INFO - DAG(s) dict_keys(['latest_only_with_trigger']) retrieved from /usr/local/lib/python3.10/dist-packages/airflow/example_dags/example_latest_only_with_trigger.py
[2022-06-14 18:53:46,469] {logging_mixin.py:115} INFO - [2022-06-14 18:53:46,468] {dag.py:2371} INFO - Sync 1 DAGs
[2022-06-14 18:53:46,485] {logging_mixin.py:115} INFO - [2022-06-14 18:53:46,485] {dag.py:2915} INFO - Setting next_dagrun for latest_only_with_trigger to 2022-06-14T09:23:46.484891+00:00, run_after=2022-06-14T13:23:46.484891+00:00
[2022-06-14 18:53:46,504] {processor.py:161} INFO - Processing /usr/local/lib/python3.10/dist-packages/airflow/example_dags/example_latest_only_with_trigger.py took 0.064 seconds
[2022-06-14 18:54:27,955] {processor.py:153} INFO - Started process (PID=8794) to work on /usr/local/lib/python3.10/dist-packages/airflow/example_dags/example_latest_only_with_trigger.py
[2022-06-14 18:54:27,957] {processor.py:641} INFO - Processing file /usr/local/lib/python3.10/dist-packages/airflow/example_dags/example_latest_only_with_trigger.py for tasks to queue
[2022-06-14 18:54:27,958] {logging_mixin.py:115} INFO - [2022-06-14 18:54:27,958] {dagbag.py:507} INFO - Filling up the DagBag from /usr/local/lib/python3.10/dist-packages/airflow/example_dags/example_latest_only_with_trigger.py
[2022-06-14 18:54:27,964] {processor.py:651} INFO - DAG(s) dict_keys(['latest_only_with_trigger']) retrieved from /usr/local/lib/python3.10/dist-packages/airflow/example_dags/example_latest_only_with_trigger.py
[2022-06-14 18:54:27,980] {logging_mixin.py:115} INFO - [2022-06-14 18:54:27,980] {dag.py:2371} INFO - Sync 1 DAGs
[2022-06-14 18:54:27,997] {logging_mixin.py:115} INFO - [2022-06-14 18:54:27,996] {dag.py:2915} INFO - Setting next_dagrun for latest_only_with_trigger to 2022-06-14T09:24:27.996678+00:00, run_after=2022-06-14T13:24:27.996678+00:00
[2022-06-14 18:54:28,015] {processor.py:161} INFO - Processing /usr/local/lib/python3.10/dist-packages/airflow/example_dags/example_latest_only_with_trigger.py took 0.063 seconds
[2022-06-14 18:55:04,136] {processor.py:153} INFO - Started process (PID=8843) to work on /usr/local/lib/python3.10/dist-packages/airflow/example_dags/example_latest_only_with_trigger.py
[2022-06-14 18:55:04,137] {processor.py:641} INFO - Processing file /usr/local/lib/python3.10/dist-packages/airflow/example_dags/example_latest_only_with_trigger.py for tasks to queue
[2022-06-14 18:55:04,137] {logging_mixin.py:115} INFO - [2022-06-14 18:55:04,137] {dagbag.py:507} INFO - Filling up the DagBag from /usr/local/lib/python3.10/dist-packages/airflow/example_dags/example_latest_only_with_trigger.py
[2022-06-14 18:55:04,144] {processor.py:651} INFO - DAG(s) dict_keys(['latest_only_with_trigger']) retrieved from /usr/local/lib/python3.10/dist-packages/airflow/example_dags/example_latest_only_with_trigger.py
[2022-06-14 18:55:04,160] {logging_mixin.py:115} INFO - [2022-06-14 18:55:04,160] {dag.py:2371} INFO - Sync 1 DAGs
[2022-06-14 18:55:04,176] {logging_mixin.py:115} INFO - [2022-06-14 18:55:04,176] {dag.py:2915} INFO - Setting next_dagrun for latest_only_with_trigger to 2022-06-14T09:25:04.175920+00:00, run_after=2022-06-14T13:25:04.175920+00:00
[2022-06-14 18:55:04,193] {processor.py:161} INFO - Processing /usr/local/lib/python3.10/dist-packages/airflow/example_dags/example_latest_only_with_trigger.py took 0.060 seconds
[2022-06-14 18:55:47,988] {processor.py:153} INFO - Started process (PID=8897) to work on /usr/local/lib/python3.10/dist-packages/airflow/example_dags/example_latest_only_with_trigger.py
[2022-06-14 18:55:47,989] {processor.py:641} INFO - Processing file /usr/local/lib/python3.10/dist-packages/airflow/example_dags/example_latest_only_with_trigger.py for tasks to queue
[2022-06-14 18:55:47,989] {logging_mixin.py:115} INFO - [2022-06-14 18:55:47,989] {dagbag.py:507} INFO - Filling up the DagBag from /usr/local/lib/python3.10/dist-packages/airflow/example_dags/example_latest_only_with_trigger.py
[2022-06-14 18:55:47,995] {processor.py:651} INFO - DAG(s) dict_keys(['latest_only_with_trigger']) retrieved from /usr/local/lib/python3.10/dist-packages/airflow/example_dags/example_latest_only_with_trigger.py
[2022-06-14 18:55:48,013] {logging_mixin.py:115} INFO - [2022-06-14 18:55:48,012] {dag.py:2371} INFO - Sync 1 DAGs
[2022-06-14 18:55:48,029] {logging_mixin.py:115} INFO - [2022-06-14 18:55:48,028] {dag.py:2915} INFO - Setting next_dagrun for latest_only_with_trigger to 2022-06-14T09:25:48.028719+00:00, run_after=2022-06-14T13:25:48.028719+00:00
[2022-06-14 18:55:48,046] {processor.py:161} INFO - Processing /usr/local/lib/python3.10/dist-packages/airflow/example_dags/example_latest_only_with_trigger.py took 0.062 seconds
[2022-06-14 18:56:28,536] {processor.py:153} INFO - Started process (PID=8953) to work on /usr/local/lib/python3.10/dist-packages/airflow/example_dags/example_latest_only_with_trigger.py
[2022-06-14 18:56:28,537] {processor.py:641} INFO - Processing file /usr/local/lib/python3.10/dist-packages/airflow/example_dags/example_latest_only_with_trigger.py for tasks to queue
[2022-06-14 18:56:28,537] {logging_mixin.py:115} INFO - [2022-06-14 18:56:28,537] {dagbag.py:507} INFO - Filling up the DagBag from /usr/local/lib/python3.10/dist-packages/airflow/example_dags/example_latest_only_with_trigger.py
[2022-06-14 18:56:28,543] {processor.py:651} INFO - DAG(s) dict_keys(['latest_only_with_trigger']) retrieved from /usr/local/lib/python3.10/dist-packages/airflow/example_dags/example_latest_only_with_trigger.py
[2022-06-14 18:56:28,559] {logging_mixin.py:115} INFO - [2022-06-14 18:56:28,558] {dag.py:2371} INFO - Sync 1 DAGs
[2022-06-14 18:56:28,575] {logging_mixin.py:115} INFO - [2022-06-14 18:56:28,575] {dag.py:2915} INFO - Setting next_dagrun for latest_only_with_trigger to 2022-06-14T09:26:28.574917+00:00, run_after=2022-06-14T13:26:28.574917+00:00
[2022-06-14 18:56:28,592] {processor.py:161} INFO - Processing /usr/local/lib/python3.10/dist-packages/airflow/example_dags/example_latest_only_with_trigger.py took 0.060 seconds
[2022-06-14 18:57:08,024] {processor.py:153} INFO - Started process (PID=9012) to work on /usr/local/lib/python3.10/dist-packages/airflow/example_dags/example_latest_only_with_trigger.py
[2022-06-14 18:57:08,025] {processor.py:641} INFO - Processing file /usr/local/lib/python3.10/dist-packages/airflow/example_dags/example_latest_only_with_trigger.py for tasks to queue
[2022-06-14 18:57:08,026] {logging_mixin.py:115} INFO - [2022-06-14 18:57:08,025] {dagbag.py:507} INFO - Filling up the DagBag from /usr/local/lib/python3.10/dist-packages/airflow/example_dags/example_latest_only_with_trigger.py
[2022-06-14 18:57:08,032] {processor.py:651} INFO - DAG(s) dict_keys(['latest_only_with_trigger']) retrieved from /usr/local/lib/python3.10/dist-packages/airflow/example_dags/example_latest_only_with_trigger.py
[2022-06-14 18:57:08,047] {logging_mixin.py:115} INFO - [2022-06-14 18:57:08,047] {dag.py:2371} INFO - Sync 1 DAGs
[2022-06-14 18:57:08,063] {logging_mixin.py:115} INFO - [2022-06-14 18:57:08,063] {dag.py:2915} INFO - Setting next_dagrun for latest_only_with_trigger to 2022-06-14T09:27:08.063284+00:00, run_after=2022-06-14T13:27:08.063284+00:00
[2022-06-14 18:57:08,081] {processor.py:161} INFO - Processing /usr/local/lib/python3.10/dist-packages/airflow/example_dags/example_latest_only_with_trigger.py took 0.060 seconds
[2022-06-14 18:57:47,708] {processor.py:153} INFO - Started process (PID=9087) to work on /usr/local/lib/python3.10/dist-packages/airflow/example_dags/example_latest_only_with_trigger.py
[2022-06-14 18:57:47,708] {processor.py:641} INFO - Processing file /usr/local/lib/python3.10/dist-packages/airflow/example_dags/example_latest_only_with_trigger.py for tasks to queue
[2022-06-14 18:57:47,709] {logging_mixin.py:115} INFO - [2022-06-14 18:57:47,709] {dagbag.py:507} INFO - Filling up the DagBag from /usr/local/lib/python3.10/dist-packages/airflow/example_dags/example_latest_only_with_trigger.py
[2022-06-14 18:57:47,714] {processor.py:651} INFO - DAG(s) dict_keys(['latest_only_with_trigger']) retrieved from /usr/local/lib/python3.10/dist-packages/airflow/example_dags/example_latest_only_with_trigger.py
[2022-06-14 18:57:47,728] {logging_mixin.py:115} INFO - [2022-06-14 18:57:47,728] {dag.py:2371} INFO - Sync 1 DAGs
[2022-06-14 18:57:47,746] {logging_mixin.py:115} INFO - [2022-06-14 18:57:47,745] {dag.py:2915} INFO - Setting next_dagrun for latest_only_with_trigger to 2022-06-14T09:27:47.745637+00:00, run_after=2022-06-14T13:27:47.745637+00:00
[2022-06-14 18:57:47,765] {processor.py:161} INFO - Processing /usr/local/lib/python3.10/dist-packages/airflow/example_dags/example_latest_only_with_trigger.py took 0.060 seconds
[2022-06-14 18:58:25,447] {processor.py:153} INFO - Started process (PID=9139) to work on /usr/local/lib/python3.10/dist-packages/airflow/example_dags/example_latest_only_with_trigger.py
[2022-06-14 18:58:25,448] {processor.py:641} INFO - Processing file /usr/local/lib/python3.10/dist-packages/airflow/example_dags/example_latest_only_with_trigger.py for tasks to queue
[2022-06-14 18:58:25,449] {logging_mixin.py:115} INFO - [2022-06-14 18:58:25,448] {dagbag.py:507} INFO - Filling up the DagBag from /usr/local/lib/python3.10/dist-packages/airflow/example_dags/example_latest_only_with_trigger.py
[2022-06-14 18:58:25,454] {processor.py:651} INFO - DAG(s) dict_keys(['latest_only_with_trigger']) retrieved from /usr/local/lib/python3.10/dist-packages/airflow/example_dags/example_latest_only_with_trigger.py
[2022-06-14 18:58:25,469] {logging_mixin.py:115} INFO - [2022-06-14 18:58:25,469] {dag.py:2371} INFO - Sync 1 DAGs
[2022-06-14 18:58:25,486] {logging_mixin.py:115} INFO - [2022-06-14 18:58:25,486] {dag.py:2915} INFO - Setting next_dagrun for latest_only_with_trigger to 2022-06-14T09:28:25.486431+00:00, run_after=2022-06-14T13:28:25.486431+00:00
[2022-06-14 18:58:25,505] {processor.py:161} INFO - Processing /usr/local/lib/python3.10/dist-packages/airflow/example_dags/example_latest_only_with_trigger.py took 0.061 seconds
[2022-06-14 18:59:07,846] {processor.py:153} INFO - Started process (PID=9204) to work on /usr/local/lib/python3.10/dist-packages/airflow/example_dags/example_latest_only_with_trigger.py
[2022-06-14 18:59:07,846] {processor.py:641} INFO - Processing file /usr/local/lib/python3.10/dist-packages/airflow/example_dags/example_latest_only_with_trigger.py for tasks to queue
[2022-06-14 18:59:07,847] {logging_mixin.py:115} INFO - [2022-06-14 18:59:07,847] {dagbag.py:507} INFO - Filling up the DagBag from /usr/local/lib/python3.10/dist-packages/airflow/example_dags/example_latest_only_with_trigger.py
[2022-06-14 18:59:07,852] {processor.py:651} INFO - DAG(s) dict_keys(['latest_only_with_trigger']) retrieved from /usr/local/lib/python3.10/dist-packages/airflow/example_dags/example_latest_only_with_trigger.py
[2022-06-14 18:59:07,867] {logging_mixin.py:115} INFO - [2022-06-14 18:59:07,867] {dag.py:2371} INFO - Sync 1 DAGs
[2022-06-14 18:59:07,884] {logging_mixin.py:115} INFO - [2022-06-14 18:59:07,884] {dag.py:2915} INFO - Setting next_dagrun for latest_only_with_trigger to 2022-06-14T09:29:07.884437+00:00, run_after=2022-06-14T13:29:07.884437+00:00
[2022-06-14 18:59:07,903] {processor.py:161} INFO - Processing /usr/local/lib/python3.10/dist-packages/airflow/example_dags/example_latest_only_with_trigger.py took 0.060 seconds
[2022-06-14 18:59:47,957] {processor.py:153} INFO - Started process (PID=9258) to work on /usr/local/lib/python3.10/dist-packages/airflow/example_dags/example_latest_only_with_trigger.py
[2022-06-14 18:59:47,958] {processor.py:641} INFO - Processing file /usr/local/lib/python3.10/dist-packages/airflow/example_dags/example_latest_only_with_trigger.py for tasks to queue
[2022-06-14 18:59:47,958] {logging_mixin.py:115} INFO - [2022-06-14 18:59:47,958] {dagbag.py:507} INFO - Filling up the DagBag from /usr/local/lib/python3.10/dist-packages/airflow/example_dags/example_latest_only_with_trigger.py
[2022-06-14 18:59:47,963] {processor.py:651} INFO - DAG(s) dict_keys(['latest_only_with_trigger']) retrieved from /usr/local/lib/python3.10/dist-packages/airflow/example_dags/example_latest_only_with_trigger.py
[2022-06-14 18:59:47,979] {logging_mixin.py:115} INFO - [2022-06-14 18:59:47,979] {dag.py:2371} INFO - Sync 1 DAGs
[2022-06-14 18:59:47,997] {logging_mixin.py:115} INFO - [2022-06-14 18:59:47,996] {dag.py:2915} INFO - Setting next_dagrun for latest_only_with_trigger to 2022-06-14T09:29:47.996573+00:00, run_after=2022-06-14T13:29:47.996573+00:00
[2022-06-14 18:59:48,016] {processor.py:161} INFO - Processing /usr/local/lib/python3.10/dist-packages/airflow/example_dags/example_latest_only_with_trigger.py took 0.061 seconds
[2022-06-14 19:00:30,273] {processor.py:153} INFO - Started process (PID=9338) to work on /usr/local/lib/python3.10/dist-packages/airflow/example_dags/example_latest_only_with_trigger.py
[2022-06-14 19:00:30,274] {processor.py:641} INFO - Processing file /usr/local/lib/python3.10/dist-packages/airflow/example_dags/example_latest_only_with_trigger.py for tasks to queue
[2022-06-14 19:00:30,275] {logging_mixin.py:115} INFO - [2022-06-14 19:00:30,274] {dagbag.py:507} INFO - Filling up the DagBag from /usr/local/lib/python3.10/dist-packages/airflow/example_dags/example_latest_only_with_trigger.py
[2022-06-14 19:00:30,280] {processor.py:651} INFO - DAG(s) dict_keys(['latest_only_with_trigger']) retrieved from /usr/local/lib/python3.10/dist-packages/airflow/example_dags/example_latest_only_with_trigger.py
[2022-06-14 19:00:30,295] {logging_mixin.py:115} INFO - [2022-06-14 19:00:30,295] {dag.py:2371} INFO - Sync 1 DAGs
[2022-06-14 19:00:30,317] {logging_mixin.py:115} INFO - [2022-06-14 19:00:30,316] {dag.py:2915} INFO - Setting next_dagrun for latest_only_with_trigger to 2022-06-14T09:30:30.316681+00:00, run_after=2022-06-14T13:30:30.316681+00:00
[2022-06-14 19:00:30,336] {processor.py:161} INFO - Processing /usr/local/lib/python3.10/dist-packages/airflow/example_dags/example_latest_only_with_trigger.py took 0.065 seconds
[2022-06-14 19:01:05,240] {processor.py:153} INFO - Started process (PID=9387) to work on /usr/local/lib/python3.10/dist-packages/airflow/example_dags/example_latest_only_with_trigger.py
[2022-06-14 19:01:05,241] {processor.py:641} INFO - Processing file /usr/local/lib/python3.10/dist-packages/airflow/example_dags/example_latest_only_with_trigger.py for tasks to queue
[2022-06-14 19:01:05,241] {logging_mixin.py:115} INFO - [2022-06-14 19:01:05,241] {dagbag.py:507} INFO - Filling up the DagBag from /usr/local/lib/python3.10/dist-packages/airflow/example_dags/example_latest_only_with_trigger.py
[2022-06-14 19:01:05,246] {processor.py:651} INFO - DAG(s) dict_keys(['latest_only_with_trigger']) retrieved from /usr/local/lib/python3.10/dist-packages/airflow/example_dags/example_latest_only_with_trigger.py
[2022-06-14 19:01:05,262] {logging_mixin.py:115} INFO - [2022-06-14 19:01:05,262] {dag.py:2371} INFO - Sync 1 DAGs
[2022-06-14 19:01:05,279] {logging_mixin.py:115} INFO - [2022-06-14 19:01:05,279] {dag.py:2915} INFO - Setting next_dagrun for latest_only_with_trigger to 2022-06-14T09:31:05.279426+00:00, run_after=2022-06-14T13:31:05.279426+00:00
[2022-06-14 19:01:05,298] {processor.py:161} INFO - Processing /usr/local/lib/python3.10/dist-packages/airflow/example_dags/example_latest_only_with_trigger.py took 0.061 seconds
[2022-06-14 19:01:43,609] {processor.py:153} INFO - Started process (PID=9438) to work on /usr/local/lib/python3.10/dist-packages/airflow/example_dags/example_latest_only_with_trigger.py
[2022-06-14 19:01:43,609] {processor.py:641} INFO - Processing file /usr/local/lib/python3.10/dist-packages/airflow/example_dags/example_latest_only_with_trigger.py for tasks to queue
[2022-06-14 19:01:43,610] {logging_mixin.py:115} INFO - [2022-06-14 19:01:43,610] {dagbag.py:507} INFO - Filling up the DagBag from /usr/local/lib/python3.10/dist-packages/airflow/example_dags/example_latest_only_with_trigger.py
[2022-06-14 19:01:43,615] {processor.py:651} INFO - DAG(s) dict_keys(['latest_only_with_trigger']) retrieved from /usr/local/lib/python3.10/dist-packages/airflow/example_dags/example_latest_only_with_trigger.py
[2022-06-14 19:01:43,630] {logging_mixin.py:115} INFO - [2022-06-14 19:01:43,630] {dag.py:2371} INFO - Sync 1 DAGs
[2022-06-14 19:01:43,647] {logging_mixin.py:115} INFO - [2022-06-14 19:01:43,647] {dag.py:2915} INFO - Setting next_dagrun for latest_only_with_trigger to 2022-06-14T09:31:43.647453+00:00, run_after=2022-06-14T13:31:43.647453+00:00
[2022-06-14 19:01:43,667] {processor.py:161} INFO - Processing /usr/local/lib/python3.10/dist-packages/airflow/example_dags/example_latest_only_with_trigger.py took 0.061 seconds
[2022-06-14 19:02:23,695] {processor.py:153} INFO - Started process (PID=9494) to work on /usr/local/lib/python3.10/dist-packages/airflow/example_dags/example_latest_only_with_trigger.py
[2022-06-14 19:02:23,696] {processor.py:641} INFO - Processing file /usr/local/lib/python3.10/dist-packages/airflow/example_dags/example_latest_only_with_trigger.py for tasks to queue
[2022-06-14 19:02:23,696] {logging_mixin.py:115} INFO - [2022-06-14 19:02:23,696] {dagbag.py:507} INFO - Filling up the DagBag from /usr/local/lib/python3.10/dist-packages/airflow/example_dags/example_latest_only_with_trigger.py
[2022-06-14 19:02:23,701] {processor.py:651} INFO - DAG(s) dict_keys(['latest_only_with_trigger']) retrieved from /usr/local/lib/python3.10/dist-packages/airflow/example_dags/example_latest_only_with_trigger.py
[2022-06-14 19:02:23,717] {logging_mixin.py:115} INFO - [2022-06-14 19:02:23,717] {dag.py:2371} INFO - Sync 1 DAGs
[2022-06-14 19:02:23,734] {logging_mixin.py:115} INFO - [2022-06-14 19:02:23,734] {dag.py:2915} INFO - Setting next_dagrun for latest_only_with_trigger to 2022-06-14T09:32:23.733885+00:00, run_after=2022-06-14T13:32:23.733885+00:00
[2022-06-14 19:02:23,752] {processor.py:161} INFO - Processing /usr/local/lib/python3.10/dist-packages/airflow/example_dags/example_latest_only_with_trigger.py took 0.059 seconds
[2022-06-14 19:02:59,877] {processor.py:153} INFO - Started process (PID=9560) to work on /usr/local/lib/python3.10/dist-packages/airflow/example_dags/example_latest_only_with_trigger.py
[2022-06-14 19:02:59,878] {processor.py:641} INFO - Processing file /usr/local/lib/python3.10/dist-packages/airflow/example_dags/example_latest_only_with_trigger.py for tasks to queue
[2022-06-14 19:02:59,878] {logging_mixin.py:115} INFO - [2022-06-14 19:02:59,878] {dagbag.py:507} INFO - Filling up the DagBag from /usr/local/lib/python3.10/dist-packages/airflow/example_dags/example_latest_only_with_trigger.py
[2022-06-14 19:02:59,885] {processor.py:651} INFO - DAG(s) dict_keys(['latest_only_with_trigger']) retrieved from /usr/local/lib/python3.10/dist-packages/airflow/example_dags/example_latest_only_with_trigger.py
[2022-06-14 19:02:59,901] {logging_mixin.py:115} INFO - [2022-06-14 19:02:59,901] {dag.py:2371} INFO - Sync 1 DAGs
[2022-06-14 19:02:59,917] {logging_mixin.py:115} INFO - [2022-06-14 19:02:59,917] {dag.py:2915} INFO - Setting next_dagrun for latest_only_with_trigger to 2022-06-14T09:32:59.916832+00:00, run_after=2022-06-14T13:32:59.916832+00:00
[2022-06-14 19:02:59,935] {processor.py:161} INFO - Processing /usr/local/lib/python3.10/dist-packages/airflow/example_dags/example_latest_only_with_trigger.py took 0.061 seconds
[2022-06-14 19:03:39,990] {processor.py:153} INFO - Started process (PID=9633) to work on /usr/local/lib/python3.10/dist-packages/airflow/example_dags/example_latest_only_with_trigger.py
[2022-06-14 19:03:39,991] {processor.py:641} INFO - Processing file /usr/local/lib/python3.10/dist-packages/airflow/example_dags/example_latest_only_with_trigger.py for tasks to queue
[2022-06-14 19:03:39,991] {logging_mixin.py:115} INFO - [2022-06-14 19:03:39,991] {dagbag.py:507} INFO - Filling up the DagBag from /usr/local/lib/python3.10/dist-packages/airflow/example_dags/example_latest_only_with_trigger.py
[2022-06-14 19:03:39,997] {processor.py:651} INFO - DAG(s) dict_keys(['latest_only_with_trigger']) retrieved from /usr/local/lib/python3.10/dist-packages/airflow/example_dags/example_latest_only_with_trigger.py
[2022-06-14 19:03:40,013] {logging_mixin.py:115} INFO - [2022-06-14 19:03:40,013] {dag.py:2371} INFO - Sync 1 DAGs
[2022-06-14 19:03:40,031] {logging_mixin.py:115} INFO - [2022-06-14 19:03:40,030] {dag.py:2915} INFO - Setting next_dagrun for latest_only_with_trigger to 2022-06-14T09:33:40.030570+00:00, run_after=2022-06-14T13:33:40.030570+00:00
[2022-06-14 19:03:40,050] {processor.py:161} INFO - Processing /usr/local/lib/python3.10/dist-packages/airflow/example_dags/example_latest_only_with_trigger.py took 0.062 seconds
[2022-06-14 19:04:14,480] {processor.py:153} INFO - Started process (PID=9684) to work on /usr/local/lib/python3.10/dist-packages/airflow/example_dags/example_latest_only_with_trigger.py
[2022-06-14 19:04:14,481] {processor.py:641} INFO - Processing file /usr/local/lib/python3.10/dist-packages/airflow/example_dags/example_latest_only_with_trigger.py for tasks to queue
[2022-06-14 19:04:14,482] {logging_mixin.py:115} INFO - [2022-06-14 19:04:14,481] {dagbag.py:507} INFO - Filling up the DagBag from /usr/local/lib/python3.10/dist-packages/airflow/example_dags/example_latest_only_with_trigger.py
[2022-06-14 19:04:14,487] {processor.py:651} INFO - DAG(s) dict_keys(['latest_only_with_trigger']) retrieved from /usr/local/lib/python3.10/dist-packages/airflow/example_dags/example_latest_only_with_trigger.py
[2022-06-14 19:04:14,502] {logging_mixin.py:115} INFO - [2022-06-14 19:04:14,502] {dag.py:2371} INFO - Sync 1 DAGs
[2022-06-14 19:04:14,519] {logging_mixin.py:115} INFO - [2022-06-14 19:04:14,519] {dag.py:2915} INFO - Setting next_dagrun for latest_only_with_trigger to 2022-06-14T09:34:14.519434+00:00, run_after=2022-06-14T13:34:14.519434+00:00
[2022-06-14 19:04:14,538] {processor.py:161} INFO - Processing /usr/local/lib/python3.10/dist-packages/airflow/example_dags/example_latest_only_with_trigger.py took 0.061 seconds
[2022-06-14 19:04:58,332] {processor.py:153} INFO - Started process (PID=9740) to work on /usr/local/lib/python3.10/dist-packages/airflow/example_dags/example_latest_only_with_trigger.py
[2022-06-14 19:04:58,332] {processor.py:641} INFO - Processing file /usr/local/lib/python3.10/dist-packages/airflow/example_dags/example_latest_only_with_trigger.py for tasks to queue
[2022-06-14 19:04:58,333] {logging_mixin.py:115} INFO - [2022-06-14 19:04:58,333] {dagbag.py:507} INFO - Filling up the DagBag from /usr/local/lib/python3.10/dist-packages/airflow/example_dags/example_latest_only_with_trigger.py
[2022-06-14 19:04:58,338] {processor.py:651} INFO - DAG(s) dict_keys(['latest_only_with_trigger']) retrieved from /usr/local/lib/python3.10/dist-packages/airflow/example_dags/example_latest_only_with_trigger.py
[2022-06-14 19:04:58,353] {logging_mixin.py:115} INFO - [2022-06-14 19:04:58,353] {dag.py:2371} INFO - Sync 1 DAGs
[2022-06-14 19:04:58,370] {logging_mixin.py:115} INFO - [2022-06-14 19:04:58,370] {dag.py:2915} INFO - Setting next_dagrun for latest_only_with_trigger to 2022-06-14T09:34:58.369853+00:00, run_after=2022-06-14T13:34:58.369853+00:00
[2022-06-14 19:04:58,389] {processor.py:161} INFO - Processing /usr/local/lib/python3.10/dist-packages/airflow/example_dags/example_latest_only_with_trigger.py took 0.060 seconds
[2022-06-14 19:05:38,459] {processor.py:153} INFO - Started process (PID=9801) to work on /usr/local/lib/python3.10/dist-packages/airflow/example_dags/example_latest_only_with_trigger.py
[2022-06-14 19:05:38,460] {processor.py:641} INFO - Processing file /usr/local/lib/python3.10/dist-packages/airflow/example_dags/example_latest_only_with_trigger.py for tasks to queue
[2022-06-14 19:05:38,460] {logging_mixin.py:115} INFO - [2022-06-14 19:05:38,460] {dagbag.py:507} INFO - Filling up the DagBag from /usr/local/lib/python3.10/dist-packages/airflow/example_dags/example_latest_only_with_trigger.py
[2022-06-14 19:05:38,465] {processor.py:651} INFO - DAG(s) dict_keys(['latest_only_with_trigger']) retrieved from /usr/local/lib/python3.10/dist-packages/airflow/example_dags/example_latest_only_with_trigger.py
[2022-06-14 19:05:38,481] {logging_mixin.py:115} INFO - [2022-06-14 19:05:38,481] {dag.py:2371} INFO - Sync 1 DAGs
[2022-06-14 19:05:38,498] {logging_mixin.py:115} INFO - [2022-06-14 19:05:38,498] {dag.py:2915} INFO - Setting next_dagrun for latest_only_with_trigger to 2022-06-14T09:35:38.498515+00:00, run_after=2022-06-14T13:35:38.498515+00:00
[2022-06-14 19:05:38,517] {processor.py:161} INFO - Processing /usr/local/lib/python3.10/dist-packages/airflow/example_dags/example_latest_only_with_trigger.py took 0.060 seconds
[2022-06-14 19:06:15,929] {processor.py:153} INFO - Started process (PID=9850) to work on /usr/local/lib/python3.10/dist-packages/airflow/example_dags/example_latest_only_with_trigger.py
[2022-06-14 19:06:15,930] {processor.py:641} INFO - Processing file /usr/local/lib/python3.10/dist-packages/airflow/example_dags/example_latest_only_with_trigger.py for tasks to queue
[2022-06-14 19:06:15,930] {logging_mixin.py:115} INFO - [2022-06-14 19:06:15,930] {dagbag.py:507} INFO - Filling up the DagBag from /usr/local/lib/python3.10/dist-packages/airflow/example_dags/example_latest_only_with_trigger.py
[2022-06-14 19:06:15,935] {processor.py:651} INFO - DAG(s) dict_keys(['latest_only_with_trigger']) retrieved from /usr/local/lib/python3.10/dist-packages/airflow/example_dags/example_latest_only_with_trigger.py
[2022-06-14 19:06:15,950] {logging_mixin.py:115} INFO - [2022-06-14 19:06:15,950] {dag.py:2371} INFO - Sync 1 DAGs
[2022-06-14 19:06:15,967] {logging_mixin.py:115} INFO - [2022-06-14 19:06:15,967] {dag.py:2915} INFO - Setting next_dagrun for latest_only_with_trigger to 2022-06-14T09:36:15.967213+00:00, run_after=2022-06-14T13:36:15.967213+00:00
[2022-06-14 19:06:15,986] {processor.py:161} INFO - Processing /usr/local/lib/python3.10/dist-packages/airflow/example_dags/example_latest_only_with_trigger.py took 0.060 seconds
[2022-06-14 19:06:53,957] {processor.py:153} INFO - Started process (PID=9901) to work on /usr/local/lib/python3.10/dist-packages/airflow/example_dags/example_latest_only_with_trigger.py
[2022-06-14 19:06:53,957] {processor.py:641} INFO - Processing file /usr/local/lib/python3.10/dist-packages/airflow/example_dags/example_latest_only_with_trigger.py for tasks to queue
[2022-06-14 19:06:53,958] {logging_mixin.py:115} INFO - [2022-06-14 19:06:53,958] {dagbag.py:507} INFO - Filling up the DagBag from /usr/local/lib/python3.10/dist-packages/airflow/example_dags/example_latest_only_with_trigger.py
[2022-06-14 19:06:53,963] {processor.py:651} INFO - DAG(s) dict_keys(['latest_only_with_trigger']) retrieved from /usr/local/lib/python3.10/dist-packages/airflow/example_dags/example_latest_only_with_trigger.py
[2022-06-14 19:06:53,979] {logging_mixin.py:115} INFO - [2022-06-14 19:06:53,979] {dag.py:2371} INFO - Sync 1 DAGs
[2022-06-14 19:06:53,996] {logging_mixin.py:115} INFO - [2022-06-14 19:06:53,996] {dag.py:2915} INFO - Setting next_dagrun for latest_only_with_trigger to 2022-06-14T09:36:53.996480+00:00, run_after=2022-06-14T13:36:53.996480+00:00
[2022-06-14 19:06:54,016] {processor.py:161} INFO - Processing /usr/local/lib/python3.10/dist-packages/airflow/example_dags/example_latest_only_with_trigger.py took 0.062 seconds
[2022-06-14 19:07:28,955] {processor.py:153} INFO - Started process (PID=9953) to work on /usr/local/lib/python3.10/dist-packages/airflow/example_dags/example_latest_only_with_trigger.py
[2022-06-14 19:07:28,956] {processor.py:641} INFO - Processing file /usr/local/lib/python3.10/dist-packages/airflow/example_dags/example_latest_only_with_trigger.py for tasks to queue
[2022-06-14 19:07:28,956] {logging_mixin.py:115} INFO - [2022-06-14 19:07:28,956] {dagbag.py:507} INFO - Filling up the DagBag from /usr/local/lib/python3.10/dist-packages/airflow/example_dags/example_latest_only_with_trigger.py
[2022-06-14 19:07:28,961] {processor.py:651} INFO - DAG(s) dict_keys(['latest_only_with_trigger']) retrieved from /usr/local/lib/python3.10/dist-packages/airflow/example_dags/example_latest_only_with_trigger.py
[2022-06-14 19:07:28,977] {logging_mixin.py:115} INFO - [2022-06-14 19:07:28,977] {dag.py:2371} INFO - Sync 1 DAGs
[2022-06-14 19:07:28,995] {logging_mixin.py:115} INFO - [2022-06-14 19:07:28,995] {dag.py:2915} INFO - Setting next_dagrun for latest_only_with_trigger to 2022-06-14T09:37:28.994888+00:00, run_after=2022-06-14T13:37:28.994888+00:00
[2022-06-14 19:07:29,014] {processor.py:161} INFO - Processing /usr/local/lib/python3.10/dist-packages/airflow/example_dags/example_latest_only_with_trigger.py took 0.061 seconds
[2022-06-14 19:08:03,737] {processor.py:153} INFO - Started process (PID=10004) to work on /usr/local/lib/python3.10/dist-packages/airflow/example_dags/example_latest_only_with_trigger.py
[2022-06-14 19:08:03,737] {processor.py:641} INFO - Processing file /usr/local/lib/python3.10/dist-packages/airflow/example_dags/example_latest_only_with_trigger.py for tasks to queue
[2022-06-14 19:08:03,738] {logging_mixin.py:115} INFO - [2022-06-14 19:08:03,738] {dagbag.py:507} INFO - Filling up the DagBag from /usr/local/lib/python3.10/dist-packages/airflow/example_dags/example_latest_only_with_trigger.py
[2022-06-14 19:08:03,744] {processor.py:651} INFO - DAG(s) dict_keys(['latest_only_with_trigger']) retrieved from /usr/local/lib/python3.10/dist-packages/airflow/example_dags/example_latest_only_with_trigger.py
[2022-06-14 19:08:03,759] {logging_mixin.py:115} INFO - [2022-06-14 19:08:03,759] {dag.py:2371} INFO - Sync 1 DAGs
[2022-06-14 19:08:03,778] {logging_mixin.py:115} INFO - [2022-06-14 19:08:03,777] {dag.py:2915} INFO - Setting next_dagrun for latest_only_with_trigger to 2022-06-14T09:38:03.777589+00:00, run_after=2022-06-14T13:38:03.777589+00:00
[2022-06-14 19:08:03,796] {processor.py:161} INFO - Processing /usr/local/lib/python3.10/dist-packages/airflow/example_dags/example_latest_only_with_trigger.py took 0.062 seconds
[2022-06-14 19:08:43,590] {processor.py:153} INFO - Started process (PID=10055) to work on /usr/local/lib/python3.10/dist-packages/airflow/example_dags/example_latest_only_with_trigger.py
[2022-06-14 19:08:43,591] {processor.py:641} INFO - Processing file /usr/local/lib/python3.10/dist-packages/airflow/example_dags/example_latest_only_with_trigger.py for tasks to queue
[2022-06-14 19:08:43,592] {logging_mixin.py:115} INFO - [2022-06-14 19:08:43,591] {dagbag.py:507} INFO - Filling up the DagBag from /usr/local/lib/python3.10/dist-packages/airflow/example_dags/example_latest_only_with_trigger.py
[2022-06-14 19:08:43,597] {processor.py:651} INFO - DAG(s) dict_keys(['latest_only_with_trigger']) retrieved from /usr/local/lib/python3.10/dist-packages/airflow/example_dags/example_latest_only_with_trigger.py
[2022-06-14 19:08:43,613] {logging_mixin.py:115} INFO - [2022-06-14 19:08:43,613] {dag.py:2371} INFO - Sync 1 DAGs
[2022-06-14 19:08:43,632] {logging_mixin.py:115} INFO - [2022-06-14 19:08:43,632] {dag.py:2915} INFO - Setting next_dagrun for latest_only_with_trigger to 2022-06-14T09:38:43.632394+00:00, run_after=2022-06-14T13:38:43.632394+00:00
[2022-06-14 19:08:43,651] {processor.py:161} INFO - Processing /usr/local/lib/python3.10/dist-packages/airflow/example_dags/example_latest_only_with_trigger.py took 0.064 seconds
[2022-06-14 19:09:24,732] {processor.py:153} INFO - Started process (PID=10116) to work on /usr/local/lib/python3.10/dist-packages/airflow/example_dags/example_latest_only_with_trigger.py
[2022-06-14 19:09:24,733] {processor.py:641} INFO - Processing file /usr/local/lib/python3.10/dist-packages/airflow/example_dags/example_latest_only_with_trigger.py for tasks to queue
[2022-06-14 19:09:24,733] {logging_mixin.py:115} INFO - [2022-06-14 19:09:24,733] {dagbag.py:507} INFO - Filling up the DagBag from /usr/local/lib/python3.10/dist-packages/airflow/example_dags/example_latest_only_with_trigger.py
[2022-06-14 19:09:24,739] {processor.py:651} INFO - DAG(s) dict_keys(['latest_only_with_trigger']) retrieved from /usr/local/lib/python3.10/dist-packages/airflow/example_dags/example_latest_only_with_trigger.py
[2022-06-14 19:09:24,754] {logging_mixin.py:115} INFO - [2022-06-14 19:09:24,754] {dag.py:2371} INFO - Sync 1 DAGs
[2022-06-14 19:09:24,771] {logging_mixin.py:115} INFO - [2022-06-14 19:09:24,771] {dag.py:2915} INFO - Setting next_dagrun for latest_only_with_trigger to 2022-06-14T09:39:24.771385+00:00, run_after=2022-06-14T13:39:24.771385+00:00
[2022-06-14 19:09:24,789] {processor.py:161} INFO - Processing /usr/local/lib/python3.10/dist-packages/airflow/example_dags/example_latest_only_with_trigger.py took 0.059 seconds
[2022-06-14 19:09:59,918] {processor.py:153} INFO - Started process (PID=10166) to work on /usr/local/lib/python3.10/dist-packages/airflow/example_dags/example_latest_only_with_trigger.py
[2022-06-14 19:09:59,919] {processor.py:641} INFO - Processing file /usr/local/lib/python3.10/dist-packages/airflow/example_dags/example_latest_only_with_trigger.py for tasks to queue
[2022-06-14 19:09:59,919] {logging_mixin.py:115} INFO - [2022-06-14 19:09:59,919] {dagbag.py:507} INFO - Filling up the DagBag from /usr/local/lib/python3.10/dist-packages/airflow/example_dags/example_latest_only_with_trigger.py
[2022-06-14 19:09:59,925] {processor.py:651} INFO - DAG(s) dict_keys(['latest_only_with_trigger']) retrieved from /usr/local/lib/python3.10/dist-packages/airflow/example_dags/example_latest_only_with_trigger.py
[2022-06-14 19:09:59,940] {logging_mixin.py:115} INFO - [2022-06-14 19:09:59,940] {dag.py:2371} INFO - Sync 1 DAGs
[2022-06-14 19:09:59,958] {logging_mixin.py:115} INFO - [2022-06-14 19:09:59,958] {dag.py:2915} INFO - Setting next_dagrun for latest_only_with_trigger to 2022-06-14T09:39:59.958537+00:00, run_after=2022-06-14T13:39:59.958537+00:00
[2022-06-14 19:09:59,978] {processor.py:161} INFO - Processing /usr/local/lib/python3.10/dist-packages/airflow/example_dags/example_latest_only_with_trigger.py took 0.063 seconds
[2022-06-14 19:10:37,423] {processor.py:153} INFO - Started process (PID=10760) to work on /usr/local/lib/python3.10/dist-packages/airflow/example_dags/example_latest_only_with_trigger.py
[2022-06-14 19:10:37,424] {processor.py:641} INFO - Processing file /usr/local/lib/python3.10/dist-packages/airflow/example_dags/example_latest_only_with_trigger.py for tasks to queue
[2022-06-14 19:10:37,424] {logging_mixin.py:115} INFO - [2022-06-14 19:10:37,424] {dagbag.py:507} INFO - Filling up the DagBag from /usr/local/lib/python3.10/dist-packages/airflow/example_dags/example_latest_only_with_trigger.py
[2022-06-14 19:10:37,431] {processor.py:651} INFO - DAG(s) dict_keys(['latest_only_with_trigger']) retrieved from /usr/local/lib/python3.10/dist-packages/airflow/example_dags/example_latest_only_with_trigger.py
[2022-06-14 19:10:37,446] {logging_mixin.py:115} INFO - [2022-06-14 19:10:37,446] {dag.py:2371} INFO - Sync 1 DAGs
[2022-06-14 19:10:37,462] {logging_mixin.py:115} INFO - [2022-06-14 19:10:37,462] {dag.py:2915} INFO - Setting next_dagrun for latest_only_with_trigger to 2022-06-14T09:40:37.461879+00:00, run_after=2022-06-14T13:40:37.461879+00:00
[2022-06-14 19:10:37,499] {processor.py:161} INFO - Processing /usr/local/lib/python3.10/dist-packages/airflow/example_dags/example_latest_only_with_trigger.py took 0.079 seconds
