[2022-06-14 18:33:47,818] {processor.py:153} INFO - Started process (PID=6637) to work on /usr/local/lib/python3.10/dist-packages/airflow/example_dags/example_kubernetes_executor.py
[2022-06-14 18:33:47,818] {processor.py:641} INFO - Processing file /usr/local/lib/python3.10/dist-packages/airflow/example_dags/example_kubernetes_executor.py for tasks to queue
[2022-06-14 18:33:47,818] {logging_mixin.py:115} INFO - [2022-06-14 18:33:47,818] {dagbag.py:507} INFO - Filling up the DagBag from /usr/local/lib/python3.10/dist-packages/airflow/example_dags/example_kubernetes_executor.py
[2022-06-14 18:33:47,837] {logging_mixin.py:115} INFO - [2022-06-14 18:33:47,837] {example_kubernetes_executor.py:39} WARNING - The example_kubernetes_executor example DAG requires the kubernetes provider. Please install it with: pip install apache-airflow[cncf.kubernetes]
[2022-06-14 18:33:47,838] {processor.py:653} WARNING - No viable dags retrieved from /usr/local/lib/python3.10/dist-packages/airflow/example_dags/example_kubernetes_executor.py
[2022-06-14 18:33:47,848] {processor.py:161} INFO - Processing /usr/local/lib/python3.10/dist-packages/airflow/example_dags/example_kubernetes_executor.py took 0.033 seconds
[2022-06-14 18:34:22,738] {processor.py:153} INFO - Started process (PID=6695) to work on /usr/local/lib/python3.10/dist-packages/airflow/example_dags/example_kubernetes_executor.py
[2022-06-14 18:34:22,739] {processor.py:641} INFO - Processing file /usr/local/lib/python3.10/dist-packages/airflow/example_dags/example_kubernetes_executor.py for tasks to queue
[2022-06-14 18:34:22,739] {logging_mixin.py:115} INFO - [2022-06-14 18:34:22,739] {dagbag.py:507} INFO - Filling up the DagBag from /usr/local/lib/python3.10/dist-packages/airflow/example_dags/example_kubernetes_executor.py
[2022-06-14 18:34:22,755] {logging_mixin.py:115} INFO - [2022-06-14 18:34:22,755] {example_kubernetes_executor.py:39} WARNING - The example_kubernetes_executor example DAG requires the kubernetes provider. Please install it with: pip install apache-airflow[cncf.kubernetes]
[2022-06-14 18:34:22,755] {processor.py:653} WARNING - No viable dags retrieved from /usr/local/lib/python3.10/dist-packages/airflow/example_dags/example_kubernetes_executor.py
[2022-06-14 18:34:22,766] {processor.py:161} INFO - Processing /usr/local/lib/python3.10/dist-packages/airflow/example_dags/example_kubernetes_executor.py took 0.031 seconds
[2022-06-14 18:34:57,734] {processor.py:153} INFO - Started process (PID=6752) to work on /usr/local/lib/python3.10/dist-packages/airflow/example_dags/example_kubernetes_executor.py
[2022-06-14 18:34:57,735] {processor.py:641} INFO - Processing file /usr/local/lib/python3.10/dist-packages/airflow/example_dags/example_kubernetes_executor.py for tasks to queue
[2022-06-14 18:34:57,735] {logging_mixin.py:115} INFO - [2022-06-14 18:34:57,735] {dagbag.py:507} INFO - Filling up the DagBag from /usr/local/lib/python3.10/dist-packages/airflow/example_dags/example_kubernetes_executor.py
[2022-06-14 18:34:57,751] {logging_mixin.py:115} INFO - [2022-06-14 18:34:57,751] {example_kubernetes_executor.py:39} WARNING - The example_kubernetes_executor example DAG requires the kubernetes provider. Please install it with: pip install apache-airflow[cncf.kubernetes]
[2022-06-14 18:34:57,751] {processor.py:653} WARNING - No viable dags retrieved from /usr/local/lib/python3.10/dist-packages/airflow/example_dags/example_kubernetes_executor.py
[2022-06-14 18:34:57,760] {processor.py:161} INFO - Processing /usr/local/lib/python3.10/dist-packages/airflow/example_dags/example_kubernetes_executor.py took 0.029 seconds
[2022-06-14 18:35:31,689] {processor.py:153} INFO - Started process (PID=6802) to work on /usr/local/lib/python3.10/dist-packages/airflow/example_dags/example_kubernetes_executor.py
[2022-06-14 18:35:31,689] {processor.py:641} INFO - Processing file /usr/local/lib/python3.10/dist-packages/airflow/example_dags/example_kubernetes_executor.py for tasks to queue
[2022-06-14 18:35:31,690] {logging_mixin.py:115} INFO - [2022-06-14 18:35:31,690] {dagbag.py:507} INFO - Filling up the DagBag from /usr/local/lib/python3.10/dist-packages/airflow/example_dags/example_kubernetes_executor.py
[2022-06-14 18:35:31,704] {logging_mixin.py:115} INFO - [2022-06-14 18:35:31,704] {example_kubernetes_executor.py:39} WARNING - The example_kubernetes_executor example DAG requires the kubernetes provider. Please install it with: pip install apache-airflow[cncf.kubernetes]
[2022-06-14 18:35:31,705] {processor.py:653} WARNING - No viable dags retrieved from /usr/local/lib/python3.10/dist-packages/airflow/example_dags/example_kubernetes_executor.py
[2022-06-14 18:35:31,714] {processor.py:161} INFO - Processing /usr/local/lib/python3.10/dist-packages/airflow/example_dags/example_kubernetes_executor.py took 0.028 seconds
[2022-06-14 18:36:07,001] {processor.py:153} INFO - Started process (PID=6856) to work on /usr/local/lib/python3.10/dist-packages/airflow/example_dags/example_kubernetes_executor.py
[2022-06-14 18:36:07,001] {processor.py:641} INFO - Processing file /usr/local/lib/python3.10/dist-packages/airflow/example_dags/example_kubernetes_executor.py for tasks to queue
[2022-06-14 18:36:07,002] {logging_mixin.py:115} INFO - [2022-06-14 18:36:07,002] {dagbag.py:507} INFO - Filling up the DagBag from /usr/local/lib/python3.10/dist-packages/airflow/example_dags/example_kubernetes_executor.py
[2022-06-14 18:36:07,017] {logging_mixin.py:115} INFO - [2022-06-14 18:36:07,017] {example_kubernetes_executor.py:39} WARNING - The example_kubernetes_executor example DAG requires the kubernetes provider. Please install it with: pip install apache-airflow[cncf.kubernetes]
[2022-06-14 18:36:07,018] {processor.py:653} WARNING - No viable dags retrieved from /usr/local/lib/python3.10/dist-packages/airflow/example_dags/example_kubernetes_executor.py
[2022-06-14 18:36:07,028] {processor.py:161} INFO - Processing /usr/local/lib/python3.10/dist-packages/airflow/example_dags/example_kubernetes_executor.py took 0.029 seconds
[2022-06-14 18:36:43,709] {processor.py:153} INFO - Started process (PID=6901) to work on /usr/local/lib/python3.10/dist-packages/airflow/example_dags/example_kubernetes_executor.py
[2022-06-14 18:36:43,709] {processor.py:641} INFO - Processing file /usr/local/lib/python3.10/dist-packages/airflow/example_dags/example_kubernetes_executor.py for tasks to queue
[2022-06-14 18:36:43,710] {logging_mixin.py:115} INFO - [2022-06-14 18:36:43,710] {dagbag.py:507} INFO - Filling up the DagBag from /usr/local/lib/python3.10/dist-packages/airflow/example_dags/example_kubernetes_executor.py
[2022-06-14 18:36:43,727] {logging_mixin.py:115} INFO - [2022-06-14 18:36:43,727] {example_kubernetes_executor.py:39} WARNING - The example_kubernetes_executor example DAG requires the kubernetes provider. Please install it with: pip install apache-airflow[cncf.kubernetes]
[2022-06-14 18:36:43,728] {processor.py:653} WARNING - No viable dags retrieved from /usr/local/lib/python3.10/dist-packages/airflow/example_dags/example_kubernetes_executor.py
[2022-06-14 18:36:43,739] {processor.py:161} INFO - Processing /usr/local/lib/python3.10/dist-packages/airflow/example_dags/example_kubernetes_executor.py took 0.034 seconds
[2022-06-14 18:37:19,193] {processor.py:153} INFO - Started process (PID=6955) to work on /usr/local/lib/python3.10/dist-packages/airflow/example_dags/example_kubernetes_executor.py
[2022-06-14 18:37:19,194] {processor.py:641} INFO - Processing file /usr/local/lib/python3.10/dist-packages/airflow/example_dags/example_kubernetes_executor.py for tasks to queue
[2022-06-14 18:37:19,194] {logging_mixin.py:115} INFO - [2022-06-14 18:37:19,194] {dagbag.py:507} INFO - Filling up the DagBag from /usr/local/lib/python3.10/dist-packages/airflow/example_dags/example_kubernetes_executor.py
[2022-06-14 18:37:19,208] {logging_mixin.py:115} INFO - [2022-06-14 18:37:19,208] {example_kubernetes_executor.py:39} WARNING - The example_kubernetes_executor example DAG requires the kubernetes provider. Please install it with: pip install apache-airflow[cncf.kubernetes]
[2022-06-14 18:37:19,209] {processor.py:653} WARNING - No viable dags retrieved from /usr/local/lib/python3.10/dist-packages/airflow/example_dags/example_kubernetes_executor.py
[2022-06-14 18:37:19,218] {processor.py:161} INFO - Processing /usr/local/lib/python3.10/dist-packages/airflow/example_dags/example_kubernetes_executor.py took 0.027 seconds
[2022-06-14 18:37:53,541] {processor.py:153} INFO - Started process (PID=7001) to work on /usr/local/lib/python3.10/dist-packages/airflow/example_dags/example_kubernetes_executor.py
[2022-06-14 18:37:53,542] {processor.py:641} INFO - Processing file /usr/local/lib/python3.10/dist-packages/airflow/example_dags/example_kubernetes_executor.py for tasks to queue
[2022-06-14 18:37:53,542] {logging_mixin.py:115} INFO - [2022-06-14 18:37:53,542] {dagbag.py:507} INFO - Filling up the DagBag from /usr/local/lib/python3.10/dist-packages/airflow/example_dags/example_kubernetes_executor.py
[2022-06-14 18:37:53,556] {logging_mixin.py:115} INFO - [2022-06-14 18:37:53,556] {example_kubernetes_executor.py:39} WARNING - The example_kubernetes_executor example DAG requires the kubernetes provider. Please install it with: pip install apache-airflow[cncf.kubernetes]
[2022-06-14 18:37:53,557] {processor.py:653} WARNING - No viable dags retrieved from /usr/local/lib/python3.10/dist-packages/airflow/example_dags/example_kubernetes_executor.py
[2022-06-14 18:37:53,566] {processor.py:161} INFO - Processing /usr/local/lib/python3.10/dist-packages/airflow/example_dags/example_kubernetes_executor.py took 0.028 seconds
[2022-06-14 18:38:28,953] {processor.py:153} INFO - Started process (PID=7052) to work on /usr/local/lib/python3.10/dist-packages/airflow/example_dags/example_kubernetes_executor.py
[2022-06-14 18:38:28,953] {processor.py:641} INFO - Processing file /usr/local/lib/python3.10/dist-packages/airflow/example_dags/example_kubernetes_executor.py for tasks to queue
[2022-06-14 18:38:28,954] {logging_mixin.py:115} INFO - [2022-06-14 18:38:28,954] {dagbag.py:507} INFO - Filling up the DagBag from /usr/local/lib/python3.10/dist-packages/airflow/example_dags/example_kubernetes_executor.py
[2022-06-14 18:38:28,968] {logging_mixin.py:115} INFO - [2022-06-14 18:38:28,968] {example_kubernetes_executor.py:39} WARNING - The example_kubernetes_executor example DAG requires the kubernetes provider. Please install it with: pip install apache-airflow[cncf.kubernetes]
[2022-06-14 18:38:28,968] {processor.py:653} WARNING - No viable dags retrieved from /usr/local/lib/python3.10/dist-packages/airflow/example_dags/example_kubernetes_executor.py
[2022-06-14 18:38:28,978] {processor.py:161} INFO - Processing /usr/local/lib/python3.10/dist-packages/airflow/example_dags/example_kubernetes_executor.py took 0.028 seconds
[2022-06-14 18:39:01,930] {processor.py:153} INFO - Started process (PID=7101) to work on /usr/local/lib/python3.10/dist-packages/airflow/example_dags/example_kubernetes_executor.py
[2022-06-14 18:39:01,931] {processor.py:641} INFO - Processing file /usr/local/lib/python3.10/dist-packages/airflow/example_dags/example_kubernetes_executor.py for tasks to queue
[2022-06-14 18:39:01,931] {logging_mixin.py:115} INFO - [2022-06-14 18:39:01,931] {dagbag.py:507} INFO - Filling up the DagBag from /usr/local/lib/python3.10/dist-packages/airflow/example_dags/example_kubernetes_executor.py
[2022-06-14 18:39:01,947] {logging_mixin.py:115} INFO - [2022-06-14 18:39:01,947] {example_kubernetes_executor.py:39} WARNING - The example_kubernetes_executor example DAG requires the kubernetes provider. Please install it with: pip install apache-airflow[cncf.kubernetes]
[2022-06-14 18:39:01,948] {processor.py:653} WARNING - No viable dags retrieved from /usr/local/lib/python3.10/dist-packages/airflow/example_dags/example_kubernetes_executor.py
[2022-06-14 18:39:01,957] {processor.py:161} INFO - Processing /usr/local/lib/python3.10/dist-packages/airflow/example_dags/example_kubernetes_executor.py took 0.030 seconds
[2022-06-14 18:39:39,360] {processor.py:153} INFO - Started process (PID=7156) to work on /usr/local/lib/python3.10/dist-packages/airflow/example_dags/example_kubernetes_executor.py
[2022-06-14 18:39:39,360] {processor.py:641} INFO - Processing file /usr/local/lib/python3.10/dist-packages/airflow/example_dags/example_kubernetes_executor.py for tasks to queue
[2022-06-14 18:39:39,361] {logging_mixin.py:115} INFO - [2022-06-14 18:39:39,361] {dagbag.py:507} INFO - Filling up the DagBag from /usr/local/lib/python3.10/dist-packages/airflow/example_dags/example_kubernetes_executor.py
[2022-06-14 18:39:39,374] {logging_mixin.py:115} INFO - [2022-06-14 18:39:39,374] {example_kubernetes_executor.py:39} WARNING - The example_kubernetes_executor example DAG requires the kubernetes provider. Please install it with: pip install apache-airflow[cncf.kubernetes]
[2022-06-14 18:39:39,374] {processor.py:653} WARNING - No viable dags retrieved from /usr/local/lib/python3.10/dist-packages/airflow/example_dags/example_kubernetes_executor.py
[2022-06-14 18:39:39,384] {processor.py:161} INFO - Processing /usr/local/lib/python3.10/dist-packages/airflow/example_dags/example_kubernetes_executor.py took 0.027 seconds
[2022-06-14 18:40:14,286] {processor.py:153} INFO - Started process (PID=7210) to work on /usr/local/lib/python3.10/dist-packages/airflow/example_dags/example_kubernetes_executor.py
[2022-06-14 18:40:14,286] {processor.py:641} INFO - Processing file /usr/local/lib/python3.10/dist-packages/airflow/example_dags/example_kubernetes_executor.py for tasks to queue
[2022-06-14 18:40:14,287] {logging_mixin.py:115} INFO - [2022-06-14 18:40:14,287] {dagbag.py:507} INFO - Filling up the DagBag from /usr/local/lib/python3.10/dist-packages/airflow/example_dags/example_kubernetes_executor.py
[2022-06-14 18:40:14,301] {logging_mixin.py:115} INFO - [2022-06-14 18:40:14,301] {example_kubernetes_executor.py:39} WARNING - The example_kubernetes_executor example DAG requires the kubernetes provider. Please install it with: pip install apache-airflow[cncf.kubernetes]
[2022-06-14 18:40:14,301] {processor.py:653} WARNING - No viable dags retrieved from /usr/local/lib/python3.10/dist-packages/airflow/example_dags/example_kubernetes_executor.py
[2022-06-14 18:40:14,310] {processor.py:161} INFO - Processing /usr/local/lib/python3.10/dist-packages/airflow/example_dags/example_kubernetes_executor.py took 0.027 seconds
[2022-06-14 18:40:50,141] {processor.py:153} INFO - Started process (PID=7257) to work on /usr/local/lib/python3.10/dist-packages/airflow/example_dags/example_kubernetes_executor.py
[2022-06-14 18:40:50,141] {processor.py:641} INFO - Processing file /usr/local/lib/python3.10/dist-packages/airflow/example_dags/example_kubernetes_executor.py for tasks to queue
[2022-06-14 18:40:50,142] {logging_mixin.py:115} INFO - [2022-06-14 18:40:50,142] {dagbag.py:507} INFO - Filling up the DagBag from /usr/local/lib/python3.10/dist-packages/airflow/example_dags/example_kubernetes_executor.py
[2022-06-14 18:40:50,156] {logging_mixin.py:115} INFO - [2022-06-14 18:40:50,156] {example_kubernetes_executor.py:39} WARNING - The example_kubernetes_executor example DAG requires the kubernetes provider. Please install it with: pip install apache-airflow[cncf.kubernetes]
[2022-06-14 18:40:50,157] {processor.py:653} WARNING - No viable dags retrieved from /usr/local/lib/python3.10/dist-packages/airflow/example_dags/example_kubernetes_executor.py
[2022-06-14 18:40:50,166] {processor.py:161} INFO - Processing /usr/local/lib/python3.10/dist-packages/airflow/example_dags/example_kubernetes_executor.py took 0.028 seconds
[2022-06-14 18:41:33,204] {processor.py:153} INFO - Started process (PID=7336) to work on /usr/local/lib/python3.10/dist-packages/airflow/example_dags/example_kubernetes_executor.py
[2022-06-14 18:41:33,204] {processor.py:641} INFO - Processing file /usr/local/lib/python3.10/dist-packages/airflow/example_dags/example_kubernetes_executor.py for tasks to queue
[2022-06-14 18:41:33,205] {logging_mixin.py:115} INFO - [2022-06-14 18:41:33,205] {dagbag.py:507} INFO - Filling up the DagBag from /usr/local/lib/python3.10/dist-packages/airflow/example_dags/example_kubernetes_executor.py
[2022-06-14 18:41:33,219] {logging_mixin.py:115} INFO - [2022-06-14 18:41:33,219] {example_kubernetes_executor.py:39} WARNING - The example_kubernetes_executor example DAG requires the kubernetes provider. Please install it with: pip install apache-airflow[cncf.kubernetes]
[2022-06-14 18:41:33,220] {processor.py:653} WARNING - No viable dags retrieved from /usr/local/lib/python3.10/dist-packages/airflow/example_dags/example_kubernetes_executor.py
[2022-06-14 18:41:33,229] {processor.py:161} INFO - Processing /usr/local/lib/python3.10/dist-packages/airflow/example_dags/example_kubernetes_executor.py took 0.028 seconds
[2022-06-14 18:42:11,221] {processor.py:153} INFO - Started process (PID=7386) to work on /usr/local/lib/python3.10/dist-packages/airflow/example_dags/example_kubernetes_executor.py
[2022-06-14 18:42:11,221] {processor.py:641} INFO - Processing file /usr/local/lib/python3.10/dist-packages/airflow/example_dags/example_kubernetes_executor.py for tasks to queue
[2022-06-14 18:42:11,222] {logging_mixin.py:115} INFO - [2022-06-14 18:42:11,222] {dagbag.py:507} INFO - Filling up the DagBag from /usr/local/lib/python3.10/dist-packages/airflow/example_dags/example_kubernetes_executor.py
[2022-06-14 18:42:11,236] {logging_mixin.py:115} INFO - [2022-06-14 18:42:11,236] {example_kubernetes_executor.py:39} WARNING - The example_kubernetes_executor example DAG requires the kubernetes provider. Please install it with: pip install apache-airflow[cncf.kubernetes]
[2022-06-14 18:42:11,236] {processor.py:653} WARNING - No viable dags retrieved from /usr/local/lib/python3.10/dist-packages/airflow/example_dags/example_kubernetes_executor.py
[2022-06-14 18:42:11,246] {processor.py:161} INFO - Processing /usr/local/lib/python3.10/dist-packages/airflow/example_dags/example_kubernetes_executor.py took 0.027 seconds
[2022-06-14 18:42:52,418] {processor.py:153} INFO - Started process (PID=7535) to work on /usr/local/lib/python3.10/dist-packages/airflow/example_dags/example_kubernetes_executor.py
[2022-06-14 18:42:52,419] {processor.py:641} INFO - Processing file /usr/local/lib/python3.10/dist-packages/airflow/example_dags/example_kubernetes_executor.py for tasks to queue
[2022-06-14 18:42:52,419] {logging_mixin.py:115} INFO - [2022-06-14 18:42:52,419] {dagbag.py:507} INFO - Filling up the DagBag from /usr/local/lib/python3.10/dist-packages/airflow/example_dags/example_kubernetes_executor.py
[2022-06-14 18:42:52,432] {logging_mixin.py:115} INFO - [2022-06-14 18:42:52,432] {example_kubernetes_executor.py:39} WARNING - The example_kubernetes_executor example DAG requires the kubernetes provider. Please install it with: pip install apache-airflow[cncf.kubernetes]
[2022-06-14 18:42:52,433] {processor.py:653} WARNING - No viable dags retrieved from /usr/local/lib/python3.10/dist-packages/airflow/example_dags/example_kubernetes_executor.py
[2022-06-14 18:42:52,442] {processor.py:161} INFO - Processing /usr/local/lib/python3.10/dist-packages/airflow/example_dags/example_kubernetes_executor.py took 0.027 seconds
[2022-06-14 18:43:32,701] {processor.py:153} INFO - Started process (PID=7585) to work on /usr/local/lib/python3.10/dist-packages/airflow/example_dags/example_kubernetes_executor.py
[2022-06-14 18:43:32,701] {processor.py:641} INFO - Processing file /usr/local/lib/python3.10/dist-packages/airflow/example_dags/example_kubernetes_executor.py for tasks to queue
[2022-06-14 18:43:32,702] {logging_mixin.py:115} INFO - [2022-06-14 18:43:32,702] {dagbag.py:507} INFO - Filling up the DagBag from /usr/local/lib/python3.10/dist-packages/airflow/example_dags/example_kubernetes_executor.py
[2022-06-14 18:43:32,716] {logging_mixin.py:115} INFO - [2022-06-14 18:43:32,716] {example_kubernetes_executor.py:39} WARNING - The example_kubernetes_executor example DAG requires the kubernetes provider. Please install it with: pip install apache-airflow[cncf.kubernetes]
[2022-06-14 18:43:32,716] {processor.py:653} WARNING - No viable dags retrieved from /usr/local/lib/python3.10/dist-packages/airflow/example_dags/example_kubernetes_executor.py
[2022-06-14 18:43:32,726] {processor.py:161} INFO - Processing /usr/local/lib/python3.10/dist-packages/airflow/example_dags/example_kubernetes_executor.py took 0.028 seconds
[2022-06-14 18:44:13,318] {processor.py:153} INFO - Started process (PID=7651) to work on /usr/local/lib/python3.10/dist-packages/airflow/example_dags/example_kubernetes_executor.py
[2022-06-14 18:44:13,319] {processor.py:641} INFO - Processing file /usr/local/lib/python3.10/dist-packages/airflow/example_dags/example_kubernetes_executor.py for tasks to queue
[2022-06-14 18:44:13,319] {logging_mixin.py:115} INFO - [2022-06-14 18:44:13,319] {dagbag.py:507} INFO - Filling up the DagBag from /usr/local/lib/python3.10/dist-packages/airflow/example_dags/example_kubernetes_executor.py
[2022-06-14 18:44:13,333] {logging_mixin.py:115} INFO - [2022-06-14 18:44:13,333] {example_kubernetes_executor.py:39} WARNING - The example_kubernetes_executor example DAG requires the kubernetes provider. Please install it with: pip install apache-airflow[cncf.kubernetes]
[2022-06-14 18:44:13,333] {processor.py:653} WARNING - No viable dags retrieved from /usr/local/lib/python3.10/dist-packages/airflow/example_dags/example_kubernetes_executor.py
[2022-06-14 18:44:13,343] {processor.py:161} INFO - Processing /usr/local/lib/python3.10/dist-packages/airflow/example_dags/example_kubernetes_executor.py took 0.027 seconds
[2022-06-14 18:44:56,373] {processor.py:153} INFO - Started process (PID=7736) to work on /usr/local/lib/python3.10/dist-packages/airflow/example_dags/example_kubernetes_executor.py
[2022-06-14 18:44:56,374] {processor.py:641} INFO - Processing file /usr/local/lib/python3.10/dist-packages/airflow/example_dags/example_kubernetes_executor.py for tasks to queue
[2022-06-14 18:44:56,375] {logging_mixin.py:115} INFO - [2022-06-14 18:44:56,375] {dagbag.py:507} INFO - Filling up the DagBag from /usr/local/lib/python3.10/dist-packages/airflow/example_dags/example_kubernetes_executor.py
[2022-06-14 18:44:56,388] {logging_mixin.py:115} INFO - [2022-06-14 18:44:56,388] {example_kubernetes_executor.py:39} WARNING - The example_kubernetes_executor example DAG requires the kubernetes provider. Please install it with: pip install apache-airflow[cncf.kubernetes]
[2022-06-14 18:44:56,388] {processor.py:653} WARNING - No viable dags retrieved from /usr/local/lib/python3.10/dist-packages/airflow/example_dags/example_kubernetes_executor.py
[2022-06-14 18:44:56,398] {processor.py:161} INFO - Processing /usr/local/lib/python3.10/dist-packages/airflow/example_dags/example_kubernetes_executor.py took 0.027 seconds
[2022-06-14 18:45:33,605] {processor.py:153} INFO - Started process (PID=7848) to work on /usr/local/lib/python3.10/dist-packages/airflow/example_dags/example_kubernetes_executor.py
[2022-06-14 18:45:33,606] {processor.py:641} INFO - Processing file /usr/local/lib/python3.10/dist-packages/airflow/example_dags/example_kubernetes_executor.py for tasks to queue
[2022-06-14 18:45:33,606] {logging_mixin.py:115} INFO - [2022-06-14 18:45:33,606] {dagbag.py:507} INFO - Filling up the DagBag from /usr/local/lib/python3.10/dist-packages/airflow/example_dags/example_kubernetes_executor.py
[2022-06-14 18:45:33,620] {logging_mixin.py:115} INFO - [2022-06-14 18:45:33,620] {example_kubernetes_executor.py:39} WARNING - The example_kubernetes_executor example DAG requires the kubernetes provider. Please install it with: pip install apache-airflow[cncf.kubernetes]
[2022-06-14 18:45:33,621] {processor.py:653} WARNING - No viable dags retrieved from /usr/local/lib/python3.10/dist-packages/airflow/example_dags/example_kubernetes_executor.py
[2022-06-14 18:45:33,631] {processor.py:161} INFO - Processing /usr/local/lib/python3.10/dist-packages/airflow/example_dags/example_kubernetes_executor.py took 0.028 seconds
[2022-06-14 18:46:17,825] {processor.py:153} INFO - Started process (PID=7959) to work on /usr/local/lib/python3.10/dist-packages/airflow/example_dags/example_kubernetes_executor.py
[2022-06-14 18:46:17,825] {processor.py:641} INFO - Processing file /usr/local/lib/python3.10/dist-packages/airflow/example_dags/example_kubernetes_executor.py for tasks to queue
[2022-06-14 18:46:17,826] {logging_mixin.py:115} INFO - [2022-06-14 18:46:17,825] {dagbag.py:507} INFO - Filling up the DagBag from /usr/local/lib/python3.10/dist-packages/airflow/example_dags/example_kubernetes_executor.py
[2022-06-14 18:46:17,839] {logging_mixin.py:115} INFO - [2022-06-14 18:46:17,839] {example_kubernetes_executor.py:39} WARNING - The example_kubernetes_executor example DAG requires the kubernetes provider. Please install it with: pip install apache-airflow[cncf.kubernetes]
[2022-06-14 18:46:17,839] {processor.py:653} WARNING - No viable dags retrieved from /usr/local/lib/python3.10/dist-packages/airflow/example_dags/example_kubernetes_executor.py
[2022-06-14 18:46:17,849] {processor.py:161} INFO - Processing /usr/local/lib/python3.10/dist-packages/airflow/example_dags/example_kubernetes_executor.py took 0.027 seconds
[2022-06-14 18:46:56,210] {processor.py:153} INFO - Started process (PID=8015) to work on /usr/local/lib/python3.10/dist-packages/airflow/example_dags/example_kubernetes_executor.py
[2022-06-14 18:46:56,211] {processor.py:641} INFO - Processing file /usr/local/lib/python3.10/dist-packages/airflow/example_dags/example_kubernetes_executor.py for tasks to queue
[2022-06-14 18:46:56,211] {logging_mixin.py:115} INFO - [2022-06-14 18:46:56,211] {dagbag.py:507} INFO - Filling up the DagBag from /usr/local/lib/python3.10/dist-packages/airflow/example_dags/example_kubernetes_executor.py
[2022-06-14 18:46:56,225] {logging_mixin.py:115} INFO - [2022-06-14 18:46:56,225] {example_kubernetes_executor.py:39} WARNING - The example_kubernetes_executor example DAG requires the kubernetes provider. Please install it with: pip install apache-airflow[cncf.kubernetes]
[2022-06-14 18:46:56,225] {processor.py:653} WARNING - No viable dags retrieved from /usr/local/lib/python3.10/dist-packages/airflow/example_dags/example_kubernetes_executor.py
[2022-06-14 18:46:56,234] {processor.py:161} INFO - Processing /usr/local/lib/python3.10/dist-packages/airflow/example_dags/example_kubernetes_executor.py took 0.027 seconds
[2022-06-14 18:47:33,762] {processor.py:153} INFO - Started process (PID=8083) to work on /usr/local/lib/python3.10/dist-packages/airflow/example_dags/example_kubernetes_executor.py
[2022-06-14 18:47:33,763] {processor.py:641} INFO - Processing file /usr/local/lib/python3.10/dist-packages/airflow/example_dags/example_kubernetes_executor.py for tasks to queue
[2022-06-14 18:47:33,764] {logging_mixin.py:115} INFO - [2022-06-14 18:47:33,763] {dagbag.py:507} INFO - Filling up the DagBag from /usr/local/lib/python3.10/dist-packages/airflow/example_dags/example_kubernetes_executor.py
[2022-06-14 18:47:33,778] {logging_mixin.py:115} INFO - [2022-06-14 18:47:33,778] {example_kubernetes_executor.py:39} WARNING - The example_kubernetes_executor example DAG requires the kubernetes provider. Please install it with: pip install apache-airflow[cncf.kubernetes]
[2022-06-14 18:47:33,778] {processor.py:653} WARNING - No viable dags retrieved from /usr/local/lib/python3.10/dist-packages/airflow/example_dags/example_kubernetes_executor.py
[2022-06-14 18:47:33,788] {processor.py:161} INFO - Processing /usr/local/lib/python3.10/dist-packages/airflow/example_dags/example_kubernetes_executor.py took 0.028 seconds
[2022-06-14 18:48:10,808] {processor.py:153} INFO - Started process (PID=8137) to work on /usr/local/lib/python3.10/dist-packages/airflow/example_dags/example_kubernetes_executor.py
[2022-06-14 18:48:10,809] {processor.py:641} INFO - Processing file /usr/local/lib/python3.10/dist-packages/airflow/example_dags/example_kubernetes_executor.py for tasks to queue
[2022-06-14 18:48:10,810] {logging_mixin.py:115} INFO - [2022-06-14 18:48:10,810] {dagbag.py:507} INFO - Filling up the DagBag from /usr/local/lib/python3.10/dist-packages/airflow/example_dags/example_kubernetes_executor.py
[2022-06-14 18:48:10,824] {logging_mixin.py:115} INFO - [2022-06-14 18:48:10,824] {example_kubernetes_executor.py:39} WARNING - The example_kubernetes_executor example DAG requires the kubernetes provider. Please install it with: pip install apache-airflow[cncf.kubernetes]
[2022-06-14 18:48:10,824] {processor.py:653} WARNING - No viable dags retrieved from /usr/local/lib/python3.10/dist-packages/airflow/example_dags/example_kubernetes_executor.py
[2022-06-14 18:48:10,834] {processor.py:161} INFO - Processing /usr/local/lib/python3.10/dist-packages/airflow/example_dags/example_kubernetes_executor.py took 0.028 seconds
[2022-06-14 18:48:46,566] {processor.py:153} INFO - Started process (PID=8187) to work on /usr/local/lib/python3.10/dist-packages/airflow/example_dags/example_kubernetes_executor.py
[2022-06-14 18:48:46,567] {processor.py:641} INFO - Processing file /usr/local/lib/python3.10/dist-packages/airflow/example_dags/example_kubernetes_executor.py for tasks to queue
[2022-06-14 18:48:46,567] {logging_mixin.py:115} INFO - [2022-06-14 18:48:46,567] {dagbag.py:507} INFO - Filling up the DagBag from /usr/local/lib/python3.10/dist-packages/airflow/example_dags/example_kubernetes_executor.py
[2022-06-14 18:48:46,582] {logging_mixin.py:115} INFO - [2022-06-14 18:48:46,582] {example_kubernetes_executor.py:39} WARNING - The example_kubernetes_executor example DAG requires the kubernetes provider. Please install it with: pip install apache-airflow[cncf.kubernetes]
[2022-06-14 18:48:46,582] {processor.py:653} WARNING - No viable dags retrieved from /usr/local/lib/python3.10/dist-packages/airflow/example_dags/example_kubernetes_executor.py
[2022-06-14 18:48:46,592] {processor.py:161} INFO - Processing /usr/local/lib/python3.10/dist-packages/airflow/example_dags/example_kubernetes_executor.py took 0.028 seconds
[2022-06-14 18:49:28,628] {processor.py:153} INFO - Started process (PID=8271) to work on /usr/local/lib/python3.10/dist-packages/airflow/example_dags/example_kubernetes_executor.py
[2022-06-14 18:49:28,629] {processor.py:641} INFO - Processing file /usr/local/lib/python3.10/dist-packages/airflow/example_dags/example_kubernetes_executor.py for tasks to queue
[2022-06-14 18:49:28,630] {logging_mixin.py:115} INFO - [2022-06-14 18:49:28,629] {dagbag.py:507} INFO - Filling up the DagBag from /usr/local/lib/python3.10/dist-packages/airflow/example_dags/example_kubernetes_executor.py
[2022-06-14 18:49:28,644] {logging_mixin.py:115} INFO - [2022-06-14 18:49:28,644] {example_kubernetes_executor.py:39} WARNING - The example_kubernetes_executor example DAG requires the kubernetes provider. Please install it with: pip install apache-airflow[cncf.kubernetes]
[2022-06-14 18:49:28,644] {processor.py:653} WARNING - No viable dags retrieved from /usr/local/lib/python3.10/dist-packages/airflow/example_dags/example_kubernetes_executor.py
[2022-06-14 18:49:28,654] {processor.py:161} INFO - Processing /usr/local/lib/python3.10/dist-packages/airflow/example_dags/example_kubernetes_executor.py took 0.028 seconds
[2022-06-14 18:50:03,399] {processor.py:153} INFO - Started process (PID=8336) to work on /usr/local/lib/python3.10/dist-packages/airflow/example_dags/example_kubernetes_executor.py
[2022-06-14 18:50:03,400] {processor.py:641} INFO - Processing file /usr/local/lib/python3.10/dist-packages/airflow/example_dags/example_kubernetes_executor.py for tasks to queue
[2022-06-14 18:50:03,400] {logging_mixin.py:115} INFO - [2022-06-14 18:50:03,400] {dagbag.py:507} INFO - Filling up the DagBag from /usr/local/lib/python3.10/dist-packages/airflow/example_dags/example_kubernetes_executor.py
[2022-06-14 18:50:03,414] {logging_mixin.py:115} INFO - [2022-06-14 18:50:03,414] {example_kubernetes_executor.py:39} WARNING - The example_kubernetes_executor example DAG requires the kubernetes provider. Please install it with: pip install apache-airflow[cncf.kubernetes]
[2022-06-14 18:50:03,414] {processor.py:653} WARNING - No viable dags retrieved from /usr/local/lib/python3.10/dist-packages/airflow/example_dags/example_kubernetes_executor.py
[2022-06-14 18:50:03,423] {processor.py:161} INFO - Processing /usr/local/lib/python3.10/dist-packages/airflow/example_dags/example_kubernetes_executor.py took 0.027 seconds
[2022-06-14 18:50:45,011] {processor.py:153} INFO - Started process (PID=8425) to work on /usr/local/lib/python3.10/dist-packages/airflow/example_dags/example_kubernetes_executor.py
[2022-06-14 18:50:45,012] {processor.py:641} INFO - Processing file /usr/local/lib/python3.10/dist-packages/airflow/example_dags/example_kubernetes_executor.py for tasks to queue
[2022-06-14 18:50:45,013] {logging_mixin.py:115} INFO - [2022-06-14 18:50:45,013] {dagbag.py:507} INFO - Filling up the DagBag from /usr/local/lib/python3.10/dist-packages/airflow/example_dags/example_kubernetes_executor.py
[2022-06-14 18:50:45,030] {logging_mixin.py:115} INFO - [2022-06-14 18:50:45,030] {example_kubernetes_executor.py:39} WARNING - The example_kubernetes_executor example DAG requires the kubernetes provider. Please install it with: pip install apache-airflow[cncf.kubernetes]
[2022-06-14 18:50:45,030] {processor.py:653} WARNING - No viable dags retrieved from /usr/local/lib/python3.10/dist-packages/airflow/example_dags/example_kubernetes_executor.py
[2022-06-14 18:50:45,040] {processor.py:161} INFO - Processing /usr/local/lib/python3.10/dist-packages/airflow/example_dags/example_kubernetes_executor.py took 0.032 seconds
[2022-06-14 18:51:21,579] {processor.py:153} INFO - Started process (PID=8484) to work on /usr/local/lib/python3.10/dist-packages/airflow/example_dags/example_kubernetes_executor.py
[2022-06-14 18:51:21,580] {processor.py:641} INFO - Processing file /usr/local/lib/python3.10/dist-packages/airflow/example_dags/example_kubernetes_executor.py for tasks to queue
[2022-06-14 18:51:21,581] {logging_mixin.py:115} INFO - [2022-06-14 18:51:21,581] {dagbag.py:507} INFO - Filling up the DagBag from /usr/local/lib/python3.10/dist-packages/airflow/example_dags/example_kubernetes_executor.py
[2022-06-14 18:51:21,597] {logging_mixin.py:115} INFO - [2022-06-14 18:51:21,597] {example_kubernetes_executor.py:39} WARNING - The example_kubernetes_executor example DAG requires the kubernetes provider. Please install it with: pip install apache-airflow[cncf.kubernetes]
[2022-06-14 18:51:21,597] {processor.py:653} WARNING - No viable dags retrieved from /usr/local/lib/python3.10/dist-packages/airflow/example_dags/example_kubernetes_executor.py
[2022-06-14 18:51:21,606] {processor.py:161} INFO - Processing /usr/local/lib/python3.10/dist-packages/airflow/example_dags/example_kubernetes_executor.py took 0.029 seconds
[2022-06-14 18:52:03,884] {processor.py:153} INFO - Started process (PID=8550) to work on /usr/local/lib/python3.10/dist-packages/airflow/example_dags/example_kubernetes_executor.py
[2022-06-14 18:52:03,885] {processor.py:641} INFO - Processing file /usr/local/lib/python3.10/dist-packages/airflow/example_dags/example_kubernetes_executor.py for tasks to queue
[2022-06-14 18:52:03,885] {logging_mixin.py:115} INFO - [2022-06-14 18:52:03,885] {dagbag.py:507} INFO - Filling up the DagBag from /usr/local/lib/python3.10/dist-packages/airflow/example_dags/example_kubernetes_executor.py
[2022-06-14 18:52:03,902] {logging_mixin.py:115} INFO - [2022-06-14 18:52:03,902] {example_kubernetes_executor.py:39} WARNING - The example_kubernetes_executor example DAG requires the kubernetes provider. Please install it with: pip install apache-airflow[cncf.kubernetes]
[2022-06-14 18:52:03,902] {processor.py:653} WARNING - No viable dags retrieved from /usr/local/lib/python3.10/dist-packages/airflow/example_dags/example_kubernetes_executor.py
[2022-06-14 18:52:03,912] {processor.py:161} INFO - Processing /usr/local/lib/python3.10/dist-packages/airflow/example_dags/example_kubernetes_executor.py took 0.031 seconds
[2022-06-14 18:52:40,759] {processor.py:153} INFO - Started process (PID=8616) to work on /usr/local/lib/python3.10/dist-packages/airflow/example_dags/example_kubernetes_executor.py
[2022-06-14 18:52:40,760] {processor.py:641} INFO - Processing file /usr/local/lib/python3.10/dist-packages/airflow/example_dags/example_kubernetes_executor.py for tasks to queue
[2022-06-14 18:52:40,761] {logging_mixin.py:115} INFO - [2022-06-14 18:52:40,761] {dagbag.py:507} INFO - Filling up the DagBag from /usr/local/lib/python3.10/dist-packages/airflow/example_dags/example_kubernetes_executor.py
[2022-06-14 18:52:40,778] {logging_mixin.py:115} INFO - [2022-06-14 18:52:40,778] {example_kubernetes_executor.py:39} WARNING - The example_kubernetes_executor example DAG requires the kubernetes provider. Please install it with: pip install apache-airflow[cncf.kubernetes]
[2022-06-14 18:52:40,778] {processor.py:653} WARNING - No viable dags retrieved from /usr/local/lib/python3.10/dist-packages/airflow/example_dags/example_kubernetes_executor.py
[2022-06-14 18:52:40,788] {processor.py:161} INFO - Processing /usr/local/lib/python3.10/dist-packages/airflow/example_dags/example_kubernetes_executor.py took 0.032 seconds
[2022-06-14 18:53:22,041] {processor.py:153} INFO - Started process (PID=8695) to work on /usr/local/lib/python3.10/dist-packages/airflow/example_dags/example_kubernetes_executor.py
[2022-06-14 18:53:22,041] {processor.py:641} INFO - Processing file /usr/local/lib/python3.10/dist-packages/airflow/example_dags/example_kubernetes_executor.py for tasks to queue
[2022-06-14 18:53:22,042] {logging_mixin.py:115} INFO - [2022-06-14 18:53:22,042] {dagbag.py:507} INFO - Filling up the DagBag from /usr/local/lib/python3.10/dist-packages/airflow/example_dags/example_kubernetes_executor.py
[2022-06-14 18:53:22,057] {logging_mixin.py:115} INFO - [2022-06-14 18:53:22,057] {example_kubernetes_executor.py:39} WARNING - The example_kubernetes_executor example DAG requires the kubernetes provider. Please install it with: pip install apache-airflow[cncf.kubernetes]
[2022-06-14 18:53:22,057] {processor.py:653} WARNING - No viable dags retrieved from /usr/local/lib/python3.10/dist-packages/airflow/example_dags/example_kubernetes_executor.py
[2022-06-14 18:53:22,066] {processor.py:161} INFO - Processing /usr/local/lib/python3.10/dist-packages/airflow/example_dags/example_kubernetes_executor.py took 0.028 seconds
[2022-06-14 18:54:01,973] {processor.py:153} INFO - Started process (PID=8760) to work on /usr/local/lib/python3.10/dist-packages/airflow/example_dags/example_kubernetes_executor.py
[2022-06-14 18:54:01,974] {processor.py:641} INFO - Processing file /usr/local/lib/python3.10/dist-packages/airflow/example_dags/example_kubernetes_executor.py for tasks to queue
[2022-06-14 18:54:01,974] {logging_mixin.py:115} INFO - [2022-06-14 18:54:01,974] {dagbag.py:507} INFO - Filling up the DagBag from /usr/local/lib/python3.10/dist-packages/airflow/example_dags/example_kubernetes_executor.py
[2022-06-14 18:54:01,991] {logging_mixin.py:115} INFO - [2022-06-14 18:54:01,991] {example_kubernetes_executor.py:39} WARNING - The example_kubernetes_executor example DAG requires the kubernetes provider. Please install it with: pip install apache-airflow[cncf.kubernetes]
[2022-06-14 18:54:01,991] {processor.py:653} WARNING - No viable dags retrieved from /usr/local/lib/python3.10/dist-packages/airflow/example_dags/example_kubernetes_executor.py
[2022-06-14 18:54:02,001] {processor.py:161} INFO - Processing /usr/local/lib/python3.10/dist-packages/airflow/example_dags/example_kubernetes_executor.py took 0.031 seconds
[2022-06-14 18:54:40,288] {processor.py:153} INFO - Started process (PID=8811) to work on /usr/local/lib/python3.10/dist-packages/airflow/example_dags/example_kubernetes_executor.py
[2022-06-14 18:54:40,289] {processor.py:641} INFO - Processing file /usr/local/lib/python3.10/dist-packages/airflow/example_dags/example_kubernetes_executor.py for tasks to queue
[2022-06-14 18:54:40,289] {logging_mixin.py:115} INFO - [2022-06-14 18:54:40,289] {dagbag.py:507} INFO - Filling up the DagBag from /usr/local/lib/python3.10/dist-packages/airflow/example_dags/example_kubernetes_executor.py
[2022-06-14 18:54:40,306] {logging_mixin.py:115} INFO - [2022-06-14 18:54:40,306] {example_kubernetes_executor.py:39} WARNING - The example_kubernetes_executor example DAG requires the kubernetes provider. Please install it with: pip install apache-airflow[cncf.kubernetes]
[2022-06-14 18:54:40,306] {processor.py:653} WARNING - No viable dags retrieved from /usr/local/lib/python3.10/dist-packages/airflow/example_dags/example_kubernetes_executor.py
[2022-06-14 18:54:40,316] {processor.py:161} INFO - Processing /usr/local/lib/python3.10/dist-packages/airflow/example_dags/example_kubernetes_executor.py took 0.032 seconds
[2022-06-14 18:55:20,816] {processor.py:153} INFO - Started process (PID=8865) to work on /usr/local/lib/python3.10/dist-packages/airflow/example_dags/example_kubernetes_executor.py
[2022-06-14 18:55:20,817] {processor.py:641} INFO - Processing file /usr/local/lib/python3.10/dist-packages/airflow/example_dags/example_kubernetes_executor.py for tasks to queue
[2022-06-14 18:55:20,818] {logging_mixin.py:115} INFO - [2022-06-14 18:55:20,818] {dagbag.py:507} INFO - Filling up the DagBag from /usr/local/lib/python3.10/dist-packages/airflow/example_dags/example_kubernetes_executor.py
[2022-06-14 18:55:20,834] {logging_mixin.py:115} INFO - [2022-06-14 18:55:20,834] {example_kubernetes_executor.py:39} WARNING - The example_kubernetes_executor example DAG requires the kubernetes provider. Please install it with: pip install apache-airflow[cncf.kubernetes]
[2022-06-14 18:55:20,834] {processor.py:653} WARNING - No viable dags retrieved from /usr/local/lib/python3.10/dist-packages/airflow/example_dags/example_kubernetes_executor.py
[2022-06-14 18:55:20,844] {processor.py:161} INFO - Processing /usr/local/lib/python3.10/dist-packages/airflow/example_dags/example_kubernetes_executor.py took 0.031 seconds
[2022-06-14 18:56:00,420] {processor.py:153} INFO - Started process (PID=8914) to work on /usr/local/lib/python3.10/dist-packages/airflow/example_dags/example_kubernetes_executor.py
[2022-06-14 18:56:00,420] {processor.py:641} INFO - Processing file /usr/local/lib/python3.10/dist-packages/airflow/example_dags/example_kubernetes_executor.py for tasks to queue
[2022-06-14 18:56:00,421] {logging_mixin.py:115} INFO - [2022-06-14 18:56:00,421] {dagbag.py:507} INFO - Filling up the DagBag from /usr/local/lib/python3.10/dist-packages/airflow/example_dags/example_kubernetes_executor.py
[2022-06-14 18:56:00,437] {logging_mixin.py:115} INFO - [2022-06-14 18:56:00,437] {example_kubernetes_executor.py:39} WARNING - The example_kubernetes_executor example DAG requires the kubernetes provider. Please install it with: pip install apache-airflow[cncf.kubernetes]
[2022-06-14 18:56:00,437] {processor.py:653} WARNING - No viable dags retrieved from /usr/local/lib/python3.10/dist-packages/airflow/example_dags/example_kubernetes_executor.py
[2022-06-14 18:56:00,447] {processor.py:161} INFO - Processing /usr/local/lib/python3.10/dist-packages/airflow/example_dags/example_kubernetes_executor.py took 0.031 seconds
[2022-06-14 18:56:36,385] {processor.py:153} INFO - Started process (PID=8962) to work on /usr/local/lib/python3.10/dist-packages/airflow/example_dags/example_kubernetes_executor.py
[2022-06-14 18:56:36,386] {processor.py:641} INFO - Processing file /usr/local/lib/python3.10/dist-packages/airflow/example_dags/example_kubernetes_executor.py for tasks to queue
[2022-06-14 18:56:36,386] {logging_mixin.py:115} INFO - [2022-06-14 18:56:36,386] {dagbag.py:507} INFO - Filling up the DagBag from /usr/local/lib/python3.10/dist-packages/airflow/example_dags/example_kubernetes_executor.py
[2022-06-14 18:56:36,402] {logging_mixin.py:115} INFO - [2022-06-14 18:56:36,402] {example_kubernetes_executor.py:39} WARNING - The example_kubernetes_executor example DAG requires the kubernetes provider. Please install it with: pip install apache-airflow[cncf.kubernetes]
[2022-06-14 18:56:36,402] {processor.py:653} WARNING - No viable dags retrieved from /usr/local/lib/python3.10/dist-packages/airflow/example_dags/example_kubernetes_executor.py
[2022-06-14 18:56:36,412] {processor.py:161} INFO - Processing /usr/local/lib/python3.10/dist-packages/airflow/example_dags/example_kubernetes_executor.py took 0.030 seconds
[2022-06-14 18:57:13,188] {processor.py:153} INFO - Started process (PID=9023) to work on /usr/local/lib/python3.10/dist-packages/airflow/example_dags/example_kubernetes_executor.py
[2022-06-14 18:57:13,189] {processor.py:641} INFO - Processing file /usr/local/lib/python3.10/dist-packages/airflow/example_dags/example_kubernetes_executor.py for tasks to queue
[2022-06-14 18:57:13,189] {logging_mixin.py:115} INFO - [2022-06-14 18:57:13,189] {dagbag.py:507} INFO - Filling up the DagBag from /usr/local/lib/python3.10/dist-packages/airflow/example_dags/example_kubernetes_executor.py
[2022-06-14 18:57:13,204] {logging_mixin.py:115} INFO - [2022-06-14 18:57:13,203] {example_kubernetes_executor.py:39} WARNING - The example_kubernetes_executor example DAG requires the kubernetes provider. Please install it with: pip install apache-airflow[cncf.kubernetes]
[2022-06-14 18:57:13,204] {processor.py:653} WARNING - No viable dags retrieved from /usr/local/lib/python3.10/dist-packages/airflow/example_dags/example_kubernetes_executor.py
[2022-06-14 18:57:13,213] {processor.py:161} INFO - Processing /usr/local/lib/python3.10/dist-packages/airflow/example_dags/example_kubernetes_executor.py took 0.026 seconds
[2022-06-14 18:57:55,741] {processor.py:153} INFO - Started process (PID=9099) to work on /usr/local/lib/python3.10/dist-packages/airflow/example_dags/example_kubernetes_executor.py
[2022-06-14 18:57:55,741] {processor.py:641} INFO - Processing file /usr/local/lib/python3.10/dist-packages/airflow/example_dags/example_kubernetes_executor.py for tasks to queue
[2022-06-14 18:57:55,742] {logging_mixin.py:115} INFO - [2022-06-14 18:57:55,742] {dagbag.py:507} INFO - Filling up the DagBag from /usr/local/lib/python3.10/dist-packages/airflow/example_dags/example_kubernetes_executor.py
[2022-06-14 18:57:55,756] {logging_mixin.py:115} INFO - [2022-06-14 18:57:55,756] {example_kubernetes_executor.py:39} WARNING - The example_kubernetes_executor example DAG requires the kubernetes provider. Please install it with: pip install apache-airflow[cncf.kubernetes]
[2022-06-14 18:57:55,756] {processor.py:653} WARNING - No viable dags retrieved from /usr/local/lib/python3.10/dist-packages/airflow/example_dags/example_kubernetes_executor.py
[2022-06-14 18:57:55,766] {processor.py:161} INFO - Processing /usr/local/lib/python3.10/dist-packages/airflow/example_dags/example_kubernetes_executor.py took 0.028 seconds
[2022-06-14 18:58:31,765] {processor.py:153} INFO - Started process (PID=9150) to work on /usr/local/lib/python3.10/dist-packages/airflow/example_dags/example_kubernetes_executor.py
[2022-06-14 18:58:31,766] {processor.py:641} INFO - Processing file /usr/local/lib/python3.10/dist-packages/airflow/example_dags/example_kubernetes_executor.py for tasks to queue
[2022-06-14 18:58:31,766] {logging_mixin.py:115} INFO - [2022-06-14 18:58:31,766] {dagbag.py:507} INFO - Filling up the DagBag from /usr/local/lib/python3.10/dist-packages/airflow/example_dags/example_kubernetes_executor.py
[2022-06-14 18:58:31,780] {logging_mixin.py:115} INFO - [2022-06-14 18:58:31,780] {example_kubernetes_executor.py:39} WARNING - The example_kubernetes_executor example DAG requires the kubernetes provider. Please install it with: pip install apache-airflow[cncf.kubernetes]
[2022-06-14 18:58:31,780] {processor.py:653} WARNING - No viable dags retrieved from /usr/local/lib/python3.10/dist-packages/airflow/example_dags/example_kubernetes_executor.py
[2022-06-14 18:58:31,790] {processor.py:161} INFO - Processing /usr/local/lib/python3.10/dist-packages/airflow/example_dags/example_kubernetes_executor.py took 0.027 seconds
[2022-06-14 18:59:15,232] {processor.py:153} INFO - Started process (PID=9213) to work on /usr/local/lib/python3.10/dist-packages/airflow/example_dags/example_kubernetes_executor.py
[2022-06-14 18:59:15,233] {processor.py:641} INFO - Processing file /usr/local/lib/python3.10/dist-packages/airflow/example_dags/example_kubernetes_executor.py for tasks to queue
[2022-06-14 18:59:15,233] {logging_mixin.py:115} INFO - [2022-06-14 18:59:15,233] {dagbag.py:507} INFO - Filling up the DagBag from /usr/local/lib/python3.10/dist-packages/airflow/example_dags/example_kubernetes_executor.py
[2022-06-14 18:59:15,247] {logging_mixin.py:115} INFO - [2022-06-14 18:59:15,246] {example_kubernetes_executor.py:39} WARNING - The example_kubernetes_executor example DAG requires the kubernetes provider. Please install it with: pip install apache-airflow[cncf.kubernetes]
[2022-06-14 18:59:15,247] {processor.py:653} WARNING - No viable dags retrieved from /usr/local/lib/python3.10/dist-packages/airflow/example_dags/example_kubernetes_executor.py
[2022-06-14 18:59:15,256] {processor.py:161} INFO - Processing /usr/local/lib/python3.10/dist-packages/airflow/example_dags/example_kubernetes_executor.py took 0.027 seconds
[2022-06-14 18:59:54,273] {processor.py:153} INFO - Started process (PID=9275) to work on /usr/local/lib/python3.10/dist-packages/airflow/example_dags/example_kubernetes_executor.py
[2022-06-14 18:59:54,274] {processor.py:641} INFO - Processing file /usr/local/lib/python3.10/dist-packages/airflow/example_dags/example_kubernetes_executor.py for tasks to queue
[2022-06-14 18:59:54,274] {logging_mixin.py:115} INFO - [2022-06-14 18:59:54,274] {dagbag.py:507} INFO - Filling up the DagBag from /usr/local/lib/python3.10/dist-packages/airflow/example_dags/example_kubernetes_executor.py
[2022-06-14 18:59:54,288] {logging_mixin.py:115} INFO - [2022-06-14 18:59:54,288] {example_kubernetes_executor.py:39} WARNING - The example_kubernetes_executor example DAG requires the kubernetes provider. Please install it with: pip install apache-airflow[cncf.kubernetes]
[2022-06-14 18:59:54,289] {processor.py:653} WARNING - No viable dags retrieved from /usr/local/lib/python3.10/dist-packages/airflow/example_dags/example_kubernetes_executor.py
[2022-06-14 18:59:54,298] {processor.py:161} INFO - Processing /usr/local/lib/python3.10/dist-packages/airflow/example_dags/example_kubernetes_executor.py took 0.028 seconds
[2022-06-14 19:00:31,722] {processor.py:153} INFO - Started process (PID=9340) to work on /usr/local/lib/python3.10/dist-packages/airflow/example_dags/example_kubernetes_executor.py
[2022-06-14 19:00:31,724] {processor.py:641} INFO - Processing file /usr/local/lib/python3.10/dist-packages/airflow/example_dags/example_kubernetes_executor.py for tasks to queue
[2022-06-14 19:00:31,724] {logging_mixin.py:115} INFO - [2022-06-14 19:00:31,724] {dagbag.py:507} INFO - Filling up the DagBag from /usr/local/lib/python3.10/dist-packages/airflow/example_dags/example_kubernetes_executor.py
[2022-06-14 19:00:31,738] {logging_mixin.py:115} INFO - [2022-06-14 19:00:31,738] {example_kubernetes_executor.py:39} WARNING - The example_kubernetes_executor example DAG requires the kubernetes provider. Please install it with: pip install apache-airflow[cncf.kubernetes]
[2022-06-14 19:00:31,739] {processor.py:653} WARNING - No viable dags retrieved from /usr/local/lib/python3.10/dist-packages/airflow/example_dags/example_kubernetes_executor.py
[2022-06-14 19:00:31,749] {processor.py:161} INFO - Processing /usr/local/lib/python3.10/dist-packages/airflow/example_dags/example_kubernetes_executor.py took 0.029 seconds
[2022-06-14 19:01:15,559] {processor.py:153} INFO - Started process (PID=9402) to work on /usr/local/lib/python3.10/dist-packages/airflow/example_dags/example_kubernetes_executor.py
[2022-06-14 19:01:15,560] {processor.py:641} INFO - Processing file /usr/local/lib/python3.10/dist-packages/airflow/example_dags/example_kubernetes_executor.py for tasks to queue
[2022-06-14 19:01:15,560] {logging_mixin.py:115} INFO - [2022-06-14 19:01:15,560] {dagbag.py:507} INFO - Filling up the DagBag from /usr/local/lib/python3.10/dist-packages/airflow/example_dags/example_kubernetes_executor.py
[2022-06-14 19:01:15,574] {logging_mixin.py:115} INFO - [2022-06-14 19:01:15,574] {example_kubernetes_executor.py:39} WARNING - The example_kubernetes_executor example DAG requires the kubernetes provider. Please install it with: pip install apache-airflow[cncf.kubernetes]
[2022-06-14 19:01:15,574] {processor.py:653} WARNING - No viable dags retrieved from /usr/local/lib/python3.10/dist-packages/airflow/example_dags/example_kubernetes_executor.py
[2022-06-14 19:01:15,584] {processor.py:161} INFO - Processing /usr/local/lib/python3.10/dist-packages/airflow/example_dags/example_kubernetes_executor.py took 0.028 seconds
[2022-06-14 19:01:53,897] {processor.py:153} INFO - Started process (PID=9453) to work on /usr/local/lib/python3.10/dist-packages/airflow/example_dags/example_kubernetes_executor.py
[2022-06-14 19:01:53,898] {processor.py:641} INFO - Processing file /usr/local/lib/python3.10/dist-packages/airflow/example_dags/example_kubernetes_executor.py for tasks to queue
[2022-06-14 19:01:53,898] {logging_mixin.py:115} INFO - [2022-06-14 19:01:53,898] {dagbag.py:507} INFO - Filling up the DagBag from /usr/local/lib/python3.10/dist-packages/airflow/example_dags/example_kubernetes_executor.py
[2022-06-14 19:01:53,912] {logging_mixin.py:115} INFO - [2022-06-14 19:01:53,912] {example_kubernetes_executor.py:39} WARNING - The example_kubernetes_executor example DAG requires the kubernetes provider. Please install it with: pip install apache-airflow[cncf.kubernetes]
[2022-06-14 19:01:53,912] {processor.py:653} WARNING - No viable dags retrieved from /usr/local/lib/python3.10/dist-packages/airflow/example_dags/example_kubernetes_executor.py
[2022-06-14 19:01:53,922] {processor.py:161} INFO - Processing /usr/local/lib/python3.10/dist-packages/airflow/example_dags/example_kubernetes_executor.py took 0.028 seconds
[2022-06-14 19:02:35,134] {processor.py:153} INFO - Started process (PID=9509) to work on /usr/local/lib/python3.10/dist-packages/airflow/example_dags/example_kubernetes_executor.py
[2022-06-14 19:02:35,135] {processor.py:641} INFO - Processing file /usr/local/lib/python3.10/dist-packages/airflow/example_dags/example_kubernetes_executor.py for tasks to queue
[2022-06-14 19:02:35,135] {logging_mixin.py:115} INFO - [2022-06-14 19:02:35,135] {dagbag.py:507} INFO - Filling up the DagBag from /usr/local/lib/python3.10/dist-packages/airflow/example_dags/example_kubernetes_executor.py
[2022-06-14 19:02:35,149] {logging_mixin.py:115} INFO - [2022-06-14 19:02:35,149] {example_kubernetes_executor.py:39} WARNING - The example_kubernetes_executor example DAG requires the kubernetes provider. Please install it with: pip install apache-airflow[cncf.kubernetes]
[2022-06-14 19:02:35,149] {processor.py:653} WARNING - No viable dags retrieved from /usr/local/lib/python3.10/dist-packages/airflow/example_dags/example_kubernetes_executor.py
[2022-06-14 19:02:35,159] {processor.py:161} INFO - Processing /usr/local/lib/python3.10/dist-packages/airflow/example_dags/example_kubernetes_executor.py took 0.027 seconds
[2022-06-14 19:03:15,012] {processor.py:153} INFO - Started process (PID=9603) to work on /usr/local/lib/python3.10/dist-packages/airflow/example_dags/example_kubernetes_executor.py
[2022-06-14 19:03:15,013] {processor.py:641} INFO - Processing file /usr/local/lib/python3.10/dist-packages/airflow/example_dags/example_kubernetes_executor.py for tasks to queue
[2022-06-14 19:03:15,013] {logging_mixin.py:115} INFO - [2022-06-14 19:03:15,013] {dagbag.py:507} INFO - Filling up the DagBag from /usr/local/lib/python3.10/dist-packages/airflow/example_dags/example_kubernetes_executor.py
[2022-06-14 19:03:15,028] {logging_mixin.py:115} INFO - [2022-06-14 19:03:15,028] {example_kubernetes_executor.py:39} WARNING - The example_kubernetes_executor example DAG requires the kubernetes provider. Please install it with: pip install apache-airflow[cncf.kubernetes]
[2022-06-14 19:03:15,028] {processor.py:653} WARNING - No viable dags retrieved from /usr/local/lib/python3.10/dist-packages/airflow/example_dags/example_kubernetes_executor.py
[2022-06-14 19:03:15,037] {processor.py:161} INFO - Processing /usr/local/lib/python3.10/dist-packages/airflow/example_dags/example_kubernetes_executor.py took 0.028 seconds
[2022-06-14 19:03:51,463] {processor.py:153} INFO - Started process (PID=9649) to work on /usr/local/lib/python3.10/dist-packages/airflow/example_dags/example_kubernetes_executor.py
[2022-06-14 19:03:51,463] {processor.py:641} INFO - Processing file /usr/local/lib/python3.10/dist-packages/airflow/example_dags/example_kubernetes_executor.py for tasks to queue
[2022-06-14 19:03:51,464] {logging_mixin.py:115} INFO - [2022-06-14 19:03:51,464] {dagbag.py:507} INFO - Filling up the DagBag from /usr/local/lib/python3.10/dist-packages/airflow/example_dags/example_kubernetes_executor.py
[2022-06-14 19:03:51,478] {logging_mixin.py:115} INFO - [2022-06-14 19:03:51,478] {example_kubernetes_executor.py:39} WARNING - The example_kubernetes_executor example DAG requires the kubernetes provider. Please install it with: pip install apache-airflow[cncf.kubernetes]
[2022-06-14 19:03:51,478] {processor.py:653} WARNING - No viable dags retrieved from /usr/local/lib/python3.10/dist-packages/airflow/example_dags/example_kubernetes_executor.py
[2022-06-14 19:03:51,488] {processor.py:161} INFO - Processing /usr/local/lib/python3.10/dist-packages/airflow/example_dags/example_kubernetes_executor.py took 0.027 seconds
[2022-06-14 19:04:31,409] {processor.py:153} INFO - Started process (PID=9706) to work on /usr/local/lib/python3.10/dist-packages/airflow/example_dags/example_kubernetes_executor.py
[2022-06-14 19:04:31,409] {processor.py:641} INFO - Processing file /usr/local/lib/python3.10/dist-packages/airflow/example_dags/example_kubernetes_executor.py for tasks to queue
[2022-06-14 19:04:31,410] {logging_mixin.py:115} INFO - [2022-06-14 19:04:31,410] {dagbag.py:507} INFO - Filling up the DagBag from /usr/local/lib/python3.10/dist-packages/airflow/example_dags/example_kubernetes_executor.py
[2022-06-14 19:04:31,423] {logging_mixin.py:115} INFO - [2022-06-14 19:04:31,423] {example_kubernetes_executor.py:39} WARNING - The example_kubernetes_executor example DAG requires the kubernetes provider. Please install it with: pip install apache-airflow[cncf.kubernetes]
[2022-06-14 19:04:31,424] {processor.py:653} WARNING - No viable dags retrieved from /usr/local/lib/python3.10/dist-packages/airflow/example_dags/example_kubernetes_executor.py
[2022-06-14 19:04:31,433] {processor.py:161} INFO - Processing /usr/local/lib/python3.10/dist-packages/airflow/example_dags/example_kubernetes_executor.py took 0.027 seconds
[2022-06-14 19:05:07,492] {processor.py:153} INFO - Started process (PID=9753) to work on /usr/local/lib/python3.10/dist-packages/airflow/example_dags/example_kubernetes_executor.py
[2022-06-14 19:05:07,492] {processor.py:641} INFO - Processing file /usr/local/lib/python3.10/dist-packages/airflow/example_dags/example_kubernetes_executor.py for tasks to queue
[2022-06-14 19:05:07,493] {logging_mixin.py:115} INFO - [2022-06-14 19:05:07,493] {dagbag.py:507} INFO - Filling up the DagBag from /usr/local/lib/python3.10/dist-packages/airflow/example_dags/example_kubernetes_executor.py
[2022-06-14 19:05:07,507] {logging_mixin.py:115} INFO - [2022-06-14 19:05:07,507] {example_kubernetes_executor.py:39} WARNING - The example_kubernetes_executor example DAG requires the kubernetes provider. Please install it with: pip install apache-airflow[cncf.kubernetes]
[2022-06-14 19:05:07,508] {processor.py:653} WARNING - No viable dags retrieved from /usr/local/lib/python3.10/dist-packages/airflow/example_dags/example_kubernetes_executor.py
[2022-06-14 19:05:07,517] {processor.py:161} INFO - Processing /usr/local/lib/python3.10/dist-packages/airflow/example_dags/example_kubernetes_executor.py took 0.028 seconds
[2022-06-14 19:05:50,995] {processor.py:153} INFO - Started process (PID=9818) to work on /usr/local/lib/python3.10/dist-packages/airflow/example_dags/example_kubernetes_executor.py
[2022-06-14 19:05:50,995] {processor.py:641} INFO - Processing file /usr/local/lib/python3.10/dist-packages/airflow/example_dags/example_kubernetes_executor.py for tasks to queue
[2022-06-14 19:05:50,996] {logging_mixin.py:115} INFO - [2022-06-14 19:05:50,996] {dagbag.py:507} INFO - Filling up the DagBag from /usr/local/lib/python3.10/dist-packages/airflow/example_dags/example_kubernetes_executor.py
[2022-06-14 19:05:51,010] {logging_mixin.py:115} INFO - [2022-06-14 19:05:51,010] {example_kubernetes_executor.py:39} WARNING - The example_kubernetes_executor example DAG requires the kubernetes provider. Please install it with: pip install apache-airflow[cncf.kubernetes]
[2022-06-14 19:05:51,010] {processor.py:653} WARNING - No viable dags retrieved from /usr/local/lib/python3.10/dist-packages/airflow/example_dags/example_kubernetes_executor.py
[2022-06-14 19:05:51,020] {processor.py:161} INFO - Processing /usr/local/lib/python3.10/dist-packages/airflow/example_dags/example_kubernetes_executor.py took 0.028 seconds
[2022-06-14 19:06:28,322] {processor.py:153} INFO - Started process (PID=9865) to work on /usr/local/lib/python3.10/dist-packages/airflow/example_dags/example_kubernetes_executor.py
[2022-06-14 19:06:28,323] {processor.py:641} INFO - Processing file /usr/local/lib/python3.10/dist-packages/airflow/example_dags/example_kubernetes_executor.py for tasks to queue
[2022-06-14 19:06:28,323] {logging_mixin.py:115} INFO - [2022-06-14 19:06:28,323] {dagbag.py:507} INFO - Filling up the DagBag from /usr/local/lib/python3.10/dist-packages/airflow/example_dags/example_kubernetes_executor.py
[2022-06-14 19:06:28,337] {logging_mixin.py:115} INFO - [2022-06-14 19:06:28,337] {example_kubernetes_executor.py:39} WARNING - The example_kubernetes_executor example DAG requires the kubernetes provider. Please install it with: pip install apache-airflow[cncf.kubernetes]
[2022-06-14 19:06:28,338] {processor.py:653} WARNING - No viable dags retrieved from /usr/local/lib/python3.10/dist-packages/airflow/example_dags/example_kubernetes_executor.py
[2022-06-14 19:06:28,348] {processor.py:161} INFO - Processing /usr/local/lib/python3.10/dist-packages/airflow/example_dags/example_kubernetes_executor.py took 0.028 seconds
[2022-06-14 19:07:06,022] {processor.py:153} INFO - Started process (PID=9924) to work on /usr/local/lib/python3.10/dist-packages/airflow/example_dags/example_kubernetes_executor.py
[2022-06-14 19:07:06,022] {processor.py:641} INFO - Processing file /usr/local/lib/python3.10/dist-packages/airflow/example_dags/example_kubernetes_executor.py for tasks to queue
[2022-06-14 19:07:06,023] {logging_mixin.py:115} INFO - [2022-06-14 19:07:06,023] {dagbag.py:507} INFO - Filling up the DagBag from /usr/local/lib/python3.10/dist-packages/airflow/example_dags/example_kubernetes_executor.py
[2022-06-14 19:07:06,037] {logging_mixin.py:115} INFO - [2022-06-14 19:07:06,036] {example_kubernetes_executor.py:39} WARNING - The example_kubernetes_executor example DAG requires the kubernetes provider. Please install it with: pip install apache-airflow[cncf.kubernetes]
[2022-06-14 19:07:06,037] {processor.py:653} WARNING - No viable dags retrieved from /usr/local/lib/python3.10/dist-packages/airflow/example_dags/example_kubernetes_executor.py
[2022-06-14 19:07:06,047] {processor.py:161} INFO - Processing /usr/local/lib/python3.10/dist-packages/airflow/example_dags/example_kubernetes_executor.py took 0.028 seconds
[2022-06-14 19:07:49,689] {processor.py:153} INFO - Started process (PID=9982) to work on /usr/local/lib/python3.10/dist-packages/airflow/example_dags/example_kubernetes_executor.py
[2022-06-14 19:07:49,690] {processor.py:641} INFO - Processing file /usr/local/lib/python3.10/dist-packages/airflow/example_dags/example_kubernetes_executor.py for tasks to queue
[2022-06-14 19:07:49,690] {logging_mixin.py:115} INFO - [2022-06-14 19:07:49,690] {dagbag.py:507} INFO - Filling up the DagBag from /usr/local/lib/python3.10/dist-packages/airflow/example_dags/example_kubernetes_executor.py
[2022-06-14 19:07:49,704] {logging_mixin.py:115} INFO - [2022-06-14 19:07:49,704] {example_kubernetes_executor.py:39} WARNING - The example_kubernetes_executor example DAG requires the kubernetes provider. Please install it with: pip install apache-airflow[cncf.kubernetes]
[2022-06-14 19:07:49,704] {processor.py:653} WARNING - No viable dags retrieved from /usr/local/lib/python3.10/dist-packages/airflow/example_dags/example_kubernetes_executor.py
[2022-06-14 19:07:49,715] {processor.py:161} INFO - Processing /usr/local/lib/python3.10/dist-packages/airflow/example_dags/example_kubernetes_executor.py took 0.028 seconds
[2022-06-14 19:08:34,981] {processor.py:153} INFO - Started process (PID=10044) to work on /usr/local/lib/python3.10/dist-packages/airflow/example_dags/example_kubernetes_executor.py
[2022-06-14 19:08:34,982] {processor.py:641} INFO - Processing file /usr/local/lib/python3.10/dist-packages/airflow/example_dags/example_kubernetes_executor.py for tasks to queue
[2022-06-14 19:08:34,982] {logging_mixin.py:115} INFO - [2022-06-14 19:08:34,982] {dagbag.py:507} INFO - Filling up the DagBag from /usr/local/lib/python3.10/dist-packages/airflow/example_dags/example_kubernetes_executor.py
[2022-06-14 19:08:34,996] {logging_mixin.py:115} INFO - [2022-06-14 19:08:34,996] {example_kubernetes_executor.py:39} WARNING - The example_kubernetes_executor example DAG requires the kubernetes provider. Please install it with: pip install apache-airflow[cncf.kubernetes]
[2022-06-14 19:08:34,997] {processor.py:653} WARNING - No viable dags retrieved from /usr/local/lib/python3.10/dist-packages/airflow/example_dags/example_kubernetes_executor.py
[2022-06-14 19:08:35,006] {processor.py:161} INFO - Processing /usr/local/lib/python3.10/dist-packages/airflow/example_dags/example_kubernetes_executor.py took 0.027 seconds
[2022-06-14 19:09:18,105] {processor.py:153} INFO - Started process (PID=10107) to work on /usr/local/lib/python3.10/dist-packages/airflow/example_dags/example_kubernetes_executor.py
[2022-06-14 19:09:18,106] {processor.py:641} INFO - Processing file /usr/local/lib/python3.10/dist-packages/airflow/example_dags/example_kubernetes_executor.py for tasks to queue
[2022-06-14 19:09:18,107] {logging_mixin.py:115} INFO - [2022-06-14 19:09:18,107] {dagbag.py:507} INFO - Filling up the DagBag from /usr/local/lib/python3.10/dist-packages/airflow/example_dags/example_kubernetes_executor.py
[2022-06-14 19:09:18,121] {logging_mixin.py:115} INFO - [2022-06-14 19:09:18,121] {example_kubernetes_executor.py:39} WARNING - The example_kubernetes_executor example DAG requires the kubernetes provider. Please install it with: pip install apache-airflow[cncf.kubernetes]
[2022-06-14 19:09:18,121] {processor.py:653} WARNING - No viable dags retrieved from /usr/local/lib/python3.10/dist-packages/airflow/example_dags/example_kubernetes_executor.py
[2022-06-14 19:09:18,129] {processor.py:161} INFO - Processing /usr/local/lib/python3.10/dist-packages/airflow/example_dags/example_kubernetes_executor.py took 0.026 seconds
[2022-06-14 19:09:55,637] {processor.py:153} INFO - Started process (PID=10159) to work on /usr/local/lib/python3.10/dist-packages/airflow/example_dags/example_kubernetes_executor.py
[2022-06-14 19:09:55,637] {processor.py:641} INFO - Processing file /usr/local/lib/python3.10/dist-packages/airflow/example_dags/example_kubernetes_executor.py for tasks to queue
[2022-06-14 19:09:55,638] {logging_mixin.py:115} INFO - [2022-06-14 19:09:55,638] {dagbag.py:507} INFO - Filling up the DagBag from /usr/local/lib/python3.10/dist-packages/airflow/example_dags/example_kubernetes_executor.py
[2022-06-14 19:09:55,652] {logging_mixin.py:115} INFO - [2022-06-14 19:09:55,652] {example_kubernetes_executor.py:39} WARNING - The example_kubernetes_executor example DAG requires the kubernetes provider. Please install it with: pip install apache-airflow[cncf.kubernetes]
[2022-06-14 19:09:55,652] {processor.py:653} WARNING - No viable dags retrieved from /usr/local/lib/python3.10/dist-packages/airflow/example_dags/example_kubernetes_executor.py
[2022-06-14 19:09:55,661] {processor.py:161} INFO - Processing /usr/local/lib/python3.10/dist-packages/airflow/example_dags/example_kubernetes_executor.py took 0.027 seconds
[2022-06-14 19:10:39,273] {processor.py:153} INFO - Started process (PID=10763) to work on /usr/local/lib/python3.10/dist-packages/airflow/example_dags/example_kubernetes_executor.py
[2022-06-14 19:10:39,274] {processor.py:641} INFO - Processing file /usr/local/lib/python3.10/dist-packages/airflow/example_dags/example_kubernetes_executor.py for tasks to queue
[2022-06-14 19:10:39,275] {logging_mixin.py:115} INFO - [2022-06-14 19:10:39,275] {dagbag.py:507} INFO - Filling up the DagBag from /usr/local/lib/python3.10/dist-packages/airflow/example_dags/example_kubernetes_executor.py
[2022-06-14 19:10:39,292] {logging_mixin.py:115} INFO - [2022-06-14 19:10:39,292] {example_kubernetes_executor.py:39} WARNING - The example_kubernetes_executor example DAG requires the kubernetes provider. Please install it with: pip install apache-airflow[cncf.kubernetes]
[2022-06-14 19:10:39,292] {processor.py:653} WARNING - No viable dags retrieved from /usr/local/lib/python3.10/dist-packages/airflow/example_dags/example_kubernetes_executor.py
[2022-06-14 19:10:39,301] {processor.py:161} INFO - Processing /usr/local/lib/python3.10/dist-packages/airflow/example_dags/example_kubernetes_executor.py took 0.032 seconds
