[2022-06-14 18:33:33,873] {processor.py:153} INFO - Started process (PID=6618) to work on /usr/local/lib/python3.10/dist-packages/airflow/example_dags/example_task_group_decorator.py
[2022-06-14 18:33:33,873] {processor.py:641} INFO - Processing file /usr/local/lib/python3.10/dist-packages/airflow/example_dags/example_task_group_decorator.py for tasks to queue
[2022-06-14 18:33:33,873] {logging_mixin.py:115} INFO - [2022-06-14 18:33:33,873] {dagbag.py:507} INFO - Filling up the DagBag from /usr/local/lib/python3.10/dist-packages/airflow/example_dags/example_task_group_decorator.py
[2022-06-14 18:33:33,900] {processor.py:651} INFO - DAG(s) dict_keys(['example_task_group_decorator']) retrieved from /usr/local/lib/python3.10/dist-packages/airflow/example_dags/example_task_group_decorator.py
[2022-06-14 18:33:33,946] {logging_mixin.py:115} INFO - [2022-06-14 18:33:33,946] {dag.py:2371} INFO - Sync 1 DAGs
[2022-06-14 18:33:33,964] {logging_mixin.py:115} INFO - [2022-06-14 18:33:33,964] {dag.py:2915} INFO - Setting next_dagrun for example_task_group_decorator to 2022-06-13T13:03:33.963710+00:00, run_after=2022-06-14T13:03:33.963710+00:00
[2022-06-14 18:33:33,994] {processor.py:161} INFO - Processing /usr/local/lib/python3.10/dist-packages/airflow/example_dags/example_task_group_decorator.py took 0.124 seconds
[2022-06-14 18:34:07,283] {processor.py:153} INFO - Started process (PID=6669) to work on /usr/local/lib/python3.10/dist-packages/airflow/example_dags/example_task_group_decorator.py
[2022-06-14 18:34:07,284] {processor.py:641} INFO - Processing file /usr/local/lib/python3.10/dist-packages/airflow/example_dags/example_task_group_decorator.py for tasks to queue
[2022-06-14 18:34:07,285] {logging_mixin.py:115} INFO - [2022-06-14 18:34:07,285] {dagbag.py:507} INFO - Filling up the DagBag from /usr/local/lib/python3.10/dist-packages/airflow/example_dags/example_task_group_decorator.py
[2022-06-14 18:34:07,316] {processor.py:651} INFO - DAG(s) dict_keys(['example_task_group_decorator']) retrieved from /usr/local/lib/python3.10/dist-packages/airflow/example_dags/example_task_group_decorator.py
[2022-06-14 18:34:07,359] {logging_mixin.py:115} INFO - [2022-06-14 18:34:07,359] {dag.py:2371} INFO - Sync 1 DAGs
[2022-06-14 18:34:07,376] {logging_mixin.py:115} INFO - [2022-06-14 18:34:07,376] {dag.py:2915} INFO - Setting next_dagrun for example_task_group_decorator to 2022-06-13T13:04:07.376459+00:00, run_after=2022-06-14T13:04:07.376459+00:00
[2022-06-14 18:34:07,399] {processor.py:161} INFO - Processing /usr/local/lib/python3.10/dist-packages/airflow/example_dags/example_task_group_decorator.py took 0.117 seconds
[2022-06-14 18:34:43,407] {processor.py:153} INFO - Started process (PID=6724) to work on /usr/local/lib/python3.10/dist-packages/airflow/example_dags/example_task_group_decorator.py
[2022-06-14 18:34:43,408] {processor.py:641} INFO - Processing file /usr/local/lib/python3.10/dist-packages/airflow/example_dags/example_task_group_decorator.py for tasks to queue
[2022-06-14 18:34:43,409] {logging_mixin.py:115} INFO - [2022-06-14 18:34:43,409] {dagbag.py:507} INFO - Filling up the DagBag from /usr/local/lib/python3.10/dist-packages/airflow/example_dags/example_task_group_decorator.py
[2022-06-14 18:34:43,434] {processor.py:651} INFO - DAG(s) dict_keys(['example_task_group_decorator']) retrieved from /usr/local/lib/python3.10/dist-packages/airflow/example_dags/example_task_group_decorator.py
[2022-06-14 18:34:43,450] {logging_mixin.py:115} INFO - [2022-06-14 18:34:43,450] {dag.py:2371} INFO - Sync 1 DAGs
[2022-06-14 18:34:43,466] {logging_mixin.py:115} INFO - [2022-06-14 18:34:43,466] {dag.py:2915} INFO - Setting next_dagrun for example_task_group_decorator to 2022-06-13T13:04:43.466358+00:00, run_after=2022-06-14T13:04:43.466358+00:00
[2022-06-14 18:34:43,484] {processor.py:161} INFO - Processing /usr/local/lib/python3.10/dist-packages/airflow/example_dags/example_task_group_decorator.py took 0.079 seconds
[2022-06-14 18:35:17,182] {processor.py:153} INFO - Started process (PID=6783) to work on /usr/local/lib/python3.10/dist-packages/airflow/example_dags/example_task_group_decorator.py
[2022-06-14 18:35:17,183] {processor.py:641} INFO - Processing file /usr/local/lib/python3.10/dist-packages/airflow/example_dags/example_task_group_decorator.py for tasks to queue
[2022-06-14 18:35:17,183] {logging_mixin.py:115} INFO - [2022-06-14 18:35:17,183] {dagbag.py:507} INFO - Filling up the DagBag from /usr/local/lib/python3.10/dist-packages/airflow/example_dags/example_task_group_decorator.py
[2022-06-14 18:35:17,210] {processor.py:651} INFO - DAG(s) dict_keys(['example_task_group_decorator']) retrieved from /usr/local/lib/python3.10/dist-packages/airflow/example_dags/example_task_group_decorator.py
[2022-06-14 18:35:17,230] {logging_mixin.py:115} INFO - [2022-06-14 18:35:17,230] {dag.py:2371} INFO - Sync 1 DAGs
[2022-06-14 18:35:17,251] {logging_mixin.py:115} INFO - [2022-06-14 18:35:17,251] {dag.py:2915} INFO - Setting next_dagrun for example_task_group_decorator to 2022-06-13T13:05:17.251309+00:00, run_after=2022-06-14T13:05:17.251309+00:00
[2022-06-14 18:35:17,270] {processor.py:161} INFO - Processing /usr/local/lib/python3.10/dist-packages/airflow/example_dags/example_task_group_decorator.py took 0.090 seconds
[2022-06-14 18:35:51,964] {processor.py:153} INFO - Started process (PID=6832) to work on /usr/local/lib/python3.10/dist-packages/airflow/example_dags/example_task_group_decorator.py
[2022-06-14 18:35:51,965] {processor.py:641} INFO - Processing file /usr/local/lib/python3.10/dist-packages/airflow/example_dags/example_task_group_decorator.py for tasks to queue
[2022-06-14 18:35:51,965] {logging_mixin.py:115} INFO - [2022-06-14 18:35:51,965] {dagbag.py:507} INFO - Filling up the DagBag from /usr/local/lib/python3.10/dist-packages/airflow/example_dags/example_task_group_decorator.py
[2022-06-14 18:35:51,990] {processor.py:651} INFO - DAG(s) dict_keys(['example_task_group_decorator']) retrieved from /usr/local/lib/python3.10/dist-packages/airflow/example_dags/example_task_group_decorator.py
[2022-06-14 18:35:52,009] {logging_mixin.py:115} INFO - [2022-06-14 18:35:52,009] {dag.py:2371} INFO - Sync 1 DAGs
[2022-06-14 18:35:52,028] {logging_mixin.py:115} INFO - [2022-06-14 18:35:52,028] {dag.py:2915} INFO - Setting next_dagrun for example_task_group_decorator to 2022-06-13T13:05:52.027851+00:00, run_after=2022-06-14T13:05:52.027851+00:00
[2022-06-14 18:35:52,055] {processor.py:161} INFO - Processing /usr/local/lib/python3.10/dist-packages/airflow/example_dags/example_task_group_decorator.py took 0.093 seconds
[2022-06-14 18:36:26,503] {processor.py:153} INFO - Started process (PID=6879) to work on /usr/local/lib/python3.10/dist-packages/airflow/example_dags/example_task_group_decorator.py
[2022-06-14 18:36:26,504] {processor.py:641} INFO - Processing file /usr/local/lib/python3.10/dist-packages/airflow/example_dags/example_task_group_decorator.py for tasks to queue
[2022-06-14 18:36:26,505] {logging_mixin.py:115} INFO - [2022-06-14 18:36:26,505] {dagbag.py:507} INFO - Filling up the DagBag from /usr/local/lib/python3.10/dist-packages/airflow/example_dags/example_task_group_decorator.py
[2022-06-14 18:36:26,530] {processor.py:651} INFO - DAG(s) dict_keys(['example_task_group_decorator']) retrieved from /usr/local/lib/python3.10/dist-packages/airflow/example_dags/example_task_group_decorator.py
[2022-06-14 18:36:26,574] {logging_mixin.py:115} INFO - [2022-06-14 18:36:26,574] {dag.py:2371} INFO - Sync 1 DAGs
[2022-06-14 18:36:26,591] {logging_mixin.py:115} INFO - [2022-06-14 18:36:26,591] {dag.py:2915} INFO - Setting next_dagrun for example_task_group_decorator to 2022-06-13T13:06:26.591062+00:00, run_after=2022-06-14T13:06:26.591062+00:00
[2022-06-14 18:36:26,618] {processor.py:161} INFO - Processing /usr/local/lib/python3.10/dist-packages/airflow/example_dags/example_task_group_decorator.py took 0.118 seconds
[2022-06-14 18:37:01,705] {processor.py:153} INFO - Started process (PID=6933) to work on /usr/local/lib/python3.10/dist-packages/airflow/example_dags/example_task_group_decorator.py
[2022-06-14 18:37:01,705] {processor.py:641} INFO - Processing file /usr/local/lib/python3.10/dist-packages/airflow/example_dags/example_task_group_decorator.py for tasks to queue
[2022-06-14 18:37:01,706] {logging_mixin.py:115} INFO - [2022-06-14 18:37:01,706] {dagbag.py:507} INFO - Filling up the DagBag from /usr/local/lib/python3.10/dist-packages/airflow/example_dags/example_task_group_decorator.py
[2022-06-14 18:37:01,732] {processor.py:651} INFO - DAG(s) dict_keys(['example_task_group_decorator']) retrieved from /usr/local/lib/python3.10/dist-packages/airflow/example_dags/example_task_group_decorator.py
[2022-06-14 18:37:01,749] {logging_mixin.py:115} INFO - [2022-06-14 18:37:01,749] {dag.py:2371} INFO - Sync 1 DAGs
[2022-06-14 18:37:01,768] {logging_mixin.py:115} INFO - [2022-06-14 18:37:01,768] {dag.py:2915} INFO - Setting next_dagrun for example_task_group_decorator to 2022-06-13T13:07:01.768342+00:00, run_after=2022-06-14T13:07:01.768342+00:00
[2022-06-14 18:37:01,791] {processor.py:161} INFO - Processing /usr/local/lib/python3.10/dist-packages/airflow/example_dags/example_task_group_decorator.py took 0.089 seconds
[2022-06-14 18:37:35,438] {processor.py:153} INFO - Started process (PID=6976) to work on /usr/local/lib/python3.10/dist-packages/airflow/example_dags/example_task_group_decorator.py
[2022-06-14 18:37:35,439] {processor.py:641} INFO - Processing file /usr/local/lib/python3.10/dist-packages/airflow/example_dags/example_task_group_decorator.py for tasks to queue
[2022-06-14 18:37:35,439] {logging_mixin.py:115} INFO - [2022-06-14 18:37:35,439] {dagbag.py:507} INFO - Filling up the DagBag from /usr/local/lib/python3.10/dist-packages/airflow/example_dags/example_task_group_decorator.py
[2022-06-14 18:37:35,465] {processor.py:651} INFO - DAG(s) dict_keys(['example_task_group_decorator']) retrieved from /usr/local/lib/python3.10/dist-packages/airflow/example_dags/example_task_group_decorator.py
[2022-06-14 18:37:35,510] {logging_mixin.py:115} INFO - [2022-06-14 18:37:35,510] {dag.py:2371} INFO - Sync 1 DAGs
[2022-06-14 18:37:35,528] {logging_mixin.py:115} INFO - [2022-06-14 18:37:35,527] {dag.py:2915} INFO - Setting next_dagrun for example_task_group_decorator to 2022-06-13T13:07:35.527771+00:00, run_after=2022-06-14T13:07:35.527771+00:00
[2022-06-14 18:37:35,548] {processor.py:161} INFO - Processing /usr/local/lib/python3.10/dist-packages/airflow/example_dags/example_task_group_decorator.py took 0.113 seconds
[2022-06-14 18:38:08,329] {processor.py:153} INFO - Started process (PID=7022) to work on /usr/local/lib/python3.10/dist-packages/airflow/example_dags/example_task_group_decorator.py
[2022-06-14 18:38:08,331] {processor.py:641} INFO - Processing file /usr/local/lib/python3.10/dist-packages/airflow/example_dags/example_task_group_decorator.py for tasks to queue
[2022-06-14 18:38:08,332] {logging_mixin.py:115} INFO - [2022-06-14 18:38:08,332] {dagbag.py:507} INFO - Filling up the DagBag from /usr/local/lib/python3.10/dist-packages/airflow/example_dags/example_task_group_decorator.py
[2022-06-14 18:38:08,357] {processor.py:651} INFO - DAG(s) dict_keys(['example_task_group_decorator']) retrieved from /usr/local/lib/python3.10/dist-packages/airflow/example_dags/example_task_group_decorator.py
[2022-06-14 18:38:08,402] {logging_mixin.py:115} INFO - [2022-06-14 18:38:08,402] {dag.py:2371} INFO - Sync 1 DAGs
[2022-06-14 18:38:08,417] {logging_mixin.py:115} INFO - [2022-06-14 18:38:08,417] {dag.py:2915} INFO - Setting next_dagrun for example_task_group_decorator to 2022-06-13T13:08:08.417011+00:00, run_after=2022-06-14T13:08:08.417011+00:00
[2022-06-14 18:38:08,437] {processor.py:161} INFO - Processing /usr/local/lib/python3.10/dist-packages/airflow/example_dags/example_task_group_decorator.py took 0.110 seconds
[2022-06-14 18:38:42,733] {processor.py:153} INFO - Started process (PID=7070) to work on /usr/local/lib/python3.10/dist-packages/airflow/example_dags/example_task_group_decorator.py
[2022-06-14 18:38:42,733] {processor.py:641} INFO - Processing file /usr/local/lib/python3.10/dist-packages/airflow/example_dags/example_task_group_decorator.py for tasks to queue
[2022-06-14 18:38:42,734] {logging_mixin.py:115} INFO - [2022-06-14 18:38:42,734] {dagbag.py:507} INFO - Filling up the DagBag from /usr/local/lib/python3.10/dist-packages/airflow/example_dags/example_task_group_decorator.py
[2022-06-14 18:38:42,760] {processor.py:651} INFO - DAG(s) dict_keys(['example_task_group_decorator']) retrieved from /usr/local/lib/python3.10/dist-packages/airflow/example_dags/example_task_group_decorator.py
[2022-06-14 18:38:42,776] {logging_mixin.py:115} INFO - [2022-06-14 18:38:42,776] {dag.py:2371} INFO - Sync 1 DAGs
[2022-06-14 18:38:42,793] {logging_mixin.py:115} INFO - [2022-06-14 18:38:42,793] {dag.py:2915} INFO - Setting next_dagrun for example_task_group_decorator to 2022-06-13T13:08:42.793379+00:00, run_after=2022-06-14T13:08:42.793379+00:00
[2022-06-14 18:38:42,811] {processor.py:161} INFO - Processing /usr/local/lib/python3.10/dist-packages/airflow/example_dags/example_task_group_decorator.py took 0.081 seconds
[2022-06-14 18:39:13,487] {processor.py:153} INFO - Started process (PID=7119) to work on /usr/local/lib/python3.10/dist-packages/airflow/example_dags/example_task_group_decorator.py
[2022-06-14 18:39:13,488] {processor.py:641} INFO - Processing file /usr/local/lib/python3.10/dist-packages/airflow/example_dags/example_task_group_decorator.py for tasks to queue
[2022-06-14 18:39:13,488] {logging_mixin.py:115} INFO - [2022-06-14 18:39:13,488] {dagbag.py:507} INFO - Filling up the DagBag from /usr/local/lib/python3.10/dist-packages/airflow/example_dags/example_task_group_decorator.py
[2022-06-14 18:39:13,513] {processor.py:651} INFO - DAG(s) dict_keys(['example_task_group_decorator']) retrieved from /usr/local/lib/python3.10/dist-packages/airflow/example_dags/example_task_group_decorator.py
[2022-06-14 18:39:13,530] {logging_mixin.py:115} INFO - [2022-06-14 18:39:13,530] {dag.py:2371} INFO - Sync 1 DAGs
[2022-06-14 18:39:13,547] {logging_mixin.py:115} INFO - [2022-06-14 18:39:13,547] {dag.py:2915} INFO - Setting next_dagrun for example_task_group_decorator to 2022-06-13T13:09:13.546840+00:00, run_after=2022-06-14T13:09:13.546840+00:00
[2022-06-14 18:39:13,565] {processor.py:161} INFO - Processing /usr/local/lib/python3.10/dist-packages/airflow/example_dags/example_task_group_decorator.py took 0.081 seconds
[2022-06-14 18:39:48,472] {processor.py:153} INFO - Started process (PID=7166) to work on /usr/local/lib/python3.10/dist-packages/airflow/example_dags/example_task_group_decorator.py
[2022-06-14 18:39:48,472] {processor.py:641} INFO - Processing file /usr/local/lib/python3.10/dist-packages/airflow/example_dags/example_task_group_decorator.py for tasks to queue
[2022-06-14 18:39:48,473] {logging_mixin.py:115} INFO - [2022-06-14 18:39:48,473] {dagbag.py:507} INFO - Filling up the DagBag from /usr/local/lib/python3.10/dist-packages/airflow/example_dags/example_task_group_decorator.py
[2022-06-14 18:39:48,498] {processor.py:651} INFO - DAG(s) dict_keys(['example_task_group_decorator']) retrieved from /usr/local/lib/python3.10/dist-packages/airflow/example_dags/example_task_group_decorator.py
[2022-06-14 18:39:48,541] {logging_mixin.py:115} INFO - [2022-06-14 18:39:48,540] {dag.py:2371} INFO - Sync 1 DAGs
[2022-06-14 18:39:48,555] {logging_mixin.py:115} INFO - [2022-06-14 18:39:48,555] {dag.py:2915} INFO - Setting next_dagrun for example_task_group_decorator to 2022-06-13T13:09:48.555260+00:00, run_after=2022-06-14T13:09:48.555260+00:00
[2022-06-14 18:39:48,593] {processor.py:161} INFO - Processing /usr/local/lib/python3.10/dist-packages/airflow/example_dags/example_task_group_decorator.py took 0.124 seconds
[2022-06-14 18:40:21,303] {processor.py:153} INFO - Started process (PID=7220) to work on /usr/local/lib/python3.10/dist-packages/airflow/example_dags/example_task_group_decorator.py
[2022-06-14 18:40:21,303] {processor.py:641} INFO - Processing file /usr/local/lib/python3.10/dist-packages/airflow/example_dags/example_task_group_decorator.py for tasks to queue
[2022-06-14 18:40:21,304] {logging_mixin.py:115} INFO - [2022-06-14 18:40:21,303] {dagbag.py:507} INFO - Filling up the DagBag from /usr/local/lib/python3.10/dist-packages/airflow/example_dags/example_task_group_decorator.py
[2022-06-14 18:40:21,329] {processor.py:651} INFO - DAG(s) dict_keys(['example_task_group_decorator']) retrieved from /usr/local/lib/python3.10/dist-packages/airflow/example_dags/example_task_group_decorator.py
[2022-06-14 18:40:21,377] {logging_mixin.py:115} INFO - [2022-06-14 18:40:21,377] {dag.py:2371} INFO - Sync 1 DAGs
[2022-06-14 18:40:21,392] {logging_mixin.py:115} INFO - [2022-06-14 18:40:21,392] {dag.py:2915} INFO - Setting next_dagrun for example_task_group_decorator to 2022-06-13T13:10:21.391850+00:00, run_after=2022-06-14T13:10:21.391850+00:00
[2022-06-14 18:40:21,417] {processor.py:161} INFO - Processing /usr/local/lib/python3.10/dist-packages/airflow/example_dags/example_task_group_decorator.py took 0.117 seconds
[2022-06-14 18:40:54,815] {processor.py:153} INFO - Started process (PID=7265) to work on /usr/local/lib/python3.10/dist-packages/airflow/example_dags/example_task_group_decorator.py
[2022-06-14 18:40:54,815] {processor.py:641} INFO - Processing file /usr/local/lib/python3.10/dist-packages/airflow/example_dags/example_task_group_decorator.py for tasks to queue
[2022-06-14 18:40:54,816] {logging_mixin.py:115} INFO - [2022-06-14 18:40:54,816] {dagbag.py:507} INFO - Filling up the DagBag from /usr/local/lib/python3.10/dist-packages/airflow/example_dags/example_task_group_decorator.py
[2022-06-14 18:40:54,842] {processor.py:651} INFO - DAG(s) dict_keys(['example_task_group_decorator']) retrieved from /usr/local/lib/python3.10/dist-packages/airflow/example_dags/example_task_group_decorator.py
[2022-06-14 18:40:54,858] {logging_mixin.py:115} INFO - [2022-06-14 18:40:54,858] {dag.py:2371} INFO - Sync 1 DAGs
[2022-06-14 18:40:54,874] {logging_mixin.py:115} INFO - [2022-06-14 18:40:54,874] {dag.py:2915} INFO - Setting next_dagrun for example_task_group_decorator to 2022-06-13T13:10:54.874390+00:00, run_after=2022-06-14T13:10:54.874390+00:00
[2022-06-14 18:40:54,900] {processor.py:161} INFO - Processing /usr/local/lib/python3.10/dist-packages/airflow/example_dags/example_task_group_decorator.py took 0.088 seconds
[2022-06-14 18:41:29,776] {processor.py:153} INFO - Started process (PID=7332) to work on /usr/local/lib/python3.10/dist-packages/airflow/example_dags/example_task_group_decorator.py
[2022-06-14 18:41:29,777] {processor.py:641} INFO - Processing file /usr/local/lib/python3.10/dist-packages/airflow/example_dags/example_task_group_decorator.py for tasks to queue
[2022-06-14 18:41:29,778] {logging_mixin.py:115} INFO - [2022-06-14 18:41:29,778] {dagbag.py:507} INFO - Filling up the DagBag from /usr/local/lib/python3.10/dist-packages/airflow/example_dags/example_task_group_decorator.py
[2022-06-14 18:41:29,832] {processor.py:651} INFO - DAG(s) dict_keys(['example_task_group_decorator']) retrieved from /usr/local/lib/python3.10/dist-packages/airflow/example_dags/example_task_group_decorator.py
[2022-06-14 18:41:29,905] {logging_mixin.py:115} INFO - [2022-06-14 18:41:29,905] {dag.py:2371} INFO - Sync 1 DAGs
[2022-06-14 18:41:29,927] {logging_mixin.py:115} INFO - [2022-06-14 18:41:29,927] {dag.py:2915} INFO - Setting next_dagrun for example_task_group_decorator to 2022-06-13T13:11:29.927191+00:00, run_after=2022-06-14T13:11:29.927191+00:00
[2022-06-14 18:41:29,966] {processor.py:161} INFO - Processing /usr/local/lib/python3.10/dist-packages/airflow/example_dags/example_task_group_decorator.py took 0.195 seconds
[2022-06-14 18:42:08,152] {processor.py:153} INFO - Started process (PID=7382) to work on /usr/local/lib/python3.10/dist-packages/airflow/example_dags/example_task_group_decorator.py
[2022-06-14 18:42:08,153] {processor.py:641} INFO - Processing file /usr/local/lib/python3.10/dist-packages/airflow/example_dags/example_task_group_decorator.py for tasks to queue
[2022-06-14 18:42:08,154] {logging_mixin.py:115} INFO - [2022-06-14 18:42:08,153] {dagbag.py:507} INFO - Filling up the DagBag from /usr/local/lib/python3.10/dist-packages/airflow/example_dags/example_task_group_decorator.py
[2022-06-14 18:42:08,180] {processor.py:651} INFO - DAG(s) dict_keys(['example_task_group_decorator']) retrieved from /usr/local/lib/python3.10/dist-packages/airflow/example_dags/example_task_group_decorator.py
[2022-06-14 18:42:08,226] {logging_mixin.py:115} INFO - [2022-06-14 18:42:08,225] {dag.py:2371} INFO - Sync 1 DAGs
[2022-06-14 18:42:08,241] {logging_mixin.py:115} INFO - [2022-06-14 18:42:08,241] {dag.py:2915} INFO - Setting next_dagrun for example_task_group_decorator to 2022-06-13T13:12:08.241133+00:00, run_after=2022-06-14T13:12:08.241133+00:00
[2022-06-14 18:42:08,262] {processor.py:161} INFO - Processing /usr/local/lib/python3.10/dist-packages/airflow/example_dags/example_task_group_decorator.py took 0.112 seconds
[2022-06-14 18:42:40,922] {processor.py:153} INFO - Started process (PID=7518) to work on /usr/local/lib/python3.10/dist-packages/airflow/example_dags/example_task_group_decorator.py
[2022-06-14 18:42:40,923] {processor.py:641} INFO - Processing file /usr/local/lib/python3.10/dist-packages/airflow/example_dags/example_task_group_decorator.py for tasks to queue
[2022-06-14 18:42:40,924] {logging_mixin.py:115} INFO - [2022-06-14 18:42:40,924] {dagbag.py:507} INFO - Filling up the DagBag from /usr/local/lib/python3.10/dist-packages/airflow/example_dags/example_task_group_decorator.py
[2022-06-14 18:42:40,964] {processor.py:651} INFO - DAG(s) dict_keys(['example_task_group_decorator']) retrieved from /usr/local/lib/python3.10/dist-packages/airflow/example_dags/example_task_group_decorator.py
[2022-06-14 18:42:40,984] {logging_mixin.py:115} INFO - [2022-06-14 18:42:40,984] {dag.py:2371} INFO - Sync 1 DAGs
[2022-06-14 18:42:41,007] {logging_mixin.py:115} INFO - [2022-06-14 18:42:41,007] {dag.py:2915} INFO - Setting next_dagrun for example_task_group_decorator to 2022-06-13T13:12:41.007310+00:00, run_after=2022-06-14T13:12:41.007310+00:00
[2022-06-14 18:42:41,030] {processor.py:161} INFO - Processing /usr/local/lib/python3.10/dist-packages/airflow/example_dags/example_task_group_decorator.py took 0.112 seconds
[2022-06-14 18:43:15,391] {processor.py:153} INFO - Started process (PID=7565) to work on /usr/local/lib/python3.10/dist-packages/airflow/example_dags/example_task_group_decorator.py
[2022-06-14 18:43:15,392] {processor.py:641} INFO - Processing file /usr/local/lib/python3.10/dist-packages/airflow/example_dags/example_task_group_decorator.py for tasks to queue
[2022-06-14 18:43:15,392] {logging_mixin.py:115} INFO - [2022-06-14 18:43:15,392] {dagbag.py:507} INFO - Filling up the DagBag from /usr/local/lib/python3.10/dist-packages/airflow/example_dags/example_task_group_decorator.py
[2022-06-14 18:43:15,417] {processor.py:651} INFO - DAG(s) dict_keys(['example_task_group_decorator']) retrieved from /usr/local/lib/python3.10/dist-packages/airflow/example_dags/example_task_group_decorator.py
[2022-06-14 18:43:15,466] {logging_mixin.py:115} INFO - [2022-06-14 18:43:15,466] {dag.py:2371} INFO - Sync 1 DAGs
[2022-06-14 18:43:15,484] {logging_mixin.py:115} INFO - [2022-06-14 18:43:15,484] {dag.py:2915} INFO - Setting next_dagrun for example_task_group_decorator to 2022-06-13T13:13:15.484313+00:00, run_after=2022-06-14T13:13:15.484313+00:00
[2022-06-14 18:43:15,504] {processor.py:161} INFO - Processing /usr/local/lib/python3.10/dist-packages/airflow/example_dags/example_task_group_decorator.py took 0.115 seconds
[2022-06-14 18:43:53,324] {processor.py:153} INFO - Started process (PID=7611) to work on /usr/local/lib/python3.10/dist-packages/airflow/example_dags/example_task_group_decorator.py
[2022-06-14 18:43:53,324] {processor.py:641} INFO - Processing file /usr/local/lib/python3.10/dist-packages/airflow/example_dags/example_task_group_decorator.py for tasks to queue
[2022-06-14 18:43:53,325] {logging_mixin.py:115} INFO - [2022-06-14 18:43:53,325] {dagbag.py:507} INFO - Filling up the DagBag from /usr/local/lib/python3.10/dist-packages/airflow/example_dags/example_task_group_decorator.py
[2022-06-14 18:43:53,351] {processor.py:651} INFO - DAG(s) dict_keys(['example_task_group_decorator']) retrieved from /usr/local/lib/python3.10/dist-packages/airflow/example_dags/example_task_group_decorator.py
[2022-06-14 18:43:53,369] {logging_mixin.py:115} INFO - [2022-06-14 18:43:53,368] {dag.py:2371} INFO - Sync 1 DAGs
[2022-06-14 18:43:53,386] {logging_mixin.py:115} INFO - [2022-06-14 18:43:53,386] {dag.py:2915} INFO - Setting next_dagrun for example_task_group_decorator to 2022-06-13T13:13:53.386344+00:00, run_after=2022-06-14T13:13:53.386344+00:00
[2022-06-14 18:43:53,405] {processor.py:161} INFO - Processing /usr/local/lib/python3.10/dist-packages/airflow/example_dags/example_task_group_decorator.py took 0.084 seconds
[2022-06-14 18:44:26,529] {processor.py:153} INFO - Started process (PID=7682) to work on /usr/local/lib/python3.10/dist-packages/airflow/example_dags/example_task_group_decorator.py
[2022-06-14 18:44:26,529] {processor.py:641} INFO - Processing file /usr/local/lib/python3.10/dist-packages/airflow/example_dags/example_task_group_decorator.py for tasks to queue
[2022-06-14 18:44:26,530] {logging_mixin.py:115} INFO - [2022-06-14 18:44:26,530] {dagbag.py:507} INFO - Filling up the DagBag from /usr/local/lib/python3.10/dist-packages/airflow/example_dags/example_task_group_decorator.py
[2022-06-14 18:44:26,555] {processor.py:651} INFO - DAG(s) dict_keys(['example_task_group_decorator']) retrieved from /usr/local/lib/python3.10/dist-packages/airflow/example_dags/example_task_group_decorator.py
[2022-06-14 18:44:26,572] {logging_mixin.py:115} INFO - [2022-06-14 18:44:26,572] {dag.py:2371} INFO - Sync 1 DAGs
[2022-06-14 18:44:26,589] {logging_mixin.py:115} INFO - [2022-06-14 18:44:26,589] {dag.py:2915} INFO - Setting next_dagrun for example_task_group_decorator to 2022-06-13T13:14:26.589339+00:00, run_after=2022-06-14T13:14:26.589339+00:00
[2022-06-14 18:44:26,607] {processor.py:161} INFO - Processing /usr/local/lib/python3.10/dist-packages/airflow/example_dags/example_task_group_decorator.py took 0.081 seconds
[2022-06-14 18:45:01,535] {processor.py:153} INFO - Started process (PID=7743) to work on /usr/local/lib/python3.10/dist-packages/airflow/example_dags/example_task_group_decorator.py
[2022-06-14 18:45:01,536] {processor.py:641} INFO - Processing file /usr/local/lib/python3.10/dist-packages/airflow/example_dags/example_task_group_decorator.py for tasks to queue
[2022-06-14 18:45:01,536] {logging_mixin.py:115} INFO - [2022-06-14 18:45:01,536] {dagbag.py:507} INFO - Filling up the DagBag from /usr/local/lib/python3.10/dist-packages/airflow/example_dags/example_task_group_decorator.py
[2022-06-14 18:45:01,565] {processor.py:651} INFO - DAG(s) dict_keys(['example_task_group_decorator']) retrieved from /usr/local/lib/python3.10/dist-packages/airflow/example_dags/example_task_group_decorator.py
[2022-06-14 18:45:01,585] {logging_mixin.py:115} INFO - [2022-06-14 18:45:01,585] {dag.py:2371} INFO - Sync 1 DAGs
[2022-06-14 18:45:01,603] {logging_mixin.py:115} INFO - [2022-06-14 18:45:01,603] {dag.py:2915} INFO - Setting next_dagrun for example_task_group_decorator to 2022-06-13T13:15:01.603349+00:00, run_after=2022-06-14T13:15:01.603349+00:00
[2022-06-14 18:45:01,622] {processor.py:161} INFO - Processing /usr/local/lib/python3.10/dist-packages/airflow/example_dags/example_task_group_decorator.py took 0.090 seconds
[2022-06-14 18:45:38,753] {processor.py:153} INFO - Started process (PID=7854) to work on /usr/local/lib/python3.10/dist-packages/airflow/example_dags/example_task_group_decorator.py
[2022-06-14 18:45:38,754] {processor.py:641} INFO - Processing file /usr/local/lib/python3.10/dist-packages/airflow/example_dags/example_task_group_decorator.py for tasks to queue
[2022-06-14 18:45:38,754] {logging_mixin.py:115} INFO - [2022-06-14 18:45:38,754] {dagbag.py:507} INFO - Filling up the DagBag from /usr/local/lib/python3.10/dist-packages/airflow/example_dags/example_task_group_decorator.py
[2022-06-14 18:45:38,787] {processor.py:651} INFO - DAG(s) dict_keys(['example_task_group_decorator']) retrieved from /usr/local/lib/python3.10/dist-packages/airflow/example_dags/example_task_group_decorator.py
[2022-06-14 18:45:38,812] {logging_mixin.py:115} INFO - [2022-06-14 18:45:38,812] {dag.py:2371} INFO - Sync 1 DAGs
[2022-06-14 18:45:38,831] {logging_mixin.py:115} INFO - [2022-06-14 18:45:38,831] {dag.py:2915} INFO - Setting next_dagrun for example_task_group_decorator to 2022-06-13T13:15:38.831540+00:00, run_after=2022-06-14T13:15:38.831540+00:00
[2022-06-14 18:45:38,853] {processor.py:161} INFO - Processing /usr/local/lib/python3.10/dist-packages/airflow/example_dags/example_task_group_decorator.py took 0.102 seconds
[2022-06-14 18:46:13,828] {processor.py:153} INFO - Started process (PID=7931) to work on /usr/local/lib/python3.10/dist-packages/airflow/example_dags/example_task_group_decorator.py
[2022-06-14 18:46:13,829] {processor.py:641} INFO - Processing file /usr/local/lib/python3.10/dist-packages/airflow/example_dags/example_task_group_decorator.py for tasks to queue
[2022-06-14 18:46:13,829] {logging_mixin.py:115} INFO - [2022-06-14 18:46:13,829] {dagbag.py:507} INFO - Filling up the DagBag from /usr/local/lib/python3.10/dist-packages/airflow/example_dags/example_task_group_decorator.py
[2022-06-14 18:46:13,863] {processor.py:651} INFO - DAG(s) dict_keys(['example_task_group_decorator']) retrieved from /usr/local/lib/python3.10/dist-packages/airflow/example_dags/example_task_group_decorator.py
[2022-06-14 18:46:13,882] {logging_mixin.py:115} INFO - [2022-06-14 18:46:13,882] {dag.py:2371} INFO - Sync 1 DAGs
[2022-06-14 18:46:13,906] {logging_mixin.py:115} INFO - [2022-06-14 18:46:13,906] {dag.py:2915} INFO - Setting next_dagrun for example_task_group_decorator to 2022-06-13T13:16:13.906119+00:00, run_after=2022-06-14T13:16:13.906119+00:00
[2022-06-14 18:46:13,931] {processor.py:161} INFO - Processing /usr/local/lib/python3.10/dist-packages/airflow/example_dags/example_task_group_decorator.py took 0.106 seconds
[2022-06-14 18:46:47,012] {processor.py:153} INFO - Started process (PID=7998) to work on /usr/local/lib/python3.10/dist-packages/airflow/example_dags/example_task_group_decorator.py
[2022-06-14 18:46:47,013] {processor.py:641} INFO - Processing file /usr/local/lib/python3.10/dist-packages/airflow/example_dags/example_task_group_decorator.py for tasks to queue
[2022-06-14 18:46:47,014] {logging_mixin.py:115} INFO - [2022-06-14 18:46:47,014] {dagbag.py:507} INFO - Filling up the DagBag from /usr/local/lib/python3.10/dist-packages/airflow/example_dags/example_task_group_decorator.py
[2022-06-14 18:46:47,041] {processor.py:651} INFO - DAG(s) dict_keys(['example_task_group_decorator']) retrieved from /usr/local/lib/python3.10/dist-packages/airflow/example_dags/example_task_group_decorator.py
[2022-06-14 18:46:47,058] {logging_mixin.py:115} INFO - [2022-06-14 18:46:47,058] {dag.py:2371} INFO - Sync 1 DAGs
[2022-06-14 18:46:47,075] {logging_mixin.py:115} INFO - [2022-06-14 18:46:47,075] {dag.py:2915} INFO - Setting next_dagrun for example_task_group_decorator to 2022-06-13T13:16:47.075629+00:00, run_after=2022-06-14T13:16:47.075629+00:00
[2022-06-14 18:46:47,095] {processor.py:161} INFO - Processing /usr/local/lib/python3.10/dist-packages/airflow/example_dags/example_task_group_decorator.py took 0.086 seconds
[2022-06-14 18:47:20,129] {processor.py:153} INFO - Started process (PID=8049) to work on /usr/local/lib/python3.10/dist-packages/airflow/example_dags/example_task_group_decorator.py
[2022-06-14 18:47:20,130] {processor.py:641} INFO - Processing file /usr/local/lib/python3.10/dist-packages/airflow/example_dags/example_task_group_decorator.py for tasks to queue
[2022-06-14 18:47:20,131] {logging_mixin.py:115} INFO - [2022-06-14 18:47:20,131] {dagbag.py:507} INFO - Filling up the DagBag from /usr/local/lib/python3.10/dist-packages/airflow/example_dags/example_task_group_decorator.py
[2022-06-14 18:47:20,163] {processor.py:651} INFO - DAG(s) dict_keys(['example_task_group_decorator']) retrieved from /usr/local/lib/python3.10/dist-packages/airflow/example_dags/example_task_group_decorator.py
[2022-06-14 18:47:20,185] {logging_mixin.py:115} INFO - [2022-06-14 18:47:20,185] {dag.py:2371} INFO - Sync 1 DAGs
[2022-06-14 18:47:20,209] {logging_mixin.py:115} INFO - [2022-06-14 18:47:20,208] {dag.py:2915} INFO - Setting next_dagrun for example_task_group_decorator to 2022-06-13T13:17:20.208595+00:00, run_after=2022-06-14T13:17:20.208595+00:00
[2022-06-14 18:47:20,231] {processor.py:161} INFO - Processing /usr/local/lib/python3.10/dist-packages/airflow/example_dags/example_task_group_decorator.py took 0.106 seconds
[2022-06-14 18:47:55,033] {processor.py:153} INFO - Started process (PID=8112) to work on /usr/local/lib/python3.10/dist-packages/airflow/example_dags/example_task_group_decorator.py
[2022-06-14 18:47:55,034] {processor.py:641} INFO - Processing file /usr/local/lib/python3.10/dist-packages/airflow/example_dags/example_task_group_decorator.py for tasks to queue
[2022-06-14 18:47:55,034] {logging_mixin.py:115} INFO - [2022-06-14 18:47:55,034] {dagbag.py:507} INFO - Filling up the DagBag from /usr/local/lib/python3.10/dist-packages/airflow/example_dags/example_task_group_decorator.py
[2022-06-14 18:47:55,060] {processor.py:651} INFO - DAG(s) dict_keys(['example_task_group_decorator']) retrieved from /usr/local/lib/python3.10/dist-packages/airflow/example_dags/example_task_group_decorator.py
[2022-06-14 18:47:55,106] {logging_mixin.py:115} INFO - [2022-06-14 18:47:55,106] {dag.py:2371} INFO - Sync 1 DAGs
[2022-06-14 18:47:55,126] {logging_mixin.py:115} INFO - [2022-06-14 18:47:55,126] {dag.py:2915} INFO - Setting next_dagrun for example_task_group_decorator to 2022-06-13T13:17:55.125825+00:00, run_after=2022-06-14T13:17:55.125825+00:00
[2022-06-14 18:47:55,147] {processor.py:161} INFO - Processing /usr/local/lib/python3.10/dist-packages/airflow/example_dags/example_task_group_decorator.py took 0.116 seconds
[2022-06-14 18:48:35,100] {processor.py:153} INFO - Started process (PID=8172) to work on /usr/local/lib/python3.10/dist-packages/airflow/example_dags/example_task_group_decorator.py
[2022-06-14 18:48:35,100] {processor.py:641} INFO - Processing file /usr/local/lib/python3.10/dist-packages/airflow/example_dags/example_task_group_decorator.py for tasks to queue
[2022-06-14 18:48:35,101] {logging_mixin.py:115} INFO - [2022-06-14 18:48:35,101] {dagbag.py:507} INFO - Filling up the DagBag from /usr/local/lib/python3.10/dist-packages/airflow/example_dags/example_task_group_decorator.py
[2022-06-14 18:48:35,127] {processor.py:651} INFO - DAG(s) dict_keys(['example_task_group_decorator']) retrieved from /usr/local/lib/python3.10/dist-packages/airflow/example_dags/example_task_group_decorator.py
[2022-06-14 18:48:35,175] {logging_mixin.py:115} INFO - [2022-06-14 18:48:35,175] {dag.py:2371} INFO - Sync 1 DAGs
[2022-06-14 18:48:35,191] {logging_mixin.py:115} INFO - [2022-06-14 18:48:35,190] {dag.py:2915} INFO - Setting next_dagrun for example_task_group_decorator to 2022-06-13T13:18:35.190659+00:00, run_after=2022-06-14T13:18:35.190659+00:00
[2022-06-14 18:48:35,212] {processor.py:161} INFO - Processing /usr/local/lib/python3.10/dist-packages/airflow/example_dags/example_task_group_decorator.py took 0.115 seconds
[2022-06-14 18:49:09,062] {processor.py:153} INFO - Started process (PID=8248) to work on /usr/local/lib/python3.10/dist-packages/airflow/example_dags/example_task_group_decorator.py
[2022-06-14 18:49:09,063] {processor.py:641} INFO - Processing file /usr/local/lib/python3.10/dist-packages/airflow/example_dags/example_task_group_decorator.py for tasks to queue
[2022-06-14 18:49:09,063] {logging_mixin.py:115} INFO - [2022-06-14 18:49:09,063] {dagbag.py:507} INFO - Filling up the DagBag from /usr/local/lib/python3.10/dist-packages/airflow/example_dags/example_task_group_decorator.py
[2022-06-14 18:49:09,090] {processor.py:651} INFO - DAG(s) dict_keys(['example_task_group_decorator']) retrieved from /usr/local/lib/python3.10/dist-packages/airflow/example_dags/example_task_group_decorator.py
[2022-06-14 18:49:09,136] {logging_mixin.py:115} INFO - [2022-06-14 18:49:09,136] {dag.py:2371} INFO - Sync 1 DAGs
[2022-06-14 18:49:09,152] {logging_mixin.py:115} INFO - [2022-06-14 18:49:09,152] {dag.py:2915} INFO - Setting next_dagrun for example_task_group_decorator to 2022-06-13T13:19:09.152056+00:00, run_after=2022-06-14T13:19:09.152056+00:00
[2022-06-14 18:49:09,173] {processor.py:161} INFO - Processing /usr/local/lib/python3.10/dist-packages/airflow/example_dags/example_task_group_decorator.py took 0.114 seconds
[2022-06-14 18:49:44,088] {processor.py:153} INFO - Started process (PID=8293) to work on /usr/local/lib/python3.10/dist-packages/airflow/example_dags/example_task_group_decorator.py
[2022-06-14 18:49:44,089] {processor.py:641} INFO - Processing file /usr/local/lib/python3.10/dist-packages/airflow/example_dags/example_task_group_decorator.py for tasks to queue
[2022-06-14 18:49:44,089] {logging_mixin.py:115} INFO - [2022-06-14 18:49:44,089] {dagbag.py:507} INFO - Filling up the DagBag from /usr/local/lib/python3.10/dist-packages/airflow/example_dags/example_task_group_decorator.py
[2022-06-14 18:49:44,116] {processor.py:651} INFO - DAG(s) dict_keys(['example_task_group_decorator']) retrieved from /usr/local/lib/python3.10/dist-packages/airflow/example_dags/example_task_group_decorator.py
[2022-06-14 18:49:44,163] {logging_mixin.py:115} INFO - [2022-06-14 18:49:44,163] {dag.py:2371} INFO - Sync 1 DAGs
[2022-06-14 18:49:44,179] {logging_mixin.py:115} INFO - [2022-06-14 18:49:44,178] {dag.py:2915} INFO - Setting next_dagrun for example_task_group_decorator to 2022-06-13T13:19:44.178754+00:00, run_after=2022-06-14T13:19:44.178754+00:00
[2022-06-14 18:49:44,199] {processor.py:161} INFO - Processing /usr/local/lib/python3.10/dist-packages/airflow/example_dags/example_task_group_decorator.py took 0.113 seconds
[2022-06-14 18:50:17,458] {processor.py:153} INFO - Started process (PID=8360) to work on /usr/local/lib/python3.10/dist-packages/airflow/example_dags/example_task_group_decorator.py
[2022-06-14 18:50:17,459] {processor.py:641} INFO - Processing file /usr/local/lib/python3.10/dist-packages/airflow/example_dags/example_task_group_decorator.py for tasks to queue
[2022-06-14 18:50:17,459] {logging_mixin.py:115} INFO - [2022-06-14 18:50:17,459] {dagbag.py:507} INFO - Filling up the DagBag from /usr/local/lib/python3.10/dist-packages/airflow/example_dags/example_task_group_decorator.py
[2022-06-14 18:50:17,484] {processor.py:651} INFO - DAG(s) dict_keys(['example_task_group_decorator']) retrieved from /usr/local/lib/python3.10/dist-packages/airflow/example_dags/example_task_group_decorator.py
[2022-06-14 18:50:17,531] {logging_mixin.py:115} INFO - [2022-06-14 18:50:17,531] {dag.py:2371} INFO - Sync 1 DAGs
[2022-06-14 18:50:17,546] {logging_mixin.py:115} INFO - [2022-06-14 18:50:17,546] {dag.py:2915} INFO - Setting next_dagrun for example_task_group_decorator to 2022-06-13T13:20:17.546222+00:00, run_after=2022-06-14T13:20:17.546222+00:00
[2022-06-14 18:50:17,567] {processor.py:161} INFO - Processing /usr/local/lib/python3.10/dist-packages/airflow/example_dags/example_task_group_decorator.py took 0.112 seconds
[2022-06-14 18:50:52,876] {processor.py:153} INFO - Started process (PID=8435) to work on /usr/local/lib/python3.10/dist-packages/airflow/example_dags/example_task_group_decorator.py
[2022-06-14 18:50:52,877] {processor.py:641} INFO - Processing file /usr/local/lib/python3.10/dist-packages/airflow/example_dags/example_task_group_decorator.py for tasks to queue
[2022-06-14 18:50:52,877] {logging_mixin.py:115} INFO - [2022-06-14 18:50:52,877] {dagbag.py:507} INFO - Filling up the DagBag from /usr/local/lib/python3.10/dist-packages/airflow/example_dags/example_task_group_decorator.py
[2022-06-14 18:50:52,906] {processor.py:651} INFO - DAG(s) dict_keys(['example_task_group_decorator']) retrieved from /usr/local/lib/python3.10/dist-packages/airflow/example_dags/example_task_group_decorator.py
[2022-06-14 18:50:52,921] {logging_mixin.py:115} INFO - [2022-06-14 18:50:52,921] {dag.py:2371} INFO - Sync 1 DAGs
[2022-06-14 18:50:52,937] {logging_mixin.py:115} INFO - [2022-06-14 18:50:52,937] {dag.py:2915} INFO - Setting next_dagrun for example_task_group_decorator to 2022-06-13T13:20:52.936859+00:00, run_after=2022-06-14T13:20:52.936859+00:00
[2022-06-14 18:50:52,955] {processor.py:161} INFO - Processing /usr/local/lib/python3.10/dist-packages/airflow/example_dags/example_task_group_decorator.py took 0.082 seconds
[2022-06-14 18:51:25,825] {processor.py:153} INFO - Started process (PID=8497) to work on /usr/local/lib/python3.10/dist-packages/airflow/example_dags/example_task_group_decorator.py
[2022-06-14 18:51:25,826] {processor.py:641} INFO - Processing file /usr/local/lib/python3.10/dist-packages/airflow/example_dags/example_task_group_decorator.py for tasks to queue
[2022-06-14 18:51:25,827] {logging_mixin.py:115} INFO - [2022-06-14 18:51:25,827] {dagbag.py:507} INFO - Filling up the DagBag from /usr/local/lib/python3.10/dist-packages/airflow/example_dags/example_task_group_decorator.py
[2022-06-14 18:51:25,867] {processor.py:651} INFO - DAG(s) dict_keys(['example_task_group_decorator']) retrieved from /usr/local/lib/python3.10/dist-packages/airflow/example_dags/example_task_group_decorator.py
[2022-06-14 18:51:25,892] {logging_mixin.py:115} INFO - [2022-06-14 18:51:25,892] {dag.py:2371} INFO - Sync 1 DAGs
[2022-06-14 18:51:25,916] {logging_mixin.py:115} INFO - [2022-06-14 18:51:25,916] {dag.py:2915} INFO - Setting next_dagrun for example_task_group_decorator to 2022-06-13T13:21:25.916132+00:00, run_after=2022-06-14T13:21:25.916132+00:00
[2022-06-14 18:51:25,935] {processor.py:161} INFO - Processing /usr/local/lib/python3.10/dist-packages/airflow/example_dags/example_task_group_decorator.py took 0.114 seconds
[2022-06-14 18:52:00,656] {processor.py:153} INFO - Started process (PID=8546) to work on /usr/local/lib/python3.10/dist-packages/airflow/example_dags/example_task_group_decorator.py
[2022-06-14 18:52:00,657] {processor.py:641} INFO - Processing file /usr/local/lib/python3.10/dist-packages/airflow/example_dags/example_task_group_decorator.py for tasks to queue
[2022-06-14 18:52:00,657] {logging_mixin.py:115} INFO - [2022-06-14 18:52:00,657] {dagbag.py:507} INFO - Filling up the DagBag from /usr/local/lib/python3.10/dist-packages/airflow/example_dags/example_task_group_decorator.py
[2022-06-14 18:52:00,686] {processor.py:651} INFO - DAG(s) dict_keys(['example_task_group_decorator']) retrieved from /usr/local/lib/python3.10/dist-packages/airflow/example_dags/example_task_group_decorator.py
[2022-06-14 18:52:00,701] {logging_mixin.py:115} INFO - [2022-06-14 18:52:00,701] {dag.py:2371} INFO - Sync 1 DAGs
[2022-06-14 18:52:00,716] {logging_mixin.py:115} INFO - [2022-06-14 18:52:00,716] {dag.py:2915} INFO - Setting next_dagrun for example_task_group_decorator to 2022-06-13T13:22:00.716479+00:00, run_after=2022-06-14T13:22:00.716479+00:00
[2022-06-14 18:52:00,736] {processor.py:161} INFO - Processing /usr/local/lib/python3.10/dist-packages/airflow/example_dags/example_task_group_decorator.py took 0.083 seconds
[2022-06-14 18:52:37,891] {processor.py:153} INFO - Started process (PID=8606) to work on /usr/local/lib/python3.10/dist-packages/airflow/example_dags/example_task_group_decorator.py
[2022-06-14 18:52:37,892] {processor.py:641} INFO - Processing file /usr/local/lib/python3.10/dist-packages/airflow/example_dags/example_task_group_decorator.py for tasks to queue
[2022-06-14 18:52:37,893] {logging_mixin.py:115} INFO - [2022-06-14 18:52:37,893] {dagbag.py:507} INFO - Filling up the DagBag from /usr/local/lib/python3.10/dist-packages/airflow/example_dags/example_task_group_decorator.py
[2022-06-14 18:52:37,922] {processor.py:651} INFO - DAG(s) dict_keys(['example_task_group_decorator']) retrieved from /usr/local/lib/python3.10/dist-packages/airflow/example_dags/example_task_group_decorator.py
[2022-06-14 18:52:37,937] {logging_mixin.py:115} INFO - [2022-06-14 18:52:37,937] {dag.py:2371} INFO - Sync 1 DAGs
[2022-06-14 18:52:37,953] {logging_mixin.py:115} INFO - [2022-06-14 18:52:37,952] {dag.py:2915} INFO - Setting next_dagrun for example_task_group_decorator to 2022-06-13T13:22:37.952733+00:00, run_after=2022-06-14T13:22:37.952733+00:00
[2022-06-14 18:52:37,970] {processor.py:161} INFO - Processing /usr/local/lib/python3.10/dist-packages/airflow/example_dags/example_task_group_decorator.py took 0.082 seconds
[2022-06-14 18:53:16,864] {processor.py:153} INFO - Started process (PID=8688) to work on /usr/local/lib/python3.10/dist-packages/airflow/example_dags/example_task_group_decorator.py
[2022-06-14 18:53:16,865] {processor.py:641} INFO - Processing file /usr/local/lib/python3.10/dist-packages/airflow/example_dags/example_task_group_decorator.py for tasks to queue
[2022-06-14 18:53:16,866] {logging_mixin.py:115} INFO - [2022-06-14 18:53:16,865] {dagbag.py:507} INFO - Filling up the DagBag from /usr/local/lib/python3.10/dist-packages/airflow/example_dags/example_task_group_decorator.py
[2022-06-14 18:53:16,893] {processor.py:651} INFO - DAG(s) dict_keys(['example_task_group_decorator']) retrieved from /usr/local/lib/python3.10/dist-packages/airflow/example_dags/example_task_group_decorator.py
[2022-06-14 18:53:16,935] {logging_mixin.py:115} INFO - [2022-06-14 18:53:16,935] {dag.py:2371} INFO - Sync 1 DAGs
[2022-06-14 18:53:16,950] {logging_mixin.py:115} INFO - [2022-06-14 18:53:16,949] {dag.py:2915} INFO - Setting next_dagrun for example_task_group_decorator to 2022-06-13T13:23:16.949769+00:00, run_after=2022-06-14T13:23:16.949769+00:00
[2022-06-14 18:53:16,970] {processor.py:161} INFO - Processing /usr/local/lib/python3.10/dist-packages/airflow/example_dags/example_task_group_decorator.py took 0.108 seconds
[2022-06-14 18:53:52,805] {processor.py:153} INFO - Started process (PID=8740) to work on /usr/local/lib/python3.10/dist-packages/airflow/example_dags/example_task_group_decorator.py
[2022-06-14 18:53:52,805] {processor.py:641} INFO - Processing file /usr/local/lib/python3.10/dist-packages/airflow/example_dags/example_task_group_decorator.py for tasks to queue
[2022-06-14 18:53:52,806] {logging_mixin.py:115} INFO - [2022-06-14 18:53:52,806] {dagbag.py:507} INFO - Filling up the DagBag from /usr/local/lib/python3.10/dist-packages/airflow/example_dags/example_task_group_decorator.py
[2022-06-14 18:53:52,834] {processor.py:651} INFO - DAG(s) dict_keys(['example_task_group_decorator']) retrieved from /usr/local/lib/python3.10/dist-packages/airflow/example_dags/example_task_group_decorator.py
[2022-06-14 18:53:52,877] {logging_mixin.py:115} INFO - [2022-06-14 18:53:52,877] {dag.py:2371} INFO - Sync 1 DAGs
[2022-06-14 18:53:52,891] {logging_mixin.py:115} INFO - [2022-06-14 18:53:52,891] {dag.py:2915} INFO - Setting next_dagrun for example_task_group_decorator to 2022-06-13T13:23:52.890931+00:00, run_after=2022-06-14T13:23:52.890931+00:00
[2022-06-14 18:53:52,911] {processor.py:161} INFO - Processing /usr/local/lib/python3.10/dist-packages/airflow/example_dags/example_task_group_decorator.py took 0.110 seconds
[2022-06-14 18:54:33,121] {processor.py:153} INFO - Started process (PID=8800) to work on /usr/local/lib/python3.10/dist-packages/airflow/example_dags/example_task_group_decorator.py
[2022-06-14 18:54:33,122] {processor.py:641} INFO - Processing file /usr/local/lib/python3.10/dist-packages/airflow/example_dags/example_task_group_decorator.py for tasks to queue
[2022-06-14 18:54:33,122] {logging_mixin.py:115} INFO - [2022-06-14 18:54:33,122] {dagbag.py:507} INFO - Filling up the DagBag from /usr/local/lib/python3.10/dist-packages/airflow/example_dags/example_task_group_decorator.py
[2022-06-14 18:54:33,150] {processor.py:651} INFO - DAG(s) dict_keys(['example_task_group_decorator']) retrieved from /usr/local/lib/python3.10/dist-packages/airflow/example_dags/example_task_group_decorator.py
[2022-06-14 18:54:33,166] {logging_mixin.py:115} INFO - [2022-06-14 18:54:33,166] {dag.py:2371} INFO - Sync 1 DAGs
[2022-06-14 18:54:33,182] {logging_mixin.py:115} INFO - [2022-06-14 18:54:33,181] {dag.py:2915} INFO - Setting next_dagrun for example_task_group_decorator to 2022-06-13T13:24:33.181681+00:00, run_after=2022-06-14T13:24:33.181681+00:00
[2022-06-14 18:54:33,199] {processor.py:161} INFO - Processing /usr/local/lib/python3.10/dist-packages/airflow/example_dags/example_task_group_decorator.py took 0.082 seconds
[2022-06-14 18:55:07,384] {processor.py:153} INFO - Started process (PID=8849) to work on /usr/local/lib/python3.10/dist-packages/airflow/example_dags/example_task_group_decorator.py
[2022-06-14 18:55:07,385] {processor.py:641} INFO - Processing file /usr/local/lib/python3.10/dist-packages/airflow/example_dags/example_task_group_decorator.py for tasks to queue
[2022-06-14 18:55:07,385] {logging_mixin.py:115} INFO - [2022-06-14 18:55:07,385] {dagbag.py:507} INFO - Filling up the DagBag from /usr/local/lib/python3.10/dist-packages/airflow/example_dags/example_task_group_decorator.py
[2022-06-14 18:55:07,411] {processor.py:651} INFO - DAG(s) dict_keys(['example_task_group_decorator']) retrieved from /usr/local/lib/python3.10/dist-packages/airflow/example_dags/example_task_group_decorator.py
[2022-06-14 18:55:07,427] {logging_mixin.py:115} INFO - [2022-06-14 18:55:07,427] {dag.py:2371} INFO - Sync 1 DAGs
[2022-06-14 18:55:07,443] {logging_mixin.py:115} INFO - [2022-06-14 18:55:07,443] {dag.py:2915} INFO - Setting next_dagrun for example_task_group_decorator to 2022-06-13T13:25:07.443059+00:00, run_after=2022-06-14T13:25:07.443059+00:00
[2022-06-14 18:55:07,461] {processor.py:161} INFO - Processing /usr/local/lib/python3.10/dist-packages/airflow/example_dags/example_task_group_decorator.py took 0.080 seconds
[2022-06-14 18:55:43,069] {processor.py:153} INFO - Started process (PID=8892) to work on /usr/local/lib/python3.10/dist-packages/airflow/example_dags/example_task_group_decorator.py
[2022-06-14 18:55:43,070] {processor.py:641} INFO - Processing file /usr/local/lib/python3.10/dist-packages/airflow/example_dags/example_task_group_decorator.py for tasks to queue
[2022-06-14 18:55:43,070] {logging_mixin.py:115} INFO - [2022-06-14 18:55:43,070] {dagbag.py:507} INFO - Filling up the DagBag from /usr/local/lib/python3.10/dist-packages/airflow/example_dags/example_task_group_decorator.py
[2022-06-14 18:55:43,098] {processor.py:651} INFO - DAG(s) dict_keys(['example_task_group_decorator']) retrieved from /usr/local/lib/python3.10/dist-packages/airflow/example_dags/example_task_group_decorator.py
[2022-06-14 18:55:43,114] {logging_mixin.py:115} INFO - [2022-06-14 18:55:43,114] {dag.py:2371} INFO - Sync 1 DAGs
[2022-06-14 18:55:43,130] {logging_mixin.py:115} INFO - [2022-06-14 18:55:43,130] {dag.py:2915} INFO - Setting next_dagrun for example_task_group_decorator to 2022-06-13T13:25:43.129804+00:00, run_after=2022-06-14T13:25:43.129804+00:00
[2022-06-14 18:55:43,147] {processor.py:161} INFO - Processing /usr/local/lib/python3.10/dist-packages/airflow/example_dags/example_task_group_decorator.py took 0.082 seconds
[2022-06-14 18:56:15,680] {processor.py:153} INFO - Started process (PID=8935) to work on /usr/local/lib/python3.10/dist-packages/airflow/example_dags/example_task_group_decorator.py
[2022-06-14 18:56:15,681] {processor.py:641} INFO - Processing file /usr/local/lib/python3.10/dist-packages/airflow/example_dags/example_task_group_decorator.py for tasks to queue
[2022-06-14 18:56:15,682] {logging_mixin.py:115} INFO - [2022-06-14 18:56:15,681] {dagbag.py:507} INFO - Filling up the DagBag from /usr/local/lib/python3.10/dist-packages/airflow/example_dags/example_task_group_decorator.py
[2022-06-14 18:56:15,710] {processor.py:651} INFO - DAG(s) dict_keys(['example_task_group_decorator']) retrieved from /usr/local/lib/python3.10/dist-packages/airflow/example_dags/example_task_group_decorator.py
[2022-06-14 18:56:15,726] {logging_mixin.py:115} INFO - [2022-06-14 18:56:15,726] {dag.py:2371} INFO - Sync 1 DAGs
[2022-06-14 18:56:15,742] {logging_mixin.py:115} INFO - [2022-06-14 18:56:15,742] {dag.py:2915} INFO - Setting next_dagrun for example_task_group_decorator to 2022-06-13T13:26:15.742366+00:00, run_after=2022-06-14T13:26:15.742366+00:00
[2022-06-14 18:56:15,761] {processor.py:161} INFO - Processing /usr/local/lib/python3.10/dist-packages/airflow/example_dags/example_task_group_decorator.py took 0.084 seconds
[2022-06-14 18:56:49,967] {processor.py:153} INFO - Started process (PID=8983) to work on /usr/local/lib/python3.10/dist-packages/airflow/example_dags/example_task_group_decorator.py
[2022-06-14 18:56:49,968] {processor.py:641} INFO - Processing file /usr/local/lib/python3.10/dist-packages/airflow/example_dags/example_task_group_decorator.py for tasks to queue
[2022-06-14 18:56:49,968] {logging_mixin.py:115} INFO - [2022-06-14 18:56:49,968] {dagbag.py:507} INFO - Filling up the DagBag from /usr/local/lib/python3.10/dist-packages/airflow/example_dags/example_task_group_decorator.py
[2022-06-14 18:56:49,997] {processor.py:651} INFO - DAG(s) dict_keys(['example_task_group_decorator']) retrieved from /usr/local/lib/python3.10/dist-packages/airflow/example_dags/example_task_group_decorator.py
[2022-06-14 18:56:50,012] {logging_mixin.py:115} INFO - [2022-06-14 18:56:50,012] {dag.py:2371} INFO - Sync 1 DAGs
[2022-06-14 18:56:50,028] {logging_mixin.py:115} INFO - [2022-06-14 18:56:50,028] {dag.py:2915} INFO - Setting next_dagrun for example_task_group_decorator to 2022-06-13T13:26:50.028202+00:00, run_after=2022-06-14T13:26:50.028202+00:00
[2022-06-14 18:56:50,046] {processor.py:161} INFO - Processing /usr/local/lib/python3.10/dist-packages/airflow/example_dags/example_task_group_decorator.py took 0.082 seconds
[2022-06-14 18:57:28,143] {processor.py:153} INFO - Started process (PID=9040) to work on /usr/local/lib/python3.10/dist-packages/airflow/example_dags/example_task_group_decorator.py
[2022-06-14 18:57:28,144] {processor.py:641} INFO - Processing file /usr/local/lib/python3.10/dist-packages/airflow/example_dags/example_task_group_decorator.py for tasks to queue
[2022-06-14 18:57:28,145] {logging_mixin.py:115} INFO - [2022-06-14 18:57:28,145] {dagbag.py:507} INFO - Filling up the DagBag from /usr/local/lib/python3.10/dist-packages/airflow/example_dags/example_task_group_decorator.py
[2022-06-14 18:57:28,173] {processor.py:651} INFO - DAG(s) dict_keys(['example_task_group_decorator']) retrieved from /usr/local/lib/python3.10/dist-packages/airflow/example_dags/example_task_group_decorator.py
[2022-06-14 18:57:28,189] {logging_mixin.py:115} INFO - [2022-06-14 18:57:28,189] {dag.py:2371} INFO - Sync 1 DAGs
[2022-06-14 18:57:28,205] {logging_mixin.py:115} INFO - [2022-06-14 18:57:28,205] {dag.py:2915} INFO - Setting next_dagrun for example_task_group_decorator to 2022-06-13T13:27:28.204844+00:00, run_after=2022-06-14T13:27:28.204844+00:00
[2022-06-14 18:57:28,224] {processor.py:161} INFO - Processing /usr/local/lib/python3.10/dist-packages/airflow/example_dags/example_task_group_decorator.py took 0.084 seconds
[2022-06-14 18:58:01,955] {processor.py:153} INFO - Started process (PID=9106) to work on /usr/local/lib/python3.10/dist-packages/airflow/example_dags/example_task_group_decorator.py
[2022-06-14 18:58:01,956] {processor.py:641} INFO - Processing file /usr/local/lib/python3.10/dist-packages/airflow/example_dags/example_task_group_decorator.py for tasks to queue
[2022-06-14 18:58:01,956] {logging_mixin.py:115} INFO - [2022-06-14 18:58:01,956] {dagbag.py:507} INFO - Filling up the DagBag from /usr/local/lib/python3.10/dist-packages/airflow/example_dags/example_task_group_decorator.py
[2022-06-14 18:58:01,981] {processor.py:651} INFO - DAG(s) dict_keys(['example_task_group_decorator']) retrieved from /usr/local/lib/python3.10/dist-packages/airflow/example_dags/example_task_group_decorator.py
[2022-06-14 18:58:02,027] {logging_mixin.py:115} INFO - [2022-06-14 18:58:02,027] {dag.py:2371} INFO - Sync 1 DAGs
[2022-06-14 18:58:02,042] {logging_mixin.py:115} INFO - [2022-06-14 18:58:02,042] {dag.py:2915} INFO - Setting next_dagrun for example_task_group_decorator to 2022-06-13T13:28:02.042499+00:00, run_after=2022-06-14T13:28:02.042499+00:00
[2022-06-14 18:58:02,063] {processor.py:161} INFO - Processing /usr/local/lib/python3.10/dist-packages/airflow/example_dags/example_task_group_decorator.py took 0.111 seconds
[2022-06-14 18:58:38,041] {processor.py:153} INFO - Started process (PID=9159) to work on /usr/local/lib/python3.10/dist-packages/airflow/example_dags/example_task_group_decorator.py
[2022-06-14 18:58:38,042] {processor.py:641} INFO - Processing file /usr/local/lib/python3.10/dist-packages/airflow/example_dags/example_task_group_decorator.py for tasks to queue
[2022-06-14 18:58:38,043] {logging_mixin.py:115} INFO - [2022-06-14 18:58:38,042] {dagbag.py:507} INFO - Filling up the DagBag from /usr/local/lib/python3.10/dist-packages/airflow/example_dags/example_task_group_decorator.py
[2022-06-14 18:58:38,070] {processor.py:651} INFO - DAG(s) dict_keys(['example_task_group_decorator']) retrieved from /usr/local/lib/python3.10/dist-packages/airflow/example_dags/example_task_group_decorator.py
[2022-06-14 18:58:38,087] {logging_mixin.py:115} INFO - [2022-06-14 18:58:38,087] {dag.py:2371} INFO - Sync 1 DAGs
[2022-06-14 18:58:38,105] {logging_mixin.py:115} INFO - [2022-06-14 18:58:38,104] {dag.py:2915} INFO - Setting next_dagrun for example_task_group_decorator to 2022-06-13T13:28:38.104628+00:00, run_after=2022-06-14T13:28:38.104628+00:00
[2022-06-14 18:58:38,124] {processor.py:161} INFO - Processing /usr/local/lib/python3.10/dist-packages/airflow/example_dags/example_task_group_decorator.py took 0.085 seconds
[2022-06-14 18:59:12,966] {processor.py:153} INFO - Started process (PID=9211) to work on /usr/local/lib/python3.10/dist-packages/airflow/example_dags/example_task_group_decorator.py
[2022-06-14 18:59:12,967] {processor.py:641} INFO - Processing file /usr/local/lib/python3.10/dist-packages/airflow/example_dags/example_task_group_decorator.py for tasks to queue
[2022-06-14 18:59:12,967] {logging_mixin.py:115} INFO - [2022-06-14 18:59:12,967] {dagbag.py:507} INFO - Filling up the DagBag from /usr/local/lib/python3.10/dist-packages/airflow/example_dags/example_task_group_decorator.py
[2022-06-14 18:59:12,994] {processor.py:651} INFO - DAG(s) dict_keys(['example_task_group_decorator']) retrieved from /usr/local/lib/python3.10/dist-packages/airflow/example_dags/example_task_group_decorator.py
[2022-06-14 18:59:13,010] {logging_mixin.py:115} INFO - [2022-06-14 18:59:13,010] {dag.py:2371} INFO - Sync 1 DAGs
[2022-06-14 18:59:13,027] {logging_mixin.py:115} INFO - [2022-06-14 18:59:13,027] {dag.py:2915} INFO - Setting next_dagrun for example_task_group_decorator to 2022-06-13T13:29:13.027148+00:00, run_after=2022-06-14T13:29:13.027148+00:00
[2022-06-14 18:59:13,046] {processor.py:161} INFO - Processing /usr/local/lib/python3.10/dist-packages/airflow/example_dags/example_task_group_decorator.py took 0.082 seconds
[2022-06-14 18:59:52,321] {processor.py:153} INFO - Started process (PID=9272) to work on /usr/local/lib/python3.10/dist-packages/airflow/example_dags/example_task_group_decorator.py
[2022-06-14 18:59:52,322] {processor.py:641} INFO - Processing file /usr/local/lib/python3.10/dist-packages/airflow/example_dags/example_task_group_decorator.py for tasks to queue
[2022-06-14 18:59:52,322] {logging_mixin.py:115} INFO - [2022-06-14 18:59:52,322] {dagbag.py:507} INFO - Filling up the DagBag from /usr/local/lib/python3.10/dist-packages/airflow/example_dags/example_task_group_decorator.py
[2022-06-14 18:59:52,348] {processor.py:651} INFO - DAG(s) dict_keys(['example_task_group_decorator']) retrieved from /usr/local/lib/python3.10/dist-packages/airflow/example_dags/example_task_group_decorator.py
[2022-06-14 18:59:52,365] {logging_mixin.py:115} INFO - [2022-06-14 18:59:52,365] {dag.py:2371} INFO - Sync 1 DAGs
[2022-06-14 18:59:52,382] {logging_mixin.py:115} INFO - [2022-06-14 18:59:52,382] {dag.py:2915} INFO - Setting next_dagrun for example_task_group_decorator to 2022-06-13T13:29:52.382160+00:00, run_after=2022-06-14T13:29:52.382160+00:00
[2022-06-14 18:59:52,401] {processor.py:161} INFO - Processing /usr/local/lib/python3.10/dist-packages/airflow/example_dags/example_task_group_decorator.py took 0.083 seconds
[2022-06-14 19:00:28,512] {processor.py:153} INFO - Started process (PID=9335) to work on /usr/local/lib/python3.10/dist-packages/airflow/example_dags/example_task_group_decorator.py
[2022-06-14 19:00:28,512] {processor.py:641} INFO - Processing file /usr/local/lib/python3.10/dist-packages/airflow/example_dags/example_task_group_decorator.py for tasks to queue
[2022-06-14 19:00:28,513] {logging_mixin.py:115} INFO - [2022-06-14 19:00:28,513] {dagbag.py:507} INFO - Filling up the DagBag from /usr/local/lib/python3.10/dist-packages/airflow/example_dags/example_task_group_decorator.py
[2022-06-14 19:00:28,539] {processor.py:651} INFO - DAG(s) dict_keys(['example_task_group_decorator']) retrieved from /usr/local/lib/python3.10/dist-packages/airflow/example_dags/example_task_group_decorator.py
[2022-06-14 19:00:28,556] {logging_mixin.py:115} INFO - [2022-06-14 19:00:28,556] {dag.py:2371} INFO - Sync 1 DAGs
[2022-06-14 19:00:28,574] {logging_mixin.py:115} INFO - [2022-06-14 19:00:28,574] {dag.py:2915} INFO - Setting next_dagrun for example_task_group_decorator to 2022-06-13T13:30:28.574186+00:00, run_after=2022-06-14T13:30:28.574186+00:00
[2022-06-14 19:00:28,593] {processor.py:161} INFO - Processing /usr/local/lib/python3.10/dist-packages/airflow/example_dags/example_task_group_decorator.py took 0.084 seconds
[2022-06-14 19:01:03,130] {processor.py:153} INFO - Started process (PID=9384) to work on /usr/local/lib/python3.10/dist-packages/airflow/example_dags/example_task_group_decorator.py
[2022-06-14 19:01:03,131] {processor.py:641} INFO - Processing file /usr/local/lib/python3.10/dist-packages/airflow/example_dags/example_task_group_decorator.py for tasks to queue
[2022-06-14 19:01:03,131] {logging_mixin.py:115} INFO - [2022-06-14 19:01:03,131] {dagbag.py:507} INFO - Filling up the DagBag from /usr/local/lib/python3.10/dist-packages/airflow/example_dags/example_task_group_decorator.py
[2022-06-14 19:01:03,157] {processor.py:651} INFO - DAG(s) dict_keys(['example_task_group_decorator']) retrieved from /usr/local/lib/python3.10/dist-packages/airflow/example_dags/example_task_group_decorator.py
[2022-06-14 19:01:03,174] {logging_mixin.py:115} INFO - [2022-06-14 19:01:03,174] {dag.py:2371} INFO - Sync 1 DAGs
[2022-06-14 19:01:03,191] {logging_mixin.py:115} INFO - [2022-06-14 19:01:03,191] {dag.py:2915} INFO - Setting next_dagrun for example_task_group_decorator to 2022-06-13T13:31:03.191569+00:00, run_after=2022-06-14T13:31:03.191569+00:00
[2022-06-14 19:01:03,210] {processor.py:161} INFO - Processing /usr/local/lib/python3.10/dist-packages/airflow/example_dags/example_task_group_decorator.py took 0.083 seconds
[2022-06-14 19:01:41,330] {processor.py:153} INFO - Started process (PID=9434) to work on /usr/local/lib/python3.10/dist-packages/airflow/example_dags/example_task_group_decorator.py
[2022-06-14 19:01:41,331] {processor.py:641} INFO - Processing file /usr/local/lib/python3.10/dist-packages/airflow/example_dags/example_task_group_decorator.py for tasks to queue
[2022-06-14 19:01:41,331] {logging_mixin.py:115} INFO - [2022-06-14 19:01:41,331] {dagbag.py:507} INFO - Filling up the DagBag from /usr/local/lib/python3.10/dist-packages/airflow/example_dags/example_task_group_decorator.py
[2022-06-14 19:01:41,357] {processor.py:651} INFO - DAG(s) dict_keys(['example_task_group_decorator']) retrieved from /usr/local/lib/python3.10/dist-packages/airflow/example_dags/example_task_group_decorator.py
[2022-06-14 19:01:41,373] {logging_mixin.py:115} INFO - [2022-06-14 19:01:41,373] {dag.py:2371} INFO - Sync 1 DAGs
[2022-06-14 19:01:41,390] {logging_mixin.py:115} INFO - [2022-06-14 19:01:41,390] {dag.py:2915} INFO - Setting next_dagrun for example_task_group_decorator to 2022-06-13T13:31:41.390227+00:00, run_after=2022-06-14T13:31:41.390227+00:00
[2022-06-14 19:01:41,411] {processor.py:161} INFO - Processing /usr/local/lib/python3.10/dist-packages/airflow/example_dags/example_task_group_decorator.py took 0.083 seconds
[2022-06-14 19:02:13,386] {processor.py:153} INFO - Started process (PID=9482) to work on /usr/local/lib/python3.10/dist-packages/airflow/example_dags/example_task_group_decorator.py
[2022-06-14 19:02:13,387] {processor.py:641} INFO - Processing file /usr/local/lib/python3.10/dist-packages/airflow/example_dags/example_task_group_decorator.py for tasks to queue
[2022-06-14 19:02:13,387] {logging_mixin.py:115} INFO - [2022-06-14 19:02:13,387] {dagbag.py:507} INFO - Filling up the DagBag from /usr/local/lib/python3.10/dist-packages/airflow/example_dags/example_task_group_decorator.py
[2022-06-14 19:02:13,413] {processor.py:651} INFO - DAG(s) dict_keys(['example_task_group_decorator']) retrieved from /usr/local/lib/python3.10/dist-packages/airflow/example_dags/example_task_group_decorator.py
[2022-06-14 19:02:13,429] {logging_mixin.py:115} INFO - [2022-06-14 19:02:13,429] {dag.py:2371} INFO - Sync 1 DAGs
[2022-06-14 19:02:13,448] {logging_mixin.py:115} INFO - [2022-06-14 19:02:13,448] {dag.py:2915} INFO - Setting next_dagrun for example_task_group_decorator to 2022-06-13T13:32:13.447988+00:00, run_after=2022-06-14T13:32:13.447988+00:00
[2022-06-14 19:02:13,476] {processor.py:161} INFO - Processing /usr/local/lib/python3.10/dist-packages/airflow/example_dags/example_task_group_decorator.py took 0.092 seconds
[2022-06-14 19:02:48,324] {processor.py:153} INFO - Started process (PID=9542) to work on /usr/local/lib/python3.10/dist-packages/airflow/example_dags/example_task_group_decorator.py
[2022-06-14 19:02:48,325] {processor.py:641} INFO - Processing file /usr/local/lib/python3.10/dist-packages/airflow/example_dags/example_task_group_decorator.py for tasks to queue
[2022-06-14 19:02:48,326] {logging_mixin.py:115} INFO - [2022-06-14 19:02:48,326] {dagbag.py:507} INFO - Filling up the DagBag from /usr/local/lib/python3.10/dist-packages/airflow/example_dags/example_task_group_decorator.py
[2022-06-14 19:02:48,354] {processor.py:651} INFO - DAG(s) dict_keys(['example_task_group_decorator']) retrieved from /usr/local/lib/python3.10/dist-packages/airflow/example_dags/example_task_group_decorator.py
[2022-06-14 19:02:48,369] {logging_mixin.py:115} INFO - [2022-06-14 19:02:48,369] {dag.py:2371} INFO - Sync 1 DAGs
[2022-06-14 19:02:48,386] {logging_mixin.py:115} INFO - [2022-06-14 19:02:48,386] {dag.py:2915} INFO - Setting next_dagrun for example_task_group_decorator to 2022-06-13T13:32:48.386227+00:00, run_after=2022-06-14T13:32:48.386227+00:00
[2022-06-14 19:02:48,405] {processor.py:161} INFO - Processing /usr/local/lib/python3.10/dist-packages/airflow/example_dags/example_task_group_decorator.py took 0.084 seconds
[2022-06-14 19:03:28,024] {processor.py:153} INFO - Started process (PID=9616) to work on /usr/local/lib/python3.10/dist-packages/airflow/example_dags/example_task_group_decorator.py
[2022-06-14 19:03:28,025] {processor.py:641} INFO - Processing file /usr/local/lib/python3.10/dist-packages/airflow/example_dags/example_task_group_decorator.py for tasks to queue
[2022-06-14 19:03:28,025] {logging_mixin.py:115} INFO - [2022-06-14 19:03:28,025] {dagbag.py:507} INFO - Filling up the DagBag from /usr/local/lib/python3.10/dist-packages/airflow/example_dags/example_task_group_decorator.py
[2022-06-14 19:03:28,051] {processor.py:651} INFO - DAG(s) dict_keys(['example_task_group_decorator']) retrieved from /usr/local/lib/python3.10/dist-packages/airflow/example_dags/example_task_group_decorator.py
[2022-06-14 19:03:28,097] {logging_mixin.py:115} INFO - [2022-06-14 19:03:28,097] {dag.py:2371} INFO - Sync 1 DAGs
[2022-06-14 19:03:28,114] {logging_mixin.py:115} INFO - [2022-06-14 19:03:28,114] {dag.py:2915} INFO - Setting next_dagrun for example_task_group_decorator to 2022-06-13T13:33:28.113783+00:00, run_after=2022-06-14T13:33:28.113783+00:00
[2022-06-14 19:03:28,135] {processor.py:161} INFO - Processing /usr/local/lib/python3.10/dist-packages/airflow/example_dags/example_task_group_decorator.py took 0.113 seconds
[2022-06-14 19:04:03,215] {processor.py:153} INFO - Started process (PID=9668) to work on /usr/local/lib/python3.10/dist-packages/airflow/example_dags/example_task_group_decorator.py
[2022-06-14 19:04:03,215] {processor.py:641} INFO - Processing file /usr/local/lib/python3.10/dist-packages/airflow/example_dags/example_task_group_decorator.py for tasks to queue
[2022-06-14 19:04:03,216] {logging_mixin.py:115} INFO - [2022-06-14 19:04:03,216] {dagbag.py:507} INFO - Filling up the DagBag from /usr/local/lib/python3.10/dist-packages/airflow/example_dags/example_task_group_decorator.py
[2022-06-14 19:04:03,242] {processor.py:651} INFO - DAG(s) dict_keys(['example_task_group_decorator']) retrieved from /usr/local/lib/python3.10/dist-packages/airflow/example_dags/example_task_group_decorator.py
[2022-06-14 19:04:03,259] {logging_mixin.py:115} INFO - [2022-06-14 19:04:03,259] {dag.py:2371} INFO - Sync 1 DAGs
[2022-06-14 19:04:03,276] {logging_mixin.py:115} INFO - [2022-06-14 19:04:03,276] {dag.py:2915} INFO - Setting next_dagrun for example_task_group_decorator to 2022-06-13T13:34:03.276222+00:00, run_after=2022-06-14T13:34:03.276222+00:00
[2022-06-14 19:04:03,295] {processor.py:161} INFO - Processing /usr/local/lib/python3.10/dist-packages/airflow/example_dags/example_task_group_decorator.py took 0.083 seconds
[2022-06-14 19:04:36,555] {processor.py:153} INFO - Started process (PID=9711) to work on /usr/local/lib/python3.10/dist-packages/airflow/example_dags/example_task_group_decorator.py
[2022-06-14 19:04:36,556] {processor.py:641} INFO - Processing file /usr/local/lib/python3.10/dist-packages/airflow/example_dags/example_task_group_decorator.py for tasks to queue
[2022-06-14 19:04:36,556] {logging_mixin.py:115} INFO - [2022-06-14 19:04:36,556] {dagbag.py:507} INFO - Filling up the DagBag from /usr/local/lib/python3.10/dist-packages/airflow/example_dags/example_task_group_decorator.py
[2022-06-14 19:04:36,582] {processor.py:651} INFO - DAG(s) dict_keys(['example_task_group_decorator']) retrieved from /usr/local/lib/python3.10/dist-packages/airflow/example_dags/example_task_group_decorator.py
[2022-06-14 19:04:36,599] {logging_mixin.py:115} INFO - [2022-06-14 19:04:36,599] {dag.py:2371} INFO - Sync 1 DAGs
[2022-06-14 19:04:36,617] {logging_mixin.py:115} INFO - [2022-06-14 19:04:36,617] {dag.py:2915} INFO - Setting next_dagrun for example_task_group_decorator to 2022-06-13T13:34:36.617010+00:00, run_after=2022-06-14T13:34:36.617010+00:00
[2022-06-14 19:04:36,636] {processor.py:161} INFO - Processing /usr/local/lib/python3.10/dist-packages/airflow/example_dags/example_task_group_decorator.py took 0.083 seconds
[2022-06-14 19:05:13,801] {processor.py:153} INFO - Started process (PID=9761) to work on /usr/local/lib/python3.10/dist-packages/airflow/example_dags/example_task_group_decorator.py
[2022-06-14 19:05:13,802] {processor.py:641} INFO - Processing file /usr/local/lib/python3.10/dist-packages/airflow/example_dags/example_task_group_decorator.py for tasks to queue
[2022-06-14 19:05:13,802] {logging_mixin.py:115} INFO - [2022-06-14 19:05:13,802] {dagbag.py:507} INFO - Filling up the DagBag from /usr/local/lib/python3.10/dist-packages/airflow/example_dags/example_task_group_decorator.py
[2022-06-14 19:05:13,829] {processor.py:651} INFO - DAG(s) dict_keys(['example_task_group_decorator']) retrieved from /usr/local/lib/python3.10/dist-packages/airflow/example_dags/example_task_group_decorator.py
[2022-06-14 19:05:13,846] {logging_mixin.py:115} INFO - [2022-06-14 19:05:13,846] {dag.py:2371} INFO - Sync 1 DAGs
[2022-06-14 19:05:13,864] {logging_mixin.py:115} INFO - [2022-06-14 19:05:13,863] {dag.py:2915} INFO - Setting next_dagrun for example_task_group_decorator to 2022-06-13T13:35:13.863779+00:00, run_after=2022-06-14T13:35:13.863779+00:00
[2022-06-14 19:05:13,899] {processor.py:161} INFO - Processing /usr/local/lib/python3.10/dist-packages/airflow/example_dags/example_task_group_decorator.py took 0.101 seconds
[2022-06-14 19:05:46,427] {processor.py:153} INFO - Started process (PID=9812) to work on /usr/local/lib/python3.10/dist-packages/airflow/example_dags/example_task_group_decorator.py
[2022-06-14 19:05:46,428] {processor.py:641} INFO - Processing file /usr/local/lib/python3.10/dist-packages/airflow/example_dags/example_task_group_decorator.py for tasks to queue
[2022-06-14 19:05:46,428] {logging_mixin.py:115} INFO - [2022-06-14 19:05:46,428] {dagbag.py:507} INFO - Filling up the DagBag from /usr/local/lib/python3.10/dist-packages/airflow/example_dags/example_task_group_decorator.py
[2022-06-14 19:05:46,454] {processor.py:651} INFO - DAG(s) dict_keys(['example_task_group_decorator']) retrieved from /usr/local/lib/python3.10/dist-packages/airflow/example_dags/example_task_group_decorator.py
[2022-06-14 19:05:46,471] {logging_mixin.py:115} INFO - [2022-06-14 19:05:46,471] {dag.py:2371} INFO - Sync 1 DAGs
[2022-06-14 19:05:46,488] {logging_mixin.py:115} INFO - [2022-06-14 19:05:46,488] {dag.py:2915} INFO - Setting next_dagrun for example_task_group_decorator to 2022-06-13T13:35:46.488223+00:00, run_after=2022-06-14T13:35:46.488223+00:00
[2022-06-14 19:05:46,506] {processor.py:161} INFO - Processing /usr/local/lib/python3.10/dist-packages/airflow/example_dags/example_task_group_decorator.py took 0.082 seconds
[2022-06-14 19:06:24,742] {processor.py:153} INFO - Started process (PID=9860) to work on /usr/local/lib/python3.10/dist-packages/airflow/example_dags/example_task_group_decorator.py
[2022-06-14 19:06:24,742] {processor.py:641} INFO - Processing file /usr/local/lib/python3.10/dist-packages/airflow/example_dags/example_task_group_decorator.py for tasks to queue
[2022-06-14 19:06:24,743] {logging_mixin.py:115} INFO - [2022-06-14 19:06:24,743] {dagbag.py:507} INFO - Filling up the DagBag from /usr/local/lib/python3.10/dist-packages/airflow/example_dags/example_task_group_decorator.py
[2022-06-14 19:06:24,768] {processor.py:651} INFO - DAG(s) dict_keys(['example_task_group_decorator']) retrieved from /usr/local/lib/python3.10/dist-packages/airflow/example_dags/example_task_group_decorator.py
[2022-06-14 19:06:24,785] {logging_mixin.py:115} INFO - [2022-06-14 19:06:24,785] {dag.py:2371} INFO - Sync 1 DAGs
[2022-06-14 19:06:24,803] {logging_mixin.py:115} INFO - [2022-06-14 19:06:24,803] {dag.py:2915} INFO - Setting next_dagrun for example_task_group_decorator to 2022-06-13T13:36:24.803217+00:00, run_after=2022-06-14T13:36:24.803217+00:00
[2022-06-14 19:06:24,822] {processor.py:161} INFO - Processing /usr/local/lib/python3.10/dist-packages/airflow/example_dags/example_task_group_decorator.py took 0.083 seconds
[2022-06-14 19:07:02,022] {processor.py:153} INFO - Started process (PID=9918) to work on /usr/local/lib/python3.10/dist-packages/airflow/example_dags/example_task_group_decorator.py
[2022-06-14 19:07:02,023] {processor.py:641} INFO - Processing file /usr/local/lib/python3.10/dist-packages/airflow/example_dags/example_task_group_decorator.py for tasks to queue
[2022-06-14 19:07:02,023] {logging_mixin.py:115} INFO - [2022-06-14 19:07:02,023] {dagbag.py:507} INFO - Filling up the DagBag from /usr/local/lib/python3.10/dist-packages/airflow/example_dags/example_task_group_decorator.py
[2022-06-14 19:07:02,049] {processor.py:651} INFO - DAG(s) dict_keys(['example_task_group_decorator']) retrieved from /usr/local/lib/python3.10/dist-packages/airflow/example_dags/example_task_group_decorator.py
[2022-06-14 19:07:02,066] {logging_mixin.py:115} INFO - [2022-06-14 19:07:02,066] {dag.py:2371} INFO - Sync 1 DAGs
[2022-06-14 19:07:02,083] {logging_mixin.py:115} INFO - [2022-06-14 19:07:02,083] {dag.py:2915} INFO - Setting next_dagrun for example_task_group_decorator to 2022-06-13T13:37:02.083154+00:00, run_after=2022-06-14T13:37:02.083154+00:00
[2022-06-14 19:07:02,102] {processor.py:161} INFO - Processing /usr/local/lib/python3.10/dist-packages/airflow/example_dags/example_task_group_decorator.py took 0.082 seconds
[2022-06-14 19:07:35,688] {processor.py:153} INFO - Started process (PID=9961) to work on /usr/local/lib/python3.10/dist-packages/airflow/example_dags/example_task_group_decorator.py
[2022-06-14 19:07:35,689] {processor.py:641} INFO - Processing file /usr/local/lib/python3.10/dist-packages/airflow/example_dags/example_task_group_decorator.py for tasks to queue
[2022-06-14 19:07:35,689] {logging_mixin.py:115} INFO - [2022-06-14 19:07:35,689] {dagbag.py:507} INFO - Filling up the DagBag from /usr/local/lib/python3.10/dist-packages/airflow/example_dags/example_task_group_decorator.py
[2022-06-14 19:07:35,715] {processor.py:651} INFO - DAG(s) dict_keys(['example_task_group_decorator']) retrieved from /usr/local/lib/python3.10/dist-packages/airflow/example_dags/example_task_group_decorator.py
[2022-06-14 19:07:35,732] {logging_mixin.py:115} INFO - [2022-06-14 19:07:35,732] {dag.py:2371} INFO - Sync 1 DAGs
[2022-06-14 19:07:35,749] {logging_mixin.py:115} INFO - [2022-06-14 19:07:35,749] {dag.py:2915} INFO - Setting next_dagrun for example_task_group_decorator to 2022-06-13T13:37:35.749012+00:00, run_after=2022-06-14T13:37:35.749012+00:00
[2022-06-14 19:07:35,791] {processor.py:161} INFO - Processing /usr/local/lib/python3.10/dist-packages/airflow/example_dags/example_task_group_decorator.py took 0.105 seconds
[2022-06-14 19:08:07,736] {processor.py:153} INFO - Started process (PID=10009) to work on /usr/local/lib/python3.10/dist-packages/airflow/example_dags/example_task_group_decorator.py
[2022-06-14 19:08:07,736] {processor.py:641} INFO - Processing file /usr/local/lib/python3.10/dist-packages/airflow/example_dags/example_task_group_decorator.py for tasks to queue
[2022-06-14 19:08:07,737] {logging_mixin.py:115} INFO - [2022-06-14 19:08:07,737] {dagbag.py:507} INFO - Filling up the DagBag from /usr/local/lib/python3.10/dist-packages/airflow/example_dags/example_task_group_decorator.py
[2022-06-14 19:08:07,763] {processor.py:651} INFO - DAG(s) dict_keys(['example_task_group_decorator']) retrieved from /usr/local/lib/python3.10/dist-packages/airflow/example_dags/example_task_group_decorator.py
[2022-06-14 19:08:07,809] {logging_mixin.py:115} INFO - [2022-06-14 19:08:07,809] {dag.py:2371} INFO - Sync 1 DAGs
[2022-06-14 19:08:07,825] {logging_mixin.py:115} INFO - [2022-06-14 19:08:07,825] {dag.py:2915} INFO - Setting next_dagrun for example_task_group_decorator to 2022-06-13T13:38:07.824845+00:00, run_after=2022-06-14T13:38:07.824845+00:00
[2022-06-14 19:08:07,846] {processor.py:161} INFO - Processing /usr/local/lib/python3.10/dist-packages/airflow/example_dags/example_task_group_decorator.py took 0.113 seconds
[2022-06-14 19:08:47,953] {processor.py:153} INFO - Started process (PID=10063) to work on /usr/local/lib/python3.10/dist-packages/airflow/example_dags/example_task_group_decorator.py
[2022-06-14 19:08:47,954] {processor.py:641} INFO - Processing file /usr/local/lib/python3.10/dist-packages/airflow/example_dags/example_task_group_decorator.py for tasks to queue
[2022-06-14 19:08:47,955] {logging_mixin.py:115} INFO - [2022-06-14 19:08:47,955] {dagbag.py:507} INFO - Filling up the DagBag from /usr/local/lib/python3.10/dist-packages/airflow/example_dags/example_task_group_decorator.py
[2022-06-14 19:08:47,981] {processor.py:651} INFO - DAG(s) dict_keys(['example_task_group_decorator']) retrieved from /usr/local/lib/python3.10/dist-packages/airflow/example_dags/example_task_group_decorator.py
[2022-06-14 19:08:47,997] {logging_mixin.py:115} INFO - [2022-06-14 19:08:47,997] {dag.py:2371} INFO - Sync 1 DAGs
[2022-06-14 19:08:48,015] {logging_mixin.py:115} INFO - [2022-06-14 19:08:48,015] {dag.py:2915} INFO - Setting next_dagrun for example_task_group_decorator to 2022-06-13T13:38:48.015167+00:00, run_after=2022-06-14T13:38:48.015167+00:00
[2022-06-14 19:08:48,036] {processor.py:161} INFO - Processing /usr/local/lib/python3.10/dist-packages/airflow/example_dags/example_task_group_decorator.py took 0.085 seconds
[2022-06-14 19:09:22,472] {processor.py:153} INFO - Started process (PID=10114) to work on /usr/local/lib/python3.10/dist-packages/airflow/example_dags/example_task_group_decorator.py
[2022-06-14 19:09:22,473] {processor.py:641} INFO - Processing file /usr/local/lib/python3.10/dist-packages/airflow/example_dags/example_task_group_decorator.py for tasks to queue
[2022-06-14 19:09:22,473] {logging_mixin.py:115} INFO - [2022-06-14 19:09:22,473] {dagbag.py:507} INFO - Filling up the DagBag from /usr/local/lib/python3.10/dist-packages/airflow/example_dags/example_task_group_decorator.py
[2022-06-14 19:09:22,499] {processor.py:651} INFO - DAG(s) dict_keys(['example_task_group_decorator']) retrieved from /usr/local/lib/python3.10/dist-packages/airflow/example_dags/example_task_group_decorator.py
[2022-06-14 19:09:22,516] {logging_mixin.py:115} INFO - [2022-06-14 19:09:22,516] {dag.py:2371} INFO - Sync 1 DAGs
[2022-06-14 19:09:22,532] {logging_mixin.py:115} INFO - [2022-06-14 19:09:22,532] {dag.py:2915} INFO - Setting next_dagrun for example_task_group_decorator to 2022-06-13T13:39:22.532366+00:00, run_after=2022-06-14T13:39:22.532366+00:00
[2022-06-14 19:09:22,551] {processor.py:161} INFO - Processing /usr/local/lib/python3.10/dist-packages/airflow/example_dags/example_task_group_decorator.py took 0.081 seconds
[2022-06-14 19:09:57,654] {processor.py:153} INFO - Started process (PID=10164) to work on /usr/local/lib/python3.10/dist-packages/airflow/example_dags/example_task_group_decorator.py
[2022-06-14 19:09:57,654] {processor.py:641} INFO - Processing file /usr/local/lib/python3.10/dist-packages/airflow/example_dags/example_task_group_decorator.py for tasks to queue
[2022-06-14 19:09:57,655] {logging_mixin.py:115} INFO - [2022-06-14 19:09:57,655] {dagbag.py:507} INFO - Filling up the DagBag from /usr/local/lib/python3.10/dist-packages/airflow/example_dags/example_task_group_decorator.py
[2022-06-14 19:09:57,680] {processor.py:651} INFO - DAG(s) dict_keys(['example_task_group_decorator']) retrieved from /usr/local/lib/python3.10/dist-packages/airflow/example_dags/example_task_group_decorator.py
[2022-06-14 19:09:57,697] {logging_mixin.py:115} INFO - [2022-06-14 19:09:57,697] {dag.py:2371} INFO - Sync 1 DAGs
[2022-06-14 19:09:57,715] {logging_mixin.py:115} INFO - [2022-06-14 19:09:57,715] {dag.py:2915} INFO - Setting next_dagrun for example_task_group_decorator to 2022-06-13T13:39:57.714846+00:00, run_after=2022-06-14T13:39:57.714846+00:00
[2022-06-14 19:09:57,740] {processor.py:161} INFO - Processing /usr/local/lib/python3.10/dist-packages/airflow/example_dags/example_task_group_decorator.py took 0.089 seconds
[2022-06-14 19:10:33,505] {processor.py:153} INFO - Started process (PID=10306) to work on /usr/local/lib/python3.10/dist-packages/airflow/example_dags/example_task_group_decorator.py
[2022-06-14 19:10:33,506] {processor.py:641} INFO - Processing file /usr/local/lib/python3.10/dist-packages/airflow/example_dags/example_task_group_decorator.py for tasks to queue
[2022-06-14 19:10:33,507] {logging_mixin.py:115} INFO - [2022-06-14 19:10:33,507] {dagbag.py:507} INFO - Filling up the DagBag from /usr/local/lib/python3.10/dist-packages/airflow/example_dags/example_task_group_decorator.py
[2022-06-14 19:10:33,534] {processor.py:651} INFO - DAG(s) dict_keys(['example_task_group_decorator']) retrieved from /usr/local/lib/python3.10/dist-packages/airflow/example_dags/example_task_group_decorator.py
[2022-06-14 19:10:33,550] {logging_mixin.py:115} INFO - [2022-06-14 19:10:33,550] {dag.py:2371} INFO - Sync 1 DAGs
[2022-06-14 19:10:33,568] {logging_mixin.py:115} INFO - [2022-06-14 19:10:33,568] {dag.py:2915} INFO - Setting next_dagrun for example_task_group_decorator to 2022-06-13T13:40:33.568128+00:00, run_after=2022-06-14T13:40:33.568128+00:00
[2022-06-14 19:10:33,588] {processor.py:161} INFO - Processing /usr/local/lib/python3.10/dist-packages/airflow/example_dags/example_task_group_decorator.py took 0.086 seconds
