[2022-06-14 18:33:43,702] {processor.py:153} INFO - Started process (PID=6630) to work on /usr/local/lib/python3.10/dist-packages/airflow/example_dags/example_short_circuit_operator.py
[2022-06-14 18:33:43,702] {processor.py:641} INFO - Processing file /usr/local/lib/python3.10/dist-packages/airflow/example_dags/example_short_circuit_operator.py for tasks to queue
[2022-06-14 18:33:43,703] {logging_mixin.py:115} INFO - [2022-06-14 18:33:43,703] {dagbag.py:507} INFO - Filling up the DagBag from /usr/local/lib/python3.10/dist-packages/airflow/example_dags/example_short_circuit_operator.py
[2022-06-14 18:33:43,711] {processor.py:651} INFO - DAG(s) dict_keys(['example_short_circuit_operator']) retrieved from /usr/local/lib/python3.10/dist-packages/airflow/example_dags/example_short_circuit_operator.py
[2022-06-14 18:33:43,726] {logging_mixin.py:115} INFO - [2022-06-14 18:33:43,726] {dag.py:2371} INFO - Sync 1 DAGs
[2022-06-14 18:33:43,744] {logging_mixin.py:115} INFO - [2022-06-14 18:33:43,744] {dag.py:2915} INFO - Setting next_dagrun for example_short_circuit_operator to 2022-06-13T13:03:43.744342+00:00, run_after=2022-06-14T13:03:43.744342+00:00
[2022-06-14 18:33:43,763] {processor.py:161} INFO - Processing /usr/local/lib/python3.10/dist-packages/airflow/example_dags/example_short_circuit_operator.py took 0.064 seconds
[2022-06-14 18:34:17,587] {processor.py:153} INFO - Started process (PID=6687) to work on /usr/local/lib/python3.10/dist-packages/airflow/example_dags/example_short_circuit_operator.py
[2022-06-14 18:34:17,587] {processor.py:641} INFO - Processing file /usr/local/lib/python3.10/dist-packages/airflow/example_dags/example_short_circuit_operator.py for tasks to queue
[2022-06-14 18:34:17,588] {logging_mixin.py:115} INFO - [2022-06-14 18:34:17,588] {dagbag.py:507} INFO - Filling up the DagBag from /usr/local/lib/python3.10/dist-packages/airflow/example_dags/example_short_circuit_operator.py
[2022-06-14 18:34:17,596] {processor.py:651} INFO - DAG(s) dict_keys(['example_short_circuit_operator']) retrieved from /usr/local/lib/python3.10/dist-packages/airflow/example_dags/example_short_circuit_operator.py
[2022-06-14 18:34:17,612] {logging_mixin.py:115} INFO - [2022-06-14 18:34:17,611] {dag.py:2371} INFO - Sync 1 DAGs
[2022-06-14 18:34:17,629] {logging_mixin.py:115} INFO - [2022-06-14 18:34:17,628] {dag.py:2915} INFO - Setting next_dagrun for example_short_circuit_operator to 2022-06-13T13:04:17.628727+00:00, run_after=2022-06-14T13:04:17.628727+00:00
[2022-06-14 18:34:17,647] {processor.py:161} INFO - Processing /usr/local/lib/python3.10/dist-packages/airflow/example_dags/example_short_circuit_operator.py took 0.063 seconds
[2022-06-14 18:34:52,580] {processor.py:153} INFO - Started process (PID=6742) to work on /usr/local/lib/python3.10/dist-packages/airflow/example_dags/example_short_circuit_operator.py
[2022-06-14 18:34:52,581] {processor.py:641} INFO - Processing file /usr/local/lib/python3.10/dist-packages/airflow/example_dags/example_short_circuit_operator.py for tasks to queue
[2022-06-14 18:34:52,582] {logging_mixin.py:115} INFO - [2022-06-14 18:34:52,581] {dagbag.py:507} INFO - Filling up the DagBag from /usr/local/lib/python3.10/dist-packages/airflow/example_dags/example_short_circuit_operator.py
[2022-06-14 18:34:52,589] {processor.py:651} INFO - DAG(s) dict_keys(['example_short_circuit_operator']) retrieved from /usr/local/lib/python3.10/dist-packages/airflow/example_dags/example_short_circuit_operator.py
[2022-06-14 18:34:52,605] {logging_mixin.py:115} INFO - [2022-06-14 18:34:52,605] {dag.py:2371} INFO - Sync 1 DAGs
[2022-06-14 18:34:52,622] {logging_mixin.py:115} INFO - [2022-06-14 18:34:52,622] {dag.py:2915} INFO - Setting next_dagrun for example_short_circuit_operator to 2022-06-13T13:04:52.621755+00:00, run_after=2022-06-14T13:04:52.621755+00:00
[2022-06-14 18:34:52,644] {processor.py:161} INFO - Processing /usr/local/lib/python3.10/dist-packages/airflow/example_dags/example_short_circuit_operator.py took 0.066 seconds
[2022-06-14 18:35:27,475] {processor.py:153} INFO - Started process (PID=6796) to work on /usr/local/lib/python3.10/dist-packages/airflow/example_dags/example_short_circuit_operator.py
[2022-06-14 18:35:27,475] {processor.py:641} INFO - Processing file /usr/local/lib/python3.10/dist-packages/airflow/example_dags/example_short_circuit_operator.py for tasks to queue
[2022-06-14 18:35:27,476] {logging_mixin.py:115} INFO - [2022-06-14 18:35:27,476] {dagbag.py:507} INFO - Filling up the DagBag from /usr/local/lib/python3.10/dist-packages/airflow/example_dags/example_short_circuit_operator.py
[2022-06-14 18:35:27,484] {processor.py:651} INFO - DAG(s) dict_keys(['example_short_circuit_operator']) retrieved from /usr/local/lib/python3.10/dist-packages/airflow/example_dags/example_short_circuit_operator.py
[2022-06-14 18:35:27,499] {logging_mixin.py:115} INFO - [2022-06-14 18:35:27,499] {dag.py:2371} INFO - Sync 1 DAGs
[2022-06-14 18:35:27,517] {logging_mixin.py:115} INFO - [2022-06-14 18:35:27,517] {dag.py:2915} INFO - Setting next_dagrun for example_short_circuit_operator to 2022-06-13T13:05:27.517024+00:00, run_after=2022-06-14T13:05:27.517024+00:00
[2022-06-14 18:35:27,535] {processor.py:161} INFO - Processing /usr/local/lib/python3.10/dist-packages/airflow/example_dags/example_short_circuit_operator.py took 0.063 seconds
[2022-06-14 18:36:02,096] {processor.py:153} INFO - Started process (PID=6849) to work on /usr/local/lib/python3.10/dist-packages/airflow/example_dags/example_short_circuit_operator.py
[2022-06-14 18:36:02,096] {processor.py:641} INFO - Processing file /usr/local/lib/python3.10/dist-packages/airflow/example_dags/example_short_circuit_operator.py for tasks to queue
[2022-06-14 18:36:02,097] {logging_mixin.py:115} INFO - [2022-06-14 18:36:02,097] {dagbag.py:507} INFO - Filling up the DagBag from /usr/local/lib/python3.10/dist-packages/airflow/example_dags/example_short_circuit_operator.py
[2022-06-14 18:36:02,104] {processor.py:651} INFO - DAG(s) dict_keys(['example_short_circuit_operator']) retrieved from /usr/local/lib/python3.10/dist-packages/airflow/example_dags/example_short_circuit_operator.py
[2022-06-14 18:36:02,121] {logging_mixin.py:115} INFO - [2022-06-14 18:36:02,121] {dag.py:2371} INFO - Sync 1 DAGs
[2022-06-14 18:36:02,139] {logging_mixin.py:115} INFO - [2022-06-14 18:36:02,138] {dag.py:2915} INFO - Setting next_dagrun for example_short_circuit_operator to 2022-06-13T13:06:02.138744+00:00, run_after=2022-06-14T13:06:02.138744+00:00
[2022-06-14 18:36:02,157] {processor.py:161} INFO - Processing /usr/local/lib/python3.10/dist-packages/airflow/example_dags/example_short_circuit_operator.py took 0.064 seconds
[2022-06-14 18:36:37,942] {processor.py:153} INFO - Started process (PID=6892) to work on /usr/local/lib/python3.10/dist-packages/airflow/example_dags/example_short_circuit_operator.py
[2022-06-14 18:36:37,943] {processor.py:641} INFO - Processing file /usr/local/lib/python3.10/dist-packages/airflow/example_dags/example_short_circuit_operator.py for tasks to queue
[2022-06-14 18:36:37,943] {logging_mixin.py:115} INFO - [2022-06-14 18:36:37,943] {dagbag.py:507} INFO - Filling up the DagBag from /usr/local/lib/python3.10/dist-packages/airflow/example_dags/example_short_circuit_operator.py
[2022-06-14 18:36:37,951] {processor.py:651} INFO - DAG(s) dict_keys(['example_short_circuit_operator']) retrieved from /usr/local/lib/python3.10/dist-packages/airflow/example_dags/example_short_circuit_operator.py
[2022-06-14 18:36:37,967] {logging_mixin.py:115} INFO - [2022-06-14 18:36:37,967] {dag.py:2371} INFO - Sync 1 DAGs
[2022-06-14 18:36:37,984] {logging_mixin.py:115} INFO - [2022-06-14 18:36:37,984] {dag.py:2915} INFO - Setting next_dagrun for example_short_circuit_operator to 2022-06-13T13:06:37.984063+00:00, run_after=2022-06-14T13:06:37.984063+00:00
[2022-06-14 18:36:38,003] {processor.py:161} INFO - Processing /usr/local/lib/python3.10/dist-packages/airflow/example_dags/example_short_circuit_operator.py took 0.063 seconds
[2022-06-14 18:37:12,908] {processor.py:153} INFO - Started process (PID=6949) to work on /usr/local/lib/python3.10/dist-packages/airflow/example_dags/example_short_circuit_operator.py
[2022-06-14 18:37:12,909] {processor.py:641} INFO - Processing file /usr/local/lib/python3.10/dist-packages/airflow/example_dags/example_short_circuit_operator.py for tasks to queue
[2022-06-14 18:37:12,909] {logging_mixin.py:115} INFO - [2022-06-14 18:37:12,909] {dagbag.py:507} INFO - Filling up the DagBag from /usr/local/lib/python3.10/dist-packages/airflow/example_dags/example_short_circuit_operator.py
[2022-06-14 18:37:12,917] {processor.py:651} INFO - DAG(s) dict_keys(['example_short_circuit_operator']) retrieved from /usr/local/lib/python3.10/dist-packages/airflow/example_dags/example_short_circuit_operator.py
[2022-06-14 18:37:12,932] {logging_mixin.py:115} INFO - [2022-06-14 18:37:12,932] {dag.py:2371} INFO - Sync 1 DAGs
[2022-06-14 18:37:12,949] {logging_mixin.py:115} INFO - [2022-06-14 18:37:12,949] {dag.py:2915} INFO - Setting next_dagrun for example_short_circuit_operator to 2022-06-13T13:07:12.948797+00:00, run_after=2022-06-14T13:07:12.948797+00:00
[2022-06-14 18:37:12,967] {processor.py:161} INFO - Processing /usr/local/lib/python3.10/dist-packages/airflow/example_dags/example_short_circuit_operator.py took 0.061 seconds
[2022-06-14 18:37:47,829] {processor.py:153} INFO - Started process (PID=6993) to work on /usr/local/lib/python3.10/dist-packages/airflow/example_dags/example_short_circuit_operator.py
[2022-06-14 18:37:47,830] {processor.py:641} INFO - Processing file /usr/local/lib/python3.10/dist-packages/airflow/example_dags/example_short_circuit_operator.py for tasks to queue
[2022-06-14 18:37:47,830] {logging_mixin.py:115} INFO - [2022-06-14 18:37:47,830] {dagbag.py:507} INFO - Filling up the DagBag from /usr/local/lib/python3.10/dist-packages/airflow/example_dags/example_short_circuit_operator.py
[2022-06-14 18:37:47,839] {processor.py:651} INFO - DAG(s) dict_keys(['example_short_circuit_operator']) retrieved from /usr/local/lib/python3.10/dist-packages/airflow/example_dags/example_short_circuit_operator.py
[2022-06-14 18:37:47,855] {logging_mixin.py:115} INFO - [2022-06-14 18:37:47,855] {dag.py:2371} INFO - Sync 1 DAGs
[2022-06-14 18:37:47,874] {logging_mixin.py:115} INFO - [2022-06-14 18:37:47,874] {dag.py:2915} INFO - Setting next_dagrun for example_short_circuit_operator to 2022-06-13T13:07:47.873869+00:00, run_after=2022-06-14T13:07:47.873869+00:00
[2022-06-14 18:37:47,892] {processor.py:161} INFO - Processing /usr/local/lib/python3.10/dist-packages/airflow/example_dags/example_short_circuit_operator.py took 0.065 seconds
[2022-06-14 18:38:22,811] {processor.py:153} INFO - Started process (PID=7045) to work on /usr/local/lib/python3.10/dist-packages/airflow/example_dags/example_short_circuit_operator.py
[2022-06-14 18:38:22,812] {processor.py:641} INFO - Processing file /usr/local/lib/python3.10/dist-packages/airflow/example_dags/example_short_circuit_operator.py for tasks to queue
[2022-06-14 18:38:22,812] {logging_mixin.py:115} INFO - [2022-06-14 18:38:22,812] {dagbag.py:507} INFO - Filling up the DagBag from /usr/local/lib/python3.10/dist-packages/airflow/example_dags/example_short_circuit_operator.py
[2022-06-14 18:38:22,821] {processor.py:651} INFO - DAG(s) dict_keys(['example_short_circuit_operator']) retrieved from /usr/local/lib/python3.10/dist-packages/airflow/example_dags/example_short_circuit_operator.py
[2022-06-14 18:38:22,837] {logging_mixin.py:115} INFO - [2022-06-14 18:38:22,837] {dag.py:2371} INFO - Sync 1 DAGs
[2022-06-14 18:38:22,855] {logging_mixin.py:115} INFO - [2022-06-14 18:38:22,855] {dag.py:2915} INFO - Setting next_dagrun for example_short_circuit_operator to 2022-06-13T13:08:22.854781+00:00, run_after=2022-06-14T13:08:22.854781+00:00
[2022-06-14 18:38:22,874] {processor.py:161} INFO - Processing /usr/local/lib/python3.10/dist-packages/airflow/example_dags/example_short_circuit_operator.py took 0.066 seconds
[2022-06-14 18:38:54,690] {processor.py:153} INFO - Started process (PID=7089) to work on /usr/local/lib/python3.10/dist-packages/airflow/example_dags/example_short_circuit_operator.py
[2022-06-14 18:38:54,690] {processor.py:641} INFO - Processing file /usr/local/lib/python3.10/dist-packages/airflow/example_dags/example_short_circuit_operator.py for tasks to queue
[2022-06-14 18:38:54,691] {logging_mixin.py:115} INFO - [2022-06-14 18:38:54,691] {dagbag.py:507} INFO - Filling up the DagBag from /usr/local/lib/python3.10/dist-packages/airflow/example_dags/example_short_circuit_operator.py
[2022-06-14 18:38:54,699] {processor.py:651} INFO - DAG(s) dict_keys(['example_short_circuit_operator']) retrieved from /usr/local/lib/python3.10/dist-packages/airflow/example_dags/example_short_circuit_operator.py
[2022-06-14 18:38:54,715] {logging_mixin.py:115} INFO - [2022-06-14 18:38:54,714] {dag.py:2371} INFO - Sync 1 DAGs
[2022-06-14 18:38:54,735] {logging_mixin.py:115} INFO - [2022-06-14 18:38:54,734] {dag.py:2915} INFO - Setting next_dagrun for example_short_circuit_operator to 2022-06-13T13:08:54.734692+00:00, run_after=2022-06-14T13:08:54.734692+00:00
[2022-06-14 18:38:54,757] {processor.py:161} INFO - Processing /usr/local/lib/python3.10/dist-packages/airflow/example_dags/example_short_circuit_operator.py took 0.069 seconds
[2022-06-14 18:39:30,794] {processor.py:153} INFO - Started process (PID=7144) to work on /usr/local/lib/python3.10/dist-packages/airflow/example_dags/example_short_circuit_operator.py
[2022-06-14 18:39:30,795] {processor.py:641} INFO - Processing file /usr/local/lib/python3.10/dist-packages/airflow/example_dags/example_short_circuit_operator.py for tasks to queue
[2022-06-14 18:39:30,796] {logging_mixin.py:115} INFO - [2022-06-14 18:39:30,796] {dagbag.py:507} INFO - Filling up the DagBag from /usr/local/lib/python3.10/dist-packages/airflow/example_dags/example_short_circuit_operator.py
[2022-06-14 18:39:30,807] {processor.py:651} INFO - DAG(s) dict_keys(['example_short_circuit_operator']) retrieved from /usr/local/lib/python3.10/dist-packages/airflow/example_dags/example_short_circuit_operator.py
[2022-06-14 18:39:30,825] {logging_mixin.py:115} INFO - [2022-06-14 18:39:30,825] {dag.py:2371} INFO - Sync 1 DAGs
[2022-06-14 18:39:30,845] {logging_mixin.py:115} INFO - [2022-06-14 18:39:30,845] {dag.py:2915} INFO - Setting next_dagrun for example_short_circuit_operator to 2022-06-13T13:09:30.845508+00:00, run_after=2022-06-14T13:09:30.845508+00:00
[2022-06-14 18:39:30,866] {processor.py:161} INFO - Processing /usr/local/lib/python3.10/dist-packages/airflow/example_dags/example_short_circuit_operator.py took 0.075 seconds
[2022-06-14 18:40:05,731] {processor.py:153} INFO - Started process (PID=7197) to work on /usr/local/lib/python3.10/dist-packages/airflow/example_dags/example_short_circuit_operator.py
[2022-06-14 18:40:05,731] {processor.py:641} INFO - Processing file /usr/local/lib/python3.10/dist-packages/airflow/example_dags/example_short_circuit_operator.py for tasks to queue
[2022-06-14 18:40:05,732] {logging_mixin.py:115} INFO - [2022-06-14 18:40:05,732] {dagbag.py:507} INFO - Filling up the DagBag from /usr/local/lib/python3.10/dist-packages/airflow/example_dags/example_short_circuit_operator.py
[2022-06-14 18:40:05,741] {processor.py:651} INFO - DAG(s) dict_keys(['example_short_circuit_operator']) retrieved from /usr/local/lib/python3.10/dist-packages/airflow/example_dags/example_short_circuit_operator.py
[2022-06-14 18:40:05,758] {logging_mixin.py:115} INFO - [2022-06-14 18:40:05,758] {dag.py:2371} INFO - Sync 1 DAGs
[2022-06-14 18:40:05,774] {logging_mixin.py:115} INFO - [2022-06-14 18:40:05,774] {dag.py:2915} INFO - Setting next_dagrun for example_short_circuit_operator to 2022-06-13T13:10:05.774559+00:00, run_after=2022-06-14T13:10:05.774559+00:00
[2022-06-14 18:40:05,793] {processor.py:161} INFO - Processing /usr/local/lib/python3.10/dist-packages/airflow/example_dags/example_short_circuit_operator.py took 0.064 seconds
[2022-06-14 18:40:40,246] {processor.py:153} INFO - Started process (PID=7242) to work on /usr/local/lib/python3.10/dist-packages/airflow/example_dags/example_short_circuit_operator.py
[2022-06-14 18:40:40,246] {processor.py:641} INFO - Processing file /usr/local/lib/python3.10/dist-packages/airflow/example_dags/example_short_circuit_operator.py for tasks to queue
[2022-06-14 18:40:40,247] {logging_mixin.py:115} INFO - [2022-06-14 18:40:40,247] {dagbag.py:507} INFO - Filling up the DagBag from /usr/local/lib/python3.10/dist-packages/airflow/example_dags/example_short_circuit_operator.py
[2022-06-14 18:40:40,256] {processor.py:651} INFO - DAG(s) dict_keys(['example_short_circuit_operator']) retrieved from /usr/local/lib/python3.10/dist-packages/airflow/example_dags/example_short_circuit_operator.py
[2022-06-14 18:40:40,272] {logging_mixin.py:115} INFO - [2022-06-14 18:40:40,272] {dag.py:2371} INFO - Sync 1 DAGs
[2022-06-14 18:40:40,289] {logging_mixin.py:115} INFO - [2022-06-14 18:40:40,289] {dag.py:2915} INFO - Setting next_dagrun for example_short_circuit_operator to 2022-06-13T13:10:40.289196+00:00, run_after=2022-06-14T13:10:40.289196+00:00
[2022-06-14 18:40:40,307] {processor.py:161} INFO - Processing /usr/local/lib/python3.10/dist-packages/airflow/example_dags/example_short_circuit_operator.py took 0.064 seconds
[2022-06-14 18:41:16,218] {processor.py:153} INFO - Started process (PID=7298) to work on /usr/local/lib/python3.10/dist-packages/airflow/example_dags/example_short_circuit_operator.py
[2022-06-14 18:41:16,219] {processor.py:641} INFO - Processing file /usr/local/lib/python3.10/dist-packages/airflow/example_dags/example_short_circuit_operator.py for tasks to queue
[2022-06-14 18:41:16,219] {logging_mixin.py:115} INFO - [2022-06-14 18:41:16,219] {dagbag.py:507} INFO - Filling up the DagBag from /usr/local/lib/python3.10/dist-packages/airflow/example_dags/example_short_circuit_operator.py
[2022-06-14 18:41:16,227] {processor.py:651} INFO - DAG(s) dict_keys(['example_short_circuit_operator']) retrieved from /usr/local/lib/python3.10/dist-packages/airflow/example_dags/example_short_circuit_operator.py
[2022-06-14 18:41:16,244] {logging_mixin.py:115} INFO - [2022-06-14 18:41:16,244] {dag.py:2371} INFO - Sync 1 DAGs
[2022-06-14 18:41:16,270] {logging_mixin.py:115} INFO - [2022-06-14 18:41:16,269] {dag.py:2915} INFO - Setting next_dagrun for example_short_circuit_operator to 2022-06-13T13:11:16.269506+00:00, run_after=2022-06-14T13:11:16.269506+00:00
[2022-06-14 18:41:16,288] {processor.py:161} INFO - Processing /usr/local/lib/python3.10/dist-packages/airflow/example_dags/example_short_circuit_operator.py took 0.075 seconds
[2022-06-14 18:41:52,815] {processor.py:153} INFO - Started process (PID=7359) to work on /usr/local/lib/python3.10/dist-packages/airflow/example_dags/example_short_circuit_operator.py
[2022-06-14 18:41:52,816] {processor.py:641} INFO - Processing file /usr/local/lib/python3.10/dist-packages/airflow/example_dags/example_short_circuit_operator.py for tasks to queue
[2022-06-14 18:41:52,816] {logging_mixin.py:115} INFO - [2022-06-14 18:41:52,816] {dagbag.py:507} INFO - Filling up the DagBag from /usr/local/lib/python3.10/dist-packages/airflow/example_dags/example_short_circuit_operator.py
[2022-06-14 18:41:52,825] {processor.py:651} INFO - DAG(s) dict_keys(['example_short_circuit_operator']) retrieved from /usr/local/lib/python3.10/dist-packages/airflow/example_dags/example_short_circuit_operator.py
[2022-06-14 18:41:52,844] {logging_mixin.py:115} INFO - [2022-06-14 18:41:52,844] {dag.py:2371} INFO - Sync 1 DAGs
[2022-06-14 18:41:52,864] {logging_mixin.py:115} INFO - [2022-06-14 18:41:52,864] {dag.py:2915} INFO - Setting next_dagrun for example_short_circuit_operator to 2022-06-13T13:11:52.863823+00:00, run_after=2022-06-14T13:11:52.863823+00:00
[2022-06-14 18:41:52,884] {processor.py:161} INFO - Processing /usr/local/lib/python3.10/dist-packages/airflow/example_dags/example_short_circuit_operator.py took 0.072 seconds
[2022-06-14 18:42:33,842] {processor.py:153} INFO - Started process (PID=7464) to work on /usr/local/lib/python3.10/dist-packages/airflow/example_dags/example_short_circuit_operator.py
[2022-06-14 18:42:33,843] {processor.py:641} INFO - Processing file /usr/local/lib/python3.10/dist-packages/airflow/example_dags/example_short_circuit_operator.py for tasks to queue
[2022-06-14 18:42:33,844] {logging_mixin.py:115} INFO - [2022-06-14 18:42:33,843] {dagbag.py:507} INFO - Filling up the DagBag from /usr/local/lib/python3.10/dist-packages/airflow/example_dags/example_short_circuit_operator.py
[2022-06-14 18:42:33,856] {processor.py:651} INFO - DAG(s) dict_keys(['example_short_circuit_operator']) retrieved from /usr/local/lib/python3.10/dist-packages/airflow/example_dags/example_short_circuit_operator.py
[2022-06-14 18:42:33,874] {logging_mixin.py:115} INFO - [2022-06-14 18:42:33,874] {dag.py:2371} INFO - Sync 1 DAGs
[2022-06-14 18:42:33,898] {logging_mixin.py:115} INFO - [2022-06-14 18:42:33,898] {dag.py:2915} INFO - Setting next_dagrun for example_short_circuit_operator to 2022-06-13T13:12:33.898111+00:00, run_after=2022-06-14T13:12:33.898111+00:00
[2022-06-14 18:42:33,918] {processor.py:161} INFO - Processing /usr/local/lib/python3.10/dist-packages/airflow/example_dags/example_short_circuit_operator.py took 0.079 seconds
[2022-06-14 18:43:07,886] {processor.py:153} INFO - Started process (PID=7557) to work on /usr/local/lib/python3.10/dist-packages/airflow/example_dags/example_short_circuit_operator.py
[2022-06-14 18:43:07,887] {processor.py:641} INFO - Processing file /usr/local/lib/python3.10/dist-packages/airflow/example_dags/example_short_circuit_operator.py for tasks to queue
[2022-06-14 18:43:07,887] {logging_mixin.py:115} INFO - [2022-06-14 18:43:07,887] {dagbag.py:507} INFO - Filling up the DagBag from /usr/local/lib/python3.10/dist-packages/airflow/example_dags/example_short_circuit_operator.py
[2022-06-14 18:43:07,896] {processor.py:651} INFO - DAG(s) dict_keys(['example_short_circuit_operator']) retrieved from /usr/local/lib/python3.10/dist-packages/airflow/example_dags/example_short_circuit_operator.py
[2022-06-14 18:43:07,912] {logging_mixin.py:115} INFO - [2022-06-14 18:43:07,912] {dag.py:2371} INFO - Sync 1 DAGs
[2022-06-14 18:43:07,929] {logging_mixin.py:115} INFO - [2022-06-14 18:43:07,929] {dag.py:2915} INFO - Setting next_dagrun for example_short_circuit_operator to 2022-06-13T13:13:07.929069+00:00, run_after=2022-06-14T13:13:07.929069+00:00
[2022-06-14 18:43:07,947] {processor.py:161} INFO - Processing /usr/local/lib/python3.10/dist-packages/airflow/example_dags/example_short_circuit_operator.py took 0.064 seconds
[2022-06-14 18:43:48,175] {processor.py:153} INFO - Started process (PID=7604) to work on /usr/local/lib/python3.10/dist-packages/airflow/example_dags/example_short_circuit_operator.py
[2022-06-14 18:43:48,176] {processor.py:641} INFO - Processing file /usr/local/lib/python3.10/dist-packages/airflow/example_dags/example_short_circuit_operator.py for tasks to queue
[2022-06-14 18:43:48,176] {logging_mixin.py:115} INFO - [2022-06-14 18:43:48,176] {dagbag.py:507} INFO - Filling up the DagBag from /usr/local/lib/python3.10/dist-packages/airflow/example_dags/example_short_circuit_operator.py
[2022-06-14 18:43:48,185] {processor.py:651} INFO - DAG(s) dict_keys(['example_short_circuit_operator']) retrieved from /usr/local/lib/python3.10/dist-packages/airflow/example_dags/example_short_circuit_operator.py
[2022-06-14 18:43:48,202] {logging_mixin.py:115} INFO - [2022-06-14 18:43:48,202] {dag.py:2371} INFO - Sync 1 DAGs
[2022-06-14 18:43:48,220] {logging_mixin.py:115} INFO - [2022-06-14 18:43:48,220] {dag.py:2915} INFO - Setting next_dagrun for example_short_circuit_operator to 2022-06-13T13:13:48.219767+00:00, run_after=2022-06-14T13:13:48.219767+00:00
[2022-06-14 18:43:48,239] {processor.py:161} INFO - Processing /usr/local/lib/python3.10/dist-packages/airflow/example_dags/example_short_circuit_operator.py took 0.067 seconds
[2022-06-14 18:44:28,796] {processor.py:153} INFO - Started process (PID=7684) to work on /usr/local/lib/python3.10/dist-packages/airflow/example_dags/example_short_circuit_operator.py
[2022-06-14 18:44:28,796] {processor.py:641} INFO - Processing file /usr/local/lib/python3.10/dist-packages/airflow/example_dags/example_short_circuit_operator.py for tasks to queue
[2022-06-14 18:44:28,797] {logging_mixin.py:115} INFO - [2022-06-14 18:44:28,797] {dagbag.py:507} INFO - Filling up the DagBag from /usr/local/lib/python3.10/dist-packages/airflow/example_dags/example_short_circuit_operator.py
[2022-06-14 18:44:28,808] {processor.py:651} INFO - DAG(s) dict_keys(['example_short_circuit_operator']) retrieved from /usr/local/lib/python3.10/dist-packages/airflow/example_dags/example_short_circuit_operator.py
[2022-06-14 18:44:28,826] {logging_mixin.py:115} INFO - [2022-06-14 18:44:28,826] {dag.py:2371} INFO - Sync 1 DAGs
[2022-06-14 18:44:28,843] {logging_mixin.py:115} INFO - [2022-06-14 18:44:28,843] {dag.py:2915} INFO - Setting next_dagrun for example_short_circuit_operator to 2022-06-13T13:14:28.843496+00:00, run_after=2022-06-14T13:14:28.843496+00:00
[2022-06-14 18:44:28,862] {processor.py:161} INFO - Processing /usr/local/lib/python3.10/dist-packages/airflow/example_dags/example_short_circuit_operator.py took 0.069 seconds
[2022-06-14 18:45:05,216] {processor.py:153} INFO - Started process (PID=7747) to work on /usr/local/lib/python3.10/dist-packages/airflow/example_dags/example_short_circuit_operator.py
[2022-06-14 18:45:05,217] {processor.py:641} INFO - Processing file /usr/local/lib/python3.10/dist-packages/airflow/example_dags/example_short_circuit_operator.py for tasks to queue
[2022-06-14 18:45:05,217] {logging_mixin.py:115} INFO - [2022-06-14 18:45:05,217] {dagbag.py:507} INFO - Filling up the DagBag from /usr/local/lib/python3.10/dist-packages/airflow/example_dags/example_short_circuit_operator.py
[2022-06-14 18:45:05,226] {processor.py:651} INFO - DAG(s) dict_keys(['example_short_circuit_operator']) retrieved from /usr/local/lib/python3.10/dist-packages/airflow/example_dags/example_short_circuit_operator.py
[2022-06-14 18:45:05,242] {logging_mixin.py:115} INFO - [2022-06-14 18:45:05,242] {dag.py:2371} INFO - Sync 1 DAGs
[2022-06-14 18:45:05,260] {logging_mixin.py:115} INFO - [2022-06-14 18:45:05,260] {dag.py:2915} INFO - Setting next_dagrun for example_short_circuit_operator to 2022-06-13T13:15:05.260068+00:00, run_after=2022-06-14T13:15:05.260068+00:00
[2022-06-14 18:45:05,282] {processor.py:161} INFO - Processing /usr/local/lib/python3.10/dist-packages/airflow/example_dags/example_short_circuit_operator.py took 0.068 seconds
[2022-06-14 18:45:42,785] {processor.py:153} INFO - Started process (PID=7860) to work on /usr/local/lib/python3.10/dist-packages/airflow/example_dags/example_short_circuit_operator.py
[2022-06-14 18:45:42,786] {processor.py:641} INFO - Processing file /usr/local/lib/python3.10/dist-packages/airflow/example_dags/example_short_circuit_operator.py for tasks to queue
[2022-06-14 18:45:42,786] {logging_mixin.py:115} INFO - [2022-06-14 18:45:42,786] {dagbag.py:507} INFO - Filling up the DagBag from /usr/local/lib/python3.10/dist-packages/airflow/example_dags/example_short_circuit_operator.py
[2022-06-14 18:45:42,795] {processor.py:651} INFO - DAG(s) dict_keys(['example_short_circuit_operator']) retrieved from /usr/local/lib/python3.10/dist-packages/airflow/example_dags/example_short_circuit_operator.py
[2022-06-14 18:45:42,813] {logging_mixin.py:115} INFO - [2022-06-14 18:45:42,813] {dag.py:2371} INFO - Sync 1 DAGs
[2022-06-14 18:45:42,837] {logging_mixin.py:115} INFO - [2022-06-14 18:45:42,837] {dag.py:2915} INFO - Setting next_dagrun for example_short_circuit_operator to 2022-06-13T13:15:42.837083+00:00, run_after=2022-06-14T13:15:42.837083+00:00
[2022-06-14 18:45:42,857] {processor.py:161} INFO - Processing /usr/local/lib/python3.10/dist-packages/airflow/example_dags/example_short_circuit_operator.py took 0.075 seconds
[2022-06-14 18:46:25,270] {processor.py:153} INFO - Started process (PID=7968) to work on /usr/local/lib/python3.10/dist-packages/airflow/example_dags/example_short_circuit_operator.py
[2022-06-14 18:46:25,271] {processor.py:641} INFO - Processing file /usr/local/lib/python3.10/dist-packages/airflow/example_dags/example_short_circuit_operator.py for tasks to queue
[2022-06-14 18:46:25,271] {logging_mixin.py:115} INFO - [2022-06-14 18:46:25,271] {dagbag.py:507} INFO - Filling up the DagBag from /usr/local/lib/python3.10/dist-packages/airflow/example_dags/example_short_circuit_operator.py
[2022-06-14 18:46:25,280] {processor.py:651} INFO - DAG(s) dict_keys(['example_short_circuit_operator']) retrieved from /usr/local/lib/python3.10/dist-packages/airflow/example_dags/example_short_circuit_operator.py
[2022-06-14 18:46:25,296] {logging_mixin.py:115} INFO - [2022-06-14 18:46:25,296] {dag.py:2371} INFO - Sync 1 DAGs
[2022-06-14 18:46:25,313] {logging_mixin.py:115} INFO - [2022-06-14 18:46:25,313] {dag.py:2915} INFO - Setting next_dagrun for example_short_circuit_operator to 2022-06-13T13:16:25.313543+00:00, run_after=2022-06-14T13:16:25.313543+00:00
[2022-06-14 18:46:25,333] {processor.py:161} INFO - Processing /usr/local/lib/python3.10/dist-packages/airflow/example_dags/example_short_circuit_operator.py took 0.065 seconds
[2022-06-14 18:47:03,257] {processor.py:153} INFO - Started process (PID=8025) to work on /usr/local/lib/python3.10/dist-packages/airflow/example_dags/example_short_circuit_operator.py
[2022-06-14 18:47:03,258] {processor.py:641} INFO - Processing file /usr/local/lib/python3.10/dist-packages/airflow/example_dags/example_short_circuit_operator.py for tasks to queue
[2022-06-14 18:47:03,258] {logging_mixin.py:115} INFO - [2022-06-14 18:47:03,258] {dagbag.py:507} INFO - Filling up the DagBag from /usr/local/lib/python3.10/dist-packages/airflow/example_dags/example_short_circuit_operator.py
[2022-06-14 18:47:03,267] {processor.py:651} INFO - DAG(s) dict_keys(['example_short_circuit_operator']) retrieved from /usr/local/lib/python3.10/dist-packages/airflow/example_dags/example_short_circuit_operator.py
[2022-06-14 18:47:03,283] {logging_mixin.py:115} INFO - [2022-06-14 18:47:03,283] {dag.py:2371} INFO - Sync 1 DAGs
[2022-06-14 18:47:03,300] {logging_mixin.py:115} INFO - [2022-06-14 18:47:03,300] {dag.py:2915} INFO - Setting next_dagrun for example_short_circuit_operator to 2022-06-13T13:17:03.299900+00:00, run_after=2022-06-14T13:17:03.299900+00:00
[2022-06-14 18:47:03,318] {processor.py:161} INFO - Processing /usr/local/lib/python3.10/dist-packages/airflow/example_dags/example_short_circuit_operator.py took 0.064 seconds
[2022-06-14 18:47:40,500] {processor.py:153} INFO - Started process (PID=8093) to work on /usr/local/lib/python3.10/dist-packages/airflow/example_dags/example_short_circuit_operator.py
[2022-06-14 18:47:40,500] {processor.py:641} INFO - Processing file /usr/local/lib/python3.10/dist-packages/airflow/example_dags/example_short_circuit_operator.py for tasks to queue
[2022-06-14 18:47:40,501] {logging_mixin.py:115} INFO - [2022-06-14 18:47:40,501] {dagbag.py:507} INFO - Filling up the DagBag from /usr/local/lib/python3.10/dist-packages/airflow/example_dags/example_short_circuit_operator.py
[2022-06-14 18:47:40,509] {processor.py:651} INFO - DAG(s) dict_keys(['example_short_circuit_operator']) retrieved from /usr/local/lib/python3.10/dist-packages/airflow/example_dags/example_short_circuit_operator.py
[2022-06-14 18:47:40,525] {logging_mixin.py:115} INFO - [2022-06-14 18:47:40,525] {dag.py:2371} INFO - Sync 1 DAGs
[2022-06-14 18:47:40,543] {logging_mixin.py:115} INFO - [2022-06-14 18:47:40,542] {dag.py:2915} INFO - Setting next_dagrun for example_short_circuit_operator to 2022-06-13T13:17:40.542752+00:00, run_after=2022-06-14T13:17:40.542752+00:00
[2022-06-14 18:47:40,562] {processor.py:161} INFO - Processing /usr/local/lib/python3.10/dist-packages/airflow/example_dags/example_short_circuit_operator.py took 0.064 seconds
[2022-06-14 18:48:19,822] {processor.py:153} INFO - Started process (PID=8152) to work on /usr/local/lib/python3.10/dist-packages/airflow/example_dags/example_short_circuit_operator.py
[2022-06-14 18:48:19,823] {processor.py:641} INFO - Processing file /usr/local/lib/python3.10/dist-packages/airflow/example_dags/example_short_circuit_operator.py for tasks to queue
[2022-06-14 18:48:19,823] {logging_mixin.py:115} INFO - [2022-06-14 18:48:19,823] {dagbag.py:507} INFO - Filling up the DagBag from /usr/local/lib/python3.10/dist-packages/airflow/example_dags/example_short_circuit_operator.py
[2022-06-14 18:48:19,832] {processor.py:651} INFO - DAG(s) dict_keys(['example_short_circuit_operator']) retrieved from /usr/local/lib/python3.10/dist-packages/airflow/example_dags/example_short_circuit_operator.py
[2022-06-14 18:48:19,848] {logging_mixin.py:115} INFO - [2022-06-14 18:48:19,847] {dag.py:2371} INFO - Sync 1 DAGs
[2022-06-14 18:48:19,865] {logging_mixin.py:115} INFO - [2022-06-14 18:48:19,865] {dag.py:2915} INFO - Setting next_dagrun for example_short_circuit_operator to 2022-06-13T13:18:19.865502+00:00, run_after=2022-06-14T13:18:19.865502+00:00
[2022-06-14 18:48:19,884] {processor.py:161} INFO - Processing /usr/local/lib/python3.10/dist-packages/airflow/example_dags/example_short_circuit_operator.py took 0.065 seconds
[2022-06-14 18:48:52,328] {processor.py:153} INFO - Started process (PID=8209) to work on /usr/local/lib/python3.10/dist-packages/airflow/example_dags/example_short_circuit_operator.py
[2022-06-14 18:48:52,329] {processor.py:641} INFO - Processing file /usr/local/lib/python3.10/dist-packages/airflow/example_dags/example_short_circuit_operator.py for tasks to queue
[2022-06-14 18:48:52,329] {logging_mixin.py:115} INFO - [2022-06-14 18:48:52,329] {dagbag.py:507} INFO - Filling up the DagBag from /usr/local/lib/python3.10/dist-packages/airflow/example_dags/example_short_circuit_operator.py
[2022-06-14 18:48:52,338] {processor.py:651} INFO - DAG(s) dict_keys(['example_short_circuit_operator']) retrieved from /usr/local/lib/python3.10/dist-packages/airflow/example_dags/example_short_circuit_operator.py
[2022-06-14 18:48:52,355] {logging_mixin.py:115} INFO - [2022-06-14 18:48:52,355] {dag.py:2371} INFO - Sync 1 DAGs
[2022-06-14 18:48:52,372] {logging_mixin.py:115} INFO - [2022-06-14 18:48:52,372] {dag.py:2915} INFO - Setting next_dagrun for example_short_circuit_operator to 2022-06-13T13:18:52.371994+00:00, run_after=2022-06-14T13:18:52.371994+00:00
[2022-06-14 18:48:52,392] {processor.py:161} INFO - Processing /usr/local/lib/python3.10/dist-packages/airflow/example_dags/example_short_circuit_operator.py took 0.067 seconds
[2022-06-14 18:49:28,122] {processor.py:153} INFO - Started process (PID=8270) to work on /usr/local/lib/python3.10/dist-packages/airflow/example_dags/example_short_circuit_operator.py
[2022-06-14 18:49:28,123] {processor.py:641} INFO - Processing file /usr/local/lib/python3.10/dist-packages/airflow/example_dags/example_short_circuit_operator.py for tasks to queue
[2022-06-14 18:49:28,123] {logging_mixin.py:115} INFO - [2022-06-14 18:49:28,123] {dagbag.py:507} INFO - Filling up the DagBag from /usr/local/lib/python3.10/dist-packages/airflow/example_dags/example_short_circuit_operator.py
[2022-06-14 18:49:28,132] {processor.py:651} INFO - DAG(s) dict_keys(['example_short_circuit_operator']) retrieved from /usr/local/lib/python3.10/dist-packages/airflow/example_dags/example_short_circuit_operator.py
[2022-06-14 18:49:28,149] {logging_mixin.py:115} INFO - [2022-06-14 18:49:28,149] {dag.py:2371} INFO - Sync 1 DAGs
[2022-06-14 18:49:28,166] {logging_mixin.py:115} INFO - [2022-06-14 18:49:28,166] {dag.py:2915} INFO - Setting next_dagrun for example_short_circuit_operator to 2022-06-13T13:19:28.166235+00:00, run_after=2022-06-14T13:19:28.166235+00:00
[2022-06-14 18:49:28,186] {processor.py:161} INFO - Processing /usr/local/lib/python3.10/dist-packages/airflow/example_dags/example_short_circuit_operator.py took 0.066 seconds
[2022-06-14 18:50:02,265] {processor.py:153} INFO - Started process (PID=8335) to work on /usr/local/lib/python3.10/dist-packages/airflow/example_dags/example_short_circuit_operator.py
[2022-06-14 18:50:02,265] {processor.py:641} INFO - Processing file /usr/local/lib/python3.10/dist-packages/airflow/example_dags/example_short_circuit_operator.py for tasks to queue
[2022-06-14 18:50:02,266] {logging_mixin.py:115} INFO - [2022-06-14 18:50:02,266] {dagbag.py:507} INFO - Filling up the DagBag from /usr/local/lib/python3.10/dist-packages/airflow/example_dags/example_short_circuit_operator.py
[2022-06-14 18:50:02,275] {processor.py:651} INFO - DAG(s) dict_keys(['example_short_circuit_operator']) retrieved from /usr/local/lib/python3.10/dist-packages/airflow/example_dags/example_short_circuit_operator.py
[2022-06-14 18:50:02,293] {logging_mixin.py:115} INFO - [2022-06-14 18:50:02,293] {dag.py:2371} INFO - Sync 1 DAGs
[2022-06-14 18:50:02,311] {logging_mixin.py:115} INFO - [2022-06-14 18:50:02,311] {dag.py:2915} INFO - Setting next_dagrun for example_short_circuit_operator to 2022-06-13T13:20:02.311220+00:00, run_after=2022-06-14T13:20:02.311220+00:00
[2022-06-14 18:50:02,331] {processor.py:161} INFO - Processing /usr/local/lib/python3.10/dist-packages/airflow/example_dags/example_short_circuit_operator.py took 0.069 seconds
[2022-06-14 18:50:43,876] {processor.py:153} INFO - Started process (PID=8424) to work on /usr/local/lib/python3.10/dist-packages/airflow/example_dags/example_short_circuit_operator.py
[2022-06-14 18:50:43,877] {processor.py:641} INFO - Processing file /usr/local/lib/python3.10/dist-packages/airflow/example_dags/example_short_circuit_operator.py for tasks to queue
[2022-06-14 18:50:43,878] {logging_mixin.py:115} INFO - [2022-06-14 18:50:43,878] {dagbag.py:507} INFO - Filling up the DagBag from /usr/local/lib/python3.10/dist-packages/airflow/example_dags/example_short_circuit_operator.py
[2022-06-14 18:50:43,888] {processor.py:651} INFO - DAG(s) dict_keys(['example_short_circuit_operator']) retrieved from /usr/local/lib/python3.10/dist-packages/airflow/example_dags/example_short_circuit_operator.py
[2022-06-14 18:50:43,905] {logging_mixin.py:115} INFO - [2022-06-14 18:50:43,904] {dag.py:2371} INFO - Sync 1 DAGs
[2022-06-14 18:50:43,920] {logging_mixin.py:115} INFO - [2022-06-14 18:50:43,920] {dag.py:2915} INFO - Setting next_dagrun for example_short_circuit_operator to 2022-06-13T13:20:43.920536+00:00, run_after=2022-06-14T13:20:43.920536+00:00
[2022-06-14 18:50:43,965] {processor.py:161} INFO - Processing /usr/local/lib/python3.10/dist-packages/airflow/example_dags/example_short_circuit_operator.py took 0.092 seconds
[2022-06-14 18:51:19,312] {processor.py:153} INFO - Started process (PID=8482) to work on /usr/local/lib/python3.10/dist-packages/airflow/example_dags/example_short_circuit_operator.py
[2022-06-14 18:51:19,312] {processor.py:641} INFO - Processing file /usr/local/lib/python3.10/dist-packages/airflow/example_dags/example_short_circuit_operator.py for tasks to queue
[2022-06-14 18:51:19,313] {logging_mixin.py:115} INFO - [2022-06-14 18:51:19,313] {dagbag.py:507} INFO - Filling up the DagBag from /usr/local/lib/python3.10/dist-packages/airflow/example_dags/example_short_circuit_operator.py
[2022-06-14 18:51:19,323] {processor.py:651} INFO - DAG(s) dict_keys(['example_short_circuit_operator']) retrieved from /usr/local/lib/python3.10/dist-packages/airflow/example_dags/example_short_circuit_operator.py
[2022-06-14 18:51:19,340] {logging_mixin.py:115} INFO - [2022-06-14 18:51:19,340] {dag.py:2371} INFO - Sync 1 DAGs
[2022-06-14 18:51:19,357] {logging_mixin.py:115} INFO - [2022-06-14 18:51:19,357] {dag.py:2915} INFO - Setting next_dagrun for example_short_circuit_operator to 2022-06-13T13:21:19.357117+00:00, run_after=2022-06-14T13:21:19.357117+00:00
[2022-06-14 18:51:19,381] {processor.py:161} INFO - Processing /usr/local/lib/python3.10/dist-packages/airflow/example_dags/example_short_circuit_operator.py took 0.073 seconds
[2022-06-14 18:52:02,923] {processor.py:153} INFO - Started process (PID=8548) to work on /usr/local/lib/python3.10/dist-packages/airflow/example_dags/example_short_circuit_operator.py
[2022-06-14 18:52:02,924] {processor.py:641} INFO - Processing file /usr/local/lib/python3.10/dist-packages/airflow/example_dags/example_short_circuit_operator.py for tasks to queue
[2022-06-14 18:52:02,925] {logging_mixin.py:115} INFO - [2022-06-14 18:52:02,925] {dagbag.py:507} INFO - Filling up the DagBag from /usr/local/lib/python3.10/dist-packages/airflow/example_dags/example_short_circuit_operator.py
[2022-06-14 18:52:02,935] {processor.py:651} INFO - DAG(s) dict_keys(['example_short_circuit_operator']) retrieved from /usr/local/lib/python3.10/dist-packages/airflow/example_dags/example_short_circuit_operator.py
[2022-06-14 18:52:02,951] {logging_mixin.py:115} INFO - [2022-06-14 18:52:02,951] {dag.py:2371} INFO - Sync 1 DAGs
[2022-06-14 18:52:02,967] {logging_mixin.py:115} INFO - [2022-06-14 18:52:02,967] {dag.py:2915} INFO - Setting next_dagrun for example_short_circuit_operator to 2022-06-13T13:22:02.967560+00:00, run_after=2022-06-14T13:22:02.967560+00:00
[2022-06-14 18:52:02,986] {processor.py:161} INFO - Processing /usr/local/lib/python3.10/dist-packages/airflow/example_dags/example_short_circuit_operator.py took 0.065 seconds
[2022-06-14 18:52:39,211] {processor.py:153} INFO - Started process (PID=8608) to work on /usr/local/lib/python3.10/dist-packages/airflow/example_dags/example_short_circuit_operator.py
[2022-06-14 18:52:39,213] {processor.py:641} INFO - Processing file /usr/local/lib/python3.10/dist-packages/airflow/example_dags/example_short_circuit_operator.py for tasks to queue
[2022-06-14 18:52:39,213] {logging_mixin.py:115} INFO - [2022-06-14 18:52:39,213] {dagbag.py:507} INFO - Filling up the DagBag from /usr/local/lib/python3.10/dist-packages/airflow/example_dags/example_short_circuit_operator.py
[2022-06-14 18:52:39,223] {processor.py:651} INFO - DAG(s) dict_keys(['example_short_circuit_operator']) retrieved from /usr/local/lib/python3.10/dist-packages/airflow/example_dags/example_short_circuit_operator.py
[2022-06-14 18:52:39,240] {logging_mixin.py:115} INFO - [2022-06-14 18:52:39,240] {dag.py:2371} INFO - Sync 1 DAGs
[2022-06-14 18:52:39,256] {logging_mixin.py:115} INFO - [2022-06-14 18:52:39,256] {dag.py:2915} INFO - Setting next_dagrun for example_short_circuit_operator to 2022-06-13T13:22:39.256204+00:00, run_after=2022-06-14T13:22:39.256204+00:00
[2022-06-14 18:52:39,274] {processor.py:161} INFO - Processing /usr/local/lib/python3.10/dist-packages/airflow/example_dags/example_short_circuit_operator.py took 0.066 seconds
[2022-06-14 18:53:19,292] {processor.py:153} INFO - Started process (PID=8690) to work on /usr/local/lib/python3.10/dist-packages/airflow/example_dags/example_short_circuit_operator.py
[2022-06-14 18:53:19,293] {processor.py:641} INFO - Processing file /usr/local/lib/python3.10/dist-packages/airflow/example_dags/example_short_circuit_operator.py for tasks to queue
[2022-06-14 18:53:19,293] {logging_mixin.py:115} INFO - [2022-06-14 18:53:19,293] {dagbag.py:507} INFO - Filling up the DagBag from /usr/local/lib/python3.10/dist-packages/airflow/example_dags/example_short_circuit_operator.py
[2022-06-14 18:53:19,304] {processor.py:651} INFO - DAG(s) dict_keys(['example_short_circuit_operator']) retrieved from /usr/local/lib/python3.10/dist-packages/airflow/example_dags/example_short_circuit_operator.py
[2022-06-14 18:53:19,321] {logging_mixin.py:115} INFO - [2022-06-14 18:53:19,321] {dag.py:2371} INFO - Sync 1 DAGs
[2022-06-14 18:53:19,337] {logging_mixin.py:115} INFO - [2022-06-14 18:53:19,337] {dag.py:2915} INFO - Setting next_dagrun for example_short_circuit_operator to 2022-06-13T13:23:19.336823+00:00, run_after=2022-06-14T13:23:19.336823+00:00
[2022-06-14 18:53:19,354] {processor.py:161} INFO - Processing /usr/local/lib/python3.10/dist-packages/airflow/example_dags/example_short_circuit_operator.py took 0.066 seconds
[2022-06-14 18:53:54,922] {processor.py:153} INFO - Started process (PID=8743) to work on /usr/local/lib/python3.10/dist-packages/airflow/example_dags/example_short_circuit_operator.py
[2022-06-14 18:53:54,922] {processor.py:641} INFO - Processing file /usr/local/lib/python3.10/dist-packages/airflow/example_dags/example_short_circuit_operator.py for tasks to queue
[2022-06-14 18:53:54,923] {logging_mixin.py:115} INFO - [2022-06-14 18:53:54,923] {dagbag.py:507} INFO - Filling up the DagBag from /usr/local/lib/python3.10/dist-packages/airflow/example_dags/example_short_circuit_operator.py
[2022-06-14 18:53:54,930] {processor.py:651} INFO - DAG(s) dict_keys(['example_short_circuit_operator']) retrieved from /usr/local/lib/python3.10/dist-packages/airflow/example_dags/example_short_circuit_operator.py
[2022-06-14 18:53:54,945] {logging_mixin.py:115} INFO - [2022-06-14 18:53:54,945] {dag.py:2371} INFO - Sync 1 DAGs
[2022-06-14 18:53:54,961] {logging_mixin.py:115} INFO - [2022-06-14 18:53:54,960] {dag.py:2915} INFO - Setting next_dagrun for example_short_circuit_operator to 2022-06-13T13:23:54.960767+00:00, run_after=2022-06-14T13:23:54.960767+00:00
[2022-06-14 18:53:54,979] {processor.py:161} INFO - Processing /usr/local/lib/python3.10/dist-packages/airflow/example_dags/example_short_circuit_operator.py took 0.060 seconds
[2022-06-14 18:54:38,080] {processor.py:153} INFO - Started process (PID=8807) to work on /usr/local/lib/python3.10/dist-packages/airflow/example_dags/example_short_circuit_operator.py
[2022-06-14 18:54:38,081] {processor.py:641} INFO - Processing file /usr/local/lib/python3.10/dist-packages/airflow/example_dags/example_short_circuit_operator.py for tasks to queue
[2022-06-14 18:54:38,081] {logging_mixin.py:115} INFO - [2022-06-14 18:54:38,081] {dagbag.py:507} INFO - Filling up the DagBag from /usr/local/lib/python3.10/dist-packages/airflow/example_dags/example_short_circuit_operator.py
[2022-06-14 18:54:38,091] {processor.py:651} INFO - DAG(s) dict_keys(['example_short_circuit_operator']) retrieved from /usr/local/lib/python3.10/dist-packages/airflow/example_dags/example_short_circuit_operator.py
[2022-06-14 18:54:38,108] {logging_mixin.py:115} INFO - [2022-06-14 18:54:38,108] {dag.py:2371} INFO - Sync 1 DAGs
[2022-06-14 18:54:38,125] {logging_mixin.py:115} INFO - [2022-06-14 18:54:38,125] {dag.py:2915} INFO - Setting next_dagrun for example_short_circuit_operator to 2022-06-13T13:24:38.125340+00:00, run_after=2022-06-14T13:24:38.125340+00:00
[2022-06-14 18:54:38,144] {processor.py:161} INFO - Processing /usr/local/lib/python3.10/dist-packages/airflow/example_dags/example_short_circuit_operator.py took 0.067 seconds
[2022-06-14 18:55:17,553] {processor.py:153} INFO - Started process (PID=8862) to work on /usr/local/lib/python3.10/dist-packages/airflow/example_dags/example_short_circuit_operator.py
[2022-06-14 18:55:17,554] {processor.py:641} INFO - Processing file /usr/local/lib/python3.10/dist-packages/airflow/example_dags/example_short_circuit_operator.py for tasks to queue
[2022-06-14 18:55:17,554] {logging_mixin.py:115} INFO - [2022-06-14 18:55:17,554] {dagbag.py:507} INFO - Filling up the DagBag from /usr/local/lib/python3.10/dist-packages/airflow/example_dags/example_short_circuit_operator.py
[2022-06-14 18:55:17,564] {processor.py:651} INFO - DAG(s) dict_keys(['example_short_circuit_operator']) retrieved from /usr/local/lib/python3.10/dist-packages/airflow/example_dags/example_short_circuit_operator.py
[2022-06-14 18:55:17,581] {logging_mixin.py:115} INFO - [2022-06-14 18:55:17,581] {dag.py:2371} INFO - Sync 1 DAGs
[2022-06-14 18:55:17,596] {logging_mixin.py:115} INFO - [2022-06-14 18:55:17,596] {dag.py:2915} INFO - Setting next_dagrun for example_short_circuit_operator to 2022-06-13T13:25:17.596495+00:00, run_after=2022-06-14T13:25:17.596495+00:00
[2022-06-14 18:55:17,614] {processor.py:161} INFO - Processing /usr/local/lib/python3.10/dist-packages/airflow/example_dags/example_short_circuit_operator.py took 0.064 seconds
[2022-06-14 18:55:52,856] {processor.py:153} INFO - Started process (PID=8903) to work on /usr/local/lib/python3.10/dist-packages/airflow/example_dags/example_short_circuit_operator.py
[2022-06-14 18:55:52,857] {processor.py:641} INFO - Processing file /usr/local/lib/python3.10/dist-packages/airflow/example_dags/example_short_circuit_operator.py for tasks to queue
[2022-06-14 18:55:52,857] {logging_mixin.py:115} INFO - [2022-06-14 18:55:52,857] {dagbag.py:507} INFO - Filling up the DagBag from /usr/local/lib/python3.10/dist-packages/airflow/example_dags/example_short_circuit_operator.py
[2022-06-14 18:55:52,867] {processor.py:651} INFO - DAG(s) dict_keys(['example_short_circuit_operator']) retrieved from /usr/local/lib/python3.10/dist-packages/airflow/example_dags/example_short_circuit_operator.py
[2022-06-14 18:55:52,885] {logging_mixin.py:115} INFO - [2022-06-14 18:55:52,885] {dag.py:2371} INFO - Sync 1 DAGs
[2022-06-14 18:55:52,901] {logging_mixin.py:115} INFO - [2022-06-14 18:55:52,901] {dag.py:2915} INFO - Setting next_dagrun for example_short_circuit_operator to 2022-06-13T13:25:52.900944+00:00, run_after=2022-06-14T13:25:52.900944+00:00
[2022-06-14 18:55:52,920] {processor.py:161} INFO - Processing /usr/local/lib/python3.10/dist-packages/airflow/example_dags/example_short_circuit_operator.py took 0.067 seconds
[2022-06-14 18:56:32,983] {processor.py:153} INFO - Started process (PID=8959) to work on /usr/local/lib/python3.10/dist-packages/airflow/example_dags/example_short_circuit_operator.py
[2022-06-14 18:56:32,984] {processor.py:641} INFO - Processing file /usr/local/lib/python3.10/dist-packages/airflow/example_dags/example_short_circuit_operator.py for tasks to queue
[2022-06-14 18:56:32,985] {logging_mixin.py:115} INFO - [2022-06-14 18:56:32,984] {dagbag.py:507} INFO - Filling up the DagBag from /usr/local/lib/python3.10/dist-packages/airflow/example_dags/example_short_circuit_operator.py
[2022-06-14 18:56:32,994] {processor.py:651} INFO - DAG(s) dict_keys(['example_short_circuit_operator']) retrieved from /usr/local/lib/python3.10/dist-packages/airflow/example_dags/example_short_circuit_operator.py
[2022-06-14 18:56:33,011] {logging_mixin.py:115} INFO - [2022-06-14 18:56:33,010] {dag.py:2371} INFO - Sync 1 DAGs
[2022-06-14 18:56:33,027] {logging_mixin.py:115} INFO - [2022-06-14 18:56:33,026] {dag.py:2915} INFO - Setting next_dagrun for example_short_circuit_operator to 2022-06-13T13:26:33.026754+00:00, run_after=2022-06-14T13:26:33.026754+00:00
[2022-06-14 18:56:33,045] {processor.py:161} INFO - Processing /usr/local/lib/python3.10/dist-packages/airflow/example_dags/example_short_circuit_operator.py took 0.065 seconds
[2022-06-14 18:57:11,478] {processor.py:153} INFO - Started process (PID=9019) to work on /usr/local/lib/python3.10/dist-packages/airflow/example_dags/example_short_circuit_operator.py
[2022-06-14 18:57:11,479] {processor.py:641} INFO - Processing file /usr/local/lib/python3.10/dist-packages/airflow/example_dags/example_short_circuit_operator.py for tasks to queue
[2022-06-14 18:57:11,480] {logging_mixin.py:115} INFO - [2022-06-14 18:57:11,479] {dagbag.py:507} INFO - Filling up the DagBag from /usr/local/lib/python3.10/dist-packages/airflow/example_dags/example_short_circuit_operator.py
[2022-06-14 18:57:11,489] {processor.py:651} INFO - DAG(s) dict_keys(['example_short_circuit_operator']) retrieved from /usr/local/lib/python3.10/dist-packages/airflow/example_dags/example_short_circuit_operator.py
[2022-06-14 18:57:11,505] {logging_mixin.py:115} INFO - [2022-06-14 18:57:11,505] {dag.py:2371} INFO - Sync 1 DAGs
[2022-06-14 18:57:11,521] {logging_mixin.py:115} INFO - [2022-06-14 18:57:11,521] {dag.py:2915} INFO - Setting next_dagrun for example_short_circuit_operator to 2022-06-13T13:27:11.520850+00:00, run_after=2022-06-14T13:27:11.520850+00:00
[2022-06-14 18:57:11,538] {processor.py:161} INFO - Processing /usr/local/lib/python3.10/dist-packages/airflow/example_dags/example_short_circuit_operator.py took 0.063 seconds
[2022-06-14 18:57:52,856] {processor.py:153} INFO - Started process (PID=9093) to work on /usr/local/lib/python3.10/dist-packages/airflow/example_dags/example_short_circuit_operator.py
[2022-06-14 18:57:52,856] {processor.py:641} INFO - Processing file /usr/local/lib/python3.10/dist-packages/airflow/example_dags/example_short_circuit_operator.py for tasks to queue
[2022-06-14 18:57:52,857] {logging_mixin.py:115} INFO - [2022-06-14 18:57:52,857] {dagbag.py:507} INFO - Filling up the DagBag from /usr/local/lib/python3.10/dist-packages/airflow/example_dags/example_short_circuit_operator.py
[2022-06-14 18:57:52,865] {processor.py:651} INFO - DAG(s) dict_keys(['example_short_circuit_operator']) retrieved from /usr/local/lib/python3.10/dist-packages/airflow/example_dags/example_short_circuit_operator.py
[2022-06-14 18:57:52,880] {logging_mixin.py:115} INFO - [2022-06-14 18:57:52,880] {dag.py:2371} INFO - Sync 1 DAGs
[2022-06-14 18:57:52,897] {logging_mixin.py:115} INFO - [2022-06-14 18:57:52,897] {dag.py:2915} INFO - Setting next_dagrun for example_short_circuit_operator to 2022-06-13T13:27:52.897590+00:00, run_after=2022-06-14T13:27:52.897590+00:00
[2022-06-14 18:57:52,917] {processor.py:161} INFO - Processing /usr/local/lib/python3.10/dist-packages/airflow/example_dags/example_short_circuit_operator.py took 0.063 seconds
[2022-06-14 18:58:29,043] {processor.py:153} INFO - Started process (PID=9145) to work on /usr/local/lib/python3.10/dist-packages/airflow/example_dags/example_short_circuit_operator.py
[2022-06-14 18:58:29,043] {processor.py:641} INFO - Processing file /usr/local/lib/python3.10/dist-packages/airflow/example_dags/example_short_circuit_operator.py for tasks to queue
[2022-06-14 18:58:29,044] {logging_mixin.py:115} INFO - [2022-06-14 18:58:29,044] {dagbag.py:507} INFO - Filling up the DagBag from /usr/local/lib/python3.10/dist-packages/airflow/example_dags/example_short_circuit_operator.py
[2022-06-14 18:58:29,052] {processor.py:651} INFO - DAG(s) dict_keys(['example_short_circuit_operator']) retrieved from /usr/local/lib/python3.10/dist-packages/airflow/example_dags/example_short_circuit_operator.py
[2022-06-14 18:58:29,069] {logging_mixin.py:115} INFO - [2022-06-14 18:58:29,069] {dag.py:2371} INFO - Sync 1 DAGs
[2022-06-14 18:58:29,087] {logging_mixin.py:115} INFO - [2022-06-14 18:58:29,087] {dag.py:2915} INFO - Setting next_dagrun for example_short_circuit_operator to 2022-06-13T13:28:29.086814+00:00, run_after=2022-06-14T13:28:29.086814+00:00
[2022-06-14 18:58:29,107] {processor.py:161} INFO - Processing /usr/local/lib/python3.10/dist-packages/airflow/example_dags/example_short_circuit_operator.py took 0.066 seconds
[2022-06-14 18:59:06,078] {processor.py:153} INFO - Started process (PID=9201) to work on /usr/local/lib/python3.10/dist-packages/airflow/example_dags/example_short_circuit_operator.py
[2022-06-14 18:59:06,079] {processor.py:641} INFO - Processing file /usr/local/lib/python3.10/dist-packages/airflow/example_dags/example_short_circuit_operator.py for tasks to queue
[2022-06-14 18:59:06,079] {logging_mixin.py:115} INFO - [2022-06-14 18:59:06,079] {dagbag.py:507} INFO - Filling up the DagBag from /usr/local/lib/python3.10/dist-packages/airflow/example_dags/example_short_circuit_operator.py
[2022-06-14 18:59:06,087] {processor.py:651} INFO - DAG(s) dict_keys(['example_short_circuit_operator']) retrieved from /usr/local/lib/python3.10/dist-packages/airflow/example_dags/example_short_circuit_operator.py
[2022-06-14 18:59:06,103] {logging_mixin.py:115} INFO - [2022-06-14 18:59:06,103] {dag.py:2371} INFO - Sync 1 DAGs
[2022-06-14 18:59:06,120] {logging_mixin.py:115} INFO - [2022-06-14 18:59:06,120] {dag.py:2915} INFO - Setting next_dagrun for example_short_circuit_operator to 2022-06-13T13:29:06.120529+00:00, run_after=2022-06-14T13:29:06.120529+00:00
[2022-06-14 18:59:06,139] {processor.py:161} INFO - Processing /usr/local/lib/python3.10/dist-packages/airflow/example_dags/example_short_circuit_operator.py took 0.064 seconds
[2022-06-14 18:59:46,631] {processor.py:153} INFO - Started process (PID=9256) to work on /usr/local/lib/python3.10/dist-packages/airflow/example_dags/example_short_circuit_operator.py
[2022-06-14 18:59:46,632] {processor.py:641} INFO - Processing file /usr/local/lib/python3.10/dist-packages/airflow/example_dags/example_short_circuit_operator.py for tasks to queue
[2022-06-14 18:59:46,632] {logging_mixin.py:115} INFO - [2022-06-14 18:59:46,632] {dagbag.py:507} INFO - Filling up the DagBag from /usr/local/lib/python3.10/dist-packages/airflow/example_dags/example_short_circuit_operator.py
[2022-06-14 18:59:46,641] {processor.py:651} INFO - DAG(s) dict_keys(['example_short_circuit_operator']) retrieved from /usr/local/lib/python3.10/dist-packages/airflow/example_dags/example_short_circuit_operator.py
[2022-06-14 18:59:46,657] {logging_mixin.py:115} INFO - [2022-06-14 18:59:46,657] {dag.py:2371} INFO - Sync 1 DAGs
[2022-06-14 18:59:46,674] {logging_mixin.py:115} INFO - [2022-06-14 18:59:46,674] {dag.py:2915} INFO - Setting next_dagrun for example_short_circuit_operator to 2022-06-13T13:29:46.673889+00:00, run_after=2022-06-14T13:29:46.673889+00:00
[2022-06-14 18:59:46,692] {processor.py:161} INFO - Processing /usr/local/lib/python3.10/dist-packages/airflow/example_dags/example_short_circuit_operator.py took 0.064 seconds
[2022-06-14 19:00:20,457] {processor.py:153} INFO - Started process (PID=9326) to work on /usr/local/lib/python3.10/dist-packages/airflow/example_dags/example_short_circuit_operator.py
[2022-06-14 19:00:20,457] {processor.py:641} INFO - Processing file /usr/local/lib/python3.10/dist-packages/airflow/example_dags/example_short_circuit_operator.py for tasks to queue
[2022-06-14 19:00:20,458] {logging_mixin.py:115} INFO - [2022-06-14 19:00:20,458] {dagbag.py:507} INFO - Filling up the DagBag from /usr/local/lib/python3.10/dist-packages/airflow/example_dags/example_short_circuit_operator.py
[2022-06-14 19:00:20,467] {processor.py:651} INFO - DAG(s) dict_keys(['example_short_circuit_operator']) retrieved from /usr/local/lib/python3.10/dist-packages/airflow/example_dags/example_short_circuit_operator.py
[2022-06-14 19:00:20,483] {logging_mixin.py:115} INFO - [2022-06-14 19:00:20,483] {dag.py:2371} INFO - Sync 1 DAGs
[2022-06-14 19:00:20,500] {logging_mixin.py:115} INFO - [2022-06-14 19:00:20,500] {dag.py:2915} INFO - Setting next_dagrun for example_short_circuit_operator to 2022-06-13T13:30:20.500479+00:00, run_after=2022-06-14T13:30:20.500479+00:00
[2022-06-14 19:00:20,520] {processor.py:161} INFO - Processing /usr/local/lib/python3.10/dist-packages/airflow/example_dags/example_short_circuit_operator.py took 0.065 seconds
[2022-06-14 19:00:56,070] {processor.py:153} INFO - Started process (PID=9374) to work on /usr/local/lib/python3.10/dist-packages/airflow/example_dags/example_short_circuit_operator.py
[2022-06-14 19:00:56,071] {processor.py:641} INFO - Processing file /usr/local/lib/python3.10/dist-packages/airflow/example_dags/example_short_circuit_operator.py for tasks to queue
[2022-06-14 19:00:56,072] {logging_mixin.py:115} INFO - [2022-06-14 19:00:56,072] {dagbag.py:507} INFO - Filling up the DagBag from /usr/local/lib/python3.10/dist-packages/airflow/example_dags/example_short_circuit_operator.py
[2022-06-14 19:00:56,080] {processor.py:651} INFO - DAG(s) dict_keys(['example_short_circuit_operator']) retrieved from /usr/local/lib/python3.10/dist-packages/airflow/example_dags/example_short_circuit_operator.py
[2022-06-14 19:00:56,096] {logging_mixin.py:115} INFO - [2022-06-14 19:00:56,096] {dag.py:2371} INFO - Sync 1 DAGs
[2022-06-14 19:00:56,113] {logging_mixin.py:115} INFO - [2022-06-14 19:00:56,113] {dag.py:2915} INFO - Setting next_dagrun for example_short_circuit_operator to 2022-06-13T13:30:56.113285+00:00, run_after=2022-06-14T13:30:56.113285+00:00
[2022-06-14 19:00:56,132] {processor.py:161} INFO - Processing /usr/local/lib/python3.10/dist-packages/airflow/example_dags/example_short_circuit_operator.py took 0.064 seconds
[2022-06-14 19:01:34,666] {processor.py:153} INFO - Started process (PID=9426) to work on /usr/local/lib/python3.10/dist-packages/airflow/example_dags/example_short_circuit_operator.py
[2022-06-14 19:01:34,667] {processor.py:641} INFO - Processing file /usr/local/lib/python3.10/dist-packages/airflow/example_dags/example_short_circuit_operator.py for tasks to queue
[2022-06-14 19:01:34,667] {logging_mixin.py:115} INFO - [2022-06-14 19:01:34,667] {dagbag.py:507} INFO - Filling up the DagBag from /usr/local/lib/python3.10/dist-packages/airflow/example_dags/example_short_circuit_operator.py
[2022-06-14 19:01:34,676] {processor.py:651} INFO - DAG(s) dict_keys(['example_short_circuit_operator']) retrieved from /usr/local/lib/python3.10/dist-packages/airflow/example_dags/example_short_circuit_operator.py
[2022-06-14 19:01:34,692] {logging_mixin.py:115} INFO - [2022-06-14 19:01:34,692] {dag.py:2371} INFO - Sync 1 DAGs
[2022-06-14 19:01:34,710] {logging_mixin.py:115} INFO - [2022-06-14 19:01:34,710] {dag.py:2915} INFO - Setting next_dagrun for example_short_circuit_operator to 2022-06-13T13:31:34.709938+00:00, run_after=2022-06-14T13:31:34.709938+00:00
[2022-06-14 19:01:34,729] {processor.py:161} INFO - Processing /usr/local/lib/python3.10/dist-packages/airflow/example_dags/example_short_circuit_operator.py took 0.065 seconds
[2022-06-14 19:02:14,463] {processor.py:153} INFO - Started process (PID=9483) to work on /usr/local/lib/python3.10/dist-packages/airflow/example_dags/example_short_circuit_operator.py
[2022-06-14 19:02:14,464] {processor.py:641} INFO - Processing file /usr/local/lib/python3.10/dist-packages/airflow/example_dags/example_short_circuit_operator.py for tasks to queue
[2022-06-14 19:02:14,464] {logging_mixin.py:115} INFO - [2022-06-14 19:02:14,464] {dagbag.py:507} INFO - Filling up the DagBag from /usr/local/lib/python3.10/dist-packages/airflow/example_dags/example_short_circuit_operator.py
[2022-06-14 19:02:14,473] {processor.py:651} INFO - DAG(s) dict_keys(['example_short_circuit_operator']) retrieved from /usr/local/lib/python3.10/dist-packages/airflow/example_dags/example_short_circuit_operator.py
[2022-06-14 19:02:14,488] {logging_mixin.py:115} INFO - [2022-06-14 19:02:14,488] {dag.py:2371} INFO - Sync 1 DAGs
[2022-06-14 19:02:14,505] {logging_mixin.py:115} INFO - [2022-06-14 19:02:14,505] {dag.py:2915} INFO - Setting next_dagrun for example_short_circuit_operator to 2022-06-13T13:32:14.505538+00:00, run_after=2022-06-14T13:32:14.505538+00:00
[2022-06-14 19:02:14,524] {processor.py:161} INFO - Processing /usr/local/lib/python3.10/dist-packages/airflow/example_dags/example_short_circuit_operator.py took 0.063 seconds
[2022-06-14 19:02:50,604] {processor.py:153} INFO - Started process (PID=9545) to work on /usr/local/lib/python3.10/dist-packages/airflow/example_dags/example_short_circuit_operator.py
[2022-06-14 19:02:50,605] {processor.py:641} INFO - Processing file /usr/local/lib/python3.10/dist-packages/airflow/example_dags/example_short_circuit_operator.py for tasks to queue
[2022-06-14 19:02:50,605] {logging_mixin.py:115} INFO - [2022-06-14 19:02:50,605] {dagbag.py:507} INFO - Filling up the DagBag from /usr/local/lib/python3.10/dist-packages/airflow/example_dags/example_short_circuit_operator.py
[2022-06-14 19:02:50,616] {processor.py:651} INFO - DAG(s) dict_keys(['example_short_circuit_operator']) retrieved from /usr/local/lib/python3.10/dist-packages/airflow/example_dags/example_short_circuit_operator.py
[2022-06-14 19:02:50,633] {logging_mixin.py:115} INFO - [2022-06-14 19:02:50,633] {dag.py:2371} INFO - Sync 1 DAGs
[2022-06-14 19:02:50,649] {logging_mixin.py:115} INFO - [2022-06-14 19:02:50,649] {dag.py:2915} INFO - Setting next_dagrun for example_short_circuit_operator to 2022-06-13T13:32:50.649073+00:00, run_after=2022-06-14T13:32:50.649073+00:00
[2022-06-14 19:02:50,667] {processor.py:161} INFO - Processing /usr/local/lib/python3.10/dist-packages/airflow/example_dags/example_short_circuit_operator.py took 0.067 seconds
[2022-06-14 19:03:29,662] {processor.py:153} INFO - Started process (PID=9618) to work on /usr/local/lib/python3.10/dist-packages/airflow/example_dags/example_short_circuit_operator.py
[2022-06-14 19:03:29,662] {processor.py:641} INFO - Processing file /usr/local/lib/python3.10/dist-packages/airflow/example_dags/example_short_circuit_operator.py for tasks to queue
[2022-06-14 19:03:29,663] {logging_mixin.py:115} INFO - [2022-06-14 19:03:29,663] {dagbag.py:507} INFO - Filling up the DagBag from /usr/local/lib/python3.10/dist-packages/airflow/example_dags/example_short_circuit_operator.py
[2022-06-14 19:03:29,672] {processor.py:651} INFO - DAG(s) dict_keys(['example_short_circuit_operator']) retrieved from /usr/local/lib/python3.10/dist-packages/airflow/example_dags/example_short_circuit_operator.py
[2022-06-14 19:03:29,688] {logging_mixin.py:115} INFO - [2022-06-14 19:03:29,688] {dag.py:2371} INFO - Sync 1 DAGs
[2022-06-14 19:03:29,705] {logging_mixin.py:115} INFO - [2022-06-14 19:03:29,705] {dag.py:2915} INFO - Setting next_dagrun for example_short_circuit_operator to 2022-06-13T13:33:29.705477+00:00, run_after=2022-06-14T13:33:29.705477+00:00
[2022-06-14 19:03:29,724] {processor.py:161} INFO - Processing /usr/local/lib/python3.10/dist-packages/airflow/example_dags/example_short_circuit_operator.py took 0.065 seconds
[2022-06-14 19:04:05,478] {processor.py:153} INFO - Started process (PID=9670) to work on /usr/local/lib/python3.10/dist-packages/airflow/example_dags/example_short_circuit_operator.py
[2022-06-14 19:04:05,479] {processor.py:641} INFO - Processing file /usr/local/lib/python3.10/dist-packages/airflow/example_dags/example_short_circuit_operator.py for tasks to queue
[2022-06-14 19:04:05,479] {logging_mixin.py:115} INFO - [2022-06-14 19:04:05,479] {dagbag.py:507} INFO - Filling up the DagBag from /usr/local/lib/python3.10/dist-packages/airflow/example_dags/example_short_circuit_operator.py
[2022-06-14 19:04:05,487] {processor.py:651} INFO - DAG(s) dict_keys(['example_short_circuit_operator']) retrieved from /usr/local/lib/python3.10/dist-packages/airflow/example_dags/example_short_circuit_operator.py
[2022-06-14 19:04:05,504] {logging_mixin.py:115} INFO - [2022-06-14 19:04:05,504] {dag.py:2371} INFO - Sync 1 DAGs
[2022-06-14 19:04:05,521] {logging_mixin.py:115} INFO - [2022-06-14 19:04:05,521] {dag.py:2915} INFO - Setting next_dagrun for example_short_circuit_operator to 2022-06-13T13:34:05.521473+00:00, run_after=2022-06-14T13:34:05.521473+00:00
[2022-06-14 19:04:05,540] {processor.py:161} INFO - Processing /usr/local/lib/python3.10/dist-packages/airflow/example_dags/example_short_circuit_operator.py took 0.064 seconds
[2022-06-14 19:04:46,865] {processor.py:153} INFO - Started process (PID=9725) to work on /usr/local/lib/python3.10/dist-packages/airflow/example_dags/example_short_circuit_operator.py
[2022-06-14 19:04:46,865] {processor.py:641} INFO - Processing file /usr/local/lib/python3.10/dist-packages/airflow/example_dags/example_short_circuit_operator.py for tasks to queue
[2022-06-14 19:04:46,866] {logging_mixin.py:115} INFO - [2022-06-14 19:04:46,866] {dagbag.py:507} INFO - Filling up the DagBag from /usr/local/lib/python3.10/dist-packages/airflow/example_dags/example_short_circuit_operator.py
[2022-06-14 19:04:46,875] {processor.py:651} INFO - DAG(s) dict_keys(['example_short_circuit_operator']) retrieved from /usr/local/lib/python3.10/dist-packages/airflow/example_dags/example_short_circuit_operator.py
[2022-06-14 19:04:46,890] {logging_mixin.py:115} INFO - [2022-06-14 19:04:46,890] {dag.py:2371} INFO - Sync 1 DAGs
[2022-06-14 19:04:46,907] {logging_mixin.py:115} INFO - [2022-06-14 19:04:46,907] {dag.py:2915} INFO - Setting next_dagrun for example_short_circuit_operator to 2022-06-13T13:34:46.907139+00:00, run_after=2022-06-14T13:34:46.907139+00:00
[2022-06-14 19:04:46,926] {processor.py:161} INFO - Processing /usr/local/lib/python3.10/dist-packages/airflow/example_dags/example_short_circuit_operator.py took 0.064 seconds
[2022-06-14 19:05:22,959] {processor.py:153} INFO - Started process (PID=9773) to work on /usr/local/lib/python3.10/dist-packages/airflow/example_dags/example_short_circuit_operator.py
[2022-06-14 19:05:22,960] {processor.py:641} INFO - Processing file /usr/local/lib/python3.10/dist-packages/airflow/example_dags/example_short_circuit_operator.py for tasks to queue
[2022-06-14 19:05:22,960] {logging_mixin.py:115} INFO - [2022-06-14 19:05:22,960] {dagbag.py:507} INFO - Filling up the DagBag from /usr/local/lib/python3.10/dist-packages/airflow/example_dags/example_short_circuit_operator.py
[2022-06-14 19:05:22,970] {processor.py:651} INFO - DAG(s) dict_keys(['example_short_circuit_operator']) retrieved from /usr/local/lib/python3.10/dist-packages/airflow/example_dags/example_short_circuit_operator.py
[2022-06-14 19:05:22,986] {logging_mixin.py:115} INFO - [2022-06-14 19:05:22,986] {dag.py:2371} INFO - Sync 1 DAGs
[2022-06-14 19:05:23,003] {logging_mixin.py:115} INFO - [2022-06-14 19:05:23,003] {dag.py:2915} INFO - Setting next_dagrun for example_short_circuit_operator to 2022-06-13T13:35:23.003276+00:00, run_after=2022-06-14T13:35:23.003276+00:00
[2022-06-14 19:05:23,021] {processor.py:161} INFO - Processing /usr/local/lib/python3.10/dist-packages/airflow/example_dags/example_short_circuit_operator.py took 0.065 seconds
[2022-06-14 19:06:01,306] {processor.py:153} INFO - Started process (PID=9832) to work on /usr/local/lib/python3.10/dist-packages/airflow/example_dags/example_short_circuit_operator.py
[2022-06-14 19:06:01,307] {processor.py:641} INFO - Processing file /usr/local/lib/python3.10/dist-packages/airflow/example_dags/example_short_circuit_operator.py for tasks to queue
[2022-06-14 19:06:01,307] {logging_mixin.py:115} INFO - [2022-06-14 19:06:01,307] {dagbag.py:507} INFO - Filling up the DagBag from /usr/local/lib/python3.10/dist-packages/airflow/example_dags/example_short_circuit_operator.py
[2022-06-14 19:06:01,316] {processor.py:651} INFO - DAG(s) dict_keys(['example_short_circuit_operator']) retrieved from /usr/local/lib/python3.10/dist-packages/airflow/example_dags/example_short_circuit_operator.py
[2022-06-14 19:06:01,331] {logging_mixin.py:115} INFO - [2022-06-14 19:06:01,331] {dag.py:2371} INFO - Sync 1 DAGs
[2022-06-14 19:06:01,348] {logging_mixin.py:115} INFO - [2022-06-14 19:06:01,348] {dag.py:2915} INFO - Setting next_dagrun for example_short_circuit_operator to 2022-06-13T13:36:01.348593+00:00, run_after=2022-06-14T13:36:01.348593+00:00
[2022-06-14 19:06:01,368] {processor.py:161} INFO - Processing /usr/local/lib/python3.10/dist-packages/airflow/example_dags/example_short_circuit_operator.py took 0.064 seconds
[2022-06-14 19:06:42,493] {processor.py:153} INFO - Started process (PID=9885) to work on /usr/local/lib/python3.10/dist-packages/airflow/example_dags/example_short_circuit_operator.py
[2022-06-14 19:06:42,494] {processor.py:641} INFO - Processing file /usr/local/lib/python3.10/dist-packages/airflow/example_dags/example_short_circuit_operator.py for tasks to queue
[2022-06-14 19:06:42,494] {logging_mixin.py:115} INFO - [2022-06-14 19:06:42,494] {dagbag.py:507} INFO - Filling up the DagBag from /usr/local/lib/python3.10/dist-packages/airflow/example_dags/example_short_circuit_operator.py
[2022-06-14 19:06:42,503] {processor.py:651} INFO - DAG(s) dict_keys(['example_short_circuit_operator']) retrieved from /usr/local/lib/python3.10/dist-packages/airflow/example_dags/example_short_circuit_operator.py
[2022-06-14 19:06:42,519] {logging_mixin.py:115} INFO - [2022-06-14 19:06:42,519] {dag.py:2371} INFO - Sync 1 DAGs
[2022-06-14 19:06:42,536] {logging_mixin.py:115} INFO - [2022-06-14 19:06:42,536] {dag.py:2915} INFO - Setting next_dagrun for example_short_circuit_operator to 2022-06-13T13:36:42.535972+00:00, run_after=2022-06-14T13:36:42.535972+00:00
[2022-06-14 19:06:42,555] {processor.py:161} INFO - Processing /usr/local/lib/python3.10/dist-packages/airflow/example_dags/example_short_circuit_operator.py took 0.064 seconds
[2022-06-14 19:07:20,555] {processor.py:153} INFO - Started process (PID=9942) to work on /usr/local/lib/python3.10/dist-packages/airflow/example_dags/example_short_circuit_operator.py
[2022-06-14 19:07:20,556] {processor.py:641} INFO - Processing file /usr/local/lib/python3.10/dist-packages/airflow/example_dags/example_short_circuit_operator.py for tasks to queue
[2022-06-14 19:07:20,556] {logging_mixin.py:115} INFO - [2022-06-14 19:07:20,556] {dagbag.py:507} INFO - Filling up the DagBag from /usr/local/lib/python3.10/dist-packages/airflow/example_dags/example_short_circuit_operator.py
[2022-06-14 19:07:20,565] {processor.py:651} INFO - DAG(s) dict_keys(['example_short_circuit_operator']) retrieved from /usr/local/lib/python3.10/dist-packages/airflow/example_dags/example_short_circuit_operator.py
[2022-06-14 19:07:20,580] {logging_mixin.py:115} INFO - [2022-06-14 19:07:20,580] {dag.py:2371} INFO - Sync 1 DAGs
[2022-06-14 19:07:20,597] {logging_mixin.py:115} INFO - [2022-06-14 19:07:20,597] {dag.py:2915} INFO - Setting next_dagrun for example_short_circuit_operator to 2022-06-13T13:37:20.597297+00:00, run_after=2022-06-14T13:37:20.597297+00:00
[2022-06-14 19:07:20,616] {processor.py:161} INFO - Processing /usr/local/lib/python3.10/dist-packages/airflow/example_dags/example_short_circuit_operator.py took 0.063 seconds
[2022-06-14 19:07:57,187] {processor.py:153} INFO - Started process (PID=9994) to work on /usr/local/lib/python3.10/dist-packages/airflow/example_dags/example_short_circuit_operator.py
[2022-06-14 19:07:57,188] {processor.py:641} INFO - Processing file /usr/local/lib/python3.10/dist-packages/airflow/example_dags/example_short_circuit_operator.py for tasks to queue
[2022-06-14 19:07:57,188] {logging_mixin.py:115} INFO - [2022-06-14 19:07:57,188] {dagbag.py:507} INFO - Filling up the DagBag from /usr/local/lib/python3.10/dist-packages/airflow/example_dags/example_short_circuit_operator.py
[2022-06-14 19:07:57,197] {processor.py:651} INFO - DAG(s) dict_keys(['example_short_circuit_operator']) retrieved from /usr/local/lib/python3.10/dist-packages/airflow/example_dags/example_short_circuit_operator.py
[2022-06-14 19:07:57,213] {logging_mixin.py:115} INFO - [2022-06-14 19:07:57,213] {dag.py:2371} INFO - Sync 1 DAGs
[2022-06-14 19:07:57,231] {logging_mixin.py:115} INFO - [2022-06-14 19:07:57,231] {dag.py:2915} INFO - Setting next_dagrun for example_short_circuit_operator to 2022-06-13T13:37:57.230985+00:00, run_after=2022-06-14T13:37:57.230985+00:00
[2022-06-14 19:07:57,251] {processor.py:161} INFO - Processing /usr/local/lib/python3.10/dist-packages/airflow/example_dags/example_short_circuit_operator.py took 0.066 seconds
[2022-06-14 19:08:32,866] {processor.py:153} INFO - Started process (PID=10040) to work on /usr/local/lib/python3.10/dist-packages/airflow/example_dags/example_short_circuit_operator.py
[2022-06-14 19:08:32,867] {processor.py:641} INFO - Processing file /usr/local/lib/python3.10/dist-packages/airflow/example_dags/example_short_circuit_operator.py for tasks to queue
[2022-06-14 19:08:32,867] {logging_mixin.py:115} INFO - [2022-06-14 19:08:32,867] {dagbag.py:507} INFO - Filling up the DagBag from /usr/local/lib/python3.10/dist-packages/airflow/example_dags/example_short_circuit_operator.py
[2022-06-14 19:08:32,876] {processor.py:651} INFO - DAG(s) dict_keys(['example_short_circuit_operator']) retrieved from /usr/local/lib/python3.10/dist-packages/airflow/example_dags/example_short_circuit_operator.py
[2022-06-14 19:08:32,892] {logging_mixin.py:115} INFO - [2022-06-14 19:08:32,892] {dag.py:2371} INFO - Sync 1 DAGs
[2022-06-14 19:08:32,909] {logging_mixin.py:115} INFO - [2022-06-14 19:08:32,909] {dag.py:2915} INFO - Setting next_dagrun for example_short_circuit_operator to 2022-06-13T13:38:32.909374+00:00, run_after=2022-06-14T13:38:32.909374+00:00
[2022-06-14 19:08:32,929] {processor.py:161} INFO - Processing /usr/local/lib/python3.10/dist-packages/airflow/example_dags/example_short_circuit_operator.py took 0.065 seconds
[2022-06-14 19:09:09,857] {processor.py:153} INFO - Started process (PID=10096) to work on /usr/local/lib/python3.10/dist-packages/airflow/example_dags/example_short_circuit_operator.py
[2022-06-14 19:09:09,858] {processor.py:641} INFO - Processing file /usr/local/lib/python3.10/dist-packages/airflow/example_dags/example_short_circuit_operator.py for tasks to queue
[2022-06-14 19:09:09,859] {logging_mixin.py:115} INFO - [2022-06-14 19:09:09,859] {dagbag.py:507} INFO - Filling up the DagBag from /usr/local/lib/python3.10/dist-packages/airflow/example_dags/example_short_circuit_operator.py
[2022-06-14 19:09:09,867] {processor.py:651} INFO - DAG(s) dict_keys(['example_short_circuit_operator']) retrieved from /usr/local/lib/python3.10/dist-packages/airflow/example_dags/example_short_circuit_operator.py
[2022-06-14 19:09:09,883] {logging_mixin.py:115} INFO - [2022-06-14 19:09:09,883] {dag.py:2371} INFO - Sync 1 DAGs
[2022-06-14 19:09:09,900] {logging_mixin.py:115} INFO - [2022-06-14 19:09:09,900] {dag.py:2915} INFO - Setting next_dagrun for example_short_circuit_operator to 2022-06-13T13:39:09.900479+00:00, run_after=2022-06-14T13:39:09.900479+00:00
[2022-06-14 19:09:09,919] {processor.py:161} INFO - Processing /usr/local/lib/python3.10/dist-packages/airflow/example_dags/example_short_circuit_operator.py took 0.064 seconds
[2022-06-14 19:09:52,244] {processor.py:153} INFO - Started process (PID=10154) to work on /usr/local/lib/python3.10/dist-packages/airflow/example_dags/example_short_circuit_operator.py
[2022-06-14 19:09:52,245] {processor.py:641} INFO - Processing file /usr/local/lib/python3.10/dist-packages/airflow/example_dags/example_short_circuit_operator.py for tasks to queue
[2022-06-14 19:09:52,245] {logging_mixin.py:115} INFO - [2022-06-14 19:09:52,245] {dagbag.py:507} INFO - Filling up the DagBag from /usr/local/lib/python3.10/dist-packages/airflow/example_dags/example_short_circuit_operator.py
[2022-06-14 19:09:52,253] {processor.py:651} INFO - DAG(s) dict_keys(['example_short_circuit_operator']) retrieved from /usr/local/lib/python3.10/dist-packages/airflow/example_dags/example_short_circuit_operator.py
[2022-06-14 19:09:52,270] {logging_mixin.py:115} INFO - [2022-06-14 19:09:52,270] {dag.py:2371} INFO - Sync 1 DAGs
[2022-06-14 19:09:52,287] {logging_mixin.py:115} INFO - [2022-06-14 19:09:52,287] {dag.py:2915} INFO - Setting next_dagrun for example_short_circuit_operator to 2022-06-13T13:39:52.287055+00:00, run_after=2022-06-14T13:39:52.287055+00:00
[2022-06-14 19:09:52,306] {processor.py:161} INFO - Processing /usr/local/lib/python3.10/dist-packages/airflow/example_dags/example_short_circuit_operator.py took 0.065 seconds
[2022-06-14 19:10:27,998] {processor.py:153} INFO - Started process (PID=10252) to work on /usr/local/lib/python3.10/dist-packages/airflow/example_dags/example_short_circuit_operator.py
[2022-06-14 19:10:27,999] {processor.py:641} INFO - Processing file /usr/local/lib/python3.10/dist-packages/airflow/example_dags/example_short_circuit_operator.py for tasks to queue
[2022-06-14 19:10:27,999] {logging_mixin.py:115} INFO - [2022-06-14 19:10:27,999] {dagbag.py:507} INFO - Filling up the DagBag from /usr/local/lib/python3.10/dist-packages/airflow/example_dags/example_short_circuit_operator.py
[2022-06-14 19:10:28,008] {processor.py:651} INFO - DAG(s) dict_keys(['example_short_circuit_operator']) retrieved from /usr/local/lib/python3.10/dist-packages/airflow/example_dags/example_short_circuit_operator.py
[2022-06-14 19:10:28,025] {logging_mixin.py:115} INFO - [2022-06-14 19:10:28,025] {dag.py:2371} INFO - Sync 1 DAGs
[2022-06-14 19:10:28,042] {logging_mixin.py:115} INFO - [2022-06-14 19:10:28,042] {dag.py:2915} INFO - Setting next_dagrun for example_short_circuit_operator to 2022-06-13T13:40:28.042104+00:00, run_after=2022-06-14T13:40:28.042104+00:00
[2022-06-14 19:10:28,061] {processor.py:161} INFO - Processing /usr/local/lib/python3.10/dist-packages/airflow/example_dags/example_short_circuit_operator.py took 0.065 seconds
