[2022-06-14 18:33:44,293] {processor.py:153} INFO - Started process (PID=6632) to work on /usr/local/lib/python3.10/dist-packages/airflow/example_dags/example_xcom.py
[2022-06-14 18:33:44,293] {processor.py:641} INFO - Processing file /usr/local/lib/python3.10/dist-packages/airflow/example_dags/example_xcom.py for tasks to queue
[2022-06-14 18:33:44,294] {logging_mixin.py:115} INFO - [2022-06-14 18:33:44,293] {dagbag.py:507} INFO - Filling up the DagBag from /usr/local/lib/python3.10/dist-packages/airflow/example_dags/example_xcom.py
[2022-06-14 18:33:44,312] {processor.py:651} INFO - DAG(s) dict_keys(['example_xcom']) retrieved from /usr/local/lib/python3.10/dist-packages/airflow/example_dags/example_xcom.py
[2022-06-14 18:33:44,354] {logging_mixin.py:115} INFO - [2022-06-14 18:33:44,354] {dag.py:2371} INFO - Sync 1 DAGs
[2022-06-14 18:33:44,370] {logging_mixin.py:115} INFO - [2022-06-14 18:33:44,370] {dag.py:2915} INFO - Setting next_dagrun for example_xcom to 2021-01-01T00:00:00+00:00, run_after=2021-01-01T00:00:00+00:00
[2022-06-14 18:33:44,397] {processor.py:161} INFO - Processing /usr/local/lib/python3.10/dist-packages/airflow/example_dags/example_xcom.py took 0.106 seconds
[2022-06-14 18:34:19,623] {processor.py:153} INFO - Started process (PID=6690) to work on /usr/local/lib/python3.10/dist-packages/airflow/example_dags/example_xcom.py
[2022-06-14 18:34:19,624] {processor.py:641} INFO - Processing file /usr/local/lib/python3.10/dist-packages/airflow/example_dags/example_xcom.py for tasks to queue
[2022-06-14 18:34:19,625] {logging_mixin.py:115} INFO - [2022-06-14 18:34:19,624] {dagbag.py:507} INFO - Filling up the DagBag from /usr/local/lib/python3.10/dist-packages/airflow/example_dags/example_xcom.py
[2022-06-14 18:34:19,642] {processor.py:651} INFO - DAG(s) dict_keys(['example_xcom']) retrieved from /usr/local/lib/python3.10/dist-packages/airflow/example_dags/example_xcom.py
[2022-06-14 18:34:19,684] {logging_mixin.py:115} INFO - [2022-06-14 18:34:19,684] {dag.py:2371} INFO - Sync 1 DAGs
[2022-06-14 18:34:19,701] {logging_mixin.py:115} INFO - [2022-06-14 18:34:19,701] {dag.py:2915} INFO - Setting next_dagrun for example_xcom to 2021-01-01T00:00:00+00:00, run_after=2021-01-01T00:00:00+00:00
[2022-06-14 18:34:19,721] {processor.py:161} INFO - Processing /usr/local/lib/python3.10/dist-packages/airflow/example_dags/example_xcom.py took 0.100 seconds
[2022-06-14 18:34:54,958] {processor.py:153} INFO - Started process (PID=6746) to work on /usr/local/lib/python3.10/dist-packages/airflow/example_dags/example_xcom.py
[2022-06-14 18:34:54,959] {processor.py:641} INFO - Processing file /usr/local/lib/python3.10/dist-packages/airflow/example_dags/example_xcom.py for tasks to queue
[2022-06-14 18:34:54,960] {logging_mixin.py:115} INFO - [2022-06-14 18:34:54,960] {dagbag.py:507} INFO - Filling up the DagBag from /usr/local/lib/python3.10/dist-packages/airflow/example_dags/example_xcom.py
[2022-06-14 18:34:54,977] {processor.py:651} INFO - DAG(s) dict_keys(['example_xcom']) retrieved from /usr/local/lib/python3.10/dist-packages/airflow/example_dags/example_xcom.py
[2022-06-14 18:34:54,991] {logging_mixin.py:115} INFO - [2022-06-14 18:34:54,991] {dag.py:2371} INFO - Sync 1 DAGs
[2022-06-14 18:34:55,007] {logging_mixin.py:115} INFO - [2022-06-14 18:34:55,007] {dag.py:2915} INFO - Setting next_dagrun for example_xcom to 2021-01-01T00:00:00+00:00, run_after=2021-01-01T00:00:00+00:00
[2022-06-14 18:34:55,025] {processor.py:161} INFO - Processing /usr/local/lib/python3.10/dist-packages/airflow/example_dags/example_xcom.py took 0.069 seconds
[2022-06-14 18:35:29,758] {processor.py:153} INFO - Started process (PID=6799) to work on /usr/local/lib/python3.10/dist-packages/airflow/example_dags/example_xcom.py
[2022-06-14 18:35:29,758] {processor.py:641} INFO - Processing file /usr/local/lib/python3.10/dist-packages/airflow/example_dags/example_xcom.py for tasks to queue
[2022-06-14 18:35:29,759] {logging_mixin.py:115} INFO - [2022-06-14 18:35:29,759] {dagbag.py:507} INFO - Filling up the DagBag from /usr/local/lib/python3.10/dist-packages/airflow/example_dags/example_xcom.py
[2022-06-14 18:35:29,776] {processor.py:651} INFO - DAG(s) dict_keys(['example_xcom']) retrieved from /usr/local/lib/python3.10/dist-packages/airflow/example_dags/example_xcom.py
[2022-06-14 18:35:29,791] {logging_mixin.py:115} INFO - [2022-06-14 18:35:29,791] {dag.py:2371} INFO - Sync 1 DAGs
[2022-06-14 18:35:29,810] {logging_mixin.py:115} INFO - [2022-06-14 18:35:29,810] {dag.py:2915} INFO - Setting next_dagrun for example_xcom to 2021-01-01T00:00:00+00:00, run_after=2021-01-01T00:00:00+00:00
[2022-06-14 18:35:29,828] {processor.py:161} INFO - Processing /usr/local/lib/python3.10/dist-packages/airflow/example_dags/example_xcom.py took 0.072 seconds
[2022-06-14 18:36:03,586] {processor.py:153} INFO - Started process (PID=6851) to work on /usr/local/lib/python3.10/dist-packages/airflow/example_dags/example_xcom.py
[2022-06-14 18:36:03,587] {processor.py:641} INFO - Processing file /usr/local/lib/python3.10/dist-packages/airflow/example_dags/example_xcom.py for tasks to queue
[2022-06-14 18:36:03,587] {logging_mixin.py:115} INFO - [2022-06-14 18:36:03,587] {dagbag.py:507} INFO - Filling up the DagBag from /usr/local/lib/python3.10/dist-packages/airflow/example_dags/example_xcom.py
[2022-06-14 18:36:03,604] {processor.py:651} INFO - DAG(s) dict_keys(['example_xcom']) retrieved from /usr/local/lib/python3.10/dist-packages/airflow/example_dags/example_xcom.py
[2022-06-14 18:36:03,618] {logging_mixin.py:115} INFO - [2022-06-14 18:36:03,618] {dag.py:2371} INFO - Sync 1 DAGs
[2022-06-14 18:36:03,634] {logging_mixin.py:115} INFO - [2022-06-14 18:36:03,634] {dag.py:2915} INFO - Setting next_dagrun for example_xcom to 2021-01-01T00:00:00+00:00, run_after=2021-01-01T00:00:00+00:00
[2022-06-14 18:36:03,651] {processor.py:161} INFO - Processing /usr/local/lib/python3.10/dist-packages/airflow/example_dags/example_xcom.py took 0.068 seconds
[2022-06-14 18:36:39,681] {processor.py:153} INFO - Started process (PID=6895) to work on /usr/local/lib/python3.10/dist-packages/airflow/example_dags/example_xcom.py
[2022-06-14 18:36:39,682] {processor.py:641} INFO - Processing file /usr/local/lib/python3.10/dist-packages/airflow/example_dags/example_xcom.py for tasks to queue
[2022-06-14 18:36:39,682] {logging_mixin.py:115} INFO - [2022-06-14 18:36:39,682] {dagbag.py:507} INFO - Filling up the DagBag from /usr/local/lib/python3.10/dist-packages/airflow/example_dags/example_xcom.py
[2022-06-14 18:36:39,699] {processor.py:651} INFO - DAG(s) dict_keys(['example_xcom']) retrieved from /usr/local/lib/python3.10/dist-packages/airflow/example_dags/example_xcom.py
[2022-06-14 18:36:39,714] {logging_mixin.py:115} INFO - [2022-06-14 18:36:39,714] {dag.py:2371} INFO - Sync 1 DAGs
[2022-06-14 18:36:39,731] {logging_mixin.py:115} INFO - [2022-06-14 18:36:39,731] {dag.py:2915} INFO - Setting next_dagrun for example_xcom to 2021-01-01T00:00:00+00:00, run_after=2021-01-01T00:00:00+00:00
[2022-06-14 18:36:39,748] {processor.py:161} INFO - Processing /usr/local/lib/python3.10/dist-packages/airflow/example_dags/example_xcom.py took 0.069 seconds
[2022-06-14 18:37:15,169] {processor.py:153} INFO - Started process (PID=6951) to work on /usr/local/lib/python3.10/dist-packages/airflow/example_dags/example_xcom.py
[2022-06-14 18:37:15,169] {processor.py:641} INFO - Processing file /usr/local/lib/python3.10/dist-packages/airflow/example_dags/example_xcom.py for tasks to queue
[2022-06-14 18:37:15,170] {logging_mixin.py:115} INFO - [2022-06-14 18:37:15,170] {dagbag.py:507} INFO - Filling up the DagBag from /usr/local/lib/python3.10/dist-packages/airflow/example_dags/example_xcom.py
[2022-06-14 18:37:15,190] {processor.py:651} INFO - DAG(s) dict_keys(['example_xcom']) retrieved from /usr/local/lib/python3.10/dist-packages/airflow/example_dags/example_xcom.py
[2022-06-14 18:37:15,206] {logging_mixin.py:115} INFO - [2022-06-14 18:37:15,206] {dag.py:2371} INFO - Sync 1 DAGs
[2022-06-14 18:37:15,223] {logging_mixin.py:115} INFO - [2022-06-14 18:37:15,222] {dag.py:2915} INFO - Setting next_dagrun for example_xcom to 2021-01-01T00:00:00+00:00, run_after=2021-01-01T00:00:00+00:00
[2022-06-14 18:37:15,241] {processor.py:161} INFO - Processing /usr/local/lib/python3.10/dist-packages/airflow/example_dags/example_xcom.py took 0.075 seconds
[2022-06-14 18:37:50,190] {processor.py:153} INFO - Started process (PID=6996) to work on /usr/local/lib/python3.10/dist-packages/airflow/example_dags/example_xcom.py
[2022-06-14 18:37:50,190] {processor.py:641} INFO - Processing file /usr/local/lib/python3.10/dist-packages/airflow/example_dags/example_xcom.py for tasks to queue
[2022-06-14 18:37:50,191] {logging_mixin.py:115} INFO - [2022-06-14 18:37:50,191] {dagbag.py:507} INFO - Filling up the DagBag from /usr/local/lib/python3.10/dist-packages/airflow/example_dags/example_xcom.py
[2022-06-14 18:37:50,207] {processor.py:651} INFO - DAG(s) dict_keys(['example_xcom']) retrieved from /usr/local/lib/python3.10/dist-packages/airflow/example_dags/example_xcom.py
[2022-06-14 18:37:50,222] {logging_mixin.py:115} INFO - [2022-06-14 18:37:50,222] {dag.py:2371} INFO - Sync 1 DAGs
[2022-06-14 18:37:50,239] {logging_mixin.py:115} INFO - [2022-06-14 18:37:50,239] {dag.py:2915} INFO - Setting next_dagrun for example_xcom to 2021-01-01T00:00:00+00:00, run_after=2021-01-01T00:00:00+00:00
[2022-06-14 18:37:50,257] {processor.py:161} INFO - Processing /usr/local/lib/python3.10/dist-packages/airflow/example_dags/example_xcom.py took 0.070 seconds
[2022-06-14 18:38:25,175] {processor.py:153} INFO - Started process (PID=7047) to work on /usr/local/lib/python3.10/dist-packages/airflow/example_dags/example_xcom.py
[2022-06-14 18:38:25,175] {processor.py:641} INFO - Processing file /usr/local/lib/python3.10/dist-packages/airflow/example_dags/example_xcom.py for tasks to queue
[2022-06-14 18:38:25,176] {logging_mixin.py:115} INFO - [2022-06-14 18:38:25,176] {dagbag.py:507} INFO - Filling up the DagBag from /usr/local/lib/python3.10/dist-packages/airflow/example_dags/example_xcom.py
[2022-06-14 18:38:25,194] {processor.py:651} INFO - DAG(s) dict_keys(['example_xcom']) retrieved from /usr/local/lib/python3.10/dist-packages/airflow/example_dags/example_xcom.py
[2022-06-14 18:38:25,235] {logging_mixin.py:115} INFO - [2022-06-14 18:38:25,234] {dag.py:2371} INFO - Sync 1 DAGs
[2022-06-14 18:38:25,253] {logging_mixin.py:115} INFO - [2022-06-14 18:38:25,253] {dag.py:2915} INFO - Setting next_dagrun for example_xcom to 2021-01-01T00:00:00+00:00, run_after=2021-01-01T00:00:00+00:00
[2022-06-14 18:38:25,272] {processor.py:161} INFO - Processing /usr/local/lib/python3.10/dist-packages/airflow/example_dags/example_xcom.py took 0.100 seconds
[2022-06-14 18:38:58,084] {processor.py:153} INFO - Started process (PID=7095) to work on /usr/local/lib/python3.10/dist-packages/airflow/example_dags/example_xcom.py
[2022-06-14 18:38:58,084] {processor.py:641} INFO - Processing file /usr/local/lib/python3.10/dist-packages/airflow/example_dags/example_xcom.py for tasks to queue
[2022-06-14 18:38:58,085] {logging_mixin.py:115} INFO - [2022-06-14 18:38:58,085] {dagbag.py:507} INFO - Filling up the DagBag from /usr/local/lib/python3.10/dist-packages/airflow/example_dags/example_xcom.py
[2022-06-14 18:38:58,103] {processor.py:651} INFO - DAG(s) dict_keys(['example_xcom']) retrieved from /usr/local/lib/python3.10/dist-packages/airflow/example_dags/example_xcom.py
[2022-06-14 18:38:58,117] {logging_mixin.py:115} INFO - [2022-06-14 18:38:58,117] {dag.py:2371} INFO - Sync 1 DAGs
[2022-06-14 18:38:58,135] {logging_mixin.py:115} INFO - [2022-06-14 18:38:58,135] {dag.py:2915} INFO - Setting next_dagrun for example_xcom to 2021-01-01T00:00:00+00:00, run_after=2021-01-01T00:00:00+00:00
[2022-06-14 18:38:58,153] {processor.py:161} INFO - Processing /usr/local/lib/python3.10/dist-packages/airflow/example_dags/example_xcom.py took 0.072 seconds
[2022-06-14 18:39:32,198] {processor.py:153} INFO - Started process (PID=7146) to work on /usr/local/lib/python3.10/dist-packages/airflow/example_dags/example_xcom.py
[2022-06-14 18:39:32,199] {processor.py:641} INFO - Processing file /usr/local/lib/python3.10/dist-packages/airflow/example_dags/example_xcom.py for tasks to queue
[2022-06-14 18:39:32,199] {logging_mixin.py:115} INFO - [2022-06-14 18:39:32,199] {dagbag.py:507} INFO - Filling up the DagBag from /usr/local/lib/python3.10/dist-packages/airflow/example_dags/example_xcom.py
[2022-06-14 18:39:32,216] {processor.py:651} INFO - DAG(s) dict_keys(['example_xcom']) retrieved from /usr/local/lib/python3.10/dist-packages/airflow/example_dags/example_xcom.py
[2022-06-14 18:39:32,230] {logging_mixin.py:115} INFO - [2022-06-14 18:39:32,230] {dag.py:2371} INFO - Sync 1 DAGs
[2022-06-14 18:39:32,248] {logging_mixin.py:115} INFO - [2022-06-14 18:39:32,247] {dag.py:2915} INFO - Setting next_dagrun for example_xcom to 2021-01-01T00:00:00+00:00, run_after=2021-01-01T00:00:00+00:00
[2022-06-14 18:39:32,267] {processor.py:161} INFO - Processing /usr/local/lib/python3.10/dist-packages/airflow/example_dags/example_xcom.py took 0.071 seconds
[2022-06-14 18:40:08,127] {processor.py:153} INFO - Started process (PID=7203) to work on /usr/local/lib/python3.10/dist-packages/airflow/example_dags/example_xcom.py
[2022-06-14 18:40:08,128] {processor.py:641} INFO - Processing file /usr/local/lib/python3.10/dist-packages/airflow/example_dags/example_xcom.py for tasks to queue
[2022-06-14 18:40:08,128] {logging_mixin.py:115} INFO - [2022-06-14 18:40:08,128] {dagbag.py:507} INFO - Filling up the DagBag from /usr/local/lib/python3.10/dist-packages/airflow/example_dags/example_xcom.py
[2022-06-14 18:40:08,146] {processor.py:651} INFO - DAG(s) dict_keys(['example_xcom']) retrieved from /usr/local/lib/python3.10/dist-packages/airflow/example_dags/example_xcom.py
[2022-06-14 18:40:08,161] {logging_mixin.py:115} INFO - [2022-06-14 18:40:08,161] {dag.py:2371} INFO - Sync 1 DAGs
[2022-06-14 18:40:08,179] {logging_mixin.py:115} INFO - [2022-06-14 18:40:08,179] {dag.py:2915} INFO - Setting next_dagrun for example_xcom to 2021-01-01T00:00:00+00:00, run_after=2021-01-01T00:00:00+00:00
[2022-06-14 18:40:08,196] {processor.py:161} INFO - Processing /usr/local/lib/python3.10/dist-packages/airflow/example_dags/example_xcom.py took 0.071 seconds
[2022-06-14 18:40:45,815] {processor.py:153} INFO - Started process (PID=7251) to work on /usr/local/lib/python3.10/dist-packages/airflow/example_dags/example_xcom.py
[2022-06-14 18:40:45,815] {processor.py:641} INFO - Processing file /usr/local/lib/python3.10/dist-packages/airflow/example_dags/example_xcom.py for tasks to queue
[2022-06-14 18:40:45,816] {logging_mixin.py:115} INFO - [2022-06-14 18:40:45,816] {dagbag.py:507} INFO - Filling up the DagBag from /usr/local/lib/python3.10/dist-packages/airflow/example_dags/example_xcom.py
[2022-06-14 18:40:45,835] {processor.py:651} INFO - DAG(s) dict_keys(['example_xcom']) retrieved from /usr/local/lib/python3.10/dist-packages/airflow/example_dags/example_xcom.py
[2022-06-14 18:40:45,849] {logging_mixin.py:115} INFO - [2022-06-14 18:40:45,849] {dag.py:2371} INFO - Sync 1 DAGs
[2022-06-14 18:40:45,866] {logging_mixin.py:115} INFO - [2022-06-14 18:40:45,866] {dag.py:2915} INFO - Setting next_dagrun for example_xcom to 2021-01-01T00:00:00+00:00, run_after=2021-01-01T00:00:00+00:00
[2022-06-14 18:40:45,883] {processor.py:161} INFO - Processing /usr/local/lib/python3.10/dist-packages/airflow/example_dags/example_xcom.py took 0.071 seconds
[2022-06-14 18:41:23,201] {processor.py:153} INFO - Started process (PID=7317) to work on /usr/local/lib/python3.10/dist-packages/airflow/example_dags/example_xcom.py
[2022-06-14 18:41:23,201] {processor.py:641} INFO - Processing file /usr/local/lib/python3.10/dist-packages/airflow/example_dags/example_xcom.py for tasks to queue
[2022-06-14 18:41:23,202] {logging_mixin.py:115} INFO - [2022-06-14 18:41:23,201] {dagbag.py:507} INFO - Filling up the DagBag from /usr/local/lib/python3.10/dist-packages/airflow/example_dags/example_xcom.py
[2022-06-14 18:41:23,225] {processor.py:651} INFO - DAG(s) dict_keys(['example_xcom']) retrieved from /usr/local/lib/python3.10/dist-packages/airflow/example_dags/example_xcom.py
[2022-06-14 18:41:23,298] {logging_mixin.py:115} INFO - [2022-06-14 18:41:23,298] {dag.py:2371} INFO - Sync 1 DAGs
[2022-06-14 18:41:23,331] {logging_mixin.py:115} INFO - [2022-06-14 18:41:23,331] {dag.py:2915} INFO - Setting next_dagrun for example_xcom to 2021-01-01T00:00:00+00:00, run_after=2021-01-01T00:00:00+00:00
[2022-06-14 18:41:23,359] {processor.py:161} INFO - Processing /usr/local/lib/python3.10/dist-packages/airflow/example_dags/example_xcom.py took 0.160 seconds
[2022-06-14 18:42:02,139] {processor.py:153} INFO - Started process (PID=7373) to work on /usr/local/lib/python3.10/dist-packages/airflow/example_dags/example_xcom.py
[2022-06-14 18:42:02,140] {processor.py:641} INFO - Processing file /usr/local/lib/python3.10/dist-packages/airflow/example_dags/example_xcom.py for tasks to queue
[2022-06-14 18:42:02,141] {logging_mixin.py:115} INFO - [2022-06-14 18:42:02,140] {dagbag.py:507} INFO - Filling up the DagBag from /usr/local/lib/python3.10/dist-packages/airflow/example_dags/example_xcom.py
[2022-06-14 18:42:02,158] {processor.py:651} INFO - DAG(s) dict_keys(['example_xcom']) retrieved from /usr/local/lib/python3.10/dist-packages/airflow/example_dags/example_xcom.py
[2022-06-14 18:42:02,199] {logging_mixin.py:115} INFO - [2022-06-14 18:42:02,199] {dag.py:2371} INFO - Sync 1 DAGs
[2022-06-14 18:42:02,216] {logging_mixin.py:115} INFO - [2022-06-14 18:42:02,216] {dag.py:2915} INFO - Setting next_dagrun for example_xcom to 2021-01-01T00:00:00+00:00, run_after=2021-01-01T00:00:00+00:00
[2022-06-14 18:42:02,235] {processor.py:161} INFO - Processing /usr/local/lib/python3.10/dist-packages/airflow/example_dags/example_xcom.py took 0.099 seconds
[2022-06-14 18:42:43,334] {processor.py:153} INFO - Started process (PID=7521) to work on /usr/local/lib/python3.10/dist-packages/airflow/example_dags/example_xcom.py
[2022-06-14 18:42:43,335] {processor.py:641} INFO - Processing file /usr/local/lib/python3.10/dist-packages/airflow/example_dags/example_xcom.py for tasks to queue
[2022-06-14 18:42:43,335] {logging_mixin.py:115} INFO - [2022-06-14 18:42:43,335] {dagbag.py:507} INFO - Filling up the DagBag from /usr/local/lib/python3.10/dist-packages/airflow/example_dags/example_xcom.py
[2022-06-14 18:42:43,354] {processor.py:651} INFO - DAG(s) dict_keys(['example_xcom']) retrieved from /usr/local/lib/python3.10/dist-packages/airflow/example_dags/example_xcom.py
[2022-06-14 18:42:43,370] {logging_mixin.py:115} INFO - [2022-06-14 18:42:43,369] {dag.py:2371} INFO - Sync 1 DAGs
[2022-06-14 18:42:43,387] {logging_mixin.py:115} INFO - [2022-06-14 18:42:43,387] {dag.py:2915} INFO - Setting next_dagrun for example_xcom to 2021-01-01T00:00:00+00:00, run_after=2021-01-01T00:00:00+00:00
[2022-06-14 18:42:43,406] {processor.py:161} INFO - Processing /usr/local/lib/python3.10/dist-packages/airflow/example_dags/example_xcom.py took 0.074 seconds
[2022-06-14 18:43:22,288] {processor.py:153} INFO - Started process (PID=7575) to work on /usr/local/lib/python3.10/dist-packages/airflow/example_dags/example_xcom.py
[2022-06-14 18:43:22,288] {processor.py:641} INFO - Processing file /usr/local/lib/python3.10/dist-packages/airflow/example_dags/example_xcom.py for tasks to queue
[2022-06-14 18:43:22,289] {logging_mixin.py:115} INFO - [2022-06-14 18:43:22,289] {dagbag.py:507} INFO - Filling up the DagBag from /usr/local/lib/python3.10/dist-packages/airflow/example_dags/example_xcom.py
[2022-06-14 18:43:22,308] {processor.py:651} INFO - DAG(s) dict_keys(['example_xcom']) retrieved from /usr/local/lib/python3.10/dist-packages/airflow/example_dags/example_xcom.py
[2022-06-14 18:43:22,351] {logging_mixin.py:115} INFO - [2022-06-14 18:43:22,351] {dag.py:2371} INFO - Sync 1 DAGs
[2022-06-14 18:43:22,369] {logging_mixin.py:115} INFO - [2022-06-14 18:43:22,369] {dag.py:2915} INFO - Setting next_dagrun for example_xcom to 2021-01-01T00:00:00+00:00, run_after=2021-01-01T00:00:00+00:00
[2022-06-14 18:43:22,389] {processor.py:161} INFO - Processing /usr/local/lib/python3.10/dist-packages/airflow/example_dags/example_xcom.py took 0.104 seconds
[2022-06-14 18:43:57,334] {processor.py:153} INFO - Started process (PID=7618) to work on /usr/local/lib/python3.10/dist-packages/airflow/example_dags/example_xcom.py
[2022-06-14 18:43:57,335] {processor.py:641} INFO - Processing file /usr/local/lib/python3.10/dist-packages/airflow/example_dags/example_xcom.py for tasks to queue
[2022-06-14 18:43:57,336] {logging_mixin.py:115} INFO - [2022-06-14 18:43:57,336] {dagbag.py:507} INFO - Filling up the DagBag from /usr/local/lib/python3.10/dist-packages/airflow/example_dags/example_xcom.py
[2022-06-14 18:43:57,357] {processor.py:651} INFO - DAG(s) dict_keys(['example_xcom']) retrieved from /usr/local/lib/python3.10/dist-packages/airflow/example_dags/example_xcom.py
[2022-06-14 18:43:57,374] {logging_mixin.py:115} INFO - [2022-06-14 18:43:57,374] {dag.py:2371} INFO - Sync 1 DAGs
[2022-06-14 18:43:57,394] {logging_mixin.py:115} INFO - [2022-06-14 18:43:57,394] {dag.py:2915} INFO - Setting next_dagrun for example_xcom to 2021-01-01T00:00:00+00:00, run_after=2021-01-01T00:00:00+00:00
[2022-06-14 18:43:57,418] {processor.py:161} INFO - Processing /usr/local/lib/python3.10/dist-packages/airflow/example_dags/example_xcom.py took 0.086 seconds
[2022-06-14 18:44:37,797] {processor.py:153} INFO - Started process (PID=7702) to work on /usr/local/lib/python3.10/dist-packages/airflow/example_dags/example_xcom.py
[2022-06-14 18:44:37,797] {processor.py:641} INFO - Processing file /usr/local/lib/python3.10/dist-packages/airflow/example_dags/example_xcom.py for tasks to queue
[2022-06-14 18:44:37,798] {logging_mixin.py:115} INFO - [2022-06-14 18:44:37,798] {dagbag.py:507} INFO - Filling up the DagBag from /usr/local/lib/python3.10/dist-packages/airflow/example_dags/example_xcom.py
[2022-06-14 18:44:37,817] {processor.py:651} INFO - DAG(s) dict_keys(['example_xcom']) retrieved from /usr/local/lib/python3.10/dist-packages/airflow/example_dags/example_xcom.py
[2022-06-14 18:44:37,834] {logging_mixin.py:115} INFO - [2022-06-14 18:44:37,834] {dag.py:2371} INFO - Sync 1 DAGs
[2022-06-14 18:44:37,861] {logging_mixin.py:115} INFO - [2022-06-14 18:44:37,861] {dag.py:2915} INFO - Setting next_dagrun for example_xcom to 2021-01-01T00:00:00+00:00, run_after=2021-01-01T00:00:00+00:00
[2022-06-14 18:44:37,891] {processor.py:161} INFO - Processing /usr/local/lib/python3.10/dist-packages/airflow/example_dags/example_xcom.py took 0.097 seconds
[2022-06-14 18:45:12,997] {processor.py:153} INFO - Started process (PID=7765) to work on /usr/local/lib/python3.10/dist-packages/airflow/example_dags/example_xcom.py
[2022-06-14 18:45:12,998] {processor.py:641} INFO - Processing file /usr/local/lib/python3.10/dist-packages/airflow/example_dags/example_xcom.py for tasks to queue
[2022-06-14 18:45:12,999] {logging_mixin.py:115} INFO - [2022-06-14 18:45:12,998] {dagbag.py:507} INFO - Filling up the DagBag from /usr/local/lib/python3.10/dist-packages/airflow/example_dags/example_xcom.py
[2022-06-14 18:45:13,017] {processor.py:651} INFO - DAG(s) dict_keys(['example_xcom']) retrieved from /usr/local/lib/python3.10/dist-packages/airflow/example_dags/example_xcom.py
[2022-06-14 18:45:13,032] {logging_mixin.py:115} INFO - [2022-06-14 18:45:13,032] {dag.py:2371} INFO - Sync 1 DAGs
[2022-06-14 18:45:13,049] {logging_mixin.py:115} INFO - [2022-06-14 18:45:13,049] {dag.py:2915} INFO - Setting next_dagrun for example_xcom to 2021-01-01T00:00:00+00:00, run_after=2021-01-01T00:00:00+00:00
[2022-06-14 18:45:13,067] {processor.py:161} INFO - Processing /usr/local/lib/python3.10/dist-packages/airflow/example_dags/example_xcom.py took 0.073 seconds
[2022-06-14 18:45:50,621] {processor.py:153} INFO - Started process (PID=7870) to work on /usr/local/lib/python3.10/dist-packages/airflow/example_dags/example_xcom.py
[2022-06-14 18:45:50,621] {processor.py:641} INFO - Processing file /usr/local/lib/python3.10/dist-packages/airflow/example_dags/example_xcom.py for tasks to queue
[2022-06-14 18:45:50,622] {logging_mixin.py:115} INFO - [2022-06-14 18:45:50,622] {dagbag.py:507} INFO - Filling up the DagBag from /usr/local/lib/python3.10/dist-packages/airflow/example_dags/example_xcom.py
[2022-06-14 18:45:50,640] {processor.py:651} INFO - DAG(s) dict_keys(['example_xcom']) retrieved from /usr/local/lib/python3.10/dist-packages/airflow/example_dags/example_xcom.py
[2022-06-14 18:45:50,654] {logging_mixin.py:115} INFO - [2022-06-14 18:45:50,654] {dag.py:2371} INFO - Sync 1 DAGs
[2022-06-14 18:45:50,671] {logging_mixin.py:115} INFO - [2022-06-14 18:45:50,671] {dag.py:2915} INFO - Setting next_dagrun for example_xcom to 2021-01-01T00:00:00+00:00, run_after=2021-01-01T00:00:00+00:00
[2022-06-14 18:45:50,688] {processor.py:161} INFO - Processing /usr/local/lib/python3.10/dist-packages/airflow/example_dags/example_xcom.py took 0.070 seconds
[2022-06-14 18:46:27,539] {processor.py:153} INFO - Started process (PID=7970) to work on /usr/local/lib/python3.10/dist-packages/airflow/example_dags/example_xcom.py
[2022-06-14 18:46:27,540] {processor.py:641} INFO - Processing file /usr/local/lib/python3.10/dist-packages/airflow/example_dags/example_xcom.py for tasks to queue
[2022-06-14 18:46:27,540] {logging_mixin.py:115} INFO - [2022-06-14 18:46:27,540] {dagbag.py:507} INFO - Filling up the DagBag from /usr/local/lib/python3.10/dist-packages/airflow/example_dags/example_xcom.py
[2022-06-14 18:46:27,559] {processor.py:651} INFO - DAG(s) dict_keys(['example_xcom']) retrieved from /usr/local/lib/python3.10/dist-packages/airflow/example_dags/example_xcom.py
[2022-06-14 18:46:27,575] {logging_mixin.py:115} INFO - [2022-06-14 18:46:27,575] {dag.py:2371} INFO - Sync 1 DAGs
[2022-06-14 18:46:27,592] {logging_mixin.py:115} INFO - [2022-06-14 18:46:27,592] {dag.py:2915} INFO - Setting next_dagrun for example_xcom to 2021-01-01T00:00:00+00:00, run_after=2021-01-01T00:00:00+00:00
[2022-06-14 18:46:27,612] {processor.py:161} INFO - Processing /usr/local/lib/python3.10/dist-packages/airflow/example_dags/example_xcom.py took 0.076 seconds
[2022-06-14 18:47:05,397] {processor.py:153} INFO - Started process (PID=8030) to work on /usr/local/lib/python3.10/dist-packages/airflow/example_dags/example_xcom.py
[2022-06-14 18:47:05,398] {processor.py:641} INFO - Processing file /usr/local/lib/python3.10/dist-packages/airflow/example_dags/example_xcom.py for tasks to queue
[2022-06-14 18:47:05,398] {logging_mixin.py:115} INFO - [2022-06-14 18:47:05,398] {dagbag.py:507} INFO - Filling up the DagBag from /usr/local/lib/python3.10/dist-packages/airflow/example_dags/example_xcom.py
[2022-06-14 18:47:05,416] {processor.py:651} INFO - DAG(s) dict_keys(['example_xcom']) retrieved from /usr/local/lib/python3.10/dist-packages/airflow/example_dags/example_xcom.py
[2022-06-14 18:47:05,430] {logging_mixin.py:115} INFO - [2022-06-14 18:47:05,429] {dag.py:2371} INFO - Sync 1 DAGs
[2022-06-14 18:47:05,446] {logging_mixin.py:115} INFO - [2022-06-14 18:47:05,446] {dag.py:2915} INFO - Setting next_dagrun for example_xcom to 2021-01-01T00:00:00+00:00, run_after=2021-01-01T00:00:00+00:00
[2022-06-14 18:47:05,464] {processor.py:161} INFO - Processing /usr/local/lib/python3.10/dist-packages/airflow/example_dags/example_xcom.py took 0.070 seconds
[2022-06-14 18:47:42,764] {processor.py:153} INFO - Started process (PID=8096) to work on /usr/local/lib/python3.10/dist-packages/airflow/example_dags/example_xcom.py
[2022-06-14 18:47:42,765] {processor.py:641} INFO - Processing file /usr/local/lib/python3.10/dist-packages/airflow/example_dags/example_xcom.py for tasks to queue
[2022-06-14 18:47:42,765] {logging_mixin.py:115} INFO - [2022-06-14 18:47:42,765] {dagbag.py:507} INFO - Filling up the DagBag from /usr/local/lib/python3.10/dist-packages/airflow/example_dags/example_xcom.py
[2022-06-14 18:47:42,783] {processor.py:651} INFO - DAG(s) dict_keys(['example_xcom']) retrieved from /usr/local/lib/python3.10/dist-packages/airflow/example_dags/example_xcom.py
[2022-06-14 18:47:42,798] {logging_mixin.py:115} INFO - [2022-06-14 18:47:42,798] {dag.py:2371} INFO - Sync 1 DAGs
[2022-06-14 18:47:42,816] {logging_mixin.py:115} INFO - [2022-06-14 18:47:42,816] {dag.py:2915} INFO - Setting next_dagrun for example_xcom to 2021-01-01T00:00:00+00:00, run_after=2021-01-01T00:00:00+00:00
[2022-06-14 18:47:42,834] {processor.py:161} INFO - Processing /usr/local/lib/python3.10/dist-packages/airflow/example_dags/example_xcom.py took 0.072 seconds
[2022-06-14 18:48:21,459] {processor.py:153} INFO - Started process (PID=8154) to work on /usr/local/lib/python3.10/dist-packages/airflow/example_dags/example_xcom.py
[2022-06-14 18:48:21,460] {processor.py:641} INFO - Processing file /usr/local/lib/python3.10/dist-packages/airflow/example_dags/example_xcom.py for tasks to queue
[2022-06-14 18:48:21,460] {logging_mixin.py:115} INFO - [2022-06-14 18:48:21,460] {dagbag.py:507} INFO - Filling up the DagBag from /usr/local/lib/python3.10/dist-packages/airflow/example_dags/example_xcom.py
[2022-06-14 18:48:21,478] {processor.py:651} INFO - DAG(s) dict_keys(['example_xcom']) retrieved from /usr/local/lib/python3.10/dist-packages/airflow/example_dags/example_xcom.py
[2022-06-14 18:48:21,520] {logging_mixin.py:115} INFO - [2022-06-14 18:48:21,520] {dag.py:2371} INFO - Sync 1 DAGs
[2022-06-14 18:48:21,534] {logging_mixin.py:115} INFO - [2022-06-14 18:48:21,534] {dag.py:2915} INFO - Setting next_dagrun for example_xcom to 2021-01-01T00:00:00+00:00, run_after=2021-01-01T00:00:00+00:00
[2022-06-14 18:48:21,554] {processor.py:161} INFO - Processing /usr/local/lib/python3.10/dist-packages/airflow/example_dags/example_xcom.py took 0.097 seconds
[2022-06-14 18:49:03,902] {processor.py:153} INFO - Started process (PID=8241) to work on /usr/local/lib/python3.10/dist-packages/airflow/example_dags/example_xcom.py
[2022-06-14 18:49:03,903] {processor.py:641} INFO - Processing file /usr/local/lib/python3.10/dist-packages/airflow/example_dags/example_xcom.py for tasks to queue
[2022-06-14 18:49:03,903] {logging_mixin.py:115} INFO - [2022-06-14 18:49:03,903] {dagbag.py:507} INFO - Filling up the DagBag from /usr/local/lib/python3.10/dist-packages/airflow/example_dags/example_xcom.py
[2022-06-14 18:49:03,922] {processor.py:651} INFO - DAG(s) dict_keys(['example_xcom']) retrieved from /usr/local/lib/python3.10/dist-packages/airflow/example_dags/example_xcom.py
[2022-06-14 18:49:03,967] {logging_mixin.py:115} INFO - [2022-06-14 18:49:03,967] {dag.py:2371} INFO - Sync 1 DAGs
[2022-06-14 18:49:03,982] {logging_mixin.py:115} INFO - [2022-06-14 18:49:03,982] {dag.py:2915} INFO - Setting next_dagrun for example_xcom to 2021-01-01T00:00:00+00:00, run_after=2021-01-01T00:00:00+00:00
[2022-06-14 18:49:04,008] {processor.py:161} INFO - Processing /usr/local/lib/python3.10/dist-packages/airflow/example_dags/example_xcom.py took 0.108 seconds
[2022-06-14 18:49:48,732] {processor.py:153} INFO - Started process (PID=8297) to work on /usr/local/lib/python3.10/dist-packages/airflow/example_dags/example_xcom.py
[2022-06-14 18:49:48,732] {processor.py:641} INFO - Processing file /usr/local/lib/python3.10/dist-packages/airflow/example_dags/example_xcom.py for tasks to queue
[2022-06-14 18:49:48,733] {logging_mixin.py:115} INFO - [2022-06-14 18:49:48,733] {dagbag.py:507} INFO - Filling up the DagBag from /usr/local/lib/python3.10/dist-packages/airflow/example_dags/example_xcom.py
[2022-06-14 18:49:48,751] {processor.py:651} INFO - DAG(s) dict_keys(['example_xcom']) retrieved from /usr/local/lib/python3.10/dist-packages/airflow/example_dags/example_xcom.py
[2022-06-14 18:49:48,795] {logging_mixin.py:115} INFO - [2022-06-14 18:49:48,795] {dag.py:2371} INFO - Sync 1 DAGs
[2022-06-14 18:49:48,811] {logging_mixin.py:115} INFO - [2022-06-14 18:49:48,811] {dag.py:2915} INFO - Setting next_dagrun for example_xcom to 2021-01-01T00:00:00+00:00, run_after=2021-01-01T00:00:00+00:00
[2022-06-14 18:49:48,831] {processor.py:161} INFO - Processing /usr/local/lib/python3.10/dist-packages/airflow/example_dags/example_xcom.py took 0.102 seconds
[2022-06-14 18:50:28,903] {processor.py:153} INFO - Started process (PID=8381) to work on /usr/local/lib/python3.10/dist-packages/airflow/example_dags/example_xcom.py
[2022-06-14 18:50:28,904] {processor.py:641} INFO - Processing file /usr/local/lib/python3.10/dist-packages/airflow/example_dags/example_xcom.py for tasks to queue
[2022-06-14 18:50:28,904] {logging_mixin.py:115} INFO - [2022-06-14 18:50:28,904] {dagbag.py:507} INFO - Filling up the DagBag from /usr/local/lib/python3.10/dist-packages/airflow/example_dags/example_xcom.py
[2022-06-14 18:50:28,923] {processor.py:651} INFO - DAG(s) dict_keys(['example_xcom']) retrieved from /usr/local/lib/python3.10/dist-packages/airflow/example_dags/example_xcom.py
[2022-06-14 18:50:28,969] {logging_mixin.py:115} INFO - [2022-06-14 18:50:28,969] {dag.py:2371} INFO - Sync 1 DAGs
[2022-06-14 18:50:28,984] {logging_mixin.py:115} INFO - [2022-06-14 18:50:28,984] {dag.py:2915} INFO - Setting next_dagrun for example_xcom to 2021-01-01T00:00:00+00:00, run_after=2021-01-01T00:00:00+00:00
[2022-06-14 18:50:29,005] {processor.py:161} INFO - Processing /usr/local/lib/python3.10/dist-packages/airflow/example_dags/example_xcom.py took 0.104 seconds
[2022-06-14 18:51:05,313] {processor.py:153} INFO - Started process (PID=8461) to work on /usr/local/lib/python3.10/dist-packages/airflow/example_dags/example_xcom.py
[2022-06-14 18:51:05,314] {processor.py:641} INFO - Processing file /usr/local/lib/python3.10/dist-packages/airflow/example_dags/example_xcom.py for tasks to queue
[2022-06-14 18:51:05,314] {logging_mixin.py:115} INFO - [2022-06-14 18:51:05,314] {dagbag.py:507} INFO - Filling up the DagBag from /usr/local/lib/python3.10/dist-packages/airflow/example_dags/example_xcom.py
[2022-06-14 18:51:05,334] {processor.py:651} INFO - DAG(s) dict_keys(['example_xcom']) retrieved from /usr/local/lib/python3.10/dist-packages/airflow/example_dags/example_xcom.py
[2022-06-14 18:51:05,348] {logging_mixin.py:115} INFO - [2022-06-14 18:51:05,348] {dag.py:2371} INFO - Sync 1 DAGs
[2022-06-14 18:51:05,363] {logging_mixin.py:115} INFO - [2022-06-14 18:51:05,363] {dag.py:2915} INFO - Setting next_dagrun for example_xcom to 2021-01-01T00:00:00+00:00, run_after=2021-01-01T00:00:00+00:00
[2022-06-14 18:51:05,380] {processor.py:161} INFO - Processing /usr/local/lib/python3.10/dist-packages/airflow/example_dags/example_xcom.py took 0.071 seconds
[2022-06-14 18:51:43,588] {processor.py:153} INFO - Started process (PID=8525) to work on /usr/local/lib/python3.10/dist-packages/airflow/example_dags/example_xcom.py
[2022-06-14 18:51:43,589] {processor.py:641} INFO - Processing file /usr/local/lib/python3.10/dist-packages/airflow/example_dags/example_xcom.py for tasks to queue
[2022-06-14 18:51:43,590] {logging_mixin.py:115} INFO - [2022-06-14 18:51:43,590] {dagbag.py:507} INFO - Filling up the DagBag from /usr/local/lib/python3.10/dist-packages/airflow/example_dags/example_xcom.py
[2022-06-14 18:51:43,610] {processor.py:651} INFO - DAG(s) dict_keys(['example_xcom']) retrieved from /usr/local/lib/python3.10/dist-packages/airflow/example_dags/example_xcom.py
[2022-06-14 18:51:43,624] {logging_mixin.py:115} INFO - [2022-06-14 18:51:43,624] {dag.py:2371} INFO - Sync 1 DAGs
[2022-06-14 18:51:43,640] {logging_mixin.py:115} INFO - [2022-06-14 18:51:43,640] {dag.py:2915} INFO - Setting next_dagrun for example_xcom to 2021-01-01T00:00:00+00:00, run_after=2021-01-01T00:00:00+00:00
[2022-06-14 18:51:43,656] {processor.py:161} INFO - Processing /usr/local/lib/python3.10/dist-packages/airflow/example_dags/example_xcom.py took 0.071 seconds
[2022-06-14 18:52:20,184] {processor.py:153} INFO - Started process (PID=8585) to work on /usr/local/lib/python3.10/dist-packages/airflow/example_dags/example_xcom.py
[2022-06-14 18:52:20,185] {processor.py:641} INFO - Processing file /usr/local/lib/python3.10/dist-packages/airflow/example_dags/example_xcom.py for tasks to queue
[2022-06-14 18:52:20,185] {logging_mixin.py:115} INFO - [2022-06-14 18:52:20,185] {dagbag.py:507} INFO - Filling up the DagBag from /usr/local/lib/python3.10/dist-packages/airflow/example_dags/example_xcom.py
[2022-06-14 18:52:20,206] {processor.py:651} INFO - DAG(s) dict_keys(['example_xcom']) retrieved from /usr/local/lib/python3.10/dist-packages/airflow/example_dags/example_xcom.py
[2022-06-14 18:52:20,220] {logging_mixin.py:115} INFO - [2022-06-14 18:52:20,220] {dag.py:2371} INFO - Sync 1 DAGs
[2022-06-14 18:52:20,235] {logging_mixin.py:115} INFO - [2022-06-14 18:52:20,235] {dag.py:2915} INFO - Setting next_dagrun for example_xcom to 2021-01-01T00:00:00+00:00, run_after=2021-01-01T00:00:00+00:00
[2022-06-14 18:52:20,252] {processor.py:161} INFO - Processing /usr/local/lib/python3.10/dist-packages/airflow/example_dags/example_xcom.py took 0.072 seconds
[2022-06-14 18:53:03,680] {processor.py:153} INFO - Started process (PID=8664) to work on /usr/local/lib/python3.10/dist-packages/airflow/example_dags/example_xcom.py
[2022-06-14 18:53:03,681] {processor.py:641} INFO - Processing file /usr/local/lib/python3.10/dist-packages/airflow/example_dags/example_xcom.py for tasks to queue
[2022-06-14 18:53:03,682] {logging_mixin.py:115} INFO - [2022-06-14 18:53:03,682] {dagbag.py:507} INFO - Filling up the DagBag from /usr/local/lib/python3.10/dist-packages/airflow/example_dags/example_xcom.py
[2022-06-14 18:53:03,702] {processor.py:651} INFO - DAG(s) dict_keys(['example_xcom']) retrieved from /usr/local/lib/python3.10/dist-packages/airflow/example_dags/example_xcom.py
[2022-06-14 18:53:03,742] {logging_mixin.py:115} INFO - [2022-06-14 18:53:03,742] {dag.py:2371} INFO - Sync 1 DAGs
[2022-06-14 18:53:03,756] {logging_mixin.py:115} INFO - [2022-06-14 18:53:03,756] {dag.py:2915} INFO - Setting next_dagrun for example_xcom to 2021-01-01T00:00:00+00:00, run_after=2021-01-01T00:00:00+00:00
[2022-06-14 18:53:03,775] {processor.py:161} INFO - Processing /usr/local/lib/python3.10/dist-packages/airflow/example_dags/example_xcom.py took 0.098 seconds
[2022-06-14 18:53:39,792] {processor.py:153} INFO - Started process (PID=8721) to work on /usr/local/lib/python3.10/dist-packages/airflow/example_dags/example_xcom.py
[2022-06-14 18:53:39,793] {processor.py:641} INFO - Processing file /usr/local/lib/python3.10/dist-packages/airflow/example_dags/example_xcom.py for tasks to queue
[2022-06-14 18:53:39,793] {logging_mixin.py:115} INFO - [2022-06-14 18:53:39,793] {dagbag.py:507} INFO - Filling up the DagBag from /usr/local/lib/python3.10/dist-packages/airflow/example_dags/example_xcom.py
[2022-06-14 18:53:39,814] {processor.py:651} INFO - DAG(s) dict_keys(['example_xcom']) retrieved from /usr/local/lib/python3.10/dist-packages/airflow/example_dags/example_xcom.py
[2022-06-14 18:53:39,828] {logging_mixin.py:115} INFO - [2022-06-14 18:53:39,828] {dag.py:2371} INFO - Sync 1 DAGs
[2022-06-14 18:53:39,844] {logging_mixin.py:115} INFO - [2022-06-14 18:53:39,844] {dag.py:2915} INFO - Setting next_dagrun for example_xcom to 2021-01-01T00:00:00+00:00, run_after=2021-01-01T00:00:00+00:00
[2022-06-14 18:53:39,861] {processor.py:161} INFO - Processing /usr/local/lib/python3.10/dist-packages/airflow/example_dags/example_xcom.py took 0.072 seconds
[2022-06-14 18:54:18,796] {processor.py:153} INFO - Started process (PID=8780) to work on /usr/local/lib/python3.10/dist-packages/airflow/example_dags/example_xcom.py
[2022-06-14 18:54:18,797] {processor.py:641} INFO - Processing file /usr/local/lib/python3.10/dist-packages/airflow/example_dags/example_xcom.py for tasks to queue
[2022-06-14 18:54:18,797] {logging_mixin.py:115} INFO - [2022-06-14 18:54:18,797] {dagbag.py:507} INFO - Filling up the DagBag from /usr/local/lib/python3.10/dist-packages/airflow/example_dags/example_xcom.py
[2022-06-14 18:54:18,818] {processor.py:651} INFO - DAG(s) dict_keys(['example_xcom']) retrieved from /usr/local/lib/python3.10/dist-packages/airflow/example_dags/example_xcom.py
[2022-06-14 18:54:18,832] {logging_mixin.py:115} INFO - [2022-06-14 18:54:18,832] {dag.py:2371} INFO - Sync 1 DAGs
[2022-06-14 18:54:18,848] {logging_mixin.py:115} INFO - [2022-06-14 18:54:18,847] {dag.py:2915} INFO - Setting next_dagrun for example_xcom to 2021-01-01T00:00:00+00:00, run_after=2021-01-01T00:00:00+00:00
[2022-06-14 18:54:18,864] {processor.py:161} INFO - Processing /usr/local/lib/python3.10/dist-packages/airflow/example_dags/example_xcom.py took 0.071 seconds
[2022-06-14 18:54:56,076] {processor.py:153} INFO - Started process (PID=8835) to work on /usr/local/lib/python3.10/dist-packages/airflow/example_dags/example_xcom.py
[2022-06-14 18:54:56,077] {processor.py:641} INFO - Processing file /usr/local/lib/python3.10/dist-packages/airflow/example_dags/example_xcom.py for tasks to queue
[2022-06-14 18:54:56,077] {logging_mixin.py:115} INFO - [2022-06-14 18:54:56,077] {dagbag.py:507} INFO - Filling up the DagBag from /usr/local/lib/python3.10/dist-packages/airflow/example_dags/example_xcom.py
[2022-06-14 18:54:56,098] {processor.py:651} INFO - DAG(s) dict_keys(['example_xcom']) retrieved from /usr/local/lib/python3.10/dist-packages/airflow/example_dags/example_xcom.py
[2022-06-14 18:54:56,112] {logging_mixin.py:115} INFO - [2022-06-14 18:54:56,112] {dag.py:2371} INFO - Sync 1 DAGs
[2022-06-14 18:54:56,127] {logging_mixin.py:115} INFO - [2022-06-14 18:54:56,127] {dag.py:2915} INFO - Setting next_dagrun for example_xcom to 2021-01-01T00:00:00+00:00, run_after=2021-01-01T00:00:00+00:00
[2022-06-14 18:54:56,144] {processor.py:161} INFO - Processing /usr/local/lib/python3.10/dist-packages/airflow/example_dags/example_xcom.py took 0.071 seconds
[2022-06-14 18:55:38,984] {processor.py:153} INFO - Started process (PID=8887) to work on /usr/local/lib/python3.10/dist-packages/airflow/example_dags/example_xcom.py
[2022-06-14 18:55:38,985] {processor.py:641} INFO - Processing file /usr/local/lib/python3.10/dist-packages/airflow/example_dags/example_xcom.py for tasks to queue
[2022-06-14 18:55:38,985] {logging_mixin.py:115} INFO - [2022-06-14 18:55:38,985] {dagbag.py:507} INFO - Filling up the DagBag from /usr/local/lib/python3.10/dist-packages/airflow/example_dags/example_xcom.py
[2022-06-14 18:55:39,006] {processor.py:651} INFO - DAG(s) dict_keys(['example_xcom']) retrieved from /usr/local/lib/python3.10/dist-packages/airflow/example_dags/example_xcom.py
[2022-06-14 18:55:39,020] {logging_mixin.py:115} INFO - [2022-06-14 18:55:39,020] {dag.py:2371} INFO - Sync 1 DAGs
[2022-06-14 18:55:39,035] {logging_mixin.py:115} INFO - [2022-06-14 18:55:39,035] {dag.py:2915} INFO - Setting next_dagrun for example_xcom to 2021-01-01T00:00:00+00:00, run_after=2021-01-01T00:00:00+00:00
[2022-06-14 18:55:39,052] {processor.py:161} INFO - Processing /usr/local/lib/python3.10/dist-packages/airflow/example_dags/example_xcom.py took 0.071 seconds
[2022-06-14 18:56:19,536] {processor.py:153} INFO - Started process (PID=8940) to work on /usr/local/lib/python3.10/dist-packages/airflow/example_dags/example_xcom.py
[2022-06-14 18:56:19,536] {processor.py:641} INFO - Processing file /usr/local/lib/python3.10/dist-packages/airflow/example_dags/example_xcom.py for tasks to queue
[2022-06-14 18:56:19,537] {logging_mixin.py:115} INFO - [2022-06-14 18:56:19,537] {dagbag.py:507} INFO - Filling up the DagBag from /usr/local/lib/python3.10/dist-packages/airflow/example_dags/example_xcom.py
[2022-06-14 18:56:19,558] {processor.py:651} INFO - DAG(s) dict_keys(['example_xcom']) retrieved from /usr/local/lib/python3.10/dist-packages/airflow/example_dags/example_xcom.py
[2022-06-14 18:56:19,571] {logging_mixin.py:115} INFO - [2022-06-14 18:56:19,571] {dag.py:2371} INFO - Sync 1 DAGs
[2022-06-14 18:56:19,587] {logging_mixin.py:115} INFO - [2022-06-14 18:56:19,586] {dag.py:2915} INFO - Setting next_dagrun for example_xcom to 2021-01-01T00:00:00+00:00, run_after=2021-01-01T00:00:00+00:00
[2022-06-14 18:56:19,603] {processor.py:161} INFO - Processing /usr/local/lib/python3.10/dist-packages/airflow/example_dags/example_xcom.py took 0.070 seconds
[2022-06-14 18:57:00,008] {processor.py:153} INFO - Started process (PID=8999) to work on /usr/local/lib/python3.10/dist-packages/airflow/example_dags/example_xcom.py
[2022-06-14 18:57:00,009] {processor.py:641} INFO - Processing file /usr/local/lib/python3.10/dist-packages/airflow/example_dags/example_xcom.py for tasks to queue
[2022-06-14 18:57:00,009] {logging_mixin.py:115} INFO - [2022-06-14 18:57:00,009] {dagbag.py:507} INFO - Filling up the DagBag from /usr/local/lib/python3.10/dist-packages/airflow/example_dags/example_xcom.py
[2022-06-14 18:57:00,029] {processor.py:651} INFO - DAG(s) dict_keys(['example_xcom']) retrieved from /usr/local/lib/python3.10/dist-packages/airflow/example_dags/example_xcom.py
[2022-06-14 18:57:00,043] {logging_mixin.py:115} INFO - [2022-06-14 18:57:00,043] {dag.py:2371} INFO - Sync 1 DAGs
[2022-06-14 18:57:00,059] {logging_mixin.py:115} INFO - [2022-06-14 18:57:00,059] {dag.py:2915} INFO - Setting next_dagrun for example_xcom to 2021-01-01T00:00:00+00:00, run_after=2021-01-01T00:00:00+00:00
[2022-06-14 18:57:00,076] {processor.py:161} INFO - Processing /usr/local/lib/python3.10/dist-packages/airflow/example_dags/example_xcom.py took 0.071 seconds
[2022-06-14 18:57:38,273] {processor.py:153} INFO - Started process (PID=9077) to work on /usr/local/lib/python3.10/dist-packages/airflow/example_dags/example_xcom.py
[2022-06-14 18:57:38,273] {processor.py:641} INFO - Processing file /usr/local/lib/python3.10/dist-packages/airflow/example_dags/example_xcom.py for tasks to queue
[2022-06-14 18:57:38,274] {logging_mixin.py:115} INFO - [2022-06-14 18:57:38,274] {dagbag.py:507} INFO - Filling up the DagBag from /usr/local/lib/python3.10/dist-packages/airflow/example_dags/example_xcom.py
[2022-06-14 18:57:38,291] {processor.py:651} INFO - DAG(s) dict_keys(['example_xcom']) retrieved from /usr/local/lib/python3.10/dist-packages/airflow/example_dags/example_xcom.py
[2022-06-14 18:57:38,305] {logging_mixin.py:115} INFO - [2022-06-14 18:57:38,305] {dag.py:2371} INFO - Sync 1 DAGs
[2022-06-14 18:57:38,322] {logging_mixin.py:115} INFO - [2022-06-14 18:57:38,322] {dag.py:2915} INFO - Setting next_dagrun for example_xcom to 2021-01-01T00:00:00+00:00, run_after=2021-01-01T00:00:00+00:00
[2022-06-14 18:57:38,341] {processor.py:161} INFO - Processing /usr/local/lib/python3.10/dist-packages/airflow/example_dags/example_xcom.py took 0.071 seconds
[2022-06-14 18:58:18,810] {processor.py:153} INFO - Started process (PID=9130) to work on /usr/local/lib/python3.10/dist-packages/airflow/example_dags/example_xcom.py
[2022-06-14 18:58:18,810] {processor.py:641} INFO - Processing file /usr/local/lib/python3.10/dist-packages/airflow/example_dags/example_xcom.py for tasks to queue
[2022-06-14 18:58:18,811] {logging_mixin.py:115} INFO - [2022-06-14 18:58:18,811] {dagbag.py:507} INFO - Filling up the DagBag from /usr/local/lib/python3.10/dist-packages/airflow/example_dags/example_xcom.py
[2022-06-14 18:58:18,829] {processor.py:651} INFO - DAG(s) dict_keys(['example_xcom']) retrieved from /usr/local/lib/python3.10/dist-packages/airflow/example_dags/example_xcom.py
[2022-06-14 18:58:18,875] {logging_mixin.py:115} INFO - [2022-06-14 18:58:18,875] {dag.py:2371} INFO - Sync 1 DAGs
[2022-06-14 18:58:18,891] {logging_mixin.py:115} INFO - [2022-06-14 18:58:18,891] {dag.py:2915} INFO - Setting next_dagrun for example_xcom to 2021-01-01T00:00:00+00:00, run_after=2021-01-01T00:00:00+00:00
[2022-06-14 18:58:18,911] {processor.py:161} INFO - Processing /usr/local/lib/python3.10/dist-packages/airflow/example_dags/example_xcom.py took 0.104 seconds
[2022-06-14 18:58:56,389] {processor.py:153} INFO - Started process (PID=9186) to work on /usr/local/lib/python3.10/dist-packages/airflow/example_dags/example_xcom.py
[2022-06-14 18:58:56,390] {processor.py:641} INFO - Processing file /usr/local/lib/python3.10/dist-packages/airflow/example_dags/example_xcom.py for tasks to queue
[2022-06-14 18:58:56,390] {logging_mixin.py:115} INFO - [2022-06-14 18:58:56,390] {dagbag.py:507} INFO - Filling up the DagBag from /usr/local/lib/python3.10/dist-packages/airflow/example_dags/example_xcom.py
[2022-06-14 18:58:56,409] {processor.py:651} INFO - DAG(s) dict_keys(['example_xcom']) retrieved from /usr/local/lib/python3.10/dist-packages/airflow/example_dags/example_xcom.py
[2022-06-14 18:58:56,424] {logging_mixin.py:115} INFO - [2022-06-14 18:58:56,424] {dag.py:2371} INFO - Sync 1 DAGs
[2022-06-14 18:58:56,441] {logging_mixin.py:115} INFO - [2022-06-14 18:58:56,441] {dag.py:2915} INFO - Setting next_dagrun for example_xcom to 2021-01-01T00:00:00+00:00, run_after=2021-01-01T00:00:00+00:00
[2022-06-14 18:58:56,460] {processor.py:161} INFO - Processing /usr/local/lib/python3.10/dist-packages/airflow/example_dags/example_xcom.py took 0.073 seconds
[2022-06-14 18:59:30,970] {processor.py:153} INFO - Started process (PID=9235) to work on /usr/local/lib/python3.10/dist-packages/airflow/example_dags/example_xcom.py
[2022-06-14 18:59:30,971] {processor.py:641} INFO - Processing file /usr/local/lib/python3.10/dist-packages/airflow/example_dags/example_xcom.py for tasks to queue
[2022-06-14 18:59:30,971] {logging_mixin.py:115} INFO - [2022-06-14 18:59:30,971] {dagbag.py:507} INFO - Filling up the DagBag from /usr/local/lib/python3.10/dist-packages/airflow/example_dags/example_xcom.py
[2022-06-14 18:59:30,990] {processor.py:651} INFO - DAG(s) dict_keys(['example_xcom']) retrieved from /usr/local/lib/python3.10/dist-packages/airflow/example_dags/example_xcom.py
[2022-06-14 18:59:31,004] {logging_mixin.py:115} INFO - [2022-06-14 18:59:31,004] {dag.py:2371} INFO - Sync 1 DAGs
[2022-06-14 18:59:31,020] {logging_mixin.py:115} INFO - [2022-06-14 18:59:31,020] {dag.py:2915} INFO - Setting next_dagrun for example_xcom to 2021-01-01T00:00:00+00:00, run_after=2021-01-01T00:00:00+00:00
[2022-06-14 18:59:31,038] {processor.py:161} INFO - Processing /usr/local/lib/python3.10/dist-packages/airflow/example_dags/example_xcom.py took 0.071 seconds
[2022-06-14 19:00:13,435] {processor.py:153} INFO - Started process (PID=9312) to work on /usr/local/lib/python3.10/dist-packages/airflow/example_dags/example_xcom.py
[2022-06-14 19:00:13,436] {processor.py:641} INFO - Processing file /usr/local/lib/python3.10/dist-packages/airflow/example_dags/example_xcom.py for tasks to queue
[2022-06-14 19:00:13,436] {logging_mixin.py:115} INFO - [2022-06-14 19:00:13,436] {dagbag.py:507} INFO - Filling up the DagBag from /usr/local/lib/python3.10/dist-packages/airflow/example_dags/example_xcom.py
[2022-06-14 19:00:13,455] {processor.py:651} INFO - DAG(s) dict_keys(['example_xcom']) retrieved from /usr/local/lib/python3.10/dist-packages/airflow/example_dags/example_xcom.py
[2022-06-14 19:00:13,469] {logging_mixin.py:115} INFO - [2022-06-14 19:00:13,469] {dag.py:2371} INFO - Sync 1 DAGs
[2022-06-14 19:00:13,486] {logging_mixin.py:115} INFO - [2022-06-14 19:00:13,485] {dag.py:2915} INFO - Setting next_dagrun for example_xcom to 2021-01-01T00:00:00+00:00, run_after=2021-01-01T00:00:00+00:00
[2022-06-14 19:00:13,503] {processor.py:161} INFO - Processing /usr/local/lib/python3.10/dist-packages/airflow/example_dags/example_xcom.py took 0.071 seconds
[2022-06-14 19:00:57,201] {processor.py:153} INFO - Started process (PID=9375) to work on /usr/local/lib/python3.10/dist-packages/airflow/example_dags/example_xcom.py
[2022-06-14 19:00:57,202] {processor.py:641} INFO - Processing file /usr/local/lib/python3.10/dist-packages/airflow/example_dags/example_xcom.py for tasks to queue
[2022-06-14 19:00:57,202] {logging_mixin.py:115} INFO - [2022-06-14 19:00:57,202] {dagbag.py:507} INFO - Filling up the DagBag from /usr/local/lib/python3.10/dist-packages/airflow/example_dags/example_xcom.py
[2022-06-14 19:00:57,220] {processor.py:651} INFO - DAG(s) dict_keys(['example_xcom']) retrieved from /usr/local/lib/python3.10/dist-packages/airflow/example_dags/example_xcom.py
[2022-06-14 19:00:57,234] {logging_mixin.py:115} INFO - [2022-06-14 19:00:57,234] {dag.py:2371} INFO - Sync 1 DAGs
[2022-06-14 19:00:57,251] {logging_mixin.py:115} INFO - [2022-06-14 19:00:57,251] {dag.py:2915} INFO - Setting next_dagrun for example_xcom to 2021-01-01T00:00:00+00:00, run_after=2021-01-01T00:00:00+00:00
[2022-06-14 19:00:57,269] {processor.py:161} INFO - Processing /usr/local/lib/python3.10/dist-packages/airflow/example_dags/example_xcom.py took 0.071 seconds
[2022-06-14 19:01:35,797] {processor.py:153} INFO - Started process (PID=9427) to work on /usr/local/lib/python3.10/dist-packages/airflow/example_dags/example_xcom.py
[2022-06-14 19:01:35,798] {processor.py:641} INFO - Processing file /usr/local/lib/python3.10/dist-packages/airflow/example_dags/example_xcom.py for tasks to queue
[2022-06-14 19:01:35,798] {logging_mixin.py:115} INFO - [2022-06-14 19:01:35,798] {dagbag.py:507} INFO - Filling up the DagBag from /usr/local/lib/python3.10/dist-packages/airflow/example_dags/example_xcom.py
[2022-06-14 19:01:35,817] {processor.py:651} INFO - DAG(s) dict_keys(['example_xcom']) retrieved from /usr/local/lib/python3.10/dist-packages/airflow/example_dags/example_xcom.py
[2022-06-14 19:01:35,831] {logging_mixin.py:115} INFO - [2022-06-14 19:01:35,831] {dag.py:2371} INFO - Sync 1 DAGs
[2022-06-14 19:01:35,848] {logging_mixin.py:115} INFO - [2022-06-14 19:01:35,848] {dag.py:2915} INFO - Setting next_dagrun for example_xcom to 2021-01-01T00:00:00+00:00, run_after=2021-01-01T00:00:00+00:00
[2022-06-14 19:01:35,865] {processor.py:161} INFO - Processing /usr/local/lib/python3.10/dist-packages/airflow/example_dags/example_xcom.py took 0.070 seconds
[2022-06-14 19:02:15,599] {processor.py:153} INFO - Started process (PID=9484) to work on /usr/local/lib/python3.10/dist-packages/airflow/example_dags/example_xcom.py
[2022-06-14 19:02:15,600] {processor.py:641} INFO - Processing file /usr/local/lib/python3.10/dist-packages/airflow/example_dags/example_xcom.py for tasks to queue
[2022-06-14 19:02:15,601] {logging_mixin.py:115} INFO - [2022-06-14 19:02:15,600] {dagbag.py:507} INFO - Filling up the DagBag from /usr/local/lib/python3.10/dist-packages/airflow/example_dags/example_xcom.py
[2022-06-14 19:02:15,618] {processor.py:651} INFO - DAG(s) dict_keys(['example_xcom']) retrieved from /usr/local/lib/python3.10/dist-packages/airflow/example_dags/example_xcom.py
[2022-06-14 19:02:15,634] {logging_mixin.py:115} INFO - [2022-06-14 19:02:15,634] {dag.py:2371} INFO - Sync 1 DAGs
[2022-06-14 19:02:15,650] {logging_mixin.py:115} INFO - [2022-06-14 19:02:15,650] {dag.py:2915} INFO - Setting next_dagrun for example_xcom to 2021-01-01T00:00:00+00:00, run_after=2021-01-01T00:00:00+00:00
[2022-06-14 19:02:15,668] {processor.py:161} INFO - Processing /usr/local/lib/python3.10/dist-packages/airflow/example_dags/example_xcom.py took 0.071 seconds
[2022-06-14 19:02:51,752] {processor.py:153} INFO - Started process (PID=9546) to work on /usr/local/lib/python3.10/dist-packages/airflow/example_dags/example_xcom.py
[2022-06-14 19:02:51,753] {processor.py:641} INFO - Processing file /usr/local/lib/python3.10/dist-packages/airflow/example_dags/example_xcom.py for tasks to queue
[2022-06-14 19:02:51,753] {logging_mixin.py:115} INFO - [2022-06-14 19:02:51,753] {dagbag.py:507} INFO - Filling up the DagBag from /usr/local/lib/python3.10/dist-packages/airflow/example_dags/example_xcom.py
[2022-06-14 19:02:51,775] {processor.py:651} INFO - DAG(s) dict_keys(['example_xcom']) retrieved from /usr/local/lib/python3.10/dist-packages/airflow/example_dags/example_xcom.py
[2022-06-14 19:02:51,789] {logging_mixin.py:115} INFO - [2022-06-14 19:02:51,788] {dag.py:2371} INFO - Sync 1 DAGs
[2022-06-14 19:02:51,806] {logging_mixin.py:115} INFO - [2022-06-14 19:02:51,806] {dag.py:2915} INFO - Setting next_dagrun for example_xcom to 2021-01-01T00:00:00+00:00, run_after=2021-01-01T00:00:00+00:00
[2022-06-14 19:02:51,823] {processor.py:161} INFO - Processing /usr/local/lib/python3.10/dist-packages/airflow/example_dags/example_xcom.py took 0.074 seconds
[2022-06-14 19:03:30,147] {processor.py:153} INFO - Started process (PID=9620) to work on /usr/local/lib/python3.10/dist-packages/airflow/example_dags/example_xcom.py
[2022-06-14 19:03:30,148] {processor.py:641} INFO - Processing file /usr/local/lib/python3.10/dist-packages/airflow/example_dags/example_xcom.py for tasks to queue
[2022-06-14 19:03:30,149] {logging_mixin.py:115} INFO - [2022-06-14 19:03:30,148] {dagbag.py:507} INFO - Filling up the DagBag from /usr/local/lib/python3.10/dist-packages/airflow/example_dags/example_xcom.py
[2022-06-14 19:03:30,167] {processor.py:651} INFO - DAG(s) dict_keys(['example_xcom']) retrieved from /usr/local/lib/python3.10/dist-packages/airflow/example_dags/example_xcom.py
[2022-06-14 19:03:30,211] {logging_mixin.py:115} INFO - [2022-06-14 19:03:30,211] {dag.py:2371} INFO - Sync 1 DAGs
[2022-06-14 19:03:30,227] {logging_mixin.py:115} INFO - [2022-06-14 19:03:30,227] {dag.py:2915} INFO - Setting next_dagrun for example_xcom to 2021-01-01T00:00:00+00:00, run_after=2021-01-01T00:00:00+00:00
[2022-06-14 19:03:30,248] {processor.py:161} INFO - Processing /usr/local/lib/python3.10/dist-packages/airflow/example_dags/example_xcom.py took 0.104 seconds
[2022-06-14 19:04:05,650] {processor.py:153} INFO - Started process (PID=9671) to work on /usr/local/lib/python3.10/dist-packages/airflow/example_dags/example_xcom.py
[2022-06-14 19:04:05,671] {processor.py:641} INFO - Processing file /usr/local/lib/python3.10/dist-packages/airflow/example_dags/example_xcom.py for tasks to queue
[2022-06-14 19:04:05,671] {logging_mixin.py:115} INFO - [2022-06-14 19:04:05,671] {dagbag.py:507} INFO - Filling up the DagBag from /usr/local/lib/python3.10/dist-packages/airflow/example_dags/example_xcom.py
[2022-06-14 19:04:05,689] {processor.py:651} INFO - DAG(s) dict_keys(['example_xcom']) retrieved from /usr/local/lib/python3.10/dist-packages/airflow/example_dags/example_xcom.py
[2022-06-14 19:04:05,704] {logging_mixin.py:115} INFO - [2022-06-14 19:04:05,704] {dag.py:2371} INFO - Sync 1 DAGs
[2022-06-14 19:04:05,720] {logging_mixin.py:115} INFO - [2022-06-14 19:04:05,720] {dag.py:2915} INFO - Setting next_dagrun for example_xcom to 2021-01-01T00:00:00+00:00, run_after=2021-01-01T00:00:00+00:00
[2022-06-14 19:04:05,738] {processor.py:161} INFO - Processing /usr/local/lib/python3.10/dist-packages/airflow/example_dags/example_xcom.py took 0.090 seconds
[2022-06-14 19:04:49,155] {processor.py:153} INFO - Started process (PID=9728) to work on /usr/local/lib/python3.10/dist-packages/airflow/example_dags/example_xcom.py
[2022-06-14 19:04:49,156] {processor.py:641} INFO - Processing file /usr/local/lib/python3.10/dist-packages/airflow/example_dags/example_xcom.py for tasks to queue
[2022-06-14 19:04:49,156] {logging_mixin.py:115} INFO - [2022-06-14 19:04:49,156] {dagbag.py:507} INFO - Filling up the DagBag from /usr/local/lib/python3.10/dist-packages/airflow/example_dags/example_xcom.py
[2022-06-14 19:04:49,175] {processor.py:651} INFO - DAG(s) dict_keys(['example_xcom']) retrieved from /usr/local/lib/python3.10/dist-packages/airflow/example_dags/example_xcom.py
[2022-06-14 19:04:49,190] {logging_mixin.py:115} INFO - [2022-06-14 19:04:49,190] {dag.py:2371} INFO - Sync 1 DAGs
[2022-06-14 19:04:49,206] {logging_mixin.py:115} INFO - [2022-06-14 19:04:49,206] {dag.py:2915} INFO - Setting next_dagrun for example_xcom to 2021-01-01T00:00:00+00:00, run_after=2021-01-01T00:00:00+00:00
[2022-06-14 19:04:49,224] {processor.py:161} INFO - Processing /usr/local/lib/python3.10/dist-packages/airflow/example_dags/example_xcom.py took 0.072 seconds
[2022-06-14 19:05:25,263] {processor.py:153} INFO - Started process (PID=9777) to work on /usr/local/lib/python3.10/dist-packages/airflow/example_dags/example_xcom.py
[2022-06-14 19:05:25,263] {processor.py:641} INFO - Processing file /usr/local/lib/python3.10/dist-packages/airflow/example_dags/example_xcom.py for tasks to queue
[2022-06-14 19:05:25,264] {logging_mixin.py:115} INFO - [2022-06-14 19:05:25,264] {dagbag.py:507} INFO - Filling up the DagBag from /usr/local/lib/python3.10/dist-packages/airflow/example_dags/example_xcom.py
[2022-06-14 19:05:25,282] {processor.py:651} INFO - DAG(s) dict_keys(['example_xcom']) retrieved from /usr/local/lib/python3.10/dist-packages/airflow/example_dags/example_xcom.py
[2022-06-14 19:05:25,297] {logging_mixin.py:115} INFO - [2022-06-14 19:05:25,297] {dag.py:2371} INFO - Sync 1 DAGs
[2022-06-14 19:05:25,315] {logging_mixin.py:115} INFO - [2022-06-14 19:05:25,315] {dag.py:2915} INFO - Setting next_dagrun for example_xcom to 2021-01-01T00:00:00+00:00, run_after=2021-01-01T00:00:00+00:00
[2022-06-14 19:05:25,333] {processor.py:161} INFO - Processing /usr/local/lib/python3.10/dist-packages/airflow/example_dags/example_xcom.py took 0.073 seconds
[2022-06-14 19:06:08,057] {processor.py:153} INFO - Started process (PID=9840) to work on /usr/local/lib/python3.10/dist-packages/airflow/example_dags/example_xcom.py
[2022-06-14 19:06:08,058] {processor.py:641} INFO - Processing file /usr/local/lib/python3.10/dist-packages/airflow/example_dags/example_xcom.py for tasks to queue
[2022-06-14 19:06:08,059] {logging_mixin.py:115} INFO - [2022-06-14 19:06:08,058] {dagbag.py:507} INFO - Filling up the DagBag from /usr/local/lib/python3.10/dist-packages/airflow/example_dags/example_xcom.py
[2022-06-14 19:06:08,077] {processor.py:651} INFO - DAG(s) dict_keys(['example_xcom']) retrieved from /usr/local/lib/python3.10/dist-packages/airflow/example_dags/example_xcom.py
[2022-06-14 19:06:08,093] {logging_mixin.py:115} INFO - [2022-06-14 19:06:08,093] {dag.py:2371} INFO - Sync 1 DAGs
[2022-06-14 19:06:08,110] {logging_mixin.py:115} INFO - [2022-06-14 19:06:08,110] {dag.py:2915} INFO - Setting next_dagrun for example_xcom to 2021-01-01T00:00:00+00:00, run_after=2021-01-01T00:00:00+00:00
[2022-06-14 19:06:08,128] {processor.py:161} INFO - Processing /usr/local/lib/python3.10/dist-packages/airflow/example_dags/example_xcom.py took 0.073 seconds
[2022-06-14 19:06:48,105] {processor.py:153} INFO - Started process (PID=9894) to work on /usr/local/lib/python3.10/dist-packages/airflow/example_dags/example_xcom.py
[2022-06-14 19:06:48,106] {processor.py:641} INFO - Processing file /usr/local/lib/python3.10/dist-packages/airflow/example_dags/example_xcom.py for tasks to queue
[2022-06-14 19:06:48,107] {logging_mixin.py:115} INFO - [2022-06-14 19:06:48,107] {dagbag.py:507} INFO - Filling up the DagBag from /usr/local/lib/python3.10/dist-packages/airflow/example_dags/example_xcom.py
[2022-06-14 19:06:48,125] {processor.py:651} INFO - DAG(s) dict_keys(['example_xcom']) retrieved from /usr/local/lib/python3.10/dist-packages/airflow/example_dags/example_xcom.py
[2022-06-14 19:06:48,140] {logging_mixin.py:115} INFO - [2022-06-14 19:06:48,139] {dag.py:2371} INFO - Sync 1 DAGs
[2022-06-14 19:06:48,156] {logging_mixin.py:115} INFO - [2022-06-14 19:06:48,156] {dag.py:2915} INFO - Setting next_dagrun for example_xcom to 2021-01-01T00:00:00+00:00, run_after=2021-01-01T00:00:00+00:00
[2022-06-14 19:06:48,174] {processor.py:161} INFO - Processing /usr/local/lib/python3.10/dist-packages/airflow/example_dags/example_xcom.py took 0.071 seconds
[2022-06-14 19:07:27,821] {processor.py:153} INFO - Started process (PID=9952) to work on /usr/local/lib/python3.10/dist-packages/airflow/example_dags/example_xcom.py
[2022-06-14 19:07:27,822] {processor.py:641} INFO - Processing file /usr/local/lib/python3.10/dist-packages/airflow/example_dags/example_xcom.py for tasks to queue
[2022-06-14 19:07:27,823] {logging_mixin.py:115} INFO - [2022-06-14 19:07:27,822] {dagbag.py:507} INFO - Filling up the DagBag from /usr/local/lib/python3.10/dist-packages/airflow/example_dags/example_xcom.py
[2022-06-14 19:07:27,840] {processor.py:651} INFO - DAG(s) dict_keys(['example_xcom']) retrieved from /usr/local/lib/python3.10/dist-packages/airflow/example_dags/example_xcom.py
[2022-06-14 19:07:27,855] {logging_mixin.py:115} INFO - [2022-06-14 19:07:27,855] {dag.py:2371} INFO - Sync 1 DAGs
[2022-06-14 19:07:27,872] {logging_mixin.py:115} INFO - [2022-06-14 19:07:27,872] {dag.py:2915} INFO - Setting next_dagrun for example_xcom to 2021-01-01T00:00:00+00:00, run_after=2021-01-01T00:00:00+00:00
[2022-06-14 19:07:27,890] {processor.py:161} INFO - Processing /usr/local/lib/python3.10/dist-packages/airflow/example_dags/example_xcom.py took 0.071 seconds
[2022-06-14 19:08:02,487] {processor.py:153} INFO - Started process (PID=10003) to work on /usr/local/lib/python3.10/dist-packages/airflow/example_dags/example_xcom.py
[2022-06-14 19:08:02,487] {processor.py:641} INFO - Processing file /usr/local/lib/python3.10/dist-packages/airflow/example_dags/example_xcom.py for tasks to queue
[2022-06-14 19:08:02,488] {logging_mixin.py:115} INFO - [2022-06-14 19:08:02,487] {dagbag.py:507} INFO - Filling up the DagBag from /usr/local/lib/python3.10/dist-packages/airflow/example_dags/example_xcom.py
[2022-06-14 19:08:02,506] {processor.py:651} INFO - DAG(s) dict_keys(['example_xcom']) retrieved from /usr/local/lib/python3.10/dist-packages/airflow/example_dags/example_xcom.py
[2022-06-14 19:08:02,549] {logging_mixin.py:115} INFO - [2022-06-14 19:08:02,549] {dag.py:2371} INFO - Sync 1 DAGs
[2022-06-14 19:08:02,565] {logging_mixin.py:115} INFO - [2022-06-14 19:08:02,565] {dag.py:2915} INFO - Setting next_dagrun for example_xcom to 2021-01-01T00:00:00+00:00, run_after=2021-01-01T00:00:00+00:00
[2022-06-14 19:08:02,585] {processor.py:161} INFO - Processing /usr/local/lib/python3.10/dist-packages/airflow/example_dags/example_xcom.py took 0.101 seconds
[2022-06-14 19:08:42,359] {processor.py:153} INFO - Started process (PID=10054) to work on /usr/local/lib/python3.10/dist-packages/airflow/example_dags/example_xcom.py
[2022-06-14 19:08:42,360] {processor.py:641} INFO - Processing file /usr/local/lib/python3.10/dist-packages/airflow/example_dags/example_xcom.py for tasks to queue
[2022-06-14 19:08:42,360] {logging_mixin.py:115} INFO - [2022-06-14 19:08:42,360] {dagbag.py:507} INFO - Filling up the DagBag from /usr/local/lib/python3.10/dist-packages/airflow/example_dags/example_xcom.py
[2022-06-14 19:08:42,380] {processor.py:651} INFO - DAG(s) dict_keys(['example_xcom']) retrieved from /usr/local/lib/python3.10/dist-packages/airflow/example_dags/example_xcom.py
[2022-06-14 19:08:42,395] {logging_mixin.py:115} INFO - [2022-06-14 19:08:42,395] {dag.py:2371} INFO - Sync 1 DAGs
[2022-06-14 19:08:42,412] {logging_mixin.py:115} INFO - [2022-06-14 19:08:42,412] {dag.py:2915} INFO - Setting next_dagrun for example_xcom to 2021-01-01T00:00:00+00:00, run_after=2021-01-01T00:00:00+00:00
[2022-06-14 19:08:42,472] {processor.py:161} INFO - Processing /usr/local/lib/python3.10/dist-packages/airflow/example_dags/example_xcom.py took 0.116 seconds
[2022-06-14 19:09:17,122] {processor.py:153} INFO - Started process (PID=10106) to work on /usr/local/lib/python3.10/dist-packages/airflow/example_dags/example_xcom.py
[2022-06-14 19:09:17,123] {processor.py:641} INFO - Processing file /usr/local/lib/python3.10/dist-packages/airflow/example_dags/example_xcom.py for tasks to queue
[2022-06-14 19:09:17,124] {logging_mixin.py:115} INFO - [2022-06-14 19:09:17,123] {dagbag.py:507} INFO - Filling up the DagBag from /usr/local/lib/python3.10/dist-packages/airflow/example_dags/example_xcom.py
[2022-06-14 19:09:17,142] {processor.py:651} INFO - DAG(s) dict_keys(['example_xcom']) retrieved from /usr/local/lib/python3.10/dist-packages/airflow/example_dags/example_xcom.py
[2022-06-14 19:09:17,157] {logging_mixin.py:115} INFO - [2022-06-14 19:09:17,156] {dag.py:2371} INFO - Sync 1 DAGs
[2022-06-14 19:09:17,174] {logging_mixin.py:115} INFO - [2022-06-14 19:09:17,174] {dag.py:2915} INFO - Setting next_dagrun for example_xcom to 2021-01-01T00:00:00+00:00, run_after=2021-01-01T00:00:00+00:00
[2022-06-14 19:09:17,191] {processor.py:161} INFO - Processing /usr/local/lib/python3.10/dist-packages/airflow/example_dags/example_xcom.py took 0.071 seconds
[2022-06-14 19:09:54,505] {processor.py:153} INFO - Started process (PID=10156) to work on /usr/local/lib/python3.10/dist-packages/airflow/example_dags/example_xcom.py
[2022-06-14 19:09:54,506] {processor.py:641} INFO - Processing file /usr/local/lib/python3.10/dist-packages/airflow/example_dags/example_xcom.py for tasks to queue
[2022-06-14 19:09:54,506] {logging_mixin.py:115} INFO - [2022-06-14 19:09:54,506] {dagbag.py:507} INFO - Filling up the DagBag from /usr/local/lib/python3.10/dist-packages/airflow/example_dags/example_xcom.py
[2022-06-14 19:09:54,524] {processor.py:651} INFO - DAG(s) dict_keys(['example_xcom']) retrieved from /usr/local/lib/python3.10/dist-packages/airflow/example_dags/example_xcom.py
[2022-06-14 19:09:54,539] {logging_mixin.py:115} INFO - [2022-06-14 19:09:54,539] {dag.py:2371} INFO - Sync 1 DAGs
[2022-06-14 19:09:54,556] {logging_mixin.py:115} INFO - [2022-06-14 19:09:54,556] {dag.py:2915} INFO - Setting next_dagrun for example_xcom to 2021-01-01T00:00:00+00:00, run_after=2021-01-01T00:00:00+00:00
[2022-06-14 19:09:54,574] {processor.py:161} INFO - Processing /usr/local/lib/python3.10/dist-packages/airflow/example_dags/example_xcom.py took 0.072 seconds
[2022-06-14 19:10:36,187] {processor.py:153} INFO - Started process (PID=10676) to work on /usr/local/lib/python3.10/dist-packages/airflow/example_dags/example_xcom.py
[2022-06-14 19:10:36,188] {processor.py:641} INFO - Processing file /usr/local/lib/python3.10/dist-packages/airflow/example_dags/example_xcom.py for tasks to queue
[2022-06-14 19:10:36,189] {logging_mixin.py:115} INFO - [2022-06-14 19:10:36,189] {dagbag.py:507} INFO - Filling up the DagBag from /usr/local/lib/python3.10/dist-packages/airflow/example_dags/example_xcom.py
[2022-06-14 19:10:36,221] {processor.py:651} INFO - DAG(s) dict_keys(['example_xcom']) retrieved from /usr/local/lib/python3.10/dist-packages/airflow/example_dags/example_xcom.py
[2022-06-14 19:10:36,246] {logging_mixin.py:115} INFO - [2022-06-14 19:10:36,246] {dag.py:2371} INFO - Sync 1 DAGs
[2022-06-14 19:10:36,288] {logging_mixin.py:115} INFO - [2022-06-14 19:10:36,288] {dag.py:2915} INFO - Setting next_dagrun for example_xcom to 2021-01-01T00:00:00+00:00, run_after=2021-01-01T00:00:00+00:00
[2022-06-14 19:10:36,338] {processor.py:161} INFO - Processing /usr/local/lib/python3.10/dist-packages/airflow/example_dags/example_xcom.py took 0.156 seconds
