[2022-06-14 18:33:49,543] {processor.py:153} INFO - Started process (PID=6640) to work on /usr/local/lib/python3.10/dist-packages/airflow/example_dags/example_python_operator.py
[2022-06-14 18:33:49,544] {processor.py:641} INFO - Processing file /usr/local/lib/python3.10/dist-packages/airflow/example_dags/example_python_operator.py for tasks to queue
[2022-06-14 18:33:49,545] {logging_mixin.py:115} INFO - [2022-06-14 18:33:49,544] {dagbag.py:507} INFO - Filling up the DagBag from /usr/local/lib/python3.10/dist-packages/airflow/example_dags/example_python_operator.py
[2022-06-14 18:33:49,563] {processor.py:651} INFO - DAG(s) dict_keys(['example_python_operator']) retrieved from /usr/local/lib/python3.10/dist-packages/airflow/example_dags/example_python_operator.py
[2022-06-14 18:33:49,578] {logging_mixin.py:115} INFO - [2022-06-14 18:33:49,578] {dag.py:2371} INFO - Sync 1 DAGs
[2022-06-14 18:33:49,595] {logging_mixin.py:115} INFO - [2022-06-14 18:33:49,595] {dag.py:2915} INFO - Setting next_dagrun for example_python_operator to None, run_after=None
[2022-06-14 18:33:49,614] {processor.py:161} INFO - Processing /usr/local/lib/python3.10/dist-packages/airflow/example_dags/example_python_operator.py took 0.075 seconds
[2022-06-14 18:34:25,608] {processor.py:153} INFO - Started process (PID=6698) to work on /usr/local/lib/python3.10/dist-packages/airflow/example_dags/example_python_operator.py
[2022-06-14 18:34:25,608] {processor.py:641} INFO - Processing file /usr/local/lib/python3.10/dist-packages/airflow/example_dags/example_python_operator.py for tasks to queue
[2022-06-14 18:34:25,609] {logging_mixin.py:115} INFO - [2022-06-14 18:34:25,609] {dagbag.py:507} INFO - Filling up the DagBag from /usr/local/lib/python3.10/dist-packages/airflow/example_dags/example_python_operator.py
[2022-06-14 18:34:25,626] {processor.py:651} INFO - DAG(s) dict_keys(['example_python_operator']) retrieved from /usr/local/lib/python3.10/dist-packages/airflow/example_dags/example_python_operator.py
[2022-06-14 18:34:25,642] {logging_mixin.py:115} INFO - [2022-06-14 18:34:25,641] {dag.py:2371} INFO - Sync 1 DAGs
[2022-06-14 18:34:25,658] {logging_mixin.py:115} INFO - [2022-06-14 18:34:25,658] {dag.py:2915} INFO - Setting next_dagrun for example_python_operator to None, run_after=None
[2022-06-14 18:34:25,676] {processor.py:161} INFO - Processing /usr/local/lib/python3.10/dist-packages/airflow/example_dags/example_python_operator.py took 0.071 seconds
[2022-06-14 18:35:00,258] {processor.py:153} INFO - Started process (PID=6760) to work on /usr/local/lib/python3.10/dist-packages/airflow/example_dags/example_python_operator.py
[2022-06-14 18:35:00,260] {processor.py:641} INFO - Processing file /usr/local/lib/python3.10/dist-packages/airflow/example_dags/example_python_operator.py for tasks to queue
[2022-06-14 18:35:00,261] {logging_mixin.py:115} INFO - [2022-06-14 18:35:00,260] {dagbag.py:507} INFO - Filling up the DagBag from /usr/local/lib/python3.10/dist-packages/airflow/example_dags/example_python_operator.py
[2022-06-14 18:35:00,278] {processor.py:651} INFO - DAG(s) dict_keys(['example_python_operator']) retrieved from /usr/local/lib/python3.10/dist-packages/airflow/example_dags/example_python_operator.py
[2022-06-14 18:35:00,293] {logging_mixin.py:115} INFO - [2022-06-14 18:35:00,293] {dag.py:2371} INFO - Sync 1 DAGs
[2022-06-14 18:35:00,310] {logging_mixin.py:115} INFO - [2022-06-14 18:35:00,310] {dag.py:2915} INFO - Setting next_dagrun for example_python_operator to None, run_after=None
[2022-06-14 18:35:00,328] {processor.py:161} INFO - Processing /usr/local/lib/python3.10/dist-packages/airflow/example_dags/example_python_operator.py took 0.072 seconds
[2022-06-14 18:35:34,920] {processor.py:153} INFO - Started process (PID=6808) to work on /usr/local/lib/python3.10/dist-packages/airflow/example_dags/example_python_operator.py
[2022-06-14 18:35:34,921] {processor.py:641} INFO - Processing file /usr/local/lib/python3.10/dist-packages/airflow/example_dags/example_python_operator.py for tasks to queue
[2022-06-14 18:35:34,921] {logging_mixin.py:115} INFO - [2022-06-14 18:35:34,921] {dagbag.py:507} INFO - Filling up the DagBag from /usr/local/lib/python3.10/dist-packages/airflow/example_dags/example_python_operator.py
[2022-06-14 18:35:34,939] {processor.py:651} INFO - DAG(s) dict_keys(['example_python_operator']) retrieved from /usr/local/lib/python3.10/dist-packages/airflow/example_dags/example_python_operator.py
[2022-06-14 18:35:34,954] {logging_mixin.py:115} INFO - [2022-06-14 18:35:34,954] {dag.py:2371} INFO - Sync 1 DAGs
[2022-06-14 18:35:34,970] {logging_mixin.py:115} INFO - [2022-06-14 18:35:34,970] {dag.py:2915} INFO - Setting next_dagrun for example_python_operator to None, run_after=None
[2022-06-14 18:35:34,989] {processor.py:161} INFO - Processing /usr/local/lib/python3.10/dist-packages/airflow/example_dags/example_python_operator.py took 0.072 seconds
[2022-06-14 18:36:11,040] {processor.py:153} INFO - Started process (PID=6861) to work on /usr/local/lib/python3.10/dist-packages/airflow/example_dags/example_python_operator.py
[2022-06-14 18:36:11,041] {processor.py:641} INFO - Processing file /usr/local/lib/python3.10/dist-packages/airflow/example_dags/example_python_operator.py for tasks to queue
[2022-06-14 18:36:11,041] {logging_mixin.py:115} INFO - [2022-06-14 18:36:11,041] {dagbag.py:507} INFO - Filling up the DagBag from /usr/local/lib/python3.10/dist-packages/airflow/example_dags/example_python_operator.py
[2022-06-14 18:36:11,060] {processor.py:651} INFO - DAG(s) dict_keys(['example_python_operator']) retrieved from /usr/local/lib/python3.10/dist-packages/airflow/example_dags/example_python_operator.py
[2022-06-14 18:36:11,075] {logging_mixin.py:115} INFO - [2022-06-14 18:36:11,075] {dag.py:2371} INFO - Sync 1 DAGs
[2022-06-14 18:36:11,091] {logging_mixin.py:115} INFO - [2022-06-14 18:36:11,091] {dag.py:2915} INFO - Setting next_dagrun for example_python_operator to None, run_after=None
[2022-06-14 18:36:11,109] {processor.py:161} INFO - Processing /usr/local/lib/python3.10/dist-packages/airflow/example_dags/example_python_operator.py took 0.071 seconds
[2022-06-14 18:36:47,841] {processor.py:153} INFO - Started process (PID=6909) to work on /usr/local/lib/python3.10/dist-packages/airflow/example_dags/example_python_operator.py
[2022-06-14 18:36:47,841] {processor.py:641} INFO - Processing file /usr/local/lib/python3.10/dist-packages/airflow/example_dags/example_python_operator.py for tasks to queue
[2022-06-14 18:36:47,842] {logging_mixin.py:115} INFO - [2022-06-14 18:36:47,842] {dagbag.py:507} INFO - Filling up the DagBag from /usr/local/lib/python3.10/dist-packages/airflow/example_dags/example_python_operator.py
[2022-06-14 18:36:47,859] {processor.py:651} INFO - DAG(s) dict_keys(['example_python_operator']) retrieved from /usr/local/lib/python3.10/dist-packages/airflow/example_dags/example_python_operator.py
[2022-06-14 18:36:47,874] {logging_mixin.py:115} INFO - [2022-06-14 18:36:47,874] {dag.py:2371} INFO - Sync 1 DAGs
[2022-06-14 18:36:47,892] {logging_mixin.py:115} INFO - [2022-06-14 18:36:47,891] {dag.py:2915} INFO - Setting next_dagrun for example_python_operator to None, run_after=None
[2022-06-14 18:36:47,909] {processor.py:161} INFO - Processing /usr/local/lib/python3.10/dist-packages/airflow/example_dags/example_python_operator.py took 0.071 seconds
[2022-06-14 18:37:23,042] {processor.py:153} INFO - Started process (PID=6960) to work on /usr/local/lib/python3.10/dist-packages/airflow/example_dags/example_python_operator.py
[2022-06-14 18:37:23,043] {processor.py:641} INFO - Processing file /usr/local/lib/python3.10/dist-packages/airflow/example_dags/example_python_operator.py for tasks to queue
[2022-06-14 18:37:23,043] {logging_mixin.py:115} INFO - [2022-06-14 18:37:23,043] {dagbag.py:507} INFO - Filling up the DagBag from /usr/local/lib/python3.10/dist-packages/airflow/example_dags/example_python_operator.py
[2022-06-14 18:37:23,061] {processor.py:651} INFO - DAG(s) dict_keys(['example_python_operator']) retrieved from /usr/local/lib/python3.10/dist-packages/airflow/example_dags/example_python_operator.py
[2022-06-14 18:37:23,075] {logging_mixin.py:115} INFO - [2022-06-14 18:37:23,075] {dag.py:2371} INFO - Sync 1 DAGs
[2022-06-14 18:37:23,091] {logging_mixin.py:115} INFO - [2022-06-14 18:37:23,091] {dag.py:2915} INFO - Setting next_dagrun for example_python_operator to None, run_after=None
[2022-06-14 18:37:23,109] {processor.py:161} INFO - Processing /usr/local/lib/python3.10/dist-packages/airflow/example_dags/example_python_operator.py took 0.070 seconds
[2022-06-14 18:37:56,985] {processor.py:153} INFO - Started process (PID=7008) to work on /usr/local/lib/python3.10/dist-packages/airflow/example_dags/example_python_operator.py
[2022-06-14 18:37:56,986] {processor.py:641} INFO - Processing file /usr/local/lib/python3.10/dist-packages/airflow/example_dags/example_python_operator.py for tasks to queue
[2022-06-14 18:37:56,986] {logging_mixin.py:115} INFO - [2022-06-14 18:37:56,986] {dagbag.py:507} INFO - Filling up the DagBag from /usr/local/lib/python3.10/dist-packages/airflow/example_dags/example_python_operator.py
[2022-06-14 18:37:57,009] {processor.py:651} INFO - DAG(s) dict_keys(['example_python_operator']) retrieved from /usr/local/lib/python3.10/dist-packages/airflow/example_dags/example_python_operator.py
[2022-06-14 18:37:57,026] {logging_mixin.py:115} INFO - [2022-06-14 18:37:57,026] {dag.py:2371} INFO - Sync 1 DAGs
[2022-06-14 18:37:57,043] {logging_mixin.py:115} INFO - [2022-06-14 18:37:57,043] {dag.py:2915} INFO - Setting next_dagrun for example_python_operator to None, run_after=None
[2022-06-14 18:37:57,062] {processor.py:161} INFO - Processing /usr/local/lib/python3.10/dist-packages/airflow/example_dags/example_python_operator.py took 0.079 seconds
[2022-06-14 18:38:31,560] {processor.py:153} INFO - Started process (PID=7056) to work on /usr/local/lib/python3.10/dist-packages/airflow/example_dags/example_python_operator.py
[2022-06-14 18:38:31,561] {processor.py:641} INFO - Processing file /usr/local/lib/python3.10/dist-packages/airflow/example_dags/example_python_operator.py for tasks to queue
[2022-06-14 18:38:31,561] {logging_mixin.py:115} INFO - [2022-06-14 18:38:31,561] {dagbag.py:507} INFO - Filling up the DagBag from /usr/local/lib/python3.10/dist-packages/airflow/example_dags/example_python_operator.py
[2022-06-14 18:38:31,579] {processor.py:651} INFO - DAG(s) dict_keys(['example_python_operator']) retrieved from /usr/local/lib/python3.10/dist-packages/airflow/example_dags/example_python_operator.py
[2022-06-14 18:38:31,594] {logging_mixin.py:115} INFO - [2022-06-14 18:38:31,594] {dag.py:2371} INFO - Sync 1 DAGs
[2022-06-14 18:38:31,611] {logging_mixin.py:115} INFO - [2022-06-14 18:38:31,611] {dag.py:2915} INFO - Setting next_dagrun for example_python_operator to None, run_after=None
[2022-06-14 18:38:31,656] {processor.py:161} INFO - Processing /usr/local/lib/python3.10/dist-packages/airflow/example_dags/example_python_operator.py took 0.098 seconds
[2022-06-14 18:39:06,138] {processor.py:153} INFO - Started process (PID=7109) to work on /usr/local/lib/python3.10/dist-packages/airflow/example_dags/example_python_operator.py
[2022-06-14 18:39:06,139] {processor.py:641} INFO - Processing file /usr/local/lib/python3.10/dist-packages/airflow/example_dags/example_python_operator.py for tasks to queue
[2022-06-14 18:39:06,140] {logging_mixin.py:115} INFO - [2022-06-14 18:39:06,139] {dagbag.py:507} INFO - Filling up the DagBag from /usr/local/lib/python3.10/dist-packages/airflow/example_dags/example_python_operator.py
[2022-06-14 18:39:06,157] {processor.py:651} INFO - DAG(s) dict_keys(['example_python_operator']) retrieved from /usr/local/lib/python3.10/dist-packages/airflow/example_dags/example_python_operator.py
[2022-06-14 18:39:06,172] {logging_mixin.py:115} INFO - [2022-06-14 18:39:06,172] {dag.py:2371} INFO - Sync 1 DAGs
[2022-06-14 18:39:06,189] {logging_mixin.py:115} INFO - [2022-06-14 18:39:06,189] {dag.py:2915} INFO - Setting next_dagrun for example_python_operator to None, run_after=None
[2022-06-14 18:39:06,207] {processor.py:161} INFO - Processing /usr/local/lib/python3.10/dist-packages/airflow/example_dags/example_python_operator.py took 0.071 seconds
[2022-06-14 18:39:43,377] {processor.py:153} INFO - Started process (PID=7161) to work on /usr/local/lib/python3.10/dist-packages/airflow/example_dags/example_python_operator.py
[2022-06-14 18:39:43,377] {processor.py:641} INFO - Processing file /usr/local/lib/python3.10/dist-packages/airflow/example_dags/example_python_operator.py for tasks to queue
[2022-06-14 18:39:43,378] {logging_mixin.py:115} INFO - [2022-06-14 18:39:43,378] {dagbag.py:507} INFO - Filling up the DagBag from /usr/local/lib/python3.10/dist-packages/airflow/example_dags/example_python_operator.py
[2022-06-14 18:39:43,395] {processor.py:651} INFO - DAG(s) dict_keys(['example_python_operator']) retrieved from /usr/local/lib/python3.10/dist-packages/airflow/example_dags/example_python_operator.py
[2022-06-14 18:39:43,409] {logging_mixin.py:115} INFO - [2022-06-14 18:39:43,409] {dag.py:2371} INFO - Sync 1 DAGs
[2022-06-14 18:39:43,425] {logging_mixin.py:115} INFO - [2022-06-14 18:39:43,425] {dag.py:2915} INFO - Setting next_dagrun for example_python_operator to None, run_after=None
[2022-06-14 18:39:43,443] {processor.py:161} INFO - Processing /usr/local/lib/python3.10/dist-packages/airflow/example_dags/example_python_operator.py took 0.069 seconds
[2022-06-14 18:40:17,607] {processor.py:153} INFO - Started process (PID=7215) to work on /usr/local/lib/python3.10/dist-packages/airflow/example_dags/example_python_operator.py
[2022-06-14 18:40:17,608] {processor.py:641} INFO - Processing file /usr/local/lib/python3.10/dist-packages/airflow/example_dags/example_python_operator.py for tasks to queue
[2022-06-14 18:40:17,608] {logging_mixin.py:115} INFO - [2022-06-14 18:40:17,608] {dagbag.py:507} INFO - Filling up the DagBag from /usr/local/lib/python3.10/dist-packages/airflow/example_dags/example_python_operator.py
[2022-06-14 18:40:17,625] {processor.py:651} INFO - DAG(s) dict_keys(['example_python_operator']) retrieved from /usr/local/lib/python3.10/dist-packages/airflow/example_dags/example_python_operator.py
[2022-06-14 18:40:17,639] {logging_mixin.py:115} INFO - [2022-06-14 18:40:17,639] {dag.py:2371} INFO - Sync 1 DAGs
[2022-06-14 18:40:17,655] {logging_mixin.py:115} INFO - [2022-06-14 18:40:17,655] {dag.py:2915} INFO - Setting next_dagrun for example_python_operator to None, run_after=None
[2022-06-14 18:40:17,673] {processor.py:161} INFO - Processing /usr/local/lib/python3.10/dist-packages/airflow/example_dags/example_python_operator.py took 0.068 seconds
[2022-06-14 18:40:53,455] {processor.py:153} INFO - Started process (PID=7262) to work on /usr/local/lib/python3.10/dist-packages/airflow/example_dags/example_python_operator.py
[2022-06-14 18:40:53,456] {processor.py:641} INFO - Processing file /usr/local/lib/python3.10/dist-packages/airflow/example_dags/example_python_operator.py for tasks to queue
[2022-06-14 18:40:53,456] {logging_mixin.py:115} INFO - [2022-06-14 18:40:53,456] {dagbag.py:507} INFO - Filling up the DagBag from /usr/local/lib/python3.10/dist-packages/airflow/example_dags/example_python_operator.py
[2022-06-14 18:40:53,473] {processor.py:651} INFO - DAG(s) dict_keys(['example_python_operator']) retrieved from /usr/local/lib/python3.10/dist-packages/airflow/example_dags/example_python_operator.py
[2022-06-14 18:40:53,488] {logging_mixin.py:115} INFO - [2022-06-14 18:40:53,488] {dag.py:2371} INFO - Sync 1 DAGs
[2022-06-14 18:40:53,506] {logging_mixin.py:115} INFO - [2022-06-14 18:40:53,506] {dag.py:2915} INFO - Setting next_dagrun for example_python_operator to None, run_after=None
[2022-06-14 18:40:53,523] {processor.py:161} INFO - Processing /usr/local/lib/python3.10/dist-packages/airflow/example_dags/example_python_operator.py took 0.070 seconds
[2022-06-14 18:41:35,477] {processor.py:153} INFO - Started process (PID=7340) to work on /usr/local/lib/python3.10/dist-packages/airflow/example_dags/example_python_operator.py
[2022-06-14 18:41:35,478] {processor.py:641} INFO - Processing file /usr/local/lib/python3.10/dist-packages/airflow/example_dags/example_python_operator.py for tasks to queue
[2022-06-14 18:41:35,479] {logging_mixin.py:115} INFO - [2022-06-14 18:41:35,479] {dagbag.py:507} INFO - Filling up the DagBag from /usr/local/lib/python3.10/dist-packages/airflow/example_dags/example_python_operator.py
[2022-06-14 18:41:35,496] {processor.py:651} INFO - DAG(s) dict_keys(['example_python_operator']) retrieved from /usr/local/lib/python3.10/dist-packages/airflow/example_dags/example_python_operator.py
[2022-06-14 18:41:35,511] {logging_mixin.py:115} INFO - [2022-06-14 18:41:35,511] {dag.py:2371} INFO - Sync 1 DAGs
[2022-06-14 18:41:35,529] {logging_mixin.py:115} INFO - [2022-06-14 18:41:35,529] {dag.py:2915} INFO - Setting next_dagrun for example_python_operator to None, run_after=None
[2022-06-14 18:41:35,546] {processor.py:161} INFO - Processing /usr/local/lib/python3.10/dist-packages/airflow/example_dags/example_python_operator.py took 0.071 seconds
[2022-06-14 18:42:14,610] {processor.py:153} INFO - Started process (PID=7389) to work on /usr/local/lib/python3.10/dist-packages/airflow/example_dags/example_python_operator.py
[2022-06-14 18:42:14,610] {processor.py:641} INFO - Processing file /usr/local/lib/python3.10/dist-packages/airflow/example_dags/example_python_operator.py for tasks to queue
[2022-06-14 18:42:14,611] {logging_mixin.py:115} INFO - [2022-06-14 18:42:14,611] {dagbag.py:507} INFO - Filling up the DagBag from /usr/local/lib/python3.10/dist-packages/airflow/example_dags/example_python_operator.py
[2022-06-14 18:42:14,629] {processor.py:651} INFO - DAG(s) dict_keys(['example_python_operator']) retrieved from /usr/local/lib/python3.10/dist-packages/airflow/example_dags/example_python_operator.py
[2022-06-14 18:42:14,645] {logging_mixin.py:115} INFO - [2022-06-14 18:42:14,645] {dag.py:2371} INFO - Sync 1 DAGs
[2022-06-14 18:42:14,665] {logging_mixin.py:115} INFO - [2022-06-14 18:42:14,665] {dag.py:2915} INFO - Setting next_dagrun for example_python_operator to None, run_after=None
[2022-06-14 18:42:14,683] {processor.py:161} INFO - Processing /usr/local/lib/python3.10/dist-packages/airflow/example_dags/example_python_operator.py took 0.076 seconds
[2022-06-14 18:42:55,810] {processor.py:153} INFO - Started process (PID=7540) to work on /usr/local/lib/python3.10/dist-packages/airflow/example_dags/example_python_operator.py
[2022-06-14 18:42:55,811] {processor.py:641} INFO - Processing file /usr/local/lib/python3.10/dist-packages/airflow/example_dags/example_python_operator.py for tasks to queue
[2022-06-14 18:42:55,812] {logging_mixin.py:115} INFO - [2022-06-14 18:42:55,811] {dagbag.py:507} INFO - Filling up the DagBag from /usr/local/lib/python3.10/dist-packages/airflow/example_dags/example_python_operator.py
[2022-06-14 18:42:55,829] {processor.py:651} INFO - DAG(s) dict_keys(['example_python_operator']) retrieved from /usr/local/lib/python3.10/dist-packages/airflow/example_dags/example_python_operator.py
[2022-06-14 18:42:55,845] {logging_mixin.py:115} INFO - [2022-06-14 18:42:55,844] {dag.py:2371} INFO - Sync 1 DAGs
[2022-06-14 18:42:55,861] {logging_mixin.py:115} INFO - [2022-06-14 18:42:55,861] {dag.py:2915} INFO - Setting next_dagrun for example_python_operator to None, run_after=None
[2022-06-14 18:42:55,878] {processor.py:161} INFO - Processing /usr/local/lib/python3.10/dist-packages/airflow/example_dags/example_python_operator.py took 0.071 seconds
[2022-06-14 18:43:35,624] {processor.py:153} INFO - Started process (PID=7588) to work on /usr/local/lib/python3.10/dist-packages/airflow/example_dags/example_python_operator.py
[2022-06-14 18:43:35,625] {processor.py:641} INFO - Processing file /usr/local/lib/python3.10/dist-packages/airflow/example_dags/example_python_operator.py for tasks to queue
[2022-06-14 18:43:35,625] {logging_mixin.py:115} INFO - [2022-06-14 18:43:35,625] {dagbag.py:507} INFO - Filling up the DagBag from /usr/local/lib/python3.10/dist-packages/airflow/example_dags/example_python_operator.py
[2022-06-14 18:43:35,643] {processor.py:651} INFO - DAG(s) dict_keys(['example_python_operator']) retrieved from /usr/local/lib/python3.10/dist-packages/airflow/example_dags/example_python_operator.py
[2022-06-14 18:43:35,658] {logging_mixin.py:115} INFO - [2022-06-14 18:43:35,658] {dag.py:2371} INFO - Sync 1 DAGs
[2022-06-14 18:43:35,674] {logging_mixin.py:115} INFO - [2022-06-14 18:43:35,674] {dag.py:2915} INFO - Setting next_dagrun for example_python_operator to None, run_after=None
[2022-06-14 18:43:35,692] {processor.py:161} INFO - Processing /usr/local/lib/python3.10/dist-packages/airflow/example_dags/example_python_operator.py took 0.070 seconds
[2022-06-14 18:44:16,218] {processor.py:153} INFO - Started process (PID=7662) to work on /usr/local/lib/python3.10/dist-packages/airflow/example_dags/example_python_operator.py
[2022-06-14 18:44:16,219] {processor.py:641} INFO - Processing file /usr/local/lib/python3.10/dist-packages/airflow/example_dags/example_python_operator.py for tasks to queue
[2022-06-14 18:44:16,219] {logging_mixin.py:115} INFO - [2022-06-14 18:44:16,219] {dagbag.py:507} INFO - Filling up the DagBag from /usr/local/lib/python3.10/dist-packages/airflow/example_dags/example_python_operator.py
[2022-06-14 18:44:16,237] {processor.py:651} INFO - DAG(s) dict_keys(['example_python_operator']) retrieved from /usr/local/lib/python3.10/dist-packages/airflow/example_dags/example_python_operator.py
[2022-06-14 18:44:16,252] {logging_mixin.py:115} INFO - [2022-06-14 18:44:16,252] {dag.py:2371} INFO - Sync 1 DAGs
[2022-06-14 18:44:16,268] {logging_mixin.py:115} INFO - [2022-06-14 18:44:16,268] {dag.py:2915} INFO - Setting next_dagrun for example_python_operator to None, run_after=None
[2022-06-14 18:44:16,287] {processor.py:161} INFO - Processing /usr/local/lib/python3.10/dist-packages/airflow/example_dags/example_python_operator.py took 0.072 seconds
[2022-06-14 18:44:59,303] {processor.py:153} INFO - Started process (PID=7740) to work on /usr/local/lib/python3.10/dist-packages/airflow/example_dags/example_python_operator.py
[2022-06-14 18:44:59,303] {processor.py:641} INFO - Processing file /usr/local/lib/python3.10/dist-packages/airflow/example_dags/example_python_operator.py for tasks to queue
[2022-06-14 18:44:59,304] {logging_mixin.py:115} INFO - [2022-06-14 18:44:59,304] {dagbag.py:507} INFO - Filling up the DagBag from /usr/local/lib/python3.10/dist-packages/airflow/example_dags/example_python_operator.py
[2022-06-14 18:44:59,322] {processor.py:651} INFO - DAG(s) dict_keys(['example_python_operator']) retrieved from /usr/local/lib/python3.10/dist-packages/airflow/example_dags/example_python_operator.py
[2022-06-14 18:44:59,337] {logging_mixin.py:115} INFO - [2022-06-14 18:44:59,337] {dag.py:2371} INFO - Sync 1 DAGs
[2022-06-14 18:44:59,354] {logging_mixin.py:115} INFO - [2022-06-14 18:44:59,354] {dag.py:2915} INFO - Setting next_dagrun for example_python_operator to None, run_after=None
[2022-06-14 18:44:59,372] {processor.py:161} INFO - Processing /usr/local/lib/python3.10/dist-packages/airflow/example_dags/example_python_operator.py took 0.072 seconds
[2022-06-14 18:45:36,474] {processor.py:153} INFO - Started process (PID=7851) to work on /usr/local/lib/python3.10/dist-packages/airflow/example_dags/example_python_operator.py
[2022-06-14 18:45:36,475] {processor.py:641} INFO - Processing file /usr/local/lib/python3.10/dist-packages/airflow/example_dags/example_python_operator.py for tasks to queue
[2022-06-14 18:45:36,475] {logging_mixin.py:115} INFO - [2022-06-14 18:45:36,475] {dagbag.py:507} INFO - Filling up the DagBag from /usr/local/lib/python3.10/dist-packages/airflow/example_dags/example_python_operator.py
[2022-06-14 18:45:36,492] {processor.py:651} INFO - DAG(s) dict_keys(['example_python_operator']) retrieved from /usr/local/lib/python3.10/dist-packages/airflow/example_dags/example_python_operator.py
[2022-06-14 18:45:36,508] {logging_mixin.py:115} INFO - [2022-06-14 18:45:36,507] {dag.py:2371} INFO - Sync 1 DAGs
[2022-06-14 18:45:36,528] {logging_mixin.py:115} INFO - [2022-06-14 18:45:36,528] {dag.py:2915} INFO - Setting next_dagrun for example_python_operator to None, run_after=None
[2022-06-14 18:45:36,560] {processor.py:161} INFO - Processing /usr/local/lib/python3.10/dist-packages/airflow/example_dags/example_python_operator.py took 0.089 seconds
[2022-06-14 18:46:20,548] {processor.py:153} INFO - Started process (PID=7962) to work on /usr/local/lib/python3.10/dist-packages/airflow/example_dags/example_python_operator.py
[2022-06-14 18:46:20,549] {processor.py:641} INFO - Processing file /usr/local/lib/python3.10/dist-packages/airflow/example_dags/example_python_operator.py for tasks to queue
[2022-06-14 18:46:20,549] {logging_mixin.py:115} INFO - [2022-06-14 18:46:20,549] {dagbag.py:507} INFO - Filling up the DagBag from /usr/local/lib/python3.10/dist-packages/airflow/example_dags/example_python_operator.py
[2022-06-14 18:46:20,568] {processor.py:651} INFO - DAG(s) dict_keys(['example_python_operator']) retrieved from /usr/local/lib/python3.10/dist-packages/airflow/example_dags/example_python_operator.py
[2022-06-14 18:46:20,583] {logging_mixin.py:115} INFO - [2022-06-14 18:46:20,583] {dag.py:2371} INFO - Sync 1 DAGs
[2022-06-14 18:46:20,601] {logging_mixin.py:115} INFO - [2022-06-14 18:46:20,600] {dag.py:2915} INFO - Setting next_dagrun for example_python_operator to None, run_after=None
[2022-06-14 18:46:20,619] {processor.py:161} INFO - Processing /usr/local/lib/python3.10/dist-packages/airflow/example_dags/example_python_operator.py took 0.073 seconds
[2022-06-14 18:46:59,073] {processor.py:153} INFO - Started process (PID=8018) to work on /usr/local/lib/python3.10/dist-packages/airflow/example_dags/example_python_operator.py
[2022-06-14 18:46:59,074] {processor.py:641} INFO - Processing file /usr/local/lib/python3.10/dist-packages/airflow/example_dags/example_python_operator.py for tasks to queue
[2022-06-14 18:46:59,074] {logging_mixin.py:115} INFO - [2022-06-14 18:46:59,074] {dagbag.py:507} INFO - Filling up the DagBag from /usr/local/lib/python3.10/dist-packages/airflow/example_dags/example_python_operator.py
[2022-06-14 18:46:59,092] {processor.py:651} INFO - DAG(s) dict_keys(['example_python_operator']) retrieved from /usr/local/lib/python3.10/dist-packages/airflow/example_dags/example_python_operator.py
[2022-06-14 18:46:59,107] {logging_mixin.py:115} INFO - [2022-06-14 18:46:59,107] {dag.py:2371} INFO - Sync 1 DAGs
[2022-06-14 18:46:59,123] {logging_mixin.py:115} INFO - [2022-06-14 18:46:59,123] {dag.py:2915} INFO - Setting next_dagrun for example_python_operator to None, run_after=None
[2022-06-14 18:46:59,141] {processor.py:161} INFO - Processing /usr/local/lib/python3.10/dist-packages/airflow/example_dags/example_python_operator.py took 0.070 seconds
[2022-06-14 18:47:36,213] {processor.py:153} INFO - Started process (PID=8087) to work on /usr/local/lib/python3.10/dist-packages/airflow/example_dags/example_python_operator.py
[2022-06-14 18:47:36,214] {processor.py:641} INFO - Processing file /usr/local/lib/python3.10/dist-packages/airflow/example_dags/example_python_operator.py for tasks to queue
[2022-06-14 18:47:36,215] {logging_mixin.py:115} INFO - [2022-06-14 18:47:36,214] {dagbag.py:507} INFO - Filling up the DagBag from /usr/local/lib/python3.10/dist-packages/airflow/example_dags/example_python_operator.py
[2022-06-14 18:47:36,233] {processor.py:651} INFO - DAG(s) dict_keys(['example_python_operator']) retrieved from /usr/local/lib/python3.10/dist-packages/airflow/example_dags/example_python_operator.py
[2022-06-14 18:47:36,248] {logging_mixin.py:115} INFO - [2022-06-14 18:47:36,248] {dag.py:2371} INFO - Sync 1 DAGs
[2022-06-14 18:47:36,266] {logging_mixin.py:115} INFO - [2022-06-14 18:47:36,266] {dag.py:2915} INFO - Setting next_dagrun for example_python_operator to None, run_after=None
[2022-06-14 18:47:36,283] {processor.py:161} INFO - Processing /usr/local/lib/python3.10/dist-packages/airflow/example_dags/example_python_operator.py took 0.073 seconds
[2022-06-14 18:48:13,426] {processor.py:153} INFO - Started process (PID=8141) to work on /usr/local/lib/python3.10/dist-packages/airflow/example_dags/example_python_operator.py
[2022-06-14 18:48:13,427] {processor.py:641} INFO - Processing file /usr/local/lib/python3.10/dist-packages/airflow/example_dags/example_python_operator.py for tasks to queue
[2022-06-14 18:48:13,427] {logging_mixin.py:115} INFO - [2022-06-14 18:48:13,427] {dagbag.py:507} INFO - Filling up the DagBag from /usr/local/lib/python3.10/dist-packages/airflow/example_dags/example_python_operator.py
[2022-06-14 18:48:13,445] {processor.py:651} INFO - DAG(s) dict_keys(['example_python_operator']) retrieved from /usr/local/lib/python3.10/dist-packages/airflow/example_dags/example_python_operator.py
[2022-06-14 18:48:13,460] {logging_mixin.py:115} INFO - [2022-06-14 18:48:13,460] {dag.py:2371} INFO - Sync 1 DAGs
[2022-06-14 18:48:13,477] {logging_mixin.py:115} INFO - [2022-06-14 18:48:13,477] {dag.py:2915} INFO - Setting next_dagrun for example_python_operator to None, run_after=None
[2022-06-14 18:48:13,496] {processor.py:161} INFO - Processing /usr/local/lib/python3.10/dist-packages/airflow/example_dags/example_python_operator.py took 0.072 seconds
[2022-06-14 18:48:55,738] {processor.py:153} INFO - Started process (PID=8215) to work on /usr/local/lib/python3.10/dist-packages/airflow/example_dags/example_python_operator.py
[2022-06-14 18:48:55,739] {processor.py:641} INFO - Processing file /usr/local/lib/python3.10/dist-packages/airflow/example_dags/example_python_operator.py for tasks to queue
[2022-06-14 18:48:55,739] {logging_mixin.py:115} INFO - [2022-06-14 18:48:55,739] {dagbag.py:507} INFO - Filling up the DagBag from /usr/local/lib/python3.10/dist-packages/airflow/example_dags/example_python_operator.py
[2022-06-14 18:48:55,757] {processor.py:651} INFO - DAG(s) dict_keys(['example_python_operator']) retrieved from /usr/local/lib/python3.10/dist-packages/airflow/example_dags/example_python_operator.py
[2022-06-14 18:48:55,772] {logging_mixin.py:115} INFO - [2022-06-14 18:48:55,772] {dag.py:2371} INFO - Sync 1 DAGs
[2022-06-14 18:48:55,789] {logging_mixin.py:115} INFO - [2022-06-14 18:48:55,788] {dag.py:2915} INFO - Setting next_dagrun for example_python_operator to None, run_after=None
[2022-06-14 18:48:55,806] {processor.py:161} INFO - Processing /usr/local/lib/python3.10/dist-packages/airflow/example_dags/example_python_operator.py took 0.071 seconds
[2022-06-14 18:49:38,926] {processor.py:153} INFO - Started process (PID=8286) to work on /usr/local/lib/python3.10/dist-packages/airflow/example_dags/example_python_operator.py
[2022-06-14 18:49:38,927] {processor.py:641} INFO - Processing file /usr/local/lib/python3.10/dist-packages/airflow/example_dags/example_python_operator.py for tasks to queue
[2022-06-14 18:49:38,927] {logging_mixin.py:115} INFO - [2022-06-14 18:49:38,927] {dagbag.py:507} INFO - Filling up the DagBag from /usr/local/lib/python3.10/dist-packages/airflow/example_dags/example_python_operator.py
[2022-06-14 18:49:38,945] {processor.py:651} INFO - DAG(s) dict_keys(['example_python_operator']) retrieved from /usr/local/lib/python3.10/dist-packages/airflow/example_dags/example_python_operator.py
[2022-06-14 18:49:38,960] {logging_mixin.py:115} INFO - [2022-06-14 18:49:38,960] {dag.py:2371} INFO - Sync 1 DAGs
[2022-06-14 18:49:38,977] {logging_mixin.py:115} INFO - [2022-06-14 18:49:38,977] {dag.py:2915} INFO - Setting next_dagrun for example_python_operator to None, run_after=None
[2022-06-14 18:49:38,995] {processor.py:161} INFO - Processing /usr/local/lib/python3.10/dist-packages/airflow/example_dags/example_python_operator.py took 0.072 seconds
[2022-06-14 18:50:20,328] {processor.py:153} INFO - Started process (PID=8363) to work on /usr/local/lib/python3.10/dist-packages/airflow/example_dags/example_python_operator.py
[2022-06-14 18:50:20,329] {processor.py:641} INFO - Processing file /usr/local/lib/python3.10/dist-packages/airflow/example_dags/example_python_operator.py for tasks to queue
[2022-06-14 18:50:20,330] {logging_mixin.py:115} INFO - [2022-06-14 18:50:20,329] {dagbag.py:507} INFO - Filling up the DagBag from /usr/local/lib/python3.10/dist-packages/airflow/example_dags/example_python_operator.py
[2022-06-14 18:50:20,348] {processor.py:651} INFO - DAG(s) dict_keys(['example_python_operator']) retrieved from /usr/local/lib/python3.10/dist-packages/airflow/example_dags/example_python_operator.py
[2022-06-14 18:50:20,363] {logging_mixin.py:115} INFO - [2022-06-14 18:50:20,363] {dag.py:2371} INFO - Sync 1 DAGs
[2022-06-14 18:50:20,380] {logging_mixin.py:115} INFO - [2022-06-14 18:50:20,380] {dag.py:2915} INFO - Setting next_dagrun for example_python_operator to None, run_after=None
[2022-06-14 18:50:20,398] {processor.py:161} INFO - Processing /usr/local/lib/python3.10/dist-packages/airflow/example_dags/example_python_operator.py took 0.072 seconds
[2022-06-14 18:50:55,529] {processor.py:153} INFO - Started process (PID=8440) to work on /usr/local/lib/python3.10/dist-packages/airflow/example_dags/example_python_operator.py
[2022-06-14 18:50:55,530] {processor.py:641} INFO - Processing file /usr/local/lib/python3.10/dist-packages/airflow/example_dags/example_python_operator.py for tasks to queue
[2022-06-14 18:50:55,530] {logging_mixin.py:115} INFO - [2022-06-14 18:50:55,530] {dagbag.py:507} INFO - Filling up the DagBag from /usr/local/lib/python3.10/dist-packages/airflow/example_dags/example_python_operator.py
[2022-06-14 18:50:55,550] {processor.py:651} INFO - DAG(s) dict_keys(['example_python_operator']) retrieved from /usr/local/lib/python3.10/dist-packages/airflow/example_dags/example_python_operator.py
[2022-06-14 18:50:55,565] {logging_mixin.py:115} INFO - [2022-06-14 18:50:55,564] {dag.py:2371} INFO - Sync 1 DAGs
[2022-06-14 18:50:55,580] {logging_mixin.py:115} INFO - [2022-06-14 18:50:55,580] {dag.py:2915} INFO - Setting next_dagrun for example_python_operator to None, run_after=None
[2022-06-14 18:50:55,600] {processor.py:161} INFO - Processing /usr/local/lib/python3.10/dist-packages/airflow/example_dags/example_python_operator.py took 0.074 seconds
[2022-06-14 18:51:33,452] {processor.py:153} INFO - Started process (PID=8507) to work on /usr/local/lib/python3.10/dist-packages/airflow/example_dags/example_python_operator.py
[2022-06-14 18:51:33,453] {processor.py:641} INFO - Processing file /usr/local/lib/python3.10/dist-packages/airflow/example_dags/example_python_operator.py for tasks to queue
[2022-06-14 18:51:33,453] {logging_mixin.py:115} INFO - [2022-06-14 18:51:33,453] {dagbag.py:507} INFO - Filling up the DagBag from /usr/local/lib/python3.10/dist-packages/airflow/example_dags/example_python_operator.py
[2022-06-14 18:51:33,472] {processor.py:651} INFO - DAG(s) dict_keys(['example_python_operator']) retrieved from /usr/local/lib/python3.10/dist-packages/airflow/example_dags/example_python_operator.py
[2022-06-14 18:51:33,486] {logging_mixin.py:115} INFO - [2022-06-14 18:51:33,486] {dag.py:2371} INFO - Sync 1 DAGs
[2022-06-14 18:51:33,501] {logging_mixin.py:115} INFO - [2022-06-14 18:51:33,501] {dag.py:2915} INFO - Setting next_dagrun for example_python_operator to None, run_after=None
[2022-06-14 18:51:33,518] {processor.py:161} INFO - Processing /usr/local/lib/python3.10/dist-packages/airflow/example_dags/example_python_operator.py took 0.069 seconds
[2022-06-14 18:52:08,885] {processor.py:153} INFO - Started process (PID=8557) to work on /usr/local/lib/python3.10/dist-packages/airflow/example_dags/example_python_operator.py
[2022-06-14 18:52:08,886] {processor.py:641} INFO - Processing file /usr/local/lib/python3.10/dist-packages/airflow/example_dags/example_python_operator.py for tasks to queue
[2022-06-14 18:52:08,886] {logging_mixin.py:115} INFO - [2022-06-14 18:52:08,886] {dagbag.py:507} INFO - Filling up the DagBag from /usr/local/lib/python3.10/dist-packages/airflow/example_dags/example_python_operator.py
[2022-06-14 18:52:08,903] {processor.py:651} INFO - DAG(s) dict_keys(['example_python_operator']) retrieved from /usr/local/lib/python3.10/dist-packages/airflow/example_dags/example_python_operator.py
[2022-06-14 18:52:08,917] {logging_mixin.py:115} INFO - [2022-06-14 18:52:08,916] {dag.py:2371} INFO - Sync 1 DAGs
[2022-06-14 18:52:08,932] {logging_mixin.py:115} INFO - [2022-06-14 18:52:08,932] {dag.py:2915} INFO - Setting next_dagrun for example_python_operator to None, run_after=None
[2022-06-14 18:52:08,948] {processor.py:161} INFO - Processing /usr/local/lib/python3.10/dist-packages/airflow/example_dags/example_python_operator.py took 0.065 seconds
[2022-06-14 18:52:45,908] {processor.py:153} INFO - Started process (PID=8623) to work on /usr/local/lib/python3.10/dist-packages/airflow/example_dags/example_python_operator.py
[2022-06-14 18:52:45,909] {processor.py:641} INFO - Processing file /usr/local/lib/python3.10/dist-packages/airflow/example_dags/example_python_operator.py for tasks to queue
[2022-06-14 18:52:45,910] {logging_mixin.py:115} INFO - [2022-06-14 18:52:45,910] {dagbag.py:507} INFO - Filling up the DagBag from /usr/local/lib/python3.10/dist-packages/airflow/example_dags/example_python_operator.py
[2022-06-14 18:52:45,930] {processor.py:651} INFO - DAG(s) dict_keys(['example_python_operator']) retrieved from /usr/local/lib/python3.10/dist-packages/airflow/example_dags/example_python_operator.py
[2022-06-14 18:52:45,945] {logging_mixin.py:115} INFO - [2022-06-14 18:52:45,944] {dag.py:2371} INFO - Sync 1 DAGs
[2022-06-14 18:52:45,960] {logging_mixin.py:115} INFO - [2022-06-14 18:52:45,960] {dag.py:2915} INFO - Setting next_dagrun for example_python_operator to None, run_after=None
[2022-06-14 18:52:45,977] {processor.py:161} INFO - Processing /usr/local/lib/python3.10/dist-packages/airflow/example_dags/example_python_operator.py took 0.072 seconds
[2022-06-14 18:53:30,547] {processor.py:153} INFO - Started process (PID=8705) to work on /usr/local/lib/python3.10/dist-packages/airflow/example_dags/example_python_operator.py
[2022-06-14 18:53:30,548] {processor.py:641} INFO - Processing file /usr/local/lib/python3.10/dist-packages/airflow/example_dags/example_python_operator.py for tasks to queue
[2022-06-14 18:53:30,549] {logging_mixin.py:115} INFO - [2022-06-14 18:53:30,548] {dagbag.py:507} INFO - Filling up the DagBag from /usr/local/lib/python3.10/dist-packages/airflow/example_dags/example_python_operator.py
[2022-06-14 18:53:30,567] {processor.py:651} INFO - DAG(s) dict_keys(['example_python_operator']) retrieved from /usr/local/lib/python3.10/dist-packages/airflow/example_dags/example_python_operator.py
[2022-06-14 18:53:30,581] {logging_mixin.py:115} INFO - [2022-06-14 18:53:30,581] {dag.py:2371} INFO - Sync 1 DAGs
[2022-06-14 18:53:30,597] {logging_mixin.py:115} INFO - [2022-06-14 18:53:30,597] {dag.py:2915} INFO - Setting next_dagrun for example_python_operator to None, run_after=None
[2022-06-14 18:53:30,613] {processor.py:161} INFO - Processing /usr/local/lib/python3.10/dist-packages/airflow/example_dags/example_python_operator.py took 0.069 seconds
[2022-06-14 18:54:09,498] {processor.py:153} INFO - Started process (PID=8768) to work on /usr/local/lib/python3.10/dist-packages/airflow/example_dags/example_python_operator.py
[2022-06-14 18:54:09,499] {processor.py:641} INFO - Processing file /usr/local/lib/python3.10/dist-packages/airflow/example_dags/example_python_operator.py for tasks to queue
[2022-06-14 18:54:09,499] {logging_mixin.py:115} INFO - [2022-06-14 18:54:09,499] {dagbag.py:507} INFO - Filling up the DagBag from /usr/local/lib/python3.10/dist-packages/airflow/example_dags/example_python_operator.py
[2022-06-14 18:54:09,519] {processor.py:651} INFO - DAG(s) dict_keys(['example_python_operator']) retrieved from /usr/local/lib/python3.10/dist-packages/airflow/example_dags/example_python_operator.py
[2022-06-14 18:54:09,533] {logging_mixin.py:115} INFO - [2022-06-14 18:54:09,533] {dag.py:2371} INFO - Sync 1 DAGs
[2022-06-14 18:54:09,551] {logging_mixin.py:115} INFO - [2022-06-14 18:54:09,551] {dag.py:2915} INFO - Setting next_dagrun for example_python_operator to None, run_after=None
[2022-06-14 18:54:09,568] {processor.py:161} INFO - Processing /usr/local/lib/python3.10/dist-packages/airflow/example_dags/example_python_operator.py took 0.074 seconds
[2022-06-14 18:54:47,076] {processor.py:153} INFO - Started process (PID=8820) to work on /usr/local/lib/python3.10/dist-packages/airflow/example_dags/example_python_operator.py
[2022-06-14 18:54:47,077] {processor.py:641} INFO - Processing file /usr/local/lib/python3.10/dist-packages/airflow/example_dags/example_python_operator.py for tasks to queue
[2022-06-14 18:54:47,078] {logging_mixin.py:115} INFO - [2022-06-14 18:54:47,078] {dagbag.py:507} INFO - Filling up the DagBag from /usr/local/lib/python3.10/dist-packages/airflow/example_dags/example_python_operator.py
[2022-06-14 18:54:47,098] {processor.py:651} INFO - DAG(s) dict_keys(['example_python_operator']) retrieved from /usr/local/lib/python3.10/dist-packages/airflow/example_dags/example_python_operator.py
[2022-06-14 18:54:47,113] {logging_mixin.py:115} INFO - [2022-06-14 18:54:47,112] {dag.py:2371} INFO - Sync 1 DAGs
[2022-06-14 18:54:47,128] {logging_mixin.py:115} INFO - [2022-06-14 18:54:47,128] {dag.py:2915} INFO - Setting next_dagrun for example_python_operator to None, run_after=None
[2022-06-14 18:54:47,145] {processor.py:161} INFO - Processing /usr/local/lib/python3.10/dist-packages/airflow/example_dags/example_python_operator.py took 0.072 seconds
[2022-06-14 18:55:26,553] {processor.py:153} INFO - Started process (PID=8872) to work on /usr/local/lib/python3.10/dist-packages/airflow/example_dags/example_python_operator.py
[2022-06-14 18:55:26,553] {processor.py:641} INFO - Processing file /usr/local/lib/python3.10/dist-packages/airflow/example_dags/example_python_operator.py for tasks to queue
[2022-06-14 18:55:26,554] {logging_mixin.py:115} INFO - [2022-06-14 18:55:26,554] {dagbag.py:507} INFO - Filling up the DagBag from /usr/local/lib/python3.10/dist-packages/airflow/example_dags/example_python_operator.py
[2022-06-14 18:55:26,575] {processor.py:651} INFO - DAG(s) dict_keys(['example_python_operator']) retrieved from /usr/local/lib/python3.10/dist-packages/airflow/example_dags/example_python_operator.py
[2022-06-14 18:55:26,589] {logging_mixin.py:115} INFO - [2022-06-14 18:55:26,589] {dag.py:2371} INFO - Sync 1 DAGs
[2022-06-14 18:55:26,604] {logging_mixin.py:115} INFO - [2022-06-14 18:55:26,604] {dag.py:2915} INFO - Setting next_dagrun for example_python_operator to None, run_after=None
[2022-06-14 18:55:26,621] {processor.py:161} INFO - Processing /usr/local/lib/python3.10/dist-packages/airflow/example_dags/example_python_operator.py took 0.071 seconds
[2022-06-14 18:56:03,196] {processor.py:153} INFO - Started process (PID=8919) to work on /usr/local/lib/python3.10/dist-packages/airflow/example_dags/example_python_operator.py
[2022-06-14 18:56:03,197] {processor.py:641} INFO - Processing file /usr/local/lib/python3.10/dist-packages/airflow/example_dags/example_python_operator.py for tasks to queue
[2022-06-14 18:56:03,197] {logging_mixin.py:115} INFO - [2022-06-14 18:56:03,197] {dagbag.py:507} INFO - Filling up the DagBag from /usr/local/lib/python3.10/dist-packages/airflow/example_dags/example_python_operator.py
[2022-06-14 18:56:03,217] {processor.py:651} INFO - DAG(s) dict_keys(['example_python_operator']) retrieved from /usr/local/lib/python3.10/dist-packages/airflow/example_dags/example_python_operator.py
[2022-06-14 18:56:03,231] {logging_mixin.py:115} INFO - [2022-06-14 18:56:03,231] {dag.py:2371} INFO - Sync 1 DAGs
[2022-06-14 18:56:03,247] {logging_mixin.py:115} INFO - [2022-06-14 18:56:03,247] {dag.py:2915} INFO - Setting next_dagrun for example_python_operator to None, run_after=None
[2022-06-14 18:56:03,264] {processor.py:161} INFO - Processing /usr/local/lib/python3.10/dist-packages/airflow/example_dags/example_python_operator.py took 0.071 seconds
[2022-06-14 18:56:45,609] {processor.py:153} INFO - Started process (PID=8975) to work on /usr/local/lib/python3.10/dist-packages/airflow/example_dags/example_python_operator.py
[2022-06-14 18:56:45,610] {processor.py:641} INFO - Processing file /usr/local/lib/python3.10/dist-packages/airflow/example_dags/example_python_operator.py for tasks to queue
[2022-06-14 18:56:45,610] {logging_mixin.py:115} INFO - [2022-06-14 18:56:45,610] {dagbag.py:507} INFO - Filling up the DagBag from /usr/local/lib/python3.10/dist-packages/airflow/example_dags/example_python_operator.py
[2022-06-14 18:56:45,631] {processor.py:651} INFO - DAG(s) dict_keys(['example_python_operator']) retrieved from /usr/local/lib/python3.10/dist-packages/airflow/example_dags/example_python_operator.py
[2022-06-14 18:56:45,646] {logging_mixin.py:115} INFO - [2022-06-14 18:56:45,646] {dag.py:2371} INFO - Sync 1 DAGs
[2022-06-14 18:56:45,661] {logging_mixin.py:115} INFO - [2022-06-14 18:56:45,661] {dag.py:2915} INFO - Setting next_dagrun for example_python_operator to None, run_after=None
[2022-06-14 18:56:45,679] {processor.py:161} INFO - Processing /usr/local/lib/python3.10/dist-packages/airflow/example_dags/example_python_operator.py took 0.073 seconds
[2022-06-14 18:57:22,984] {processor.py:153} INFO - Started process (PID=9034) to work on /usr/local/lib/python3.10/dist-packages/airflow/example_dags/example_python_operator.py
[2022-06-14 18:57:22,985] {processor.py:641} INFO - Processing file /usr/local/lib/python3.10/dist-packages/airflow/example_dags/example_python_operator.py for tasks to queue
[2022-06-14 18:57:22,985] {logging_mixin.py:115} INFO - [2022-06-14 18:57:22,985] {dagbag.py:507} INFO - Filling up the DagBag from /usr/local/lib/python3.10/dist-packages/airflow/example_dags/example_python_operator.py
[2022-06-14 18:57:23,006] {processor.py:651} INFO - DAG(s) dict_keys(['example_python_operator']) retrieved from /usr/local/lib/python3.10/dist-packages/airflow/example_dags/example_python_operator.py
[2022-06-14 18:57:23,020] {logging_mixin.py:115} INFO - [2022-06-14 18:57:23,020] {dag.py:2371} INFO - Sync 1 DAGs
[2022-06-14 18:57:23,039] {logging_mixin.py:115} INFO - [2022-06-14 18:57:23,039] {dag.py:2915} INFO - Setting next_dagrun for example_python_operator to None, run_after=None
[2022-06-14 18:57:23,079] {processor.py:161} INFO - Processing /usr/local/lib/python3.10/dist-packages/airflow/example_dags/example_python_operator.py took 0.098 seconds
[2022-06-14 18:58:04,825] {processor.py:153} INFO - Started process (PID=9109) to work on /usr/local/lib/python3.10/dist-packages/airflow/example_dags/example_python_operator.py
[2022-06-14 18:58:04,825] {processor.py:641} INFO - Processing file /usr/local/lib/python3.10/dist-packages/airflow/example_dags/example_python_operator.py for tasks to queue
[2022-06-14 18:58:04,826] {logging_mixin.py:115} INFO - [2022-06-14 18:58:04,826] {dagbag.py:507} INFO - Filling up the DagBag from /usr/local/lib/python3.10/dist-packages/airflow/example_dags/example_python_operator.py
[2022-06-14 18:58:04,843] {processor.py:651} INFO - DAG(s) dict_keys(['example_python_operator']) retrieved from /usr/local/lib/python3.10/dist-packages/airflow/example_dags/example_python_operator.py
[2022-06-14 18:58:04,858] {logging_mixin.py:115} INFO - [2022-06-14 18:58:04,858] {dag.py:2371} INFO - Sync 1 DAGs
[2022-06-14 18:58:04,874] {logging_mixin.py:115} INFO - [2022-06-14 18:58:04,874] {dag.py:2915} INFO - Setting next_dagrun for example_python_operator to None, run_after=None
[2022-06-14 18:58:04,892] {processor.py:161} INFO - Processing /usr/local/lib/python3.10/dist-packages/airflow/example_dags/example_python_operator.py took 0.070 seconds
[2022-06-14 18:58:40,910] {processor.py:153} INFO - Started process (PID=9162) to work on /usr/local/lib/python3.10/dist-packages/airflow/example_dags/example_python_operator.py
[2022-06-14 18:58:40,911] {processor.py:641} INFO - Processing file /usr/local/lib/python3.10/dist-packages/airflow/example_dags/example_python_operator.py for tasks to queue
[2022-06-14 18:58:40,912] {logging_mixin.py:115} INFO - [2022-06-14 18:58:40,912] {dagbag.py:507} INFO - Filling up the DagBag from /usr/local/lib/python3.10/dist-packages/airflow/example_dags/example_python_operator.py
[2022-06-14 18:58:40,931] {processor.py:651} INFO - DAG(s) dict_keys(['example_python_operator']) retrieved from /usr/local/lib/python3.10/dist-packages/airflow/example_dags/example_python_operator.py
[2022-06-14 18:58:40,946] {logging_mixin.py:115} INFO - [2022-06-14 18:58:40,946] {dag.py:2371} INFO - Sync 1 DAGs
[2022-06-14 18:58:40,963] {logging_mixin.py:115} INFO - [2022-06-14 18:58:40,963] {dag.py:2915} INFO - Setting next_dagrun for example_python_operator to None, run_after=None
[2022-06-14 18:58:40,982] {processor.py:161} INFO - Processing /usr/local/lib/python3.10/dist-packages/airflow/example_dags/example_python_operator.py took 0.074 seconds
[2022-06-14 18:59:25,584] {processor.py:153} INFO - Started process (PID=9229) to work on /usr/local/lib/python3.10/dist-packages/airflow/example_dags/example_python_operator.py
[2022-06-14 18:59:25,585] {processor.py:641} INFO - Processing file /usr/local/lib/python3.10/dist-packages/airflow/example_dags/example_python_operator.py for tasks to queue
[2022-06-14 18:59:25,585] {logging_mixin.py:115} INFO - [2022-06-14 18:59:25,585] {dagbag.py:507} INFO - Filling up the DagBag from /usr/local/lib/python3.10/dist-packages/airflow/example_dags/example_python_operator.py
[2022-06-14 18:59:25,604] {processor.py:651} INFO - DAG(s) dict_keys(['example_python_operator']) retrieved from /usr/local/lib/python3.10/dist-packages/airflow/example_dags/example_python_operator.py
[2022-06-14 18:59:25,619] {logging_mixin.py:115} INFO - [2022-06-14 18:59:25,619] {dag.py:2371} INFO - Sync 1 DAGs
[2022-06-14 18:59:25,636] {logging_mixin.py:115} INFO - [2022-06-14 18:59:25,636] {dag.py:2915} INFO - Setting next_dagrun for example_python_operator to None, run_after=None
[2022-06-14 18:59:25,653] {processor.py:161} INFO - Processing /usr/local/lib/python3.10/dist-packages/airflow/example_dags/example_python_operator.py took 0.071 seconds
[2022-06-14 19:00:05,716] {processor.py:153} INFO - Started process (PID=9295) to work on /usr/local/lib/python3.10/dist-packages/airflow/example_dags/example_python_operator.py
[2022-06-14 19:00:05,716] {processor.py:641} INFO - Processing file /usr/local/lib/python3.10/dist-packages/airflow/example_dags/example_python_operator.py for tasks to queue
[2022-06-14 19:00:05,717] {logging_mixin.py:115} INFO - [2022-06-14 19:00:05,717] {dagbag.py:507} INFO - Filling up the DagBag from /usr/local/lib/python3.10/dist-packages/airflow/example_dags/example_python_operator.py
[2022-06-14 19:00:05,734] {processor.py:651} INFO - DAG(s) dict_keys(['example_python_operator']) retrieved from /usr/local/lib/python3.10/dist-packages/airflow/example_dags/example_python_operator.py
[2022-06-14 19:00:05,749] {logging_mixin.py:115} INFO - [2022-06-14 19:00:05,749] {dag.py:2371} INFO - Sync 1 DAGs
[2022-06-14 19:00:05,765] {logging_mixin.py:115} INFO - [2022-06-14 19:00:05,765] {dag.py:2915} INFO - Setting next_dagrun for example_python_operator to None, run_after=None
[2022-06-14 19:00:05,783] {processor.py:161} INFO - Processing /usr/local/lib/python3.10/dist-packages/airflow/example_dags/example_python_operator.py took 0.070 seconds
[2022-06-14 19:00:49,748] {processor.py:153} INFO - Started process (PID=9363) to work on /usr/local/lib/python3.10/dist-packages/airflow/example_dags/example_python_operator.py
[2022-06-14 19:00:49,748] {processor.py:641} INFO - Processing file /usr/local/lib/python3.10/dist-packages/airflow/example_dags/example_python_operator.py for tasks to queue
[2022-06-14 19:00:49,749] {logging_mixin.py:115} INFO - [2022-06-14 19:00:49,749] {dagbag.py:507} INFO - Filling up the DagBag from /usr/local/lib/python3.10/dist-packages/airflow/example_dags/example_python_operator.py
[2022-06-14 19:00:49,766] {processor.py:651} INFO - DAG(s) dict_keys(['example_python_operator']) retrieved from /usr/local/lib/python3.10/dist-packages/airflow/example_dags/example_python_operator.py
[2022-06-14 19:00:49,780] {logging_mixin.py:115} INFO - [2022-06-14 19:00:49,780] {dag.py:2371} INFO - Sync 1 DAGs
[2022-06-14 19:00:49,797] {logging_mixin.py:115} INFO - [2022-06-14 19:00:49,797] {dag.py:2915} INFO - Setting next_dagrun for example_python_operator to None, run_after=None
[2022-06-14 19:00:49,815] {processor.py:161} INFO - Processing /usr/local/lib/python3.10/dist-packages/airflow/example_dags/example_python_operator.py took 0.070 seconds
[2022-06-14 19:01:31,018] {processor.py:153} INFO - Started process (PID=9420) to work on /usr/local/lib/python3.10/dist-packages/airflow/example_dags/example_python_operator.py
[2022-06-14 19:01:31,018] {processor.py:641} INFO - Processing file /usr/local/lib/python3.10/dist-packages/airflow/example_dags/example_python_operator.py for tasks to queue
[2022-06-14 19:01:31,019] {logging_mixin.py:115} INFO - [2022-06-14 19:01:31,019] {dagbag.py:507} INFO - Filling up the DagBag from /usr/local/lib/python3.10/dist-packages/airflow/example_dags/example_python_operator.py
[2022-06-14 19:01:31,036] {processor.py:651} INFO - DAG(s) dict_keys(['example_python_operator']) retrieved from /usr/local/lib/python3.10/dist-packages/airflow/example_dags/example_python_operator.py
[2022-06-14 19:01:31,051] {logging_mixin.py:115} INFO - [2022-06-14 19:01:31,051] {dag.py:2371} INFO - Sync 1 DAGs
[2022-06-14 19:01:31,067] {logging_mixin.py:115} INFO - [2022-06-14 19:01:31,067] {dag.py:2915} INFO - Setting next_dagrun for example_python_operator to None, run_after=None
[2022-06-14 19:01:31,085] {processor.py:161} INFO - Processing /usr/local/lib/python3.10/dist-packages/airflow/example_dags/example_python_operator.py took 0.070 seconds
[2022-06-14 19:02:10,498] {processor.py:153} INFO - Started process (PID=9479) to work on /usr/local/lib/python3.10/dist-packages/airflow/example_dags/example_python_operator.py
[2022-06-14 19:02:10,499] {processor.py:641} INFO - Processing file /usr/local/lib/python3.10/dist-packages/airflow/example_dags/example_python_operator.py for tasks to queue
[2022-06-14 19:02:10,500] {logging_mixin.py:115} INFO - [2022-06-14 19:02:10,499] {dagbag.py:507} INFO - Filling up the DagBag from /usr/local/lib/python3.10/dist-packages/airflow/example_dags/example_python_operator.py
[2022-06-14 19:02:10,518] {processor.py:651} INFO - DAG(s) dict_keys(['example_python_operator']) retrieved from /usr/local/lib/python3.10/dist-packages/airflow/example_dags/example_python_operator.py
[2022-06-14 19:02:10,533] {logging_mixin.py:115} INFO - [2022-06-14 19:02:10,533] {dag.py:2371} INFO - Sync 1 DAGs
[2022-06-14 19:02:10,549] {logging_mixin.py:115} INFO - [2022-06-14 19:02:10,549] {dag.py:2915} INFO - Setting next_dagrun for example_python_operator to None, run_after=None
[2022-06-14 19:02:10,567] {processor.py:161} INFO - Processing /usr/local/lib/python3.10/dist-packages/airflow/example_dags/example_python_operator.py took 0.071 seconds
[2022-06-14 19:02:53,289] {processor.py:153} INFO - Started process (PID=9548) to work on /usr/local/lib/python3.10/dist-packages/airflow/example_dags/example_python_operator.py
[2022-06-14 19:02:53,290] {processor.py:641} INFO - Processing file /usr/local/lib/python3.10/dist-packages/airflow/example_dags/example_python_operator.py for tasks to queue
[2022-06-14 19:02:53,290] {logging_mixin.py:115} INFO - [2022-06-14 19:02:53,290] {dagbag.py:507} INFO - Filling up the DagBag from /usr/local/lib/python3.10/dist-packages/airflow/example_dags/example_python_operator.py
[2022-06-14 19:02:53,311] {processor.py:651} INFO - DAG(s) dict_keys(['example_python_operator']) retrieved from /usr/local/lib/python3.10/dist-packages/airflow/example_dags/example_python_operator.py
[2022-06-14 19:02:53,325] {logging_mixin.py:115} INFO - [2022-06-14 19:02:53,325] {dag.py:2371} INFO - Sync 1 DAGs
[2022-06-14 19:02:53,340] {logging_mixin.py:115} INFO - [2022-06-14 19:02:53,340] {dag.py:2915} INFO - Setting next_dagrun for example_python_operator to None, run_after=None
[2022-06-14 19:02:53,356] {processor.py:161} INFO - Processing /usr/local/lib/python3.10/dist-packages/airflow/example_dags/example_python_operator.py took 0.071 seconds
[2022-06-14 19:03:32,512] {processor.py:153} INFO - Started process (PID=9622) to work on /usr/local/lib/python3.10/dist-packages/airflow/example_dags/example_python_operator.py
[2022-06-14 19:03:32,512] {processor.py:641} INFO - Processing file /usr/local/lib/python3.10/dist-packages/airflow/example_dags/example_python_operator.py for tasks to queue
[2022-06-14 19:03:32,513] {logging_mixin.py:115} INFO - [2022-06-14 19:03:32,513] {dagbag.py:507} INFO - Filling up the DagBag from /usr/local/lib/python3.10/dist-packages/airflow/example_dags/example_python_operator.py
[2022-06-14 19:03:32,531] {processor.py:651} INFO - DAG(s) dict_keys(['example_python_operator']) retrieved from /usr/local/lib/python3.10/dist-packages/airflow/example_dags/example_python_operator.py
[2022-06-14 19:03:32,546] {logging_mixin.py:115} INFO - [2022-06-14 19:03:32,546] {dag.py:2371} INFO - Sync 1 DAGs
[2022-06-14 19:03:32,564] {logging_mixin.py:115} INFO - [2022-06-14 19:03:32,563] {dag.py:2915} INFO - Setting next_dagrun for example_python_operator to None, run_after=None
[2022-06-14 19:03:32,582] {processor.py:161} INFO - Processing /usr/local/lib/python3.10/dist-packages/airflow/example_dags/example_python_operator.py took 0.073 seconds
[2022-06-14 19:04:07,928] {processor.py:153} INFO - Started process (PID=9674) to work on /usr/local/lib/python3.10/dist-packages/airflow/example_dags/example_python_operator.py
[2022-06-14 19:04:07,929] {processor.py:641} INFO - Processing file /usr/local/lib/python3.10/dist-packages/airflow/example_dags/example_python_operator.py for tasks to queue
[2022-06-14 19:04:07,929] {logging_mixin.py:115} INFO - [2022-06-14 19:04:07,929] {dagbag.py:507} INFO - Filling up the DagBag from /usr/local/lib/python3.10/dist-packages/airflow/example_dags/example_python_operator.py
[2022-06-14 19:04:07,947] {processor.py:651} INFO - DAG(s) dict_keys(['example_python_operator']) retrieved from /usr/local/lib/python3.10/dist-packages/airflow/example_dags/example_python_operator.py
[2022-06-14 19:04:07,962] {logging_mixin.py:115} INFO - [2022-06-14 19:04:07,962] {dag.py:2371} INFO - Sync 1 DAGs
[2022-06-14 19:04:07,979] {logging_mixin.py:115} INFO - [2022-06-14 19:04:07,978] {dag.py:2915} INFO - Setting next_dagrun for example_python_operator to None, run_after=None
[2022-06-14 19:04:07,997] {processor.py:161} INFO - Processing /usr/local/lib/python3.10/dist-packages/airflow/example_dags/example_python_operator.py took 0.072 seconds
[2022-06-14 19:04:51,416] {processor.py:153} INFO - Started process (PID=9730) to work on /usr/local/lib/python3.10/dist-packages/airflow/example_dags/example_python_operator.py
[2022-06-14 19:04:51,417] {processor.py:641} INFO - Processing file /usr/local/lib/python3.10/dist-packages/airflow/example_dags/example_python_operator.py for tasks to queue
[2022-06-14 19:04:51,417] {logging_mixin.py:115} INFO - [2022-06-14 19:04:51,417] {dagbag.py:507} INFO - Filling up the DagBag from /usr/local/lib/python3.10/dist-packages/airflow/example_dags/example_python_operator.py
[2022-06-14 19:04:51,434] {processor.py:651} INFO - DAG(s) dict_keys(['example_python_operator']) retrieved from /usr/local/lib/python3.10/dist-packages/airflow/example_dags/example_python_operator.py
[2022-06-14 19:04:51,449] {logging_mixin.py:115} INFO - [2022-06-14 19:04:51,449] {dag.py:2371} INFO - Sync 1 DAGs
[2022-06-14 19:04:51,466] {logging_mixin.py:115} INFO - [2022-06-14 19:04:51,466] {dag.py:2915} INFO - Setting next_dagrun for example_python_operator to None, run_after=None
[2022-06-14 19:04:51,484] {processor.py:161} INFO - Processing /usr/local/lib/python3.10/dist-packages/airflow/example_dags/example_python_operator.py took 0.071 seconds
[2022-06-14 19:05:32,427] {processor.py:153} INFO - Started process (PID=9786) to work on /usr/local/lib/python3.10/dist-packages/airflow/example_dags/example_python_operator.py
[2022-06-14 19:05:32,430] {processor.py:641} INFO - Processing file /usr/local/lib/python3.10/dist-packages/airflow/example_dags/example_python_operator.py for tasks to queue
[2022-06-14 19:05:32,431] {logging_mixin.py:115} INFO - [2022-06-14 19:05:32,430] {dagbag.py:507} INFO - Filling up the DagBag from /usr/local/lib/python3.10/dist-packages/airflow/example_dags/example_python_operator.py
[2022-06-14 19:05:32,448] {processor.py:651} INFO - DAG(s) dict_keys(['example_python_operator']) retrieved from /usr/local/lib/python3.10/dist-packages/airflow/example_dags/example_python_operator.py
[2022-06-14 19:05:32,463] {logging_mixin.py:115} INFO - [2022-06-14 19:05:32,463] {dag.py:2371} INFO - Sync 1 DAGs
[2022-06-14 19:05:32,479] {logging_mixin.py:115} INFO - [2022-06-14 19:05:32,479] {dag.py:2915} INFO - Setting next_dagrun for example_python_operator to None, run_after=None
[2022-06-14 19:05:32,498] {processor.py:161} INFO - Processing /usr/local/lib/python3.10/dist-packages/airflow/example_dags/example_python_operator.py took 0.073 seconds
[2022-06-14 19:06:10,448] {processor.py:153} INFO - Started process (PID=9842) to work on /usr/local/lib/python3.10/dist-packages/airflow/example_dags/example_python_operator.py
[2022-06-14 19:06:10,449] {processor.py:641} INFO - Processing file /usr/local/lib/python3.10/dist-packages/airflow/example_dags/example_python_operator.py for tasks to queue
[2022-06-14 19:06:10,449] {logging_mixin.py:115} INFO - [2022-06-14 19:06:10,449] {dagbag.py:507} INFO - Filling up the DagBag from /usr/local/lib/python3.10/dist-packages/airflow/example_dags/example_python_operator.py
[2022-06-14 19:06:10,467] {processor.py:651} INFO - DAG(s) dict_keys(['example_python_operator']) retrieved from /usr/local/lib/python3.10/dist-packages/airflow/example_dags/example_python_operator.py
[2022-06-14 19:06:10,483] {logging_mixin.py:115} INFO - [2022-06-14 19:06:10,483] {dag.py:2371} INFO - Sync 1 DAGs
[2022-06-14 19:06:10,501] {logging_mixin.py:115} INFO - [2022-06-14 19:06:10,501] {dag.py:2915} INFO - Setting next_dagrun for example_python_operator to None, run_after=None
[2022-06-14 19:06:10,519] {processor.py:161} INFO - Processing /usr/local/lib/python3.10/dist-packages/airflow/example_dags/example_python_operator.py took 0.073 seconds
[2022-06-14 19:06:50,367] {processor.py:153} INFO - Started process (PID=9896) to work on /usr/local/lib/python3.10/dist-packages/airflow/example_dags/example_python_operator.py
[2022-06-14 19:06:50,367] {processor.py:641} INFO - Processing file /usr/local/lib/python3.10/dist-packages/airflow/example_dags/example_python_operator.py for tasks to queue
[2022-06-14 19:06:50,368] {logging_mixin.py:115} INFO - [2022-06-14 19:06:50,368] {dagbag.py:507} INFO - Filling up the DagBag from /usr/local/lib/python3.10/dist-packages/airflow/example_dags/example_python_operator.py
[2022-06-14 19:06:50,385] {processor.py:651} INFO - DAG(s) dict_keys(['example_python_operator']) retrieved from /usr/local/lib/python3.10/dist-packages/airflow/example_dags/example_python_operator.py
[2022-06-14 19:06:50,400] {logging_mixin.py:115} INFO - [2022-06-14 19:06:50,400] {dag.py:2371} INFO - Sync 1 DAGs
[2022-06-14 19:06:50,417] {logging_mixin.py:115} INFO - [2022-06-14 19:06:50,416] {dag.py:2915} INFO - Setting next_dagrun for example_python_operator to None, run_after=None
[2022-06-14 19:06:50,434] {processor.py:161} INFO - Processing /usr/local/lib/python3.10/dist-packages/airflow/example_dags/example_python_operator.py took 0.070 seconds
[2022-06-14 19:07:31,217] {processor.py:153} INFO - Started process (PID=9955) to work on /usr/local/lib/python3.10/dist-packages/airflow/example_dags/example_python_operator.py
[2022-06-14 19:07:31,217] {processor.py:641} INFO - Processing file /usr/local/lib/python3.10/dist-packages/airflow/example_dags/example_python_operator.py for tasks to queue
[2022-06-14 19:07:31,218] {logging_mixin.py:115} INFO - [2022-06-14 19:07:31,218] {dagbag.py:507} INFO - Filling up the DagBag from /usr/local/lib/python3.10/dist-packages/airflow/example_dags/example_python_operator.py
[2022-06-14 19:07:31,236] {processor.py:651} INFO - DAG(s) dict_keys(['example_python_operator']) retrieved from /usr/local/lib/python3.10/dist-packages/airflow/example_dags/example_python_operator.py
[2022-06-14 19:07:31,251] {logging_mixin.py:115} INFO - [2022-06-14 19:07:31,251] {dag.py:2371} INFO - Sync 1 DAGs
[2022-06-14 19:07:31,268] {logging_mixin.py:115} INFO - [2022-06-14 19:07:31,268] {dag.py:2915} INFO - Setting next_dagrun for example_python_operator to None, run_after=None
[2022-06-14 19:07:31,307] {processor.py:161} INFO - Processing /usr/local/lib/python3.10/dist-packages/airflow/example_dags/example_python_operator.py took 0.093 seconds
[2022-06-14 19:08:10,132] {processor.py:153} INFO - Started process (PID=10011) to work on /usr/local/lib/python3.10/dist-packages/airflow/example_dags/example_python_operator.py
[2022-06-14 19:08:10,132] {processor.py:641} INFO - Processing file /usr/local/lib/python3.10/dist-packages/airflow/example_dags/example_python_operator.py for tasks to queue
[2022-06-14 19:08:10,133] {logging_mixin.py:115} INFO - [2022-06-14 19:08:10,133] {dagbag.py:507} INFO - Filling up the DagBag from /usr/local/lib/python3.10/dist-packages/airflow/example_dags/example_python_operator.py
[2022-06-14 19:08:10,158] {processor.py:651} INFO - DAG(s) dict_keys(['example_python_operator']) retrieved from /usr/local/lib/python3.10/dist-packages/airflow/example_dags/example_python_operator.py
[2022-06-14 19:08:10,176] {logging_mixin.py:115} INFO - [2022-06-14 19:08:10,176] {dag.py:2371} INFO - Sync 1 DAGs
[2022-06-14 19:08:10,195] {logging_mixin.py:115} INFO - [2022-06-14 19:08:10,195] {dag.py:2915} INFO - Setting next_dagrun for example_python_operator to None, run_after=None
[2022-06-14 19:08:10,216] {processor.py:161} INFO - Processing /usr/local/lib/python3.10/dist-packages/airflow/example_dags/example_python_operator.py took 0.087 seconds
[2022-06-14 19:08:51,550] {processor.py:153} INFO - Started process (PID=10070) to work on /usr/local/lib/python3.10/dist-packages/airflow/example_dags/example_python_operator.py
[2022-06-14 19:08:51,551] {processor.py:641} INFO - Processing file /usr/local/lib/python3.10/dist-packages/airflow/example_dags/example_python_operator.py for tasks to queue
[2022-06-14 19:08:51,551] {logging_mixin.py:115} INFO - [2022-06-14 19:08:51,551] {dagbag.py:507} INFO - Filling up the DagBag from /usr/local/lib/python3.10/dist-packages/airflow/example_dags/example_python_operator.py
[2022-06-14 19:08:51,569] {processor.py:651} INFO - DAG(s) dict_keys(['example_python_operator']) retrieved from /usr/local/lib/python3.10/dist-packages/airflow/example_dags/example_python_operator.py
[2022-06-14 19:08:51,584] {logging_mixin.py:115} INFO - [2022-06-14 19:08:51,584] {dag.py:2371} INFO - Sync 1 DAGs
[2022-06-14 19:08:51,600] {logging_mixin.py:115} INFO - [2022-06-14 19:08:51,600] {dag.py:2915} INFO - Setting next_dagrun for example_python_operator to None, run_after=None
[2022-06-14 19:08:51,618] {processor.py:161} INFO - Processing /usr/local/lib/python3.10/dist-packages/airflow/example_dags/example_python_operator.py took 0.071 seconds
[2022-06-14 19:09:35,660] {processor.py:153} INFO - Started process (PID=10130) to work on /usr/local/lib/python3.10/dist-packages/airflow/example_dags/example_python_operator.py
[2022-06-14 19:09:35,661] {processor.py:641} INFO - Processing file /usr/local/lib/python3.10/dist-packages/airflow/example_dags/example_python_operator.py for tasks to queue
[2022-06-14 19:09:35,661] {logging_mixin.py:115} INFO - [2022-06-14 19:09:35,661] {dagbag.py:507} INFO - Filling up the DagBag from /usr/local/lib/python3.10/dist-packages/airflow/example_dags/example_python_operator.py
[2022-06-14 19:09:35,679] {processor.py:651} INFO - DAG(s) dict_keys(['example_python_operator']) retrieved from /usr/local/lib/python3.10/dist-packages/airflow/example_dags/example_python_operator.py
[2022-06-14 19:09:35,695] {logging_mixin.py:115} INFO - [2022-06-14 19:09:35,694] {dag.py:2371} INFO - Sync 1 DAGs
[2022-06-14 19:09:35,711] {logging_mixin.py:115} INFO - [2022-06-14 19:09:35,711] {dag.py:2915} INFO - Setting next_dagrun for example_python_operator to None, run_after=None
[2022-06-14 19:09:35,729] {processor.py:161} INFO - Processing /usr/local/lib/python3.10/dist-packages/airflow/example_dags/example_python_operator.py took 0.072 seconds
[2022-06-14 19:10:11,732] {processor.py:153} INFO - Started process (PID=10199) to work on /usr/local/lib/python3.10/dist-packages/airflow/example_dags/example_python_operator.py
[2022-06-14 19:10:11,733] {processor.py:641} INFO - Processing file /usr/local/lib/python3.10/dist-packages/airflow/example_dags/example_python_operator.py for tasks to queue
[2022-06-14 19:10:11,734] {logging_mixin.py:115} INFO - [2022-06-14 19:10:11,733] {dagbag.py:507} INFO - Filling up the DagBag from /usr/local/lib/python3.10/dist-packages/airflow/example_dags/example_python_operator.py
[2022-06-14 19:10:11,751] {processor.py:651} INFO - DAG(s) dict_keys(['example_python_operator']) retrieved from /usr/local/lib/python3.10/dist-packages/airflow/example_dags/example_python_operator.py
[2022-06-14 19:10:11,766] {logging_mixin.py:115} INFO - [2022-06-14 19:10:11,766] {dag.py:2371} INFO - Sync 1 DAGs
[2022-06-14 19:10:11,783] {logging_mixin.py:115} INFO - [2022-06-14 19:10:11,783] {dag.py:2915} INFO - Setting next_dagrun for example_python_operator to None, run_after=None
[2022-06-14 19:10:11,801] {processor.py:161} INFO - Processing /usr/local/lib/python3.10/dist-packages/airflow/example_dags/example_python_operator.py took 0.071 seconds
