[2022-06-14 18:33:59,355] {processor.py:153} INFO - Started process (PID=6656) to work on /usr/local/lib/python3.10/dist-packages/airflow/example_dags/example_branch_operator.py
[2022-06-14 18:33:59,355] {processor.py:641} INFO - Processing file /usr/local/lib/python3.10/dist-packages/airflow/example_dags/example_branch_operator.py for tasks to queue
[2022-06-14 18:33:59,356] {logging_mixin.py:115} INFO - [2022-06-14 18:33:59,356] {dagbag.py:507} INFO - Filling up the DagBag from /usr/local/lib/python3.10/dist-packages/airflow/example_dags/example_branch_operator.py
[2022-06-14 18:33:59,365] {processor.py:651} INFO - DAG(s) dict_keys(['example_branch_operator']) retrieved from /usr/local/lib/python3.10/dist-packages/airflow/example_dags/example_branch_operator.py
[2022-06-14 18:33:59,380] {logging_mixin.py:115} INFO - [2022-06-14 18:33:59,380] {dag.py:2371} INFO - Sync 1 DAGs
[2022-06-14 18:33:59,399] {logging_mixin.py:115} INFO - [2022-06-14 18:33:59,399] {dag.py:2915} INFO - Setting next_dagrun for example_branch_operator to 2022-06-13T00:00:00+00:00, run_after=2022-06-14T00:00:00+00:00
[2022-06-14 18:33:59,418] {processor.py:161} INFO - Processing /usr/local/lib/python3.10/dist-packages/airflow/example_dags/example_branch_operator.py took 0.066 seconds
[2022-06-14 18:34:36,015] {processor.py:153} INFO - Started process (PID=6715) to work on /usr/local/lib/python3.10/dist-packages/airflow/example_dags/example_branch_operator.py
[2022-06-14 18:34:36,015] {processor.py:641} INFO - Processing file /usr/local/lib/python3.10/dist-packages/airflow/example_dags/example_branch_operator.py for tasks to queue
[2022-06-14 18:34:36,016] {logging_mixin.py:115} INFO - [2022-06-14 18:34:36,016] {dagbag.py:507} INFO - Filling up the DagBag from /usr/local/lib/python3.10/dist-packages/airflow/example_dags/example_branch_operator.py
[2022-06-14 18:34:36,028] {processor.py:651} INFO - DAG(s) dict_keys(['example_branch_operator']) retrieved from /usr/local/lib/python3.10/dist-packages/airflow/example_dags/example_branch_operator.py
[2022-06-14 18:34:36,046] {logging_mixin.py:115} INFO - [2022-06-14 18:34:36,046] {dag.py:2371} INFO - Sync 1 DAGs
[2022-06-14 18:34:36,066] {logging_mixin.py:115} INFO - [2022-06-14 18:34:36,066] {dag.py:2915} INFO - Setting next_dagrun for example_branch_operator to 2022-06-13T00:00:00+00:00, run_after=2022-06-14T00:00:00+00:00
[2022-06-14 18:34:36,084] {processor.py:161} INFO - Processing /usr/local/lib/python3.10/dist-packages/airflow/example_dags/example_branch_operator.py took 0.072 seconds
[2022-06-14 18:35:11,421] {processor.py:153} INFO - Started process (PID=6775) to work on /usr/local/lib/python3.10/dist-packages/airflow/example_dags/example_branch_operator.py
[2022-06-14 18:35:11,422] {processor.py:641} INFO - Processing file /usr/local/lib/python3.10/dist-packages/airflow/example_dags/example_branch_operator.py for tasks to queue
[2022-06-14 18:35:11,423] {logging_mixin.py:115} INFO - [2022-06-14 18:35:11,422] {dagbag.py:507} INFO - Filling up the DagBag from /usr/local/lib/python3.10/dist-packages/airflow/example_dags/example_branch_operator.py
[2022-06-14 18:35:11,432] {processor.py:651} INFO - DAG(s) dict_keys(['example_branch_operator']) retrieved from /usr/local/lib/python3.10/dist-packages/airflow/example_dags/example_branch_operator.py
[2022-06-14 18:35:11,447] {logging_mixin.py:115} INFO - [2022-06-14 18:35:11,447] {dag.py:2371} INFO - Sync 1 DAGs
[2022-06-14 18:35:11,465] {logging_mixin.py:115} INFO - [2022-06-14 18:35:11,465] {dag.py:2915} INFO - Setting next_dagrun for example_branch_operator to 2022-06-13T00:00:00+00:00, run_after=2022-06-14T00:00:00+00:00
[2022-06-14 18:35:11,483] {processor.py:161} INFO - Processing /usr/local/lib/python3.10/dist-packages/airflow/example_dags/example_branch_operator.py took 0.064 seconds
[2022-06-14 18:35:47,305] {processor.py:153} INFO - Started process (PID=6825) to work on /usr/local/lib/python3.10/dist-packages/airflow/example_dags/example_branch_operator.py
[2022-06-14 18:35:47,305] {processor.py:641} INFO - Processing file /usr/local/lib/python3.10/dist-packages/airflow/example_dags/example_branch_operator.py for tasks to queue
[2022-06-14 18:35:47,306] {logging_mixin.py:115} INFO - [2022-06-14 18:35:47,306] {dagbag.py:507} INFO - Filling up the DagBag from /usr/local/lib/python3.10/dist-packages/airflow/example_dags/example_branch_operator.py
[2022-06-14 18:35:47,318] {processor.py:651} INFO - DAG(s) dict_keys(['example_branch_operator']) retrieved from /usr/local/lib/python3.10/dist-packages/airflow/example_dags/example_branch_operator.py
[2022-06-14 18:35:47,338] {logging_mixin.py:115} INFO - [2022-06-14 18:35:47,337] {dag.py:2371} INFO - Sync 1 DAGs
[2022-06-14 18:35:47,361] {logging_mixin.py:115} INFO - [2022-06-14 18:35:47,361] {dag.py:2915} INFO - Setting next_dagrun for example_branch_operator to 2022-06-13T00:00:00+00:00, run_after=2022-06-14T00:00:00+00:00
[2022-06-14 18:35:47,383] {processor.py:161} INFO - Processing /usr/local/lib/python3.10/dist-packages/airflow/example_dags/example_branch_operator.py took 0.081 seconds
[2022-06-14 18:36:22,306] {processor.py:153} INFO - Started process (PID=6875) to work on /usr/local/lib/python3.10/dist-packages/airflow/example_dags/example_branch_operator.py
[2022-06-14 18:36:22,307] {processor.py:641} INFO - Processing file /usr/local/lib/python3.10/dist-packages/airflow/example_dags/example_branch_operator.py for tasks to queue
[2022-06-14 18:36:22,307] {logging_mixin.py:115} INFO - [2022-06-14 18:36:22,307] {dagbag.py:507} INFO - Filling up the DagBag from /usr/local/lib/python3.10/dist-packages/airflow/example_dags/example_branch_operator.py
[2022-06-14 18:36:22,316] {processor.py:651} INFO - DAG(s) dict_keys(['example_branch_operator']) retrieved from /usr/local/lib/python3.10/dist-packages/airflow/example_dags/example_branch_operator.py
[2022-06-14 18:36:22,331] {logging_mixin.py:115} INFO - [2022-06-14 18:36:22,331] {dag.py:2371} INFO - Sync 1 DAGs
[2022-06-14 18:36:22,350] {logging_mixin.py:115} INFO - [2022-06-14 18:36:22,350] {dag.py:2915} INFO - Setting next_dagrun for example_branch_operator to 2022-06-13T00:00:00+00:00, run_after=2022-06-14T00:00:00+00:00
[2022-06-14 18:36:22,368] {processor.py:161} INFO - Processing /usr/local/lib/python3.10/dist-packages/airflow/example_dags/example_branch_operator.py took 0.064 seconds
[2022-06-14 18:36:59,705] {processor.py:153} INFO - Started process (PID=6930) to work on /usr/local/lib/python3.10/dist-packages/airflow/example_dags/example_branch_operator.py
[2022-06-14 18:36:59,706] {processor.py:641} INFO - Processing file /usr/local/lib/python3.10/dist-packages/airflow/example_dags/example_branch_operator.py for tasks to queue
[2022-06-14 18:36:59,706] {logging_mixin.py:115} INFO - [2022-06-14 18:36:59,706] {dagbag.py:507} INFO - Filling up the DagBag from /usr/local/lib/python3.10/dist-packages/airflow/example_dags/example_branch_operator.py
[2022-06-14 18:36:59,716] {processor.py:651} INFO - DAG(s) dict_keys(['example_branch_operator']) retrieved from /usr/local/lib/python3.10/dist-packages/airflow/example_dags/example_branch_operator.py
[2022-06-14 18:36:59,732] {logging_mixin.py:115} INFO - [2022-06-14 18:36:59,732] {dag.py:2371} INFO - Sync 1 DAGs
[2022-06-14 18:36:59,751] {logging_mixin.py:115} INFO - [2022-06-14 18:36:59,751] {dag.py:2915} INFO - Setting next_dagrun for example_branch_operator to 2022-06-13T00:00:00+00:00, run_after=2022-06-14T00:00:00+00:00
[2022-06-14 18:36:59,769] {processor.py:161} INFO - Processing /usr/local/lib/python3.10/dist-packages/airflow/example_dags/example_branch_operator.py took 0.066 seconds
[2022-06-14 18:37:38,658] {processor.py:153} INFO - Started process (PID=6980) to work on /usr/local/lib/python3.10/dist-packages/airflow/example_dags/example_branch_operator.py
[2022-06-14 18:37:38,659] {processor.py:641} INFO - Processing file /usr/local/lib/python3.10/dist-packages/airflow/example_dags/example_branch_operator.py for tasks to queue
[2022-06-14 18:37:38,659] {logging_mixin.py:115} INFO - [2022-06-14 18:37:38,659] {dagbag.py:507} INFO - Filling up the DagBag from /usr/local/lib/python3.10/dist-packages/airflow/example_dags/example_branch_operator.py
[2022-06-14 18:37:38,669] {processor.py:651} INFO - DAG(s) dict_keys(['example_branch_operator']) retrieved from /usr/local/lib/python3.10/dist-packages/airflow/example_dags/example_branch_operator.py
[2022-06-14 18:37:38,685] {logging_mixin.py:115} INFO - [2022-06-14 18:37:38,685] {dag.py:2371} INFO - Sync 1 DAGs
[2022-06-14 18:37:38,704] {logging_mixin.py:115} INFO - [2022-06-14 18:37:38,703] {dag.py:2915} INFO - Setting next_dagrun for example_branch_operator to 2022-06-13T00:00:00+00:00, run_after=2022-06-14T00:00:00+00:00
[2022-06-14 18:37:38,721] {processor.py:161} INFO - Processing /usr/local/lib/python3.10/dist-packages/airflow/example_dags/example_branch_operator.py took 0.066 seconds
[2022-06-14 18:38:16,072] {processor.py:153} INFO - Started process (PID=7034) to work on /usr/local/lib/python3.10/dist-packages/airflow/example_dags/example_branch_operator.py
[2022-06-14 18:38:16,073] {processor.py:641} INFO - Processing file /usr/local/lib/python3.10/dist-packages/airflow/example_dags/example_branch_operator.py for tasks to queue
[2022-06-14 18:38:16,074] {logging_mixin.py:115} INFO - [2022-06-14 18:38:16,073] {dagbag.py:507} INFO - Filling up the DagBag from /usr/local/lib/python3.10/dist-packages/airflow/example_dags/example_branch_operator.py
[2022-06-14 18:38:16,086] {processor.py:651} INFO - DAG(s) dict_keys(['example_branch_operator']) retrieved from /usr/local/lib/python3.10/dist-packages/airflow/example_dags/example_branch_operator.py
[2022-06-14 18:38:16,102] {logging_mixin.py:115} INFO - [2022-06-14 18:38:16,102] {dag.py:2371} INFO - Sync 1 DAGs
[2022-06-14 18:38:16,121] {logging_mixin.py:115} INFO - [2022-06-14 18:38:16,121] {dag.py:2915} INFO - Setting next_dagrun for example_branch_operator to 2022-06-13T00:00:00+00:00, run_after=2022-06-14T00:00:00+00:00
[2022-06-14 18:38:16,138] {processor.py:161} INFO - Processing /usr/local/lib/python3.10/dist-packages/airflow/example_dags/example_branch_operator.py took 0.069 seconds
[2022-06-14 18:38:49,529] {processor.py:153} INFO - Started process (PID=7080) to work on /usr/local/lib/python3.10/dist-packages/airflow/example_dags/example_branch_operator.py
[2022-06-14 18:38:49,530] {processor.py:641} INFO - Processing file /usr/local/lib/python3.10/dist-packages/airflow/example_dags/example_branch_operator.py for tasks to queue
[2022-06-14 18:38:49,530] {logging_mixin.py:115} INFO - [2022-06-14 18:38:49,530] {dagbag.py:507} INFO - Filling up the DagBag from /usr/local/lib/python3.10/dist-packages/airflow/example_dags/example_branch_operator.py
[2022-06-14 18:38:49,540] {processor.py:651} INFO - DAG(s) dict_keys(['example_branch_operator']) retrieved from /usr/local/lib/python3.10/dist-packages/airflow/example_dags/example_branch_operator.py
[2022-06-14 18:38:49,555] {logging_mixin.py:115} INFO - [2022-06-14 18:38:49,555] {dag.py:2371} INFO - Sync 1 DAGs
[2022-06-14 18:38:49,574] {logging_mixin.py:115} INFO - [2022-06-14 18:38:49,574] {dag.py:2915} INFO - Setting next_dagrun for example_branch_operator to 2022-06-13T00:00:00+00:00, run_after=2022-06-14T00:00:00+00:00
[2022-06-14 18:38:49,592] {processor.py:161} INFO - Processing /usr/local/lib/python3.10/dist-packages/airflow/example_dags/example_branch_operator.py took 0.066 seconds
[2022-06-14 18:39:29,028] {processor.py:153} INFO - Started process (PID=7140) to work on /usr/local/lib/python3.10/dist-packages/airflow/example_dags/example_branch_operator.py
[2022-06-14 18:39:29,028] {processor.py:641} INFO - Processing file /usr/local/lib/python3.10/dist-packages/airflow/example_dags/example_branch_operator.py for tasks to queue
[2022-06-14 18:39:29,029] {logging_mixin.py:115} INFO - [2022-06-14 18:39:29,029] {dagbag.py:507} INFO - Filling up the DagBag from /usr/local/lib/python3.10/dist-packages/airflow/example_dags/example_branch_operator.py
[2022-06-14 18:39:29,038] {processor.py:651} INFO - DAG(s) dict_keys(['example_branch_operator']) retrieved from /usr/local/lib/python3.10/dist-packages/airflow/example_dags/example_branch_operator.py
[2022-06-14 18:39:29,053] {logging_mixin.py:115} INFO - [2022-06-14 18:39:29,053] {dag.py:2371} INFO - Sync 1 DAGs
[2022-06-14 18:39:29,073] {logging_mixin.py:115} INFO - [2022-06-14 18:39:29,073] {dag.py:2915} INFO - Setting next_dagrun for example_branch_operator to 2022-06-13T00:00:00+00:00, run_after=2022-06-14T00:00:00+00:00
[2022-06-14 18:39:29,090] {processor.py:161} INFO - Processing /usr/local/lib/python3.10/dist-packages/airflow/example_dags/example_branch_operator.py took 0.065 seconds
[2022-06-14 18:40:04,151] {processor.py:153} INFO - Started process (PID=7194) to work on /usr/local/lib/python3.10/dist-packages/airflow/example_dags/example_branch_operator.py
[2022-06-14 18:40:04,151] {processor.py:641} INFO - Processing file /usr/local/lib/python3.10/dist-packages/airflow/example_dags/example_branch_operator.py for tasks to queue
[2022-06-14 18:40:04,152] {logging_mixin.py:115} INFO - [2022-06-14 18:40:04,152] {dagbag.py:507} INFO - Filling up the DagBag from /usr/local/lib/python3.10/dist-packages/airflow/example_dags/example_branch_operator.py
[2022-06-14 18:40:04,161] {processor.py:651} INFO - DAG(s) dict_keys(['example_branch_operator']) retrieved from /usr/local/lib/python3.10/dist-packages/airflow/example_dags/example_branch_operator.py
[2022-06-14 18:40:04,177] {logging_mixin.py:115} INFO - [2022-06-14 18:40:04,176] {dag.py:2371} INFO - Sync 1 DAGs
[2022-06-14 18:40:04,195] {logging_mixin.py:115} INFO - [2022-06-14 18:40:04,195] {dag.py:2915} INFO - Setting next_dagrun for example_branch_operator to 2022-06-13T00:00:00+00:00, run_after=2022-06-14T00:00:00+00:00
[2022-06-14 18:40:04,214] {processor.py:161} INFO - Processing /usr/local/lib/python3.10/dist-packages/airflow/example_dags/example_branch_operator.py took 0.066 seconds
[2022-06-14 18:40:41,985] {processor.py:153} INFO - Started process (PID=7244) to work on /usr/local/lib/python3.10/dist-packages/airflow/example_dags/example_branch_operator.py
[2022-06-14 18:40:41,985] {processor.py:641} INFO - Processing file /usr/local/lib/python3.10/dist-packages/airflow/example_dags/example_branch_operator.py for tasks to queue
[2022-06-14 18:40:41,986] {logging_mixin.py:115} INFO - [2022-06-14 18:40:41,986] {dagbag.py:507} INFO - Filling up the DagBag from /usr/local/lib/python3.10/dist-packages/airflow/example_dags/example_branch_operator.py
[2022-06-14 18:40:41,995] {processor.py:651} INFO - DAG(s) dict_keys(['example_branch_operator']) retrieved from /usr/local/lib/python3.10/dist-packages/airflow/example_dags/example_branch_operator.py
[2022-06-14 18:40:42,010] {logging_mixin.py:115} INFO - [2022-06-14 18:40:42,010] {dag.py:2371} INFO - Sync 1 DAGs
[2022-06-14 18:40:42,028] {logging_mixin.py:115} INFO - [2022-06-14 18:40:42,028] {dag.py:2915} INFO - Setting next_dagrun for example_branch_operator to 2022-06-13T00:00:00+00:00, run_after=2022-06-14T00:00:00+00:00
[2022-06-14 18:40:42,046] {processor.py:161} INFO - Processing /usr/local/lib/python3.10/dist-packages/airflow/example_dags/example_branch_operator.py took 0.064 seconds
[2022-06-14 18:41:18,053] {processor.py:153} INFO - Started process (PID=7300) to work on /usr/local/lib/python3.10/dist-packages/airflow/example_dags/example_branch_operator.py
[2022-06-14 18:41:18,053] {processor.py:641} INFO - Processing file /usr/local/lib/python3.10/dist-packages/airflow/example_dags/example_branch_operator.py for tasks to queue
[2022-06-14 18:41:18,054] {logging_mixin.py:115} INFO - [2022-06-14 18:41:18,054] {dagbag.py:507} INFO - Filling up the DagBag from /usr/local/lib/python3.10/dist-packages/airflow/example_dags/example_branch_operator.py
[2022-06-14 18:41:18,063] {processor.py:651} INFO - DAG(s) dict_keys(['example_branch_operator']) retrieved from /usr/local/lib/python3.10/dist-packages/airflow/example_dags/example_branch_operator.py
[2022-06-14 18:41:18,079] {logging_mixin.py:115} INFO - [2022-06-14 18:41:18,079] {dag.py:2371} INFO - Sync 1 DAGs
[2022-06-14 18:41:18,098] {logging_mixin.py:115} INFO - [2022-06-14 18:41:18,098] {dag.py:2915} INFO - Setting next_dagrun for example_branch_operator to 2022-06-13T00:00:00+00:00, run_after=2022-06-14T00:00:00+00:00
[2022-06-14 18:41:18,116] {processor.py:161} INFO - Processing /usr/local/lib/python3.10/dist-packages/airflow/example_dags/example_branch_operator.py took 0.066 seconds
[2022-06-14 18:42:04,706] {processor.py:153} INFO - Started process (PID=7376) to work on /usr/local/lib/python3.10/dist-packages/airflow/example_dags/example_branch_operator.py
[2022-06-14 18:42:04,707] {processor.py:641} INFO - Processing file /usr/local/lib/python3.10/dist-packages/airflow/example_dags/example_branch_operator.py for tasks to queue
[2022-06-14 18:42:04,707] {logging_mixin.py:115} INFO - [2022-06-14 18:42:04,707] {dagbag.py:507} INFO - Filling up the DagBag from /usr/local/lib/python3.10/dist-packages/airflow/example_dags/example_branch_operator.py
[2022-06-14 18:42:04,717] {processor.py:651} INFO - DAG(s) dict_keys(['example_branch_operator']) retrieved from /usr/local/lib/python3.10/dist-packages/airflow/example_dags/example_branch_operator.py
[2022-06-14 18:42:04,733] {logging_mixin.py:115} INFO - [2022-06-14 18:42:04,733] {dag.py:2371} INFO - Sync 1 DAGs
[2022-06-14 18:42:04,752] {logging_mixin.py:115} INFO - [2022-06-14 18:42:04,752] {dag.py:2915} INFO - Setting next_dagrun for example_branch_operator to 2022-06-13T00:00:00+00:00, run_after=2022-06-14T00:00:00+00:00
[2022-06-14 18:42:04,771] {processor.py:161} INFO - Processing /usr/local/lib/python3.10/dist-packages/airflow/example_dags/example_branch_operator.py took 0.068 seconds
[2022-06-14 18:42:46,203] {processor.py:153} INFO - Started process (PID=7524) to work on /usr/local/lib/python3.10/dist-packages/airflow/example_dags/example_branch_operator.py
[2022-06-14 18:42:46,203] {processor.py:641} INFO - Processing file /usr/local/lib/python3.10/dist-packages/airflow/example_dags/example_branch_operator.py for tasks to queue
[2022-06-14 18:42:46,204] {logging_mixin.py:115} INFO - [2022-06-14 18:42:46,204] {dagbag.py:507} INFO - Filling up the DagBag from /usr/local/lib/python3.10/dist-packages/airflow/example_dags/example_branch_operator.py
[2022-06-14 18:42:46,214] {processor.py:651} INFO - DAG(s) dict_keys(['example_branch_operator']) retrieved from /usr/local/lib/python3.10/dist-packages/airflow/example_dags/example_branch_operator.py
[2022-06-14 18:42:46,230] {logging_mixin.py:115} INFO - [2022-06-14 18:42:46,230] {dag.py:2371} INFO - Sync 1 DAGs
[2022-06-14 18:42:46,249] {logging_mixin.py:115} INFO - [2022-06-14 18:42:46,249] {dag.py:2915} INFO - Setting next_dagrun for example_branch_operator to 2022-06-13T00:00:00+00:00, run_after=2022-06-14T00:00:00+00:00
[2022-06-14 18:42:46,267] {processor.py:161} INFO - Processing /usr/local/lib/python3.10/dist-packages/airflow/example_dags/example_branch_operator.py took 0.067 seconds
[2022-06-14 18:43:25,801] {processor.py:153} INFO - Started process (PID=7578) to work on /usr/local/lib/python3.10/dist-packages/airflow/example_dags/example_branch_operator.py
[2022-06-14 18:43:25,802] {processor.py:641} INFO - Processing file /usr/local/lib/python3.10/dist-packages/airflow/example_dags/example_branch_operator.py for tasks to queue
[2022-06-14 18:43:25,803] {logging_mixin.py:115} INFO - [2022-06-14 18:43:25,802] {dagbag.py:507} INFO - Filling up the DagBag from /usr/local/lib/python3.10/dist-packages/airflow/example_dags/example_branch_operator.py
[2022-06-14 18:43:25,812] {processor.py:651} INFO - DAG(s) dict_keys(['example_branch_operator']) retrieved from /usr/local/lib/python3.10/dist-packages/airflow/example_dags/example_branch_operator.py
[2022-06-14 18:43:25,827] {logging_mixin.py:115} INFO - [2022-06-14 18:43:25,827] {dag.py:2371} INFO - Sync 1 DAGs
[2022-06-14 18:43:25,846] {logging_mixin.py:115} INFO - [2022-06-14 18:43:25,846] {dag.py:2915} INFO - Setting next_dagrun for example_branch_operator to 2022-06-13T00:00:00+00:00, run_after=2022-06-14T00:00:00+00:00
[2022-06-14 18:43:25,864] {processor.py:161} INFO - Processing /usr/local/lib/python3.10/dist-packages/airflow/example_dags/example_branch_operator.py took 0.066 seconds
[2022-06-14 18:44:07,473] {processor.py:153} INFO - Started process (PID=7644) to work on /usr/local/lib/python3.10/dist-packages/airflow/example_dags/example_branch_operator.py
[2022-06-14 18:44:07,474] {processor.py:641} INFO - Processing file /usr/local/lib/python3.10/dist-packages/airflow/example_dags/example_branch_operator.py for tasks to queue
[2022-06-14 18:44:07,474] {logging_mixin.py:115} INFO - [2022-06-14 18:44:07,474] {dagbag.py:507} INFO - Filling up the DagBag from /usr/local/lib/python3.10/dist-packages/airflow/example_dags/example_branch_operator.py
[2022-06-14 18:44:07,484] {processor.py:651} INFO - DAG(s) dict_keys(['example_branch_operator']) retrieved from /usr/local/lib/python3.10/dist-packages/airflow/example_dags/example_branch_operator.py
[2022-06-14 18:44:07,500] {logging_mixin.py:115} INFO - [2022-06-14 18:44:07,499] {dag.py:2371} INFO - Sync 1 DAGs
[2022-06-14 18:44:07,518] {logging_mixin.py:115} INFO - [2022-06-14 18:44:07,518] {dag.py:2915} INFO - Setting next_dagrun for example_branch_operator to 2022-06-13T00:00:00+00:00, run_after=2022-06-14T00:00:00+00:00
[2022-06-14 18:44:07,536] {processor.py:161} INFO - Processing /usr/local/lib/python3.10/dist-packages/airflow/example_dags/example_branch_operator.py took 0.065 seconds
[2022-06-14 18:44:48,036] {processor.py:153} INFO - Started process (PID=7717) to work on /usr/local/lib/python3.10/dist-packages/airflow/example_dags/example_branch_operator.py
[2022-06-14 18:44:48,037] {processor.py:641} INFO - Processing file /usr/local/lib/python3.10/dist-packages/airflow/example_dags/example_branch_operator.py for tasks to queue
[2022-06-14 18:44:48,038] {logging_mixin.py:115} INFO - [2022-06-14 18:44:48,038] {dagbag.py:507} INFO - Filling up the DagBag from /usr/local/lib/python3.10/dist-packages/airflow/example_dags/example_branch_operator.py
[2022-06-14 18:44:48,050] {processor.py:651} INFO - DAG(s) dict_keys(['example_branch_operator']) retrieved from /usr/local/lib/python3.10/dist-packages/airflow/example_dags/example_branch_operator.py
[2022-06-14 18:44:48,068] {logging_mixin.py:115} INFO - [2022-06-14 18:44:48,068] {dag.py:2371} INFO - Sync 1 DAGs
[2022-06-14 18:44:48,086] {logging_mixin.py:115} INFO - [2022-06-14 18:44:48,086] {dag.py:2915} INFO - Setting next_dagrun for example_branch_operator to 2022-06-13T00:00:00+00:00, run_after=2022-06-14T00:00:00+00:00
[2022-06-14 18:44:48,105] {processor.py:161} INFO - Processing /usr/local/lib/python3.10/dist-packages/airflow/example_dags/example_branch_operator.py took 0.071 seconds
[2022-06-14 18:45:28,704] {processor.py:153} INFO - Started process (PID=7836) to work on /usr/local/lib/python3.10/dist-packages/airflow/example_dags/example_branch_operator.py
[2022-06-14 18:45:28,705] {processor.py:641} INFO - Processing file /usr/local/lib/python3.10/dist-packages/airflow/example_dags/example_branch_operator.py for tasks to queue
[2022-06-14 18:45:28,706] {logging_mixin.py:115} INFO - [2022-06-14 18:45:28,706] {dagbag.py:507} INFO - Filling up the DagBag from /usr/local/lib/python3.10/dist-packages/airflow/example_dags/example_branch_operator.py
[2022-06-14 18:45:28,719] {processor.py:651} INFO - DAG(s) dict_keys(['example_branch_operator']) retrieved from /usr/local/lib/python3.10/dist-packages/airflow/example_dags/example_branch_operator.py
[2022-06-14 18:45:28,736] {logging_mixin.py:115} INFO - [2022-06-14 18:45:28,736] {dag.py:2371} INFO - Sync 1 DAGs
[2022-06-14 18:45:28,756] {logging_mixin.py:115} INFO - [2022-06-14 18:45:28,756] {dag.py:2915} INFO - Setting next_dagrun for example_branch_operator to 2022-06-13T00:00:00+00:00, run_after=2022-06-14T00:00:00+00:00
[2022-06-14 18:45:28,774] {processor.py:161} INFO - Processing /usr/local/lib/python3.10/dist-packages/airflow/example_dags/example_branch_operator.py took 0.074 seconds
[2022-06-14 18:46:10,414] {processor.py:153} INFO - Started process (PID=7906) to work on /usr/local/lib/python3.10/dist-packages/airflow/example_dags/example_branch_operator.py
[2022-06-14 18:46:10,414] {processor.py:641} INFO - Processing file /usr/local/lib/python3.10/dist-packages/airflow/example_dags/example_branch_operator.py for tasks to queue
[2022-06-14 18:46:10,415] {logging_mixin.py:115} INFO - [2022-06-14 18:46:10,415] {dagbag.py:507} INFO - Filling up the DagBag from /usr/local/lib/python3.10/dist-packages/airflow/example_dags/example_branch_operator.py
[2022-06-14 18:46:10,425] {processor.py:651} INFO - DAG(s) dict_keys(['example_branch_operator']) retrieved from /usr/local/lib/python3.10/dist-packages/airflow/example_dags/example_branch_operator.py
[2022-06-14 18:46:10,440] {logging_mixin.py:115} INFO - [2022-06-14 18:46:10,440] {dag.py:2371} INFO - Sync 1 DAGs
[2022-06-14 18:46:10,459] {logging_mixin.py:115} INFO - [2022-06-14 18:46:10,459] {dag.py:2915} INFO - Setting next_dagrun for example_branch_operator to 2022-06-13T00:00:00+00:00, run_after=2022-06-14T00:00:00+00:00
[2022-06-14 18:46:10,476] {processor.py:161} INFO - Processing /usr/local/lib/python3.10/dist-packages/airflow/example_dags/example_branch_operator.py took 0.065 seconds
[2022-06-14 18:46:50,862] {processor.py:153} INFO - Started process (PID=8004) to work on /usr/local/lib/python3.10/dist-packages/airflow/example_dags/example_branch_operator.py
[2022-06-14 18:46:50,862] {processor.py:641} INFO - Processing file /usr/local/lib/python3.10/dist-packages/airflow/example_dags/example_branch_operator.py for tasks to queue
[2022-06-14 18:46:50,863] {logging_mixin.py:115} INFO - [2022-06-14 18:46:50,863] {dagbag.py:507} INFO - Filling up the DagBag from /usr/local/lib/python3.10/dist-packages/airflow/example_dags/example_branch_operator.py
[2022-06-14 18:46:50,873] {processor.py:651} INFO - DAG(s) dict_keys(['example_branch_operator']) retrieved from /usr/local/lib/python3.10/dist-packages/airflow/example_dags/example_branch_operator.py
[2022-06-14 18:46:50,889] {logging_mixin.py:115} INFO - [2022-06-14 18:46:50,889] {dag.py:2371} INFO - Sync 1 DAGs
[2022-06-14 18:46:50,908] {logging_mixin.py:115} INFO - [2022-06-14 18:46:50,908] {dag.py:2915} INFO - Setting next_dagrun for example_branch_operator to 2022-06-13T00:00:00+00:00, run_after=2022-06-14T00:00:00+00:00
[2022-06-14 18:46:50,926] {processor.py:161} INFO - Processing /usr/local/lib/python3.10/dist-packages/airflow/example_dags/example_branch_operator.py took 0.067 seconds
[2022-06-14 18:47:36,500] {processor.py:153} INFO - Started process (PID=8088) to work on /usr/local/lib/python3.10/dist-packages/airflow/example_dags/example_branch_operator.py
[2022-06-14 18:47:36,501] {processor.py:641} INFO - Processing file /usr/local/lib/python3.10/dist-packages/airflow/example_dags/example_branch_operator.py for tasks to queue
[2022-06-14 18:47:36,501] {logging_mixin.py:115} INFO - [2022-06-14 18:47:36,501] {dagbag.py:507} INFO - Filling up the DagBag from /usr/local/lib/python3.10/dist-packages/airflow/example_dags/example_branch_operator.py
[2022-06-14 18:47:36,511] {processor.py:651} INFO - DAG(s) dict_keys(['example_branch_operator']) retrieved from /usr/local/lib/python3.10/dist-packages/airflow/example_dags/example_branch_operator.py
[2022-06-14 18:47:36,526] {logging_mixin.py:115} INFO - [2022-06-14 18:47:36,526] {dag.py:2371} INFO - Sync 1 DAGs
[2022-06-14 18:47:36,546] {logging_mixin.py:115} INFO - [2022-06-14 18:47:36,546] {dag.py:2915} INFO - Setting next_dagrun for example_branch_operator to 2022-06-13T00:00:00+00:00, run_after=2022-06-14T00:00:00+00:00
[2022-06-14 18:47:36,565] {processor.py:161} INFO - Processing /usr/local/lib/python3.10/dist-packages/airflow/example_dags/example_branch_operator.py took 0.067 seconds
[2022-06-14 18:48:14,557] {processor.py:153} INFO - Started process (PID=8144) to work on /usr/local/lib/python3.10/dist-packages/airflow/example_dags/example_branch_operator.py
[2022-06-14 18:48:14,558] {processor.py:641} INFO - Processing file /usr/local/lib/python3.10/dist-packages/airflow/example_dags/example_branch_operator.py for tasks to queue
[2022-06-14 18:48:14,558] {logging_mixin.py:115} INFO - [2022-06-14 18:48:14,558] {dagbag.py:507} INFO - Filling up the DagBag from /usr/local/lib/python3.10/dist-packages/airflow/example_dags/example_branch_operator.py
[2022-06-14 18:48:14,568] {processor.py:651} INFO - DAG(s) dict_keys(['example_branch_operator']) retrieved from /usr/local/lib/python3.10/dist-packages/airflow/example_dags/example_branch_operator.py
[2022-06-14 18:48:14,584] {logging_mixin.py:115} INFO - [2022-06-14 18:48:14,583] {dag.py:2371} INFO - Sync 1 DAGs
[2022-06-14 18:48:14,602] {logging_mixin.py:115} INFO - [2022-06-14 18:48:14,602] {dag.py:2915} INFO - Setting next_dagrun for example_branch_operator to 2022-06-13T00:00:00+00:00, run_after=2022-06-14T00:00:00+00:00
[2022-06-14 18:48:14,620] {processor.py:161} INFO - Processing /usr/local/lib/python3.10/dist-packages/airflow/example_dags/example_branch_operator.py took 0.065 seconds
[2022-06-14 18:48:56,869] {processor.py:153} INFO - Started process (PID=8216) to work on /usr/local/lib/python3.10/dist-packages/airflow/example_dags/example_branch_operator.py
[2022-06-14 18:48:56,869] {processor.py:641} INFO - Processing file /usr/local/lib/python3.10/dist-packages/airflow/example_dags/example_branch_operator.py for tasks to queue
[2022-06-14 18:48:56,870] {logging_mixin.py:115} INFO - [2022-06-14 18:48:56,870] {dagbag.py:507} INFO - Filling up the DagBag from /usr/local/lib/python3.10/dist-packages/airflow/example_dags/example_branch_operator.py
[2022-06-14 18:48:56,879] {processor.py:651} INFO - DAG(s) dict_keys(['example_branch_operator']) retrieved from /usr/local/lib/python3.10/dist-packages/airflow/example_dags/example_branch_operator.py
[2022-06-14 18:48:56,896] {logging_mixin.py:115} INFO - [2022-06-14 18:48:56,896] {dag.py:2371} INFO - Sync 1 DAGs
[2022-06-14 18:48:56,914] {logging_mixin.py:115} INFO - [2022-06-14 18:48:56,914] {dag.py:2915} INFO - Setting next_dagrun for example_branch_operator to 2022-06-13T00:00:00+00:00, run_after=2022-06-14T00:00:00+00:00
[2022-06-14 18:48:56,945] {processor.py:161} INFO - Processing /usr/local/lib/python3.10/dist-packages/airflow/example_dags/example_branch_operator.py took 0.079 seconds
[2022-06-14 18:49:40,088] {processor.py:153} INFO - Started process (PID=8289) to work on /usr/local/lib/python3.10/dist-packages/airflow/example_dags/example_branch_operator.py
[2022-06-14 18:49:40,089] {processor.py:641} INFO - Processing file /usr/local/lib/python3.10/dist-packages/airflow/example_dags/example_branch_operator.py for tasks to queue
[2022-06-14 18:49:40,089] {logging_mixin.py:115} INFO - [2022-06-14 18:49:40,089] {dagbag.py:507} INFO - Filling up the DagBag from /usr/local/lib/python3.10/dist-packages/airflow/example_dags/example_branch_operator.py
[2022-06-14 18:49:40,099] {processor.py:651} INFO - DAG(s) dict_keys(['example_branch_operator']) retrieved from /usr/local/lib/python3.10/dist-packages/airflow/example_dags/example_branch_operator.py
[2022-06-14 18:49:40,115] {logging_mixin.py:115} INFO - [2022-06-14 18:49:40,115] {dag.py:2371} INFO - Sync 1 DAGs
[2022-06-14 18:49:40,135] {logging_mixin.py:115} INFO - [2022-06-14 18:49:40,134] {dag.py:2915} INFO - Setting next_dagrun for example_branch_operator to 2022-06-13T00:00:00+00:00, run_after=2022-06-14T00:00:00+00:00
[2022-06-14 18:49:40,152] {processor.py:161} INFO - Processing /usr/local/lib/python3.10/dist-packages/airflow/example_dags/example_branch_operator.py took 0.066 seconds
[2022-06-14 18:50:21,494] {processor.py:153} INFO - Started process (PID=8370) to work on /usr/local/lib/python3.10/dist-packages/airflow/example_dags/example_branch_operator.py
[2022-06-14 18:50:21,495] {processor.py:641} INFO - Processing file /usr/local/lib/python3.10/dist-packages/airflow/example_dags/example_branch_operator.py for tasks to queue
[2022-06-14 18:50:21,495] {logging_mixin.py:115} INFO - [2022-06-14 18:50:21,495] {dagbag.py:507} INFO - Filling up the DagBag from /usr/local/lib/python3.10/dist-packages/airflow/example_dags/example_branch_operator.py
[2022-06-14 18:50:21,505] {processor.py:651} INFO - DAG(s) dict_keys(['example_branch_operator']) retrieved from /usr/local/lib/python3.10/dist-packages/airflow/example_dags/example_branch_operator.py
[2022-06-14 18:50:21,520] {logging_mixin.py:115} INFO - [2022-06-14 18:50:21,520] {dag.py:2371} INFO - Sync 1 DAGs
[2022-06-14 18:50:21,540] {logging_mixin.py:115} INFO - [2022-06-14 18:50:21,540] {dag.py:2915} INFO - Setting next_dagrun for example_branch_operator to 2022-06-13T00:00:00+00:00, run_after=2022-06-14T00:00:00+00:00
[2022-06-14 18:50:21,557] {processor.py:161} INFO - Processing /usr/local/lib/python3.10/dist-packages/airflow/example_dags/example_branch_operator.py took 0.066 seconds
[2022-06-14 18:51:06,448] {processor.py:153} INFO - Started process (PID=8462) to work on /usr/local/lib/python3.10/dist-packages/airflow/example_dags/example_branch_operator.py
[2022-06-14 18:51:06,448] {processor.py:641} INFO - Processing file /usr/local/lib/python3.10/dist-packages/airflow/example_dags/example_branch_operator.py for tasks to queue
[2022-06-14 18:51:06,449] {logging_mixin.py:115} INFO - [2022-06-14 18:51:06,449] {dagbag.py:507} INFO - Filling up the DagBag from /usr/local/lib/python3.10/dist-packages/airflow/example_dags/example_branch_operator.py
[2022-06-14 18:51:06,460] {processor.py:651} INFO - DAG(s) dict_keys(['example_branch_operator']) retrieved from /usr/local/lib/python3.10/dist-packages/airflow/example_dags/example_branch_operator.py
[2022-06-14 18:51:06,480] {logging_mixin.py:115} INFO - [2022-06-14 18:51:06,480] {dag.py:2371} INFO - Sync 1 DAGs
[2022-06-14 18:51:06,497] {logging_mixin.py:115} INFO - [2022-06-14 18:51:06,497] {dag.py:2915} INFO - Setting next_dagrun for example_branch_operator to 2022-06-13T00:00:00+00:00, run_after=2022-06-14T00:00:00+00:00
[2022-06-14 18:51:06,515] {processor.py:161} INFO - Processing /usr/local/lib/python3.10/dist-packages/airflow/example_dags/example_branch_operator.py took 0.070 seconds
[2022-06-14 18:51:44,720] {processor.py:153} INFO - Started process (PID=8526) to work on /usr/local/lib/python3.10/dist-packages/airflow/example_dags/example_branch_operator.py
[2022-06-14 18:51:44,721] {processor.py:641} INFO - Processing file /usr/local/lib/python3.10/dist-packages/airflow/example_dags/example_branch_operator.py for tasks to queue
[2022-06-14 18:51:44,721] {logging_mixin.py:115} INFO - [2022-06-14 18:51:44,721] {dagbag.py:507} INFO - Filling up the DagBag from /usr/local/lib/python3.10/dist-packages/airflow/example_dags/example_branch_operator.py
[2022-06-14 18:51:44,732] {processor.py:651} INFO - DAG(s) dict_keys(['example_branch_operator']) retrieved from /usr/local/lib/python3.10/dist-packages/airflow/example_dags/example_branch_operator.py
[2022-06-14 18:51:44,748] {logging_mixin.py:115} INFO - [2022-06-14 18:51:44,748] {dag.py:2371} INFO - Sync 1 DAGs
[2022-06-14 18:51:44,765] {logging_mixin.py:115} INFO - [2022-06-14 18:51:44,765] {dag.py:2915} INFO - Setting next_dagrun for example_branch_operator to 2022-06-13T00:00:00+00:00, run_after=2022-06-14T00:00:00+00:00
[2022-06-14 18:51:44,782] {processor.py:161} INFO - Processing /usr/local/lib/python3.10/dist-packages/airflow/example_dags/example_branch_operator.py took 0.065 seconds
[2022-06-14 18:52:27,485] {processor.py:153} INFO - Started process (PID=8592) to work on /usr/local/lib/python3.10/dist-packages/airflow/example_dags/example_branch_operator.py
[2022-06-14 18:52:27,485] {processor.py:641} INFO - Processing file /usr/local/lib/python3.10/dist-packages/airflow/example_dags/example_branch_operator.py for tasks to queue
[2022-06-14 18:52:27,486] {logging_mixin.py:115} INFO - [2022-06-14 18:52:27,486] {dagbag.py:507} INFO - Filling up the DagBag from /usr/local/lib/python3.10/dist-packages/airflow/example_dags/example_branch_operator.py
[2022-06-14 18:52:27,497] {processor.py:651} INFO - DAG(s) dict_keys(['example_branch_operator']) retrieved from /usr/local/lib/python3.10/dist-packages/airflow/example_dags/example_branch_operator.py
[2022-06-14 18:52:27,512] {logging_mixin.py:115} INFO - [2022-06-14 18:52:27,512] {dag.py:2371} INFO - Sync 1 DAGs
[2022-06-14 18:52:27,529] {logging_mixin.py:115} INFO - [2022-06-14 18:52:27,529] {dag.py:2915} INFO - Setting next_dagrun for example_branch_operator to 2022-06-13T00:00:00+00:00, run_after=2022-06-14T00:00:00+00:00
[2022-06-14 18:52:27,546] {processor.py:161} INFO - Processing /usr/local/lib/python3.10/dist-packages/airflow/example_dags/example_branch_operator.py took 0.065 seconds
[2022-06-14 18:53:05,388] {processor.py:153} INFO - Started process (PID=8668) to work on /usr/local/lib/python3.10/dist-packages/airflow/example_dags/example_branch_operator.py
[2022-06-14 18:53:05,389] {processor.py:641} INFO - Processing file /usr/local/lib/python3.10/dist-packages/airflow/example_dags/example_branch_operator.py for tasks to queue
[2022-06-14 18:53:05,389] {logging_mixin.py:115} INFO - [2022-06-14 18:53:05,389] {dagbag.py:507} INFO - Filling up the DagBag from /usr/local/lib/python3.10/dist-packages/airflow/example_dags/example_branch_operator.py
[2022-06-14 18:53:05,404] {processor.py:651} INFO - DAG(s) dict_keys(['example_branch_operator']) retrieved from /usr/local/lib/python3.10/dist-packages/airflow/example_dags/example_branch_operator.py
[2022-06-14 18:53:05,420] {logging_mixin.py:115} INFO - [2022-06-14 18:53:05,420] {dag.py:2371} INFO - Sync 1 DAGs
[2022-06-14 18:53:05,437] {logging_mixin.py:115} INFO - [2022-06-14 18:53:05,437] {dag.py:2915} INFO - Setting next_dagrun for example_branch_operator to 2022-06-13T00:00:00+00:00, run_after=2022-06-14T00:00:00+00:00
[2022-06-14 18:53:05,454] {processor.py:161} INFO - Processing /usr/local/lib/python3.10/dist-packages/airflow/example_dags/example_branch_operator.py took 0.069 seconds
[2022-06-14 18:53:49,869] {processor.py:153} INFO - Started process (PID=8735) to work on /usr/local/lib/python3.10/dist-packages/airflow/example_dags/example_branch_operator.py
[2022-06-14 18:53:49,870] {processor.py:641} INFO - Processing file /usr/local/lib/python3.10/dist-packages/airflow/example_dags/example_branch_operator.py for tasks to queue
[2022-06-14 18:53:49,871] {logging_mixin.py:115} INFO - [2022-06-14 18:53:49,870] {dagbag.py:507} INFO - Filling up the DagBag from /usr/local/lib/python3.10/dist-packages/airflow/example_dags/example_branch_operator.py
[2022-06-14 18:53:49,882] {processor.py:651} INFO - DAG(s) dict_keys(['example_branch_operator']) retrieved from /usr/local/lib/python3.10/dist-packages/airflow/example_dags/example_branch_operator.py
[2022-06-14 18:53:49,898] {logging_mixin.py:115} INFO - [2022-06-14 18:53:49,898] {dag.py:2371} INFO - Sync 1 DAGs
[2022-06-14 18:53:49,915] {logging_mixin.py:115} INFO - [2022-06-14 18:53:49,915] {dag.py:2915} INFO - Setting next_dagrun for example_branch_operator to 2022-06-13T00:00:00+00:00, run_after=2022-06-14T00:00:00+00:00
[2022-06-14 18:53:49,932] {processor.py:161} INFO - Processing /usr/local/lib/python3.10/dist-packages/airflow/example_dags/example_branch_operator.py took 0.066 seconds
[2022-06-14 18:54:31,388] {processor.py:153} INFO - Started process (PID=8798) to work on /usr/local/lib/python3.10/dist-packages/airflow/example_dags/example_branch_operator.py
[2022-06-14 18:54:31,389] {processor.py:641} INFO - Processing file /usr/local/lib/python3.10/dist-packages/airflow/example_dags/example_branch_operator.py for tasks to queue
[2022-06-14 18:54:31,389] {logging_mixin.py:115} INFO - [2022-06-14 18:54:31,389] {dagbag.py:507} INFO - Filling up the DagBag from /usr/local/lib/python3.10/dist-packages/airflow/example_dags/example_branch_operator.py
[2022-06-14 18:54:31,401] {processor.py:651} INFO - DAG(s) dict_keys(['example_branch_operator']) retrieved from /usr/local/lib/python3.10/dist-packages/airflow/example_dags/example_branch_operator.py
[2022-06-14 18:54:31,418] {logging_mixin.py:115} INFO - [2022-06-14 18:54:31,418] {dag.py:2371} INFO - Sync 1 DAGs
[2022-06-14 18:54:31,435] {logging_mixin.py:115} INFO - [2022-06-14 18:54:31,435] {dag.py:2915} INFO - Setting next_dagrun for example_branch_operator to 2022-06-13T00:00:00+00:00, run_after=2022-06-14T00:00:00+00:00
[2022-06-14 18:54:31,452] {processor.py:161} INFO - Processing /usr/local/lib/python3.10/dist-packages/airflow/example_dags/example_branch_operator.py took 0.067 seconds
[2022-06-14 18:55:13,928] {processor.py:153} INFO - Started process (PID=8856) to work on /usr/local/lib/python3.10/dist-packages/airflow/example_dags/example_branch_operator.py
[2022-06-14 18:55:13,928] {processor.py:641} INFO - Processing file /usr/local/lib/python3.10/dist-packages/airflow/example_dags/example_branch_operator.py for tasks to queue
[2022-06-14 18:55:13,929] {logging_mixin.py:115} INFO - [2022-06-14 18:55:13,929] {dagbag.py:507} INFO - Filling up the DagBag from /usr/local/lib/python3.10/dist-packages/airflow/example_dags/example_branch_operator.py
[2022-06-14 18:55:13,941] {processor.py:651} INFO - DAG(s) dict_keys(['example_branch_operator']) retrieved from /usr/local/lib/python3.10/dist-packages/airflow/example_dags/example_branch_operator.py
[2022-06-14 18:55:13,957] {logging_mixin.py:115} INFO - [2022-06-14 18:55:13,957] {dag.py:2371} INFO - Sync 1 DAGs
[2022-06-14 18:55:13,975] {logging_mixin.py:115} INFO - [2022-06-14 18:55:13,975] {dag.py:2915} INFO - Setting next_dagrun for example_branch_operator to 2022-06-13T00:00:00+00:00, run_after=2022-06-14T00:00:00+00:00
[2022-06-14 18:55:13,992] {processor.py:161} INFO - Processing /usr/local/lib/python3.10/dist-packages/airflow/example_dags/example_branch_operator.py took 0.067 seconds
[2022-06-14 18:55:56,988] {processor.py:153} INFO - Started process (PID=8911) to work on /usr/local/lib/python3.10/dist-packages/airflow/example_dags/example_branch_operator.py
[2022-06-14 18:55:56,988] {processor.py:641} INFO - Processing file /usr/local/lib/python3.10/dist-packages/airflow/example_dags/example_branch_operator.py for tasks to queue
[2022-06-14 18:55:56,989] {logging_mixin.py:115} INFO - [2022-06-14 18:55:56,989] {dagbag.py:507} INFO - Filling up the DagBag from /usr/local/lib/python3.10/dist-packages/airflow/example_dags/example_branch_operator.py
[2022-06-14 18:55:57,001] {processor.py:651} INFO - DAG(s) dict_keys(['example_branch_operator']) retrieved from /usr/local/lib/python3.10/dist-packages/airflow/example_dags/example_branch_operator.py
[2022-06-14 18:55:57,017] {logging_mixin.py:115} INFO - [2022-06-14 18:55:57,017] {dag.py:2371} INFO - Sync 1 DAGs
[2022-06-14 18:55:57,034] {logging_mixin.py:115} INFO - [2022-06-14 18:55:57,034] {dag.py:2915} INFO - Setting next_dagrun for example_branch_operator to 2022-06-13T00:00:00+00:00, run_after=2022-06-14T00:00:00+00:00
[2022-06-14 18:55:57,052] {processor.py:161} INFO - Processing /usr/local/lib/python3.10/dist-packages/airflow/example_dags/example_branch_operator.py took 0.067 seconds
[2022-06-14 18:56:38,671] {processor.py:153} INFO - Started process (PID=8968) to work on /usr/local/lib/python3.10/dist-packages/airflow/example_dags/example_branch_operator.py
[2022-06-14 18:56:38,672] {processor.py:641} INFO - Processing file /usr/local/lib/python3.10/dist-packages/airflow/example_dags/example_branch_operator.py for tasks to queue
[2022-06-14 18:56:38,673] {logging_mixin.py:115} INFO - [2022-06-14 18:56:38,673] {dagbag.py:507} INFO - Filling up the DagBag from /usr/local/lib/python3.10/dist-packages/airflow/example_dags/example_branch_operator.py
[2022-06-14 18:56:38,684] {processor.py:651} INFO - DAG(s) dict_keys(['example_branch_operator']) retrieved from /usr/local/lib/python3.10/dist-packages/airflow/example_dags/example_branch_operator.py
[2022-06-14 18:56:38,701] {logging_mixin.py:115} INFO - [2022-06-14 18:56:38,701] {dag.py:2371} INFO - Sync 1 DAGs
[2022-06-14 18:56:38,718] {logging_mixin.py:115} INFO - [2022-06-14 18:56:38,718] {dag.py:2915} INFO - Setting next_dagrun for example_branch_operator to 2022-06-13T00:00:00+00:00, run_after=2022-06-14T00:00:00+00:00
[2022-06-14 18:56:38,736] {processor.py:161} INFO - Processing /usr/local/lib/python3.10/dist-packages/airflow/example_dags/example_branch_operator.py took 0.068 seconds
[2022-06-14 18:57:16,636] {processor.py:153} INFO - Started process (PID=9027) to work on /usr/local/lib/python3.10/dist-packages/airflow/example_dags/example_branch_operator.py
[2022-06-14 18:57:16,637] {processor.py:641} INFO - Processing file /usr/local/lib/python3.10/dist-packages/airflow/example_dags/example_branch_operator.py for tasks to queue
[2022-06-14 18:57:16,637] {logging_mixin.py:115} INFO - [2022-06-14 18:57:16,637] {dagbag.py:507} INFO - Filling up the DagBag from /usr/local/lib/python3.10/dist-packages/airflow/example_dags/example_branch_operator.py
[2022-06-14 18:57:16,649] {processor.py:651} INFO - DAG(s) dict_keys(['example_branch_operator']) retrieved from /usr/local/lib/python3.10/dist-packages/airflow/example_dags/example_branch_operator.py
[2022-06-14 18:57:16,665] {logging_mixin.py:115} INFO - [2022-06-14 18:57:16,665] {dag.py:2371} INFO - Sync 1 DAGs
[2022-06-14 18:57:16,682] {logging_mixin.py:115} INFO - [2022-06-14 18:57:16,682] {dag.py:2915} INFO - Setting next_dagrun for example_branch_operator to 2022-06-13T00:00:00+00:00, run_after=2022-06-14T00:00:00+00:00
[2022-06-14 18:57:16,699] {processor.py:161} INFO - Processing /usr/local/lib/python3.10/dist-packages/airflow/example_dags/example_branch_operator.py took 0.067 seconds
[2022-06-14 18:57:57,590] {processor.py:153} INFO - Started process (PID=9102) to work on /usr/local/lib/python3.10/dist-packages/airflow/example_dags/example_branch_operator.py
[2022-06-14 18:57:57,590] {processor.py:641} INFO - Processing file /usr/local/lib/python3.10/dist-packages/airflow/example_dags/example_branch_operator.py for tasks to queue
[2022-06-14 18:57:57,591] {logging_mixin.py:115} INFO - [2022-06-14 18:57:57,591] {dagbag.py:507} INFO - Filling up the DagBag from /usr/local/lib/python3.10/dist-packages/airflow/example_dags/example_branch_operator.py
[2022-06-14 18:57:57,601] {processor.py:651} INFO - DAG(s) dict_keys(['example_branch_operator']) retrieved from /usr/local/lib/python3.10/dist-packages/airflow/example_dags/example_branch_operator.py
[2022-06-14 18:57:57,615] {logging_mixin.py:115} INFO - [2022-06-14 18:57:57,615] {dag.py:2371} INFO - Sync 1 DAGs
[2022-06-14 18:57:57,634] {logging_mixin.py:115} INFO - [2022-06-14 18:57:57,634] {dag.py:2915} INFO - Setting next_dagrun for example_branch_operator to 2022-06-13T00:00:00+00:00, run_after=2022-06-14T00:00:00+00:00
[2022-06-14 18:57:57,652] {processor.py:161} INFO - Processing /usr/local/lib/python3.10/dist-packages/airflow/example_dags/example_branch_operator.py took 0.065 seconds
[2022-06-14 18:58:42,077] {processor.py:153} INFO - Started process (PID=9164) to work on /usr/local/lib/python3.10/dist-packages/airflow/example_dags/example_branch_operator.py
[2022-06-14 18:58:42,077] {processor.py:641} INFO - Processing file /usr/local/lib/python3.10/dist-packages/airflow/example_dags/example_branch_operator.py for tasks to queue
[2022-06-14 18:58:42,078] {logging_mixin.py:115} INFO - [2022-06-14 18:58:42,078] {dagbag.py:507} INFO - Filling up the DagBag from /usr/local/lib/python3.10/dist-packages/airflow/example_dags/example_branch_operator.py
[2022-06-14 18:58:42,088] {processor.py:651} INFO - DAG(s) dict_keys(['example_branch_operator']) retrieved from /usr/local/lib/python3.10/dist-packages/airflow/example_dags/example_branch_operator.py
[2022-06-14 18:58:42,104] {logging_mixin.py:115} INFO - [2022-06-14 18:58:42,104] {dag.py:2371} INFO - Sync 1 DAGs
[2022-06-14 18:58:42,123] {logging_mixin.py:115} INFO - [2022-06-14 18:58:42,123] {dag.py:2915} INFO - Setting next_dagrun for example_branch_operator to 2022-06-13T00:00:00+00:00, run_after=2022-06-14T00:00:00+00:00
[2022-06-14 18:58:42,141] {processor.py:161} INFO - Processing /usr/local/lib/python3.10/dist-packages/airflow/example_dags/example_branch_operator.py took 0.067 seconds
[2022-06-14 18:59:26,714] {processor.py:153} INFO - Started process (PID=9230) to work on /usr/local/lib/python3.10/dist-packages/airflow/example_dags/example_branch_operator.py
[2022-06-14 18:59:26,715] {processor.py:641} INFO - Processing file /usr/local/lib/python3.10/dist-packages/airflow/example_dags/example_branch_operator.py for tasks to queue
[2022-06-14 18:59:26,715] {logging_mixin.py:115} INFO - [2022-06-14 18:59:26,715] {dagbag.py:507} INFO - Filling up the DagBag from /usr/local/lib/python3.10/dist-packages/airflow/example_dags/example_branch_operator.py
[2022-06-14 18:59:26,725] {processor.py:651} INFO - DAG(s) dict_keys(['example_branch_operator']) retrieved from /usr/local/lib/python3.10/dist-packages/airflow/example_dags/example_branch_operator.py
[2022-06-14 18:59:26,740] {logging_mixin.py:115} INFO - [2022-06-14 18:59:26,740] {dag.py:2371} INFO - Sync 1 DAGs
[2022-06-14 18:59:26,759] {logging_mixin.py:115} INFO - [2022-06-14 18:59:26,759] {dag.py:2915} INFO - Setting next_dagrun for example_branch_operator to 2022-06-13T00:00:00+00:00, run_after=2022-06-14T00:00:00+00:00
[2022-06-14 18:59:26,777] {processor.py:161} INFO - Processing /usr/local/lib/python3.10/dist-packages/airflow/example_dags/example_branch_operator.py took 0.065 seconds
[2022-06-14 19:00:06,846] {processor.py:153} INFO - Started process (PID=9296) to work on /usr/local/lib/python3.10/dist-packages/airflow/example_dags/example_branch_operator.py
[2022-06-14 19:00:06,847] {processor.py:641} INFO - Processing file /usr/local/lib/python3.10/dist-packages/airflow/example_dags/example_branch_operator.py for tasks to queue
[2022-06-14 19:00:06,847] {logging_mixin.py:115} INFO - [2022-06-14 19:00:06,847] {dagbag.py:507} INFO - Filling up the DagBag from /usr/local/lib/python3.10/dist-packages/airflow/example_dags/example_branch_operator.py
[2022-06-14 19:00:06,856] {processor.py:651} INFO - DAG(s) dict_keys(['example_branch_operator']) retrieved from /usr/local/lib/python3.10/dist-packages/airflow/example_dags/example_branch_operator.py
[2022-06-14 19:00:06,872] {logging_mixin.py:115} INFO - [2022-06-14 19:00:06,872] {dag.py:2371} INFO - Sync 1 DAGs
[2022-06-14 19:00:06,892] {logging_mixin.py:115} INFO - [2022-06-14 19:00:06,891] {dag.py:2915} INFO - Setting next_dagrun for example_branch_operator to 2022-06-13T00:00:00+00:00, run_after=2022-06-14T00:00:00+00:00
[2022-06-14 19:00:06,910] {processor.py:161} INFO - Processing /usr/local/lib/python3.10/dist-packages/airflow/example_dags/example_branch_operator.py took 0.067 seconds
[2022-06-14 19:00:50,733] {processor.py:153} INFO - Started process (PID=9365) to work on /usr/local/lib/python3.10/dist-packages/airflow/example_dags/example_branch_operator.py
[2022-06-14 19:00:50,733] {processor.py:641} INFO - Processing file /usr/local/lib/python3.10/dist-packages/airflow/example_dags/example_branch_operator.py for tasks to queue
[2022-06-14 19:00:50,734] {logging_mixin.py:115} INFO - [2022-06-14 19:00:50,734] {dagbag.py:507} INFO - Filling up the DagBag from /usr/local/lib/python3.10/dist-packages/airflow/example_dags/example_branch_operator.py
[2022-06-14 19:00:50,743] {processor.py:651} INFO - DAG(s) dict_keys(['example_branch_operator']) retrieved from /usr/local/lib/python3.10/dist-packages/airflow/example_dags/example_branch_operator.py
[2022-06-14 19:00:50,758] {logging_mixin.py:115} INFO - [2022-06-14 19:00:50,758] {dag.py:2371} INFO - Sync 1 DAGs
[2022-06-14 19:00:50,778] {logging_mixin.py:115} INFO - [2022-06-14 19:00:50,778] {dag.py:2915} INFO - Setting next_dagrun for example_branch_operator to 2022-06-13T00:00:00+00:00, run_after=2022-06-14T00:00:00+00:00
[2022-06-14 19:00:50,795] {processor.py:161} INFO - Processing /usr/local/lib/python3.10/dist-packages/airflow/example_dags/example_branch_operator.py took 0.065 seconds
[2022-06-14 19:01:31,264] {processor.py:153} INFO - Started process (PID=9422) to work on /usr/local/lib/python3.10/dist-packages/airflow/example_dags/example_branch_operator.py
[2022-06-14 19:01:31,265] {processor.py:641} INFO - Processing file /usr/local/lib/python3.10/dist-packages/airflow/example_dags/example_branch_operator.py for tasks to queue
[2022-06-14 19:01:31,265] {logging_mixin.py:115} INFO - [2022-06-14 19:01:31,265] {dagbag.py:507} INFO - Filling up the DagBag from /usr/local/lib/python3.10/dist-packages/airflow/example_dags/example_branch_operator.py
[2022-06-14 19:01:31,275] {processor.py:651} INFO - DAG(s) dict_keys(['example_branch_operator']) retrieved from /usr/local/lib/python3.10/dist-packages/airflow/example_dags/example_branch_operator.py
[2022-06-14 19:01:31,293] {logging_mixin.py:115} INFO - [2022-06-14 19:01:31,293] {dag.py:2371} INFO - Sync 1 DAGs
[2022-06-14 19:01:31,318] {logging_mixin.py:115} INFO - [2022-06-14 19:01:31,318] {dag.py:2915} INFO - Setting next_dagrun for example_branch_operator to 2022-06-13T00:00:00+00:00, run_after=2022-06-14T00:00:00+00:00
[2022-06-14 19:01:31,335] {processor.py:161} INFO - Processing /usr/local/lib/python3.10/dist-packages/airflow/example_dags/example_branch_operator.py took 0.073 seconds
[2022-06-14 19:02:11,629] {processor.py:153} INFO - Started process (PID=9480) to work on /usr/local/lib/python3.10/dist-packages/airflow/example_dags/example_branch_operator.py
[2022-06-14 19:02:11,630] {processor.py:641} INFO - Processing file /usr/local/lib/python3.10/dist-packages/airflow/example_dags/example_branch_operator.py for tasks to queue
[2022-06-14 19:02:11,630] {logging_mixin.py:115} INFO - [2022-06-14 19:02:11,630] {dagbag.py:507} INFO - Filling up the DagBag from /usr/local/lib/python3.10/dist-packages/airflow/example_dags/example_branch_operator.py
[2022-06-14 19:02:11,640] {processor.py:651} INFO - DAG(s) dict_keys(['example_branch_operator']) retrieved from /usr/local/lib/python3.10/dist-packages/airflow/example_dags/example_branch_operator.py
[2022-06-14 19:02:11,656] {logging_mixin.py:115} INFO - [2022-06-14 19:02:11,656] {dag.py:2371} INFO - Sync 1 DAGs
[2022-06-14 19:02:11,675] {logging_mixin.py:115} INFO - [2022-06-14 19:02:11,675] {dag.py:2915} INFO - Setting next_dagrun for example_branch_operator to 2022-06-13T00:00:00+00:00, run_after=2022-06-14T00:00:00+00:00
[2022-06-14 19:02:11,693] {processor.py:161} INFO - Processing /usr/local/lib/python3.10/dist-packages/airflow/example_dags/example_branch_operator.py took 0.067 seconds
[2022-06-14 19:02:55,781] {processor.py:153} INFO - Started process (PID=9554) to work on /usr/local/lib/python3.10/dist-packages/airflow/example_dags/example_branch_operator.py
[2022-06-14 19:02:55,782] {processor.py:641} INFO - Processing file /usr/local/lib/python3.10/dist-packages/airflow/example_dags/example_branch_operator.py for tasks to queue
[2022-06-14 19:02:55,782] {logging_mixin.py:115} INFO - [2022-06-14 19:02:55,782] {dagbag.py:507} INFO - Filling up the DagBag from /usr/local/lib/python3.10/dist-packages/airflow/example_dags/example_branch_operator.py
[2022-06-14 19:02:55,793] {processor.py:651} INFO - DAG(s) dict_keys(['example_branch_operator']) retrieved from /usr/local/lib/python3.10/dist-packages/airflow/example_dags/example_branch_operator.py
[2022-06-14 19:02:55,809] {logging_mixin.py:115} INFO - [2022-06-14 19:02:55,809] {dag.py:2371} INFO - Sync 1 DAGs
[2022-06-14 19:02:55,826] {logging_mixin.py:115} INFO - [2022-06-14 19:02:55,826] {dag.py:2915} INFO - Setting next_dagrun for example_branch_operator to 2022-06-13T00:00:00+00:00, run_after=2022-06-14T00:00:00+00:00
[2022-06-14 19:02:55,843] {processor.py:161} INFO - Processing /usr/local/lib/python3.10/dist-packages/airflow/example_dags/example_branch_operator.py took 0.065 seconds
[2022-06-14 19:03:34,824] {processor.py:153} INFO - Started process (PID=9625) to work on /usr/local/lib/python3.10/dist-packages/airflow/example_dags/example_branch_operator.py
[2022-06-14 19:03:34,825] {processor.py:641} INFO - Processing file /usr/local/lib/python3.10/dist-packages/airflow/example_dags/example_branch_operator.py for tasks to queue
[2022-06-14 19:03:34,825] {logging_mixin.py:115} INFO - [2022-06-14 19:03:34,825] {dagbag.py:507} INFO - Filling up the DagBag from /usr/local/lib/python3.10/dist-packages/airflow/example_dags/example_branch_operator.py
[2022-06-14 19:03:34,835] {processor.py:651} INFO - DAG(s) dict_keys(['example_branch_operator']) retrieved from /usr/local/lib/python3.10/dist-packages/airflow/example_dags/example_branch_operator.py
[2022-06-14 19:03:34,850] {logging_mixin.py:115} INFO - [2022-06-14 19:03:34,850] {dag.py:2371} INFO - Sync 1 DAGs
[2022-06-14 19:03:34,869] {logging_mixin.py:115} INFO - [2022-06-14 19:03:34,869] {dag.py:2915} INFO - Setting next_dagrun for example_branch_operator to 2022-06-13T00:00:00+00:00, run_after=2022-06-14T00:00:00+00:00
[2022-06-14 19:03:34,887] {processor.py:161} INFO - Processing /usr/local/lib/python3.10/dist-packages/airflow/example_dags/example_branch_operator.py took 0.065 seconds
[2022-06-14 19:04:17,113] {processor.py:153} INFO - Started process (PID=9689) to work on /usr/local/lib/python3.10/dist-packages/airflow/example_dags/example_branch_operator.py
[2022-06-14 19:04:17,114] {processor.py:641} INFO - Processing file /usr/local/lib/python3.10/dist-packages/airflow/example_dags/example_branch_operator.py for tasks to queue
[2022-06-14 19:04:17,114] {logging_mixin.py:115} INFO - [2022-06-14 19:04:17,114] {dagbag.py:507} INFO - Filling up the DagBag from /usr/local/lib/python3.10/dist-packages/airflow/example_dags/example_branch_operator.py
[2022-06-14 19:04:17,124] {processor.py:651} INFO - DAG(s) dict_keys(['example_branch_operator']) retrieved from /usr/local/lib/python3.10/dist-packages/airflow/example_dags/example_branch_operator.py
[2022-06-14 19:04:17,139] {logging_mixin.py:115} INFO - [2022-06-14 19:04:17,139] {dag.py:2371} INFO - Sync 1 DAGs
[2022-06-14 19:04:17,158] {logging_mixin.py:115} INFO - [2022-06-14 19:04:17,157] {dag.py:2915} INFO - Setting next_dagrun for example_branch_operator to 2022-06-13T00:00:00+00:00, run_after=2022-06-14T00:00:00+00:00
[2022-06-14 19:04:17,175] {processor.py:161} INFO - Processing /usr/local/lib/python3.10/dist-packages/airflow/example_dags/example_branch_operator.py took 0.064 seconds
[2022-06-14 19:05:02,330] {processor.py:153} INFO - Started process (PID=9745) to work on /usr/local/lib/python3.10/dist-packages/airflow/example_dags/example_branch_operator.py
[2022-06-14 19:05:02,331] {processor.py:641} INFO - Processing file /usr/local/lib/python3.10/dist-packages/airflow/example_dags/example_branch_operator.py for tasks to queue
[2022-06-14 19:05:02,332] {logging_mixin.py:115} INFO - [2022-06-14 19:05:02,332] {dagbag.py:507} INFO - Filling up the DagBag from /usr/local/lib/python3.10/dist-packages/airflow/example_dags/example_branch_operator.py
[2022-06-14 19:05:02,341] {processor.py:651} INFO - DAG(s) dict_keys(['example_branch_operator']) retrieved from /usr/local/lib/python3.10/dist-packages/airflow/example_dags/example_branch_operator.py
[2022-06-14 19:05:02,356] {logging_mixin.py:115} INFO - [2022-06-14 19:05:02,356] {dag.py:2371} INFO - Sync 1 DAGs
[2022-06-14 19:05:02,374] {logging_mixin.py:115} INFO - [2022-06-14 19:05:02,374] {dag.py:2915} INFO - Setting next_dagrun for example_branch_operator to 2022-06-13T00:00:00+00:00, run_after=2022-06-14T00:00:00+00:00
[2022-06-14 19:05:02,392] {processor.py:161} INFO - Processing /usr/local/lib/python3.10/dist-packages/airflow/example_dags/example_branch_operator.py took 0.064 seconds
[2022-06-14 19:05:43,608] {processor.py:153} INFO - Started process (PID=9807) to work on /usr/local/lib/python3.10/dist-packages/airflow/example_dags/example_branch_operator.py
[2022-06-14 19:05:43,609] {processor.py:641} INFO - Processing file /usr/local/lib/python3.10/dist-packages/airflow/example_dags/example_branch_operator.py for tasks to queue
[2022-06-14 19:05:43,609] {logging_mixin.py:115} INFO - [2022-06-14 19:05:43,609] {dagbag.py:507} INFO - Filling up the DagBag from /usr/local/lib/python3.10/dist-packages/airflow/example_dags/example_branch_operator.py
[2022-06-14 19:05:43,619] {processor.py:651} INFO - DAG(s) dict_keys(['example_branch_operator']) retrieved from /usr/local/lib/python3.10/dist-packages/airflow/example_dags/example_branch_operator.py
[2022-06-14 19:05:43,634] {logging_mixin.py:115} INFO - [2022-06-14 19:05:43,634] {dag.py:2371} INFO - Sync 1 DAGs
[2022-06-14 19:05:43,653] {logging_mixin.py:115} INFO - [2022-06-14 19:05:43,653] {dag.py:2915} INFO - Setting next_dagrun for example_branch_operator to 2022-06-13T00:00:00+00:00, run_after=2022-06-14T00:00:00+00:00
[2022-06-14 19:05:43,671] {processor.py:161} INFO - Processing /usr/local/lib/python3.10/dist-packages/airflow/example_dags/example_branch_operator.py took 0.065 seconds
[2022-06-14 19:06:21,872] {processor.py:153} INFO - Started process (PID=9857) to work on /usr/local/lib/python3.10/dist-packages/airflow/example_dags/example_branch_operator.py
[2022-06-14 19:06:21,873] {processor.py:641} INFO - Processing file /usr/local/lib/python3.10/dist-packages/airflow/example_dags/example_branch_operator.py for tasks to queue
[2022-06-14 19:06:21,873] {logging_mixin.py:115} INFO - [2022-06-14 19:06:21,873] {dagbag.py:507} INFO - Filling up the DagBag from /usr/local/lib/python3.10/dist-packages/airflow/example_dags/example_branch_operator.py
[2022-06-14 19:06:21,883] {processor.py:651} INFO - DAG(s) dict_keys(['example_branch_operator']) retrieved from /usr/local/lib/python3.10/dist-packages/airflow/example_dags/example_branch_operator.py
[2022-06-14 19:06:21,898] {logging_mixin.py:115} INFO - [2022-06-14 19:06:21,897] {dag.py:2371} INFO - Sync 1 DAGs
[2022-06-14 19:06:21,916] {logging_mixin.py:115} INFO - [2022-06-14 19:06:21,916] {dag.py:2915} INFO - Setting next_dagrun for example_branch_operator to 2022-06-13T00:00:00+00:00, run_after=2022-06-14T00:00:00+00:00
[2022-06-14 19:06:21,935] {processor.py:161} INFO - Processing /usr/local/lib/python3.10/dist-packages/airflow/example_dags/example_branch_operator.py took 0.065 seconds
[2022-06-14 19:06:59,117] {processor.py:153} INFO - Started process (PID=9914) to work on /usr/local/lib/python3.10/dist-packages/airflow/example_dags/example_branch_operator.py
[2022-06-14 19:06:59,117] {processor.py:641} INFO - Processing file /usr/local/lib/python3.10/dist-packages/airflow/example_dags/example_branch_operator.py for tasks to queue
[2022-06-14 19:06:59,118] {logging_mixin.py:115} INFO - [2022-06-14 19:06:59,118] {dagbag.py:507} INFO - Filling up the DagBag from /usr/local/lib/python3.10/dist-packages/airflow/example_dags/example_branch_operator.py
[2022-06-14 19:06:59,128] {processor.py:651} INFO - DAG(s) dict_keys(['example_branch_operator']) retrieved from /usr/local/lib/python3.10/dist-packages/airflow/example_dags/example_branch_operator.py
[2022-06-14 19:06:59,143] {logging_mixin.py:115} INFO - [2022-06-14 19:06:59,143] {dag.py:2371} INFO - Sync 1 DAGs
[2022-06-14 19:06:59,164] {logging_mixin.py:115} INFO - [2022-06-14 19:06:59,164] {dag.py:2915} INFO - Setting next_dagrun for example_branch_operator to 2022-06-13T00:00:00+00:00, run_after=2022-06-14T00:00:00+00:00
[2022-06-14 19:06:59,183] {processor.py:161} INFO - Processing /usr/local/lib/python3.10/dist-packages/airflow/example_dags/example_branch_operator.py took 0.069 seconds
[2022-06-14 19:07:43,245] {processor.py:153} INFO - Started process (PID=9971) to work on /usr/local/lib/python3.10/dist-packages/airflow/example_dags/example_branch_operator.py
[2022-06-14 19:07:43,245] {processor.py:641} INFO - Processing file /usr/local/lib/python3.10/dist-packages/airflow/example_dags/example_branch_operator.py for tasks to queue
[2022-06-14 19:07:43,246] {logging_mixin.py:115} INFO - [2022-06-14 19:07:43,246] {dagbag.py:507} INFO - Filling up the DagBag from /usr/local/lib/python3.10/dist-packages/airflow/example_dags/example_branch_operator.py
[2022-06-14 19:07:43,256] {processor.py:651} INFO - DAG(s) dict_keys(['example_branch_operator']) retrieved from /usr/local/lib/python3.10/dist-packages/airflow/example_dags/example_branch_operator.py
[2022-06-14 19:07:43,272] {logging_mixin.py:115} INFO - [2022-06-14 19:07:43,272] {dag.py:2371} INFO - Sync 1 DAGs
[2022-06-14 19:07:43,291] {logging_mixin.py:115} INFO - [2022-06-14 19:07:43,291] {dag.py:2915} INFO - Setting next_dagrun for example_branch_operator to 2022-06-13T00:00:00+00:00, run_after=2022-06-14T00:00:00+00:00
[2022-06-14 19:07:43,308] {processor.py:161} INFO - Processing /usr/local/lib/python3.10/dist-packages/airflow/example_dags/example_branch_operator.py took 0.066 seconds
[2022-06-14 19:08:26,554] {processor.py:153} INFO - Started process (PID=10033) to work on /usr/local/lib/python3.10/dist-packages/airflow/example_dags/example_branch_operator.py
[2022-06-14 19:08:26,555] {processor.py:641} INFO - Processing file /usr/local/lib/python3.10/dist-packages/airflow/example_dags/example_branch_operator.py for tasks to queue
[2022-06-14 19:08:26,555] {logging_mixin.py:115} INFO - [2022-06-14 19:08:26,555] {dagbag.py:507} INFO - Filling up the DagBag from /usr/local/lib/python3.10/dist-packages/airflow/example_dags/example_branch_operator.py
[2022-06-14 19:08:26,565] {processor.py:651} INFO - DAG(s) dict_keys(['example_branch_operator']) retrieved from /usr/local/lib/python3.10/dist-packages/airflow/example_dags/example_branch_operator.py
[2022-06-14 19:08:26,580] {logging_mixin.py:115} INFO - [2022-06-14 19:08:26,580] {dag.py:2371} INFO - Sync 1 DAGs
[2022-06-14 19:08:26,598] {logging_mixin.py:115} INFO - [2022-06-14 19:08:26,598] {dag.py:2915} INFO - Setting next_dagrun for example_branch_operator to 2022-06-13T00:00:00+00:00, run_after=2022-06-14T00:00:00+00:00
[2022-06-14 19:08:26,616] {processor.py:161} INFO - Processing /usr/local/lib/python3.10/dist-packages/airflow/example_dags/example_branch_operator.py took 0.064 seconds
[2022-06-14 19:09:12,148] {processor.py:153} INFO - Started process (PID=10100) to work on /usr/local/lib/python3.10/dist-packages/airflow/example_dags/example_branch_operator.py
[2022-06-14 19:09:12,149] {processor.py:641} INFO - Processing file /usr/local/lib/python3.10/dist-packages/airflow/example_dags/example_branch_operator.py for tasks to queue
[2022-06-14 19:09:12,150] {logging_mixin.py:115} INFO - [2022-06-14 19:09:12,150] {dagbag.py:507} INFO - Filling up the DagBag from /usr/local/lib/python3.10/dist-packages/airflow/example_dags/example_branch_operator.py
[2022-06-14 19:09:12,160] {processor.py:651} INFO - DAG(s) dict_keys(['example_branch_operator']) retrieved from /usr/local/lib/python3.10/dist-packages/airflow/example_dags/example_branch_operator.py
[2022-06-14 19:09:12,176] {logging_mixin.py:115} INFO - [2022-06-14 19:09:12,176] {dag.py:2371} INFO - Sync 1 DAGs
[2022-06-14 19:09:12,195] {logging_mixin.py:115} INFO - [2022-06-14 19:09:12,195] {dag.py:2915} INFO - Setting next_dagrun for example_branch_operator to 2022-06-13T00:00:00+00:00, run_after=2022-06-14T00:00:00+00:00
[2022-06-14 19:09:12,213] {processor.py:161} INFO - Processing /usr/local/lib/python3.10/dist-packages/airflow/example_dags/example_branch_operator.py took 0.067 seconds
[2022-06-14 19:09:56,243] {processor.py:153} INFO - Started process (PID=10160) to work on /usr/local/lib/python3.10/dist-packages/airflow/example_dags/example_branch_operator.py
[2022-06-14 19:09:56,244] {processor.py:641} INFO - Processing file /usr/local/lib/python3.10/dist-packages/airflow/example_dags/example_branch_operator.py for tasks to queue
[2022-06-14 19:09:56,244] {logging_mixin.py:115} INFO - [2022-06-14 19:09:56,244] {dagbag.py:507} INFO - Filling up the DagBag from /usr/local/lib/python3.10/dist-packages/airflow/example_dags/example_branch_operator.py
[2022-06-14 19:09:56,254] {processor.py:651} INFO - DAG(s) dict_keys(['example_branch_operator']) retrieved from /usr/local/lib/python3.10/dist-packages/airflow/example_dags/example_branch_operator.py
[2022-06-14 19:09:56,270] {logging_mixin.py:115} INFO - [2022-06-14 19:09:56,270] {dag.py:2371} INFO - Sync 1 DAGs
[2022-06-14 19:09:56,289] {logging_mixin.py:115} INFO - [2022-06-14 19:09:56,289] {dag.py:2915} INFO - Setting next_dagrun for example_branch_operator to 2022-06-13T00:00:00+00:00, run_after=2022-06-14T00:00:00+00:00
[2022-06-14 19:09:56,307] {processor.py:161} INFO - Processing /usr/local/lib/python3.10/dist-packages/airflow/example_dags/example_branch_operator.py took 0.066 seconds
[2022-06-14 19:10:41,584] {processor.py:153} INFO - Started process (PID=10773) to work on /usr/local/lib/python3.10/dist-packages/airflow/example_dags/example_branch_operator.py
[2022-06-14 19:10:41,585] {processor.py:641} INFO - Processing file /usr/local/lib/python3.10/dist-packages/airflow/example_dags/example_branch_operator.py for tasks to queue
[2022-06-14 19:10:41,586] {logging_mixin.py:115} INFO - [2022-06-14 19:10:41,586] {dagbag.py:507} INFO - Filling up the DagBag from /usr/local/lib/python3.10/dist-packages/airflow/example_dags/example_branch_operator.py
[2022-06-14 19:10:41,598] {processor.py:651} INFO - DAG(s) dict_keys(['example_branch_operator']) retrieved from /usr/local/lib/python3.10/dist-packages/airflow/example_dags/example_branch_operator.py
[2022-06-14 19:10:41,614] {logging_mixin.py:115} INFO - [2022-06-14 19:10:41,614] {dag.py:2371} INFO - Sync 1 DAGs
[2022-06-14 19:10:41,631] {logging_mixin.py:115} INFO - [2022-06-14 19:10:41,631] {dag.py:2915} INFO - Setting next_dagrun for example_branch_operator to 2022-06-13T00:00:00+00:00, run_after=2022-06-14T00:00:00+00:00
[2022-06-14 19:10:41,648] {processor.py:161} INFO - Processing /usr/local/lib/python3.10/dist-packages/airflow/example_dags/example_branch_operator.py took 0.067 seconds
