[2022-06-14 18:33:54,180] {processor.py:153} INFO - Started process (PID=6645) to work on /usr/local/lib/python3.10/dist-packages/airflow/example_dags/example_branch_datetime_operator.py
[2022-06-14 18:33:54,180] {processor.py:641} INFO - Processing file /usr/local/lib/python3.10/dist-packages/airflow/example_dags/example_branch_datetime_operator.py for tasks to queue
[2022-06-14 18:33:54,181] {logging_mixin.py:115} INFO - [2022-06-14 18:33:54,181] {dagbag.py:507} INFO - Filling up the DagBag from /usr/local/lib/python3.10/dist-packages/airflow/example_dags/example_branch_datetime_operator.py
[2022-06-14 18:33:54,188] {processor.py:651} INFO - DAG(s) dict_keys(['example_branch_datetime_operator_2']) retrieved from /usr/local/lib/python3.10/dist-packages/airflow/example_dags/example_branch_datetime_operator.py
[2022-06-14 18:33:54,202] {logging_mixin.py:115} INFO - [2022-06-14 18:33:54,201] {dag.py:2371} INFO - Sync 1 DAGs
[2022-06-14 18:33:54,220] {logging_mixin.py:115} INFO - [2022-06-14 18:33:54,220] {dag.py:2915} INFO - Setting next_dagrun for example_branch_datetime_operator_2 to 2022-06-13T00:00:00+00:00, run_after=2022-06-14T00:00:00+00:00
[2022-06-14 18:33:54,244] {processor.py:161} INFO - Processing /usr/local/lib/python3.10/dist-packages/airflow/example_dags/example_branch_datetime_operator.py took 0.066 seconds
[2022-06-14 18:34:29,373] {processor.py:153} INFO - Started process (PID=6703) to work on /usr/local/lib/python3.10/dist-packages/airflow/example_dags/example_branch_datetime_operator.py
[2022-06-14 18:34:29,374] {processor.py:641} INFO - Processing file /usr/local/lib/python3.10/dist-packages/airflow/example_dags/example_branch_datetime_operator.py for tasks to queue
[2022-06-14 18:34:29,374] {logging_mixin.py:115} INFO - [2022-06-14 18:34:29,374] {dagbag.py:507} INFO - Filling up the DagBag from /usr/local/lib/python3.10/dist-packages/airflow/example_dags/example_branch_datetime_operator.py
[2022-06-14 18:34:29,382] {processor.py:651} INFO - DAG(s) dict_keys(['example_branch_datetime_operator_2']) retrieved from /usr/local/lib/python3.10/dist-packages/airflow/example_dags/example_branch_datetime_operator.py
[2022-06-14 18:34:29,397] {logging_mixin.py:115} INFO - [2022-06-14 18:34:29,397] {dag.py:2371} INFO - Sync 1 DAGs
[2022-06-14 18:34:29,416] {logging_mixin.py:115} INFO - [2022-06-14 18:34:29,416] {dag.py:2915} INFO - Setting next_dagrun for example_branch_datetime_operator_2 to 2022-06-13T00:00:00+00:00, run_after=2022-06-14T00:00:00+00:00
[2022-06-14 18:34:29,434] {processor.py:161} INFO - Processing /usr/local/lib/python3.10/dist-packages/airflow/example_dags/example_branch_datetime_operator.py took 0.063 seconds
[2022-06-14 18:35:04,006] {processor.py:153} INFO - Started process (PID=6765) to work on /usr/local/lib/python3.10/dist-packages/airflow/example_dags/example_branch_datetime_operator.py
[2022-06-14 18:35:04,007] {processor.py:641} INFO - Processing file /usr/local/lib/python3.10/dist-packages/airflow/example_dags/example_branch_datetime_operator.py for tasks to queue
[2022-06-14 18:35:04,007] {logging_mixin.py:115} INFO - [2022-06-14 18:35:04,007] {dagbag.py:507} INFO - Filling up the DagBag from /usr/local/lib/python3.10/dist-packages/airflow/example_dags/example_branch_datetime_operator.py
[2022-06-14 18:35:04,015] {processor.py:651} INFO - DAG(s) dict_keys(['example_branch_datetime_operator_2']) retrieved from /usr/local/lib/python3.10/dist-packages/airflow/example_dags/example_branch_datetime_operator.py
[2022-06-14 18:35:04,029] {logging_mixin.py:115} INFO - [2022-06-14 18:35:04,029] {dag.py:2371} INFO - Sync 1 DAGs
[2022-06-14 18:35:04,048] {logging_mixin.py:115} INFO - [2022-06-14 18:35:04,048] {dag.py:2915} INFO - Setting next_dagrun for example_branch_datetime_operator_2 to 2022-06-13T00:00:00+00:00, run_after=2022-06-14T00:00:00+00:00
[2022-06-14 18:35:04,066] {processor.py:161} INFO - Processing /usr/local/lib/python3.10/dist-packages/airflow/example_dags/example_branch_datetime_operator.py took 0.062 seconds
[2022-06-14 18:35:40,066] {processor.py:153} INFO - Started process (PID=6815) to work on /usr/local/lib/python3.10/dist-packages/airflow/example_dags/example_branch_datetime_operator.py
[2022-06-14 18:35:40,067] {processor.py:641} INFO - Processing file /usr/local/lib/python3.10/dist-packages/airflow/example_dags/example_branch_datetime_operator.py for tasks to queue
[2022-06-14 18:35:40,067] {logging_mixin.py:115} INFO - [2022-06-14 18:35:40,067] {dagbag.py:507} INFO - Filling up the DagBag from /usr/local/lib/python3.10/dist-packages/airflow/example_dags/example_branch_datetime_operator.py
[2022-06-14 18:35:40,075] {processor.py:651} INFO - DAG(s) dict_keys(['example_branch_datetime_operator_2']) retrieved from /usr/local/lib/python3.10/dist-packages/airflow/example_dags/example_branch_datetime_operator.py
[2022-06-14 18:35:40,096] {logging_mixin.py:115} INFO - [2022-06-14 18:35:40,096] {dag.py:2371} INFO - Sync 1 DAGs
[2022-06-14 18:35:40,118] {logging_mixin.py:115} INFO - [2022-06-14 18:35:40,118] {dag.py:2915} INFO - Setting next_dagrun for example_branch_datetime_operator_2 to 2022-06-13T00:00:00+00:00, run_after=2022-06-14T00:00:00+00:00
[2022-06-14 18:35:40,135] {processor.py:161} INFO - Processing /usr/local/lib/python3.10/dist-packages/airflow/example_dags/example_branch_datetime_operator.py took 0.072 seconds
[2022-06-14 18:36:15,309] {processor.py:153} INFO - Started process (PID=6867) to work on /usr/local/lib/python3.10/dist-packages/airflow/example_dags/example_branch_datetime_operator.py
[2022-06-14 18:36:15,310] {processor.py:641} INFO - Processing file /usr/local/lib/python3.10/dist-packages/airflow/example_dags/example_branch_datetime_operator.py for tasks to queue
[2022-06-14 18:36:15,310] {logging_mixin.py:115} INFO - [2022-06-14 18:36:15,310] {dagbag.py:507} INFO - Filling up the DagBag from /usr/local/lib/python3.10/dist-packages/airflow/example_dags/example_branch_datetime_operator.py
[2022-06-14 18:36:15,318] {processor.py:651} INFO - DAG(s) dict_keys(['example_branch_datetime_operator_2']) retrieved from /usr/local/lib/python3.10/dist-packages/airflow/example_dags/example_branch_datetime_operator.py
[2022-06-14 18:36:15,332] {logging_mixin.py:115} INFO - [2022-06-14 18:36:15,332] {dag.py:2371} INFO - Sync 1 DAGs
[2022-06-14 18:36:15,351] {logging_mixin.py:115} INFO - [2022-06-14 18:36:15,350] {dag.py:2915} INFO - Setting next_dagrun for example_branch_datetime_operator_2 to 2022-06-13T00:00:00+00:00, run_after=2022-06-14T00:00:00+00:00
[2022-06-14 18:36:15,368] {processor.py:161} INFO - Processing /usr/local/lib/python3.10/dist-packages/airflow/example_dags/example_branch_datetime_operator.py took 0.061 seconds
[2022-06-14 18:36:51,573] {processor.py:153} INFO - Started process (PID=6916) to work on /usr/local/lib/python3.10/dist-packages/airflow/example_dags/example_branch_datetime_operator.py
[2022-06-14 18:36:51,573] {processor.py:641} INFO - Processing file /usr/local/lib/python3.10/dist-packages/airflow/example_dags/example_branch_datetime_operator.py for tasks to queue
[2022-06-14 18:36:51,574] {logging_mixin.py:115} INFO - [2022-06-14 18:36:51,574] {dagbag.py:507} INFO - Filling up the DagBag from /usr/local/lib/python3.10/dist-packages/airflow/example_dags/example_branch_datetime_operator.py
[2022-06-14 18:36:51,582] {processor.py:651} INFO - DAG(s) dict_keys(['example_branch_datetime_operator_2']) retrieved from /usr/local/lib/python3.10/dist-packages/airflow/example_dags/example_branch_datetime_operator.py
[2022-06-14 18:36:51,596] {logging_mixin.py:115} INFO - [2022-06-14 18:36:51,596] {dag.py:2371} INFO - Sync 1 DAGs
[2022-06-14 18:36:51,616] {logging_mixin.py:115} INFO - [2022-06-14 18:36:51,615] {dag.py:2915} INFO - Setting next_dagrun for example_branch_datetime_operator_2 to 2022-06-13T00:00:00+00:00, run_after=2022-06-14T00:00:00+00:00
[2022-06-14 18:36:51,634] {processor.py:161} INFO - Processing /usr/local/lib/python3.10/dist-packages/airflow/example_dags/example_branch_datetime_operator.py took 0.064 seconds
[2022-06-14 18:37:27,215] {processor.py:153} INFO - Started process (PID=6966) to work on /usr/local/lib/python3.10/dist-packages/airflow/example_dags/example_branch_datetime_operator.py
[2022-06-14 18:37:27,216] {processor.py:641} INFO - Processing file /usr/local/lib/python3.10/dist-packages/airflow/example_dags/example_branch_datetime_operator.py for tasks to queue
[2022-06-14 18:37:27,216] {logging_mixin.py:115} INFO - [2022-06-14 18:37:27,216] {dagbag.py:507} INFO - Filling up the DagBag from /usr/local/lib/python3.10/dist-packages/airflow/example_dags/example_branch_datetime_operator.py
[2022-06-14 18:37:27,224] {processor.py:651} INFO - DAG(s) dict_keys(['example_branch_datetime_operator_2']) retrieved from /usr/local/lib/python3.10/dist-packages/airflow/example_dags/example_branch_datetime_operator.py
[2022-06-14 18:37:27,239] {logging_mixin.py:115} INFO - [2022-06-14 18:37:27,239] {dag.py:2371} INFO - Sync 1 DAGs
[2022-06-14 18:37:27,262] {logging_mixin.py:115} INFO - [2022-06-14 18:37:27,262] {dag.py:2915} INFO - Setting next_dagrun for example_branch_datetime_operator_2 to 2022-06-13T00:00:00+00:00, run_after=2022-06-14T00:00:00+00:00
[2022-06-14 18:37:27,281] {processor.py:161} INFO - Processing /usr/local/lib/python3.10/dist-packages/airflow/example_dags/example_branch_datetime_operator.py took 0.068 seconds
[2022-06-14 18:38:02,541] {processor.py:153} INFO - Started process (PID=7016) to work on /usr/local/lib/python3.10/dist-packages/airflow/example_dags/example_branch_datetime_operator.py
[2022-06-14 18:38:02,541] {processor.py:641} INFO - Processing file /usr/local/lib/python3.10/dist-packages/airflow/example_dags/example_branch_datetime_operator.py for tasks to queue
[2022-06-14 18:38:02,542] {logging_mixin.py:115} INFO - [2022-06-14 18:38:02,542] {dagbag.py:507} INFO - Filling up the DagBag from /usr/local/lib/python3.10/dist-packages/airflow/example_dags/example_branch_datetime_operator.py
[2022-06-14 18:38:02,552] {processor.py:651} INFO - DAG(s) dict_keys(['example_branch_datetime_operator_2']) retrieved from /usr/local/lib/python3.10/dist-packages/airflow/example_dags/example_branch_datetime_operator.py
[2022-06-14 18:38:02,570] {logging_mixin.py:115} INFO - [2022-06-14 18:38:02,570] {dag.py:2371} INFO - Sync 1 DAGs
[2022-06-14 18:38:02,591] {logging_mixin.py:115} INFO - [2022-06-14 18:38:02,591] {dag.py:2915} INFO - Setting next_dagrun for example_branch_datetime_operator_2 to 2022-06-13T00:00:00+00:00, run_after=2022-06-14T00:00:00+00:00
[2022-06-14 18:38:02,613] {processor.py:161} INFO - Processing /usr/local/lib/python3.10/dist-packages/airflow/example_dags/example_branch_datetime_operator.py took 0.075 seconds
[2022-06-14 18:38:37,483] {processor.py:153} INFO - Started process (PID=7063) to work on /usr/local/lib/python3.10/dist-packages/airflow/example_dags/example_branch_datetime_operator.py
[2022-06-14 18:38:37,484] {processor.py:641} INFO - Processing file /usr/local/lib/python3.10/dist-packages/airflow/example_dags/example_branch_datetime_operator.py for tasks to queue
[2022-06-14 18:38:37,484] {logging_mixin.py:115} INFO - [2022-06-14 18:38:37,484] {dagbag.py:507} INFO - Filling up the DagBag from /usr/local/lib/python3.10/dist-packages/airflow/example_dags/example_branch_datetime_operator.py
[2022-06-14 18:38:37,492] {processor.py:651} INFO - DAG(s) dict_keys(['example_branch_datetime_operator_2']) retrieved from /usr/local/lib/python3.10/dist-packages/airflow/example_dags/example_branch_datetime_operator.py
[2022-06-14 18:38:37,507] {logging_mixin.py:115} INFO - [2022-06-14 18:38:37,507] {dag.py:2371} INFO - Sync 1 DAGs
[2022-06-14 18:38:37,526] {logging_mixin.py:115} INFO - [2022-06-14 18:38:37,526] {dag.py:2915} INFO - Setting next_dagrun for example_branch_datetime_operator_2 to 2022-06-13T00:00:00+00:00, run_after=2022-06-14T00:00:00+00:00
[2022-06-14 18:38:37,544] {processor.py:161} INFO - Processing /usr/local/lib/python3.10/dist-packages/airflow/example_dags/example_branch_datetime_operator.py took 0.063 seconds
[2022-06-14 18:39:12,420] {processor.py:153} INFO - Started process (PID=7118) to work on /usr/local/lib/python3.10/dist-packages/airflow/example_dags/example_branch_datetime_operator.py
[2022-06-14 18:39:12,421] {processor.py:641} INFO - Processing file /usr/local/lib/python3.10/dist-packages/airflow/example_dags/example_branch_datetime_operator.py for tasks to queue
[2022-06-14 18:39:12,421] {logging_mixin.py:115} INFO - [2022-06-14 18:39:12,421] {dagbag.py:507} INFO - Filling up the DagBag from /usr/local/lib/python3.10/dist-packages/airflow/example_dags/example_branch_datetime_operator.py
[2022-06-14 18:39:12,428] {processor.py:651} INFO - DAG(s) dict_keys(['example_branch_datetime_operator_2']) retrieved from /usr/local/lib/python3.10/dist-packages/airflow/example_dags/example_branch_datetime_operator.py
[2022-06-14 18:39:12,443] {logging_mixin.py:115} INFO - [2022-06-14 18:39:12,443] {dag.py:2371} INFO - Sync 1 DAGs
[2022-06-14 18:39:12,461] {logging_mixin.py:115} INFO - [2022-06-14 18:39:12,461] {dag.py:2915} INFO - Setting next_dagrun for example_branch_datetime_operator_2 to 2022-06-13T00:00:00+00:00, run_after=2022-06-14T00:00:00+00:00
[2022-06-14 18:39:12,479] {processor.py:161} INFO - Processing /usr/local/lib/python3.10/dist-packages/airflow/example_dags/example_branch_datetime_operator.py took 0.061 seconds
[2022-06-14 18:39:51,420] {processor.py:153} INFO - Started process (PID=7169) to work on /usr/local/lib/python3.10/dist-packages/airflow/example_dags/example_branch_datetime_operator.py
[2022-06-14 18:39:51,420] {processor.py:641} INFO - Processing file /usr/local/lib/python3.10/dist-packages/airflow/example_dags/example_branch_datetime_operator.py for tasks to queue
[2022-06-14 18:39:51,421] {logging_mixin.py:115} INFO - [2022-06-14 18:39:51,421] {dagbag.py:507} INFO - Filling up the DagBag from /usr/local/lib/python3.10/dist-packages/airflow/example_dags/example_branch_datetime_operator.py
[2022-06-14 18:39:51,428] {processor.py:651} INFO - DAG(s) dict_keys(['example_branch_datetime_operator_2']) retrieved from /usr/local/lib/python3.10/dist-packages/airflow/example_dags/example_branch_datetime_operator.py
[2022-06-14 18:39:51,445] {logging_mixin.py:115} INFO - [2022-06-14 18:39:51,445] {dag.py:2371} INFO - Sync 1 DAGs
[2022-06-14 18:39:51,466] {logging_mixin.py:115} INFO - [2022-06-14 18:39:51,466] {dag.py:2915} INFO - Setting next_dagrun for example_branch_datetime_operator_2 to 2022-06-13T00:00:00+00:00, run_after=2022-06-14T00:00:00+00:00
[2022-06-14 18:39:51,484] {processor.py:161} INFO - Processing /usr/local/lib/python3.10/dist-packages/airflow/example_dags/example_branch_datetime_operator.py took 0.067 seconds
[2022-06-14 18:40:28,846] {processor.py:153} INFO - Started process (PID=7229) to work on /usr/local/lib/python3.10/dist-packages/airflow/example_dags/example_branch_datetime_operator.py
[2022-06-14 18:40:28,847] {processor.py:641} INFO - Processing file /usr/local/lib/python3.10/dist-packages/airflow/example_dags/example_branch_datetime_operator.py for tasks to queue
[2022-06-14 18:40:28,847] {logging_mixin.py:115} INFO - [2022-06-14 18:40:28,847] {dagbag.py:507} INFO - Filling up the DagBag from /usr/local/lib/python3.10/dist-packages/airflow/example_dags/example_branch_datetime_operator.py
[2022-06-14 18:40:28,855] {processor.py:651} INFO - DAG(s) dict_keys(['example_branch_datetime_operator_2']) retrieved from /usr/local/lib/python3.10/dist-packages/airflow/example_dags/example_branch_datetime_operator.py
[2022-06-14 18:40:28,870] {logging_mixin.py:115} INFO - [2022-06-14 18:40:28,870] {dag.py:2371} INFO - Sync 1 DAGs
[2022-06-14 18:40:28,889] {logging_mixin.py:115} INFO - [2022-06-14 18:40:28,889] {dag.py:2915} INFO - Setting next_dagrun for example_branch_datetime_operator_2 to 2022-06-13T00:00:00+00:00, run_after=2022-06-14T00:00:00+00:00
[2022-06-14 18:40:28,908] {processor.py:161} INFO - Processing /usr/local/lib/python3.10/dist-packages/airflow/example_dags/example_branch_datetime_operator.py took 0.064 seconds
[2022-06-14 18:41:03,009] {processor.py:153} INFO - Started process (PID=7279) to work on /usr/local/lib/python3.10/dist-packages/airflow/example_dags/example_branch_datetime_operator.py
[2022-06-14 18:41:03,010] {processor.py:641} INFO - Processing file /usr/local/lib/python3.10/dist-packages/airflow/example_dags/example_branch_datetime_operator.py for tasks to queue
[2022-06-14 18:41:03,011] {logging_mixin.py:115} INFO - [2022-06-14 18:41:03,010] {dagbag.py:507} INFO - Filling up the DagBag from /usr/local/lib/python3.10/dist-packages/airflow/example_dags/example_branch_datetime_operator.py
[2022-06-14 18:41:03,017] {processor.py:651} INFO - DAG(s) dict_keys(['example_branch_datetime_operator_2']) retrieved from /usr/local/lib/python3.10/dist-packages/airflow/example_dags/example_branch_datetime_operator.py
[2022-06-14 18:41:03,032] {logging_mixin.py:115} INFO - [2022-06-14 18:41:03,032] {dag.py:2371} INFO - Sync 1 DAGs
[2022-06-14 18:41:03,051] {logging_mixin.py:115} INFO - [2022-06-14 18:41:03,051] {dag.py:2915} INFO - Setting next_dagrun for example_branch_datetime_operator_2 to 2022-06-13T00:00:00+00:00, run_after=2022-06-14T00:00:00+00:00
[2022-06-14 18:41:03,069] {processor.py:161} INFO - Processing /usr/local/lib/python3.10/dist-packages/airflow/example_dags/example_branch_datetime_operator.py took 0.062 seconds
[2022-06-14 18:41:45,609] {processor.py:153} INFO - Started process (PID=7351) to work on /usr/local/lib/python3.10/dist-packages/airflow/example_dags/example_branch_datetime_operator.py
[2022-06-14 18:41:45,610] {processor.py:641} INFO - Processing file /usr/local/lib/python3.10/dist-packages/airflow/example_dags/example_branch_datetime_operator.py for tasks to queue
[2022-06-14 18:41:45,611] {logging_mixin.py:115} INFO - [2022-06-14 18:41:45,611] {dagbag.py:507} INFO - Filling up the DagBag from /usr/local/lib/python3.10/dist-packages/airflow/example_dags/example_branch_datetime_operator.py
[2022-06-14 18:41:45,617] {processor.py:651} INFO - DAG(s) dict_keys(['example_branch_datetime_operator_2']) retrieved from /usr/local/lib/python3.10/dist-packages/airflow/example_dags/example_branch_datetime_operator.py
[2022-06-14 18:41:45,632] {logging_mixin.py:115} INFO - [2022-06-14 18:41:45,632] {dag.py:2371} INFO - Sync 1 DAGs
[2022-06-14 18:41:45,654] {logging_mixin.py:115} INFO - [2022-06-14 18:41:45,654] {dag.py:2915} INFO - Setting next_dagrun for example_branch_datetime_operator_2 to 2022-06-13T00:00:00+00:00, run_after=2022-06-14T00:00:00+00:00
[2022-06-14 18:41:45,672] {processor.py:161} INFO - Processing /usr/local/lib/python3.10/dist-packages/airflow/example_dags/example_branch_datetime_operator.py took 0.065 seconds
[2022-06-14 18:42:28,523] {processor.py:153} INFO - Started process (PID=7459) to work on /usr/local/lib/python3.10/dist-packages/airflow/example_dags/example_branch_datetime_operator.py
[2022-06-14 18:42:28,523] {processor.py:641} INFO - Processing file /usr/local/lib/python3.10/dist-packages/airflow/example_dags/example_branch_datetime_operator.py for tasks to queue
[2022-06-14 18:42:28,524] {logging_mixin.py:115} INFO - [2022-06-14 18:42:28,524] {dagbag.py:507} INFO - Filling up the DagBag from /usr/local/lib/python3.10/dist-packages/airflow/example_dags/example_branch_datetime_operator.py
[2022-06-14 18:42:28,534] {processor.py:651} INFO - DAG(s) dict_keys(['example_branch_datetime_operator_2']) retrieved from /usr/local/lib/python3.10/dist-packages/airflow/example_dags/example_branch_datetime_operator.py
[2022-06-14 18:42:28,556] {logging_mixin.py:115} INFO - [2022-06-14 18:42:28,556] {dag.py:2371} INFO - Sync 1 DAGs
[2022-06-14 18:42:28,580] {logging_mixin.py:115} INFO - [2022-06-14 18:42:28,580] {dag.py:2915} INFO - Setting next_dagrun for example_branch_datetime_operator_2 to 2022-06-13T00:00:00+00:00, run_after=2022-06-14T00:00:00+00:00
[2022-06-14 18:42:28,605] {processor.py:161} INFO - Processing /usr/local/lib/python3.10/dist-packages/airflow/example_dags/example_branch_datetime_operator.py took 0.086 seconds
[2022-06-14 18:43:10,148] {processor.py:153} INFO - Started process (PID=7560) to work on /usr/local/lib/python3.10/dist-packages/airflow/example_dags/example_branch_datetime_operator.py
[2022-06-14 18:43:10,149] {processor.py:641} INFO - Processing file /usr/local/lib/python3.10/dist-packages/airflow/example_dags/example_branch_datetime_operator.py for tasks to queue
[2022-06-14 18:43:10,149] {logging_mixin.py:115} INFO - [2022-06-14 18:43:10,149] {dagbag.py:507} INFO - Filling up the DagBag from /usr/local/lib/python3.10/dist-packages/airflow/example_dags/example_branch_datetime_operator.py
[2022-06-14 18:43:10,156] {processor.py:651} INFO - DAG(s) dict_keys(['example_branch_datetime_operator_2']) retrieved from /usr/local/lib/python3.10/dist-packages/airflow/example_dags/example_branch_datetime_operator.py
[2022-06-14 18:43:10,172] {logging_mixin.py:115} INFO - [2022-06-14 18:43:10,171] {dag.py:2371} INFO - Sync 1 DAGs
[2022-06-14 18:43:10,190] {logging_mixin.py:115} INFO - [2022-06-14 18:43:10,190] {dag.py:2915} INFO - Setting next_dagrun for example_branch_datetime_operator_2 to 2022-06-13T00:00:00+00:00, run_after=2022-06-14T00:00:00+00:00
[2022-06-14 18:43:10,208] {processor.py:161} INFO - Processing /usr/local/lib/python3.10/dist-packages/airflow/example_dags/example_branch_datetime_operator.py took 0.063 seconds
[2022-06-14 18:43:49,623] {processor.py:153} INFO - Started process (PID=7607) to work on /usr/local/lib/python3.10/dist-packages/airflow/example_dags/example_branch_datetime_operator.py
[2022-06-14 18:43:49,624] {processor.py:641} INFO - Processing file /usr/local/lib/python3.10/dist-packages/airflow/example_dags/example_branch_datetime_operator.py for tasks to queue
[2022-06-14 18:43:49,625] {logging_mixin.py:115} INFO - [2022-06-14 18:43:49,624] {dagbag.py:507} INFO - Filling up the DagBag from /usr/local/lib/python3.10/dist-packages/airflow/example_dags/example_branch_datetime_operator.py
[2022-06-14 18:43:49,632] {processor.py:651} INFO - DAG(s) dict_keys(['example_branch_datetime_operator_2']) retrieved from /usr/local/lib/python3.10/dist-packages/airflow/example_dags/example_branch_datetime_operator.py
[2022-06-14 18:43:49,647] {logging_mixin.py:115} INFO - [2022-06-14 18:43:49,646] {dag.py:2371} INFO - Sync 1 DAGs
[2022-06-14 18:43:49,669] {logging_mixin.py:115} INFO - [2022-06-14 18:43:49,669] {dag.py:2915} INFO - Setting next_dagrun for example_branch_datetime_operator_2 to 2022-06-13T00:00:00+00:00, run_after=2022-06-14T00:00:00+00:00
[2022-06-14 18:43:49,689] {processor.py:161} INFO - Processing /usr/local/lib/python3.10/dist-packages/airflow/example_dags/example_branch_datetime_operator.py took 0.068 seconds
[2022-06-14 18:44:30,562] {processor.py:153} INFO - Started process (PID=7687) to work on /usr/local/lib/python3.10/dist-packages/airflow/example_dags/example_branch_datetime_operator.py
[2022-06-14 18:44:30,563] {processor.py:641} INFO - Processing file /usr/local/lib/python3.10/dist-packages/airflow/example_dags/example_branch_datetime_operator.py for tasks to queue
[2022-06-14 18:44:30,563] {logging_mixin.py:115} INFO - [2022-06-14 18:44:30,563] {dagbag.py:507} INFO - Filling up the DagBag from /usr/local/lib/python3.10/dist-packages/airflow/example_dags/example_branch_datetime_operator.py
[2022-06-14 18:44:30,571] {processor.py:651} INFO - DAG(s) dict_keys(['example_branch_datetime_operator_2']) retrieved from /usr/local/lib/python3.10/dist-packages/airflow/example_dags/example_branch_datetime_operator.py
[2022-06-14 18:44:30,586] {logging_mixin.py:115} INFO - [2022-06-14 18:44:30,586] {dag.py:2371} INFO - Sync 1 DAGs
[2022-06-14 18:44:30,607] {logging_mixin.py:115} INFO - [2022-06-14 18:44:30,607] {dag.py:2915} INFO - Setting next_dagrun for example_branch_datetime_operator_2 to 2022-06-13T00:00:00+00:00, run_after=2022-06-14T00:00:00+00:00
[2022-06-14 18:44:30,626] {processor.py:161} INFO - Processing /usr/local/lib/python3.10/dist-packages/airflow/example_dags/example_branch_datetime_operator.py took 0.067 seconds
[2022-06-14 18:45:14,129] {processor.py:153} INFO - Started process (PID=7766) to work on /usr/local/lib/python3.10/dist-packages/airflow/example_dags/example_branch_datetime_operator.py
[2022-06-14 18:45:14,130] {processor.py:641} INFO - Processing file /usr/local/lib/python3.10/dist-packages/airflow/example_dags/example_branch_datetime_operator.py for tasks to queue
[2022-06-14 18:45:14,130] {logging_mixin.py:115} INFO - [2022-06-14 18:45:14,130] {dagbag.py:507} INFO - Filling up the DagBag from /usr/local/lib/python3.10/dist-packages/airflow/example_dags/example_branch_datetime_operator.py
[2022-06-14 18:45:14,137] {processor.py:651} INFO - DAG(s) dict_keys(['example_branch_datetime_operator_2']) retrieved from /usr/local/lib/python3.10/dist-packages/airflow/example_dags/example_branch_datetime_operator.py
[2022-06-14 18:45:14,153] {logging_mixin.py:115} INFO - [2022-06-14 18:45:14,153] {dag.py:2371} INFO - Sync 1 DAGs
[2022-06-14 18:45:14,172] {logging_mixin.py:115} INFO - [2022-06-14 18:45:14,172] {dag.py:2915} INFO - Setting next_dagrun for example_branch_datetime_operator_2 to 2022-06-13T00:00:00+00:00, run_after=2022-06-14T00:00:00+00:00
[2022-06-14 18:45:14,191] {processor.py:161} INFO - Processing /usr/local/lib/python3.10/dist-packages/airflow/example_dags/example_branch_datetime_operator.py took 0.064 seconds
[2022-06-14 18:45:52,064] {processor.py:153} INFO - Started process (PID=7872) to work on /usr/local/lib/python3.10/dist-packages/airflow/example_dags/example_branch_datetime_operator.py
[2022-06-14 18:45:52,065] {processor.py:641} INFO - Processing file /usr/local/lib/python3.10/dist-packages/airflow/example_dags/example_branch_datetime_operator.py for tasks to queue
[2022-06-14 18:45:52,065] {logging_mixin.py:115} INFO - [2022-06-14 18:45:52,065] {dagbag.py:507} INFO - Filling up the DagBag from /usr/local/lib/python3.10/dist-packages/airflow/example_dags/example_branch_datetime_operator.py
[2022-06-14 18:45:52,072] {processor.py:651} INFO - DAG(s) dict_keys(['example_branch_datetime_operator_2']) retrieved from /usr/local/lib/python3.10/dist-packages/airflow/example_dags/example_branch_datetime_operator.py
[2022-06-14 18:45:52,088] {logging_mixin.py:115} INFO - [2022-06-14 18:45:52,088] {dag.py:2371} INFO - Sync 1 DAGs
[2022-06-14 18:45:52,107] {logging_mixin.py:115} INFO - [2022-06-14 18:45:52,107] {dag.py:2915} INFO - Setting next_dagrun for example_branch_datetime_operator_2 to 2022-06-13T00:00:00+00:00, run_after=2022-06-14T00:00:00+00:00
[2022-06-14 18:45:52,125] {processor.py:161} INFO - Processing /usr/local/lib/python3.10/dist-packages/airflow/example_dags/example_branch_datetime_operator.py took 0.063 seconds
[2022-06-14 18:46:35,578] {processor.py:153} INFO - Started process (PID=7983) to work on /usr/local/lib/python3.10/dist-packages/airflow/example_dags/example_branch_datetime_operator.py
[2022-06-14 18:46:35,579] {processor.py:641} INFO - Processing file /usr/local/lib/python3.10/dist-packages/airflow/example_dags/example_branch_datetime_operator.py for tasks to queue
[2022-06-14 18:46:35,579] {logging_mixin.py:115} INFO - [2022-06-14 18:46:35,579] {dagbag.py:507} INFO - Filling up the DagBag from /usr/local/lib/python3.10/dist-packages/airflow/example_dags/example_branch_datetime_operator.py
[2022-06-14 18:46:35,586] {processor.py:651} INFO - DAG(s) dict_keys(['example_branch_datetime_operator_2']) retrieved from /usr/local/lib/python3.10/dist-packages/airflow/example_dags/example_branch_datetime_operator.py
[2022-06-14 18:46:35,601] {logging_mixin.py:115} INFO - [2022-06-14 18:46:35,601] {dag.py:2371} INFO - Sync 1 DAGs
[2022-06-14 18:46:35,620] {logging_mixin.py:115} INFO - [2022-06-14 18:46:35,620] {dag.py:2915} INFO - Setting next_dagrun for example_branch_datetime_operator_2 to 2022-06-13T00:00:00+00:00, run_after=2022-06-14T00:00:00+00:00
[2022-06-14 18:46:35,638] {processor.py:161} INFO - Processing /usr/local/lib/python3.10/dist-packages/airflow/example_dags/example_branch_datetime_operator.py took 0.063 seconds
[2022-06-14 18:47:15,679] {processor.py:153} INFO - Started process (PID=8043) to work on /usr/local/lib/python3.10/dist-packages/airflow/example_dags/example_branch_datetime_operator.py
[2022-06-14 18:47:15,680] {processor.py:641} INFO - Processing file /usr/local/lib/python3.10/dist-packages/airflow/example_dags/example_branch_datetime_operator.py for tasks to queue
[2022-06-14 18:47:15,681] {logging_mixin.py:115} INFO - [2022-06-14 18:47:15,680] {dagbag.py:507} INFO - Filling up the DagBag from /usr/local/lib/python3.10/dist-packages/airflow/example_dags/example_branch_datetime_operator.py
[2022-06-14 18:47:15,688] {processor.py:651} INFO - DAG(s) dict_keys(['example_branch_datetime_operator_2']) retrieved from /usr/local/lib/python3.10/dist-packages/airflow/example_dags/example_branch_datetime_operator.py
[2022-06-14 18:47:15,702] {logging_mixin.py:115} INFO - [2022-06-14 18:47:15,702] {dag.py:2371} INFO - Sync 1 DAGs
[2022-06-14 18:47:15,721] {logging_mixin.py:115} INFO - [2022-06-14 18:47:15,721] {dag.py:2915} INFO - Setting next_dagrun for example_branch_datetime_operator_2 to 2022-06-13T00:00:00+00:00, run_after=2022-06-14T00:00:00+00:00
[2022-06-14 18:47:15,740] {processor.py:161} INFO - Processing /usr/local/lib/python3.10/dist-packages/airflow/example_dags/example_branch_datetime_operator.py took 0.063 seconds
[2022-06-14 18:47:57,222] {processor.py:153} INFO - Started process (PID=8118) to work on /usr/local/lib/python3.10/dist-packages/airflow/example_dags/example_branch_datetime_operator.py
[2022-06-14 18:47:57,223] {processor.py:641} INFO - Processing file /usr/local/lib/python3.10/dist-packages/airflow/example_dags/example_branch_datetime_operator.py for tasks to queue
[2022-06-14 18:47:57,224] {logging_mixin.py:115} INFO - [2022-06-14 18:47:57,224] {dagbag.py:507} INFO - Filling up the DagBag from /usr/local/lib/python3.10/dist-packages/airflow/example_dags/example_branch_datetime_operator.py
[2022-06-14 18:47:57,232] {processor.py:651} INFO - DAG(s) dict_keys(['example_branch_datetime_operator_2']) retrieved from /usr/local/lib/python3.10/dist-packages/airflow/example_dags/example_branch_datetime_operator.py
[2022-06-14 18:47:57,245] {logging_mixin.py:115} INFO - [2022-06-14 18:47:57,245] {dag.py:2371} INFO - Sync 1 DAGs
[2022-06-14 18:47:57,264] {logging_mixin.py:115} INFO - [2022-06-14 18:47:57,264] {dag.py:2915} INFO - Setting next_dagrun for example_branch_datetime_operator_2 to 2022-06-13T00:00:00+00:00, run_after=2022-06-14T00:00:00+00:00
[2022-06-14 18:47:57,282] {processor.py:161} INFO - Processing /usr/local/lib/python3.10/dist-packages/airflow/example_dags/example_branch_datetime_operator.py took 0.063 seconds
[2022-06-14 18:48:38,172] {processor.py:153} INFO - Started process (PID=8177) to work on /usr/local/lib/python3.10/dist-packages/airflow/example_dags/example_branch_datetime_operator.py
[2022-06-14 18:48:38,172] {processor.py:641} INFO - Processing file /usr/local/lib/python3.10/dist-packages/airflow/example_dags/example_branch_datetime_operator.py for tasks to queue
[2022-06-14 18:48:38,173] {logging_mixin.py:115} INFO - [2022-06-14 18:48:38,173] {dagbag.py:507} INFO - Filling up the DagBag from /usr/local/lib/python3.10/dist-packages/airflow/example_dags/example_branch_datetime_operator.py
[2022-06-14 18:48:38,182] {processor.py:651} INFO - DAG(s) dict_keys(['example_branch_datetime_operator_2']) retrieved from /usr/local/lib/python3.10/dist-packages/airflow/example_dags/example_branch_datetime_operator.py
[2022-06-14 18:48:38,197] {logging_mixin.py:115} INFO - [2022-06-14 18:48:38,197] {dag.py:2371} INFO - Sync 1 DAGs
[2022-06-14 18:48:38,217] {logging_mixin.py:115} INFO - [2022-06-14 18:48:38,216] {dag.py:2915} INFO - Setting next_dagrun for example_branch_datetime_operator_2 to 2022-06-13T00:00:00+00:00, run_after=2022-06-14T00:00:00+00:00
[2022-06-14 18:48:38,235] {processor.py:161} INFO - Processing /usr/local/lib/python3.10/dist-packages/airflow/example_dags/example_branch_datetime_operator.py took 0.066 seconds
[2022-06-14 18:49:21,735] {processor.py:153} INFO - Started process (PID=8264) to work on /usr/local/lib/python3.10/dist-packages/airflow/example_dags/example_branch_datetime_operator.py
[2022-06-14 18:49:21,735] {processor.py:641} INFO - Processing file /usr/local/lib/python3.10/dist-packages/airflow/example_dags/example_branch_datetime_operator.py for tasks to queue
[2022-06-14 18:49:21,736] {logging_mixin.py:115} INFO - [2022-06-14 18:49:21,736] {dagbag.py:507} INFO - Filling up the DagBag from /usr/local/lib/python3.10/dist-packages/airflow/example_dags/example_branch_datetime_operator.py
[2022-06-14 18:49:21,743] {processor.py:651} INFO - DAG(s) dict_keys(['example_branch_datetime_operator_2']) retrieved from /usr/local/lib/python3.10/dist-packages/airflow/example_dags/example_branch_datetime_operator.py
[2022-06-14 18:49:21,758] {logging_mixin.py:115} INFO - [2022-06-14 18:49:21,758] {dag.py:2371} INFO - Sync 1 DAGs
[2022-06-14 18:49:21,777] {logging_mixin.py:115} INFO - [2022-06-14 18:49:21,777] {dag.py:2915} INFO - Setting next_dagrun for example_branch_datetime_operator_2 to 2022-06-13T00:00:00+00:00, run_after=2022-06-14T00:00:00+00:00
[2022-06-14 18:49:21,795] {processor.py:161} INFO - Processing /usr/local/lib/python3.10/dist-packages/airflow/example_dags/example_branch_datetime_operator.py took 0.063 seconds
[2022-06-14 18:50:04,529] {processor.py:153} INFO - Started process (PID=8342) to work on /usr/local/lib/python3.10/dist-packages/airflow/example_dags/example_branch_datetime_operator.py
[2022-06-14 18:50:04,530] {processor.py:641} INFO - Processing file /usr/local/lib/python3.10/dist-packages/airflow/example_dags/example_branch_datetime_operator.py for tasks to queue
[2022-06-14 18:50:04,530] {logging_mixin.py:115} INFO - [2022-06-14 18:50:04,530] {dagbag.py:507} INFO - Filling up the DagBag from /usr/local/lib/python3.10/dist-packages/airflow/example_dags/example_branch_datetime_operator.py
[2022-06-14 18:50:04,538] {processor.py:651} INFO - DAG(s) dict_keys(['example_branch_datetime_operator_2']) retrieved from /usr/local/lib/python3.10/dist-packages/airflow/example_dags/example_branch_datetime_operator.py
[2022-06-14 18:50:04,552] {logging_mixin.py:115} INFO - [2022-06-14 18:50:04,552] {dag.py:2371} INFO - Sync 1 DAGs
[2022-06-14 18:50:04,572] {logging_mixin.py:115} INFO - [2022-06-14 18:50:04,572] {dag.py:2915} INFO - Setting next_dagrun for example_branch_datetime_operator_2 to 2022-06-13T00:00:00+00:00, run_after=2022-06-14T00:00:00+00:00
[2022-06-14 18:50:04,590] {processor.py:161} INFO - Processing /usr/local/lib/python3.10/dist-packages/airflow/example_dags/example_branch_datetime_operator.py took 0.064 seconds
[2022-06-14 18:50:47,316] {processor.py:153} INFO - Started process (PID=8428) to work on /usr/local/lib/python3.10/dist-packages/airflow/example_dags/example_branch_datetime_operator.py
[2022-06-14 18:50:47,317] {processor.py:641} INFO - Processing file /usr/local/lib/python3.10/dist-packages/airflow/example_dags/example_branch_datetime_operator.py for tasks to queue
[2022-06-14 18:50:47,318] {logging_mixin.py:115} INFO - [2022-06-14 18:50:47,318] {dagbag.py:507} INFO - Filling up the DagBag from /usr/local/lib/python3.10/dist-packages/airflow/example_dags/example_branch_datetime_operator.py
[2022-06-14 18:50:47,327] {processor.py:651} INFO - DAG(s) dict_keys(['example_branch_datetime_operator_2']) retrieved from /usr/local/lib/python3.10/dist-packages/airflow/example_dags/example_branch_datetime_operator.py
[2022-06-14 18:50:47,343] {logging_mixin.py:115} INFO - [2022-06-14 18:50:47,343] {dag.py:2371} INFO - Sync 1 DAGs
[2022-06-14 18:50:47,361] {logging_mixin.py:115} INFO - [2022-06-14 18:50:47,361] {dag.py:2915} INFO - Setting next_dagrun for example_branch_datetime_operator_2 to 2022-06-13T00:00:00+00:00, run_after=2022-06-14T00:00:00+00:00
[2022-06-14 18:50:47,380] {processor.py:161} INFO - Processing /usr/local/lib/python3.10/dist-packages/airflow/example_dags/example_branch_datetime_operator.py took 0.067 seconds
[2022-06-14 18:51:27,322] {processor.py:153} INFO - Started process (PID=8499) to work on /usr/local/lib/python3.10/dist-packages/airflow/example_dags/example_branch_datetime_operator.py
[2022-06-14 18:51:27,323] {processor.py:641} INFO - Processing file /usr/local/lib/python3.10/dist-packages/airflow/example_dags/example_branch_datetime_operator.py for tasks to queue
[2022-06-14 18:51:27,324] {logging_mixin.py:115} INFO - [2022-06-14 18:51:27,324] {dagbag.py:507} INFO - Filling up the DagBag from /usr/local/lib/python3.10/dist-packages/airflow/example_dags/example_branch_datetime_operator.py
[2022-06-14 18:51:27,333] {processor.py:651} INFO - DAG(s) dict_keys(['example_branch_datetime_operator_2']) retrieved from /usr/local/lib/python3.10/dist-packages/airflow/example_dags/example_branch_datetime_operator.py
[2022-06-14 18:51:27,348] {logging_mixin.py:115} INFO - [2022-06-14 18:51:27,348] {dag.py:2371} INFO - Sync 1 DAGs
[2022-06-14 18:51:27,365] {logging_mixin.py:115} INFO - [2022-06-14 18:51:27,365] {dag.py:2915} INFO - Setting next_dagrun for example_branch_datetime_operator_2 to 2022-06-13T00:00:00+00:00, run_after=2022-06-14T00:00:00+00:00
[2022-06-14 18:51:27,382] {processor.py:161} INFO - Processing /usr/local/lib/python3.10/dist-packages/airflow/example_dags/example_branch_datetime_operator.py took 0.063 seconds
[2022-06-14 18:52:10,021] {processor.py:153} INFO - Started process (PID=8559) to work on /usr/local/lib/python3.10/dist-packages/airflow/example_dags/example_branch_datetime_operator.py
[2022-06-14 18:52:10,022] {processor.py:641} INFO - Processing file /usr/local/lib/python3.10/dist-packages/airflow/example_dags/example_branch_datetime_operator.py for tasks to queue
[2022-06-14 18:52:10,022] {logging_mixin.py:115} INFO - [2022-06-14 18:52:10,022] {dagbag.py:507} INFO - Filling up the DagBag from /usr/local/lib/python3.10/dist-packages/airflow/example_dags/example_branch_datetime_operator.py
[2022-06-14 18:52:10,032] {processor.py:651} INFO - DAG(s) dict_keys(['example_branch_datetime_operator_2']) retrieved from /usr/local/lib/python3.10/dist-packages/airflow/example_dags/example_branch_datetime_operator.py
[2022-06-14 18:52:10,047] {logging_mixin.py:115} INFO - [2022-06-14 18:52:10,047] {dag.py:2371} INFO - Sync 1 DAGs
[2022-06-14 18:52:10,065] {logging_mixin.py:115} INFO - [2022-06-14 18:52:10,065] {dag.py:2915} INFO - Setting next_dagrun for example_branch_datetime_operator_2 to 2022-06-13T00:00:00+00:00, run_after=2022-06-14T00:00:00+00:00
[2022-06-14 18:52:10,082] {processor.py:161} INFO - Processing /usr/local/lib/python3.10/dist-packages/airflow/example_dags/example_branch_datetime_operator.py took 0.064 seconds
[2022-06-14 18:52:47,041] {processor.py:153} INFO - Started process (PID=8624) to work on /usr/local/lib/python3.10/dist-packages/airflow/example_dags/example_branch_datetime_operator.py
[2022-06-14 18:52:47,042] {processor.py:641} INFO - Processing file /usr/local/lib/python3.10/dist-packages/airflow/example_dags/example_branch_datetime_operator.py for tasks to queue
[2022-06-14 18:52:47,042] {logging_mixin.py:115} INFO - [2022-06-14 18:52:47,042] {dagbag.py:507} INFO - Filling up the DagBag from /usr/local/lib/python3.10/dist-packages/airflow/example_dags/example_branch_datetime_operator.py
[2022-06-14 18:52:47,051] {processor.py:651} INFO - DAG(s) dict_keys(['example_branch_datetime_operator_2']) retrieved from /usr/local/lib/python3.10/dist-packages/airflow/example_dags/example_branch_datetime_operator.py
[2022-06-14 18:52:47,066] {logging_mixin.py:115} INFO - [2022-06-14 18:52:47,066] {dag.py:2371} INFO - Sync 1 DAGs
[2022-06-14 18:52:47,083] {logging_mixin.py:115} INFO - [2022-06-14 18:52:47,083] {dag.py:2915} INFO - Setting next_dagrun for example_branch_datetime_operator_2 to 2022-06-13T00:00:00+00:00, run_after=2022-06-14T00:00:00+00:00
[2022-06-14 18:52:47,100] {processor.py:161} INFO - Processing /usr/local/lib/python3.10/dist-packages/airflow/example_dags/example_branch_datetime_operator.py took 0.062 seconds
[2022-06-14 18:53:31,097] {processor.py:153} INFO - Started process (PID=8711) to work on /usr/local/lib/python3.10/dist-packages/airflow/example_dags/example_branch_datetime_operator.py
[2022-06-14 18:53:31,098] {processor.py:641} INFO - Processing file /usr/local/lib/python3.10/dist-packages/airflow/example_dags/example_branch_datetime_operator.py for tasks to queue
[2022-06-14 18:53:31,099] {logging_mixin.py:115} INFO - [2022-06-14 18:53:31,098] {dagbag.py:507} INFO - Filling up the DagBag from /usr/local/lib/python3.10/dist-packages/airflow/example_dags/example_branch_datetime_operator.py
[2022-06-14 18:53:31,107] {processor.py:651} INFO - DAG(s) dict_keys(['example_branch_datetime_operator_2']) retrieved from /usr/local/lib/python3.10/dist-packages/airflow/example_dags/example_branch_datetime_operator.py
[2022-06-14 18:53:31,123] {logging_mixin.py:115} INFO - [2022-06-14 18:53:31,122] {dag.py:2371} INFO - Sync 1 DAGs
[2022-06-14 18:53:31,140] {logging_mixin.py:115} INFO - [2022-06-14 18:53:31,140] {dag.py:2915} INFO - Setting next_dagrun for example_branch_datetime_operator_2 to 2022-06-13T00:00:00+00:00, run_after=2022-06-14T00:00:00+00:00
[2022-06-14 18:53:31,158] {processor.py:161} INFO - Processing /usr/local/lib/python3.10/dist-packages/airflow/example_dags/example_branch_datetime_operator.py took 0.063 seconds
[2022-06-14 18:54:10,060] {processor.py:153} INFO - Started process (PID=8770) to work on /usr/local/lib/python3.10/dist-packages/airflow/example_dags/example_branch_datetime_operator.py
[2022-06-14 18:54:10,061] {processor.py:641} INFO - Processing file /usr/local/lib/python3.10/dist-packages/airflow/example_dags/example_branch_datetime_operator.py for tasks to queue
[2022-06-14 18:54:10,061] {logging_mixin.py:115} INFO - [2022-06-14 18:54:10,061] {dagbag.py:507} INFO - Filling up the DagBag from /usr/local/lib/python3.10/dist-packages/airflow/example_dags/example_branch_datetime_operator.py
[2022-06-14 18:54:10,070] {processor.py:651} INFO - DAG(s) dict_keys(['example_branch_datetime_operator_2']) retrieved from /usr/local/lib/python3.10/dist-packages/airflow/example_dags/example_branch_datetime_operator.py
[2022-06-14 18:54:10,085] {logging_mixin.py:115} INFO - [2022-06-14 18:54:10,085] {dag.py:2371} INFO - Sync 1 DAGs
[2022-06-14 18:54:10,103] {logging_mixin.py:115} INFO - [2022-06-14 18:54:10,103] {dag.py:2915} INFO - Setting next_dagrun for example_branch_datetime_operator_2 to 2022-06-13T00:00:00+00:00, run_after=2022-06-14T00:00:00+00:00
[2022-06-14 18:54:10,120] {processor.py:161} INFO - Processing /usr/local/lib/python3.10/dist-packages/airflow/example_dags/example_branch_datetime_operator.py took 0.063 seconds
[2022-06-14 18:54:48,613] {processor.py:153} INFO - Started process (PID=8822) to work on /usr/local/lib/python3.10/dist-packages/airflow/example_dags/example_branch_datetime_operator.py
[2022-06-14 18:54:48,613] {processor.py:641} INFO - Processing file /usr/local/lib/python3.10/dist-packages/airflow/example_dags/example_branch_datetime_operator.py for tasks to queue
[2022-06-14 18:54:48,614] {logging_mixin.py:115} INFO - [2022-06-14 18:54:48,614] {dagbag.py:507} INFO - Filling up the DagBag from /usr/local/lib/python3.10/dist-packages/airflow/example_dags/example_branch_datetime_operator.py
[2022-06-14 18:54:48,623] {processor.py:651} INFO - DAG(s) dict_keys(['example_branch_datetime_operator_2']) retrieved from /usr/local/lib/python3.10/dist-packages/airflow/example_dags/example_branch_datetime_operator.py
[2022-06-14 18:54:48,639] {logging_mixin.py:115} INFO - [2022-06-14 18:54:48,639] {dag.py:2371} INFO - Sync 1 DAGs
[2022-06-14 18:54:48,659] {logging_mixin.py:115} INFO - [2022-06-14 18:54:48,659] {dag.py:2915} INFO - Setting next_dagrun for example_branch_datetime_operator_2 to 2022-06-13T00:00:00+00:00, run_after=2022-06-14T00:00:00+00:00
[2022-06-14 18:54:48,676] {processor.py:161} INFO - Processing /usr/local/lib/python3.10/dist-packages/airflow/example_dags/example_branch_datetime_operator.py took 0.067 seconds
[2022-06-14 18:55:28,849] {processor.py:153} INFO - Started process (PID=8874) to work on /usr/local/lib/python3.10/dist-packages/airflow/example_dags/example_branch_datetime_operator.py
[2022-06-14 18:55:28,850] {processor.py:641} INFO - Processing file /usr/local/lib/python3.10/dist-packages/airflow/example_dags/example_branch_datetime_operator.py for tasks to queue
[2022-06-14 18:55:28,850] {logging_mixin.py:115} INFO - [2022-06-14 18:55:28,850] {dagbag.py:507} INFO - Filling up the DagBag from /usr/local/lib/python3.10/dist-packages/airflow/example_dags/example_branch_datetime_operator.py
[2022-06-14 18:55:28,859] {processor.py:651} INFO - DAG(s) dict_keys(['example_branch_datetime_operator_2']) retrieved from /usr/local/lib/python3.10/dist-packages/airflow/example_dags/example_branch_datetime_operator.py
[2022-06-14 18:55:28,875] {logging_mixin.py:115} INFO - [2022-06-14 18:55:28,875] {dag.py:2371} INFO - Sync 1 DAGs
[2022-06-14 18:55:28,894] {logging_mixin.py:115} INFO - [2022-06-14 18:55:28,894] {dag.py:2915} INFO - Setting next_dagrun for example_branch_datetime_operator_2 to 2022-06-13T00:00:00+00:00, run_after=2022-06-14T00:00:00+00:00
[2022-06-14 18:55:28,912] {processor.py:161} INFO - Processing /usr/local/lib/python3.10/dist-packages/airflow/example_dags/example_branch_datetime_operator.py took 0.066 seconds
[2022-06-14 18:56:10,606] {processor.py:153} INFO - Started process (PID=8928) to work on /usr/local/lib/python3.10/dist-packages/airflow/example_dags/example_branch_datetime_operator.py
[2022-06-14 18:56:10,607] {processor.py:641} INFO - Processing file /usr/local/lib/python3.10/dist-packages/airflow/example_dags/example_branch_datetime_operator.py for tasks to queue
[2022-06-14 18:56:10,607] {logging_mixin.py:115} INFO - [2022-06-14 18:56:10,607] {dagbag.py:507} INFO - Filling up the DagBag from /usr/local/lib/python3.10/dist-packages/airflow/example_dags/example_branch_datetime_operator.py
[2022-06-14 18:56:10,616] {processor.py:651} INFO - DAG(s) dict_keys(['example_branch_datetime_operator_2']) retrieved from /usr/local/lib/python3.10/dist-packages/airflow/example_dags/example_branch_datetime_operator.py
[2022-06-14 18:56:10,630] {logging_mixin.py:115} INFO - [2022-06-14 18:56:10,630] {dag.py:2371} INFO - Sync 1 DAGs
[2022-06-14 18:56:10,648] {logging_mixin.py:115} INFO - [2022-06-14 18:56:10,647] {dag.py:2915} INFO - Setting next_dagrun for example_branch_datetime_operator_2 to 2022-06-13T00:00:00+00:00, run_after=2022-06-14T00:00:00+00:00
[2022-06-14 18:56:10,665] {processor.py:161} INFO - Processing /usr/local/lib/python3.10/dist-packages/airflow/example_dags/example_branch_datetime_operator.py took 0.062 seconds
[2022-06-14 18:56:52,521] {processor.py:153} INFO - Started process (PID=8987) to work on /usr/local/lib/python3.10/dist-packages/airflow/example_dags/example_branch_datetime_operator.py
[2022-06-14 18:56:52,522] {processor.py:641} INFO - Processing file /usr/local/lib/python3.10/dist-packages/airflow/example_dags/example_branch_datetime_operator.py for tasks to queue
[2022-06-14 18:56:52,522] {logging_mixin.py:115} INFO - [2022-06-14 18:56:52,522] {dagbag.py:507} INFO - Filling up the DagBag from /usr/local/lib/python3.10/dist-packages/airflow/example_dags/example_branch_datetime_operator.py
[2022-06-14 18:56:52,531] {processor.py:651} INFO - DAG(s) dict_keys(['example_branch_datetime_operator_2']) retrieved from /usr/local/lib/python3.10/dist-packages/airflow/example_dags/example_branch_datetime_operator.py
[2022-06-14 18:56:52,547] {logging_mixin.py:115} INFO - [2022-06-14 18:56:52,547] {dag.py:2371} INFO - Sync 1 DAGs
[2022-06-14 18:56:52,573] {logging_mixin.py:115} INFO - [2022-06-14 18:56:52,573] {dag.py:2915} INFO - Setting next_dagrun for example_branch_datetime_operator_2 to 2022-06-13T00:00:00+00:00, run_after=2022-06-14T00:00:00+00:00
[2022-06-14 18:56:52,591] {processor.py:161} INFO - Processing /usr/local/lib/python3.10/dist-packages/airflow/example_dags/example_branch_datetime_operator.py took 0.073 seconds
[2022-06-14 18:57:31,028] {processor.py:153} INFO - Started process (PID=9043) to work on /usr/local/lib/python3.10/dist-packages/airflow/example_dags/example_branch_datetime_operator.py
[2022-06-14 18:57:31,029] {processor.py:641} INFO - Processing file /usr/local/lib/python3.10/dist-packages/airflow/example_dags/example_branch_datetime_operator.py for tasks to queue
[2022-06-14 18:57:31,029] {logging_mixin.py:115} INFO - [2022-06-14 18:57:31,029] {dagbag.py:507} INFO - Filling up the DagBag from /usr/local/lib/python3.10/dist-packages/airflow/example_dags/example_branch_datetime_operator.py
[2022-06-14 18:57:31,038] {processor.py:651} INFO - DAG(s) dict_keys(['example_branch_datetime_operator_2']) retrieved from /usr/local/lib/python3.10/dist-packages/airflow/example_dags/example_branch_datetime_operator.py
[2022-06-14 18:57:31,057] {logging_mixin.py:115} INFO - [2022-06-14 18:57:31,057] {dag.py:2371} INFO - Sync 1 DAGs
[2022-06-14 18:57:31,075] {logging_mixin.py:115} INFO - [2022-06-14 18:57:31,075] {dag.py:2915} INFO - Setting next_dagrun for example_branch_datetime_operator_2 to 2022-06-13T00:00:00+00:00, run_after=2022-06-14T00:00:00+00:00
[2022-06-14 18:57:31,093] {processor.py:161} INFO - Processing /usr/local/lib/python3.10/dist-packages/airflow/example_dags/example_branch_datetime_operator.py took 0.068 seconds
[2022-06-14 18:58:12,427] {processor.py:153} INFO - Started process (PID=9121) to work on /usr/local/lib/python3.10/dist-packages/airflow/example_dags/example_branch_datetime_operator.py
[2022-06-14 18:58:12,427] {processor.py:641} INFO - Processing file /usr/local/lib/python3.10/dist-packages/airflow/example_dags/example_branch_datetime_operator.py for tasks to queue
[2022-06-14 18:58:12,428] {logging_mixin.py:115} INFO - [2022-06-14 18:58:12,428] {dagbag.py:507} INFO - Filling up the DagBag from /usr/local/lib/python3.10/dist-packages/airflow/example_dags/example_branch_datetime_operator.py
[2022-06-14 18:58:12,435] {processor.py:651} INFO - DAG(s) dict_keys(['example_branch_datetime_operator_2']) retrieved from /usr/local/lib/python3.10/dist-packages/airflow/example_dags/example_branch_datetime_operator.py
[2022-06-14 18:58:12,449] {logging_mixin.py:115} INFO - [2022-06-14 18:58:12,449] {dag.py:2371} INFO - Sync 1 DAGs
[2022-06-14 18:58:12,467] {logging_mixin.py:115} INFO - [2022-06-14 18:58:12,467] {dag.py:2915} INFO - Setting next_dagrun for example_branch_datetime_operator_2 to 2022-06-13T00:00:00+00:00, run_after=2022-06-14T00:00:00+00:00
[2022-06-14 18:58:12,486] {processor.py:161} INFO - Processing /usr/local/lib/python3.10/dist-packages/airflow/example_dags/example_branch_datetime_operator.py took 0.062 seconds
[2022-06-14 18:58:50,440] {processor.py:153} INFO - Started process (PID=9176) to work on /usr/local/lib/python3.10/dist-packages/airflow/example_dags/example_branch_datetime_operator.py
[2022-06-14 18:58:50,441] {processor.py:641} INFO - Processing file /usr/local/lib/python3.10/dist-packages/airflow/example_dags/example_branch_datetime_operator.py for tasks to queue
[2022-06-14 18:58:50,441] {logging_mixin.py:115} INFO - [2022-06-14 18:58:50,441] {dagbag.py:507} INFO - Filling up the DagBag from /usr/local/lib/python3.10/dist-packages/airflow/example_dags/example_branch_datetime_operator.py
[2022-06-14 18:58:50,448] {processor.py:651} INFO - DAG(s) dict_keys(['example_branch_datetime_operator_2']) retrieved from /usr/local/lib/python3.10/dist-packages/airflow/example_dags/example_branch_datetime_operator.py
[2022-06-14 18:58:50,464] {logging_mixin.py:115} INFO - [2022-06-14 18:58:50,463] {dag.py:2371} INFO - Sync 1 DAGs
[2022-06-14 18:58:50,483] {logging_mixin.py:115} INFO - [2022-06-14 18:58:50,483] {dag.py:2915} INFO - Setting next_dagrun for example_branch_datetime_operator_2 to 2022-06-13T00:00:00+00:00, run_after=2022-06-14T00:00:00+00:00
[2022-06-14 18:58:50,500] {processor.py:161} INFO - Processing /usr/local/lib/python3.10/dist-packages/airflow/example_dags/example_branch_datetime_operator.py took 0.063 seconds
[2022-06-14 18:59:32,485] {processor.py:153} INFO - Started process (PID=9237) to work on /usr/local/lib/python3.10/dist-packages/airflow/example_dags/example_branch_datetime_operator.py
[2022-06-14 18:59:32,485] {processor.py:641} INFO - Processing file /usr/local/lib/python3.10/dist-packages/airflow/example_dags/example_branch_datetime_operator.py for tasks to queue
[2022-06-14 18:59:32,486] {logging_mixin.py:115} INFO - [2022-06-14 18:59:32,486] {dagbag.py:507} INFO - Filling up the DagBag from /usr/local/lib/python3.10/dist-packages/airflow/example_dags/example_branch_datetime_operator.py
[2022-06-14 18:59:32,493] {processor.py:651} INFO - DAG(s) dict_keys(['example_branch_datetime_operator_2']) retrieved from /usr/local/lib/python3.10/dist-packages/airflow/example_dags/example_branch_datetime_operator.py
[2022-06-14 18:59:32,509] {logging_mixin.py:115} INFO - [2022-06-14 18:59:32,509] {dag.py:2371} INFO - Sync 1 DAGs
[2022-06-14 18:59:32,528] {logging_mixin.py:115} INFO - [2022-06-14 18:59:32,528] {dag.py:2915} INFO - Setting next_dagrun for example_branch_datetime_operator_2 to 2022-06-13T00:00:00+00:00, run_after=2022-06-14T00:00:00+00:00
[2022-06-14 18:59:32,547] {processor.py:161} INFO - Processing /usr/local/lib/python3.10/dist-packages/airflow/example_dags/example_branch_datetime_operator.py took 0.065 seconds
[2022-06-14 19:00:14,909] {processor.py:153} INFO - Started process (PID=9316) to work on /usr/local/lib/python3.10/dist-packages/airflow/example_dags/example_branch_datetime_operator.py
[2022-06-14 19:00:14,910] {processor.py:641} INFO - Processing file /usr/local/lib/python3.10/dist-packages/airflow/example_dags/example_branch_datetime_operator.py for tasks to queue
[2022-06-14 19:00:14,910] {logging_mixin.py:115} INFO - [2022-06-14 19:00:14,910] {dagbag.py:507} INFO - Filling up the DagBag from /usr/local/lib/python3.10/dist-packages/airflow/example_dags/example_branch_datetime_operator.py
[2022-06-14 19:00:14,917] {processor.py:651} INFO - DAG(s) dict_keys(['example_branch_datetime_operator_2']) retrieved from /usr/local/lib/python3.10/dist-packages/airflow/example_dags/example_branch_datetime_operator.py
[2022-06-14 19:00:14,932] {logging_mixin.py:115} INFO - [2022-06-14 19:00:14,932] {dag.py:2371} INFO - Sync 1 DAGs
[2022-06-14 19:00:14,951] {logging_mixin.py:115} INFO - [2022-06-14 19:00:14,951] {dag.py:2915} INFO - Setting next_dagrun for example_branch_datetime_operator_2 to 2022-06-13T00:00:00+00:00, run_after=2022-06-14T00:00:00+00:00
[2022-06-14 19:00:14,969] {processor.py:161} INFO - Processing /usr/local/lib/python3.10/dist-packages/airflow/example_dags/example_branch_datetime_operator.py took 0.063 seconds
[2022-06-14 19:00:58,781] {processor.py:153} INFO - Started process (PID=9377) to work on /usr/local/lib/python3.10/dist-packages/airflow/example_dags/example_branch_datetime_operator.py
[2022-06-14 19:00:58,781] {processor.py:641} INFO - Processing file /usr/local/lib/python3.10/dist-packages/airflow/example_dags/example_branch_datetime_operator.py for tasks to queue
[2022-06-14 19:00:58,782] {logging_mixin.py:115} INFO - [2022-06-14 19:00:58,782] {dagbag.py:507} INFO - Filling up the DagBag from /usr/local/lib/python3.10/dist-packages/airflow/example_dags/example_branch_datetime_operator.py
[2022-06-14 19:00:58,789] {processor.py:651} INFO - DAG(s) dict_keys(['example_branch_datetime_operator_2']) retrieved from /usr/local/lib/python3.10/dist-packages/airflow/example_dags/example_branch_datetime_operator.py
[2022-06-14 19:00:58,805] {logging_mixin.py:115} INFO - [2022-06-14 19:00:58,805] {dag.py:2371} INFO - Sync 1 DAGs
[2022-06-14 19:00:58,824] {logging_mixin.py:115} INFO - [2022-06-14 19:00:58,824] {dag.py:2915} INFO - Setting next_dagrun for example_branch_datetime_operator_2 to 2022-06-13T00:00:00+00:00, run_after=2022-06-14T00:00:00+00:00
[2022-06-14 19:00:58,843] {processor.py:161} INFO - Processing /usr/local/lib/python3.10/dist-packages/airflow/example_dags/example_branch_datetime_operator.py took 0.065 seconds
[2022-06-14 19:01:37,329] {processor.py:153} INFO - Started process (PID=9430) to work on /usr/local/lib/python3.10/dist-packages/airflow/example_dags/example_branch_datetime_operator.py
[2022-06-14 19:01:37,330] {processor.py:641} INFO - Processing file /usr/local/lib/python3.10/dist-packages/airflow/example_dags/example_branch_datetime_operator.py for tasks to queue
[2022-06-14 19:01:37,330] {logging_mixin.py:115} INFO - [2022-06-14 19:01:37,330] {dagbag.py:507} INFO - Filling up the DagBag from /usr/local/lib/python3.10/dist-packages/airflow/example_dags/example_branch_datetime_operator.py
[2022-06-14 19:01:37,338] {processor.py:651} INFO - DAG(s) dict_keys(['example_branch_datetime_operator_2']) retrieved from /usr/local/lib/python3.10/dist-packages/airflow/example_dags/example_branch_datetime_operator.py
[2022-06-14 19:01:37,352] {logging_mixin.py:115} INFO - [2022-06-14 19:01:37,352] {dag.py:2371} INFO - Sync 1 DAGs
[2022-06-14 19:01:37,371] {logging_mixin.py:115} INFO - [2022-06-14 19:01:37,371] {dag.py:2915} INFO - Setting next_dagrun for example_branch_datetime_operator_2 to 2022-06-13T00:00:00+00:00, run_after=2022-06-14T00:00:00+00:00
[2022-06-14 19:01:37,388] {processor.py:161} INFO - Processing /usr/local/lib/python3.10/dist-packages/airflow/example_dags/example_branch_datetime_operator.py took 0.062 seconds
[2022-06-14 19:02:17,386] {processor.py:153} INFO - Started process (PID=9486) to work on /usr/local/lib/python3.10/dist-packages/airflow/example_dags/example_branch_datetime_operator.py
[2022-06-14 19:02:17,387] {processor.py:641} INFO - Processing file /usr/local/lib/python3.10/dist-packages/airflow/example_dags/example_branch_datetime_operator.py for tasks to queue
[2022-06-14 19:02:17,387] {logging_mixin.py:115} INFO - [2022-06-14 19:02:17,387] {dagbag.py:507} INFO - Filling up the DagBag from /usr/local/lib/python3.10/dist-packages/airflow/example_dags/example_branch_datetime_operator.py
[2022-06-14 19:02:17,394] {processor.py:651} INFO - DAG(s) dict_keys(['example_branch_datetime_operator_2']) retrieved from /usr/local/lib/python3.10/dist-packages/airflow/example_dags/example_branch_datetime_operator.py
[2022-06-14 19:02:17,409] {logging_mixin.py:115} INFO - [2022-06-14 19:02:17,409] {dag.py:2371} INFO - Sync 1 DAGs
[2022-06-14 19:02:17,428] {logging_mixin.py:115} INFO - [2022-06-14 19:02:17,428] {dag.py:2915} INFO - Setting next_dagrun for example_branch_datetime_operator_2 to 2022-06-13T00:00:00+00:00, run_after=2022-06-14T00:00:00+00:00
[2022-06-14 19:02:17,446] {processor.py:161} INFO - Processing /usr/local/lib/python3.10/dist-packages/airflow/example_dags/example_branch_datetime_operator.py took 0.063 seconds
[2022-06-14 19:02:54,636] {processor.py:153} INFO - Started process (PID=9551) to work on /usr/local/lib/python3.10/dist-packages/airflow/example_dags/example_branch_datetime_operator.py
[2022-06-14 19:02:54,636] {processor.py:641} INFO - Processing file /usr/local/lib/python3.10/dist-packages/airflow/example_dags/example_branch_datetime_operator.py for tasks to queue
[2022-06-14 19:02:54,637] {logging_mixin.py:115} INFO - [2022-06-14 19:02:54,637] {dagbag.py:507} INFO - Filling up the DagBag from /usr/local/lib/python3.10/dist-packages/airflow/example_dags/example_branch_datetime_operator.py
[2022-06-14 19:02:54,646] {processor.py:651} INFO - DAG(s) dict_keys(['example_branch_datetime_operator_2']) retrieved from /usr/local/lib/python3.10/dist-packages/airflow/example_dags/example_branch_datetime_operator.py
[2022-06-14 19:02:54,662] {logging_mixin.py:115} INFO - [2022-06-14 19:02:54,662] {dag.py:2371} INFO - Sync 1 DAGs
[2022-06-14 19:02:54,680] {logging_mixin.py:115} INFO - [2022-06-14 19:02:54,679] {dag.py:2915} INFO - Setting next_dagrun for example_branch_datetime_operator_2 to 2022-06-13T00:00:00+00:00, run_after=2022-06-14T00:00:00+00:00
[2022-06-14 19:02:54,697] {processor.py:161} INFO - Processing /usr/local/lib/python3.10/dist-packages/airflow/example_dags/example_branch_datetime_operator.py took 0.064 seconds
[2022-06-14 19:03:33,949] {processor.py:153} INFO - Started process (PID=9624) to work on /usr/local/lib/python3.10/dist-packages/airflow/example_dags/example_branch_datetime_operator.py
[2022-06-14 19:03:33,950] {processor.py:641} INFO - Processing file /usr/local/lib/python3.10/dist-packages/airflow/example_dags/example_branch_datetime_operator.py for tasks to queue
[2022-06-14 19:03:33,950] {logging_mixin.py:115} INFO - [2022-06-14 19:03:33,950] {dagbag.py:507} INFO - Filling up the DagBag from /usr/local/lib/python3.10/dist-packages/airflow/example_dags/example_branch_datetime_operator.py
[2022-06-14 19:03:33,958] {processor.py:651} INFO - DAG(s) dict_keys(['example_branch_datetime_operator_2']) retrieved from /usr/local/lib/python3.10/dist-packages/airflow/example_dags/example_branch_datetime_operator.py
[2022-06-14 19:03:33,972] {logging_mixin.py:115} INFO - [2022-06-14 19:03:33,972] {dag.py:2371} INFO - Sync 1 DAGs
[2022-06-14 19:03:33,990] {logging_mixin.py:115} INFO - [2022-06-14 19:03:33,990] {dag.py:2915} INFO - Setting next_dagrun for example_branch_datetime_operator_2 to 2022-06-13T00:00:00+00:00, run_after=2022-06-14T00:00:00+00:00
[2022-06-14 19:03:34,008] {processor.py:161} INFO - Processing /usr/local/lib/python3.10/dist-packages/airflow/example_dags/example_branch_datetime_operator.py took 0.062 seconds
[2022-06-14 19:04:15,949] {processor.py:153} INFO - Started process (PID=9686) to work on /usr/local/lib/python3.10/dist-packages/airflow/example_dags/example_branch_datetime_operator.py
[2022-06-14 19:04:15,950] {processor.py:641} INFO - Processing file /usr/local/lib/python3.10/dist-packages/airflow/example_dags/example_branch_datetime_operator.py for tasks to queue
[2022-06-14 19:04:15,950] {logging_mixin.py:115} INFO - [2022-06-14 19:04:15,950] {dagbag.py:507} INFO - Filling up the DagBag from /usr/local/lib/python3.10/dist-packages/airflow/example_dags/example_branch_datetime_operator.py
[2022-06-14 19:04:15,958] {processor.py:651} INFO - DAG(s) dict_keys(['example_branch_datetime_operator_2']) retrieved from /usr/local/lib/python3.10/dist-packages/airflow/example_dags/example_branch_datetime_operator.py
[2022-06-14 19:04:15,973] {logging_mixin.py:115} INFO - [2022-06-14 19:04:15,973] {dag.py:2371} INFO - Sync 1 DAGs
[2022-06-14 19:04:15,992] {logging_mixin.py:115} INFO - [2022-06-14 19:04:15,992] {dag.py:2915} INFO - Setting next_dagrun for example_branch_datetime_operator_2 to 2022-06-13T00:00:00+00:00, run_after=2022-06-14T00:00:00+00:00
[2022-06-14 19:04:16,010] {processor.py:161} INFO - Processing /usr/local/lib/python3.10/dist-packages/airflow/example_dags/example_branch_datetime_operator.py took 0.063 seconds
[2022-06-14 19:05:01,020] {processor.py:153} INFO - Started process (PID=9743) to work on /usr/local/lib/python3.10/dist-packages/airflow/example_dags/example_branch_datetime_operator.py
[2022-06-14 19:05:01,021] {processor.py:641} INFO - Processing file /usr/local/lib/python3.10/dist-packages/airflow/example_dags/example_branch_datetime_operator.py for tasks to queue
[2022-06-14 19:05:01,021] {logging_mixin.py:115} INFO - [2022-06-14 19:05:01,021] {dagbag.py:507} INFO - Filling up the DagBag from /usr/local/lib/python3.10/dist-packages/airflow/example_dags/example_branch_datetime_operator.py
[2022-06-14 19:05:01,029] {processor.py:651} INFO - DAG(s) dict_keys(['example_branch_datetime_operator_2']) retrieved from /usr/local/lib/python3.10/dist-packages/airflow/example_dags/example_branch_datetime_operator.py
[2022-06-14 19:05:01,043] {logging_mixin.py:115} INFO - [2022-06-14 19:05:01,043] {dag.py:2371} INFO - Sync 1 DAGs
[2022-06-14 19:05:01,061] {logging_mixin.py:115} INFO - [2022-06-14 19:05:01,061] {dag.py:2915} INFO - Setting next_dagrun for example_branch_datetime_operator_2 to 2022-06-13T00:00:00+00:00, run_after=2022-06-14T00:00:00+00:00
[2022-06-14 19:05:01,078] {processor.py:161} INFO - Processing /usr/local/lib/python3.10/dist-packages/airflow/example_dags/example_branch_datetime_operator.py took 0.060 seconds
[2022-06-14 19:05:41,870] {processor.py:153} INFO - Started process (PID=9805) to work on /usr/local/lib/python3.10/dist-packages/airflow/example_dags/example_branch_datetime_operator.py
[2022-06-14 19:05:41,871] {processor.py:641} INFO - Processing file /usr/local/lib/python3.10/dist-packages/airflow/example_dags/example_branch_datetime_operator.py for tasks to queue
[2022-06-14 19:05:41,871] {logging_mixin.py:115} INFO - [2022-06-14 19:05:41,871] {dagbag.py:507} INFO - Filling up the DagBag from /usr/local/lib/python3.10/dist-packages/airflow/example_dags/example_branch_datetime_operator.py
[2022-06-14 19:05:41,879] {processor.py:651} INFO - DAG(s) dict_keys(['example_branch_datetime_operator_2']) retrieved from /usr/local/lib/python3.10/dist-packages/airflow/example_dags/example_branch_datetime_operator.py
[2022-06-14 19:05:41,893] {logging_mixin.py:115} INFO - [2022-06-14 19:05:41,893] {dag.py:2371} INFO - Sync 1 DAGs
[2022-06-14 19:05:41,912] {logging_mixin.py:115} INFO - [2022-06-14 19:05:41,911] {dag.py:2915} INFO - Setting next_dagrun for example_branch_datetime_operator_2 to 2022-06-13T00:00:00+00:00, run_after=2022-06-14T00:00:00+00:00
[2022-06-14 19:05:41,929] {processor.py:161} INFO - Processing /usr/local/lib/python3.10/dist-packages/airflow/example_dags/example_branch_datetime_operator.py took 0.062 seconds
[2022-06-14 19:06:19,594] {processor.py:153} INFO - Started process (PID=9854) to work on /usr/local/lib/python3.10/dist-packages/airflow/example_dags/example_branch_datetime_operator.py
[2022-06-14 19:06:19,595] {processor.py:641} INFO - Processing file /usr/local/lib/python3.10/dist-packages/airflow/example_dags/example_branch_datetime_operator.py for tasks to queue
[2022-06-14 19:06:19,595] {logging_mixin.py:115} INFO - [2022-06-14 19:06:19,595] {dagbag.py:507} INFO - Filling up the DagBag from /usr/local/lib/python3.10/dist-packages/airflow/example_dags/example_branch_datetime_operator.py
[2022-06-14 19:06:19,604] {processor.py:651} INFO - DAG(s) dict_keys(['example_branch_datetime_operator_2']) retrieved from /usr/local/lib/python3.10/dist-packages/airflow/example_dags/example_branch_datetime_operator.py
[2022-06-14 19:06:19,625] {logging_mixin.py:115} INFO - [2022-06-14 19:06:19,625] {dag.py:2371} INFO - Sync 1 DAGs
[2022-06-14 19:06:19,643] {logging_mixin.py:115} INFO - [2022-06-14 19:06:19,643] {dag.py:2915} INFO - Setting next_dagrun for example_branch_datetime_operator_2 to 2022-06-13T00:00:00+00:00, run_after=2022-06-14T00:00:00+00:00
[2022-06-14 19:06:19,662] {processor.py:161} INFO - Processing /usr/local/lib/python3.10/dist-packages/airflow/example_dags/example_branch_datetime_operator.py took 0.071 seconds
[2022-06-14 19:06:56,856] {processor.py:153} INFO - Started process (PID=9910) to work on /usr/local/lib/python3.10/dist-packages/airflow/example_dags/example_branch_datetime_operator.py
[2022-06-14 19:06:56,857] {processor.py:641} INFO - Processing file /usr/local/lib/python3.10/dist-packages/airflow/example_dags/example_branch_datetime_operator.py for tasks to queue
[2022-06-14 19:06:56,857] {logging_mixin.py:115} INFO - [2022-06-14 19:06:56,857] {dagbag.py:507} INFO - Filling up the DagBag from /usr/local/lib/python3.10/dist-packages/airflow/example_dags/example_branch_datetime_operator.py
[2022-06-14 19:06:56,866] {processor.py:651} INFO - DAG(s) dict_keys(['example_branch_datetime_operator_2']) retrieved from /usr/local/lib/python3.10/dist-packages/airflow/example_dags/example_branch_datetime_operator.py
[2022-06-14 19:06:56,881] {logging_mixin.py:115} INFO - [2022-06-14 19:06:56,881] {dag.py:2371} INFO - Sync 1 DAGs
[2022-06-14 19:06:56,903] {logging_mixin.py:115} INFO - [2022-06-14 19:06:56,903] {dag.py:2915} INFO - Setting next_dagrun for example_branch_datetime_operator_2 to 2022-06-13T00:00:00+00:00, run_after=2022-06-14T00:00:00+00:00
[2022-06-14 19:06:56,921] {processor.py:161} INFO - Processing /usr/local/lib/python3.10/dist-packages/airflow/example_dags/example_branch_datetime_operator.py took 0.067 seconds
[2022-06-14 19:07:41,477] {processor.py:153} INFO - Started process (PID=9968) to work on /usr/local/lib/python3.10/dist-packages/airflow/example_dags/example_branch_datetime_operator.py
[2022-06-14 19:07:41,477] {processor.py:641} INFO - Processing file /usr/local/lib/python3.10/dist-packages/airflow/example_dags/example_branch_datetime_operator.py for tasks to queue
[2022-06-14 19:07:41,478] {logging_mixin.py:115} INFO - [2022-06-14 19:07:41,478] {dagbag.py:507} INFO - Filling up the DagBag from /usr/local/lib/python3.10/dist-packages/airflow/example_dags/example_branch_datetime_operator.py
[2022-06-14 19:07:41,486] {processor.py:651} INFO - DAG(s) dict_keys(['example_branch_datetime_operator_2']) retrieved from /usr/local/lib/python3.10/dist-packages/airflow/example_dags/example_branch_datetime_operator.py
[2022-06-14 19:07:41,500] {logging_mixin.py:115} INFO - [2022-06-14 19:07:41,500] {dag.py:2371} INFO - Sync 1 DAGs
[2022-06-14 19:07:41,519] {logging_mixin.py:115} INFO - [2022-06-14 19:07:41,519] {dag.py:2915} INFO - Setting next_dagrun for example_branch_datetime_operator_2 to 2022-06-13T00:00:00+00:00, run_after=2022-06-14T00:00:00+00:00
[2022-06-14 19:07:41,538] {processor.py:161} INFO - Processing /usr/local/lib/python3.10/dist-packages/airflow/example_dags/example_branch_datetime_operator.py took 0.063 seconds
[2022-06-14 19:08:17,733] {processor.py:153} INFO - Started process (PID=10022) to work on /usr/local/lib/python3.10/dist-packages/airflow/example_dags/example_branch_datetime_operator.py
[2022-06-14 19:08:17,734] {processor.py:641} INFO - Processing file /usr/local/lib/python3.10/dist-packages/airflow/example_dags/example_branch_datetime_operator.py for tasks to queue
[2022-06-14 19:08:17,734] {logging_mixin.py:115} INFO - [2022-06-14 19:08:17,734] {dagbag.py:507} INFO - Filling up the DagBag from /usr/local/lib/python3.10/dist-packages/airflow/example_dags/example_branch_datetime_operator.py
[2022-06-14 19:08:17,742] {processor.py:651} INFO - DAG(s) dict_keys(['example_branch_datetime_operator_2']) retrieved from /usr/local/lib/python3.10/dist-packages/airflow/example_dags/example_branch_datetime_operator.py
[2022-06-14 19:08:17,756] {logging_mixin.py:115} INFO - [2022-06-14 19:08:17,756] {dag.py:2371} INFO - Sync 1 DAGs
[2022-06-14 19:08:17,775] {logging_mixin.py:115} INFO - [2022-06-14 19:08:17,775] {dag.py:2915} INFO - Setting next_dagrun for example_branch_datetime_operator_2 to 2022-06-13T00:00:00+00:00, run_after=2022-06-14T00:00:00+00:00
[2022-06-14 19:08:17,794] {processor.py:161} INFO - Processing /usr/local/lib/python3.10/dist-packages/airflow/example_dags/example_branch_datetime_operator.py took 0.063 seconds
[2022-06-14 19:09:01,835] {processor.py:153} INFO - Started process (PID=10086) to work on /usr/local/lib/python3.10/dist-packages/airflow/example_dags/example_branch_datetime_operator.py
[2022-06-14 19:09:01,836] {processor.py:641} INFO - Processing file /usr/local/lib/python3.10/dist-packages/airflow/example_dags/example_branch_datetime_operator.py for tasks to queue
[2022-06-14 19:09:01,837] {logging_mixin.py:115} INFO - [2022-06-14 19:09:01,836] {dagbag.py:507} INFO - Filling up the DagBag from /usr/local/lib/python3.10/dist-packages/airflow/example_dags/example_branch_datetime_operator.py
[2022-06-14 19:09:01,844] {processor.py:651} INFO - DAG(s) dict_keys(['example_branch_datetime_operator_2']) retrieved from /usr/local/lib/python3.10/dist-packages/airflow/example_dags/example_branch_datetime_operator.py
[2022-06-14 19:09:01,858] {logging_mixin.py:115} INFO - [2022-06-14 19:09:01,858] {dag.py:2371} INFO - Sync 1 DAGs
[2022-06-14 19:09:01,884] {logging_mixin.py:115} INFO - [2022-06-14 19:09:01,884] {dag.py:2915} INFO - Setting next_dagrun for example_branch_datetime_operator_2 to 2022-06-13T00:00:00+00:00, run_after=2022-06-14T00:00:00+00:00
[2022-06-14 19:09:01,903] {processor.py:161} INFO - Processing /usr/local/lib/python3.10/dist-packages/airflow/example_dags/example_branch_datetime_operator.py took 0.070 seconds
[2022-06-14 19:09:47,095] {processor.py:153} INFO - Started process (PID=10145) to work on /usr/local/lib/python3.10/dist-packages/airflow/example_dags/example_branch_datetime_operator.py
[2022-06-14 19:09:47,096] {processor.py:641} INFO - Processing file /usr/local/lib/python3.10/dist-packages/airflow/example_dags/example_branch_datetime_operator.py for tasks to queue
[2022-06-14 19:09:47,096] {logging_mixin.py:115} INFO - [2022-06-14 19:09:47,096] {dagbag.py:507} INFO - Filling up the DagBag from /usr/local/lib/python3.10/dist-packages/airflow/example_dags/example_branch_datetime_operator.py
[2022-06-14 19:09:47,104] {processor.py:651} INFO - DAG(s) dict_keys(['example_branch_datetime_operator_2']) retrieved from /usr/local/lib/python3.10/dist-packages/airflow/example_dags/example_branch_datetime_operator.py
[2022-06-14 19:09:47,118] {logging_mixin.py:115} INFO - [2022-06-14 19:09:47,118] {dag.py:2371} INFO - Sync 1 DAGs
[2022-06-14 19:09:47,140] {logging_mixin.py:115} INFO - [2022-06-14 19:09:47,140] {dag.py:2915} INFO - Setting next_dagrun for example_branch_datetime_operator_2 to 2022-06-13T00:00:00+00:00, run_after=2022-06-14T00:00:00+00:00
[2022-06-14 19:09:47,157] {processor.py:161} INFO - Processing /usr/local/lib/python3.10/dist-packages/airflow/example_dags/example_branch_datetime_operator.py took 0.064 seconds
[2022-06-14 19:10:30,262] {processor.py:153} INFO - Started process (PID=10259) to work on /usr/local/lib/python3.10/dist-packages/airflow/example_dags/example_branch_datetime_operator.py
[2022-06-14 19:10:30,263] {processor.py:641} INFO - Processing file /usr/local/lib/python3.10/dist-packages/airflow/example_dags/example_branch_datetime_operator.py for tasks to queue
[2022-06-14 19:10:30,264] {logging_mixin.py:115} INFO - [2022-06-14 19:10:30,264] {dagbag.py:507} INFO - Filling up the DagBag from /usr/local/lib/python3.10/dist-packages/airflow/example_dags/example_branch_datetime_operator.py
[2022-06-14 19:10:30,272] {processor.py:651} INFO - DAG(s) dict_keys(['example_branch_datetime_operator_2']) retrieved from /usr/local/lib/python3.10/dist-packages/airflow/example_dags/example_branch_datetime_operator.py
[2022-06-14 19:10:30,287] {logging_mixin.py:115} INFO - [2022-06-14 19:10:30,286] {dag.py:2371} INFO - Sync 1 DAGs
[2022-06-14 19:10:30,306] {logging_mixin.py:115} INFO - [2022-06-14 19:10:30,306] {dag.py:2915} INFO - Setting next_dagrun for example_branch_datetime_operator_2 to 2022-06-13T00:00:00+00:00, run_after=2022-06-14T00:00:00+00:00
[2022-06-14 19:10:30,324] {processor.py:161} INFO - Processing /usr/local/lib/python3.10/dist-packages/airflow/example_dags/example_branch_datetime_operator.py took 0.064 seconds
