[2022-06-14 18:33:50,686] {processor.py:153} INFO - Started process (PID=6642) to work on /usr/local/lib/python3.10/dist-packages/airflow/example_dags/example_sla_dag.py
[2022-06-14 18:33:50,686] {processor.py:641} INFO - Processing file /usr/local/lib/python3.10/dist-packages/airflow/example_dags/example_sla_dag.py for tasks to queue
[2022-06-14 18:33:50,687] {logging_mixin.py:115} INFO - [2022-06-14 18:33:50,687] {dagbag.py:507} INFO - Filling up the DagBag from /usr/local/lib/python3.10/dist-packages/airflow/example_dags/example_sla_dag.py
[2022-06-14 18:33:50,704] {processor.py:651} INFO - DAG(s) dict_keys(['example_sla_dag']) retrieved from /usr/local/lib/python3.10/dist-packages/airflow/example_dags/example_sla_dag.py
[2022-06-14 18:33:50,718] {logging_mixin.py:115} INFO - [2022-06-14 18:33:50,717] {dag.py:2371} INFO - Sync 1 DAGs
[2022-06-14 18:33:50,738] {logging_mixin.py:115} INFO - [2022-06-14 18:33:50,738] {dag.py:2915} INFO - Setting next_dagrun for example_sla_dag to 2022-06-14T13:00:00+00:00, run_after=2022-06-14T13:02:00+00:00
[2022-06-14 18:33:50,775] {processor.py:161} INFO - Processing /usr/local/lib/python3.10/dist-packages/airflow/example_dags/example_sla_dag.py took 0.092 seconds
[2022-06-14 18:34:26,768] {processor.py:153} INFO - Started process (PID=6700) to work on /usr/local/lib/python3.10/dist-packages/airflow/example_dags/example_sla_dag.py
[2022-06-14 18:34:26,769] {processor.py:641} INFO - Processing file /usr/local/lib/python3.10/dist-packages/airflow/example_dags/example_sla_dag.py for tasks to queue
[2022-06-14 18:34:26,769] {logging_mixin.py:115} INFO - [2022-06-14 18:34:26,769] {dagbag.py:507} INFO - Filling up the DagBag from /usr/local/lib/python3.10/dist-packages/airflow/example_dags/example_sla_dag.py
[2022-06-14 18:34:26,787] {processor.py:651} INFO - DAG(s) dict_keys(['example_sla_dag']) retrieved from /usr/local/lib/python3.10/dist-packages/airflow/example_dags/example_sla_dag.py
[2022-06-14 18:34:26,801] {logging_mixin.py:115} INFO - [2022-06-14 18:34:26,801] {dag.py:2371} INFO - Sync 1 DAGs
[2022-06-14 18:34:26,822] {logging_mixin.py:115} INFO - [2022-06-14 18:34:26,821] {dag.py:2915} INFO - Setting next_dagrun for example_sla_dag to 2022-06-14T13:02:00+00:00, run_after=2022-06-14T13:04:00+00:00
[2022-06-14 18:34:26,840] {processor.py:161} INFO - Processing /usr/local/lib/python3.10/dist-packages/airflow/example_dags/example_sla_dag.py took 0.074 seconds
[2022-06-14 18:35:01,393] {processor.py:153} INFO - Started process (PID=6761) to work on /usr/local/lib/python3.10/dist-packages/airflow/example_dags/example_sla_dag.py
[2022-06-14 18:35:01,393] {processor.py:641} INFO - Processing file /usr/local/lib/python3.10/dist-packages/airflow/example_dags/example_sla_dag.py for tasks to queue
[2022-06-14 18:35:01,394] {logging_mixin.py:115} INFO - [2022-06-14 18:35:01,394] {dagbag.py:507} INFO - Filling up the DagBag from /usr/local/lib/python3.10/dist-packages/airflow/example_dags/example_sla_dag.py
[2022-06-14 18:35:01,411] {processor.py:651} INFO - DAG(s) dict_keys(['example_sla_dag']) retrieved from /usr/local/lib/python3.10/dist-packages/airflow/example_dags/example_sla_dag.py
[2022-06-14 18:35:01,425] {logging_mixin.py:115} INFO - [2022-06-14 18:35:01,425] {dag.py:2371} INFO - Sync 1 DAGs
[2022-06-14 18:35:01,445] {logging_mixin.py:115} INFO - [2022-06-14 18:35:01,445] {dag.py:2915} INFO - Setting next_dagrun for example_sla_dag to 2022-06-14T13:02:00+00:00, run_after=2022-06-14T13:04:00+00:00
[2022-06-14 18:35:01,462] {processor.py:161} INFO - Processing /usr/local/lib/python3.10/dist-packages/airflow/example_dags/example_sla_dag.py took 0.072 seconds
[2022-06-14 18:35:36,050] {processor.py:153} INFO - Started process (PID=6809) to work on /usr/local/lib/python3.10/dist-packages/airflow/example_dags/example_sla_dag.py
[2022-06-14 18:35:36,051] {processor.py:641} INFO - Processing file /usr/local/lib/python3.10/dist-packages/airflow/example_dags/example_sla_dag.py for tasks to queue
[2022-06-14 18:35:36,051] {logging_mixin.py:115} INFO - [2022-06-14 18:35:36,051] {dagbag.py:507} INFO - Filling up the DagBag from /usr/local/lib/python3.10/dist-packages/airflow/example_dags/example_sla_dag.py
[2022-06-14 18:35:36,068] {processor.py:651} INFO - DAG(s) dict_keys(['example_sla_dag']) retrieved from /usr/local/lib/python3.10/dist-packages/airflow/example_dags/example_sla_dag.py
[2022-06-14 18:35:36,082] {logging_mixin.py:115} INFO - [2022-06-14 18:35:36,082] {dag.py:2371} INFO - Sync 1 DAGs
[2022-06-14 18:35:36,104] {logging_mixin.py:115} INFO - [2022-06-14 18:35:36,104] {dag.py:2915} INFO - Setting next_dagrun for example_sla_dag to 2022-06-14T13:02:00+00:00, run_after=2022-06-14T13:04:00+00:00
[2022-06-14 18:35:36,142] {processor.py:161} INFO - Processing /usr/local/lib/python3.10/dist-packages/airflow/example_dags/example_sla_dag.py took 0.095 seconds
[2022-06-14 18:36:12,174] {processor.py:153} INFO - Started process (PID=6862) to work on /usr/local/lib/python3.10/dist-packages/airflow/example_dags/example_sla_dag.py
[2022-06-14 18:36:12,174] {processor.py:641} INFO - Processing file /usr/local/lib/python3.10/dist-packages/airflow/example_dags/example_sla_dag.py for tasks to queue
[2022-06-14 18:36:12,175] {logging_mixin.py:115} INFO - [2022-06-14 18:36:12,175] {dagbag.py:507} INFO - Filling up the DagBag from /usr/local/lib/python3.10/dist-packages/airflow/example_dags/example_sla_dag.py
[2022-06-14 18:36:12,191] {processor.py:651} INFO - DAG(s) dict_keys(['example_sla_dag']) retrieved from /usr/local/lib/python3.10/dist-packages/airflow/example_dags/example_sla_dag.py
[2022-06-14 18:36:12,205] {logging_mixin.py:115} INFO - [2022-06-14 18:36:12,205] {dag.py:2371} INFO - Sync 1 DAGs
[2022-06-14 18:36:12,225] {logging_mixin.py:115} INFO - [2022-06-14 18:36:12,225] {dag.py:2915} INFO - Setting next_dagrun for example_sla_dag to 2022-06-14T13:04:00+00:00, run_after=2022-06-14T13:06:00+00:00
[2022-06-14 18:36:12,243] {processor.py:161} INFO - Processing /usr/local/lib/python3.10/dist-packages/airflow/example_dags/example_sla_dag.py took 0.072 seconds
[2022-06-14 18:36:48,971] {processor.py:153} INFO - Started process (PID=6911) to work on /usr/local/lib/python3.10/dist-packages/airflow/example_dags/example_sla_dag.py
[2022-06-14 18:36:48,972] {processor.py:641} INFO - Processing file /usr/local/lib/python3.10/dist-packages/airflow/example_dags/example_sla_dag.py for tasks to queue
[2022-06-14 18:36:48,972] {logging_mixin.py:115} INFO - [2022-06-14 18:36:48,972] {dagbag.py:507} INFO - Filling up the DagBag from /usr/local/lib/python3.10/dist-packages/airflow/example_dags/example_sla_dag.py
[2022-06-14 18:36:48,989] {processor.py:651} INFO - DAG(s) dict_keys(['example_sla_dag']) retrieved from /usr/local/lib/python3.10/dist-packages/airflow/example_dags/example_sla_dag.py
[2022-06-14 18:36:49,003] {logging_mixin.py:115} INFO - [2022-06-14 18:36:49,003] {dag.py:2371} INFO - Sync 1 DAGs
[2022-06-14 18:36:49,023] {logging_mixin.py:115} INFO - [2022-06-14 18:36:49,022] {dag.py:2915} INFO - Setting next_dagrun for example_sla_dag to 2022-06-14T13:04:00+00:00, run_after=2022-06-14T13:06:00+00:00
[2022-06-14 18:36:49,040] {processor.py:161} INFO - Processing /usr/local/lib/python3.10/dist-packages/airflow/example_dags/example_sla_dag.py took 0.071 seconds
[2022-06-14 18:37:24,173] {processor.py:153} INFO - Started process (PID=6961) to work on /usr/local/lib/python3.10/dist-packages/airflow/example_dags/example_sla_dag.py
[2022-06-14 18:37:24,174] {processor.py:641} INFO - Processing file /usr/local/lib/python3.10/dist-packages/airflow/example_dags/example_sla_dag.py for tasks to queue
[2022-06-14 18:37:24,175] {logging_mixin.py:115} INFO - [2022-06-14 18:37:24,175] {dagbag.py:507} INFO - Filling up the DagBag from /usr/local/lib/python3.10/dist-packages/airflow/example_dags/example_sla_dag.py
[2022-06-14 18:37:24,192] {processor.py:651} INFO - DAG(s) dict_keys(['example_sla_dag']) retrieved from /usr/local/lib/python3.10/dist-packages/airflow/example_dags/example_sla_dag.py
[2022-06-14 18:37:24,207] {logging_mixin.py:115} INFO - [2022-06-14 18:37:24,207] {dag.py:2371} INFO - Sync 1 DAGs
[2022-06-14 18:37:24,228] {logging_mixin.py:115} INFO - [2022-06-14 18:37:24,228] {dag.py:2915} INFO - Setting next_dagrun for example_sla_dag to 2022-06-14T13:04:00+00:00, run_after=2022-06-14T13:06:00+00:00
[2022-06-14 18:37:24,245] {processor.py:161} INFO - Processing /usr/local/lib/python3.10/dist-packages/airflow/example_dags/example_sla_dag.py took 0.074 seconds
[2022-06-14 18:37:58,131] {processor.py:153} INFO - Started process (PID=7010) to work on /usr/local/lib/python3.10/dist-packages/airflow/example_dags/example_sla_dag.py
[2022-06-14 18:37:58,132] {processor.py:641} INFO - Processing file /usr/local/lib/python3.10/dist-packages/airflow/example_dags/example_sla_dag.py for tasks to queue
[2022-06-14 18:37:58,132] {logging_mixin.py:115} INFO - [2022-06-14 18:37:58,132] {dagbag.py:507} INFO - Filling up the DagBag from /usr/local/lib/python3.10/dist-packages/airflow/example_dags/example_sla_dag.py
[2022-06-14 18:37:58,149] {processor.py:651} INFO - DAG(s) dict_keys(['example_sla_dag']) retrieved from /usr/local/lib/python3.10/dist-packages/airflow/example_dags/example_sla_dag.py
[2022-06-14 18:37:58,163] {logging_mixin.py:115} INFO - [2022-06-14 18:37:58,163] {dag.py:2371} INFO - Sync 1 DAGs
[2022-06-14 18:37:58,183] {logging_mixin.py:115} INFO - [2022-06-14 18:37:58,182] {dag.py:2915} INFO - Setting next_dagrun for example_sla_dag to 2022-06-14T13:04:00+00:00, run_after=2022-06-14T13:06:00+00:00
[2022-06-14 18:37:58,199] {processor.py:161} INFO - Processing /usr/local/lib/python3.10/dist-packages/airflow/example_dags/example_sla_dag.py took 0.070 seconds
[2022-06-14 18:38:34,092] {processor.py:153} INFO - Started process (PID=7059) to work on /usr/local/lib/python3.10/dist-packages/airflow/example_dags/example_sla_dag.py
[2022-06-14 18:38:34,093] {processor.py:641} INFO - Processing file /usr/local/lib/python3.10/dist-packages/airflow/example_dags/example_sla_dag.py for tasks to queue
[2022-06-14 18:38:34,093] {logging_mixin.py:115} INFO - [2022-06-14 18:38:34,093] {dagbag.py:507} INFO - Filling up the DagBag from /usr/local/lib/python3.10/dist-packages/airflow/example_dags/example_sla_dag.py
[2022-06-14 18:38:34,111] {processor.py:651} INFO - DAG(s) dict_keys(['example_sla_dag']) retrieved from /usr/local/lib/python3.10/dist-packages/airflow/example_dags/example_sla_dag.py
[2022-06-14 18:38:34,124] {logging_mixin.py:115} INFO - [2022-06-14 18:38:34,124] {dag.py:2371} INFO - Sync 1 DAGs
[2022-06-14 18:38:34,144] {logging_mixin.py:115} INFO - [2022-06-14 18:38:34,144] {dag.py:2915} INFO - Setting next_dagrun for example_sla_dag to 2022-06-14T13:06:00+00:00, run_after=2022-06-14T13:08:00+00:00
[2022-06-14 18:38:34,163] {processor.py:161} INFO - Processing /usr/local/lib/python3.10/dist-packages/airflow/example_dags/example_sla_dag.py took 0.073 seconds
[2022-06-14 18:39:07,271] {processor.py:153} INFO - Started process (PID=7110) to work on /usr/local/lib/python3.10/dist-packages/airflow/example_dags/example_sla_dag.py
[2022-06-14 18:39:07,271] {processor.py:641} INFO - Processing file /usr/local/lib/python3.10/dist-packages/airflow/example_dags/example_sla_dag.py for tasks to queue
[2022-06-14 18:39:07,272] {logging_mixin.py:115} INFO - [2022-06-14 18:39:07,272] {dagbag.py:507} INFO - Filling up the DagBag from /usr/local/lib/python3.10/dist-packages/airflow/example_dags/example_sla_dag.py
[2022-06-14 18:39:07,289] {processor.py:651} INFO - DAG(s) dict_keys(['example_sla_dag']) retrieved from /usr/local/lib/python3.10/dist-packages/airflow/example_dags/example_sla_dag.py
[2022-06-14 18:39:07,303] {logging_mixin.py:115} INFO - [2022-06-14 18:39:07,303] {dag.py:2371} INFO - Sync 1 DAGs
[2022-06-14 18:39:07,323] {logging_mixin.py:115} INFO - [2022-06-14 18:39:07,323] {dag.py:2915} INFO - Setting next_dagrun for example_sla_dag to 2022-06-14T13:06:00+00:00, run_after=2022-06-14T13:08:00+00:00
[2022-06-14 18:39:07,340] {processor.py:161} INFO - Processing /usr/local/lib/python3.10/dist-packages/airflow/example_dags/example_sla_dag.py took 0.071 seconds
[2022-06-14 18:39:43,885] {processor.py:153} INFO - Started process (PID=7162) to work on /usr/local/lib/python3.10/dist-packages/airflow/example_dags/example_sla_dag.py
[2022-06-14 18:39:43,885] {processor.py:641} INFO - Processing file /usr/local/lib/python3.10/dist-packages/airflow/example_dags/example_sla_dag.py for tasks to queue
[2022-06-14 18:39:43,886] {logging_mixin.py:115} INFO - [2022-06-14 18:39:43,886] {dagbag.py:507} INFO - Filling up the DagBag from /usr/local/lib/python3.10/dist-packages/airflow/example_dags/example_sla_dag.py
[2022-06-14 18:39:43,903] {processor.py:651} INFO - DAG(s) dict_keys(['example_sla_dag']) retrieved from /usr/local/lib/python3.10/dist-packages/airflow/example_dags/example_sla_dag.py
[2022-06-14 18:39:43,917] {logging_mixin.py:115} INFO - [2022-06-14 18:39:43,917] {dag.py:2371} INFO - Sync 1 DAGs
[2022-06-14 18:39:43,938] {logging_mixin.py:115} INFO - [2022-06-14 18:39:43,938] {dag.py:2915} INFO - Setting next_dagrun for example_sla_dag to 2022-06-14T13:06:00+00:00, run_after=2022-06-14T13:08:00+00:00
[2022-06-14 18:39:43,954] {processor.py:161} INFO - Processing /usr/local/lib/python3.10/dist-packages/airflow/example_dags/example_sla_dag.py took 0.072 seconds
[2022-06-14 18:40:18,740] {processor.py:153} INFO - Started process (PID=7216) to work on /usr/local/lib/python3.10/dist-packages/airflow/example_dags/example_sla_dag.py
[2022-06-14 18:40:18,741] {processor.py:641} INFO - Processing file /usr/local/lib/python3.10/dist-packages/airflow/example_dags/example_sla_dag.py for tasks to queue
[2022-06-14 18:40:18,741] {logging_mixin.py:115} INFO - [2022-06-14 18:40:18,741] {dagbag.py:507} INFO - Filling up the DagBag from /usr/local/lib/python3.10/dist-packages/airflow/example_dags/example_sla_dag.py
[2022-06-14 18:40:18,759] {processor.py:651} INFO - DAG(s) dict_keys(['example_sla_dag']) retrieved from /usr/local/lib/python3.10/dist-packages/airflow/example_dags/example_sla_dag.py
[2022-06-14 18:40:18,776] {logging_mixin.py:115} INFO - [2022-06-14 18:40:18,775] {dag.py:2371} INFO - Sync 1 DAGs
[2022-06-14 18:40:18,798] {logging_mixin.py:115} INFO - [2022-06-14 18:40:18,798] {dag.py:2915} INFO - Setting next_dagrun for example_sla_dag to 2022-06-14T13:08:00+00:00, run_after=2022-06-14T13:10:00+00:00
[2022-06-14 18:40:18,816] {processor.py:161} INFO - Processing /usr/local/lib/python3.10/dist-packages/airflow/example_dags/example_sla_dag.py took 0.078 seconds
[2022-06-14 18:40:57,455] {processor.py:153} INFO - Started process (PID=7271) to work on /usr/local/lib/python3.10/dist-packages/airflow/example_dags/example_sla_dag.py
[2022-06-14 18:40:57,455] {processor.py:641} INFO - Processing file /usr/local/lib/python3.10/dist-packages/airflow/example_dags/example_sla_dag.py for tasks to queue
[2022-06-14 18:40:57,456] {logging_mixin.py:115} INFO - [2022-06-14 18:40:57,456] {dagbag.py:507} INFO - Filling up the DagBag from /usr/local/lib/python3.10/dist-packages/airflow/example_dags/example_sla_dag.py
[2022-06-14 18:40:57,472] {processor.py:651} INFO - DAG(s) dict_keys(['example_sla_dag']) retrieved from /usr/local/lib/python3.10/dist-packages/airflow/example_dags/example_sla_dag.py
[2022-06-14 18:40:57,486] {logging_mixin.py:115} INFO - [2022-06-14 18:40:57,486] {dag.py:2371} INFO - Sync 1 DAGs
[2022-06-14 18:40:57,507] {logging_mixin.py:115} INFO - [2022-06-14 18:40:57,507] {dag.py:2915} INFO - Setting next_dagrun for example_sla_dag to 2022-06-14T13:08:00+00:00, run_after=2022-06-14T13:10:00+00:00
[2022-06-14 18:40:57,524] {processor.py:161} INFO - Processing /usr/local/lib/python3.10/dist-packages/airflow/example_dags/example_sla_dag.py took 0.071 seconds
[2022-06-14 18:41:36,614] {processor.py:153} INFO - Started process (PID=7341) to work on /usr/local/lib/python3.10/dist-packages/airflow/example_dags/example_sla_dag.py
[2022-06-14 18:41:36,615] {processor.py:641} INFO - Processing file /usr/local/lib/python3.10/dist-packages/airflow/example_dags/example_sla_dag.py for tasks to queue
[2022-06-14 18:41:36,615] {logging_mixin.py:115} INFO - [2022-06-14 18:41:36,615] {dagbag.py:507} INFO - Filling up the DagBag from /usr/local/lib/python3.10/dist-packages/airflow/example_dags/example_sla_dag.py
[2022-06-14 18:41:36,635] {processor.py:651} INFO - DAG(s) dict_keys(['example_sla_dag']) retrieved from /usr/local/lib/python3.10/dist-packages/airflow/example_dags/example_sla_dag.py
[2022-06-14 18:41:36,654] {logging_mixin.py:115} INFO - [2022-06-14 18:41:36,654] {dag.py:2371} INFO - Sync 1 DAGs
[2022-06-14 18:41:36,677] {logging_mixin.py:115} INFO - [2022-06-14 18:41:36,677] {dag.py:2915} INFO - Setting next_dagrun for example_sla_dag to 2022-06-14T13:08:00+00:00, run_after=2022-06-14T13:10:00+00:00
[2022-06-14 18:41:36,694] {processor.py:161} INFO - Processing /usr/local/lib/python3.10/dist-packages/airflow/example_dags/example_sla_dag.py took 0.084 seconds
[2022-06-14 18:42:20,368] {processor.py:153} INFO - Started process (PID=7396) to work on /usr/local/lib/python3.10/dist-packages/airflow/example_dags/example_sla_dag.py
[2022-06-14 18:42:20,369] {processor.py:641} INFO - Processing file /usr/local/lib/python3.10/dist-packages/airflow/example_dags/example_sla_dag.py for tasks to queue
[2022-06-14 18:42:20,369] {logging_mixin.py:115} INFO - [2022-06-14 18:42:20,369] {dagbag.py:507} INFO - Filling up the DagBag from /usr/local/lib/python3.10/dist-packages/airflow/example_dags/example_sla_dag.py
[2022-06-14 18:42:20,388] {processor.py:651} INFO - DAG(s) dict_keys(['example_sla_dag']) retrieved from /usr/local/lib/python3.10/dist-packages/airflow/example_dags/example_sla_dag.py
[2022-06-14 18:42:20,403] {logging_mixin.py:115} INFO - [2022-06-14 18:42:20,403] {dag.py:2371} INFO - Sync 1 DAGs
[2022-06-14 18:42:20,426] {logging_mixin.py:115} INFO - [2022-06-14 18:42:20,426] {dag.py:2915} INFO - Setting next_dagrun for example_sla_dag to 2022-06-14T13:10:00+00:00, run_after=2022-06-14T13:12:00+00:00
[2022-06-14 18:42:20,458] {processor.py:161} INFO - Processing /usr/local/lib/python3.10/dist-packages/airflow/example_dags/example_sla_dag.py took 0.092 seconds
[2022-06-14 18:43:03,875] {processor.py:153} INFO - Started process (PID=7551) to work on /usr/local/lib/python3.10/dist-packages/airflow/example_dags/example_sla_dag.py
[2022-06-14 18:43:03,875] {processor.py:641} INFO - Processing file /usr/local/lib/python3.10/dist-packages/airflow/example_dags/example_sla_dag.py for tasks to queue
[2022-06-14 18:43:03,876] {logging_mixin.py:115} INFO - [2022-06-14 18:43:03,876] {dagbag.py:507} INFO - Filling up the DagBag from /usr/local/lib/python3.10/dist-packages/airflow/example_dags/example_sla_dag.py
[2022-06-14 18:43:03,894] {processor.py:651} INFO - DAG(s) dict_keys(['example_sla_dag']) retrieved from /usr/local/lib/python3.10/dist-packages/airflow/example_dags/example_sla_dag.py
[2022-06-14 18:43:03,909] {logging_mixin.py:115} INFO - [2022-06-14 18:43:03,908] {dag.py:2371} INFO - Sync 1 DAGs
[2022-06-14 18:43:03,930] {logging_mixin.py:115} INFO - [2022-06-14 18:43:03,929] {dag.py:2915} INFO - Setting next_dagrun for example_sla_dag to 2022-06-14T13:10:00+00:00, run_after=2022-06-14T13:12:00+00:00
[2022-06-14 18:43:03,947] {processor.py:161} INFO - Processing /usr/local/lib/python3.10/dist-packages/airflow/example_dags/example_sla_dag.py took 0.075 seconds
[2022-06-14 18:43:43,028] {processor.py:153} INFO - Started process (PID=7597) to work on /usr/local/lib/python3.10/dist-packages/airflow/example_dags/example_sla_dag.py
[2022-06-14 18:43:43,028] {processor.py:641} INFO - Processing file /usr/local/lib/python3.10/dist-packages/airflow/example_dags/example_sla_dag.py for tasks to queue
[2022-06-14 18:43:43,029] {logging_mixin.py:115} INFO - [2022-06-14 18:43:43,029] {dagbag.py:507} INFO - Filling up the DagBag from /usr/local/lib/python3.10/dist-packages/airflow/example_dags/example_sla_dag.py
[2022-06-14 18:43:43,048] {processor.py:651} INFO - DAG(s) dict_keys(['example_sla_dag']) retrieved from /usr/local/lib/python3.10/dist-packages/airflow/example_dags/example_sla_dag.py
[2022-06-14 18:43:43,064] {logging_mixin.py:115} INFO - [2022-06-14 18:43:43,064] {dag.py:2371} INFO - Sync 1 DAGs
[2022-06-14 18:43:43,089] {logging_mixin.py:115} INFO - [2022-06-14 18:43:43,089] {dag.py:2915} INFO - Setting next_dagrun for example_sla_dag to 2022-06-14T13:10:00+00:00, run_after=2022-06-14T13:12:00+00:00
[2022-06-14 18:43:43,107] {processor.py:161} INFO - Processing /usr/local/lib/python3.10/dist-packages/airflow/example_dags/example_sla_dag.py took 0.082 seconds
[2022-06-14 18:44:23,302] {processor.py:153} INFO - Started process (PID=7678) to work on /usr/local/lib/python3.10/dist-packages/airflow/example_dags/example_sla_dag.py
[2022-06-14 18:44:23,303] {processor.py:641} INFO - Processing file /usr/local/lib/python3.10/dist-packages/airflow/example_dags/example_sla_dag.py for tasks to queue
[2022-06-14 18:44:23,304] {logging_mixin.py:115} INFO - [2022-06-14 18:44:23,303] {dagbag.py:507} INFO - Filling up the DagBag from /usr/local/lib/python3.10/dist-packages/airflow/example_dags/example_sla_dag.py
[2022-06-14 18:44:23,321] {processor.py:651} INFO - DAG(s) dict_keys(['example_sla_dag']) retrieved from /usr/local/lib/python3.10/dist-packages/airflow/example_dags/example_sla_dag.py
[2022-06-14 18:44:23,336] {logging_mixin.py:115} INFO - [2022-06-14 18:44:23,335] {dag.py:2371} INFO - Sync 1 DAGs
[2022-06-14 18:44:23,357] {logging_mixin.py:115} INFO - [2022-06-14 18:44:23,357] {dag.py:2915} INFO - Setting next_dagrun for example_sla_dag to 2022-06-14T13:12:00+00:00, run_after=2022-06-14T13:14:00+00:00
[2022-06-14 18:44:23,378] {processor.py:161} INFO - Processing /usr/local/lib/python3.10/dist-packages/airflow/example_dags/example_sla_dag.py took 0.078 seconds
[2022-06-14 18:45:05,530] {processor.py:153} INFO - Started process (PID=7748) to work on /usr/local/lib/python3.10/dist-packages/airflow/example_dags/example_sla_dag.py
[2022-06-14 18:45:05,531] {processor.py:641} INFO - Processing file /usr/local/lib/python3.10/dist-packages/airflow/example_dags/example_sla_dag.py for tasks to queue
[2022-06-14 18:45:05,531] {logging_mixin.py:115} INFO - [2022-06-14 18:45:05,531] {dagbag.py:507} INFO - Filling up the DagBag from /usr/local/lib/python3.10/dist-packages/airflow/example_dags/example_sla_dag.py
[2022-06-14 18:45:05,548] {processor.py:651} INFO - DAG(s) dict_keys(['example_sla_dag']) retrieved from /usr/local/lib/python3.10/dist-packages/airflow/example_dags/example_sla_dag.py
[2022-06-14 18:45:05,562] {logging_mixin.py:115} INFO - [2022-06-14 18:45:05,562] {dag.py:2371} INFO - Sync 1 DAGs
[2022-06-14 18:45:05,584] {logging_mixin.py:115} INFO - [2022-06-14 18:45:05,584] {dag.py:2915} INFO - Setting next_dagrun for example_sla_dag to 2022-06-14T13:12:00+00:00, run_after=2022-06-14T13:14:00+00:00
[2022-06-14 18:45:05,602] {processor.py:161} INFO - Processing /usr/local/lib/python3.10/dist-packages/airflow/example_dags/example_sla_dag.py took 0.075 seconds
[2022-06-14 18:45:43,918] {processor.py:153} INFO - Started process (PID=7861) to work on /usr/local/lib/python3.10/dist-packages/airflow/example_dags/example_sla_dag.py
[2022-06-14 18:45:43,919] {processor.py:641} INFO - Processing file /usr/local/lib/python3.10/dist-packages/airflow/example_dags/example_sla_dag.py for tasks to queue
[2022-06-14 18:45:43,919] {logging_mixin.py:115} INFO - [2022-06-14 18:45:43,919] {dagbag.py:507} INFO - Filling up the DagBag from /usr/local/lib/python3.10/dist-packages/airflow/example_dags/example_sla_dag.py
[2022-06-14 18:45:43,940] {processor.py:651} INFO - DAG(s) dict_keys(['example_sla_dag']) retrieved from /usr/local/lib/python3.10/dist-packages/airflow/example_dags/example_sla_dag.py
[2022-06-14 18:45:43,954] {logging_mixin.py:115} INFO - [2022-06-14 18:45:43,954] {dag.py:2371} INFO - Sync 1 DAGs
[2022-06-14 18:45:43,978] {logging_mixin.py:115} INFO - [2022-06-14 18:45:43,978] {dag.py:2915} INFO - Setting next_dagrun for example_sla_dag to 2022-06-14T13:12:00+00:00, run_after=2022-06-14T13:14:00+00:00
[2022-06-14 18:45:43,998] {processor.py:161} INFO - Processing /usr/local/lib/python3.10/dist-packages/airflow/example_dags/example_sla_dag.py took 0.083 seconds
[2022-06-14 18:46:28,140] {processor.py:153} INFO - Started process (PID=7971) to work on /usr/local/lib/python3.10/dist-packages/airflow/example_dags/example_sla_dag.py
[2022-06-14 18:46:28,141] {processor.py:641} INFO - Processing file /usr/local/lib/python3.10/dist-packages/airflow/example_dags/example_sla_dag.py for tasks to queue
[2022-06-14 18:46:28,142] {logging_mixin.py:115} INFO - [2022-06-14 18:46:28,142] {dagbag.py:507} INFO - Filling up the DagBag from /usr/local/lib/python3.10/dist-packages/airflow/example_dags/example_sla_dag.py
[2022-06-14 18:46:28,160] {processor.py:651} INFO - DAG(s) dict_keys(['example_sla_dag']) retrieved from /usr/local/lib/python3.10/dist-packages/airflow/example_dags/example_sla_dag.py
[2022-06-14 18:46:28,174] {logging_mixin.py:115} INFO - [2022-06-14 18:46:28,174] {dag.py:2371} INFO - Sync 1 DAGs
[2022-06-14 18:46:28,196] {logging_mixin.py:115} INFO - [2022-06-14 18:46:28,196] {dag.py:2915} INFO - Setting next_dagrun for example_sla_dag to 2022-06-14T13:14:00+00:00, run_after=2022-06-14T13:16:00+00:00
[2022-06-14 18:46:28,214] {processor.py:161} INFO - Processing /usr/local/lib/python3.10/dist-packages/airflow/example_dags/example_sla_dag.py took 0.077 seconds
[2022-06-14 18:47:06,294] {processor.py:153} INFO - Started process (PID=8031) to work on /usr/local/lib/python3.10/dist-packages/airflow/example_dags/example_sla_dag.py
[2022-06-14 18:47:06,295] {processor.py:641} INFO - Processing file /usr/local/lib/python3.10/dist-packages/airflow/example_dags/example_sla_dag.py for tasks to queue
[2022-06-14 18:47:06,295] {logging_mixin.py:115} INFO - [2022-06-14 18:47:06,295] {dagbag.py:507} INFO - Filling up the DagBag from /usr/local/lib/python3.10/dist-packages/airflow/example_dags/example_sla_dag.py
[2022-06-14 18:47:06,313] {processor.py:651} INFO - DAG(s) dict_keys(['example_sla_dag']) retrieved from /usr/local/lib/python3.10/dist-packages/airflow/example_dags/example_sla_dag.py
[2022-06-14 18:47:06,327] {logging_mixin.py:115} INFO - [2022-06-14 18:47:06,327] {dag.py:2371} INFO - Sync 1 DAGs
[2022-06-14 18:47:06,347] {logging_mixin.py:115} INFO - [2022-06-14 18:47:06,347] {dag.py:2915} INFO - Setting next_dagrun for example_sla_dag to 2022-06-14T13:14:00+00:00, run_after=2022-06-14T13:16:00+00:00
[2022-06-14 18:47:06,365] {processor.py:161} INFO - Processing /usr/local/lib/python3.10/dist-packages/airflow/example_dags/example_sla_dag.py took 0.073 seconds
[2022-06-14 18:47:43,895] {processor.py:153} INFO - Started process (PID=8097) to work on /usr/local/lib/python3.10/dist-packages/airflow/example_dags/example_sla_dag.py
[2022-06-14 18:47:43,896] {processor.py:641} INFO - Processing file /usr/local/lib/python3.10/dist-packages/airflow/example_dags/example_sla_dag.py for tasks to queue
[2022-06-14 18:47:43,896] {logging_mixin.py:115} INFO - [2022-06-14 18:47:43,896] {dagbag.py:507} INFO - Filling up the DagBag from /usr/local/lib/python3.10/dist-packages/airflow/example_dags/example_sla_dag.py
[2022-06-14 18:47:43,913] {processor.py:651} INFO - DAG(s) dict_keys(['example_sla_dag']) retrieved from /usr/local/lib/python3.10/dist-packages/airflow/example_dags/example_sla_dag.py
[2022-06-14 18:47:43,928] {logging_mixin.py:115} INFO - [2022-06-14 18:47:43,928] {dag.py:2371} INFO - Sync 1 DAGs
[2022-06-14 18:47:43,948] {logging_mixin.py:115} INFO - [2022-06-14 18:47:43,948] {dag.py:2915} INFO - Setting next_dagrun for example_sla_dag to 2022-06-14T13:14:00+00:00, run_after=2022-06-14T13:16:00+00:00
[2022-06-14 18:47:43,965] {processor.py:161} INFO - Processing /usr/local/lib/python3.10/dist-packages/airflow/example_dags/example_sla_dag.py took 0.073 seconds
[2022-06-14 18:48:21,907] {processor.py:153} INFO - Started process (PID=8156) to work on /usr/local/lib/python3.10/dist-packages/airflow/example_dags/example_sla_dag.py
[2022-06-14 18:48:21,907] {processor.py:641} INFO - Processing file /usr/local/lib/python3.10/dist-packages/airflow/example_dags/example_sla_dag.py for tasks to queue
[2022-06-14 18:48:21,908] {logging_mixin.py:115} INFO - [2022-06-14 18:48:21,908] {dagbag.py:507} INFO - Filling up the DagBag from /usr/local/lib/python3.10/dist-packages/airflow/example_dags/example_sla_dag.py
[2022-06-14 18:48:21,925] {processor.py:651} INFO - DAG(s) dict_keys(['example_sla_dag']) retrieved from /usr/local/lib/python3.10/dist-packages/airflow/example_dags/example_sla_dag.py
[2022-06-14 18:48:21,939] {logging_mixin.py:115} INFO - [2022-06-14 18:48:21,938] {dag.py:2371} INFO - Sync 1 DAGs
[2022-06-14 18:48:21,959] {logging_mixin.py:115} INFO - [2022-06-14 18:48:21,959] {dag.py:2915} INFO - Setting next_dagrun for example_sla_dag to 2022-06-14T13:16:00+00:00, run_after=2022-06-14T13:18:00+00:00
[2022-06-14 18:48:21,977] {processor.py:161} INFO - Processing /usr/local/lib/python3.10/dist-packages/airflow/example_dags/example_sla_dag.py took 0.073 seconds
[2022-06-14 18:49:05,133] {processor.py:153} INFO - Started process (PID=8243) to work on /usr/local/lib/python3.10/dist-packages/airflow/example_dags/example_sla_dag.py
[2022-06-14 18:49:05,134] {processor.py:641} INFO - Processing file /usr/local/lib/python3.10/dist-packages/airflow/example_dags/example_sla_dag.py for tasks to queue
[2022-06-14 18:49:05,134] {logging_mixin.py:115} INFO - [2022-06-14 18:49:05,134] {dagbag.py:507} INFO - Filling up the DagBag from /usr/local/lib/python3.10/dist-packages/airflow/example_dags/example_sla_dag.py
[2022-06-14 18:49:05,152] {processor.py:651} INFO - DAG(s) dict_keys(['example_sla_dag']) retrieved from /usr/local/lib/python3.10/dist-packages/airflow/example_dags/example_sla_dag.py
[2022-06-14 18:49:05,166] {logging_mixin.py:115} INFO - [2022-06-14 18:49:05,166] {dag.py:2371} INFO - Sync 1 DAGs
[2022-06-14 18:49:05,187] {logging_mixin.py:115} INFO - [2022-06-14 18:49:05,187] {dag.py:2915} INFO - Setting next_dagrun for example_sla_dag to 2022-06-14T13:16:00+00:00, run_after=2022-06-14T13:18:00+00:00
[2022-06-14 18:49:05,205] {processor.py:161} INFO - Processing /usr/local/lib/python3.10/dist-packages/airflow/example_dags/example_sla_dag.py took 0.074 seconds
[2022-06-14 18:49:49,339] {processor.py:153} INFO - Started process (PID=8298) to work on /usr/local/lib/python3.10/dist-packages/airflow/example_dags/example_sla_dag.py
[2022-06-14 18:49:49,340] {processor.py:641} INFO - Processing file /usr/local/lib/python3.10/dist-packages/airflow/example_dags/example_sla_dag.py for tasks to queue
[2022-06-14 18:49:49,341] {logging_mixin.py:115} INFO - [2022-06-14 18:49:49,340] {dagbag.py:507} INFO - Filling up the DagBag from /usr/local/lib/python3.10/dist-packages/airflow/example_dags/example_sla_dag.py
[2022-06-14 18:49:49,358] {processor.py:651} INFO - DAG(s) dict_keys(['example_sla_dag']) retrieved from /usr/local/lib/python3.10/dist-packages/airflow/example_dags/example_sla_dag.py
[2022-06-14 18:49:49,373] {logging_mixin.py:115} INFO - [2022-06-14 18:49:49,373] {dag.py:2371} INFO - Sync 1 DAGs
[2022-06-14 18:49:49,394] {logging_mixin.py:115} INFO - [2022-06-14 18:49:49,394] {dag.py:2915} INFO - Setting next_dagrun for example_sla_dag to 2022-06-14T13:16:00+00:00, run_after=2022-06-14T13:18:00+00:00
[2022-06-14 18:49:49,413] {processor.py:161} INFO - Processing /usr/local/lib/python3.10/dist-packages/airflow/example_dags/example_sla_dag.py took 0.077 seconds
[2022-06-14 18:50:30,134] {processor.py:153} INFO - Started process (PID=8382) to work on /usr/local/lib/python3.10/dist-packages/airflow/example_dags/example_sla_dag.py
[2022-06-14 18:50:30,135] {processor.py:641} INFO - Processing file /usr/local/lib/python3.10/dist-packages/airflow/example_dags/example_sla_dag.py for tasks to queue
[2022-06-14 18:50:30,135] {logging_mixin.py:115} INFO - [2022-06-14 18:50:30,135] {dagbag.py:507} INFO - Filling up the DagBag from /usr/local/lib/python3.10/dist-packages/airflow/example_dags/example_sla_dag.py
[2022-06-14 18:50:30,153] {processor.py:651} INFO - DAG(s) dict_keys(['example_sla_dag']) retrieved from /usr/local/lib/python3.10/dist-packages/airflow/example_dags/example_sla_dag.py
[2022-06-14 18:50:30,167] {logging_mixin.py:115} INFO - [2022-06-14 18:50:30,167] {dag.py:2371} INFO - Sync 1 DAGs
[2022-06-14 18:50:30,188] {logging_mixin.py:115} INFO - [2022-06-14 18:50:30,188] {dag.py:2915} INFO - Setting next_dagrun for example_sla_dag to 2022-06-14T13:18:00+00:00, run_after=2022-06-14T13:20:00+00:00
[2022-06-14 18:50:30,206] {processor.py:161} INFO - Processing /usr/local/lib/python3.10/dist-packages/airflow/example_dags/example_sla_dag.py took 0.075 seconds
[2022-06-14 18:51:13,177] {processor.py:153} INFO - Started process (PID=8474) to work on /usr/local/lib/python3.10/dist-packages/airflow/example_dags/example_sla_dag.py
[2022-06-14 18:51:13,177] {processor.py:641} INFO - Processing file /usr/local/lib/python3.10/dist-packages/airflow/example_dags/example_sla_dag.py for tasks to queue
[2022-06-14 18:51:13,178] {logging_mixin.py:115} INFO - [2022-06-14 18:51:13,178] {dagbag.py:507} INFO - Filling up the DagBag from /usr/local/lib/python3.10/dist-packages/airflow/example_dags/example_sla_dag.py
[2022-06-14 18:51:13,197] {processor.py:651} INFO - DAG(s) dict_keys(['example_sla_dag']) retrieved from /usr/local/lib/python3.10/dist-packages/airflow/example_dags/example_sla_dag.py
[2022-06-14 18:51:13,211] {logging_mixin.py:115} INFO - [2022-06-14 18:51:13,211] {dag.py:2371} INFO - Sync 1 DAGs
[2022-06-14 18:51:13,230] {logging_mixin.py:115} INFO - [2022-06-14 18:51:13,230] {dag.py:2915} INFO - Setting next_dagrun for example_sla_dag to 2022-06-14T13:18:00+00:00, run_after=2022-06-14T13:20:00+00:00
[2022-06-14 18:51:13,247] {processor.py:161} INFO - Processing /usr/local/lib/python3.10/dist-packages/airflow/example_dags/example_sla_dag.py took 0.073 seconds
[2022-06-14 18:51:53,724] {processor.py:153} INFO - Started process (PID=8538) to work on /usr/local/lib/python3.10/dist-packages/airflow/example_dags/example_sla_dag.py
[2022-06-14 18:51:53,725] {processor.py:641} INFO - Processing file /usr/local/lib/python3.10/dist-packages/airflow/example_dags/example_sla_dag.py for tasks to queue
[2022-06-14 18:51:53,725] {logging_mixin.py:115} INFO - [2022-06-14 18:51:53,725] {dagbag.py:507} INFO - Filling up the DagBag from /usr/local/lib/python3.10/dist-packages/airflow/example_dags/example_sla_dag.py
[2022-06-14 18:51:53,745] {processor.py:651} INFO - DAG(s) dict_keys(['example_sla_dag']) retrieved from /usr/local/lib/python3.10/dist-packages/airflow/example_dags/example_sla_dag.py
[2022-06-14 18:51:53,759] {logging_mixin.py:115} INFO - [2022-06-14 18:51:53,758] {dag.py:2371} INFO - Sync 1 DAGs
[2022-06-14 18:51:53,777] {logging_mixin.py:115} INFO - [2022-06-14 18:51:53,777] {dag.py:2915} INFO - Setting next_dagrun for example_sla_dag to 2022-06-14T13:18:00+00:00, run_after=2022-06-14T13:20:00+00:00
[2022-06-14 18:51:53,793] {processor.py:161} INFO - Processing /usr/local/lib/python3.10/dist-packages/airflow/example_dags/example_sla_dag.py took 0.073 seconds
[2022-06-14 18:52:34,220] {processor.py:153} INFO - Started process (PID=8599) to work on /usr/local/lib/python3.10/dist-packages/airflow/example_dags/example_sla_dag.py
[2022-06-14 18:52:34,221] {processor.py:641} INFO - Processing file /usr/local/lib/python3.10/dist-packages/airflow/example_dags/example_sla_dag.py for tasks to queue
[2022-06-14 18:52:34,221] {logging_mixin.py:115} INFO - [2022-06-14 18:52:34,221] {dagbag.py:507} INFO - Filling up the DagBag from /usr/local/lib/python3.10/dist-packages/airflow/example_dags/example_sla_dag.py
[2022-06-14 18:52:34,241] {processor.py:651} INFO - DAG(s) dict_keys(['example_sla_dag']) retrieved from /usr/local/lib/python3.10/dist-packages/airflow/example_dags/example_sla_dag.py
[2022-06-14 18:52:34,255] {logging_mixin.py:115} INFO - [2022-06-14 18:52:34,255] {dag.py:2371} INFO - Sync 1 DAGs
[2022-06-14 18:52:34,273] {logging_mixin.py:115} INFO - [2022-06-14 18:52:34,273] {dag.py:2915} INFO - Setting next_dagrun for example_sla_dag to 2022-06-14T13:20:00+00:00, run_after=2022-06-14T13:22:00+00:00
[2022-06-14 18:52:34,290] {processor.py:161} INFO - Processing /usr/local/lib/python3.10/dist-packages/airflow/example_dags/example_sla_dag.py took 0.073 seconds
[2022-06-14 18:53:11,717] {processor.py:153} INFO - Started process (PID=8677) to work on /usr/local/lib/python3.10/dist-packages/airflow/example_dags/example_sla_dag.py
[2022-06-14 18:53:11,718] {processor.py:641} INFO - Processing file /usr/local/lib/python3.10/dist-packages/airflow/example_dags/example_sla_dag.py for tasks to queue
[2022-06-14 18:53:11,718] {logging_mixin.py:115} INFO - [2022-06-14 18:53:11,718] {dagbag.py:507} INFO - Filling up the DagBag from /usr/local/lib/python3.10/dist-packages/airflow/example_dags/example_sla_dag.py
[2022-06-14 18:53:11,738] {processor.py:651} INFO - DAG(s) dict_keys(['example_sla_dag']) retrieved from /usr/local/lib/python3.10/dist-packages/airflow/example_dags/example_sla_dag.py
[2022-06-14 18:53:11,751] {logging_mixin.py:115} INFO - [2022-06-14 18:53:11,750] {dag.py:2371} INFO - Sync 1 DAGs
[2022-06-14 18:53:11,769] {logging_mixin.py:115} INFO - [2022-06-14 18:53:11,769] {dag.py:2915} INFO - Setting next_dagrun for example_sla_dag to 2022-06-14T13:20:00+00:00, run_after=2022-06-14T13:22:00+00:00
[2022-06-14 18:53:11,785] {processor.py:161} INFO - Processing /usr/local/lib/python3.10/dist-packages/airflow/example_dags/example_sla_dag.py took 0.071 seconds
[2022-06-14 18:53:47,604] {processor.py:153} INFO - Started process (PID=8732) to work on /usr/local/lib/python3.10/dist-packages/airflow/example_dags/example_sla_dag.py
[2022-06-14 18:53:47,605] {processor.py:641} INFO - Processing file /usr/local/lib/python3.10/dist-packages/airflow/example_dags/example_sla_dag.py for tasks to queue
[2022-06-14 18:53:47,605] {logging_mixin.py:115} INFO - [2022-06-14 18:53:47,605] {dagbag.py:507} INFO - Filling up the DagBag from /usr/local/lib/python3.10/dist-packages/airflow/example_dags/example_sla_dag.py
[2022-06-14 18:53:47,625] {processor.py:651} INFO - DAG(s) dict_keys(['example_sla_dag']) retrieved from /usr/local/lib/python3.10/dist-packages/airflow/example_dags/example_sla_dag.py
[2022-06-14 18:53:47,639] {logging_mixin.py:115} INFO - [2022-06-14 18:53:47,638] {dag.py:2371} INFO - Sync 1 DAGs
[2022-06-14 18:53:47,658] {logging_mixin.py:115} INFO - [2022-06-14 18:53:47,658] {dag.py:2915} INFO - Setting next_dagrun for example_sla_dag to 2022-06-14T13:20:00+00:00, run_after=2022-06-14T13:22:00+00:00
[2022-06-14 18:53:47,675] {processor.py:161} INFO - Processing /usr/local/lib/python3.10/dist-packages/airflow/example_dags/example_sla_dag.py took 0.074 seconds
[2022-06-14 18:54:29,121] {processor.py:153} INFO - Started process (PID=8796) to work on /usr/local/lib/python3.10/dist-packages/airflow/example_dags/example_sla_dag.py
[2022-06-14 18:54:29,121] {processor.py:641} INFO - Processing file /usr/local/lib/python3.10/dist-packages/airflow/example_dags/example_sla_dag.py for tasks to queue
[2022-06-14 18:54:29,122] {logging_mixin.py:115} INFO - [2022-06-14 18:54:29,122] {dagbag.py:507} INFO - Filling up the DagBag from /usr/local/lib/python3.10/dist-packages/airflow/example_dags/example_sla_dag.py
[2022-06-14 18:54:29,143] {processor.py:651} INFO - DAG(s) dict_keys(['example_sla_dag']) retrieved from /usr/local/lib/python3.10/dist-packages/airflow/example_dags/example_sla_dag.py
[2022-06-14 18:54:29,157] {logging_mixin.py:115} INFO - [2022-06-14 18:54:29,157] {dag.py:2371} INFO - Sync 1 DAGs
[2022-06-14 18:54:29,176] {logging_mixin.py:115} INFO - [2022-06-14 18:54:29,176] {dag.py:2915} INFO - Setting next_dagrun for example_sla_dag to 2022-06-14T13:22:00+00:00, run_after=2022-06-14T13:24:00+00:00
[2022-06-14 18:54:29,194] {processor.py:161} INFO - Processing /usr/local/lib/python3.10/dist-packages/airflow/example_dags/example_sla_dag.py took 0.077 seconds
[2022-06-14 18:55:11,652] {processor.py:153} INFO - Started process (PID=8854) to work on /usr/local/lib/python3.10/dist-packages/airflow/example_dags/example_sla_dag.py
[2022-06-14 18:55:11,653] {processor.py:641} INFO - Processing file /usr/local/lib/python3.10/dist-packages/airflow/example_dags/example_sla_dag.py for tasks to queue
[2022-06-14 18:55:11,653] {logging_mixin.py:115} INFO - [2022-06-14 18:55:11,653] {dagbag.py:507} INFO - Filling up the DagBag from /usr/local/lib/python3.10/dist-packages/airflow/example_dags/example_sla_dag.py
[2022-06-14 18:55:11,674] {processor.py:651} INFO - DAG(s) dict_keys(['example_sla_dag']) retrieved from /usr/local/lib/python3.10/dist-packages/airflow/example_dags/example_sla_dag.py
[2022-06-14 18:55:11,687] {logging_mixin.py:115} INFO - [2022-06-14 18:55:11,687] {dag.py:2371} INFO - Sync 1 DAGs
[2022-06-14 18:55:11,709] {logging_mixin.py:115} INFO - [2022-06-14 18:55:11,709] {dag.py:2915} INFO - Setting next_dagrun for example_sla_dag to 2022-06-14T13:22:00+00:00, run_after=2022-06-14T13:24:00+00:00
[2022-06-14 18:55:11,726] {processor.py:161} INFO - Processing /usr/local/lib/python3.10/dist-packages/airflow/example_dags/example_sla_dag.py took 0.077 seconds
[2022-06-14 18:55:55,692] {processor.py:153} INFO - Started process (PID=8908) to work on /usr/local/lib/python3.10/dist-packages/airflow/example_dags/example_sla_dag.py
[2022-06-14 18:55:55,692] {processor.py:641} INFO - Processing file /usr/local/lib/python3.10/dist-packages/airflow/example_dags/example_sla_dag.py for tasks to queue
[2022-06-14 18:55:55,693] {logging_mixin.py:115} INFO - [2022-06-14 18:55:55,693] {dagbag.py:507} INFO - Filling up the DagBag from /usr/local/lib/python3.10/dist-packages/airflow/example_dags/example_sla_dag.py
[2022-06-14 18:55:55,713] {processor.py:651} INFO - DAG(s) dict_keys(['example_sla_dag']) retrieved from /usr/local/lib/python3.10/dist-packages/airflow/example_dags/example_sla_dag.py
[2022-06-14 18:55:55,727] {logging_mixin.py:115} INFO - [2022-06-14 18:55:55,727] {dag.py:2371} INFO - Sync 1 DAGs
[2022-06-14 18:55:55,746] {logging_mixin.py:115} INFO - [2022-06-14 18:55:55,746] {dag.py:2915} INFO - Setting next_dagrun for example_sla_dag to 2022-06-14T13:22:00+00:00, run_after=2022-06-14T13:24:00+00:00
[2022-06-14 18:55:55,762] {processor.py:161} INFO - Processing /usr/local/lib/python3.10/dist-packages/airflow/example_dags/example_sla_dag.py took 0.074 seconds
[2022-06-14 18:56:36,984] {processor.py:153} INFO - Started process (PID=8963) to work on /usr/local/lib/python3.10/dist-packages/airflow/example_dags/example_sla_dag.py
[2022-06-14 18:56:36,984] {processor.py:641} INFO - Processing file /usr/local/lib/python3.10/dist-packages/airflow/example_dags/example_sla_dag.py for tasks to queue
[2022-06-14 18:56:36,985] {logging_mixin.py:115} INFO - [2022-06-14 18:56:36,985] {dagbag.py:507} INFO - Filling up the DagBag from /usr/local/lib/python3.10/dist-packages/airflow/example_dags/example_sla_dag.py
[2022-06-14 18:56:37,005] {processor.py:651} INFO - DAG(s) dict_keys(['example_sla_dag']) retrieved from /usr/local/lib/python3.10/dist-packages/airflow/example_dags/example_sla_dag.py
[2022-06-14 18:56:37,019] {logging_mixin.py:115} INFO - [2022-06-14 18:56:37,019] {dag.py:2371} INFO - Sync 1 DAGs
[2022-06-14 18:56:37,039] {logging_mixin.py:115} INFO - [2022-06-14 18:56:37,039] {dag.py:2915} INFO - Setting next_dagrun for example_sla_dag to 2022-06-14T13:24:00+00:00, run_after=2022-06-14T13:26:00+00:00
[2022-06-14 18:56:37,056] {processor.py:161} INFO - Processing /usr/local/lib/python3.10/dist-packages/airflow/example_dags/example_sla_dag.py took 0.076 seconds
[2022-06-14 18:57:14,368] {processor.py:153} INFO - Started process (PID=9024) to work on /usr/local/lib/python3.10/dist-packages/airflow/example_dags/example_sla_dag.py
[2022-06-14 18:57:14,369] {processor.py:641} INFO - Processing file /usr/local/lib/python3.10/dist-packages/airflow/example_dags/example_sla_dag.py for tasks to queue
[2022-06-14 18:57:14,370] {logging_mixin.py:115} INFO - [2022-06-14 18:57:14,369] {dagbag.py:507} INFO - Filling up the DagBag from /usr/local/lib/python3.10/dist-packages/airflow/example_dags/example_sla_dag.py
[2022-06-14 18:57:14,390] {processor.py:651} INFO - DAG(s) dict_keys(['example_sla_dag']) retrieved from /usr/local/lib/python3.10/dist-packages/airflow/example_dags/example_sla_dag.py
[2022-06-14 18:57:14,403] {logging_mixin.py:115} INFO - [2022-06-14 18:57:14,403] {dag.py:2371} INFO - Sync 1 DAGs
[2022-06-14 18:57:14,422] {logging_mixin.py:115} INFO - [2022-06-14 18:57:14,422] {dag.py:2915} INFO - Setting next_dagrun for example_sla_dag to 2022-06-14T13:24:00+00:00, run_after=2022-06-14T13:26:00+00:00
[2022-06-14 18:57:14,439] {processor.py:161} INFO - Processing /usr/local/lib/python3.10/dist-packages/airflow/example_dags/example_sla_dag.py took 0.073 seconds
[2022-06-14 18:57:56,872] {processor.py:153} INFO - Started process (PID=9100) to work on /usr/local/lib/python3.10/dist-packages/airflow/example_dags/example_sla_dag.py
[2022-06-14 18:57:56,873] {processor.py:641} INFO - Processing file /usr/local/lib/python3.10/dist-packages/airflow/example_dags/example_sla_dag.py for tasks to queue
[2022-06-14 18:57:56,873] {logging_mixin.py:115} INFO - [2022-06-14 18:57:56,873] {dagbag.py:507} INFO - Filling up the DagBag from /usr/local/lib/python3.10/dist-packages/airflow/example_dags/example_sla_dag.py
[2022-06-14 18:57:56,891] {processor.py:651} INFO - DAG(s) dict_keys(['example_sla_dag']) retrieved from /usr/local/lib/python3.10/dist-packages/airflow/example_dags/example_sla_dag.py
[2022-06-14 18:57:56,904] {logging_mixin.py:115} INFO - [2022-06-14 18:57:56,904] {dag.py:2371} INFO - Sync 1 DAGs
[2022-06-14 18:57:56,924] {logging_mixin.py:115} INFO - [2022-06-14 18:57:56,924] {dag.py:2915} INFO - Setting next_dagrun for example_sla_dag to 2022-06-14T13:24:00+00:00, run_after=2022-06-14T13:26:00+00:00
[2022-06-14 18:57:56,941] {processor.py:161} INFO - Processing /usr/local/lib/python3.10/dist-packages/airflow/example_dags/example_sla_dag.py took 0.072 seconds
[2022-06-14 18:58:32,896] {processor.py:153} INFO - Started process (PID=9151) to work on /usr/local/lib/python3.10/dist-packages/airflow/example_dags/example_sla_dag.py
[2022-06-14 18:58:32,896] {processor.py:641} INFO - Processing file /usr/local/lib/python3.10/dist-packages/airflow/example_dags/example_sla_dag.py for tasks to queue
[2022-06-14 18:58:32,897] {logging_mixin.py:115} INFO - [2022-06-14 18:58:32,897] {dagbag.py:507} INFO - Filling up the DagBag from /usr/local/lib/python3.10/dist-packages/airflow/example_dags/example_sla_dag.py
[2022-06-14 18:58:32,915] {processor.py:651} INFO - DAG(s) dict_keys(['example_sla_dag']) retrieved from /usr/local/lib/python3.10/dist-packages/airflow/example_dags/example_sla_dag.py
[2022-06-14 18:58:32,929] {logging_mixin.py:115} INFO - [2022-06-14 18:58:32,929] {dag.py:2371} INFO - Sync 1 DAGs
[2022-06-14 18:58:32,950] {logging_mixin.py:115} INFO - [2022-06-14 18:58:32,950] {dag.py:2915} INFO - Setting next_dagrun for example_sla_dag to 2022-06-14T13:26:00+00:00, run_after=2022-06-14T13:28:00+00:00
[2022-06-14 18:58:32,968] {processor.py:161} INFO - Processing /usr/local/lib/python3.10/dist-packages/airflow/example_dags/example_sla_dag.py took 0.075 seconds
[2022-06-14 18:59:17,005] {processor.py:153} INFO - Started process (PID=9215) to work on /usr/local/lib/python3.10/dist-packages/airflow/example_dags/example_sla_dag.py
[2022-06-14 18:59:17,006] {processor.py:641} INFO - Processing file /usr/local/lib/python3.10/dist-packages/airflow/example_dags/example_sla_dag.py for tasks to queue
[2022-06-14 18:59:17,006] {logging_mixin.py:115} INFO - [2022-06-14 18:59:17,006] {dagbag.py:507} INFO - Filling up the DagBag from /usr/local/lib/python3.10/dist-packages/airflow/example_dags/example_sla_dag.py
[2022-06-14 18:59:17,024] {processor.py:651} INFO - DAG(s) dict_keys(['example_sla_dag']) retrieved from /usr/local/lib/python3.10/dist-packages/airflow/example_dags/example_sla_dag.py
[2022-06-14 18:59:17,038] {logging_mixin.py:115} INFO - [2022-06-14 18:59:17,038] {dag.py:2371} INFO - Sync 1 DAGs
[2022-06-14 18:59:17,059] {logging_mixin.py:115} INFO - [2022-06-14 18:59:17,059] {dag.py:2915} INFO - Setting next_dagrun for example_sla_dag to 2022-06-14T13:26:00+00:00, run_after=2022-06-14T13:28:00+00:00
[2022-06-14 18:59:17,076] {processor.py:161} INFO - Processing /usr/local/lib/python3.10/dist-packages/airflow/example_dags/example_sla_dag.py took 0.074 seconds
[2022-06-14 18:59:56,534] {processor.py:153} INFO - Started process (PID=9280) to work on /usr/local/lib/python3.10/dist-packages/airflow/example_dags/example_sla_dag.py
[2022-06-14 18:59:56,535] {processor.py:641} INFO - Processing file /usr/local/lib/python3.10/dist-packages/airflow/example_dags/example_sla_dag.py for tasks to queue
[2022-06-14 18:59:56,535] {logging_mixin.py:115} INFO - [2022-06-14 18:59:56,535] {dagbag.py:507} INFO - Filling up the DagBag from /usr/local/lib/python3.10/dist-packages/airflow/example_dags/example_sla_dag.py
[2022-06-14 18:59:56,552] {processor.py:651} INFO - DAG(s) dict_keys(['example_sla_dag']) retrieved from /usr/local/lib/python3.10/dist-packages/airflow/example_dags/example_sla_dag.py
[2022-06-14 18:59:56,565] {logging_mixin.py:115} INFO - [2022-06-14 18:59:56,565] {dag.py:2371} INFO - Sync 1 DAGs
[2022-06-14 18:59:56,586] {logging_mixin.py:115} INFO - [2022-06-14 18:59:56,585] {dag.py:2915} INFO - Setting next_dagrun for example_sla_dag to 2022-06-14T13:26:00+00:00, run_after=2022-06-14T13:28:00+00:00
[2022-06-14 18:59:56,603] {processor.py:161} INFO - Processing /usr/local/lib/python3.10/dist-packages/airflow/example_dags/example_sla_dag.py took 0.071 seconds
[2022-06-14 19:00:40,600] {processor.py:153} INFO - Started process (PID=9351) to work on /usr/local/lib/python3.10/dist-packages/airflow/example_dags/example_sla_dag.py
[2022-06-14 19:00:40,601] {processor.py:641} INFO - Processing file /usr/local/lib/python3.10/dist-packages/airflow/example_dags/example_sla_dag.py for tasks to queue
[2022-06-14 19:00:40,601] {logging_mixin.py:115} INFO - [2022-06-14 19:00:40,601] {dagbag.py:507} INFO - Filling up the DagBag from /usr/local/lib/python3.10/dist-packages/airflow/example_dags/example_sla_dag.py
[2022-06-14 19:00:40,619] {processor.py:651} INFO - DAG(s) dict_keys(['example_sla_dag']) retrieved from /usr/local/lib/python3.10/dist-packages/airflow/example_dags/example_sla_dag.py
[2022-06-14 19:00:40,633] {logging_mixin.py:115} INFO - [2022-06-14 19:00:40,633] {dag.py:2371} INFO - Sync 1 DAGs
[2022-06-14 19:00:40,653] {logging_mixin.py:115} INFO - [2022-06-14 19:00:40,653] {dag.py:2915} INFO - Setting next_dagrun for example_sla_dag to 2022-06-14T13:28:00+00:00, run_after=2022-06-14T13:30:00+00:00
[2022-06-14 19:00:40,670] {processor.py:161} INFO - Processing /usr/local/lib/python3.10/dist-packages/airflow/example_dags/example_sla_dag.py took 0.073 seconds
[2022-06-14 19:01:24,527] {processor.py:153} INFO - Started process (PID=9412) to work on /usr/local/lib/python3.10/dist-packages/airflow/example_dags/example_sla_dag.py
[2022-06-14 19:01:24,527] {processor.py:641} INFO - Processing file /usr/local/lib/python3.10/dist-packages/airflow/example_dags/example_sla_dag.py for tasks to queue
[2022-06-14 19:01:24,528] {logging_mixin.py:115} INFO - [2022-06-14 19:01:24,528] {dagbag.py:507} INFO - Filling up the DagBag from /usr/local/lib/python3.10/dist-packages/airflow/example_dags/example_sla_dag.py
[2022-06-14 19:01:24,546] {processor.py:651} INFO - DAG(s) dict_keys(['example_sla_dag']) retrieved from /usr/local/lib/python3.10/dist-packages/airflow/example_dags/example_sla_dag.py
[2022-06-14 19:01:24,560] {logging_mixin.py:115} INFO - [2022-06-14 19:01:24,560] {dag.py:2371} INFO - Sync 1 DAGs
[2022-06-14 19:01:24,581] {logging_mixin.py:115} INFO - [2022-06-14 19:01:24,581] {dag.py:2915} INFO - Setting next_dagrun for example_sla_dag to 2022-06-14T13:28:00+00:00, run_after=2022-06-14T13:30:00+00:00
[2022-06-14 19:01:24,598] {processor.py:161} INFO - Processing /usr/local/lib/python3.10/dist-packages/airflow/example_dags/example_sla_dag.py took 0.074 seconds
[2022-06-14 19:02:01,915] {processor.py:153} INFO - Started process (PID=9466) to work on /usr/local/lib/python3.10/dist-packages/airflow/example_dags/example_sla_dag.py
[2022-06-14 19:02:01,916] {processor.py:641} INFO - Processing file /usr/local/lib/python3.10/dist-packages/airflow/example_dags/example_sla_dag.py for tasks to queue
[2022-06-14 19:02:01,916] {logging_mixin.py:115} INFO - [2022-06-14 19:02:01,916] {dagbag.py:507} INFO - Filling up the DagBag from /usr/local/lib/python3.10/dist-packages/airflow/example_dags/example_sla_dag.py
[2022-06-14 19:02:01,935] {processor.py:651} INFO - DAG(s) dict_keys(['example_sla_dag']) retrieved from /usr/local/lib/python3.10/dist-packages/airflow/example_dags/example_sla_dag.py
[2022-06-14 19:02:01,950] {logging_mixin.py:115} INFO - [2022-06-14 19:02:01,949] {dag.py:2371} INFO - Sync 1 DAGs
[2022-06-14 19:02:01,970] {logging_mixin.py:115} INFO - [2022-06-14 19:02:01,970] {dag.py:2915} INFO - Setting next_dagrun for example_sla_dag to 2022-06-14T13:30:00+00:00, run_after=2022-06-14T13:32:00+00:00
[2022-06-14 19:02:02,009] {processor.py:161} INFO - Processing /usr/local/lib/python3.10/dist-packages/airflow/example_dags/example_sla_dag.py took 0.096 seconds
[2022-06-14 19:02:45,872] {processor.py:153} INFO - Started process (PID=9539) to work on /usr/local/lib/python3.10/dist-packages/airflow/example_dags/example_sla_dag.py
[2022-06-14 19:02:45,873] {processor.py:641} INFO - Processing file /usr/local/lib/python3.10/dist-packages/airflow/example_dags/example_sla_dag.py for tasks to queue
[2022-06-14 19:02:45,873] {logging_mixin.py:115} INFO - [2022-06-14 19:02:45,873] {dagbag.py:507} INFO - Filling up the DagBag from /usr/local/lib/python3.10/dist-packages/airflow/example_dags/example_sla_dag.py
[2022-06-14 19:02:45,890] {processor.py:651} INFO - DAG(s) dict_keys(['example_sla_dag']) retrieved from /usr/local/lib/python3.10/dist-packages/airflow/example_dags/example_sla_dag.py
[2022-06-14 19:02:45,903] {logging_mixin.py:115} INFO - [2022-06-14 19:02:45,903] {dag.py:2371} INFO - Sync 1 DAGs
[2022-06-14 19:02:45,922] {logging_mixin.py:115} INFO - [2022-06-14 19:02:45,922] {dag.py:2915} INFO - Setting next_dagrun for example_sla_dag to 2022-06-14T13:30:00+00:00, run_after=2022-06-14T13:32:00+00:00
[2022-06-14 19:02:45,939] {processor.py:161} INFO - Processing /usr/local/lib/python3.10/dist-packages/airflow/example_dags/example_sla_dag.py took 0.069 seconds
[2022-06-14 19:03:24,493] {processor.py:153} INFO - Started process (PID=9612) to work on /usr/local/lib/python3.10/dist-packages/airflow/example_dags/example_sla_dag.py
[2022-06-14 19:03:24,494] {processor.py:641} INFO - Processing file /usr/local/lib/python3.10/dist-packages/airflow/example_dags/example_sla_dag.py for tasks to queue
[2022-06-14 19:03:24,494] {logging_mixin.py:115} INFO - [2022-06-14 19:03:24,494] {dagbag.py:507} INFO - Filling up the DagBag from /usr/local/lib/python3.10/dist-packages/airflow/example_dags/example_sla_dag.py
[2022-06-14 19:03:24,512] {processor.py:651} INFO - DAG(s) dict_keys(['example_sla_dag']) retrieved from /usr/local/lib/python3.10/dist-packages/airflow/example_dags/example_sla_dag.py
[2022-06-14 19:03:24,527] {logging_mixin.py:115} INFO - [2022-06-14 19:03:24,527] {dag.py:2371} INFO - Sync 1 DAGs
[2022-06-14 19:03:24,548] {logging_mixin.py:115} INFO - [2022-06-14 19:03:24,547] {dag.py:2915} INFO - Setting next_dagrun for example_sla_dag to 2022-06-14T13:30:00+00:00, run_after=2022-06-14T13:32:00+00:00
[2022-06-14 19:03:24,564] {processor.py:161} INFO - Processing /usr/local/lib/python3.10/dist-packages/airflow/example_dags/example_sla_dag.py took 0.074 seconds
[2022-06-14 19:04:09,059] {processor.py:153} INFO - Started process (PID=9675) to work on /usr/local/lib/python3.10/dist-packages/airflow/example_dags/example_sla_dag.py
[2022-06-14 19:04:09,060] {processor.py:641} INFO - Processing file /usr/local/lib/python3.10/dist-packages/airflow/example_dags/example_sla_dag.py for tasks to queue
[2022-06-14 19:04:09,060] {logging_mixin.py:115} INFO - [2022-06-14 19:04:09,060] {dagbag.py:507} INFO - Filling up the DagBag from /usr/local/lib/python3.10/dist-packages/airflow/example_dags/example_sla_dag.py
[2022-06-14 19:04:09,077] {processor.py:651} INFO - DAG(s) dict_keys(['example_sla_dag']) retrieved from /usr/local/lib/python3.10/dist-packages/airflow/example_dags/example_sla_dag.py
[2022-06-14 19:04:09,091] {logging_mixin.py:115} INFO - [2022-06-14 19:04:09,091] {dag.py:2371} INFO - Sync 1 DAGs
[2022-06-14 19:04:09,110] {logging_mixin.py:115} INFO - [2022-06-14 19:04:09,110] {dag.py:2915} INFO - Setting next_dagrun for example_sla_dag to 2022-06-14T13:32:00+00:00, run_after=2022-06-14T13:34:00+00:00
[2022-06-14 19:04:09,128] {processor.py:161} INFO - Processing /usr/local/lib/python3.10/dist-packages/airflow/example_dags/example_sla_dag.py took 0.072 seconds
[2022-06-14 19:04:52,024] {processor.py:153} INFO - Started process (PID=9731) to work on /usr/local/lib/python3.10/dist-packages/airflow/example_dags/example_sla_dag.py
[2022-06-14 19:04:52,026] {processor.py:641} INFO - Processing file /usr/local/lib/python3.10/dist-packages/airflow/example_dags/example_sla_dag.py for tasks to queue
[2022-06-14 19:04:52,026] {logging_mixin.py:115} INFO - [2022-06-14 19:04:52,026] {dagbag.py:507} INFO - Filling up the DagBag from /usr/local/lib/python3.10/dist-packages/airflow/example_dags/example_sla_dag.py
[2022-06-14 19:04:52,043] {processor.py:651} INFO - DAG(s) dict_keys(['example_sla_dag']) retrieved from /usr/local/lib/python3.10/dist-packages/airflow/example_dags/example_sla_dag.py
[2022-06-14 19:04:52,057] {logging_mixin.py:115} INFO - [2022-06-14 19:04:52,057] {dag.py:2371} INFO - Sync 1 DAGs
[2022-06-14 19:04:52,077] {logging_mixin.py:115} INFO - [2022-06-14 19:04:52,076] {dag.py:2915} INFO - Setting next_dagrun for example_sla_dag to 2022-06-14T13:32:00+00:00, run_after=2022-06-14T13:34:00+00:00
[2022-06-14 19:04:52,093] {processor.py:161} INFO - Processing /usr/local/lib/python3.10/dist-packages/airflow/example_dags/example_sla_dag.py took 0.072 seconds
[2022-06-14 19:05:33,291] {processor.py:153} INFO - Started process (PID=9787) to work on /usr/local/lib/python3.10/dist-packages/airflow/example_dags/example_sla_dag.py
[2022-06-14 19:05:33,291] {processor.py:641} INFO - Processing file /usr/local/lib/python3.10/dist-packages/airflow/example_dags/example_sla_dag.py for tasks to queue
[2022-06-14 19:05:33,292] {logging_mixin.py:115} INFO - [2022-06-14 19:05:33,291] {dagbag.py:507} INFO - Filling up the DagBag from /usr/local/lib/python3.10/dist-packages/airflow/example_dags/example_sla_dag.py
[2022-06-14 19:05:33,309] {processor.py:651} INFO - DAG(s) dict_keys(['example_sla_dag']) retrieved from /usr/local/lib/python3.10/dist-packages/airflow/example_dags/example_sla_dag.py
[2022-06-14 19:05:33,324] {logging_mixin.py:115} INFO - [2022-06-14 19:05:33,324] {dag.py:2371} INFO - Sync 1 DAGs
[2022-06-14 19:05:33,345] {logging_mixin.py:115} INFO - [2022-06-14 19:05:33,345] {dag.py:2915} INFO - Setting next_dagrun for example_sla_dag to 2022-06-14T13:32:00+00:00, run_after=2022-06-14T13:34:00+00:00
[2022-06-14 19:05:33,362] {processor.py:161} INFO - Processing /usr/local/lib/python3.10/dist-packages/airflow/example_dags/example_sla_dag.py took 0.074 seconds
[2022-06-14 19:06:11,578] {processor.py:153} INFO - Started process (PID=9844) to work on /usr/local/lib/python3.10/dist-packages/airflow/example_dags/example_sla_dag.py
[2022-06-14 19:06:11,579] {processor.py:641} INFO - Processing file /usr/local/lib/python3.10/dist-packages/airflow/example_dags/example_sla_dag.py for tasks to queue
[2022-06-14 19:06:11,579] {logging_mixin.py:115} INFO - [2022-06-14 19:06:11,579] {dagbag.py:507} INFO - Filling up the DagBag from /usr/local/lib/python3.10/dist-packages/airflow/example_dags/example_sla_dag.py
[2022-06-14 19:06:11,597] {processor.py:651} INFO - DAG(s) dict_keys(['example_sla_dag']) retrieved from /usr/local/lib/python3.10/dist-packages/airflow/example_dags/example_sla_dag.py
[2022-06-14 19:06:11,611] {logging_mixin.py:115} INFO - [2022-06-14 19:06:11,611] {dag.py:2371} INFO - Sync 1 DAGs
[2022-06-14 19:06:11,632] {logging_mixin.py:115} INFO - [2022-06-14 19:06:11,632] {dag.py:2915} INFO - Setting next_dagrun for example_sla_dag to 2022-06-14T13:34:00+00:00, run_after=2022-06-14T13:36:00+00:00
[2022-06-14 19:06:11,650] {processor.py:161} INFO - Processing /usr/local/lib/python3.10/dist-packages/airflow/example_dags/example_sla_dag.py took 0.074 seconds
[2022-06-14 19:06:50,527] {processor.py:153} INFO - Started process (PID=9897) to work on /usr/local/lib/python3.10/dist-packages/airflow/example_dags/example_sla_dag.py
[2022-06-14 19:06:50,528] {processor.py:641} INFO - Processing file /usr/local/lib/python3.10/dist-packages/airflow/example_dags/example_sla_dag.py for tasks to queue
[2022-06-14 19:06:50,528] {logging_mixin.py:115} INFO - [2022-06-14 19:06:50,528] {dagbag.py:507} INFO - Filling up the DagBag from /usr/local/lib/python3.10/dist-packages/airflow/example_dags/example_sla_dag.py
[2022-06-14 19:06:50,546] {processor.py:651} INFO - DAG(s) dict_keys(['example_sla_dag']) retrieved from /usr/local/lib/python3.10/dist-packages/airflow/example_dags/example_sla_dag.py
[2022-06-14 19:06:50,560] {logging_mixin.py:115} INFO - [2022-06-14 19:06:50,560] {dag.py:2371} INFO - Sync 1 DAGs
[2022-06-14 19:06:50,581] {logging_mixin.py:115} INFO - [2022-06-14 19:06:50,581] {dag.py:2915} INFO - Setting next_dagrun for example_sla_dag to 2022-06-14T13:34:00+00:00, run_after=2022-06-14T13:36:00+00:00
[2022-06-14 19:06:50,598] {processor.py:161} INFO - Processing /usr/local/lib/python3.10/dist-packages/airflow/example_dags/example_sla_dag.py took 0.074 seconds
[2022-06-14 19:07:31,821] {processor.py:153} INFO - Started process (PID=9956) to work on /usr/local/lib/python3.10/dist-packages/airflow/example_dags/example_sla_dag.py
[2022-06-14 19:07:31,822] {processor.py:641} INFO - Processing file /usr/local/lib/python3.10/dist-packages/airflow/example_dags/example_sla_dag.py for tasks to queue
[2022-06-14 19:07:31,822] {logging_mixin.py:115} INFO - [2022-06-14 19:07:31,822] {dagbag.py:507} INFO - Filling up the DagBag from /usr/local/lib/python3.10/dist-packages/airflow/example_dags/example_sla_dag.py
[2022-06-14 19:07:31,840] {processor.py:651} INFO - DAG(s) dict_keys(['example_sla_dag']) retrieved from /usr/local/lib/python3.10/dist-packages/airflow/example_dags/example_sla_dag.py
[2022-06-14 19:07:31,854] {logging_mixin.py:115} INFO - [2022-06-14 19:07:31,854] {dag.py:2371} INFO - Sync 1 DAGs
[2022-06-14 19:07:31,874] {logging_mixin.py:115} INFO - [2022-06-14 19:07:31,874] {dag.py:2915} INFO - Setting next_dagrun for example_sla_dag to 2022-06-14T13:34:00+00:00, run_after=2022-06-14T13:36:00+00:00
[2022-06-14 19:07:31,891] {processor.py:161} INFO - Processing /usr/local/lib/python3.10/dist-packages/airflow/example_dags/example_sla_dag.py took 0.072 seconds
[2022-06-14 19:08:11,266] {processor.py:153} INFO - Started process (PID=10013) to work on /usr/local/lib/python3.10/dist-packages/airflow/example_dags/example_sla_dag.py
[2022-06-14 19:08:11,266] {processor.py:641} INFO - Processing file /usr/local/lib/python3.10/dist-packages/airflow/example_dags/example_sla_dag.py for tasks to queue
[2022-06-14 19:08:11,267] {logging_mixin.py:115} INFO - [2022-06-14 19:08:11,267] {dagbag.py:507} INFO - Filling up the DagBag from /usr/local/lib/python3.10/dist-packages/airflow/example_dags/example_sla_dag.py
[2022-06-14 19:08:11,284] {processor.py:651} INFO - DAG(s) dict_keys(['example_sla_dag']) retrieved from /usr/local/lib/python3.10/dist-packages/airflow/example_dags/example_sla_dag.py
[2022-06-14 19:08:11,299] {logging_mixin.py:115} INFO - [2022-06-14 19:08:11,298] {dag.py:2371} INFO - Sync 1 DAGs
[2022-06-14 19:08:11,319] {logging_mixin.py:115} INFO - [2022-06-14 19:08:11,319] {dag.py:2915} INFO - Setting next_dagrun for example_sla_dag to 2022-06-14T13:36:00+00:00, run_after=2022-06-14T13:38:00+00:00
[2022-06-14 19:08:11,337] {processor.py:161} INFO - Processing /usr/local/lib/python3.10/dist-packages/airflow/example_dags/example_sla_dag.py took 0.074 seconds
[2022-06-14 19:08:52,680] {processor.py:153} INFO - Started process (PID=10071) to work on /usr/local/lib/python3.10/dist-packages/airflow/example_dags/example_sla_dag.py
[2022-06-14 19:08:52,681] {processor.py:641} INFO - Processing file /usr/local/lib/python3.10/dist-packages/airflow/example_dags/example_sla_dag.py for tasks to queue
[2022-06-14 19:08:52,681] {logging_mixin.py:115} INFO - [2022-06-14 19:08:52,681] {dagbag.py:507} INFO - Filling up the DagBag from /usr/local/lib/python3.10/dist-packages/airflow/example_dags/example_sla_dag.py
[2022-06-14 19:08:52,699] {processor.py:651} INFO - DAG(s) dict_keys(['example_sla_dag']) retrieved from /usr/local/lib/python3.10/dist-packages/airflow/example_dags/example_sla_dag.py
[2022-06-14 19:08:52,713] {logging_mixin.py:115} INFO - [2022-06-14 19:08:52,713] {dag.py:2371} INFO - Sync 1 DAGs
[2022-06-14 19:08:52,734] {logging_mixin.py:115} INFO - [2022-06-14 19:08:52,734] {dag.py:2915} INFO - Setting next_dagrun for example_sla_dag to 2022-06-14T13:36:00+00:00, run_after=2022-06-14T13:38:00+00:00
[2022-06-14 19:08:52,753] {processor.py:161} INFO - Processing /usr/local/lib/python3.10/dist-packages/airflow/example_dags/example_sla_dag.py took 0.076 seconds
[2022-06-14 19:09:36,807] {processor.py:153} INFO - Started process (PID=10132) to work on /usr/local/lib/python3.10/dist-packages/airflow/example_dags/example_sla_dag.py
[2022-06-14 19:09:36,807] {processor.py:641} INFO - Processing file /usr/local/lib/python3.10/dist-packages/airflow/example_dags/example_sla_dag.py for tasks to queue
[2022-06-14 19:09:36,808] {logging_mixin.py:115} INFO - [2022-06-14 19:09:36,808] {dagbag.py:507} INFO - Filling up the DagBag from /usr/local/lib/python3.10/dist-packages/airflow/example_dags/example_sla_dag.py
[2022-06-14 19:09:36,825] {processor.py:651} INFO - DAG(s) dict_keys(['example_sla_dag']) retrieved from /usr/local/lib/python3.10/dist-packages/airflow/example_dags/example_sla_dag.py
[2022-06-14 19:09:36,839] {logging_mixin.py:115} INFO - [2022-06-14 19:09:36,839] {dag.py:2371} INFO - Sync 1 DAGs
[2022-06-14 19:09:36,859] {logging_mixin.py:115} INFO - [2022-06-14 19:09:36,859] {dag.py:2915} INFO - Setting next_dagrun for example_sla_dag to 2022-06-14T13:36:00+00:00, run_after=2022-06-14T13:38:00+00:00
[2022-06-14 19:09:36,876] {processor.py:161} INFO - Processing /usr/local/lib/python3.10/dist-packages/airflow/example_dags/example_sla_dag.py took 0.072 seconds
[2022-06-14 19:10:19,783] {processor.py:153} INFO - Started process (PID=10217) to work on /usr/local/lib/python3.10/dist-packages/airflow/example_dags/example_sla_dag.py
[2022-06-14 19:10:19,784] {processor.py:641} INFO - Processing file /usr/local/lib/python3.10/dist-packages/airflow/example_dags/example_sla_dag.py for tasks to queue
[2022-06-14 19:10:19,785] {logging_mixin.py:115} INFO - [2022-06-14 19:10:19,785] {dagbag.py:507} INFO - Filling up the DagBag from /usr/local/lib/python3.10/dist-packages/airflow/example_dags/example_sla_dag.py
[2022-06-14 19:10:19,803] {processor.py:651} INFO - DAG(s) dict_keys(['example_sla_dag']) retrieved from /usr/local/lib/python3.10/dist-packages/airflow/example_dags/example_sla_dag.py
[2022-06-14 19:10:19,817] {logging_mixin.py:115} INFO - [2022-06-14 19:10:19,817] {dag.py:2371} INFO - Sync 1 DAGs
[2022-06-14 19:10:19,838] {logging_mixin.py:115} INFO - [2022-06-14 19:10:19,838] {dag.py:2915} INFO - Setting next_dagrun for example_sla_dag to 2022-06-14T13:38:00+00:00, run_after=2022-06-14T13:40:00+00:00
[2022-06-14 19:10:19,856] {processor.py:161} INFO - Processing /usr/local/lib/python3.10/dist-packages/airflow/example_dags/example_sla_dag.py took 0.075 seconds
