[2022-06-14 18:33:37,506] {processor.py:153} INFO - Started process (PID=6622) to work on /usr/local/lib/python3.10/dist-packages/airflow/example_dags/example_latest_only.py
[2022-06-14 18:33:37,507] {processor.py:641} INFO - Processing file /usr/local/lib/python3.10/dist-packages/airflow/example_dags/example_latest_only.py for tasks to queue
[2022-06-14 18:33:37,507] {logging_mixin.py:115} INFO - [2022-06-14 18:33:37,507] {dagbag.py:507} INFO - Filling up the DagBag from /usr/local/lib/python3.10/dist-packages/airflow/example_dags/example_latest_only.py
[2022-06-14 18:33:37,512] {processor.py:651} INFO - DAG(s) dict_keys(['latest_only']) retrieved from /usr/local/lib/python3.10/dist-packages/airflow/example_dags/example_latest_only.py
[2022-06-14 18:33:37,526] {logging_mixin.py:115} INFO - [2022-06-14 18:33:37,526] {dag.py:2371} INFO - Sync 1 DAGs
[2022-06-14 18:33:37,544] {logging_mixin.py:115} INFO - [2022-06-14 18:33:37,544] {dag.py:2915} INFO - Setting next_dagrun for latest_only to 2022-06-14T09:03:37.544043+00:00, run_after=2022-06-14T13:03:37.544043+00:00
[2022-06-14 18:33:37,565] {processor.py:161} INFO - Processing /usr/local/lib/python3.10/dist-packages/airflow/example_dags/example_latest_only.py took 0.062 seconds
[2022-06-14 18:34:10,152] {processor.py:153} INFO - Started process (PID=6678) to work on /usr/local/lib/python3.10/dist-packages/airflow/example_dags/example_latest_only.py
[2022-06-14 18:34:10,152] {processor.py:641} INFO - Processing file /usr/local/lib/python3.10/dist-packages/airflow/example_dags/example_latest_only.py for tasks to queue
[2022-06-14 18:34:10,153] {logging_mixin.py:115} INFO - [2022-06-14 18:34:10,153] {dagbag.py:507} INFO - Filling up the DagBag from /usr/local/lib/python3.10/dist-packages/airflow/example_dags/example_latest_only.py
[2022-06-14 18:34:10,158] {processor.py:651} INFO - DAG(s) dict_keys(['latest_only']) retrieved from /usr/local/lib/python3.10/dist-packages/airflow/example_dags/example_latest_only.py
[2022-06-14 18:34:10,176] {logging_mixin.py:115} INFO - [2022-06-14 18:34:10,176] {dag.py:2371} INFO - Sync 1 DAGs
[2022-06-14 18:34:10,199] {logging_mixin.py:115} INFO - [2022-06-14 18:34:10,198] {dag.py:2915} INFO - Setting next_dagrun for latest_only to 2022-06-14T09:04:10.198694+00:00, run_after=2022-06-14T13:04:10.198694+00:00
[2022-06-14 18:34:10,218] {processor.py:161} INFO - Processing /usr/local/lib/python3.10/dist-packages/airflow/example_dags/example_latest_only.py took 0.069 seconds
[2022-06-14 18:34:46,280] {processor.py:153} INFO - Started process (PID=6732) to work on /usr/local/lib/python3.10/dist-packages/airflow/example_dags/example_latest_only.py
[2022-06-14 18:34:46,280] {processor.py:641} INFO - Processing file /usr/local/lib/python3.10/dist-packages/airflow/example_dags/example_latest_only.py for tasks to queue
[2022-06-14 18:34:46,281] {logging_mixin.py:115} INFO - [2022-06-14 18:34:46,281] {dagbag.py:507} INFO - Filling up the DagBag from /usr/local/lib/python3.10/dist-packages/airflow/example_dags/example_latest_only.py
[2022-06-14 18:34:46,286] {processor.py:651} INFO - DAG(s) dict_keys(['latest_only']) retrieved from /usr/local/lib/python3.10/dist-packages/airflow/example_dags/example_latest_only.py
[2022-06-14 18:34:46,303] {logging_mixin.py:115} INFO - [2022-06-14 18:34:46,303] {dag.py:2371} INFO - Sync 1 DAGs
[2022-06-14 18:34:46,337] {logging_mixin.py:115} INFO - [2022-06-14 18:34:46,337] {dag.py:2915} INFO - Setting next_dagrun for latest_only to 2022-06-14T09:04:46.337002+00:00, run_after=2022-06-14T13:04:46.337002+00:00
[2022-06-14 18:34:46,364] {processor.py:161} INFO - Processing /usr/local/lib/python3.10/dist-packages/airflow/example_dags/example_latest_only.py took 0.087 seconds
[2022-06-14 18:35:20,421] {processor.py:153} INFO - Started process (PID=6787) to work on /usr/local/lib/python3.10/dist-packages/airflow/example_dags/example_latest_only.py
[2022-06-14 18:35:20,422] {processor.py:641} INFO - Processing file /usr/local/lib/python3.10/dist-packages/airflow/example_dags/example_latest_only.py for tasks to queue
[2022-06-14 18:35:20,422] {logging_mixin.py:115} INFO - [2022-06-14 18:35:20,422] {dagbag.py:507} INFO - Filling up the DagBag from /usr/local/lib/python3.10/dist-packages/airflow/example_dags/example_latest_only.py
[2022-06-14 18:35:20,427] {processor.py:651} INFO - DAG(s) dict_keys(['latest_only']) retrieved from /usr/local/lib/python3.10/dist-packages/airflow/example_dags/example_latest_only.py
[2022-06-14 18:35:20,442] {logging_mixin.py:115} INFO - [2022-06-14 18:35:20,441] {dag.py:2371} INFO - Sync 1 DAGs
[2022-06-14 18:35:20,459] {logging_mixin.py:115} INFO - [2022-06-14 18:35:20,458] {dag.py:2915} INFO - Setting next_dagrun for latest_only to 2022-06-14T09:05:20.458689+00:00, run_after=2022-06-14T13:05:20.458689+00:00
[2022-06-14 18:35:20,477] {processor.py:161} INFO - Processing /usr/local/lib/python3.10/dist-packages/airflow/example_dags/example_latest_only.py took 0.058 seconds
[2022-06-14 18:35:55,553] {processor.py:153} INFO - Started process (PID=6839) to work on /usr/local/lib/python3.10/dist-packages/airflow/example_dags/example_latest_only.py
[2022-06-14 18:35:55,553] {processor.py:641} INFO - Processing file /usr/local/lib/python3.10/dist-packages/airflow/example_dags/example_latest_only.py for tasks to queue
[2022-06-14 18:35:55,554] {logging_mixin.py:115} INFO - [2022-06-14 18:35:55,554] {dagbag.py:507} INFO - Filling up the DagBag from /usr/local/lib/python3.10/dist-packages/airflow/example_dags/example_latest_only.py
[2022-06-14 18:35:55,559] {processor.py:651} INFO - DAG(s) dict_keys(['latest_only']) retrieved from /usr/local/lib/python3.10/dist-packages/airflow/example_dags/example_latest_only.py
[2022-06-14 18:35:55,574] {logging_mixin.py:115} INFO - [2022-06-14 18:35:55,574] {dag.py:2371} INFO - Sync 1 DAGs
[2022-06-14 18:35:55,590] {logging_mixin.py:115} INFO - [2022-06-14 18:35:55,590] {dag.py:2915} INFO - Setting next_dagrun for latest_only to 2022-06-14T09:05:55.590519+00:00, run_after=2022-06-14T13:05:55.590519+00:00
[2022-06-14 18:35:55,609] {processor.py:161} INFO - Processing /usr/local/lib/python3.10/dist-packages/airflow/example_dags/example_latest_only.py took 0.059 seconds
[2022-06-14 18:36:30,442] {processor.py:153} INFO - Started process (PID=6883) to work on /usr/local/lib/python3.10/dist-packages/airflow/example_dags/example_latest_only.py
[2022-06-14 18:36:30,443] {processor.py:641} INFO - Processing file /usr/local/lib/python3.10/dist-packages/airflow/example_dags/example_latest_only.py for tasks to queue
[2022-06-14 18:36:30,443] {logging_mixin.py:115} INFO - [2022-06-14 18:36:30,443] {dagbag.py:507} INFO - Filling up the DagBag from /usr/local/lib/python3.10/dist-packages/airflow/example_dags/example_latest_only.py
[2022-06-14 18:36:30,448] {processor.py:651} INFO - DAG(s) dict_keys(['latest_only']) retrieved from /usr/local/lib/python3.10/dist-packages/airflow/example_dags/example_latest_only.py
[2022-06-14 18:36:30,463] {logging_mixin.py:115} INFO - [2022-06-14 18:36:30,463] {dag.py:2371} INFO - Sync 1 DAGs
[2022-06-14 18:36:30,481] {logging_mixin.py:115} INFO - [2022-06-14 18:36:30,481] {dag.py:2915} INFO - Setting next_dagrun for latest_only to 2022-06-14T09:06:30.481258+00:00, run_after=2022-06-14T13:06:30.481258+00:00
[2022-06-14 18:36:30,500] {processor.py:161} INFO - Processing /usr/local/lib/python3.10/dist-packages/airflow/example_dags/example_latest_only.py took 0.061 seconds
[2022-06-14 18:37:05,457] {processor.py:153} INFO - Started process (PID=6937) to work on /usr/local/lib/python3.10/dist-packages/airflow/example_dags/example_latest_only.py
[2022-06-14 18:37:05,458] {processor.py:641} INFO - Processing file /usr/local/lib/python3.10/dist-packages/airflow/example_dags/example_latest_only.py for tasks to queue
[2022-06-14 18:37:05,458] {logging_mixin.py:115} INFO - [2022-06-14 18:37:05,458] {dagbag.py:507} INFO - Filling up the DagBag from /usr/local/lib/python3.10/dist-packages/airflow/example_dags/example_latest_only.py
[2022-06-14 18:37:05,463] {processor.py:651} INFO - DAG(s) dict_keys(['latest_only']) retrieved from /usr/local/lib/python3.10/dist-packages/airflow/example_dags/example_latest_only.py
[2022-06-14 18:37:05,479] {logging_mixin.py:115} INFO - [2022-06-14 18:37:05,479] {dag.py:2371} INFO - Sync 1 DAGs
[2022-06-14 18:37:05,496] {logging_mixin.py:115} INFO - [2022-06-14 18:37:05,496] {dag.py:2915} INFO - Setting next_dagrun for latest_only to 2022-06-14T09:07:05.496264+00:00, run_after=2022-06-14T13:07:05.496264+00:00
[2022-06-14 18:37:05,516] {processor.py:161} INFO - Processing /usr/local/lib/python3.10/dist-packages/airflow/example_dags/example_latest_only.py took 0.061 seconds
[2022-06-14 18:37:40,920] {processor.py:153} INFO - Started process (PID=6982) to work on /usr/local/lib/python3.10/dist-packages/airflow/example_dags/example_latest_only.py
[2022-06-14 18:37:40,921] {processor.py:641} INFO - Processing file /usr/local/lib/python3.10/dist-packages/airflow/example_dags/example_latest_only.py for tasks to queue
[2022-06-14 18:37:40,921] {logging_mixin.py:115} INFO - [2022-06-14 18:37:40,921] {dagbag.py:507} INFO - Filling up the DagBag from /usr/local/lib/python3.10/dist-packages/airflow/example_dags/example_latest_only.py
[2022-06-14 18:37:40,925] {processor.py:651} INFO - DAG(s) dict_keys(['latest_only']) retrieved from /usr/local/lib/python3.10/dist-packages/airflow/example_dags/example_latest_only.py
[2022-06-14 18:37:40,940] {logging_mixin.py:115} INFO - [2022-06-14 18:37:40,940] {dag.py:2371} INFO - Sync 1 DAGs
[2022-06-14 18:37:40,957] {logging_mixin.py:115} INFO - [2022-06-14 18:37:40,957] {dag.py:2915} INFO - Setting next_dagrun for latest_only to 2022-06-14T09:07:40.957089+00:00, run_after=2022-06-14T13:07:40.957089+00:00
[2022-06-14 18:37:40,976] {processor.py:161} INFO - Processing /usr/local/lib/python3.10/dist-packages/airflow/example_dags/example_latest_only.py took 0.058 seconds
[2022-06-14 18:38:12,679] {processor.py:153} INFO - Started process (PID=7031) to work on /usr/local/lib/python3.10/dist-packages/airflow/example_dags/example_latest_only.py
[2022-06-14 18:38:12,679] {processor.py:641} INFO - Processing file /usr/local/lib/python3.10/dist-packages/airflow/example_dags/example_latest_only.py for tasks to queue
[2022-06-14 18:38:12,680] {logging_mixin.py:115} INFO - [2022-06-14 18:38:12,680] {dagbag.py:507} INFO - Filling up the DagBag from /usr/local/lib/python3.10/dist-packages/airflow/example_dags/example_latest_only.py
[2022-06-14 18:38:12,685] {processor.py:651} INFO - DAG(s) dict_keys(['latest_only']) retrieved from /usr/local/lib/python3.10/dist-packages/airflow/example_dags/example_latest_only.py
[2022-06-14 18:38:12,700] {logging_mixin.py:115} INFO - [2022-06-14 18:38:12,700] {dag.py:2371} INFO - Sync 1 DAGs
[2022-06-14 18:38:12,718] {logging_mixin.py:115} INFO - [2022-06-14 18:38:12,717] {dag.py:2915} INFO - Setting next_dagrun for latest_only to 2022-06-14T09:08:12.717748+00:00, run_after=2022-06-14T13:08:12.717748+00:00
[2022-06-14 18:38:12,736] {processor.py:161} INFO - Processing /usr/local/lib/python3.10/dist-packages/airflow/example_dags/example_latest_only.py took 0.060 seconds
[2022-06-14 18:38:46,647] {processor.py:153} INFO - Started process (PID=7075) to work on /usr/local/lib/python3.10/dist-packages/airflow/example_dags/example_latest_only.py
[2022-06-14 18:38:46,647] {processor.py:641} INFO - Processing file /usr/local/lib/python3.10/dist-packages/airflow/example_dags/example_latest_only.py for tasks to queue
[2022-06-14 18:38:46,647] {logging_mixin.py:115} INFO - [2022-06-14 18:38:46,647] {dagbag.py:507} INFO - Filling up the DagBag from /usr/local/lib/python3.10/dist-packages/airflow/example_dags/example_latest_only.py
[2022-06-14 18:38:46,652] {processor.py:651} INFO - DAG(s) dict_keys(['latest_only']) retrieved from /usr/local/lib/python3.10/dist-packages/airflow/example_dags/example_latest_only.py
[2022-06-14 18:38:46,667] {logging_mixin.py:115} INFO - [2022-06-14 18:38:46,667] {dag.py:2371} INFO - Sync 1 DAGs
[2022-06-14 18:38:46,684] {logging_mixin.py:115} INFO - [2022-06-14 18:38:46,684] {dag.py:2915} INFO - Setting next_dagrun for latest_only to 2022-06-14T09:08:46.684545+00:00, run_after=2022-06-14T13:08:46.684545+00:00
[2022-06-14 18:38:46,704] {processor.py:161} INFO - Processing /usr/local/lib/python3.10/dist-packages/airflow/example_dags/example_latest_only.py took 0.060 seconds
[2022-06-14 18:39:18,199] {processor.py:153} INFO - Started process (PID=7125) to work on /usr/local/lib/python3.10/dist-packages/airflow/example_dags/example_latest_only.py
[2022-06-14 18:39:18,200] {processor.py:641} INFO - Processing file /usr/local/lib/python3.10/dist-packages/airflow/example_dags/example_latest_only.py for tasks to queue
[2022-06-14 18:39:18,200] {logging_mixin.py:115} INFO - [2022-06-14 18:39:18,200] {dagbag.py:507} INFO - Filling up the DagBag from /usr/local/lib/python3.10/dist-packages/airflow/example_dags/example_latest_only.py
[2022-06-14 18:39:18,205] {processor.py:651} INFO - DAG(s) dict_keys(['latest_only']) retrieved from /usr/local/lib/python3.10/dist-packages/airflow/example_dags/example_latest_only.py
[2022-06-14 18:39:18,220] {logging_mixin.py:115} INFO - [2022-06-14 18:39:18,220] {dag.py:2371} INFO - Sync 1 DAGs
[2022-06-14 18:39:18,237] {logging_mixin.py:115} INFO - [2022-06-14 18:39:18,237] {dag.py:2915} INFO - Setting next_dagrun for latest_only to 2022-06-14T09:09:18.236967+00:00, run_after=2022-06-14T13:09:18.236967+00:00
[2022-06-14 18:39:18,257] {processor.py:161} INFO - Processing /usr/local/lib/python3.10/dist-packages/airflow/example_dags/example_latest_only.py took 0.060 seconds
[2022-06-14 18:39:55,151] {processor.py:153} INFO - Started process (PID=7180) to work on /usr/local/lib/python3.10/dist-packages/airflow/example_dags/example_latest_only.py
[2022-06-14 18:39:55,152] {processor.py:641} INFO - Processing file /usr/local/lib/python3.10/dist-packages/airflow/example_dags/example_latest_only.py for tasks to queue
[2022-06-14 18:39:55,153] {logging_mixin.py:115} INFO - [2022-06-14 18:39:55,152] {dagbag.py:507} INFO - Filling up the DagBag from /usr/local/lib/python3.10/dist-packages/airflow/example_dags/example_latest_only.py
[2022-06-14 18:39:55,157] {processor.py:651} INFO - DAG(s) dict_keys(['latest_only']) retrieved from /usr/local/lib/python3.10/dist-packages/airflow/example_dags/example_latest_only.py
[2022-06-14 18:39:55,173] {logging_mixin.py:115} INFO - [2022-06-14 18:39:55,173] {dag.py:2371} INFO - Sync 1 DAGs
[2022-06-14 18:39:55,195] {logging_mixin.py:115} INFO - [2022-06-14 18:39:55,195] {dag.py:2915} INFO - Setting next_dagrun for latest_only to 2022-06-14T09:09:55.195485+00:00, run_after=2022-06-14T13:09:55.195485+00:00
[2022-06-14 18:39:55,215] {processor.py:161} INFO - Processing /usr/local/lib/python3.10/dist-packages/airflow/example_dags/example_latest_only.py took 0.066 seconds
[2022-06-14 18:40:26,554] {processor.py:153} INFO - Started process (PID=7225) to work on /usr/local/lib/python3.10/dist-packages/airflow/example_dags/example_latest_only.py
[2022-06-14 18:40:26,554] {processor.py:641} INFO - Processing file /usr/local/lib/python3.10/dist-packages/airflow/example_dags/example_latest_only.py for tasks to queue
[2022-06-14 18:40:26,555] {logging_mixin.py:115} INFO - [2022-06-14 18:40:26,554] {dagbag.py:507} INFO - Filling up the DagBag from /usr/local/lib/python3.10/dist-packages/airflow/example_dags/example_latest_only.py
[2022-06-14 18:40:26,559] {processor.py:651} INFO - DAG(s) dict_keys(['latest_only']) retrieved from /usr/local/lib/python3.10/dist-packages/airflow/example_dags/example_latest_only.py
[2022-06-14 18:40:26,574] {logging_mixin.py:115} INFO - [2022-06-14 18:40:26,574] {dag.py:2371} INFO - Sync 1 DAGs
[2022-06-14 18:40:26,590] {logging_mixin.py:115} INFO - [2022-06-14 18:40:26,590] {dag.py:2915} INFO - Setting next_dagrun for latest_only to 2022-06-14T09:10:26.590600+00:00, run_after=2022-06-14T13:10:26.590600+00:00
[2022-06-14 18:40:26,609] {processor.py:161} INFO - Processing /usr/local/lib/python3.10/dist-packages/airflow/example_dags/example_latest_only.py took 0.058 seconds
[2022-06-14 18:41:02,101] {processor.py:153} INFO - Started process (PID=7276) to work on /usr/local/lib/python3.10/dist-packages/airflow/example_dags/example_latest_only.py
[2022-06-14 18:41:02,101] {processor.py:641} INFO - Processing file /usr/local/lib/python3.10/dist-packages/airflow/example_dags/example_latest_only.py for tasks to queue
[2022-06-14 18:41:02,102] {logging_mixin.py:115} INFO - [2022-06-14 18:41:02,102] {dagbag.py:507} INFO - Filling up the DagBag from /usr/local/lib/python3.10/dist-packages/airflow/example_dags/example_latest_only.py
[2022-06-14 18:41:02,107] {processor.py:651} INFO - DAG(s) dict_keys(['latest_only']) retrieved from /usr/local/lib/python3.10/dist-packages/airflow/example_dags/example_latest_only.py
[2022-06-14 18:41:02,121] {logging_mixin.py:115} INFO - [2022-06-14 18:41:02,121] {dag.py:2371} INFO - Sync 1 DAGs
[2022-06-14 18:41:02,138] {logging_mixin.py:115} INFO - [2022-06-14 18:41:02,138] {dag.py:2915} INFO - Setting next_dagrun for latest_only to 2022-06-14T09:11:02.137899+00:00, run_after=2022-06-14T13:11:02.137899+00:00
[2022-06-14 18:41:02,156] {processor.py:161} INFO - Processing /usr/local/lib/python3.10/dist-packages/airflow/example_dags/example_latest_only.py took 0.058 seconds
[2022-06-14 18:41:38,878] {processor.py:153} INFO - Started process (PID=7343) to work on /usr/local/lib/python3.10/dist-packages/airflow/example_dags/example_latest_only.py
[2022-06-14 18:41:38,879] {processor.py:641} INFO - Processing file /usr/local/lib/python3.10/dist-packages/airflow/example_dags/example_latest_only.py for tasks to queue
[2022-06-14 18:41:38,879] {logging_mixin.py:115} INFO - [2022-06-14 18:41:38,879] {dagbag.py:507} INFO - Filling up the DagBag from /usr/local/lib/python3.10/dist-packages/airflow/example_dags/example_latest_only.py
[2022-06-14 18:41:38,884] {processor.py:651} INFO - DAG(s) dict_keys(['latest_only']) retrieved from /usr/local/lib/python3.10/dist-packages/airflow/example_dags/example_latest_only.py
[2022-06-14 18:41:38,901] {logging_mixin.py:115} INFO - [2022-06-14 18:41:38,901] {dag.py:2371} INFO - Sync 1 DAGs
[2022-06-14 18:41:38,924] {logging_mixin.py:115} INFO - [2022-06-14 18:41:38,924] {dag.py:2915} INFO - Setting next_dagrun for latest_only to 2022-06-14T09:11:38.924167+00:00, run_after=2022-06-14T13:11:38.924167+00:00
[2022-06-14 18:41:38,945] {processor.py:161} INFO - Processing /usr/local/lib/python3.10/dist-packages/airflow/example_dags/example_latest_only.py took 0.069 seconds
[2022-06-14 18:42:16,021] {processor.py:153} INFO - Started process (PID=7391) to work on /usr/local/lib/python3.10/dist-packages/airflow/example_dags/example_latest_only.py
[2022-06-14 18:42:16,022] {processor.py:641} INFO - Processing file /usr/local/lib/python3.10/dist-packages/airflow/example_dags/example_latest_only.py for tasks to queue
[2022-06-14 18:42:16,022] {logging_mixin.py:115} INFO - [2022-06-14 18:42:16,022] {dagbag.py:507} INFO - Filling up the DagBag from /usr/local/lib/python3.10/dist-packages/airflow/example_dags/example_latest_only.py
[2022-06-14 18:42:16,027] {processor.py:651} INFO - DAG(s) dict_keys(['latest_only']) retrieved from /usr/local/lib/python3.10/dist-packages/airflow/example_dags/example_latest_only.py
[2022-06-14 18:42:16,042] {logging_mixin.py:115} INFO - [2022-06-14 18:42:16,042] {dag.py:2371} INFO - Sync 1 DAGs
[2022-06-14 18:42:16,061] {logging_mixin.py:115} INFO - [2022-06-14 18:42:16,061] {dag.py:2915} INFO - Setting next_dagrun for latest_only to 2022-06-14T09:12:16.060799+00:00, run_after=2022-06-14T13:12:16.060799+00:00
[2022-06-14 18:42:16,079] {processor.py:161} INFO - Processing /usr/local/lib/python3.10/dist-packages/airflow/example_dags/example_latest_only.py took 0.060 seconds
[2022-06-14 18:42:50,121] {processor.py:153} INFO - Started process (PID=7531) to work on /usr/local/lib/python3.10/dist-packages/airflow/example_dags/example_latest_only.py
[2022-06-14 18:42:50,130] {processor.py:641} INFO - Processing file /usr/local/lib/python3.10/dist-packages/airflow/example_dags/example_latest_only.py for tasks to queue
[2022-06-14 18:42:50,130] {logging_mixin.py:115} INFO - [2022-06-14 18:42:50,130] {dagbag.py:507} INFO - Filling up the DagBag from /usr/local/lib/python3.10/dist-packages/airflow/example_dags/example_latest_only.py
[2022-06-14 18:42:50,135] {processor.py:651} INFO - DAG(s) dict_keys(['latest_only']) retrieved from /usr/local/lib/python3.10/dist-packages/airflow/example_dags/example_latest_only.py
[2022-06-14 18:42:50,150] {logging_mixin.py:115} INFO - [2022-06-14 18:42:50,149] {dag.py:2371} INFO - Sync 1 DAGs
[2022-06-14 18:42:50,167] {logging_mixin.py:115} INFO - [2022-06-14 18:42:50,167] {dag.py:2915} INFO - Setting next_dagrun for latest_only to 2022-06-14T09:12:50.166965+00:00, run_after=2022-06-14T13:12:50.166965+00:00
[2022-06-14 18:42:50,186] {processor.py:161} INFO - Processing /usr/local/lib/python3.10/dist-packages/airflow/example_dags/example_latest_only.py took 0.067 seconds
[2022-06-14 18:43:30,963] {processor.py:153} INFO - Started process (PID=7583) to work on /usr/local/lib/python3.10/dist-packages/airflow/example_dags/example_latest_only.py
[2022-06-14 18:43:30,964] {processor.py:641} INFO - Processing file /usr/local/lib/python3.10/dist-packages/airflow/example_dags/example_latest_only.py for tasks to queue
[2022-06-14 18:43:30,964] {logging_mixin.py:115} INFO - [2022-06-14 18:43:30,964] {dagbag.py:507} INFO - Filling up the DagBag from /usr/local/lib/python3.10/dist-packages/airflow/example_dags/example_latest_only.py
[2022-06-14 18:43:30,969] {processor.py:651} INFO - DAG(s) dict_keys(['latest_only']) retrieved from /usr/local/lib/python3.10/dist-packages/airflow/example_dags/example_latest_only.py
[2022-06-14 18:43:30,984] {logging_mixin.py:115} INFO - [2022-06-14 18:43:30,984] {dag.py:2371} INFO - Sync 1 DAGs
[2022-06-14 18:43:31,002] {logging_mixin.py:115} INFO - [2022-06-14 18:43:31,001] {dag.py:2915} INFO - Setting next_dagrun for latest_only to 2022-06-14T09:13:31.001675+00:00, run_after=2022-06-14T13:13:31.001675+00:00
[2022-06-14 18:43:31,021] {processor.py:161} INFO - Processing /usr/local/lib/python3.10/dist-packages/airflow/example_dags/example_latest_only.py took 0.060 seconds
[2022-06-14 18:44:04,757] {processor.py:153} INFO - Started process (PID=7640) to work on /usr/local/lib/python3.10/dist-packages/airflow/example_dags/example_latest_only.py
[2022-06-14 18:44:04,757] {processor.py:641} INFO - Processing file /usr/local/lib/python3.10/dist-packages/airflow/example_dags/example_latest_only.py for tasks to queue
[2022-06-14 18:44:04,758] {logging_mixin.py:115} INFO - [2022-06-14 18:44:04,758] {dagbag.py:507} INFO - Filling up the DagBag from /usr/local/lib/python3.10/dist-packages/airflow/example_dags/example_latest_only.py
[2022-06-14 18:44:04,763] {processor.py:651} INFO - DAG(s) dict_keys(['latest_only']) retrieved from /usr/local/lib/python3.10/dist-packages/airflow/example_dags/example_latest_only.py
[2022-06-14 18:44:04,778] {logging_mixin.py:115} INFO - [2022-06-14 18:44:04,777] {dag.py:2371} INFO - Sync 1 DAGs
[2022-06-14 18:44:04,798] {logging_mixin.py:115} INFO - [2022-06-14 18:44:04,797] {dag.py:2915} INFO - Setting next_dagrun for latest_only to 2022-06-14T09:14:04.797682+00:00, run_after=2022-06-14T13:14:04.797682+00:00
[2022-06-14 18:44:04,818] {processor.py:161} INFO - Processing /usr/local/lib/python3.10/dist-packages/airflow/example_dags/example_latest_only.py took 0.063 seconds
[2022-06-14 18:44:44,408] {processor.py:153} INFO - Started process (PID=7711) to work on /usr/local/lib/python3.10/dist-packages/airflow/example_dags/example_latest_only.py
[2022-06-14 18:44:44,409] {processor.py:641} INFO - Processing file /usr/local/lib/python3.10/dist-packages/airflow/example_dags/example_latest_only.py for tasks to queue
[2022-06-14 18:44:44,409] {logging_mixin.py:115} INFO - [2022-06-14 18:44:44,409] {dagbag.py:507} INFO - Filling up the DagBag from /usr/local/lib/python3.10/dist-packages/airflow/example_dags/example_latest_only.py
[2022-06-14 18:44:44,414] {processor.py:651} INFO - DAG(s) dict_keys(['latest_only']) retrieved from /usr/local/lib/python3.10/dist-packages/airflow/example_dags/example_latest_only.py
[2022-06-14 18:44:44,429] {logging_mixin.py:115} INFO - [2022-06-14 18:44:44,429] {dag.py:2371} INFO - Sync 1 DAGs
[2022-06-14 18:44:44,446] {logging_mixin.py:115} INFO - [2022-06-14 18:44:44,446] {dag.py:2915} INFO - Setting next_dagrun for latest_only to 2022-06-14T09:14:44.446127+00:00, run_after=2022-06-14T13:14:44.446127+00:00
[2022-06-14 18:44:44,466] {processor.py:161} INFO - Processing /usr/local/lib/python3.10/dist-packages/airflow/example_dags/example_latest_only.py took 0.060 seconds
[2022-06-14 18:45:18,442] {processor.py:153} INFO - Started process (PID=7803) to work on /usr/local/lib/python3.10/dist-packages/airflow/example_dags/example_latest_only.py
[2022-06-14 18:45:18,443] {processor.py:641} INFO - Processing file /usr/local/lib/python3.10/dist-packages/airflow/example_dags/example_latest_only.py for tasks to queue
[2022-06-14 18:45:18,444] {logging_mixin.py:115} INFO - [2022-06-14 18:45:18,444] {dagbag.py:507} INFO - Filling up the DagBag from /usr/local/lib/python3.10/dist-packages/airflow/example_dags/example_latest_only.py
[2022-06-14 18:45:18,455] {processor.py:651} INFO - DAG(s) dict_keys(['latest_only']) retrieved from /usr/local/lib/python3.10/dist-packages/airflow/example_dags/example_latest_only.py
[2022-06-14 18:45:18,495] {logging_mixin.py:115} INFO - [2022-06-14 18:45:18,494] {dag.py:2371} INFO - Sync 1 DAGs
[2022-06-14 18:45:18,538] {logging_mixin.py:115} INFO - [2022-06-14 18:45:18,537] {dag.py:2915} INFO - Setting next_dagrun for latest_only to 2022-06-14T09:15:18.537462+00:00, run_after=2022-06-14T13:15:18.537462+00:00
[2022-06-14 18:45:18,582] {processor.py:161} INFO - Processing /usr/local/lib/python3.10/dist-packages/airflow/example_dags/example_latest_only.py took 0.145 seconds
[2022-06-14 18:45:57,214] {processor.py:153} INFO - Started process (PID=7881) to work on /usr/local/lib/python3.10/dist-packages/airflow/example_dags/example_latest_only.py
[2022-06-14 18:45:57,215] {processor.py:641} INFO - Processing file /usr/local/lib/python3.10/dist-packages/airflow/example_dags/example_latest_only.py for tasks to queue
[2022-06-14 18:45:57,215] {logging_mixin.py:115} INFO - [2022-06-14 18:45:57,215] {dagbag.py:507} INFO - Filling up the DagBag from /usr/local/lib/python3.10/dist-packages/airflow/example_dags/example_latest_only.py
[2022-06-14 18:45:57,220] {processor.py:651} INFO - DAG(s) dict_keys(['latest_only']) retrieved from /usr/local/lib/python3.10/dist-packages/airflow/example_dags/example_latest_only.py
[2022-06-14 18:45:57,235] {logging_mixin.py:115} INFO - [2022-06-14 18:45:57,235] {dag.py:2371} INFO - Sync 1 DAGs
[2022-06-14 18:45:57,253] {logging_mixin.py:115} INFO - [2022-06-14 18:45:57,253] {dag.py:2915} INFO - Setting next_dagrun for latest_only to 2022-06-14T09:15:57.252739+00:00, run_after=2022-06-14T13:15:57.252739+00:00
[2022-06-14 18:45:57,275] {processor.py:161} INFO - Processing /usr/local/lib/python3.10/dist-packages/airflow/example_dags/example_latest_only.py took 0.063 seconds
[2022-06-14 18:46:31,813] {processor.py:153} INFO - Started process (PID=7977) to work on /usr/local/lib/python3.10/dist-packages/airflow/example_dags/example_latest_only.py
[2022-06-14 18:46:31,814] {processor.py:641} INFO - Processing file /usr/local/lib/python3.10/dist-packages/airflow/example_dags/example_latest_only.py for tasks to queue
[2022-06-14 18:46:31,814] {logging_mixin.py:115} INFO - [2022-06-14 18:46:31,814] {dagbag.py:507} INFO - Filling up the DagBag from /usr/local/lib/python3.10/dist-packages/airflow/example_dags/example_latest_only.py
[2022-06-14 18:46:31,819] {processor.py:651} INFO - DAG(s) dict_keys(['latest_only']) retrieved from /usr/local/lib/python3.10/dist-packages/airflow/example_dags/example_latest_only.py
[2022-06-14 18:46:31,834] {logging_mixin.py:115} INFO - [2022-06-14 18:46:31,834] {dag.py:2371} INFO - Sync 1 DAGs
[2022-06-14 18:46:31,852] {logging_mixin.py:115} INFO - [2022-06-14 18:46:31,852] {dag.py:2915} INFO - Setting next_dagrun for latest_only to 2022-06-14T09:16:31.851824+00:00, run_after=2022-06-14T13:16:31.851824+00:00
[2022-06-14 18:46:31,871] {processor.py:161} INFO - Processing /usr/local/lib/python3.10/dist-packages/airflow/example_dags/example_latest_only.py took 0.060 seconds
[2022-06-14 18:47:11,128] {processor.py:153} INFO - Started process (PID=8037) to work on /usr/local/lib/python3.10/dist-packages/airflow/example_dags/example_latest_only.py
[2022-06-14 18:47:11,129] {processor.py:641} INFO - Processing file /usr/local/lib/python3.10/dist-packages/airflow/example_dags/example_latest_only.py for tasks to queue
[2022-06-14 18:47:11,129] {logging_mixin.py:115} INFO - [2022-06-14 18:47:11,129] {dagbag.py:507} INFO - Filling up the DagBag from /usr/local/lib/python3.10/dist-packages/airflow/example_dags/example_latest_only.py
[2022-06-14 18:47:11,134] {processor.py:651} INFO - DAG(s) dict_keys(['latest_only']) retrieved from /usr/local/lib/python3.10/dist-packages/airflow/example_dags/example_latest_only.py
[2022-06-14 18:47:11,149] {logging_mixin.py:115} INFO - [2022-06-14 18:47:11,149] {dag.py:2371} INFO - Sync 1 DAGs
[2022-06-14 18:47:11,169] {logging_mixin.py:115} INFO - [2022-06-14 18:47:11,169] {dag.py:2915} INFO - Setting next_dagrun for latest_only to 2022-06-14T09:17:11.168627+00:00, run_after=2022-06-14T13:17:11.168627+00:00
[2022-06-14 18:47:11,190] {processor.py:161} INFO - Processing /usr/local/lib/python3.10/dist-packages/airflow/example_dags/example_latest_only.py took 0.064 seconds
[2022-06-14 18:47:48,767] {processor.py:153} INFO - Started process (PID=8104) to work on /usr/local/lib/python3.10/dist-packages/airflow/example_dags/example_latest_only.py
[2022-06-14 18:47:48,768] {processor.py:641} INFO - Processing file /usr/local/lib/python3.10/dist-packages/airflow/example_dags/example_latest_only.py for tasks to queue
[2022-06-14 18:47:48,768] {logging_mixin.py:115} INFO - [2022-06-14 18:47:48,768] {dagbag.py:507} INFO - Filling up the DagBag from /usr/local/lib/python3.10/dist-packages/airflow/example_dags/example_latest_only.py
[2022-06-14 18:47:48,773] {processor.py:651} INFO - DAG(s) dict_keys(['latest_only']) retrieved from /usr/local/lib/python3.10/dist-packages/airflow/example_dags/example_latest_only.py
[2022-06-14 18:47:48,788] {logging_mixin.py:115} INFO - [2022-06-14 18:47:48,788] {dag.py:2371} INFO - Sync 1 DAGs
[2022-06-14 18:47:48,806] {logging_mixin.py:115} INFO - [2022-06-14 18:47:48,806] {dag.py:2915} INFO - Setting next_dagrun for latest_only to 2022-06-14T09:17:48.806404+00:00, run_after=2022-06-14T13:17:48.806404+00:00
[2022-06-14 18:47:48,826] {processor.py:161} INFO - Processing /usr/local/lib/python3.10/dist-packages/airflow/example_dags/example_latest_only.py took 0.061 seconds
[2022-06-14 18:48:28,810] {processor.py:153} INFO - Started process (PID=8165) to work on /usr/local/lib/python3.10/dist-packages/airflow/example_dags/example_latest_only.py
[2022-06-14 18:48:28,810] {processor.py:641} INFO - Processing file /usr/local/lib/python3.10/dist-packages/airflow/example_dags/example_latest_only.py for tasks to queue
[2022-06-14 18:48:28,811] {logging_mixin.py:115} INFO - [2022-06-14 18:48:28,811] {dagbag.py:507} INFO - Filling up the DagBag from /usr/local/lib/python3.10/dist-packages/airflow/example_dags/example_latest_only.py
[2022-06-14 18:48:28,816] {processor.py:651} INFO - DAG(s) dict_keys(['latest_only']) retrieved from /usr/local/lib/python3.10/dist-packages/airflow/example_dags/example_latest_only.py
[2022-06-14 18:48:28,832] {logging_mixin.py:115} INFO - [2022-06-14 18:48:28,832] {dag.py:2371} INFO - Sync 1 DAGs
[2022-06-14 18:48:28,849] {logging_mixin.py:115} INFO - [2022-06-14 18:48:28,849] {dag.py:2915} INFO - Setting next_dagrun for latest_only to 2022-06-14T09:18:28.849216+00:00, run_after=2022-06-14T13:18:28.849216+00:00
[2022-06-14 18:48:28,867] {processor.py:161} INFO - Processing /usr/local/lib/python3.10/dist-packages/airflow/example_dags/example_latest_only.py took 0.060 seconds
[2022-06-14 18:49:11,424] {processor.py:153} INFO - Started process (PID=8251) to work on /usr/local/lib/python3.10/dist-packages/airflow/example_dags/example_latest_only.py
[2022-06-14 18:49:11,425] {processor.py:641} INFO - Processing file /usr/local/lib/python3.10/dist-packages/airflow/example_dags/example_latest_only.py for tasks to queue
[2022-06-14 18:49:11,425] {logging_mixin.py:115} INFO - [2022-06-14 18:49:11,425] {dagbag.py:507} INFO - Filling up the DagBag from /usr/local/lib/python3.10/dist-packages/airflow/example_dags/example_latest_only.py
[2022-06-14 18:49:11,430] {processor.py:651} INFO - DAG(s) dict_keys(['latest_only']) retrieved from /usr/local/lib/python3.10/dist-packages/airflow/example_dags/example_latest_only.py
[2022-06-14 18:49:11,445] {logging_mixin.py:115} INFO - [2022-06-14 18:49:11,445] {dag.py:2371} INFO - Sync 1 DAGs
[2022-06-14 18:49:11,462] {logging_mixin.py:115} INFO - [2022-06-14 18:49:11,462] {dag.py:2915} INFO - Setting next_dagrun for latest_only to 2022-06-14T09:19:11.462296+00:00, run_after=2022-06-14T13:19:11.462296+00:00
[2022-06-14 18:49:11,481] {processor.py:161} INFO - Processing /usr/local/lib/python3.10/dist-packages/airflow/example_dags/example_latest_only.py took 0.060 seconds
[2022-06-14 18:49:46,470] {processor.py:153} INFO - Started process (PID=8295) to work on /usr/local/lib/python3.10/dist-packages/airflow/example_dags/example_latest_only.py
[2022-06-14 18:49:46,470] {processor.py:641} INFO - Processing file /usr/local/lib/python3.10/dist-packages/airflow/example_dags/example_latest_only.py for tasks to queue
[2022-06-14 18:49:46,471] {logging_mixin.py:115} INFO - [2022-06-14 18:49:46,471] {dagbag.py:507} INFO - Filling up the DagBag from /usr/local/lib/python3.10/dist-packages/airflow/example_dags/example_latest_only.py
[2022-06-14 18:49:46,476] {processor.py:651} INFO - DAG(s) dict_keys(['latest_only']) retrieved from /usr/local/lib/python3.10/dist-packages/airflow/example_dags/example_latest_only.py
[2022-06-14 18:49:46,491] {logging_mixin.py:115} INFO - [2022-06-14 18:49:46,491] {dag.py:2371} INFO - Sync 1 DAGs
[2022-06-14 18:49:46,508] {logging_mixin.py:115} INFO - [2022-06-14 18:49:46,508] {dag.py:2915} INFO - Setting next_dagrun for latest_only to 2022-06-14T09:19:46.508321+00:00, run_after=2022-06-14T13:19:46.508321+00:00
[2022-06-14 18:49:46,527] {processor.py:161} INFO - Processing /usr/local/lib/python3.10/dist-packages/airflow/example_dags/example_latest_only.py took 0.060 seconds
[2022-06-14 18:50:25,247] {processor.py:153} INFO - Started process (PID=8375) to work on /usr/local/lib/python3.10/dist-packages/airflow/example_dags/example_latest_only.py
[2022-06-14 18:50:25,248] {processor.py:641} INFO - Processing file /usr/local/lib/python3.10/dist-packages/airflow/example_dags/example_latest_only.py for tasks to queue
[2022-06-14 18:50:25,249] {logging_mixin.py:115} INFO - [2022-06-14 18:50:25,249] {dagbag.py:507} INFO - Filling up the DagBag from /usr/local/lib/python3.10/dist-packages/airflow/example_dags/example_latest_only.py
[2022-06-14 18:50:25,254] {processor.py:651} INFO - DAG(s) dict_keys(['latest_only']) retrieved from /usr/local/lib/python3.10/dist-packages/airflow/example_dags/example_latest_only.py
[2022-06-14 18:50:25,269] {logging_mixin.py:115} INFO - [2022-06-14 18:50:25,269] {dag.py:2371} INFO - Sync 1 DAGs
[2022-06-14 18:50:25,286] {logging_mixin.py:115} INFO - [2022-06-14 18:50:25,286] {dag.py:2915} INFO - Setting next_dagrun for latest_only to 2022-06-14T09:20:25.286321+00:00, run_after=2022-06-14T13:20:25.286321+00:00
[2022-06-14 18:50:25,305] {processor.py:161} INFO - Processing /usr/local/lib/python3.10/dist-packages/airflow/example_dags/example_latest_only.py took 0.060 seconds
[2022-06-14 18:51:01,644] {processor.py:153} INFO - Started process (PID=8448) to work on /usr/local/lib/python3.10/dist-packages/airflow/example_dags/example_latest_only.py
[2022-06-14 18:51:01,645] {processor.py:641} INFO - Processing file /usr/local/lib/python3.10/dist-packages/airflow/example_dags/example_latest_only.py for tasks to queue
[2022-06-14 18:51:01,645] {logging_mixin.py:115} INFO - [2022-06-14 18:51:01,645] {dagbag.py:507} INFO - Filling up the DagBag from /usr/local/lib/python3.10/dist-packages/airflow/example_dags/example_latest_only.py
[2022-06-14 18:51:01,652] {processor.py:651} INFO - DAG(s) dict_keys(['latest_only']) retrieved from /usr/local/lib/python3.10/dist-packages/airflow/example_dags/example_latest_only.py
[2022-06-14 18:51:01,668] {logging_mixin.py:115} INFO - [2022-06-14 18:51:01,668] {dag.py:2371} INFO - Sync 1 DAGs
[2022-06-14 18:51:01,684] {logging_mixin.py:115} INFO - [2022-06-14 18:51:01,684] {dag.py:2915} INFO - Setting next_dagrun for latest_only to 2022-06-14T09:21:01.683794+00:00, run_after=2022-06-14T13:21:01.683794+00:00
[2022-06-14 18:51:01,702] {processor.py:161} INFO - Processing /usr/local/lib/python3.10/dist-packages/airflow/example_dags/example_latest_only.py took 0.061 seconds
[2022-06-14 18:51:39,820] {processor.py:153} INFO - Started process (PID=8514) to work on /usr/local/lib/python3.10/dist-packages/airflow/example_dags/example_latest_only.py
[2022-06-14 18:51:39,821] {processor.py:641} INFO - Processing file /usr/local/lib/python3.10/dist-packages/airflow/example_dags/example_latest_only.py for tasks to queue
[2022-06-14 18:51:39,821] {logging_mixin.py:115} INFO - [2022-06-14 18:51:39,821] {dagbag.py:507} INFO - Filling up the DagBag from /usr/local/lib/python3.10/dist-packages/airflow/example_dags/example_latest_only.py
[2022-06-14 18:51:39,828] {processor.py:651} INFO - DAG(s) dict_keys(['latest_only']) retrieved from /usr/local/lib/python3.10/dist-packages/airflow/example_dags/example_latest_only.py
[2022-06-14 18:51:39,843] {logging_mixin.py:115} INFO - [2022-06-14 18:51:39,843] {dag.py:2371} INFO - Sync 1 DAGs
[2022-06-14 18:51:39,859] {logging_mixin.py:115} INFO - [2022-06-14 18:51:39,859] {dag.py:2915} INFO - Setting next_dagrun for latest_only to 2022-06-14T09:21:39.859248+00:00, run_after=2022-06-14T13:21:39.859248+00:00
[2022-06-14 18:51:39,877] {processor.py:161} INFO - Processing /usr/local/lib/python3.10/dist-packages/airflow/example_dags/example_latest_only.py took 0.060 seconds
[2022-06-14 18:52:16,348] {processor.py:153} INFO - Started process (PID=8575) to work on /usr/local/lib/python3.10/dist-packages/airflow/example_dags/example_latest_only.py
[2022-06-14 18:52:16,349] {processor.py:641} INFO - Processing file /usr/local/lib/python3.10/dist-packages/airflow/example_dags/example_latest_only.py for tasks to queue
[2022-06-14 18:52:16,349] {logging_mixin.py:115} INFO - [2022-06-14 18:52:16,349] {dagbag.py:507} INFO - Filling up the DagBag from /usr/local/lib/python3.10/dist-packages/airflow/example_dags/example_latest_only.py
[2022-06-14 18:52:16,356] {processor.py:651} INFO - DAG(s) dict_keys(['latest_only']) retrieved from /usr/local/lib/python3.10/dist-packages/airflow/example_dags/example_latest_only.py
[2022-06-14 18:52:16,372] {logging_mixin.py:115} INFO - [2022-06-14 18:52:16,372] {dag.py:2371} INFO - Sync 1 DAGs
[2022-06-14 18:52:16,389] {logging_mixin.py:115} INFO - [2022-06-14 18:52:16,388] {dag.py:2915} INFO - Setting next_dagrun for latest_only to 2022-06-14T09:22:16.388724+00:00, run_after=2022-06-14T13:22:16.388724+00:00
[2022-06-14 18:52:16,407] {processor.py:161} INFO - Processing /usr/local/lib/python3.10/dist-packages/airflow/example_dags/example_latest_only.py took 0.062 seconds
[2022-06-14 18:52:52,216] {processor.py:153} INFO - Started process (PID=8649) to work on /usr/local/lib/python3.10/dist-packages/airflow/example_dags/example_latest_only.py
[2022-06-14 18:52:52,216] {processor.py:641} INFO - Processing file /usr/local/lib/python3.10/dist-packages/airflow/example_dags/example_latest_only.py for tasks to queue
[2022-06-14 18:52:52,217] {logging_mixin.py:115} INFO - [2022-06-14 18:52:52,217] {dagbag.py:507} INFO - Filling up the DagBag from /usr/local/lib/python3.10/dist-packages/airflow/example_dags/example_latest_only.py
[2022-06-14 18:52:52,224] {processor.py:651} INFO - DAG(s) dict_keys(['latest_only']) retrieved from /usr/local/lib/python3.10/dist-packages/airflow/example_dags/example_latest_only.py
[2022-06-14 18:52:52,240] {logging_mixin.py:115} INFO - [2022-06-14 18:52:52,240] {dag.py:2371} INFO - Sync 1 DAGs
[2022-06-14 18:52:52,256] {logging_mixin.py:115} INFO - [2022-06-14 18:52:52,256] {dag.py:2915} INFO - Setting next_dagrun for latest_only to 2022-06-14T09:22:52.256228+00:00, run_after=2022-06-14T13:22:52.256228+00:00
[2022-06-14 18:52:52,274] {processor.py:161} INFO - Processing /usr/local/lib/python3.10/dist-packages/airflow/example_dags/example_latest_only.py took 0.061 seconds
[2022-06-14 18:53:25,952] {processor.py:153} INFO - Started process (PID=8700) to work on /usr/local/lib/python3.10/dist-packages/airflow/example_dags/example_latest_only.py
[2022-06-14 18:53:25,953] {processor.py:641} INFO - Processing file /usr/local/lib/python3.10/dist-packages/airflow/example_dags/example_latest_only.py for tasks to queue
[2022-06-14 18:53:25,954] {logging_mixin.py:115} INFO - [2022-06-14 18:53:25,953] {dagbag.py:507} INFO - Filling up the DagBag from /usr/local/lib/python3.10/dist-packages/airflow/example_dags/example_latest_only.py
[2022-06-14 18:53:25,959] {processor.py:651} INFO - DAG(s) dict_keys(['latest_only']) retrieved from /usr/local/lib/python3.10/dist-packages/airflow/example_dags/example_latest_only.py
[2022-06-14 18:53:25,975] {logging_mixin.py:115} INFO - [2022-06-14 18:53:25,975] {dag.py:2371} INFO - Sync 1 DAGs
[2022-06-14 18:53:25,991] {logging_mixin.py:115} INFO - [2022-06-14 18:53:25,991] {dag.py:2915} INFO - Setting next_dagrun for latest_only to 2022-06-14T09:23:25.991468+00:00, run_after=2022-06-14T13:23:25.991468+00:00
[2022-06-14 18:53:26,010] {processor.py:161} INFO - Processing /usr/local/lib/python3.10/dist-packages/airflow/example_dags/example_latest_only.py took 0.061 seconds
[2022-06-14 18:54:00,277] {processor.py:153} INFO - Started process (PID=8758) to work on /usr/local/lib/python3.10/dist-packages/airflow/example_dags/example_latest_only.py
[2022-06-14 18:54:00,278] {processor.py:641} INFO - Processing file /usr/local/lib/python3.10/dist-packages/airflow/example_dags/example_latest_only.py for tasks to queue
[2022-06-14 18:54:00,278] {logging_mixin.py:115} INFO - [2022-06-14 18:54:00,278] {dagbag.py:507} INFO - Filling up the DagBag from /usr/local/lib/python3.10/dist-packages/airflow/example_dags/example_latest_only.py
[2022-06-14 18:54:00,284] {processor.py:651} INFO - DAG(s) dict_keys(['latest_only']) retrieved from /usr/local/lib/python3.10/dist-packages/airflow/example_dags/example_latest_only.py
[2022-06-14 18:54:00,300] {logging_mixin.py:115} INFO - [2022-06-14 18:54:00,300] {dag.py:2371} INFO - Sync 1 DAGs
[2022-06-14 18:54:00,316] {logging_mixin.py:115} INFO - [2022-06-14 18:54:00,316] {dag.py:2915} INFO - Setting next_dagrun for latest_only to 2022-06-14T09:24:00.316238+00:00, run_after=2022-06-14T13:24:00.316238+00:00
[2022-06-14 18:54:00,333] {processor.py:161} INFO - Processing /usr/local/lib/python3.10/dist-packages/airflow/example_dags/example_latest_only.py took 0.060 seconds
[2022-06-14 18:54:35,809] {processor.py:153} INFO - Started process (PID=8804) to work on /usr/local/lib/python3.10/dist-packages/airflow/example_dags/example_latest_only.py
[2022-06-14 18:54:35,810] {processor.py:641} INFO - Processing file /usr/local/lib/python3.10/dist-packages/airflow/example_dags/example_latest_only.py for tasks to queue
[2022-06-14 18:54:35,810] {logging_mixin.py:115} INFO - [2022-06-14 18:54:35,810] {dagbag.py:507} INFO - Filling up the DagBag from /usr/local/lib/python3.10/dist-packages/airflow/example_dags/example_latest_only.py
[2022-06-14 18:54:35,816] {processor.py:651} INFO - DAG(s) dict_keys(['latest_only']) retrieved from /usr/local/lib/python3.10/dist-packages/airflow/example_dags/example_latest_only.py
[2022-06-14 18:54:35,832] {logging_mixin.py:115} INFO - [2022-06-14 18:54:35,832] {dag.py:2371} INFO - Sync 1 DAGs
[2022-06-14 18:54:35,848] {logging_mixin.py:115} INFO - [2022-06-14 18:54:35,848] {dag.py:2915} INFO - Setting next_dagrun for latest_only to 2022-06-14T09:24:35.848537+00:00, run_after=2022-06-14T13:24:35.848537+00:00
[2022-06-14 18:54:35,866] {processor.py:161} INFO - Processing /usr/local/lib/python3.10/dist-packages/airflow/example_dags/example_latest_only.py took 0.060 seconds
[2022-06-14 18:55:10,485] {processor.py:153} INFO - Started process (PID=8853) to work on /usr/local/lib/python3.10/dist-packages/airflow/example_dags/example_latest_only.py
[2022-06-14 18:55:10,486] {processor.py:641} INFO - Processing file /usr/local/lib/python3.10/dist-packages/airflow/example_dags/example_latest_only.py for tasks to queue
[2022-06-14 18:55:10,486] {logging_mixin.py:115} INFO - [2022-06-14 18:55:10,486] {dagbag.py:507} INFO - Filling up the DagBag from /usr/local/lib/python3.10/dist-packages/airflow/example_dags/example_latest_only.py
[2022-06-14 18:55:10,492] {processor.py:651} INFO - DAG(s) dict_keys(['latest_only']) retrieved from /usr/local/lib/python3.10/dist-packages/airflow/example_dags/example_latest_only.py
[2022-06-14 18:55:10,507] {logging_mixin.py:115} INFO - [2022-06-14 18:55:10,507] {dag.py:2371} INFO - Sync 1 DAGs
[2022-06-14 18:55:10,523] {logging_mixin.py:115} INFO - [2022-06-14 18:55:10,523] {dag.py:2915} INFO - Setting next_dagrun for latest_only to 2022-06-14T09:25:10.523510+00:00, run_after=2022-06-14T13:25:10.523510+00:00
[2022-06-14 18:55:10,541] {processor.py:161} INFO - Processing /usr/local/lib/python3.10/dist-packages/airflow/example_dags/example_latest_only.py took 0.059 seconds
[2022-06-14 18:55:46,548] {processor.py:153} INFO - Started process (PID=8895) to work on /usr/local/lib/python3.10/dist-packages/airflow/example_dags/example_latest_only.py
[2022-06-14 18:55:46,549] {processor.py:641} INFO - Processing file /usr/local/lib/python3.10/dist-packages/airflow/example_dags/example_latest_only.py for tasks to queue
[2022-06-14 18:55:46,550] {logging_mixin.py:115} INFO - [2022-06-14 18:55:46,550] {dagbag.py:507} INFO - Filling up the DagBag from /usr/local/lib/python3.10/dist-packages/airflow/example_dags/example_latest_only.py
[2022-06-14 18:55:46,555] {processor.py:651} INFO - DAG(s) dict_keys(['latest_only']) retrieved from /usr/local/lib/python3.10/dist-packages/airflow/example_dags/example_latest_only.py
[2022-06-14 18:55:46,572] {logging_mixin.py:115} INFO - [2022-06-14 18:55:46,572] {dag.py:2371} INFO - Sync 1 DAGs
[2022-06-14 18:55:46,588] {logging_mixin.py:115} INFO - [2022-06-14 18:55:46,588] {dag.py:2915} INFO - Setting next_dagrun for latest_only to 2022-06-14T09:25:46.588195+00:00, run_after=2022-06-14T13:25:46.588195+00:00
[2022-06-14 18:55:46,605] {processor.py:161} INFO - Processing /usr/local/lib/python3.10/dist-packages/airflow/example_dags/example_latest_only.py took 0.060 seconds
[2022-06-14 18:56:26,276] {processor.py:153} INFO - Started process (PID=8949) to work on /usr/local/lib/python3.10/dist-packages/airflow/example_dags/example_latest_only.py
[2022-06-14 18:56:26,276] {processor.py:641} INFO - Processing file /usr/local/lib/python3.10/dist-packages/airflow/example_dags/example_latest_only.py for tasks to queue
[2022-06-14 18:56:26,277] {logging_mixin.py:115} INFO - [2022-06-14 18:56:26,277] {dagbag.py:507} INFO - Filling up the DagBag from /usr/local/lib/python3.10/dist-packages/airflow/example_dags/example_latest_only.py
[2022-06-14 18:56:26,283] {processor.py:651} INFO - DAG(s) dict_keys(['latest_only']) retrieved from /usr/local/lib/python3.10/dist-packages/airflow/example_dags/example_latest_only.py
[2022-06-14 18:56:26,300] {logging_mixin.py:115} INFO - [2022-06-14 18:56:26,300] {dag.py:2371} INFO - Sync 1 DAGs
[2022-06-14 18:56:26,316] {logging_mixin.py:115} INFO - [2022-06-14 18:56:26,316] {dag.py:2915} INFO - Setting next_dagrun for latest_only to 2022-06-14T09:26:26.316372+00:00, run_after=2022-06-14T13:26:26.316372+00:00
[2022-06-14 18:56:26,334] {processor.py:161} INFO - Processing /usr/local/lib/python3.10/dist-packages/airflow/example_dags/example_latest_only.py took 0.062 seconds
[2022-06-14 18:57:05,192] {processor.py:153} INFO - Started process (PID=9008) to work on /usr/local/lib/python3.10/dist-packages/airflow/example_dags/example_latest_only.py
[2022-06-14 18:57:05,193] {processor.py:641} INFO - Processing file /usr/local/lib/python3.10/dist-packages/airflow/example_dags/example_latest_only.py for tasks to queue
[2022-06-14 18:57:05,194] {logging_mixin.py:115} INFO - [2022-06-14 18:57:05,193] {dagbag.py:507} INFO - Filling up the DagBag from /usr/local/lib/python3.10/dist-packages/airflow/example_dags/example_latest_only.py
[2022-06-14 18:57:05,199] {processor.py:651} INFO - DAG(s) dict_keys(['latest_only']) retrieved from /usr/local/lib/python3.10/dist-packages/airflow/example_dags/example_latest_only.py
[2022-06-14 18:57:05,216] {logging_mixin.py:115} INFO - [2022-06-14 18:57:05,216] {dag.py:2371} INFO - Sync 1 DAGs
[2022-06-14 18:57:05,232] {logging_mixin.py:115} INFO - [2022-06-14 18:57:05,232] {dag.py:2915} INFO - Setting next_dagrun for latest_only to 2022-06-14T09:27:05.232199+00:00, run_after=2022-06-14T13:27:05.232199+00:00
[2022-06-14 18:57:05,249] {processor.py:161} INFO - Processing /usr/local/lib/python3.10/dist-packages/airflow/example_dags/example_latest_only.py took 0.061 seconds
[2022-06-14 18:57:43,294] {processor.py:153} INFO - Started process (PID=9082) to work on /usr/local/lib/python3.10/dist-packages/airflow/example_dags/example_latest_only.py
[2022-06-14 18:57:43,294] {processor.py:641} INFO - Processing file /usr/local/lib/python3.10/dist-packages/airflow/example_dags/example_latest_only.py for tasks to queue
[2022-06-14 18:57:43,295] {logging_mixin.py:115} INFO - [2022-06-14 18:57:43,295] {dagbag.py:507} INFO - Filling up the DagBag from /usr/local/lib/python3.10/dist-packages/airflow/example_dags/example_latest_only.py
[2022-06-14 18:57:43,300] {processor.py:651} INFO - DAG(s) dict_keys(['latest_only']) retrieved from /usr/local/lib/python3.10/dist-packages/airflow/example_dags/example_latest_only.py
[2022-06-14 18:57:43,315] {logging_mixin.py:115} INFO - [2022-06-14 18:57:43,315] {dag.py:2371} INFO - Sync 1 DAGs
[2022-06-14 18:57:43,332] {logging_mixin.py:115} INFO - [2022-06-14 18:57:43,332] {dag.py:2915} INFO - Setting next_dagrun for latest_only to 2022-06-14T09:27:43.332442+00:00, run_after=2022-06-14T13:27:43.332442+00:00
[2022-06-14 18:57:43,351] {processor.py:161} INFO - Processing /usr/local/lib/python3.10/dist-packages/airflow/example_dags/example_latest_only.py took 0.059 seconds
[2022-06-14 18:58:17,418] {processor.py:153} INFO - Started process (PID=9128) to work on /usr/local/lib/python3.10/dist-packages/airflow/example_dags/example_latest_only.py
[2022-06-14 18:58:17,419] {processor.py:641} INFO - Processing file /usr/local/lib/python3.10/dist-packages/airflow/example_dags/example_latest_only.py for tasks to queue
[2022-06-14 18:58:17,419] {logging_mixin.py:115} INFO - [2022-06-14 18:58:17,419] {dagbag.py:507} INFO - Filling up the DagBag from /usr/local/lib/python3.10/dist-packages/airflow/example_dags/example_latest_only.py
[2022-06-14 18:58:17,424] {processor.py:651} INFO - DAG(s) dict_keys(['latest_only']) retrieved from /usr/local/lib/python3.10/dist-packages/airflow/example_dags/example_latest_only.py
[2022-06-14 18:58:17,439] {logging_mixin.py:115} INFO - [2022-06-14 18:58:17,439] {dag.py:2371} INFO - Sync 1 DAGs
[2022-06-14 18:58:17,457] {logging_mixin.py:115} INFO - [2022-06-14 18:58:17,457] {dag.py:2915} INFO - Setting next_dagrun for latest_only to 2022-06-14T09:28:17.456936+00:00, run_after=2022-06-14T13:28:17.456936+00:00
[2022-06-14 18:58:17,478] {processor.py:161} INFO - Processing /usr/local/lib/python3.10/dist-packages/airflow/example_dags/example_latest_only.py took 0.062 seconds
[2022-06-14 18:58:54,652] {processor.py:153} INFO - Started process (PID=9182) to work on /usr/local/lib/python3.10/dist-packages/airflow/example_dags/example_latest_only.py
[2022-06-14 18:58:54,653] {processor.py:641} INFO - Processing file /usr/local/lib/python3.10/dist-packages/airflow/example_dags/example_latest_only.py for tasks to queue
[2022-06-14 18:58:54,653] {logging_mixin.py:115} INFO - [2022-06-14 18:58:54,653] {dagbag.py:507} INFO - Filling up the DagBag from /usr/local/lib/python3.10/dist-packages/airflow/example_dags/example_latest_only.py
[2022-06-14 18:58:54,658] {processor.py:651} INFO - DAG(s) dict_keys(['latest_only']) retrieved from /usr/local/lib/python3.10/dist-packages/airflow/example_dags/example_latest_only.py
[2022-06-14 18:58:54,674] {logging_mixin.py:115} INFO - [2022-06-14 18:58:54,674] {dag.py:2371} INFO - Sync 1 DAGs
[2022-06-14 18:58:54,692] {logging_mixin.py:115} INFO - [2022-06-14 18:58:54,692] {dag.py:2915} INFO - Setting next_dagrun for latest_only to 2022-06-14T09:28:54.692346+00:00, run_after=2022-06-14T13:28:54.692346+00:00
[2022-06-14 18:58:54,712] {processor.py:161} INFO - Processing /usr/local/lib/python3.10/dist-packages/airflow/example_dags/example_latest_only.py took 0.062 seconds
[2022-06-14 18:59:29,234] {processor.py:153} INFO - Started process (PID=9233) to work on /usr/local/lib/python3.10/dist-packages/airflow/example_dags/example_latest_only.py
[2022-06-14 18:59:29,236] {processor.py:641} INFO - Processing file /usr/local/lib/python3.10/dist-packages/airflow/example_dags/example_latest_only.py for tasks to queue
[2022-06-14 18:59:29,236] {logging_mixin.py:115} INFO - [2022-06-14 18:59:29,236] {dagbag.py:507} INFO - Filling up the DagBag from /usr/local/lib/python3.10/dist-packages/airflow/example_dags/example_latest_only.py
[2022-06-14 18:59:29,241] {processor.py:651} INFO - DAG(s) dict_keys(['latest_only']) retrieved from /usr/local/lib/python3.10/dist-packages/airflow/example_dags/example_latest_only.py
[2022-06-14 18:59:29,255] {logging_mixin.py:115} INFO - [2022-06-14 18:59:29,255] {dag.py:2371} INFO - Sync 1 DAGs
[2022-06-14 18:59:29,272] {logging_mixin.py:115} INFO - [2022-06-14 18:59:29,272] {dag.py:2915} INFO - Setting next_dagrun for latest_only to 2022-06-14T09:29:29.272604+00:00, run_after=2022-06-14T13:29:29.272604+00:00
[2022-06-14 18:59:29,291] {processor.py:161} INFO - Processing /usr/local/lib/python3.10/dist-packages/airflow/example_dags/example_latest_only.py took 0.060 seconds
[2022-06-14 19:00:10,323] {processor.py:153} INFO - Started process (PID=9302) to work on /usr/local/lib/python3.10/dist-packages/airflow/example_dags/example_latest_only.py
[2022-06-14 19:00:10,324] {processor.py:641} INFO - Processing file /usr/local/lib/python3.10/dist-packages/airflow/example_dags/example_latest_only.py for tasks to queue
[2022-06-14 19:00:10,325] {logging_mixin.py:115} INFO - [2022-06-14 19:00:10,325] {dagbag.py:507} INFO - Filling up the DagBag from /usr/local/lib/python3.10/dist-packages/airflow/example_dags/example_latest_only.py
[2022-06-14 19:00:10,330] {processor.py:651} INFO - DAG(s) dict_keys(['latest_only']) retrieved from /usr/local/lib/python3.10/dist-packages/airflow/example_dags/example_latest_only.py
[2022-06-14 19:00:10,345] {logging_mixin.py:115} INFO - [2022-06-14 19:00:10,345] {dag.py:2371} INFO - Sync 1 DAGs
[2022-06-14 19:00:10,362] {logging_mixin.py:115} INFO - [2022-06-14 19:00:10,362] {dag.py:2915} INFO - Setting next_dagrun for latest_only to 2022-06-14T09:30:10.362514+00:00, run_after=2022-06-14T13:30:10.362514+00:00
[2022-06-14 19:00:10,381] {processor.py:161} INFO - Processing /usr/local/lib/python3.10/dist-packages/airflow/example_dags/example_latest_only.py took 0.060 seconds
[2022-06-14 19:00:45,747] {processor.py:153} INFO - Started process (PID=9357) to work on /usr/local/lib/python3.10/dist-packages/airflow/example_dags/example_latest_only.py
[2022-06-14 19:00:45,748] {processor.py:641} INFO - Processing file /usr/local/lib/python3.10/dist-packages/airflow/example_dags/example_latest_only.py for tasks to queue
[2022-06-14 19:00:45,749] {logging_mixin.py:115} INFO - [2022-06-14 19:00:45,748] {dagbag.py:507} INFO - Filling up the DagBag from /usr/local/lib/python3.10/dist-packages/airflow/example_dags/example_latest_only.py
[2022-06-14 19:00:45,753] {processor.py:651} INFO - DAG(s) dict_keys(['latest_only']) retrieved from /usr/local/lib/python3.10/dist-packages/airflow/example_dags/example_latest_only.py
[2022-06-14 19:00:45,768] {logging_mixin.py:115} INFO - [2022-06-14 19:00:45,768] {dag.py:2371} INFO - Sync 1 DAGs
[2022-06-14 19:00:45,785] {logging_mixin.py:115} INFO - [2022-06-14 19:00:45,785] {dag.py:2915} INFO - Setting next_dagrun for latest_only to 2022-06-14T09:30:45.784979+00:00, run_after=2022-06-14T13:30:45.784979+00:00
[2022-06-14 19:00:45,804] {processor.py:161} INFO - Processing /usr/local/lib/python3.10/dist-packages/airflow/example_dags/example_latest_only.py took 0.059 seconds
[2022-06-14 19:01:21,132] {processor.py:153} INFO - Started process (PID=9409) to work on /usr/local/lib/python3.10/dist-packages/airflow/example_dags/example_latest_only.py
[2022-06-14 19:01:21,133] {processor.py:641} INFO - Processing file /usr/local/lib/python3.10/dist-packages/airflow/example_dags/example_latest_only.py for tasks to queue
[2022-06-14 19:01:21,133] {logging_mixin.py:115} INFO - [2022-06-14 19:01:21,133] {dagbag.py:507} INFO - Filling up the DagBag from /usr/local/lib/python3.10/dist-packages/airflow/example_dags/example_latest_only.py
[2022-06-14 19:01:21,138] {processor.py:651} INFO - DAG(s) dict_keys(['latest_only']) retrieved from /usr/local/lib/python3.10/dist-packages/airflow/example_dags/example_latest_only.py
[2022-06-14 19:01:21,154] {logging_mixin.py:115} INFO - [2022-06-14 19:01:21,153] {dag.py:2371} INFO - Sync 1 DAGs
[2022-06-14 19:01:21,171] {logging_mixin.py:115} INFO - [2022-06-14 19:01:21,171] {dag.py:2915} INFO - Setting next_dagrun for latest_only to 2022-06-14T09:31:21.171532+00:00, run_after=2022-06-14T13:31:21.171532+00:00
[2022-06-14 19:01:21,190] {processor.py:161} INFO - Processing /usr/local/lib/python3.10/dist-packages/airflow/example_dags/example_latest_only.py took 0.060 seconds
[2022-06-14 19:01:59,322] {processor.py:153} INFO - Started process (PID=9463) to work on /usr/local/lib/python3.10/dist-packages/airflow/example_dags/example_latest_only.py
[2022-06-14 19:01:59,322] {processor.py:641} INFO - Processing file /usr/local/lib/python3.10/dist-packages/airflow/example_dags/example_latest_only.py for tasks to queue
[2022-06-14 19:01:59,323] {logging_mixin.py:115} INFO - [2022-06-14 19:01:59,323] {dagbag.py:507} INFO - Filling up the DagBag from /usr/local/lib/python3.10/dist-packages/airflow/example_dags/example_latest_only.py
[2022-06-14 19:01:59,327] {processor.py:651} INFO - DAG(s) dict_keys(['latest_only']) retrieved from /usr/local/lib/python3.10/dist-packages/airflow/example_dags/example_latest_only.py
[2022-06-14 19:01:59,342] {logging_mixin.py:115} INFO - [2022-06-14 19:01:59,342] {dag.py:2371} INFO - Sync 1 DAGs
[2022-06-14 19:01:59,360] {logging_mixin.py:115} INFO - [2022-06-14 19:01:59,360] {dag.py:2915} INFO - Setting next_dagrun for latest_only to 2022-06-14T09:31:59.360146+00:00, run_after=2022-06-14T13:31:59.360146+00:00
[2022-06-14 19:01:59,380] {processor.py:161} INFO - Processing /usr/local/lib/python3.10/dist-packages/airflow/example_dags/example_latest_only.py took 0.060 seconds
[2022-06-14 19:02:43,136] {processor.py:153} INFO - Started process (PID=9519) to work on /usr/local/lib/python3.10/dist-packages/airflow/example_dags/example_latest_only.py
[2022-06-14 19:02:43,137] {processor.py:641} INFO - Processing file /usr/local/lib/python3.10/dist-packages/airflow/example_dags/example_latest_only.py for tasks to queue
[2022-06-14 19:02:43,137] {logging_mixin.py:115} INFO - [2022-06-14 19:02:43,137] {dagbag.py:507} INFO - Filling up the DagBag from /usr/local/lib/python3.10/dist-packages/airflow/example_dags/example_latest_only.py
[2022-06-14 19:02:43,143] {processor.py:651} INFO - DAG(s) dict_keys(['latest_only']) retrieved from /usr/local/lib/python3.10/dist-packages/airflow/example_dags/example_latest_only.py
[2022-06-14 19:02:43,160] {logging_mixin.py:115} INFO - [2022-06-14 19:02:43,160] {dag.py:2371} INFO - Sync 1 DAGs
[2022-06-14 19:02:43,176] {logging_mixin.py:115} INFO - [2022-06-14 19:02:43,176] {dag.py:2915} INFO - Setting next_dagrun for latest_only to 2022-06-14T09:32:43.176382+00:00, run_after=2022-06-14T13:32:43.176382+00:00
[2022-06-14 19:02:43,194] {processor.py:161} INFO - Processing /usr/local/lib/python3.10/dist-packages/airflow/example_dags/example_latest_only.py took 0.061 seconds
[2022-06-14 19:03:21,625] {processor.py:153} INFO - Started process (PID=9609) to work on /usr/local/lib/python3.10/dist-packages/airflow/example_dags/example_latest_only.py
[2022-06-14 19:03:21,626] {processor.py:641} INFO - Processing file /usr/local/lib/python3.10/dist-packages/airflow/example_dags/example_latest_only.py for tasks to queue
[2022-06-14 19:03:21,626] {logging_mixin.py:115} INFO - [2022-06-14 19:03:21,626] {dagbag.py:507} INFO - Filling up the DagBag from /usr/local/lib/python3.10/dist-packages/airflow/example_dags/example_latest_only.py
[2022-06-14 19:03:21,631] {processor.py:651} INFO - DAG(s) dict_keys(['latest_only']) retrieved from /usr/local/lib/python3.10/dist-packages/airflow/example_dags/example_latest_only.py
[2022-06-14 19:03:21,646] {logging_mixin.py:115} INFO - [2022-06-14 19:03:21,646] {dag.py:2371} INFO - Sync 1 DAGs
[2022-06-14 19:03:21,664] {logging_mixin.py:115} INFO - [2022-06-14 19:03:21,664] {dag.py:2915} INFO - Setting next_dagrun for latest_only to 2022-06-14T09:33:21.664198+00:00, run_after=2022-06-14T13:33:21.664198+00:00
[2022-06-14 19:03:21,683] {processor.py:161} INFO - Processing /usr/local/lib/python3.10/dist-packages/airflow/example_dags/example_latest_only.py took 0.060 seconds
[2022-06-14 19:03:57,632] {processor.py:153} INFO - Started process (PID=9658) to work on /usr/local/lib/python3.10/dist-packages/airflow/example_dags/example_latest_only.py
[2022-06-14 19:03:57,633] {processor.py:641} INFO - Processing file /usr/local/lib/python3.10/dist-packages/airflow/example_dags/example_latest_only.py for tasks to queue
[2022-06-14 19:03:57,633] {logging_mixin.py:115} INFO - [2022-06-14 19:03:57,633] {dagbag.py:507} INFO - Filling up the DagBag from /usr/local/lib/python3.10/dist-packages/airflow/example_dags/example_latest_only.py
[2022-06-14 19:03:57,638] {processor.py:651} INFO - DAG(s) dict_keys(['latest_only']) retrieved from /usr/local/lib/python3.10/dist-packages/airflow/example_dags/example_latest_only.py
[2022-06-14 19:03:57,654] {logging_mixin.py:115} INFO - [2022-06-14 19:03:57,654] {dag.py:2371} INFO - Sync 1 DAGs
[2022-06-14 19:03:57,672] {logging_mixin.py:115} INFO - [2022-06-14 19:03:57,672] {dag.py:2915} INFO - Setting next_dagrun for latest_only to 2022-06-14T09:33:57.671893+00:00, run_after=2022-06-14T13:33:57.671893+00:00
[2022-06-14 19:03:57,691] {processor.py:161} INFO - Processing /usr/local/lib/python3.10/dist-packages/airflow/example_dags/example_latest_only.py took 0.062 seconds
[2022-06-14 19:04:37,702] {processor.py:153} INFO - Started process (PID=9713) to work on /usr/local/lib/python3.10/dist-packages/airflow/example_dags/example_latest_only.py
[2022-06-14 19:04:37,703] {processor.py:641} INFO - Processing file /usr/local/lib/python3.10/dist-packages/airflow/example_dags/example_latest_only.py for tasks to queue
[2022-06-14 19:04:37,703] {logging_mixin.py:115} INFO - [2022-06-14 19:04:37,703] {dagbag.py:507} INFO - Filling up the DagBag from /usr/local/lib/python3.10/dist-packages/airflow/example_dags/example_latest_only.py
[2022-06-14 19:04:37,708] {processor.py:651} INFO - DAG(s) dict_keys(['latest_only']) retrieved from /usr/local/lib/python3.10/dist-packages/airflow/example_dags/example_latest_only.py
[2022-06-14 19:04:37,723] {logging_mixin.py:115} INFO - [2022-06-14 19:04:37,723] {dag.py:2371} INFO - Sync 1 DAGs
[2022-06-14 19:04:37,740] {logging_mixin.py:115} INFO - [2022-06-14 19:04:37,740] {dag.py:2915} INFO - Setting next_dagrun for latest_only to 2022-06-14T09:34:37.739966+00:00, run_after=2022-06-14T13:34:37.739966+00:00
[2022-06-14 19:04:37,759] {processor.py:161} INFO - Processing /usr/local/lib/python3.10/dist-packages/airflow/example_dags/example_latest_only.py took 0.059 seconds
[2022-06-14 19:05:14,056] {processor.py:153} INFO - Started process (PID=9762) to work on /usr/local/lib/python3.10/dist-packages/airflow/example_dags/example_latest_only.py
[2022-06-14 19:05:14,057] {processor.py:641} INFO - Processing file /usr/local/lib/python3.10/dist-packages/airflow/example_dags/example_latest_only.py for tasks to queue
[2022-06-14 19:05:14,057] {logging_mixin.py:115} INFO - [2022-06-14 19:05:14,057] {dagbag.py:507} INFO - Filling up the DagBag from /usr/local/lib/python3.10/dist-packages/airflow/example_dags/example_latest_only.py
[2022-06-14 19:05:14,062] {processor.py:651} INFO - DAG(s) dict_keys(['latest_only']) retrieved from /usr/local/lib/python3.10/dist-packages/airflow/example_dags/example_latest_only.py
[2022-06-14 19:05:14,078] {logging_mixin.py:115} INFO - [2022-06-14 19:05:14,078] {dag.py:2371} INFO - Sync 1 DAGs
[2022-06-14 19:05:14,096] {logging_mixin.py:115} INFO - [2022-06-14 19:05:14,095] {dag.py:2915} INFO - Setting next_dagrun for latest_only to 2022-06-14T09:35:14.095698+00:00, run_after=2022-06-14T13:35:14.095698+00:00
[2022-06-14 19:05:14,114] {processor.py:161} INFO - Processing /usr/local/lib/python3.10/dist-packages/airflow/example_dags/example_latest_only.py took 0.060 seconds
[2022-06-14 19:05:47,563] {processor.py:153} INFO - Started process (PID=9814) to work on /usr/local/lib/python3.10/dist-packages/airflow/example_dags/example_latest_only.py
[2022-06-14 19:05:47,564] {processor.py:641} INFO - Processing file /usr/local/lib/python3.10/dist-packages/airflow/example_dags/example_latest_only.py for tasks to queue
[2022-06-14 19:05:47,564] {logging_mixin.py:115} INFO - [2022-06-14 19:05:47,564] {dagbag.py:507} INFO - Filling up the DagBag from /usr/local/lib/python3.10/dist-packages/airflow/example_dags/example_latest_only.py
[2022-06-14 19:05:47,569] {processor.py:651} INFO - DAG(s) dict_keys(['latest_only']) retrieved from /usr/local/lib/python3.10/dist-packages/airflow/example_dags/example_latest_only.py
[2022-06-14 19:05:47,585] {logging_mixin.py:115} INFO - [2022-06-14 19:05:47,585] {dag.py:2371} INFO - Sync 1 DAGs
[2022-06-14 19:05:47,602] {logging_mixin.py:115} INFO - [2022-06-14 19:05:47,602] {dag.py:2915} INFO - Setting next_dagrun for latest_only to 2022-06-14T09:35:47.602461+00:00, run_after=2022-06-14T13:35:47.602461+00:00
[2022-06-14 19:05:47,621] {processor.py:161} INFO - Processing /usr/local/lib/python3.10/dist-packages/airflow/example_dags/example_latest_only.py took 0.060 seconds
[2022-06-14 19:06:24,928] {processor.py:153} INFO - Started process (PID=9862) to work on /usr/local/lib/python3.10/dist-packages/airflow/example_dags/example_latest_only.py
[2022-06-14 19:06:24,929] {processor.py:641} INFO - Processing file /usr/local/lib/python3.10/dist-packages/airflow/example_dags/example_latest_only.py for tasks to queue
[2022-06-14 19:06:24,929] {logging_mixin.py:115} INFO - [2022-06-14 19:06:24,929] {dagbag.py:507} INFO - Filling up the DagBag from /usr/local/lib/python3.10/dist-packages/airflow/example_dags/example_latest_only.py
[2022-06-14 19:06:24,934] {processor.py:651} INFO - DAG(s) dict_keys(['latest_only']) retrieved from /usr/local/lib/python3.10/dist-packages/airflow/example_dags/example_latest_only.py
[2022-06-14 19:06:24,950] {logging_mixin.py:115} INFO - [2022-06-14 19:06:24,950] {dag.py:2371} INFO - Sync 1 DAGs
[2022-06-14 19:06:24,968] {logging_mixin.py:115} INFO - [2022-06-14 19:06:24,967] {dag.py:2915} INFO - Setting next_dagrun for latest_only to 2022-06-14T09:36:24.967749+00:00, run_after=2022-06-14T13:36:24.967749+00:00
[2022-06-14 19:06:24,986] {processor.py:161} INFO - Processing /usr/local/lib/python3.10/dist-packages/airflow/example_dags/example_latest_only.py took 0.060 seconds
[2022-06-14 19:07:03,154] {processor.py:153} INFO - Started process (PID=9919) to work on /usr/local/lib/python3.10/dist-packages/airflow/example_dags/example_latest_only.py
[2022-06-14 19:07:03,155] {processor.py:641} INFO - Processing file /usr/local/lib/python3.10/dist-packages/airflow/example_dags/example_latest_only.py for tasks to queue
[2022-06-14 19:07:03,155] {logging_mixin.py:115} INFO - [2022-06-14 19:07:03,155] {dagbag.py:507} INFO - Filling up the DagBag from /usr/local/lib/python3.10/dist-packages/airflow/example_dags/example_latest_only.py
[2022-06-14 19:07:03,160] {processor.py:651} INFO - DAG(s) dict_keys(['latest_only']) retrieved from /usr/local/lib/python3.10/dist-packages/airflow/example_dags/example_latest_only.py
[2022-06-14 19:07:03,175] {logging_mixin.py:115} INFO - [2022-06-14 19:07:03,175] {dag.py:2371} INFO - Sync 1 DAGs
[2022-06-14 19:07:03,192] {logging_mixin.py:115} INFO - [2022-06-14 19:07:03,192] {dag.py:2915} INFO - Setting next_dagrun for latest_only to 2022-06-14T09:37:03.192289+00:00, run_after=2022-06-14T13:37:03.192289+00:00
[2022-06-14 19:07:03,211] {processor.py:161} INFO - Processing /usr/local/lib/python3.10/dist-packages/airflow/example_dags/example_latest_only.py took 0.060 seconds
[2022-06-14 19:07:36,922] {processor.py:153} INFO - Started process (PID=9962) to work on /usr/local/lib/python3.10/dist-packages/airflow/example_dags/example_latest_only.py
[2022-06-14 19:07:36,922] {processor.py:641} INFO - Processing file /usr/local/lib/python3.10/dist-packages/airflow/example_dags/example_latest_only.py for tasks to queue
[2022-06-14 19:07:36,923] {logging_mixin.py:115} INFO - [2022-06-14 19:07:36,923] {dagbag.py:507} INFO - Filling up the DagBag from /usr/local/lib/python3.10/dist-packages/airflow/example_dags/example_latest_only.py
[2022-06-14 19:07:36,927] {processor.py:651} INFO - DAG(s) dict_keys(['latest_only']) retrieved from /usr/local/lib/python3.10/dist-packages/airflow/example_dags/example_latest_only.py
[2022-06-14 19:07:36,945] {logging_mixin.py:115} INFO - [2022-06-14 19:07:36,945] {dag.py:2371} INFO - Sync 1 DAGs
[2022-06-14 19:07:36,963] {logging_mixin.py:115} INFO - [2022-06-14 19:07:36,963] {dag.py:2915} INFO - Setting next_dagrun for latest_only to 2022-06-14T09:37:36.962817+00:00, run_after=2022-06-14T13:37:36.962817+00:00
[2022-06-14 19:07:36,981] {processor.py:161} INFO - Processing /usr/local/lib/python3.10/dist-packages/airflow/example_dags/example_latest_only.py took 0.062 seconds
[2022-06-14 19:08:14,154] {processor.py:153} INFO - Started process (PID=10018) to work on /usr/local/lib/python3.10/dist-packages/airflow/example_dags/example_latest_only.py
[2022-06-14 19:08:14,155] {processor.py:641} INFO - Processing file /usr/local/lib/python3.10/dist-packages/airflow/example_dags/example_latest_only.py for tasks to queue
[2022-06-14 19:08:14,156] {logging_mixin.py:115} INFO - [2022-06-14 19:08:14,156] {dagbag.py:507} INFO - Filling up the DagBag from /usr/local/lib/python3.10/dist-packages/airflow/example_dags/example_latest_only.py
[2022-06-14 19:08:14,161] {processor.py:651} INFO - DAG(s) dict_keys(['latest_only']) retrieved from /usr/local/lib/python3.10/dist-packages/airflow/example_dags/example_latest_only.py
[2022-06-14 19:08:14,175] {logging_mixin.py:115} INFO - [2022-06-14 19:08:14,175] {dag.py:2371} INFO - Sync 1 DAGs
[2022-06-14 19:08:14,193] {logging_mixin.py:115} INFO - [2022-06-14 19:08:14,193] {dag.py:2915} INFO - Setting next_dagrun for latest_only to 2022-06-14T09:38:14.192861+00:00, run_after=2022-06-14T13:38:14.192861+00:00
[2022-06-14 19:08:14,212] {processor.py:161} INFO - Processing /usr/local/lib/python3.10/dist-packages/airflow/example_dags/example_latest_only.py took 0.060 seconds
[2022-06-14 19:08:49,090] {processor.py:153} INFO - Started process (PID=10064) to work on /usr/local/lib/python3.10/dist-packages/airflow/example_dags/example_latest_only.py
[2022-06-14 19:08:49,092] {processor.py:641} INFO - Processing file /usr/local/lib/python3.10/dist-packages/airflow/example_dags/example_latest_only.py for tasks to queue
[2022-06-14 19:08:49,092] {logging_mixin.py:115} INFO - [2022-06-14 19:08:49,092] {dagbag.py:507} INFO - Filling up the DagBag from /usr/local/lib/python3.10/dist-packages/airflow/example_dags/example_latest_only.py
[2022-06-14 19:08:49,097] {processor.py:651} INFO - DAG(s) dict_keys(['latest_only']) retrieved from /usr/local/lib/python3.10/dist-packages/airflow/example_dags/example_latest_only.py
[2022-06-14 19:08:49,112] {logging_mixin.py:115} INFO - [2022-06-14 19:08:49,112] {dag.py:2371} INFO - Sync 1 DAGs
[2022-06-14 19:08:49,129] {logging_mixin.py:115} INFO - [2022-06-14 19:08:49,129] {dag.py:2915} INFO - Setting next_dagrun for latest_only to 2022-06-14T09:38:49.128785+00:00, run_after=2022-06-14T13:38:49.128785+00:00
[2022-06-14 19:08:49,147] {processor.py:161} INFO - Processing /usr/local/lib/python3.10/dist-packages/airflow/example_dags/example_latest_only.py took 0.060 seconds
[2022-06-14 19:09:23,602] {processor.py:153} INFO - Started process (PID=10115) to work on /usr/local/lib/python3.10/dist-packages/airflow/example_dags/example_latest_only.py
[2022-06-14 19:09:23,603] {processor.py:641} INFO - Processing file /usr/local/lib/python3.10/dist-packages/airflow/example_dags/example_latest_only.py for tasks to queue
[2022-06-14 19:09:23,603] {logging_mixin.py:115} INFO - [2022-06-14 19:09:23,603] {dagbag.py:507} INFO - Filling up the DagBag from /usr/local/lib/python3.10/dist-packages/airflow/example_dags/example_latest_only.py
[2022-06-14 19:09:23,609] {processor.py:651} INFO - DAG(s) dict_keys(['latest_only']) retrieved from /usr/local/lib/python3.10/dist-packages/airflow/example_dags/example_latest_only.py
[2022-06-14 19:09:23,623] {logging_mixin.py:115} INFO - [2022-06-14 19:09:23,623] {dag.py:2371} INFO - Sync 1 DAGs
[2022-06-14 19:09:23,641] {logging_mixin.py:115} INFO - [2022-06-14 19:09:23,640] {dag.py:2915} INFO - Setting next_dagrun for latest_only to 2022-06-14T09:39:23.640652+00:00, run_after=2022-06-14T13:39:23.640652+00:00
[2022-06-14 19:09:23,659] {processor.py:161} INFO - Processing /usr/local/lib/python3.10/dist-packages/airflow/example_dags/example_latest_only.py took 0.059 seconds
[2022-06-14 19:09:58,787] {processor.py:153} INFO - Started process (PID=10165) to work on /usr/local/lib/python3.10/dist-packages/airflow/example_dags/example_latest_only.py
[2022-06-14 19:09:58,788] {processor.py:641} INFO - Processing file /usr/local/lib/python3.10/dist-packages/airflow/example_dags/example_latest_only.py for tasks to queue
[2022-06-14 19:09:58,788] {logging_mixin.py:115} INFO - [2022-06-14 19:09:58,788] {dagbag.py:507} INFO - Filling up the DagBag from /usr/local/lib/python3.10/dist-packages/airflow/example_dags/example_latest_only.py
[2022-06-14 19:09:58,794] {processor.py:651} INFO - DAG(s) dict_keys(['latest_only']) retrieved from /usr/local/lib/python3.10/dist-packages/airflow/example_dags/example_latest_only.py
[2022-06-14 19:09:58,810] {logging_mixin.py:115} INFO - [2022-06-14 19:09:58,810] {dag.py:2371} INFO - Sync 1 DAGs
[2022-06-14 19:09:58,827] {logging_mixin.py:115} INFO - [2022-06-14 19:09:58,827] {dag.py:2915} INFO - Setting next_dagrun for latest_only to 2022-06-14T09:39:58.827352+00:00, run_after=2022-06-14T13:39:58.827352+00:00
[2022-06-14 19:09:58,846] {processor.py:161} INFO - Processing /usr/local/lib/python3.10/dist-packages/airflow/example_dags/example_latest_only.py took 0.061 seconds
[2022-06-14 19:10:33,783] {processor.py:153} INFO - Started process (PID=10307) to work on /usr/local/lib/python3.10/dist-packages/airflow/example_dags/example_latest_only.py
[2022-06-14 19:10:33,783] {processor.py:641} INFO - Processing file /usr/local/lib/python3.10/dist-packages/airflow/example_dags/example_latest_only.py for tasks to queue
[2022-06-14 19:10:33,784] {logging_mixin.py:115} INFO - [2022-06-14 19:10:33,784] {dagbag.py:507} INFO - Filling up the DagBag from /usr/local/lib/python3.10/dist-packages/airflow/example_dags/example_latest_only.py
[2022-06-14 19:10:33,789] {processor.py:651} INFO - DAG(s) dict_keys(['latest_only']) retrieved from /usr/local/lib/python3.10/dist-packages/airflow/example_dags/example_latest_only.py
[2022-06-14 19:10:33,804] {logging_mixin.py:115} INFO - [2022-06-14 19:10:33,804] {dag.py:2371} INFO - Sync 1 DAGs
[2022-06-14 19:10:33,822] {logging_mixin.py:115} INFO - [2022-06-14 19:10:33,822] {dag.py:2915} INFO - Setting next_dagrun for latest_only to 2022-06-14T09:40:33.822155+00:00, run_after=2022-06-14T13:40:33.822155+00:00
[2022-06-14 19:10:33,842] {processor.py:161} INFO - Processing /usr/local/lib/python3.10/dist-packages/airflow/example_dags/example_latest_only.py took 0.062 seconds
