[2022-06-14 18:33:43,869] {processor.py:153} INFO - Started process (PID=6631) to work on /usr/local/lib/python3.10/dist-packages/airflow/example_dags/tutorial_taskflow_api_etl.py
[2022-06-14 18:33:43,870] {processor.py:641} INFO - Processing file /usr/local/lib/python3.10/dist-packages/airflow/example_dags/tutorial_taskflow_api_etl.py for tasks to queue
[2022-06-14 18:33:43,870] {logging_mixin.py:115} INFO - [2022-06-14 18:33:43,870] {dagbag.py:507} INFO - Filling up the DagBag from /usr/local/lib/python3.10/dist-packages/airflow/example_dags/tutorial_taskflow_api_etl.py
[2022-06-14 18:33:43,887] {processor.py:651} INFO - DAG(s) dict_keys(['tutorial_taskflow_api_etl']) retrieved from /usr/local/lib/python3.10/dist-packages/airflow/example_dags/tutorial_taskflow_api_etl.py
[2022-06-14 18:33:43,937] {logging_mixin.py:115} INFO - [2022-06-14 18:33:43,937] {dag.py:2371} INFO - Sync 1 DAGs
[2022-06-14 18:33:43,954] {logging_mixin.py:115} INFO - [2022-06-14 18:33:43,954] {dag.py:2915} INFO - Setting next_dagrun for tutorial_taskflow_api_etl to None, run_after=None
[2022-06-14 18:33:43,974] {processor.py:161} INFO - Processing /usr/local/lib/python3.10/dist-packages/airflow/example_dags/tutorial_taskflow_api_etl.py took 0.107 seconds
[2022-06-14 18:34:18,716] {processor.py:153} INFO - Started process (PID=6688) to work on /usr/local/lib/python3.10/dist-packages/airflow/example_dags/tutorial_taskflow_api_etl.py
[2022-06-14 18:34:18,717] {processor.py:641} INFO - Processing file /usr/local/lib/python3.10/dist-packages/airflow/example_dags/tutorial_taskflow_api_etl.py for tasks to queue
[2022-06-14 18:34:18,718] {logging_mixin.py:115} INFO - [2022-06-14 18:34:18,718] {dagbag.py:507} INFO - Filling up the DagBag from /usr/local/lib/python3.10/dist-packages/airflow/example_dags/tutorial_taskflow_api_etl.py
[2022-06-14 18:34:18,734] {processor.py:651} INFO - DAG(s) dict_keys(['tutorial_taskflow_api_etl']) retrieved from /usr/local/lib/python3.10/dist-packages/airflow/example_dags/tutorial_taskflow_api_etl.py
[2022-06-14 18:34:18,782] {logging_mixin.py:115} INFO - [2022-06-14 18:34:18,782] {dag.py:2371} INFO - Sync 1 DAGs
[2022-06-14 18:34:18,800] {logging_mixin.py:115} INFO - [2022-06-14 18:34:18,800] {dag.py:2915} INFO - Setting next_dagrun for tutorial_taskflow_api_etl to None, run_after=None
[2022-06-14 18:34:18,820] {processor.py:161} INFO - Processing /usr/local/lib/python3.10/dist-packages/airflow/example_dags/tutorial_taskflow_api_etl.py took 0.106 seconds
[2022-06-14 18:34:53,722] {processor.py:153} INFO - Started process (PID=6745) to work on /usr/local/lib/python3.10/dist-packages/airflow/example_dags/tutorial_taskflow_api_etl.py
[2022-06-14 18:34:53,723] {processor.py:641} INFO - Processing file /usr/local/lib/python3.10/dist-packages/airflow/example_dags/tutorial_taskflow_api_etl.py for tasks to queue
[2022-06-14 18:34:53,724] {logging_mixin.py:115} INFO - [2022-06-14 18:34:53,724] {dagbag.py:507} INFO - Filling up the DagBag from /usr/local/lib/python3.10/dist-packages/airflow/example_dags/tutorial_taskflow_api_etl.py
[2022-06-14 18:34:53,752] {processor.py:651} INFO - DAG(s) dict_keys(['tutorial_taskflow_api_etl']) retrieved from /usr/local/lib/python3.10/dist-packages/airflow/example_dags/tutorial_taskflow_api_etl.py
[2022-06-14 18:34:53,777] {logging_mixin.py:115} INFO - [2022-06-14 18:34:53,776] {dag.py:2371} INFO - Sync 1 DAGs
[2022-06-14 18:34:53,800] {logging_mixin.py:115} INFO - [2022-06-14 18:34:53,800] {dag.py:2915} INFO - Setting next_dagrun for tutorial_taskflow_api_etl to None, run_after=None
[2022-06-14 18:34:53,825] {processor.py:161} INFO - Processing /usr/local/lib/python3.10/dist-packages/airflow/example_dags/tutorial_taskflow_api_etl.py took 0.105 seconds
[2022-06-14 18:35:28,627] {processor.py:153} INFO - Started process (PID=6798) to work on /usr/local/lib/python3.10/dist-packages/airflow/example_dags/tutorial_taskflow_api_etl.py
[2022-06-14 18:35:28,628] {processor.py:641} INFO - Processing file /usr/local/lib/python3.10/dist-packages/airflow/example_dags/tutorial_taskflow_api_etl.py for tasks to queue
[2022-06-14 18:35:28,629] {logging_mixin.py:115} INFO - [2022-06-14 18:35:28,628] {dagbag.py:507} INFO - Filling up the DagBag from /usr/local/lib/python3.10/dist-packages/airflow/example_dags/tutorial_taskflow_api_etl.py
[2022-06-14 18:35:28,644] {processor.py:651} INFO - DAG(s) dict_keys(['tutorial_taskflow_api_etl']) retrieved from /usr/local/lib/python3.10/dist-packages/airflow/example_dags/tutorial_taskflow_api_etl.py
[2022-06-14 18:35:28,658] {logging_mixin.py:115} INFO - [2022-06-14 18:35:28,658] {dag.py:2371} INFO - Sync 1 DAGs
[2022-06-14 18:35:28,675] {logging_mixin.py:115} INFO - [2022-06-14 18:35:28,675] {dag.py:2915} INFO - Setting next_dagrun for tutorial_taskflow_api_etl to None, run_after=None
[2022-06-14 18:35:28,693] {processor.py:161} INFO - Processing /usr/local/lib/python3.10/dist-packages/airflow/example_dags/tutorial_taskflow_api_etl.py took 0.068 seconds
[2022-06-14 18:36:03,227] {processor.py:153} INFO - Started process (PID=6850) to work on /usr/local/lib/python3.10/dist-packages/airflow/example_dags/tutorial_taskflow_api_etl.py
[2022-06-14 18:36:03,227] {processor.py:641} INFO - Processing file /usr/local/lib/python3.10/dist-packages/airflow/example_dags/tutorial_taskflow_api_etl.py for tasks to queue
[2022-06-14 18:36:03,228] {logging_mixin.py:115} INFO - [2022-06-14 18:36:03,228] {dagbag.py:507} INFO - Filling up the DagBag from /usr/local/lib/python3.10/dist-packages/airflow/example_dags/tutorial_taskflow_api_etl.py
[2022-06-14 18:36:03,244] {processor.py:651} INFO - DAG(s) dict_keys(['tutorial_taskflow_api_etl']) retrieved from /usr/local/lib/python3.10/dist-packages/airflow/example_dags/tutorial_taskflow_api_etl.py
[2022-06-14 18:36:03,260] {logging_mixin.py:115} INFO - [2022-06-14 18:36:03,260] {dag.py:2371} INFO - Sync 1 DAGs
[2022-06-14 18:36:03,277] {logging_mixin.py:115} INFO - [2022-06-14 18:36:03,277] {dag.py:2915} INFO - Setting next_dagrun for tutorial_taskflow_api_etl to None, run_after=None
[2022-06-14 18:36:03,294] {processor.py:161} INFO - Processing /usr/local/lib/python3.10/dist-packages/airflow/example_dags/tutorial_taskflow_api_etl.py took 0.070 seconds
[2022-06-14 18:36:39,073] {processor.py:153} INFO - Started process (PID=6894) to work on /usr/local/lib/python3.10/dist-packages/airflow/example_dags/tutorial_taskflow_api_etl.py
[2022-06-14 18:36:39,073] {processor.py:641} INFO - Processing file /usr/local/lib/python3.10/dist-packages/airflow/example_dags/tutorial_taskflow_api_etl.py for tasks to queue
[2022-06-14 18:36:39,074] {logging_mixin.py:115} INFO - [2022-06-14 18:36:39,074] {dagbag.py:507} INFO - Filling up the DagBag from /usr/local/lib/python3.10/dist-packages/airflow/example_dags/tutorial_taskflow_api_etl.py
[2022-06-14 18:36:39,090] {processor.py:651} INFO - DAG(s) dict_keys(['tutorial_taskflow_api_etl']) retrieved from /usr/local/lib/python3.10/dist-packages/airflow/example_dags/tutorial_taskflow_api_etl.py
[2022-06-14 18:36:39,103] {logging_mixin.py:115} INFO - [2022-06-14 18:36:39,103] {dag.py:2371} INFO - Sync 1 DAGs
[2022-06-14 18:36:39,119] {logging_mixin.py:115} INFO - [2022-06-14 18:36:39,119] {dag.py:2915} INFO - Setting next_dagrun for tutorial_taskflow_api_etl to None, run_after=None
[2022-06-14 18:36:39,137] {processor.py:161} INFO - Processing /usr/local/lib/python3.10/dist-packages/airflow/example_dags/tutorial_taskflow_api_etl.py took 0.066 seconds
[2022-06-14 18:37:14,038] {processor.py:153} INFO - Started process (PID=6950) to work on /usr/local/lib/python3.10/dist-packages/airflow/example_dags/tutorial_taskflow_api_etl.py
[2022-06-14 18:37:14,039] {processor.py:641} INFO - Processing file /usr/local/lib/python3.10/dist-packages/airflow/example_dags/tutorial_taskflow_api_etl.py for tasks to queue
[2022-06-14 18:37:14,040] {logging_mixin.py:115} INFO - [2022-06-14 18:37:14,039] {dagbag.py:507} INFO - Filling up the DagBag from /usr/local/lib/python3.10/dist-packages/airflow/example_dags/tutorial_taskflow_api_etl.py
[2022-06-14 18:37:14,056] {processor.py:651} INFO - DAG(s) dict_keys(['tutorial_taskflow_api_etl']) retrieved from /usr/local/lib/python3.10/dist-packages/airflow/example_dags/tutorial_taskflow_api_etl.py
[2022-06-14 18:37:14,070] {logging_mixin.py:115} INFO - [2022-06-14 18:37:14,070] {dag.py:2371} INFO - Sync 1 DAGs
[2022-06-14 18:37:14,086] {logging_mixin.py:115} INFO - [2022-06-14 18:37:14,086] {dag.py:2915} INFO - Setting next_dagrun for tutorial_taskflow_api_etl to None, run_after=None
[2022-06-14 18:37:14,104] {processor.py:161} INFO - Processing /usr/local/lib/python3.10/dist-packages/airflow/example_dags/tutorial_taskflow_api_etl.py took 0.068 seconds
[2022-06-14 18:37:48,959] {processor.py:153} INFO - Started process (PID=6994) to work on /usr/local/lib/python3.10/dist-packages/airflow/example_dags/tutorial_taskflow_api_etl.py
[2022-06-14 18:37:48,960] {processor.py:641} INFO - Processing file /usr/local/lib/python3.10/dist-packages/airflow/example_dags/tutorial_taskflow_api_etl.py for tasks to queue
[2022-06-14 18:37:48,960] {logging_mixin.py:115} INFO - [2022-06-14 18:37:48,960] {dagbag.py:507} INFO - Filling up the DagBag from /usr/local/lib/python3.10/dist-packages/airflow/example_dags/tutorial_taskflow_api_etl.py
[2022-06-14 18:37:48,977] {processor.py:651} INFO - DAG(s) dict_keys(['tutorial_taskflow_api_etl']) retrieved from /usr/local/lib/python3.10/dist-packages/airflow/example_dags/tutorial_taskflow_api_etl.py
[2022-06-14 18:37:49,018] {logging_mixin.py:115} INFO - [2022-06-14 18:37:49,018] {dag.py:2371} INFO - Sync 1 DAGs
[2022-06-14 18:37:49,036] {logging_mixin.py:115} INFO - [2022-06-14 18:37:49,035] {dag.py:2915} INFO - Setting next_dagrun for tutorial_taskflow_api_etl to None, run_after=None
[2022-06-14 18:37:49,055] {processor.py:161} INFO - Processing /usr/local/lib/python3.10/dist-packages/airflow/example_dags/tutorial_taskflow_api_etl.py took 0.099 seconds
[2022-06-14 18:38:23,944] {processor.py:153} INFO - Started process (PID=7046) to work on /usr/local/lib/python3.10/dist-packages/airflow/example_dags/tutorial_taskflow_api_etl.py
[2022-06-14 18:38:23,944] {processor.py:641} INFO - Processing file /usr/local/lib/python3.10/dist-packages/airflow/example_dags/tutorial_taskflow_api_etl.py for tasks to queue
[2022-06-14 18:38:23,945] {logging_mixin.py:115} INFO - [2022-06-14 18:38:23,945] {dagbag.py:507} INFO - Filling up the DagBag from /usr/local/lib/python3.10/dist-packages/airflow/example_dags/tutorial_taskflow_api_etl.py
[2022-06-14 18:38:23,962] {processor.py:651} INFO - DAG(s) dict_keys(['tutorial_taskflow_api_etl']) retrieved from /usr/local/lib/python3.10/dist-packages/airflow/example_dags/tutorial_taskflow_api_etl.py
[2022-06-14 18:38:24,005] {logging_mixin.py:115} INFO - [2022-06-14 18:38:24,005] {dag.py:2371} INFO - Sync 1 DAGs
[2022-06-14 18:38:24,022] {logging_mixin.py:115} INFO - [2022-06-14 18:38:24,022] {dag.py:2915} INFO - Setting next_dagrun for tutorial_taskflow_api_etl to None, run_after=None
[2022-06-14 18:38:24,042] {processor.py:161} INFO - Processing /usr/local/lib/python3.10/dist-packages/airflow/example_dags/tutorial_taskflow_api_etl.py took 0.101 seconds
[2022-06-14 18:38:56,954] {processor.py:153} INFO - Started process (PID=7093) to work on /usr/local/lib/python3.10/dist-packages/airflow/example_dags/tutorial_taskflow_api_etl.py
[2022-06-14 18:38:56,954] {processor.py:641} INFO - Processing file /usr/local/lib/python3.10/dist-packages/airflow/example_dags/tutorial_taskflow_api_etl.py for tasks to queue
[2022-06-14 18:38:56,955] {logging_mixin.py:115} INFO - [2022-06-14 18:38:56,955] {dagbag.py:507} INFO - Filling up the DagBag from /usr/local/lib/python3.10/dist-packages/airflow/example_dags/tutorial_taskflow_api_etl.py
[2022-06-14 18:38:56,971] {processor.py:651} INFO - DAG(s) dict_keys(['tutorial_taskflow_api_etl']) retrieved from /usr/local/lib/python3.10/dist-packages/airflow/example_dags/tutorial_taskflow_api_etl.py
[2022-06-14 18:38:56,985] {logging_mixin.py:115} INFO - [2022-06-14 18:38:56,985] {dag.py:2371} INFO - Sync 1 DAGs
[2022-06-14 18:38:57,002] {logging_mixin.py:115} INFO - [2022-06-14 18:38:57,002] {dag.py:2915} INFO - Setting next_dagrun for tutorial_taskflow_api_etl to None, run_after=None
[2022-06-14 18:38:57,020] {processor.py:161} INFO - Processing /usr/local/lib/python3.10/dist-packages/airflow/example_dags/tutorial_taskflow_api_etl.py took 0.068 seconds
[2022-06-14 18:39:31,931] {processor.py:153} INFO - Started process (PID=7145) to work on /usr/local/lib/python3.10/dist-packages/airflow/example_dags/tutorial_taskflow_api_etl.py
[2022-06-14 18:39:31,932] {processor.py:641} INFO - Processing file /usr/local/lib/python3.10/dist-packages/airflow/example_dags/tutorial_taskflow_api_etl.py for tasks to queue
[2022-06-14 18:39:31,932] {logging_mixin.py:115} INFO - [2022-06-14 18:39:31,932] {dagbag.py:507} INFO - Filling up the DagBag from /usr/local/lib/python3.10/dist-packages/airflow/example_dags/tutorial_taskflow_api_etl.py
[2022-06-14 18:39:31,949] {processor.py:651} INFO - DAG(s) dict_keys(['tutorial_taskflow_api_etl']) retrieved from /usr/local/lib/python3.10/dist-packages/airflow/example_dags/tutorial_taskflow_api_etl.py
[2022-06-14 18:39:31,962] {logging_mixin.py:115} INFO - [2022-06-14 18:39:31,962] {dag.py:2371} INFO - Sync 1 DAGs
[2022-06-14 18:39:31,978] {logging_mixin.py:115} INFO - [2022-06-14 18:39:31,978] {dag.py:2915} INFO - Setting next_dagrun for tutorial_taskflow_api_etl to None, run_after=None
[2022-06-14 18:39:31,997] {processor.py:161} INFO - Processing /usr/local/lib/python3.10/dist-packages/airflow/example_dags/tutorial_taskflow_api_etl.py took 0.068 seconds
[2022-06-14 18:40:06,897] {processor.py:153} INFO - Started process (PID=7200) to work on /usr/local/lib/python3.10/dist-packages/airflow/example_dags/tutorial_taskflow_api_etl.py
[2022-06-14 18:40:06,898] {processor.py:641} INFO - Processing file /usr/local/lib/python3.10/dist-packages/airflow/example_dags/tutorial_taskflow_api_etl.py for tasks to queue
[2022-06-14 18:40:06,898] {logging_mixin.py:115} INFO - [2022-06-14 18:40:06,898] {dagbag.py:507} INFO - Filling up the DagBag from /usr/local/lib/python3.10/dist-packages/airflow/example_dags/tutorial_taskflow_api_etl.py
[2022-06-14 18:40:06,915] {processor.py:651} INFO - DAG(s) dict_keys(['tutorial_taskflow_api_etl']) retrieved from /usr/local/lib/python3.10/dist-packages/airflow/example_dags/tutorial_taskflow_api_etl.py
[2022-06-14 18:40:06,957] {logging_mixin.py:115} INFO - [2022-06-14 18:40:06,957] {dag.py:2371} INFO - Sync 1 DAGs
[2022-06-14 18:40:06,975] {logging_mixin.py:115} INFO - [2022-06-14 18:40:06,975] {dag.py:2915} INFO - Setting next_dagrun for tutorial_taskflow_api_etl to None, run_after=None
[2022-06-14 18:40:06,995] {processor.py:161} INFO - Processing /usr/local/lib/python3.10/dist-packages/airflow/example_dags/tutorial_taskflow_api_etl.py took 0.100 seconds
[2022-06-14 18:40:44,682] {processor.py:153} INFO - Started process (PID=7250) to work on /usr/local/lib/python3.10/dist-packages/airflow/example_dags/tutorial_taskflow_api_etl.py
[2022-06-14 18:40:44,683] {processor.py:641} INFO - Processing file /usr/local/lib/python3.10/dist-packages/airflow/example_dags/tutorial_taskflow_api_etl.py for tasks to queue
[2022-06-14 18:40:44,683] {logging_mixin.py:115} INFO - [2022-06-14 18:40:44,683] {dagbag.py:507} INFO - Filling up the DagBag from /usr/local/lib/python3.10/dist-packages/airflow/example_dags/tutorial_taskflow_api_etl.py
[2022-06-14 18:40:44,700] {processor.py:651} INFO - DAG(s) dict_keys(['tutorial_taskflow_api_etl']) retrieved from /usr/local/lib/python3.10/dist-packages/airflow/example_dags/tutorial_taskflow_api_etl.py
[2022-06-14 18:40:44,714] {logging_mixin.py:115} INFO - [2022-06-14 18:40:44,714] {dag.py:2371} INFO - Sync 1 DAGs
[2022-06-14 18:40:44,730] {logging_mixin.py:115} INFO - [2022-06-14 18:40:44,730] {dag.py:2915} INFO - Setting next_dagrun for tutorial_taskflow_api_etl to None, run_after=None
[2022-06-14 18:40:44,748] {processor.py:161} INFO - Processing /usr/local/lib/python3.10/dist-packages/airflow/example_dags/tutorial_taskflow_api_etl.py took 0.068 seconds
[2022-06-14 18:41:22,608] {processor.py:153} INFO - Started process (PID=7315) to work on /usr/local/lib/python3.10/dist-packages/airflow/example_dags/tutorial_taskflow_api_etl.py
[2022-06-14 18:41:22,609] {processor.py:641} INFO - Processing file /usr/local/lib/python3.10/dist-packages/airflow/example_dags/tutorial_taskflow_api_etl.py for tasks to queue
[2022-06-14 18:41:22,609] {logging_mixin.py:115} INFO - [2022-06-14 18:41:22,609] {dagbag.py:507} INFO - Filling up the DagBag from /usr/local/lib/python3.10/dist-packages/airflow/example_dags/tutorial_taskflow_api_etl.py
[2022-06-14 18:41:22,626] {processor.py:651} INFO - DAG(s) dict_keys(['tutorial_taskflow_api_etl']) retrieved from /usr/local/lib/python3.10/dist-packages/airflow/example_dags/tutorial_taskflow_api_etl.py
[2022-06-14 18:41:22,640] {logging_mixin.py:115} INFO - [2022-06-14 18:41:22,640] {dag.py:2371} INFO - Sync 1 DAGs
[2022-06-14 18:41:22,657] {logging_mixin.py:115} INFO - [2022-06-14 18:41:22,657] {dag.py:2915} INFO - Setting next_dagrun for tutorial_taskflow_api_etl to None, run_after=None
[2022-06-14 18:41:22,675] {processor.py:161} INFO - Processing /usr/local/lib/python3.10/dist-packages/airflow/example_dags/tutorial_taskflow_api_etl.py took 0.070 seconds
[2022-06-14 18:42:00,902] {processor.py:153} INFO - Started process (PID=7372) to work on /usr/local/lib/python3.10/dist-packages/airflow/example_dags/tutorial_taskflow_api_etl.py
[2022-06-14 18:42:00,903] {processor.py:641} INFO - Processing file /usr/local/lib/python3.10/dist-packages/airflow/example_dags/tutorial_taskflow_api_etl.py for tasks to queue
[2022-06-14 18:42:00,903] {logging_mixin.py:115} INFO - [2022-06-14 18:42:00,903] {dagbag.py:507} INFO - Filling up the DagBag from /usr/local/lib/python3.10/dist-packages/airflow/example_dags/tutorial_taskflow_api_etl.py
[2022-06-14 18:42:00,920] {processor.py:651} INFO - DAG(s) dict_keys(['tutorial_taskflow_api_etl']) retrieved from /usr/local/lib/python3.10/dist-packages/airflow/example_dags/tutorial_taskflow_api_etl.py
[2022-06-14 18:42:00,962] {logging_mixin.py:115} INFO - [2022-06-14 18:42:00,962] {dag.py:2371} INFO - Sync 1 DAGs
[2022-06-14 18:42:00,979] {logging_mixin.py:115} INFO - [2022-06-14 18:42:00,979] {dag.py:2915} INFO - Setting next_dagrun for tutorial_taskflow_api_etl to None, run_after=None
[2022-06-14 18:42:00,999] {processor.py:161} INFO - Processing /usr/local/lib/python3.10/dist-packages/airflow/example_dags/tutorial_taskflow_api_etl.py took 0.100 seconds
[2022-06-14 18:42:42,203] {processor.py:153} INFO - Started process (PID=7519) to work on /usr/local/lib/python3.10/dist-packages/airflow/example_dags/tutorial_taskflow_api_etl.py
[2022-06-14 18:42:42,204] {processor.py:641} INFO - Processing file /usr/local/lib/python3.10/dist-packages/airflow/example_dags/tutorial_taskflow_api_etl.py for tasks to queue
[2022-06-14 18:42:42,204] {logging_mixin.py:115} INFO - [2022-06-14 18:42:42,204] {dagbag.py:507} INFO - Filling up the DagBag from /usr/local/lib/python3.10/dist-packages/airflow/example_dags/tutorial_taskflow_api_etl.py
[2022-06-14 18:42:42,222] {processor.py:651} INFO - DAG(s) dict_keys(['tutorial_taskflow_api_etl']) retrieved from /usr/local/lib/python3.10/dist-packages/airflow/example_dags/tutorial_taskflow_api_etl.py
[2022-06-14 18:42:42,238] {logging_mixin.py:115} INFO - [2022-06-14 18:42:42,238] {dag.py:2371} INFO - Sync 1 DAGs
[2022-06-14 18:42:42,257] {logging_mixin.py:115} INFO - [2022-06-14 18:42:42,257] {dag.py:2915} INFO - Setting next_dagrun for tutorial_taskflow_api_etl to None, run_after=None
[2022-06-14 18:42:42,276] {processor.py:161} INFO - Processing /usr/local/lib/python3.10/dist-packages/airflow/example_dags/tutorial_taskflow_api_etl.py took 0.075 seconds
[2022-06-14 18:43:16,624] {processor.py:153} INFO - Started process (PID=7566) to work on /usr/local/lib/python3.10/dist-packages/airflow/example_dags/tutorial_taskflow_api_etl.py
[2022-06-14 18:43:16,624] {processor.py:641} INFO - Processing file /usr/local/lib/python3.10/dist-packages/airflow/example_dags/tutorial_taskflow_api_etl.py for tasks to queue
[2022-06-14 18:43:16,625] {logging_mixin.py:115} INFO - [2022-06-14 18:43:16,625] {dagbag.py:507} INFO - Filling up the DagBag from /usr/local/lib/python3.10/dist-packages/airflow/example_dags/tutorial_taskflow_api_etl.py
[2022-06-14 18:43:16,642] {processor.py:651} INFO - DAG(s) dict_keys(['tutorial_taskflow_api_etl']) retrieved from /usr/local/lib/python3.10/dist-packages/airflow/example_dags/tutorial_taskflow_api_etl.py
[2022-06-14 18:43:16,691] {logging_mixin.py:115} INFO - [2022-06-14 18:43:16,691] {dag.py:2371} INFO - Sync 1 DAGs
[2022-06-14 18:43:16,708] {logging_mixin.py:115} INFO - [2022-06-14 18:43:16,708] {dag.py:2915} INFO - Setting next_dagrun for tutorial_taskflow_api_etl to None, run_after=None
[2022-06-14 18:43:16,728] {processor.py:161} INFO - Processing /usr/local/lib/python3.10/dist-packages/airflow/example_dags/tutorial_taskflow_api_etl.py took 0.106 seconds
[2022-06-14 18:43:56,732] {processor.py:153} INFO - Started process (PID=7617) to work on /usr/local/lib/python3.10/dist-packages/airflow/example_dags/tutorial_taskflow_api_etl.py
[2022-06-14 18:43:56,733] {processor.py:641} INFO - Processing file /usr/local/lib/python3.10/dist-packages/airflow/example_dags/tutorial_taskflow_api_etl.py for tasks to queue
[2022-06-14 18:43:56,733] {logging_mixin.py:115} INFO - [2022-06-14 18:43:56,733] {dagbag.py:507} INFO - Filling up the DagBag from /usr/local/lib/python3.10/dist-packages/airflow/example_dags/tutorial_taskflow_api_etl.py
[2022-06-14 18:43:56,750] {processor.py:651} INFO - DAG(s) dict_keys(['tutorial_taskflow_api_etl']) retrieved from /usr/local/lib/python3.10/dist-packages/airflow/example_dags/tutorial_taskflow_api_etl.py
[2022-06-14 18:43:56,764] {logging_mixin.py:115} INFO - [2022-06-14 18:43:56,764] {dag.py:2371} INFO - Sync 1 DAGs
[2022-06-14 18:43:56,786] {logging_mixin.py:115} INFO - [2022-06-14 18:43:56,785] {dag.py:2915} INFO - Setting next_dagrun for tutorial_taskflow_api_etl to None, run_after=None
[2022-06-14 18:43:56,805] {processor.py:161} INFO - Processing /usr/local/lib/python3.10/dist-packages/airflow/example_dags/tutorial_taskflow_api_etl.py took 0.076 seconds
[2022-06-14 18:44:37,296] {processor.py:153} INFO - Started process (PID=7701) to work on /usr/local/lib/python3.10/dist-packages/airflow/example_dags/tutorial_taskflow_api_etl.py
[2022-06-14 18:44:37,296] {processor.py:641} INFO - Processing file /usr/local/lib/python3.10/dist-packages/airflow/example_dags/tutorial_taskflow_api_etl.py for tasks to queue
[2022-06-14 18:44:37,297] {logging_mixin.py:115} INFO - [2022-06-14 18:44:37,297] {dagbag.py:507} INFO - Filling up the DagBag from /usr/local/lib/python3.10/dist-packages/airflow/example_dags/tutorial_taskflow_api_etl.py
[2022-06-14 18:44:37,313] {processor.py:651} INFO - DAG(s) dict_keys(['tutorial_taskflow_api_etl']) retrieved from /usr/local/lib/python3.10/dist-packages/airflow/example_dags/tutorial_taskflow_api_etl.py
[2022-06-14 18:44:37,328] {logging_mixin.py:115} INFO - [2022-06-14 18:44:37,328] {dag.py:2371} INFO - Sync 1 DAGs
[2022-06-14 18:44:37,345] {logging_mixin.py:115} INFO - [2022-06-14 18:44:37,345] {dag.py:2915} INFO - Setting next_dagrun for tutorial_taskflow_api_etl to None, run_after=None
[2022-06-14 18:44:37,364] {processor.py:161} INFO - Processing /usr/local/lib/python3.10/dist-packages/airflow/example_dags/tutorial_taskflow_api_etl.py took 0.071 seconds
[2022-06-14 18:45:11,866] {processor.py:153} INFO - Started process (PID=7764) to work on /usr/local/lib/python3.10/dist-packages/airflow/example_dags/tutorial_taskflow_api_etl.py
[2022-06-14 18:45:11,866] {processor.py:641} INFO - Processing file /usr/local/lib/python3.10/dist-packages/airflow/example_dags/tutorial_taskflow_api_etl.py for tasks to queue
[2022-06-14 18:45:11,867] {logging_mixin.py:115} INFO - [2022-06-14 18:45:11,867] {dagbag.py:507} INFO - Filling up the DagBag from /usr/local/lib/python3.10/dist-packages/airflow/example_dags/tutorial_taskflow_api_etl.py
[2022-06-14 18:45:11,883] {processor.py:651} INFO - DAG(s) dict_keys(['tutorial_taskflow_api_etl']) retrieved from /usr/local/lib/python3.10/dist-packages/airflow/example_dags/tutorial_taskflow_api_etl.py
[2022-06-14 18:45:11,902] {logging_mixin.py:115} INFO - [2022-06-14 18:45:11,902] {dag.py:2371} INFO - Sync 1 DAGs
[2022-06-14 18:45:11,919] {logging_mixin.py:115} INFO - [2022-06-14 18:45:11,919] {dag.py:2915} INFO - Setting next_dagrun for tutorial_taskflow_api_etl to None, run_after=None
[2022-06-14 18:45:11,937] {processor.py:161} INFO - Processing /usr/local/lib/python3.10/dist-packages/airflow/example_dags/tutorial_taskflow_api_etl.py took 0.074 seconds
[2022-06-14 18:45:50,141] {processor.py:153} INFO - Started process (PID=7869) to work on /usr/local/lib/python3.10/dist-packages/airflow/example_dags/tutorial_taskflow_api_etl.py
[2022-06-14 18:45:50,142] {processor.py:641} INFO - Processing file /usr/local/lib/python3.10/dist-packages/airflow/example_dags/tutorial_taskflow_api_etl.py for tasks to queue
[2022-06-14 18:45:50,142] {logging_mixin.py:115} INFO - [2022-06-14 18:45:50,142] {dagbag.py:507} INFO - Filling up the DagBag from /usr/local/lib/python3.10/dist-packages/airflow/example_dags/tutorial_taskflow_api_etl.py
[2022-06-14 18:45:50,158] {processor.py:651} INFO - DAG(s) dict_keys(['tutorial_taskflow_api_etl']) retrieved from /usr/local/lib/python3.10/dist-packages/airflow/example_dags/tutorial_taskflow_api_etl.py
[2022-06-14 18:45:50,172] {logging_mixin.py:115} INFO - [2022-06-14 18:45:50,172] {dag.py:2371} INFO - Sync 1 DAGs
[2022-06-14 18:45:50,188] {logging_mixin.py:115} INFO - [2022-06-14 18:45:50,188] {dag.py:2915} INFO - Setting next_dagrun for tutorial_taskflow_api_etl to None, run_after=None
[2022-06-14 18:45:50,206] {processor.py:161} INFO - Processing /usr/local/lib/python3.10/dist-packages/airflow/example_dags/tutorial_taskflow_api_etl.py took 0.068 seconds
[2022-06-14 18:46:26,402] {processor.py:153} INFO - Started process (PID=7969) to work on /usr/local/lib/python3.10/dist-packages/airflow/example_dags/tutorial_taskflow_api_etl.py
[2022-06-14 18:46:26,403] {processor.py:641} INFO - Processing file /usr/local/lib/python3.10/dist-packages/airflow/example_dags/tutorial_taskflow_api_etl.py for tasks to queue
[2022-06-14 18:46:26,403] {logging_mixin.py:115} INFO - [2022-06-14 18:46:26,403] {dagbag.py:507} INFO - Filling up the DagBag from /usr/local/lib/python3.10/dist-packages/airflow/example_dags/tutorial_taskflow_api_etl.py
[2022-06-14 18:46:26,421] {processor.py:651} INFO - DAG(s) dict_keys(['tutorial_taskflow_api_etl']) retrieved from /usr/local/lib/python3.10/dist-packages/airflow/example_dags/tutorial_taskflow_api_etl.py
[2022-06-14 18:46:26,436] {logging_mixin.py:115} INFO - [2022-06-14 18:46:26,436] {dag.py:2371} INFO - Sync 1 DAGs
[2022-06-14 18:46:26,454] {logging_mixin.py:115} INFO - [2022-06-14 18:46:26,453] {dag.py:2915} INFO - Setting next_dagrun for tutorial_taskflow_api_etl to None, run_after=None
[2022-06-14 18:46:26,472] {processor.py:161} INFO - Processing /usr/local/lib/python3.10/dist-packages/airflow/example_dags/tutorial_taskflow_api_etl.py took 0.072 seconds
[2022-06-14 18:47:04,245] {processor.py:153} INFO - Started process (PID=8026) to work on /usr/local/lib/python3.10/dist-packages/airflow/example_dags/tutorial_taskflow_api_etl.py
[2022-06-14 18:47:04,246] {processor.py:641} INFO - Processing file /usr/local/lib/python3.10/dist-packages/airflow/example_dags/tutorial_taskflow_api_etl.py for tasks to queue
[2022-06-14 18:47:04,246] {logging_mixin.py:115} INFO - [2022-06-14 18:47:04,246] {dagbag.py:507} INFO - Filling up the DagBag from /usr/local/lib/python3.10/dist-packages/airflow/example_dags/tutorial_taskflow_api_etl.py
[2022-06-14 18:47:04,263] {processor.py:651} INFO - DAG(s) dict_keys(['tutorial_taskflow_api_etl']) retrieved from /usr/local/lib/python3.10/dist-packages/airflow/example_dags/tutorial_taskflow_api_etl.py
[2022-06-14 18:47:04,277] {logging_mixin.py:115} INFO - [2022-06-14 18:47:04,277] {dag.py:2371} INFO - Sync 1 DAGs
[2022-06-14 18:47:04,294] {logging_mixin.py:115} INFO - [2022-06-14 18:47:04,294] {dag.py:2915} INFO - Setting next_dagrun for tutorial_taskflow_api_etl to None, run_after=None
[2022-06-14 18:47:04,312] {processor.py:161} INFO - Processing /usr/local/lib/python3.10/dist-packages/airflow/example_dags/tutorial_taskflow_api_etl.py took 0.069 seconds
[2022-06-14 18:47:41,633] {processor.py:153} INFO - Started process (PID=8094) to work on /usr/local/lib/python3.10/dist-packages/airflow/example_dags/tutorial_taskflow_api_etl.py
[2022-06-14 18:47:41,634] {processor.py:641} INFO - Processing file /usr/local/lib/python3.10/dist-packages/airflow/example_dags/tutorial_taskflow_api_etl.py for tasks to queue
[2022-06-14 18:47:41,635] {logging_mixin.py:115} INFO - [2022-06-14 18:47:41,634] {dagbag.py:507} INFO - Filling up the DagBag from /usr/local/lib/python3.10/dist-packages/airflow/example_dags/tutorial_taskflow_api_etl.py
[2022-06-14 18:47:41,651] {processor.py:651} INFO - DAG(s) dict_keys(['tutorial_taskflow_api_etl']) retrieved from /usr/local/lib/python3.10/dist-packages/airflow/example_dags/tutorial_taskflow_api_etl.py
[2022-06-14 18:47:41,665] {logging_mixin.py:115} INFO - [2022-06-14 18:47:41,665] {dag.py:2371} INFO - Sync 1 DAGs
[2022-06-14 18:47:41,682] {logging_mixin.py:115} INFO - [2022-06-14 18:47:41,682] {dag.py:2915} INFO - Setting next_dagrun for tutorial_taskflow_api_etl to None, run_after=None
[2022-06-14 18:47:41,701] {processor.py:161} INFO - Processing /usr/local/lib/python3.10/dist-packages/airflow/example_dags/tutorial_taskflow_api_etl.py took 0.070 seconds
[2022-06-14 18:48:20,941] {processor.py:153} INFO - Started process (PID=8153) to work on /usr/local/lib/python3.10/dist-packages/airflow/example_dags/tutorial_taskflow_api_etl.py
[2022-06-14 18:48:20,942] {processor.py:641} INFO - Processing file /usr/local/lib/python3.10/dist-packages/airflow/example_dags/tutorial_taskflow_api_etl.py for tasks to queue
[2022-06-14 18:48:20,942] {logging_mixin.py:115} INFO - [2022-06-14 18:48:20,942] {dagbag.py:507} INFO - Filling up the DagBag from /usr/local/lib/python3.10/dist-packages/airflow/example_dags/tutorial_taskflow_api_etl.py
[2022-06-14 18:48:20,960] {processor.py:651} INFO - DAG(s) dict_keys(['tutorial_taskflow_api_etl']) retrieved from /usr/local/lib/python3.10/dist-packages/airflow/example_dags/tutorial_taskflow_api_etl.py
[2022-06-14 18:48:21,002] {logging_mixin.py:115} INFO - [2022-06-14 18:48:21,002] {dag.py:2371} INFO - Sync 1 DAGs
[2022-06-14 18:48:21,020] {logging_mixin.py:115} INFO - [2022-06-14 18:48:21,020] {dag.py:2915} INFO - Setting next_dagrun for tutorial_taskflow_api_etl to None, run_after=None
[2022-06-14 18:48:21,040] {processor.py:161} INFO - Processing /usr/local/lib/python3.10/dist-packages/airflow/example_dags/tutorial_taskflow_api_etl.py took 0.101 seconds
[2022-06-14 18:49:02,646] {processor.py:153} INFO - Started process (PID=8226) to work on /usr/local/lib/python3.10/dist-packages/airflow/example_dags/tutorial_taskflow_api_etl.py
[2022-06-14 18:49:02,647] {processor.py:641} INFO - Processing file /usr/local/lib/python3.10/dist-packages/airflow/example_dags/tutorial_taskflow_api_etl.py for tasks to queue
[2022-06-14 18:49:02,647] {logging_mixin.py:115} INFO - [2022-06-14 18:49:02,647] {dagbag.py:507} INFO - Filling up the DagBag from /usr/local/lib/python3.10/dist-packages/airflow/example_dags/tutorial_taskflow_api_etl.py
[2022-06-14 18:49:02,664] {processor.py:651} INFO - DAG(s) dict_keys(['tutorial_taskflow_api_etl']) retrieved from /usr/local/lib/python3.10/dist-packages/airflow/example_dags/tutorial_taskflow_api_etl.py
[2022-06-14 18:49:02,705] {logging_mixin.py:115} INFO - [2022-06-14 18:49:02,705] {dag.py:2371} INFO - Sync 1 DAGs
[2022-06-14 18:49:02,722] {logging_mixin.py:115} INFO - [2022-06-14 18:49:02,722] {dag.py:2915} INFO - Setting next_dagrun for tutorial_taskflow_api_etl to None, run_after=None
[2022-06-14 18:49:02,744] {processor.py:161} INFO - Processing /usr/local/lib/python3.10/dist-packages/airflow/example_dags/tutorial_taskflow_api_etl.py took 0.101 seconds
[2022-06-14 18:49:37,574] {processor.py:153} INFO - Started process (PID=8283) to work on /usr/local/lib/python3.10/dist-packages/airflow/example_dags/tutorial_taskflow_api_etl.py
[2022-06-14 18:49:37,575] {processor.py:641} INFO - Processing file /usr/local/lib/python3.10/dist-packages/airflow/example_dags/tutorial_taskflow_api_etl.py for tasks to queue
[2022-06-14 18:49:37,576] {logging_mixin.py:115} INFO - [2022-06-14 18:49:37,575] {dagbag.py:507} INFO - Filling up the DagBag from /usr/local/lib/python3.10/dist-packages/airflow/example_dags/tutorial_taskflow_api_etl.py
[2022-06-14 18:49:37,591] {processor.py:651} INFO - DAG(s) dict_keys(['tutorial_taskflow_api_etl']) retrieved from /usr/local/lib/python3.10/dist-packages/airflow/example_dags/tutorial_taskflow_api_etl.py
[2022-06-14 18:49:37,633] {logging_mixin.py:115} INFO - [2022-06-14 18:49:37,633] {dag.py:2371} INFO - Sync 1 DAGs
[2022-06-14 18:49:37,650] {logging_mixin.py:115} INFO - [2022-06-14 18:49:37,650] {dag.py:2915} INFO - Setting next_dagrun for tutorial_taskflow_api_etl to None, run_after=None
[2022-06-14 18:49:37,669] {processor.py:161} INFO - Processing /usr/local/lib/python3.10/dist-packages/airflow/example_dags/tutorial_taskflow_api_etl.py took 0.098 seconds
[2022-06-14 18:50:18,689] {processor.py:153} INFO - Started process (PID=8361) to work on /usr/local/lib/python3.10/dist-packages/airflow/example_dags/tutorial_taskflow_api_etl.py
[2022-06-14 18:50:18,690] {processor.py:641} INFO - Processing file /usr/local/lib/python3.10/dist-packages/airflow/example_dags/tutorial_taskflow_api_etl.py for tasks to queue
[2022-06-14 18:50:18,690] {logging_mixin.py:115} INFO - [2022-06-14 18:50:18,690] {dagbag.py:507} INFO - Filling up the DagBag from /usr/local/lib/python3.10/dist-packages/airflow/example_dags/tutorial_taskflow_api_etl.py
[2022-06-14 18:50:18,707] {processor.py:651} INFO - DAG(s) dict_keys(['tutorial_taskflow_api_etl']) retrieved from /usr/local/lib/python3.10/dist-packages/airflow/example_dags/tutorial_taskflow_api_etl.py
[2022-06-14 18:50:18,748] {logging_mixin.py:115} INFO - [2022-06-14 18:50:18,748] {dag.py:2371} INFO - Sync 1 DAGs
[2022-06-14 18:50:18,766] {logging_mixin.py:115} INFO - [2022-06-14 18:50:18,766] {dag.py:2915} INFO - Setting next_dagrun for tutorial_taskflow_api_etl to None, run_after=None
[2022-06-14 18:50:18,786] {processor.py:161} INFO - Processing /usr/local/lib/python3.10/dist-packages/airflow/example_dags/tutorial_taskflow_api_etl.py took 0.099 seconds
[2022-06-14 18:50:53,261] {processor.py:153} INFO - Started process (PID=8436) to work on /usr/local/lib/python3.10/dist-packages/airflow/example_dags/tutorial_taskflow_api_etl.py
[2022-06-14 18:50:53,262] {processor.py:641} INFO - Processing file /usr/local/lib/python3.10/dist-packages/airflow/example_dags/tutorial_taskflow_api_etl.py for tasks to queue
[2022-06-14 18:50:53,263] {logging_mixin.py:115} INFO - [2022-06-14 18:50:53,262] {dagbag.py:507} INFO - Filling up the DagBag from /usr/local/lib/python3.10/dist-packages/airflow/example_dags/tutorial_taskflow_api_etl.py
[2022-06-14 18:50:53,282] {processor.py:651} INFO - DAG(s) dict_keys(['tutorial_taskflow_api_etl']) retrieved from /usr/local/lib/python3.10/dist-packages/airflow/example_dags/tutorial_taskflow_api_etl.py
[2022-06-14 18:50:53,296] {logging_mixin.py:115} INFO - [2022-06-14 18:50:53,295] {dag.py:2371} INFO - Sync 1 DAGs
[2022-06-14 18:50:53,311] {logging_mixin.py:115} INFO - [2022-06-14 18:50:53,311] {dag.py:2915} INFO - Setting next_dagrun for tutorial_taskflow_api_etl to None, run_after=None
[2022-06-14 18:50:53,328] {processor.py:161} INFO - Processing /usr/local/lib/python3.10/dist-packages/airflow/example_dags/tutorial_taskflow_api_etl.py took 0.070 seconds
[2022-06-14 18:51:31,900] {processor.py:153} INFO - Started process (PID=8504) to work on /usr/local/lib/python3.10/dist-packages/airflow/example_dags/tutorial_taskflow_api_etl.py
[2022-06-14 18:51:31,901] {processor.py:641} INFO - Processing file /usr/local/lib/python3.10/dist-packages/airflow/example_dags/tutorial_taskflow_api_etl.py for tasks to queue
[2022-06-14 18:51:31,902] {logging_mixin.py:115} INFO - [2022-06-14 18:51:31,902] {dagbag.py:507} INFO - Filling up the DagBag from /usr/local/lib/python3.10/dist-packages/airflow/example_dags/tutorial_taskflow_api_etl.py
[2022-06-14 18:51:31,921] {processor.py:651} INFO - DAG(s) dict_keys(['tutorial_taskflow_api_etl']) retrieved from /usr/local/lib/python3.10/dist-packages/airflow/example_dags/tutorial_taskflow_api_etl.py
[2022-06-14 18:51:31,934] {logging_mixin.py:115} INFO - [2022-06-14 18:51:31,934] {dag.py:2371} INFO - Sync 1 DAGs
[2022-06-14 18:51:31,950] {logging_mixin.py:115} INFO - [2022-06-14 18:51:31,950] {dag.py:2915} INFO - Setting next_dagrun for tutorial_taskflow_api_etl to None, run_after=None
[2022-06-14 18:51:31,967] {processor.py:161} INFO - Processing /usr/local/lib/python3.10/dist-packages/airflow/example_dags/tutorial_taskflow_api_etl.py took 0.070 seconds
[2022-06-14 18:52:07,332] {processor.py:153} INFO - Started process (PID=8553) to work on /usr/local/lib/python3.10/dist-packages/airflow/example_dags/tutorial_taskflow_api_etl.py
[2022-06-14 18:52:07,333] {processor.py:641} INFO - Processing file /usr/local/lib/python3.10/dist-packages/airflow/example_dags/tutorial_taskflow_api_etl.py for tasks to queue
[2022-06-14 18:52:07,333] {logging_mixin.py:115} INFO - [2022-06-14 18:52:07,333] {dagbag.py:507} INFO - Filling up the DagBag from /usr/local/lib/python3.10/dist-packages/airflow/example_dags/tutorial_taskflow_api_etl.py
[2022-06-14 18:52:07,352] {processor.py:651} INFO - DAG(s) dict_keys(['tutorial_taskflow_api_etl']) retrieved from /usr/local/lib/python3.10/dist-packages/airflow/example_dags/tutorial_taskflow_api_etl.py
[2022-06-14 18:52:07,366] {logging_mixin.py:115} INFO - [2022-06-14 18:52:07,366] {dag.py:2371} INFO - Sync 1 DAGs
[2022-06-14 18:52:07,382] {logging_mixin.py:115} INFO - [2022-06-14 18:52:07,382] {dag.py:2915} INFO - Setting next_dagrun for tutorial_taskflow_api_etl to None, run_after=None
[2022-06-14 18:52:07,398] {processor.py:161} INFO - Processing /usr/local/lib/python3.10/dist-packages/airflow/example_dags/tutorial_taskflow_api_etl.py took 0.069 seconds
[2022-06-14 18:52:44,221] {processor.py:153} INFO - Started process (PID=8619) to work on /usr/local/lib/python3.10/dist-packages/airflow/example_dags/tutorial_taskflow_api_etl.py
[2022-06-14 18:52:44,222] {processor.py:641} INFO - Processing file /usr/local/lib/python3.10/dist-packages/airflow/example_dags/tutorial_taskflow_api_etl.py for tasks to queue
[2022-06-14 18:52:44,222] {logging_mixin.py:115} INFO - [2022-06-14 18:52:44,222] {dagbag.py:507} INFO - Filling up the DagBag from /usr/local/lib/python3.10/dist-packages/airflow/example_dags/tutorial_taskflow_api_etl.py
[2022-06-14 18:52:44,241] {processor.py:651} INFO - DAG(s) dict_keys(['tutorial_taskflow_api_etl']) retrieved from /usr/local/lib/python3.10/dist-packages/airflow/example_dags/tutorial_taskflow_api_etl.py
[2022-06-14 18:52:44,254] {logging_mixin.py:115} INFO - [2022-06-14 18:52:44,254] {dag.py:2371} INFO - Sync 1 DAGs
[2022-06-14 18:52:44,269] {logging_mixin.py:115} INFO - [2022-06-14 18:52:44,269] {dag.py:2915} INFO - Setting next_dagrun for tutorial_taskflow_api_etl to None, run_after=None
[2022-06-14 18:52:44,286] {processor.py:161} INFO - Processing /usr/local/lib/python3.10/dist-packages/airflow/example_dags/tutorial_taskflow_api_etl.py took 0.068 seconds
[2022-06-14 18:53:20,429] {processor.py:153} INFO - Started process (PID=8691) to work on /usr/local/lib/python3.10/dist-packages/airflow/example_dags/tutorial_taskflow_api_etl.py
[2022-06-14 18:53:20,430] {processor.py:641} INFO - Processing file /usr/local/lib/python3.10/dist-packages/airflow/example_dags/tutorial_taskflow_api_etl.py for tasks to queue
[2022-06-14 18:53:20,431] {logging_mixin.py:115} INFO - [2022-06-14 18:53:20,430] {dagbag.py:507} INFO - Filling up the DagBag from /usr/local/lib/python3.10/dist-packages/airflow/example_dags/tutorial_taskflow_api_etl.py
[2022-06-14 18:53:20,450] {processor.py:651} INFO - DAG(s) dict_keys(['tutorial_taskflow_api_etl']) retrieved from /usr/local/lib/python3.10/dist-packages/airflow/example_dags/tutorial_taskflow_api_etl.py
[2022-06-14 18:53:20,491] {logging_mixin.py:115} INFO - [2022-06-14 18:53:20,491] {dag.py:2371} INFO - Sync 1 DAGs
[2022-06-14 18:53:20,505] {logging_mixin.py:115} INFO - [2022-06-14 18:53:20,505] {dag.py:2915} INFO - Setting next_dagrun for tutorial_taskflow_api_etl to None, run_after=None
[2022-06-14 18:53:20,524] {processor.py:161} INFO - Processing /usr/local/lib/python3.10/dist-packages/airflow/example_dags/tutorial_taskflow_api_etl.py took 0.098 seconds
[2022-06-14 18:53:55,223] {processor.py:153} INFO - Started process (PID=8751) to work on /usr/local/lib/python3.10/dist-packages/airflow/example_dags/tutorial_taskflow_api_etl.py
[2022-06-14 18:53:55,224] {processor.py:641} INFO - Processing file /usr/local/lib/python3.10/dist-packages/airflow/example_dags/tutorial_taskflow_api_etl.py for tasks to queue
[2022-06-14 18:53:55,225] {logging_mixin.py:115} INFO - [2022-06-14 18:53:55,224] {dagbag.py:507} INFO - Filling up the DagBag from /usr/local/lib/python3.10/dist-packages/airflow/example_dags/tutorial_taskflow_api_etl.py
[2022-06-14 18:53:55,240] {processor.py:651} INFO - DAG(s) dict_keys(['tutorial_taskflow_api_etl']) retrieved from /usr/local/lib/python3.10/dist-packages/airflow/example_dags/tutorial_taskflow_api_etl.py
[2022-06-14 18:53:55,253] {logging_mixin.py:115} INFO - [2022-06-14 18:53:55,252] {dag.py:2371} INFO - Sync 1 DAGs
[2022-06-14 18:53:55,268] {logging_mixin.py:115} INFO - [2022-06-14 18:53:55,268] {dag.py:2915} INFO - Setting next_dagrun for tutorial_taskflow_api_etl to None, run_after=None
[2022-06-14 18:53:55,285] {processor.py:161} INFO - Processing /usr/local/lib/python3.10/dist-packages/airflow/example_dags/tutorial_taskflow_api_etl.py took 0.064 seconds
[2022-06-14 18:54:38,269] {processor.py:153} INFO - Started process (PID=8808) to work on /usr/local/lib/python3.10/dist-packages/airflow/example_dags/tutorial_taskflow_api_etl.py
[2022-06-14 18:54:38,269] {processor.py:641} INFO - Processing file /usr/local/lib/python3.10/dist-packages/airflow/example_dags/tutorial_taskflow_api_etl.py for tasks to queue
[2022-06-14 18:54:38,270] {logging_mixin.py:115} INFO - [2022-06-14 18:54:38,270] {dagbag.py:507} INFO - Filling up the DagBag from /usr/local/lib/python3.10/dist-packages/airflow/example_dags/tutorial_taskflow_api_etl.py
[2022-06-14 18:54:38,289] {processor.py:651} INFO - DAG(s) dict_keys(['tutorial_taskflow_api_etl']) retrieved from /usr/local/lib/python3.10/dist-packages/airflow/example_dags/tutorial_taskflow_api_etl.py
[2022-06-14 18:54:38,302] {logging_mixin.py:115} INFO - [2022-06-14 18:54:38,302] {dag.py:2371} INFO - Sync 1 DAGs
[2022-06-14 18:54:38,318] {logging_mixin.py:115} INFO - [2022-06-14 18:54:38,318] {dag.py:2915} INFO - Setting next_dagrun for tutorial_taskflow_api_etl to None, run_after=None
[2022-06-14 18:54:38,335] {processor.py:161} INFO - Processing /usr/local/lib/python3.10/dist-packages/airflow/example_dags/tutorial_taskflow_api_etl.py took 0.069 seconds
[2022-06-14 18:55:18,687] {processor.py:153} INFO - Started process (PID=8863) to work on /usr/local/lib/python3.10/dist-packages/airflow/example_dags/tutorial_taskflow_api_etl.py
[2022-06-14 18:55:18,688] {processor.py:641} INFO - Processing file /usr/local/lib/python3.10/dist-packages/airflow/example_dags/tutorial_taskflow_api_etl.py for tasks to queue
[2022-06-14 18:55:18,689] {logging_mixin.py:115} INFO - [2022-06-14 18:55:18,689] {dagbag.py:507} INFO - Filling up the DagBag from /usr/local/lib/python3.10/dist-packages/airflow/example_dags/tutorial_taskflow_api_etl.py
[2022-06-14 18:55:18,708] {processor.py:651} INFO - DAG(s) dict_keys(['tutorial_taskflow_api_etl']) retrieved from /usr/local/lib/python3.10/dist-packages/airflow/example_dags/tutorial_taskflow_api_etl.py
[2022-06-14 18:55:18,724] {logging_mixin.py:115} INFO - [2022-06-14 18:55:18,724] {dag.py:2371} INFO - Sync 1 DAGs
[2022-06-14 18:55:18,740] {logging_mixin.py:115} INFO - [2022-06-14 18:55:18,740] {dag.py:2915} INFO - Setting next_dagrun for tutorial_taskflow_api_etl to None, run_after=None
[2022-06-14 18:55:18,758] {processor.py:161} INFO - Processing /usr/local/lib/python3.10/dist-packages/airflow/example_dags/tutorial_taskflow_api_etl.py took 0.073 seconds
[2022-06-14 18:55:53,989] {processor.py:153} INFO - Started process (PID=8904) to work on /usr/local/lib/python3.10/dist-packages/airflow/example_dags/tutorial_taskflow_api_etl.py
[2022-06-14 18:55:53,989] {processor.py:641} INFO - Processing file /usr/local/lib/python3.10/dist-packages/airflow/example_dags/tutorial_taskflow_api_etl.py for tasks to queue
[2022-06-14 18:55:53,990] {logging_mixin.py:115} INFO - [2022-06-14 18:55:53,990] {dagbag.py:507} INFO - Filling up the DagBag from /usr/local/lib/python3.10/dist-packages/airflow/example_dags/tutorial_taskflow_api_etl.py
[2022-06-14 18:55:54,009] {processor.py:651} INFO - DAG(s) dict_keys(['tutorial_taskflow_api_etl']) retrieved from /usr/local/lib/python3.10/dist-packages/airflow/example_dags/tutorial_taskflow_api_etl.py
[2022-06-14 18:55:54,022] {logging_mixin.py:115} INFO - [2022-06-14 18:55:54,022] {dag.py:2371} INFO - Sync 1 DAGs
[2022-06-14 18:55:54,038] {logging_mixin.py:115} INFO - [2022-06-14 18:55:54,038] {dag.py:2915} INFO - Setting next_dagrun for tutorial_taskflow_api_etl to None, run_after=None
[2022-06-14 18:55:54,055] {processor.py:161} INFO - Processing /usr/local/lib/python3.10/dist-packages/airflow/example_dags/tutorial_taskflow_api_etl.py took 0.069 seconds
[2022-06-14 18:56:34,113] {processor.py:153} INFO - Started process (PID=8960) to work on /usr/local/lib/python3.10/dist-packages/airflow/example_dags/tutorial_taskflow_api_etl.py
[2022-06-14 18:56:34,114] {processor.py:641} INFO - Processing file /usr/local/lib/python3.10/dist-packages/airflow/example_dags/tutorial_taskflow_api_etl.py for tasks to queue
[2022-06-14 18:56:34,115] {logging_mixin.py:115} INFO - [2022-06-14 18:56:34,114] {dagbag.py:507} INFO - Filling up the DagBag from /usr/local/lib/python3.10/dist-packages/airflow/example_dags/tutorial_taskflow_api_etl.py
[2022-06-14 18:56:34,139] {processor.py:651} INFO - DAG(s) dict_keys(['tutorial_taskflow_api_etl']) retrieved from /usr/local/lib/python3.10/dist-packages/airflow/example_dags/tutorial_taskflow_api_etl.py
[2022-06-14 18:56:34,159] {logging_mixin.py:115} INFO - [2022-06-14 18:56:34,159] {dag.py:2371} INFO - Sync 1 DAGs
[2022-06-14 18:56:34,183] {logging_mixin.py:115} INFO - [2022-06-14 18:56:34,183] {dag.py:2915} INFO - Setting next_dagrun for tutorial_taskflow_api_etl to None, run_after=None
[2022-06-14 18:56:34,202] {processor.py:161} INFO - Processing /usr/local/lib/python3.10/dist-packages/airflow/example_dags/tutorial_taskflow_api_etl.py took 0.092 seconds
[2022-06-14 18:57:11,880] {processor.py:153} INFO - Started process (PID=9020) to work on /usr/local/lib/python3.10/dist-packages/airflow/example_dags/tutorial_taskflow_api_etl.py
[2022-06-14 18:57:11,881] {processor.py:641} INFO - Processing file /usr/local/lib/python3.10/dist-packages/airflow/example_dags/tutorial_taskflow_api_etl.py for tasks to queue
[2022-06-14 18:57:11,881] {logging_mixin.py:115} INFO - [2022-06-14 18:57:11,881] {dagbag.py:507} INFO - Filling up the DagBag from /usr/local/lib/python3.10/dist-packages/airflow/example_dags/tutorial_taskflow_api_etl.py
[2022-06-14 18:57:11,900] {processor.py:651} INFO - DAG(s) dict_keys(['tutorial_taskflow_api_etl']) retrieved from /usr/local/lib/python3.10/dist-packages/airflow/example_dags/tutorial_taskflow_api_etl.py
[2022-06-14 18:57:11,914] {logging_mixin.py:115} INFO - [2022-06-14 18:57:11,914] {dag.py:2371} INFO - Sync 1 DAGs
[2022-06-14 18:57:11,929] {logging_mixin.py:115} INFO - [2022-06-14 18:57:11,929] {dag.py:2915} INFO - Setting next_dagrun for tutorial_taskflow_api_etl to None, run_after=None
[2022-06-14 18:57:11,946] {processor.py:161} INFO - Processing /usr/local/lib/python3.10/dist-packages/airflow/example_dags/tutorial_taskflow_api_etl.py took 0.069 seconds
[2022-06-14 18:57:53,986] {processor.py:153} INFO - Started process (PID=9094) to work on /usr/local/lib/python3.10/dist-packages/airflow/example_dags/tutorial_taskflow_api_etl.py
[2022-06-14 18:57:53,987] {processor.py:641} INFO - Processing file /usr/local/lib/python3.10/dist-packages/airflow/example_dags/tutorial_taskflow_api_etl.py for tasks to queue
[2022-06-14 18:57:53,987] {logging_mixin.py:115} INFO - [2022-06-14 18:57:53,987] {dagbag.py:507} INFO - Filling up the DagBag from /usr/local/lib/python3.10/dist-packages/airflow/example_dags/tutorial_taskflow_api_etl.py
[2022-06-14 18:57:54,005] {processor.py:651} INFO - DAG(s) dict_keys(['tutorial_taskflow_api_etl']) retrieved from /usr/local/lib/python3.10/dist-packages/airflow/example_dags/tutorial_taskflow_api_etl.py
[2022-06-14 18:57:54,020] {logging_mixin.py:115} INFO - [2022-06-14 18:57:54,019] {dag.py:2371} INFO - Sync 1 DAGs
[2022-06-14 18:57:54,037] {logging_mixin.py:115} INFO - [2022-06-14 18:57:54,037] {dag.py:2915} INFO - Setting next_dagrun for tutorial_taskflow_api_etl to None, run_after=None
[2022-06-14 18:57:54,055] {processor.py:161} INFO - Processing /usr/local/lib/python3.10/dist-packages/airflow/example_dags/tutorial_taskflow_api_etl.py took 0.072 seconds
[2022-06-14 18:58:30,175] {processor.py:153} INFO - Started process (PID=9146) to work on /usr/local/lib/python3.10/dist-packages/airflow/example_dags/tutorial_taskflow_api_etl.py
[2022-06-14 18:58:30,175] {processor.py:641} INFO - Processing file /usr/local/lib/python3.10/dist-packages/airflow/example_dags/tutorial_taskflow_api_etl.py for tasks to queue
[2022-06-14 18:58:30,176] {logging_mixin.py:115} INFO - [2022-06-14 18:58:30,176] {dagbag.py:507} INFO - Filling up the DagBag from /usr/local/lib/python3.10/dist-packages/airflow/example_dags/tutorial_taskflow_api_etl.py
[2022-06-14 18:58:30,193] {processor.py:651} INFO - DAG(s) dict_keys(['tutorial_taskflow_api_etl']) retrieved from /usr/local/lib/python3.10/dist-packages/airflow/example_dags/tutorial_taskflow_api_etl.py
[2022-06-14 18:58:30,237] {logging_mixin.py:115} INFO - [2022-06-14 18:58:30,237] {dag.py:2371} INFO - Sync 1 DAGs
[2022-06-14 18:58:30,252] {logging_mixin.py:115} INFO - [2022-06-14 18:58:30,252] {dag.py:2915} INFO - Setting next_dagrun for tutorial_taskflow_api_etl to None, run_after=None
[2022-06-14 18:58:30,272] {processor.py:161} INFO - Processing /usr/local/lib/python3.10/dist-packages/airflow/example_dags/tutorial_taskflow_api_etl.py took 0.100 seconds
[2022-06-14 18:59:06,686] {processor.py:153} INFO - Started process (PID=9202) to work on /usr/local/lib/python3.10/dist-packages/airflow/example_dags/tutorial_taskflow_api_etl.py
[2022-06-14 18:59:06,687] {processor.py:641} INFO - Processing file /usr/local/lib/python3.10/dist-packages/airflow/example_dags/tutorial_taskflow_api_etl.py for tasks to queue
[2022-06-14 18:59:06,688] {logging_mixin.py:115} INFO - [2022-06-14 18:59:06,687] {dagbag.py:507} INFO - Filling up the DagBag from /usr/local/lib/python3.10/dist-packages/airflow/example_dags/tutorial_taskflow_api_etl.py
[2022-06-14 18:59:06,703] {processor.py:651} INFO - DAG(s) dict_keys(['tutorial_taskflow_api_etl']) retrieved from /usr/local/lib/python3.10/dist-packages/airflow/example_dags/tutorial_taskflow_api_etl.py
[2022-06-14 18:59:06,717] {logging_mixin.py:115} INFO - [2022-06-14 18:59:06,717] {dag.py:2371} INFO - Sync 1 DAGs
[2022-06-14 18:59:06,733] {logging_mixin.py:115} INFO - [2022-06-14 18:59:06,733] {dag.py:2915} INFO - Setting next_dagrun for tutorial_taskflow_api_etl to None, run_after=None
[2022-06-14 18:59:06,751] {processor.py:161} INFO - Processing /usr/local/lib/python3.10/dist-packages/airflow/example_dags/tutorial_taskflow_api_etl.py took 0.067 seconds
[2022-06-14 18:59:47,761] {processor.py:153} INFO - Started process (PID=9257) to work on /usr/local/lib/python3.10/dist-packages/airflow/example_dags/tutorial_taskflow_api_etl.py
[2022-06-14 18:59:47,762] {processor.py:641} INFO - Processing file /usr/local/lib/python3.10/dist-packages/airflow/example_dags/tutorial_taskflow_api_etl.py for tasks to queue
[2022-06-14 18:59:47,762] {logging_mixin.py:115} INFO - [2022-06-14 18:59:47,762] {dagbag.py:507} INFO - Filling up the DagBag from /usr/local/lib/python3.10/dist-packages/airflow/example_dags/tutorial_taskflow_api_etl.py
[2022-06-14 18:59:47,779] {processor.py:651} INFO - DAG(s) dict_keys(['tutorial_taskflow_api_etl']) retrieved from /usr/local/lib/python3.10/dist-packages/airflow/example_dags/tutorial_taskflow_api_etl.py
[2022-06-14 18:59:47,793] {logging_mixin.py:115} INFO - [2022-06-14 18:59:47,793] {dag.py:2371} INFO - Sync 1 DAGs
[2022-06-14 18:59:47,810] {logging_mixin.py:115} INFO - [2022-06-14 18:59:47,810] {dag.py:2915} INFO - Setting next_dagrun for tutorial_taskflow_api_etl to None, run_after=None
[2022-06-14 18:59:47,828] {processor.py:161} INFO - Processing /usr/local/lib/python3.10/dist-packages/airflow/example_dags/tutorial_taskflow_api_etl.py took 0.069 seconds
[2022-06-14 19:00:29,119] {processor.py:153} INFO - Started process (PID=9336) to work on /usr/local/lib/python3.10/dist-packages/airflow/example_dags/tutorial_taskflow_api_etl.py
[2022-06-14 19:00:29,120] {processor.py:641} INFO - Processing file /usr/local/lib/python3.10/dist-packages/airflow/example_dags/tutorial_taskflow_api_etl.py for tasks to queue
[2022-06-14 19:00:29,120] {logging_mixin.py:115} INFO - [2022-06-14 19:00:29,120] {dagbag.py:507} INFO - Filling up the DagBag from /usr/local/lib/python3.10/dist-packages/airflow/example_dags/tutorial_taskflow_api_etl.py
[2022-06-14 19:00:29,137] {processor.py:651} INFO - DAG(s) dict_keys(['tutorial_taskflow_api_etl']) retrieved from /usr/local/lib/python3.10/dist-packages/airflow/example_dags/tutorial_taskflow_api_etl.py
[2022-06-14 19:00:29,152] {logging_mixin.py:115} INFO - [2022-06-14 19:00:29,151] {dag.py:2371} INFO - Sync 1 DAGs
[2022-06-14 19:00:29,169] {logging_mixin.py:115} INFO - [2022-06-14 19:00:29,169] {dag.py:2915} INFO - Setting next_dagrun for tutorial_taskflow_api_etl to None, run_after=None
[2022-06-14 19:00:29,189] {processor.py:161} INFO - Processing /usr/local/lib/python3.10/dist-packages/airflow/example_dags/tutorial_taskflow_api_etl.py took 0.073 seconds
[2022-06-14 19:01:04,261] {processor.py:153} INFO - Started process (PID=9385) to work on /usr/local/lib/python3.10/dist-packages/airflow/example_dags/tutorial_taskflow_api_etl.py
[2022-06-14 19:01:04,261] {processor.py:641} INFO - Processing file /usr/local/lib/python3.10/dist-packages/airflow/example_dags/tutorial_taskflow_api_etl.py for tasks to queue
[2022-06-14 19:01:04,262] {logging_mixin.py:115} INFO - [2022-06-14 19:01:04,262] {dagbag.py:507} INFO - Filling up the DagBag from /usr/local/lib/python3.10/dist-packages/airflow/example_dags/tutorial_taskflow_api_etl.py
[2022-06-14 19:01:04,280] {processor.py:651} INFO - DAG(s) dict_keys(['tutorial_taskflow_api_etl']) retrieved from /usr/local/lib/python3.10/dist-packages/airflow/example_dags/tutorial_taskflow_api_etl.py
[2022-06-14 19:01:04,294] {logging_mixin.py:115} INFO - [2022-06-14 19:01:04,294] {dag.py:2371} INFO - Sync 1 DAGs
[2022-06-14 19:01:04,311] {logging_mixin.py:115} INFO - [2022-06-14 19:01:04,311] {dag.py:2915} INFO - Setting next_dagrun for tutorial_taskflow_api_etl to None, run_after=None
[2022-06-14 19:01:04,329] {processor.py:161} INFO - Processing /usr/local/lib/python3.10/dist-packages/airflow/example_dags/tutorial_taskflow_api_etl.py took 0.071 seconds
[2022-06-14 19:01:42,478] {processor.py:153} INFO - Started process (PID=9436) to work on /usr/local/lib/python3.10/dist-packages/airflow/example_dags/tutorial_taskflow_api_etl.py
[2022-06-14 19:01:42,479] {processor.py:641} INFO - Processing file /usr/local/lib/python3.10/dist-packages/airflow/example_dags/tutorial_taskflow_api_etl.py for tasks to queue
[2022-06-14 19:01:42,479] {logging_mixin.py:115} INFO - [2022-06-14 19:01:42,479] {dagbag.py:507} INFO - Filling up the DagBag from /usr/local/lib/python3.10/dist-packages/airflow/example_dags/tutorial_taskflow_api_etl.py
[2022-06-14 19:01:42,496] {processor.py:651} INFO - DAG(s) dict_keys(['tutorial_taskflow_api_etl']) retrieved from /usr/local/lib/python3.10/dist-packages/airflow/example_dags/tutorial_taskflow_api_etl.py
[2022-06-14 19:01:42,510] {logging_mixin.py:115} INFO - [2022-06-14 19:01:42,510] {dag.py:2371} INFO - Sync 1 DAGs
[2022-06-14 19:01:42,527] {logging_mixin.py:115} INFO - [2022-06-14 19:01:42,527] {dag.py:2915} INFO - Setting next_dagrun for tutorial_taskflow_api_etl to None, run_after=None
[2022-06-14 19:01:42,545] {processor.py:161} INFO - Processing /usr/local/lib/python3.10/dist-packages/airflow/example_dags/tutorial_taskflow_api_etl.py took 0.069 seconds
[2022-06-14 19:02:22,547] {processor.py:153} INFO - Started process (PID=9492) to work on /usr/local/lib/python3.10/dist-packages/airflow/example_dags/tutorial_taskflow_api_etl.py
[2022-06-14 19:02:22,548] {processor.py:641} INFO - Processing file /usr/local/lib/python3.10/dist-packages/airflow/example_dags/tutorial_taskflow_api_etl.py for tasks to queue
[2022-06-14 19:02:22,548] {logging_mixin.py:115} INFO - [2022-06-14 19:02:22,548] {dagbag.py:507} INFO - Filling up the DagBag from /usr/local/lib/python3.10/dist-packages/airflow/example_dags/tutorial_taskflow_api_etl.py
[2022-06-14 19:02:22,566] {processor.py:651} INFO - DAG(s) dict_keys(['tutorial_taskflow_api_etl']) retrieved from /usr/local/lib/python3.10/dist-packages/airflow/example_dags/tutorial_taskflow_api_etl.py
[2022-06-14 19:02:22,581] {logging_mixin.py:115} INFO - [2022-06-14 19:02:22,581] {dag.py:2371} INFO - Sync 1 DAGs
[2022-06-14 19:02:22,599] {logging_mixin.py:115} INFO - [2022-06-14 19:02:22,599] {dag.py:2915} INFO - Setting next_dagrun for tutorial_taskflow_api_etl to None, run_after=None
[2022-06-14 19:02:22,617] {processor.py:161} INFO - Processing /usr/local/lib/python3.10/dist-packages/airflow/example_dags/tutorial_taskflow_api_etl.py took 0.072 seconds
[2022-06-14 19:02:58,633] {processor.py:153} INFO - Started process (PID=9557) to work on /usr/local/lib/python3.10/dist-packages/airflow/example_dags/tutorial_taskflow_api_etl.py
[2022-06-14 19:02:58,634] {processor.py:641} INFO - Processing file /usr/local/lib/python3.10/dist-packages/airflow/example_dags/tutorial_taskflow_api_etl.py for tasks to queue
[2022-06-14 19:02:58,635] {logging_mixin.py:115} INFO - [2022-06-14 19:02:58,635] {dagbag.py:507} INFO - Filling up the DagBag from /usr/local/lib/python3.10/dist-packages/airflow/example_dags/tutorial_taskflow_api_etl.py
[2022-06-14 19:02:58,653] {processor.py:651} INFO - DAG(s) dict_keys(['tutorial_taskflow_api_etl']) retrieved from /usr/local/lib/python3.10/dist-packages/airflow/example_dags/tutorial_taskflow_api_etl.py
[2022-06-14 19:02:58,693] {logging_mixin.py:115} INFO - [2022-06-14 19:02:58,693] {dag.py:2371} INFO - Sync 1 DAGs
[2022-06-14 19:02:58,707] {logging_mixin.py:115} INFO - [2022-06-14 19:02:58,707] {dag.py:2915} INFO - Setting next_dagrun for tutorial_taskflow_api_etl to None, run_after=None
[2022-06-14 19:02:58,729] {processor.py:161} INFO - Processing /usr/local/lib/python3.10/dist-packages/airflow/example_dags/tutorial_taskflow_api_etl.py took 0.099 seconds
[2022-06-14 19:03:39,385] {processor.py:153} INFO - Started process (PID=9632) to work on /usr/local/lib/python3.10/dist-packages/airflow/example_dags/tutorial_taskflow_api_etl.py
[2022-06-14 19:03:39,386] {processor.py:641} INFO - Processing file /usr/local/lib/python3.10/dist-packages/airflow/example_dags/tutorial_taskflow_api_etl.py for tasks to queue
[2022-06-14 19:03:39,386] {logging_mixin.py:115} INFO - [2022-06-14 19:03:39,386] {dagbag.py:507} INFO - Filling up the DagBag from /usr/local/lib/python3.10/dist-packages/airflow/example_dags/tutorial_taskflow_api_etl.py
[2022-06-14 19:03:39,403] {processor.py:651} INFO - DAG(s) dict_keys(['tutorial_taskflow_api_etl']) retrieved from /usr/local/lib/python3.10/dist-packages/airflow/example_dags/tutorial_taskflow_api_etl.py
[2022-06-14 19:03:39,417] {logging_mixin.py:115} INFO - [2022-06-14 19:03:39,417] {dag.py:2371} INFO - Sync 1 DAGs
[2022-06-14 19:03:39,434] {logging_mixin.py:115} INFO - [2022-06-14 19:03:39,434] {dag.py:2915} INFO - Setting next_dagrun for tutorial_taskflow_api_etl to None, run_after=None
[2022-06-14 19:03:39,453] {processor.py:161} INFO - Processing /usr/local/lib/python3.10/dist-packages/airflow/example_dags/tutorial_taskflow_api_etl.py took 0.070 seconds
[2022-06-14 19:04:13,347] {processor.py:153} INFO - Started process (PID=9683) to work on /usr/local/lib/python3.10/dist-packages/airflow/example_dags/tutorial_taskflow_api_etl.py
[2022-06-14 19:04:13,348] {processor.py:641} INFO - Processing file /usr/local/lib/python3.10/dist-packages/airflow/example_dags/tutorial_taskflow_api_etl.py for tasks to queue
[2022-06-14 19:04:13,348] {logging_mixin.py:115} INFO - [2022-06-14 19:04:13,348] {dagbag.py:507} INFO - Filling up the DagBag from /usr/local/lib/python3.10/dist-packages/airflow/example_dags/tutorial_taskflow_api_etl.py
[2022-06-14 19:04:13,364] {processor.py:651} INFO - DAG(s) dict_keys(['tutorial_taskflow_api_etl']) retrieved from /usr/local/lib/python3.10/dist-packages/airflow/example_dags/tutorial_taskflow_api_etl.py
[2022-06-14 19:04:13,378] {logging_mixin.py:115} INFO - [2022-06-14 19:04:13,378] {dag.py:2371} INFO - Sync 1 DAGs
[2022-06-14 19:04:13,395] {logging_mixin.py:115} INFO - [2022-06-14 19:04:13,395] {dag.py:2915} INFO - Setting next_dagrun for tutorial_taskflow_api_etl to None, run_after=None
[2022-06-14 19:04:13,413] {processor.py:161} INFO - Processing /usr/local/lib/python3.10/dist-packages/airflow/example_dags/tutorial_taskflow_api_etl.py took 0.069 seconds
[2022-06-14 19:04:48,025] {processor.py:153} INFO - Started process (PID=9727) to work on /usr/local/lib/python3.10/dist-packages/airflow/example_dags/tutorial_taskflow_api_etl.py
[2022-06-14 19:04:48,026] {processor.py:641} INFO - Processing file /usr/local/lib/python3.10/dist-packages/airflow/example_dags/tutorial_taskflow_api_etl.py for tasks to queue
[2022-06-14 19:04:48,026] {logging_mixin.py:115} INFO - [2022-06-14 19:04:48,026] {dagbag.py:507} INFO - Filling up the DagBag from /usr/local/lib/python3.10/dist-packages/airflow/example_dags/tutorial_taskflow_api_etl.py
[2022-06-14 19:04:48,042] {processor.py:651} INFO - DAG(s) dict_keys(['tutorial_taskflow_api_etl']) retrieved from /usr/local/lib/python3.10/dist-packages/airflow/example_dags/tutorial_taskflow_api_etl.py
[2022-06-14 19:04:48,057] {logging_mixin.py:115} INFO - [2022-06-14 19:04:48,057] {dag.py:2371} INFO - Sync 1 DAGs
[2022-06-14 19:04:48,074] {logging_mixin.py:115} INFO - [2022-06-14 19:04:48,074] {dag.py:2915} INFO - Setting next_dagrun for tutorial_taskflow_api_etl to None, run_after=None
[2022-06-14 19:04:48,092] {processor.py:161} INFO - Processing /usr/local/lib/python3.10/dist-packages/airflow/example_dags/tutorial_taskflow_api_etl.py took 0.070 seconds
[2022-06-14 19:05:24,129] {processor.py:153} INFO - Started process (PID=9776) to work on /usr/local/lib/python3.10/dist-packages/airflow/example_dags/tutorial_taskflow_api_etl.py
[2022-06-14 19:05:24,130] {processor.py:641} INFO - Processing file /usr/local/lib/python3.10/dist-packages/airflow/example_dags/tutorial_taskflow_api_etl.py for tasks to queue
[2022-06-14 19:05:24,130] {logging_mixin.py:115} INFO - [2022-06-14 19:05:24,130] {dagbag.py:507} INFO - Filling up the DagBag from /usr/local/lib/python3.10/dist-packages/airflow/example_dags/tutorial_taskflow_api_etl.py
[2022-06-14 19:05:24,148] {processor.py:651} INFO - DAG(s) dict_keys(['tutorial_taskflow_api_etl']) retrieved from /usr/local/lib/python3.10/dist-packages/airflow/example_dags/tutorial_taskflow_api_etl.py
[2022-06-14 19:05:24,162] {logging_mixin.py:115} INFO - [2022-06-14 19:05:24,162] {dag.py:2371} INFO - Sync 1 DAGs
[2022-06-14 19:05:24,180] {logging_mixin.py:115} INFO - [2022-06-14 19:05:24,180] {dag.py:2915} INFO - Setting next_dagrun for tutorial_taskflow_api_etl to None, run_after=None
[2022-06-14 19:05:24,198] {processor.py:161} INFO - Processing /usr/local/lib/python3.10/dist-packages/airflow/example_dags/tutorial_taskflow_api_etl.py took 0.071 seconds
[2022-06-14 19:06:01,562] {processor.py:153} INFO - Started process (PID=9833) to work on /usr/local/lib/python3.10/dist-packages/airflow/example_dags/tutorial_taskflow_api_etl.py
[2022-06-14 19:06:01,563] {processor.py:641} INFO - Processing file /usr/local/lib/python3.10/dist-packages/airflow/example_dags/tutorial_taskflow_api_etl.py for tasks to queue
[2022-06-14 19:06:01,563] {logging_mixin.py:115} INFO - [2022-06-14 19:06:01,563] {dagbag.py:507} INFO - Filling up the DagBag from /usr/local/lib/python3.10/dist-packages/airflow/example_dags/tutorial_taskflow_api_etl.py
[2022-06-14 19:06:01,580] {processor.py:651} INFO - DAG(s) dict_keys(['tutorial_taskflow_api_etl']) retrieved from /usr/local/lib/python3.10/dist-packages/airflow/example_dags/tutorial_taskflow_api_etl.py
[2022-06-14 19:06:01,593] {logging_mixin.py:115} INFO - [2022-06-14 19:06:01,593] {dag.py:2371} INFO - Sync 1 DAGs
[2022-06-14 19:06:01,610] {logging_mixin.py:115} INFO - [2022-06-14 19:06:01,610] {dag.py:2915} INFO - Setting next_dagrun for tutorial_taskflow_api_etl to None, run_after=None
[2022-06-14 19:06:01,627] {processor.py:161} INFO - Processing /usr/local/lib/python3.10/dist-packages/airflow/example_dags/tutorial_taskflow_api_etl.py took 0.067 seconds
[2022-06-14 19:06:43,624] {processor.py:153} INFO - Started process (PID=9886) to work on /usr/local/lib/python3.10/dist-packages/airflow/example_dags/tutorial_taskflow_api_etl.py
[2022-06-14 19:06:43,624] {processor.py:641} INFO - Processing file /usr/local/lib/python3.10/dist-packages/airflow/example_dags/tutorial_taskflow_api_etl.py for tasks to queue
[2022-06-14 19:06:43,625] {logging_mixin.py:115} INFO - [2022-06-14 19:06:43,625] {dagbag.py:507} INFO - Filling up the DagBag from /usr/local/lib/python3.10/dist-packages/airflow/example_dags/tutorial_taskflow_api_etl.py
[2022-06-14 19:06:43,642] {processor.py:651} INFO - DAG(s) dict_keys(['tutorial_taskflow_api_etl']) retrieved from /usr/local/lib/python3.10/dist-packages/airflow/example_dags/tutorial_taskflow_api_etl.py
[2022-06-14 19:06:43,656] {logging_mixin.py:115} INFO - [2022-06-14 19:06:43,656] {dag.py:2371} INFO - Sync 1 DAGs
[2022-06-14 19:06:43,673] {logging_mixin.py:115} INFO - [2022-06-14 19:06:43,673] {dag.py:2915} INFO - Setting next_dagrun for tutorial_taskflow_api_etl to None, run_after=None
[2022-06-14 19:06:43,690] {processor.py:161} INFO - Processing /usr/local/lib/python3.10/dist-packages/airflow/example_dags/tutorial_taskflow_api_etl.py took 0.069 seconds
[2022-06-14 19:07:21,502] {processor.py:153} INFO - Started process (PID=9943) to work on /usr/local/lib/python3.10/dist-packages/airflow/example_dags/tutorial_taskflow_api_etl.py
[2022-06-14 19:07:21,503] {processor.py:641} INFO - Processing file /usr/local/lib/python3.10/dist-packages/airflow/example_dags/tutorial_taskflow_api_etl.py for tasks to queue
[2022-06-14 19:07:21,503] {logging_mixin.py:115} INFO - [2022-06-14 19:07:21,503] {dagbag.py:507} INFO - Filling up the DagBag from /usr/local/lib/python3.10/dist-packages/airflow/example_dags/tutorial_taskflow_api_etl.py
[2022-06-14 19:07:21,520] {processor.py:651} INFO - DAG(s) dict_keys(['tutorial_taskflow_api_etl']) retrieved from /usr/local/lib/python3.10/dist-packages/airflow/example_dags/tutorial_taskflow_api_etl.py
[2022-06-14 19:07:21,535] {logging_mixin.py:115} INFO - [2022-06-14 19:07:21,535] {dag.py:2371} INFO - Sync 1 DAGs
[2022-06-14 19:07:21,552] {logging_mixin.py:115} INFO - [2022-06-14 19:07:21,552] {dag.py:2915} INFO - Setting next_dagrun for tutorial_taskflow_api_etl to None, run_after=None
[2022-06-14 19:07:21,570] {processor.py:161} INFO - Processing /usr/local/lib/python3.10/dist-packages/airflow/example_dags/tutorial_taskflow_api_etl.py took 0.070 seconds
[2022-06-14 19:07:57,565] {processor.py:153} INFO - Started process (PID=9995) to work on /usr/local/lib/python3.10/dist-packages/airflow/example_dags/tutorial_taskflow_api_etl.py
[2022-06-14 19:07:57,565] {processor.py:641} INFO - Processing file /usr/local/lib/python3.10/dist-packages/airflow/example_dags/tutorial_taskflow_api_etl.py for tasks to queue
[2022-06-14 19:07:57,566] {logging_mixin.py:115} INFO - [2022-06-14 19:07:57,566] {dagbag.py:507} INFO - Filling up the DagBag from /usr/local/lib/python3.10/dist-packages/airflow/example_dags/tutorial_taskflow_api_etl.py
[2022-06-14 19:07:57,583] {processor.py:651} INFO - DAG(s) dict_keys(['tutorial_taskflow_api_etl']) retrieved from /usr/local/lib/python3.10/dist-packages/airflow/example_dags/tutorial_taskflow_api_etl.py
[2022-06-14 19:07:57,597] {logging_mixin.py:115} INFO - [2022-06-14 19:07:57,597] {dag.py:2371} INFO - Sync 1 DAGs
[2022-06-14 19:07:57,614] {logging_mixin.py:115} INFO - [2022-06-14 19:07:57,614] {dag.py:2915} INFO - Setting next_dagrun for tutorial_taskflow_api_etl to None, run_after=None
[2022-06-14 19:07:57,633] {processor.py:161} INFO - Processing /usr/local/lib/python3.10/dist-packages/airflow/example_dags/tutorial_taskflow_api_etl.py took 0.071 seconds
[2022-06-14 19:08:33,722] {processor.py:153} INFO - Started process (PID=10041) to work on /usr/local/lib/python3.10/dist-packages/airflow/example_dags/tutorial_taskflow_api_etl.py
[2022-06-14 19:08:33,722] {processor.py:641} INFO - Processing file /usr/local/lib/python3.10/dist-packages/airflow/example_dags/tutorial_taskflow_api_etl.py for tasks to queue
[2022-06-14 19:08:33,723] {logging_mixin.py:115} INFO - [2022-06-14 19:08:33,723] {dagbag.py:507} INFO - Filling up the DagBag from /usr/local/lib/python3.10/dist-packages/airflow/example_dags/tutorial_taskflow_api_etl.py
[2022-06-14 19:08:33,739] {processor.py:651} INFO - DAG(s) dict_keys(['tutorial_taskflow_api_etl']) retrieved from /usr/local/lib/python3.10/dist-packages/airflow/example_dags/tutorial_taskflow_api_etl.py
[2022-06-14 19:08:33,783] {logging_mixin.py:115} INFO - [2022-06-14 19:08:33,783] {dag.py:2371} INFO - Sync 1 DAGs
[2022-06-14 19:08:33,798] {logging_mixin.py:115} INFO - [2022-06-14 19:08:33,798] {dag.py:2915} INFO - Setting next_dagrun for tutorial_taskflow_api_etl to None, run_after=None
[2022-06-14 19:08:33,819] {processor.py:161} INFO - Processing /usr/local/lib/python3.10/dist-packages/airflow/example_dags/tutorial_taskflow_api_etl.py took 0.100 seconds
[2022-06-14 19:09:11,017] {processor.py:153} INFO - Started process (PID=10099) to work on /usr/local/lib/python3.10/dist-packages/airflow/example_dags/tutorial_taskflow_api_etl.py
[2022-06-14 19:09:11,018] {processor.py:641} INFO - Processing file /usr/local/lib/python3.10/dist-packages/airflow/example_dags/tutorial_taskflow_api_etl.py for tasks to queue
[2022-06-14 19:09:11,018] {logging_mixin.py:115} INFO - [2022-06-14 19:09:11,018] {dagbag.py:507} INFO - Filling up the DagBag from /usr/local/lib/python3.10/dist-packages/airflow/example_dags/tutorial_taskflow_api_etl.py
[2022-06-14 19:09:11,034] {processor.py:651} INFO - DAG(s) dict_keys(['tutorial_taskflow_api_etl']) retrieved from /usr/local/lib/python3.10/dist-packages/airflow/example_dags/tutorial_taskflow_api_etl.py
[2022-06-14 19:09:11,048] {logging_mixin.py:115} INFO - [2022-06-14 19:09:11,048] {dag.py:2371} INFO - Sync 1 DAGs
[2022-06-14 19:09:11,065] {logging_mixin.py:115} INFO - [2022-06-14 19:09:11,065] {dag.py:2915} INFO - Setting next_dagrun for tutorial_taskflow_api_etl to None, run_after=None
[2022-06-14 19:09:11,084] {processor.py:161} INFO - Processing /usr/local/lib/python3.10/dist-packages/airflow/example_dags/tutorial_taskflow_api_etl.py took 0.070 seconds
[2022-06-14 19:09:53,374] {processor.py:153} INFO - Started process (PID=10155) to work on /usr/local/lib/python3.10/dist-packages/airflow/example_dags/tutorial_taskflow_api_etl.py
[2022-06-14 19:09:53,375] {processor.py:641} INFO - Processing file /usr/local/lib/python3.10/dist-packages/airflow/example_dags/tutorial_taskflow_api_etl.py for tasks to queue
[2022-06-14 19:09:53,375] {logging_mixin.py:115} INFO - [2022-06-14 19:09:53,375] {dagbag.py:507} INFO - Filling up the DagBag from /usr/local/lib/python3.10/dist-packages/airflow/example_dags/tutorial_taskflow_api_etl.py
[2022-06-14 19:09:53,393] {processor.py:651} INFO - DAG(s) dict_keys(['tutorial_taskflow_api_etl']) retrieved from /usr/local/lib/python3.10/dist-packages/airflow/example_dags/tutorial_taskflow_api_etl.py
[2022-06-14 19:09:53,407] {logging_mixin.py:115} INFO - [2022-06-14 19:09:53,407] {dag.py:2371} INFO - Sync 1 DAGs
[2022-06-14 19:09:53,425] {logging_mixin.py:115} INFO - [2022-06-14 19:09:53,425] {dag.py:2915} INFO - Setting next_dagrun for tutorial_taskflow_api_etl to None, run_after=None
[2022-06-14 19:09:53,443] {processor.py:161} INFO - Processing /usr/local/lib/python3.10/dist-packages/airflow/example_dags/tutorial_taskflow_api_etl.py took 0.071 seconds
[2022-06-14 19:10:34,918] {processor.py:153} INFO - Started process (PID=10448) to work on /usr/local/lib/python3.10/dist-packages/airflow/example_dags/tutorial_taskflow_api_etl.py
[2022-06-14 19:10:34,920] {processor.py:641} INFO - Processing file /usr/local/lib/python3.10/dist-packages/airflow/example_dags/tutorial_taskflow_api_etl.py for tasks to queue
[2022-06-14 19:10:34,921] {logging_mixin.py:115} INFO - [2022-06-14 19:10:34,921] {dagbag.py:507} INFO - Filling up the DagBag from /usr/local/lib/python3.10/dist-packages/airflow/example_dags/tutorial_taskflow_api_etl.py
[2022-06-14 19:10:34,951] {processor.py:651} INFO - DAG(s) dict_keys(['tutorial_taskflow_api_etl']) retrieved from /usr/local/lib/python3.10/dist-packages/airflow/example_dags/tutorial_taskflow_api_etl.py
[2022-06-14 19:10:34,978] {logging_mixin.py:115} INFO - [2022-06-14 19:10:34,978] {dag.py:2371} INFO - Sync 1 DAGs
[2022-06-14 19:10:35,041] {logging_mixin.py:115} INFO - [2022-06-14 19:10:35,034] {dag.py:2915} INFO - Setting next_dagrun for tutorial_taskflow_api_etl to None, run_after=None
[2022-06-14 19:10:35,093] {processor.py:161} INFO - Processing /usr/local/lib/python3.10/dist-packages/airflow/example_dags/tutorial_taskflow_api_etl.py took 0.178 seconds
