[2022-06-14 18:33:41,437] {processor.py:153} INFO - Started process (PID=6627) to work on /usr/local/lib/python3.10/dist-packages/airflow/example_dags/tutorial.py
[2022-06-14 18:33:41,438] {processor.py:641} INFO - Processing file /usr/local/lib/python3.10/dist-packages/airflow/example_dags/tutorial.py for tasks to queue
[2022-06-14 18:33:41,439] {logging_mixin.py:115} INFO - [2022-06-14 18:33:41,438] {dagbag.py:507} INFO - Filling up the DagBag from /usr/local/lib/python3.10/dist-packages/airflow/example_dags/tutorial.py
[2022-06-14 18:33:41,446] {processor.py:651} INFO - DAG(s) dict_keys(['tutorial']) retrieved from /usr/local/lib/python3.10/dist-packages/airflow/example_dags/tutorial.py
[2022-06-14 18:33:41,465] {logging_mixin.py:115} INFO - [2022-06-14 18:33:41,465] {dag.py:2371} INFO - Sync 1 DAGs
[2022-06-14 18:33:41,489] {logging_mixin.py:115} INFO - [2022-06-14 18:33:41,489] {dag.py:2915} INFO - Setting next_dagrun for tutorial to 2022-06-13T13:03:41.488949+00:00, run_after=2022-06-14T13:03:41.488949+00:00
[2022-06-14 18:33:41,515] {processor.py:161} INFO - Processing /usr/local/lib/python3.10/dist-packages/airflow/example_dags/tutorial.py took 0.082 seconds
[2022-06-14 18:34:15,309] {processor.py:153} INFO - Started process (PID=6684) to work on /usr/local/lib/python3.10/dist-packages/airflow/example_dags/tutorial.py
[2022-06-14 18:34:15,310] {processor.py:641} INFO - Processing file /usr/local/lib/python3.10/dist-packages/airflow/example_dags/tutorial.py for tasks to queue
[2022-06-14 18:34:15,310] {logging_mixin.py:115} INFO - [2022-06-14 18:34:15,310] {dagbag.py:507} INFO - Filling up the DagBag from /usr/local/lib/python3.10/dist-packages/airflow/example_dags/tutorial.py
[2022-06-14 18:34:15,315] {processor.py:651} INFO - DAG(s) dict_keys(['tutorial']) retrieved from /usr/local/lib/python3.10/dist-packages/airflow/example_dags/tutorial.py
[2022-06-14 18:34:15,329] {logging_mixin.py:115} INFO - [2022-06-14 18:34:15,329] {dag.py:2371} INFO - Sync 1 DAGs
[2022-06-14 18:34:15,346] {logging_mixin.py:115} INFO - [2022-06-14 18:34:15,346] {dag.py:2915} INFO - Setting next_dagrun for tutorial to 2022-06-13T13:04:15.346341+00:00, run_after=2022-06-14T13:04:15.346341+00:00
[2022-06-14 18:34:15,364] {processor.py:161} INFO - Processing /usr/local/lib/python3.10/dist-packages/airflow/example_dags/tutorial.py took 0.058 seconds
[2022-06-14 18:34:51,262] {processor.py:153} INFO - Started process (PID=6739) to work on /usr/local/lib/python3.10/dist-packages/airflow/example_dags/tutorial.py
[2022-06-14 18:34:51,263] {processor.py:641} INFO - Processing file /usr/local/lib/python3.10/dist-packages/airflow/example_dags/tutorial.py for tasks to queue
[2022-06-14 18:34:51,264] {logging_mixin.py:115} INFO - [2022-06-14 18:34:51,264] {dagbag.py:507} INFO - Filling up the DagBag from /usr/local/lib/python3.10/dist-packages/airflow/example_dags/tutorial.py
[2022-06-14 18:34:51,270] {processor.py:651} INFO - DAG(s) dict_keys(['tutorial']) retrieved from /usr/local/lib/python3.10/dist-packages/airflow/example_dags/tutorial.py
[2022-06-14 18:34:51,286] {logging_mixin.py:115} INFO - [2022-06-14 18:34:51,285] {dag.py:2371} INFO - Sync 1 DAGs
[2022-06-14 18:34:51,303] {logging_mixin.py:115} INFO - [2022-06-14 18:34:51,303] {dag.py:2915} INFO - Setting next_dagrun for tutorial to 2022-06-13T13:04:51.303065+00:00, run_after=2022-06-14T13:04:51.303065+00:00
[2022-06-14 18:34:51,323] {processor.py:161} INFO - Processing /usr/local/lib/python3.10/dist-packages/airflow/example_dags/tutorial.py took 0.064 seconds
[2022-06-14 18:35:25,734] {processor.py:153} INFO - Started process (PID=6794) to work on /usr/local/lib/python3.10/dist-packages/airflow/example_dags/tutorial.py
[2022-06-14 18:35:25,735] {processor.py:641} INFO - Processing file /usr/local/lib/python3.10/dist-packages/airflow/example_dags/tutorial.py for tasks to queue
[2022-06-14 18:35:25,735] {logging_mixin.py:115} INFO - [2022-06-14 18:35:25,735] {dagbag.py:507} INFO - Filling up the DagBag from /usr/local/lib/python3.10/dist-packages/airflow/example_dags/tutorial.py
[2022-06-14 18:35:25,740] {processor.py:651} INFO - DAG(s) dict_keys(['tutorial']) retrieved from /usr/local/lib/python3.10/dist-packages/airflow/example_dags/tutorial.py
[2022-06-14 18:35:25,755] {logging_mixin.py:115} INFO - [2022-06-14 18:35:25,755] {dag.py:2371} INFO - Sync 1 DAGs
[2022-06-14 18:35:25,772] {logging_mixin.py:115} INFO - [2022-06-14 18:35:25,772] {dag.py:2915} INFO - Setting next_dagrun for tutorial to 2022-06-13T13:05:25.772381+00:00, run_after=2022-06-14T13:05:25.772381+00:00
[2022-06-14 18:35:25,792] {processor.py:161} INFO - Processing /usr/local/lib/python3.10/dist-packages/airflow/example_dags/tutorial.py took 0.060 seconds
[2022-06-14 18:36:00,174] {processor.py:153} INFO - Started process (PID=6847) to work on /usr/local/lib/python3.10/dist-packages/airflow/example_dags/tutorial.py
[2022-06-14 18:36:00,175] {processor.py:641} INFO - Processing file /usr/local/lib/python3.10/dist-packages/airflow/example_dags/tutorial.py for tasks to queue
[2022-06-14 18:36:00,175] {logging_mixin.py:115} INFO - [2022-06-14 18:36:00,175] {dagbag.py:507} INFO - Filling up the DagBag from /usr/local/lib/python3.10/dist-packages/airflow/example_dags/tutorial.py
[2022-06-14 18:36:00,180] {processor.py:651} INFO - DAG(s) dict_keys(['tutorial']) retrieved from /usr/local/lib/python3.10/dist-packages/airflow/example_dags/tutorial.py
[2022-06-14 18:36:00,194] {logging_mixin.py:115} INFO - [2022-06-14 18:36:00,194] {dag.py:2371} INFO - Sync 1 DAGs
[2022-06-14 18:36:00,211] {logging_mixin.py:115} INFO - [2022-06-14 18:36:00,211] {dag.py:2915} INFO - Setting next_dagrun for tutorial to 2022-06-13T13:06:00.211174+00:00, run_after=2022-06-14T13:06:00.211174+00:00
[2022-06-14 18:36:00,232] {processor.py:161} INFO - Processing /usr/local/lib/python3.10/dist-packages/airflow/example_dags/tutorial.py took 0.061 seconds
[2022-06-14 18:36:35,682] {processor.py:153} INFO - Started process (PID=6890) to work on /usr/local/lib/python3.10/dist-packages/airflow/example_dags/tutorial.py
[2022-06-14 18:36:35,682] {processor.py:641} INFO - Processing file /usr/local/lib/python3.10/dist-packages/airflow/example_dags/tutorial.py for tasks to queue
[2022-06-14 18:36:35,683] {logging_mixin.py:115} INFO - [2022-06-14 18:36:35,683] {dagbag.py:507} INFO - Filling up the DagBag from /usr/local/lib/python3.10/dist-packages/airflow/example_dags/tutorial.py
[2022-06-14 18:36:35,688] {processor.py:651} INFO - DAG(s) dict_keys(['tutorial']) retrieved from /usr/local/lib/python3.10/dist-packages/airflow/example_dags/tutorial.py
[2022-06-14 18:36:35,702] {logging_mixin.py:115} INFO - [2022-06-14 18:36:35,702] {dag.py:2371} INFO - Sync 1 DAGs
[2022-06-14 18:36:35,719] {logging_mixin.py:115} INFO - [2022-06-14 18:36:35,719] {dag.py:2915} INFO - Setting next_dagrun for tutorial to 2022-06-13T13:06:35.719114+00:00, run_after=2022-06-14T13:06:35.719114+00:00
[2022-06-14 18:36:35,738] {processor.py:161} INFO - Processing /usr/local/lib/python3.10/dist-packages/airflow/example_dags/tutorial.py took 0.059 seconds
[2022-06-14 18:37:10,625] {processor.py:153} INFO - Started process (PID=6946) to work on /usr/local/lib/python3.10/dist-packages/airflow/example_dags/tutorial.py
[2022-06-14 18:37:10,625] {processor.py:641} INFO - Processing file /usr/local/lib/python3.10/dist-packages/airflow/example_dags/tutorial.py for tasks to queue
[2022-06-14 18:37:10,626] {logging_mixin.py:115} INFO - [2022-06-14 18:37:10,626] {dagbag.py:507} INFO - Filling up the DagBag from /usr/local/lib/python3.10/dist-packages/airflow/example_dags/tutorial.py
[2022-06-14 18:37:10,631] {processor.py:651} INFO - DAG(s) dict_keys(['tutorial']) retrieved from /usr/local/lib/python3.10/dist-packages/airflow/example_dags/tutorial.py
[2022-06-14 18:37:10,645] {logging_mixin.py:115} INFO - [2022-06-14 18:37:10,645] {dag.py:2371} INFO - Sync 1 DAGs
[2022-06-14 18:37:10,662] {logging_mixin.py:115} INFO - [2022-06-14 18:37:10,662] {dag.py:2915} INFO - Setting next_dagrun for tutorial to 2022-06-13T13:07:10.661868+00:00, run_after=2022-06-14T13:07:10.661868+00:00
[2022-06-14 18:37:10,680] {processor.py:161} INFO - Processing /usr/local/lib/python3.10/dist-packages/airflow/example_dags/tutorial.py took 0.058 seconds
[2022-06-14 18:37:46,061] {processor.py:153} INFO - Started process (PID=6989) to work on /usr/local/lib/python3.10/dist-packages/airflow/example_dags/tutorial.py
[2022-06-14 18:37:46,061] {processor.py:641} INFO - Processing file /usr/local/lib/python3.10/dist-packages/airflow/example_dags/tutorial.py for tasks to queue
[2022-06-14 18:37:46,062] {logging_mixin.py:115} INFO - [2022-06-14 18:37:46,062] {dagbag.py:507} INFO - Filling up the DagBag from /usr/local/lib/python3.10/dist-packages/airflow/example_dags/tutorial.py
[2022-06-14 18:37:46,070] {processor.py:651} INFO - DAG(s) dict_keys(['tutorial']) retrieved from /usr/local/lib/python3.10/dist-packages/airflow/example_dags/tutorial.py
[2022-06-14 18:37:46,086] {logging_mixin.py:115} INFO - [2022-06-14 18:37:46,086] {dag.py:2371} INFO - Sync 1 DAGs
[2022-06-14 18:37:46,104] {logging_mixin.py:115} INFO - [2022-06-14 18:37:46,103] {dag.py:2915} INFO - Setting next_dagrun for tutorial to 2022-06-13T13:07:46.103723+00:00, run_after=2022-06-14T13:07:46.103723+00:00
[2022-06-14 18:37:46,123] {processor.py:161} INFO - Processing /usr/local/lib/python3.10/dist-packages/airflow/example_dags/tutorial.py took 0.065 seconds
[2022-06-14 18:38:19,758] {processor.py:153} INFO - Started process (PID=7040) to work on /usr/local/lib/python3.10/dist-packages/airflow/example_dags/tutorial.py
[2022-06-14 18:38:19,759] {processor.py:641} INFO - Processing file /usr/local/lib/python3.10/dist-packages/airflow/example_dags/tutorial.py for tasks to queue
[2022-06-14 18:38:19,759] {logging_mixin.py:115} INFO - [2022-06-14 18:38:19,759] {dagbag.py:507} INFO - Filling up the DagBag from /usr/local/lib/python3.10/dist-packages/airflow/example_dags/tutorial.py
[2022-06-14 18:38:19,764] {processor.py:651} INFO - DAG(s) dict_keys(['tutorial']) retrieved from /usr/local/lib/python3.10/dist-packages/airflow/example_dags/tutorial.py
[2022-06-14 18:38:19,779] {logging_mixin.py:115} INFO - [2022-06-14 18:38:19,779] {dag.py:2371} INFO - Sync 1 DAGs
[2022-06-14 18:38:19,796] {logging_mixin.py:115} INFO - [2022-06-14 18:38:19,796] {dag.py:2915} INFO - Setting next_dagrun for tutorial to 2022-06-13T13:08:19.796129+00:00, run_after=2022-06-14T13:08:19.796129+00:00
[2022-06-14 18:38:19,815] {processor.py:161} INFO - Processing /usr/local/lib/python3.10/dist-packages/airflow/example_dags/tutorial.py took 0.059 seconds
[2022-06-14 18:38:52,922] {processor.py:153} INFO - Started process (PID=7083) to work on /usr/local/lib/python3.10/dist-packages/airflow/example_dags/tutorial.py
[2022-06-14 18:38:52,923] {processor.py:641} INFO - Processing file /usr/local/lib/python3.10/dist-packages/airflow/example_dags/tutorial.py for tasks to queue
[2022-06-14 18:38:52,923] {logging_mixin.py:115} INFO - [2022-06-14 18:38:52,923] {dagbag.py:507} INFO - Filling up the DagBag from /usr/local/lib/python3.10/dist-packages/airflow/example_dags/tutorial.py
[2022-06-14 18:38:52,928] {processor.py:651} INFO - DAG(s) dict_keys(['tutorial']) retrieved from /usr/local/lib/python3.10/dist-packages/airflow/example_dags/tutorial.py
[2022-06-14 18:38:52,944] {logging_mixin.py:115} INFO - [2022-06-14 18:38:52,944] {dag.py:2371} INFO - Sync 1 DAGs
[2022-06-14 18:38:52,961] {logging_mixin.py:115} INFO - [2022-06-14 18:38:52,961] {dag.py:2915} INFO - Setting next_dagrun for tutorial to 2022-06-13T13:08:52.961486+00:00, run_after=2022-06-14T13:08:52.961486+00:00
[2022-06-14 18:38:52,980] {processor.py:161} INFO - Processing /usr/local/lib/python3.10/dist-packages/airflow/example_dags/tutorial.py took 0.061 seconds
[2022-06-14 18:39:26,767] {processor.py:153} INFO - Started process (PID=7136) to work on /usr/local/lib/python3.10/dist-packages/airflow/example_dags/tutorial.py
[2022-06-14 18:39:26,768] {processor.py:641} INFO - Processing file /usr/local/lib/python3.10/dist-packages/airflow/example_dags/tutorial.py for tasks to queue
[2022-06-14 18:39:26,768] {logging_mixin.py:115} INFO - [2022-06-14 18:39:26,768] {dagbag.py:507} INFO - Filling up the DagBag from /usr/local/lib/python3.10/dist-packages/airflow/example_dags/tutorial.py
[2022-06-14 18:39:26,773] {processor.py:651} INFO - DAG(s) dict_keys(['tutorial']) retrieved from /usr/local/lib/python3.10/dist-packages/airflow/example_dags/tutorial.py
[2022-06-14 18:39:26,788] {logging_mixin.py:115} INFO - [2022-06-14 18:39:26,788] {dag.py:2371} INFO - Sync 1 DAGs
[2022-06-14 18:39:26,807] {logging_mixin.py:115} INFO - [2022-06-14 18:39:26,807] {dag.py:2915} INFO - Setting next_dagrun for tutorial to 2022-06-13T13:09:26.806869+00:00, run_after=2022-06-14T13:09:26.806869+00:00
[2022-06-14 18:39:26,825] {processor.py:161} INFO - Processing /usr/local/lib/python3.10/dist-packages/airflow/example_dags/tutorial.py took 0.060 seconds
[2022-06-14 18:40:01,733] {processor.py:153} INFO - Started process (PID=7191) to work on /usr/local/lib/python3.10/dist-packages/airflow/example_dags/tutorial.py
[2022-06-14 18:40:01,733] {processor.py:641} INFO - Processing file /usr/local/lib/python3.10/dist-packages/airflow/example_dags/tutorial.py for tasks to queue
[2022-06-14 18:40:01,734] {logging_mixin.py:115} INFO - [2022-06-14 18:40:01,734] {dagbag.py:507} INFO - Filling up the DagBag from /usr/local/lib/python3.10/dist-packages/airflow/example_dags/tutorial.py
[2022-06-14 18:40:01,739] {processor.py:651} INFO - DAG(s) dict_keys(['tutorial']) retrieved from /usr/local/lib/python3.10/dist-packages/airflow/example_dags/tutorial.py
[2022-06-14 18:40:01,754] {logging_mixin.py:115} INFO - [2022-06-14 18:40:01,754] {dag.py:2371} INFO - Sync 1 DAGs
[2022-06-14 18:40:01,771] {logging_mixin.py:115} INFO - [2022-06-14 18:40:01,771] {dag.py:2915} INFO - Setting next_dagrun for tutorial to 2022-06-13T13:10:01.771186+00:00, run_after=2022-06-14T13:10:01.771186+00:00
[2022-06-14 18:40:01,791] {processor.py:161} INFO - Processing /usr/local/lib/python3.10/dist-packages/airflow/example_dags/tutorial.py took 0.061 seconds
[2022-06-14 18:40:37,985] {processor.py:153} INFO - Started process (PID=7240) to work on /usr/local/lib/python3.10/dist-packages/airflow/example_dags/tutorial.py
[2022-06-14 18:40:37,985] {processor.py:641} INFO - Processing file /usr/local/lib/python3.10/dist-packages/airflow/example_dags/tutorial.py for tasks to queue
[2022-06-14 18:40:37,986] {logging_mixin.py:115} INFO - [2022-06-14 18:40:37,986] {dagbag.py:507} INFO - Filling up the DagBag from /usr/local/lib/python3.10/dist-packages/airflow/example_dags/tutorial.py
[2022-06-14 18:40:37,991] {processor.py:651} INFO - DAG(s) dict_keys(['tutorial']) retrieved from /usr/local/lib/python3.10/dist-packages/airflow/example_dags/tutorial.py
[2022-06-14 18:40:38,006] {logging_mixin.py:115} INFO - [2022-06-14 18:40:38,006] {dag.py:2371} INFO - Sync 1 DAGs
[2022-06-14 18:40:38,023] {logging_mixin.py:115} INFO - [2022-06-14 18:40:38,023] {dag.py:2915} INFO - Setting next_dagrun for tutorial to 2022-06-13T13:10:38.023147+00:00, run_after=2022-06-14T13:10:38.023147+00:00
[2022-06-14 18:40:38,042] {processor.py:161} INFO - Processing /usr/local/lib/python3.10/dist-packages/airflow/example_dags/tutorial.py took 0.060 seconds
[2022-06-14 18:41:11,167] {processor.py:153} INFO - Started process (PID=7292) to work on /usr/local/lib/python3.10/dist-packages/airflow/example_dags/tutorial.py
[2022-06-14 18:41:11,167] {processor.py:641} INFO - Processing file /usr/local/lib/python3.10/dist-packages/airflow/example_dags/tutorial.py for tasks to queue
[2022-06-14 18:41:11,168] {logging_mixin.py:115} INFO - [2022-06-14 18:41:11,168] {dagbag.py:507} INFO - Filling up the DagBag from /usr/local/lib/python3.10/dist-packages/airflow/example_dags/tutorial.py
[2022-06-14 18:41:11,173] {processor.py:651} INFO - DAG(s) dict_keys(['tutorial']) retrieved from /usr/local/lib/python3.10/dist-packages/airflow/example_dags/tutorial.py
[2022-06-14 18:41:11,189] {logging_mixin.py:115} INFO - [2022-06-14 18:41:11,189] {dag.py:2371} INFO - Sync 1 DAGs
[2022-06-14 18:41:11,212] {logging_mixin.py:115} INFO - [2022-06-14 18:41:11,212] {dag.py:2915} INFO - Setting next_dagrun for tutorial to 2022-06-13T13:11:11.212050+00:00, run_after=2022-06-14T13:11:11.212050+00:00
[2022-06-14 18:41:11,233] {processor.py:161} INFO - Processing /usr/local/lib/python3.10/dist-packages/airflow/example_dags/tutorial.py took 0.068 seconds
[2022-06-14 18:41:50,549] {processor.py:153} INFO - Started process (PID=7357) to work on /usr/local/lib/python3.10/dist-packages/airflow/example_dags/tutorial.py
[2022-06-14 18:41:50,550] {processor.py:641} INFO - Processing file /usr/local/lib/python3.10/dist-packages/airflow/example_dags/tutorial.py for tasks to queue
[2022-06-14 18:41:50,550] {logging_mixin.py:115} INFO - [2022-06-14 18:41:50,550] {dagbag.py:507} INFO - Filling up the DagBag from /usr/local/lib/python3.10/dist-packages/airflow/example_dags/tutorial.py
[2022-06-14 18:41:50,555] {processor.py:651} INFO - DAG(s) dict_keys(['tutorial']) retrieved from /usr/local/lib/python3.10/dist-packages/airflow/example_dags/tutorial.py
[2022-06-14 18:41:50,570] {logging_mixin.py:115} INFO - [2022-06-14 18:41:50,570] {dag.py:2371} INFO - Sync 1 DAGs
[2022-06-14 18:41:50,587] {logging_mixin.py:115} INFO - [2022-06-14 18:41:50,587] {dag.py:2915} INFO - Setting next_dagrun for tutorial to 2022-06-13T13:11:50.587045+00:00, run_after=2022-06-14T13:11:50.587045+00:00
[2022-06-14 18:41:50,606] {processor.py:161} INFO - Processing /usr/local/lib/python3.10/dist-packages/airflow/example_dags/tutorial.py took 0.059 seconds
[2022-06-14 18:42:25,517] {processor.py:153} INFO - Started process (PID=7454) to work on /usr/local/lib/python3.10/dist-packages/airflow/example_dags/tutorial.py
[2022-06-14 18:42:25,518] {processor.py:641} INFO - Processing file /usr/local/lib/python3.10/dist-packages/airflow/example_dags/tutorial.py for tasks to queue
[2022-06-14 18:42:25,518] {logging_mixin.py:115} INFO - [2022-06-14 18:42:25,518] {dagbag.py:507} INFO - Filling up the DagBag from /usr/local/lib/python3.10/dist-packages/airflow/example_dags/tutorial.py
[2022-06-14 18:42:25,523] {processor.py:651} INFO - DAG(s) dict_keys(['tutorial']) retrieved from /usr/local/lib/python3.10/dist-packages/airflow/example_dags/tutorial.py
[2022-06-14 18:42:25,539] {logging_mixin.py:115} INFO - [2022-06-14 18:42:25,538] {dag.py:2371} INFO - Sync 1 DAGs
[2022-06-14 18:42:25,556] {logging_mixin.py:115} INFO - [2022-06-14 18:42:25,556] {dag.py:2915} INFO - Setting next_dagrun for tutorial to 2022-06-13T13:12:25.556185+00:00, run_after=2022-06-14T13:12:25.556185+00:00
[2022-06-14 18:42:25,575] {processor.py:161} INFO - Processing /usr/local/lib/python3.10/dist-packages/airflow/example_dags/tutorial.py took 0.061 seconds
[2022-06-14 18:43:01,570] {processor.py:153} INFO - Started process (PID=7547) to work on /usr/local/lib/python3.10/dist-packages/airflow/example_dags/tutorial.py
[2022-06-14 18:43:01,571] {processor.py:641} INFO - Processing file /usr/local/lib/python3.10/dist-packages/airflow/example_dags/tutorial.py for tasks to queue
[2022-06-14 18:43:01,572] {logging_mixin.py:115} INFO - [2022-06-14 18:43:01,571] {dagbag.py:507} INFO - Filling up the DagBag from /usr/local/lib/python3.10/dist-packages/airflow/example_dags/tutorial.py
[2022-06-14 18:43:01,577] {processor.py:651} INFO - DAG(s) dict_keys(['tutorial']) retrieved from /usr/local/lib/python3.10/dist-packages/airflow/example_dags/tutorial.py
[2022-06-14 18:43:01,592] {logging_mixin.py:115} INFO - [2022-06-14 18:43:01,592] {dag.py:2371} INFO - Sync 1 DAGs
[2022-06-14 18:43:01,610] {logging_mixin.py:115} INFO - [2022-06-14 18:43:01,610] {dag.py:2915} INFO - Setting next_dagrun for tutorial to 2022-06-13T13:13:01.609873+00:00, run_after=2022-06-14T13:13:01.609873+00:00
[2022-06-14 18:43:01,629] {processor.py:161} INFO - Processing /usr/local/lib/python3.10/dist-packages/airflow/example_dags/tutorial.py took 0.061 seconds
[2022-06-14 18:43:41,289] {processor.py:153} INFO - Started process (PID=7595) to work on /usr/local/lib/python3.10/dist-packages/airflow/example_dags/tutorial.py
[2022-06-14 18:43:41,290] {processor.py:641} INFO - Processing file /usr/local/lib/python3.10/dist-packages/airflow/example_dags/tutorial.py for tasks to queue
[2022-06-14 18:43:41,290] {logging_mixin.py:115} INFO - [2022-06-14 18:43:41,290] {dagbag.py:507} INFO - Filling up the DagBag from /usr/local/lib/python3.10/dist-packages/airflow/example_dags/tutorial.py
[2022-06-14 18:43:41,295] {processor.py:651} INFO - DAG(s) dict_keys(['tutorial']) retrieved from /usr/local/lib/python3.10/dist-packages/airflow/example_dags/tutorial.py
[2022-06-14 18:43:41,311] {logging_mixin.py:115} INFO - [2022-06-14 18:43:41,311] {dag.py:2371} INFO - Sync 1 DAGs
[2022-06-14 18:43:41,329] {logging_mixin.py:115} INFO - [2022-06-14 18:43:41,329] {dag.py:2915} INFO - Setting next_dagrun for tutorial to 2022-06-13T13:13:41.329333+00:00, run_after=2022-06-14T13:13:41.329333+00:00
[2022-06-14 18:43:41,348] {processor.py:161} INFO - Processing /usr/local/lib/python3.10/dist-packages/airflow/example_dags/tutorial.py took 0.061 seconds
[2022-06-14 18:44:21,027] {processor.py:153} INFO - Started process (PID=7676) to work on /usr/local/lib/python3.10/dist-packages/airflow/example_dags/tutorial.py
[2022-06-14 18:44:21,028] {processor.py:641} INFO - Processing file /usr/local/lib/python3.10/dist-packages/airflow/example_dags/tutorial.py for tasks to queue
[2022-06-14 18:44:21,029] {logging_mixin.py:115} INFO - [2022-06-14 18:44:21,029] {dagbag.py:507} INFO - Filling up the DagBag from /usr/local/lib/python3.10/dist-packages/airflow/example_dags/tutorial.py
[2022-06-14 18:44:21,035] {processor.py:651} INFO - DAG(s) dict_keys(['tutorial']) retrieved from /usr/local/lib/python3.10/dist-packages/airflow/example_dags/tutorial.py
[2022-06-14 18:44:21,053] {logging_mixin.py:115} INFO - [2022-06-14 18:44:21,052] {dag.py:2371} INFO - Sync 1 DAGs
[2022-06-14 18:44:21,072] {logging_mixin.py:115} INFO - [2022-06-14 18:44:21,072] {dag.py:2915} INFO - Setting next_dagrun for tutorial to 2022-06-13T13:14:21.072191+00:00, run_after=2022-06-14T13:14:21.072191+00:00
[2022-06-14 18:44:21,093] {processor.py:161} INFO - Processing /usr/local/lib/python3.10/dist-packages/airflow/example_dags/tutorial.py took 0.068 seconds
[2022-06-14 18:45:03,798] {processor.py:153} INFO - Started process (PID=7745) to work on /usr/local/lib/python3.10/dist-packages/airflow/example_dags/tutorial.py
[2022-06-14 18:45:03,799] {processor.py:641} INFO - Processing file /usr/local/lib/python3.10/dist-packages/airflow/example_dags/tutorial.py for tasks to queue
[2022-06-14 18:45:03,800] {logging_mixin.py:115} INFO - [2022-06-14 18:45:03,800] {dagbag.py:507} INFO - Filling up the DagBag from /usr/local/lib/python3.10/dist-packages/airflow/example_dags/tutorial.py
[2022-06-14 18:45:03,805] {processor.py:651} INFO - DAG(s) dict_keys(['tutorial']) retrieved from /usr/local/lib/python3.10/dist-packages/airflow/example_dags/tutorial.py
[2022-06-14 18:45:03,820] {logging_mixin.py:115} INFO - [2022-06-14 18:45:03,819] {dag.py:2371} INFO - Sync 1 DAGs
[2022-06-14 18:45:03,838] {logging_mixin.py:115} INFO - [2022-06-14 18:45:03,838] {dag.py:2915} INFO - Setting next_dagrun for tutorial to 2022-06-13T13:15:03.838119+00:00, run_after=2022-06-14T13:15:03.838119+00:00
[2022-06-14 18:45:03,857] {processor.py:161} INFO - Processing /usr/local/lib/python3.10/dist-packages/airflow/example_dags/tutorial.py took 0.061 seconds
[2022-06-14 18:45:41,138] {processor.py:153} INFO - Started process (PID=7857) to work on /usr/local/lib/python3.10/dist-packages/airflow/example_dags/tutorial.py
[2022-06-14 18:45:41,139] {processor.py:641} INFO - Processing file /usr/local/lib/python3.10/dist-packages/airflow/example_dags/tutorial.py for tasks to queue
[2022-06-14 18:45:41,139] {logging_mixin.py:115} INFO - [2022-06-14 18:45:41,139] {dagbag.py:507} INFO - Filling up the DagBag from /usr/local/lib/python3.10/dist-packages/airflow/example_dags/tutorial.py
[2022-06-14 18:45:41,144] {processor.py:651} INFO - DAG(s) dict_keys(['tutorial']) retrieved from /usr/local/lib/python3.10/dist-packages/airflow/example_dags/tutorial.py
[2022-06-14 18:45:41,160] {logging_mixin.py:115} INFO - [2022-06-14 18:45:41,159] {dag.py:2371} INFO - Sync 1 DAGs
[2022-06-14 18:45:41,177] {logging_mixin.py:115} INFO - [2022-06-14 18:45:41,176] {dag.py:2915} INFO - Setting next_dagrun for tutorial to 2022-06-13T13:15:41.176693+00:00, run_after=2022-06-14T13:15:41.176693+00:00
[2022-06-14 18:45:41,195] {processor.py:161} INFO - Processing /usr/local/lib/python3.10/dist-packages/airflow/example_dags/tutorial.py took 0.059 seconds
[2022-06-14 18:46:16,193] {processor.py:153} INFO - Started process (PID=7957) to work on /usr/local/lib/python3.10/dist-packages/airflow/example_dags/tutorial.py
[2022-06-14 18:46:16,194] {processor.py:641} INFO - Processing file /usr/local/lib/python3.10/dist-packages/airflow/example_dags/tutorial.py for tasks to queue
[2022-06-14 18:46:16,195] {logging_mixin.py:115} INFO - [2022-06-14 18:46:16,195] {dagbag.py:507} INFO - Filling up the DagBag from /usr/local/lib/python3.10/dist-packages/airflow/example_dags/tutorial.py
[2022-06-14 18:46:16,200] {processor.py:651} INFO - DAG(s) dict_keys(['tutorial']) retrieved from /usr/local/lib/python3.10/dist-packages/airflow/example_dags/tutorial.py
[2022-06-14 18:46:16,216] {logging_mixin.py:115} INFO - [2022-06-14 18:46:16,216] {dag.py:2371} INFO - Sync 1 DAGs
[2022-06-14 18:46:16,235] {logging_mixin.py:115} INFO - [2022-06-14 18:46:16,235] {dag.py:2915} INFO - Setting next_dagrun for tutorial to 2022-06-13T13:16:16.234789+00:00, run_after=2022-06-14T13:16:16.234789+00:00
[2022-06-14 18:46:16,254] {processor.py:161} INFO - Processing /usr/local/lib/python3.10/dist-packages/airflow/example_dags/tutorial.py took 0.063 seconds
[2022-06-14 18:46:53,907] {processor.py:153} INFO - Started process (PID=8009) to work on /usr/local/lib/python3.10/dist-packages/airflow/example_dags/tutorial.py
[2022-06-14 18:46:53,908] {processor.py:641} INFO - Processing file /usr/local/lib/python3.10/dist-packages/airflow/example_dags/tutorial.py for tasks to queue
[2022-06-14 18:46:53,909] {logging_mixin.py:115} INFO - [2022-06-14 18:46:53,909] {dagbag.py:507} INFO - Filling up the DagBag from /usr/local/lib/python3.10/dist-packages/airflow/example_dags/tutorial.py
[2022-06-14 18:46:53,914] {processor.py:651} INFO - DAG(s) dict_keys(['tutorial']) retrieved from /usr/local/lib/python3.10/dist-packages/airflow/example_dags/tutorial.py
[2022-06-14 18:46:53,930] {logging_mixin.py:115} INFO - [2022-06-14 18:46:53,929] {dag.py:2371} INFO - Sync 1 DAGs
[2022-06-14 18:46:53,947] {logging_mixin.py:115} INFO - [2022-06-14 18:46:53,946] {dag.py:2915} INFO - Setting next_dagrun for tutorial to 2022-06-13T13:16:53.946742+00:00, run_after=2022-06-14T13:16:53.946742+00:00
[2022-06-14 18:46:53,965] {processor.py:161} INFO - Processing /usr/local/lib/python3.10/dist-packages/airflow/example_dags/tutorial.py took 0.060 seconds
[2022-06-14 18:47:30,367] {processor.py:153} INFO - Started process (PID=8080) to work on /usr/local/lib/python3.10/dist-packages/airflow/example_dags/tutorial.py
[2022-06-14 18:47:30,368] {processor.py:641} INFO - Processing file /usr/local/lib/python3.10/dist-packages/airflow/example_dags/tutorial.py for tasks to queue
[2022-06-14 18:47:30,368] {logging_mixin.py:115} INFO - [2022-06-14 18:47:30,368] {dagbag.py:507} INFO - Filling up the DagBag from /usr/local/lib/python3.10/dist-packages/airflow/example_dags/tutorial.py
[2022-06-14 18:47:30,373] {processor.py:651} INFO - DAG(s) dict_keys(['tutorial']) retrieved from /usr/local/lib/python3.10/dist-packages/airflow/example_dags/tutorial.py
[2022-06-14 18:47:30,388] {logging_mixin.py:115} INFO - [2022-06-14 18:47:30,388] {dag.py:2371} INFO - Sync 1 DAGs
[2022-06-14 18:47:30,405] {logging_mixin.py:115} INFO - [2022-06-14 18:47:30,404] {dag.py:2915} INFO - Setting next_dagrun for tutorial to 2022-06-13T13:17:30.404709+00:00, run_after=2022-06-14T13:17:30.404709+00:00
[2022-06-14 18:47:30,423] {processor.py:161} INFO - Processing /usr/local/lib/python3.10/dist-packages/airflow/example_dags/tutorial.py took 0.058 seconds
[2022-06-14 18:48:04,241] {processor.py:153} INFO - Started process (PID=8128) to work on /usr/local/lib/python3.10/dist-packages/airflow/example_dags/tutorial.py
[2022-06-14 18:48:04,242] {processor.py:641} INFO - Processing file /usr/local/lib/python3.10/dist-packages/airflow/example_dags/tutorial.py for tasks to queue
[2022-06-14 18:48:04,242] {logging_mixin.py:115} INFO - [2022-06-14 18:48:04,242] {dagbag.py:507} INFO - Filling up the DagBag from /usr/local/lib/python3.10/dist-packages/airflow/example_dags/tutorial.py
[2022-06-14 18:48:04,248] {processor.py:651} INFO - DAG(s) dict_keys(['tutorial']) retrieved from /usr/local/lib/python3.10/dist-packages/airflow/example_dags/tutorial.py
[2022-06-14 18:48:04,263] {logging_mixin.py:115} INFO - [2022-06-14 18:48:04,263] {dag.py:2371} INFO - Sync 1 DAGs
[2022-06-14 18:48:04,280] {logging_mixin.py:115} INFO - [2022-06-14 18:48:04,280] {dag.py:2915} INFO - Setting next_dagrun for tutorial to 2022-06-13T13:18:04.280387+00:00, run_after=2022-06-14T13:18:04.280387+00:00
[2022-06-14 18:48:04,299] {processor.py:161} INFO - Processing /usr/local/lib/python3.10/dist-packages/airflow/example_dags/tutorial.py took 0.061 seconds
[2022-06-14 18:48:43,175] {processor.py:153} INFO - Started process (PID=8184) to work on /usr/local/lib/python3.10/dist-packages/airflow/example_dags/tutorial.py
[2022-06-14 18:48:43,176] {processor.py:641} INFO - Processing file /usr/local/lib/python3.10/dist-packages/airflow/example_dags/tutorial.py for tasks to queue
[2022-06-14 18:48:43,176] {logging_mixin.py:115} INFO - [2022-06-14 18:48:43,176] {dagbag.py:507} INFO - Filling up the DagBag from /usr/local/lib/python3.10/dist-packages/airflow/example_dags/tutorial.py
[2022-06-14 18:48:43,184] {processor.py:651} INFO - DAG(s) dict_keys(['tutorial']) retrieved from /usr/local/lib/python3.10/dist-packages/airflow/example_dags/tutorial.py
[2022-06-14 18:48:43,200] {logging_mixin.py:115} INFO - [2022-06-14 18:48:43,200] {dag.py:2371} INFO - Sync 1 DAGs
[2022-06-14 18:48:43,219] {logging_mixin.py:115} INFO - [2022-06-14 18:48:43,218] {dag.py:2915} INFO - Setting next_dagrun for tutorial to 2022-06-13T13:18:43.218639+00:00, run_after=2022-06-14T13:18:43.218639+00:00
[2022-06-14 18:48:43,238] {processor.py:161} INFO - Processing /usr/local/lib/python3.10/dist-packages/airflow/example_dags/tutorial.py took 0.065 seconds
[2022-06-14 18:49:18,214] {processor.py:153} INFO - Started process (PID=8260) to work on /usr/local/lib/python3.10/dist-packages/airflow/example_dags/tutorial.py
[2022-06-14 18:49:18,215] {processor.py:641} INFO - Processing file /usr/local/lib/python3.10/dist-packages/airflow/example_dags/tutorial.py for tasks to queue
[2022-06-14 18:49:18,215] {logging_mixin.py:115} INFO - [2022-06-14 18:49:18,215] {dagbag.py:507} INFO - Filling up the DagBag from /usr/local/lib/python3.10/dist-packages/airflow/example_dags/tutorial.py
[2022-06-14 18:49:18,221] {processor.py:651} INFO - DAG(s) dict_keys(['tutorial']) retrieved from /usr/local/lib/python3.10/dist-packages/airflow/example_dags/tutorial.py
[2022-06-14 18:49:18,238] {logging_mixin.py:115} INFO - [2022-06-14 18:49:18,238] {dag.py:2371} INFO - Sync 1 DAGs
[2022-06-14 18:49:18,255] {logging_mixin.py:115} INFO - [2022-06-14 18:49:18,255] {dag.py:2915} INFO - Setting next_dagrun for tutorial to 2022-06-13T13:19:18.255226+00:00, run_after=2022-06-14T13:19:18.255226+00:00
[2022-06-14 18:49:18,274] {processor.py:161} INFO - Processing /usr/local/lib/python3.10/dist-packages/airflow/example_dags/tutorial.py took 0.063 seconds
[2022-06-14 18:49:54,526] {processor.py:153} INFO - Started process (PID=8308) to work on /usr/local/lib/python3.10/dist-packages/airflow/example_dags/tutorial.py
[2022-06-14 18:49:54,526] {processor.py:641} INFO - Processing file /usr/local/lib/python3.10/dist-packages/airflow/example_dags/tutorial.py for tasks to queue
[2022-06-14 18:49:54,527] {logging_mixin.py:115} INFO - [2022-06-14 18:49:54,527] {dagbag.py:507} INFO - Filling up the DagBag from /usr/local/lib/python3.10/dist-packages/airflow/example_dags/tutorial.py
[2022-06-14 18:49:54,532] {processor.py:651} INFO - DAG(s) dict_keys(['tutorial']) retrieved from /usr/local/lib/python3.10/dist-packages/airflow/example_dags/tutorial.py
[2022-06-14 18:49:54,547] {logging_mixin.py:115} INFO - [2022-06-14 18:49:54,547] {dag.py:2371} INFO - Sync 1 DAGs
[2022-06-14 18:49:54,565] {logging_mixin.py:115} INFO - [2022-06-14 18:49:54,565] {dag.py:2915} INFO - Setting next_dagrun for tutorial to 2022-06-13T13:19:54.565431+00:00, run_after=2022-06-14T13:19:54.565431+00:00
[2022-06-14 18:49:54,584] {processor.py:161} INFO - Processing /usr/local/lib/python3.10/dist-packages/airflow/example_dags/tutorial.py took 0.061 seconds
[2022-06-14 18:50:34,835] {processor.py:153} INFO - Started process (PID=8406) to work on /usr/local/lib/python3.10/dist-packages/airflow/example_dags/tutorial.py
[2022-06-14 18:50:34,836] {processor.py:641} INFO - Processing file /usr/local/lib/python3.10/dist-packages/airflow/example_dags/tutorial.py for tasks to queue
[2022-06-14 18:50:34,836] {logging_mixin.py:115} INFO - [2022-06-14 18:50:34,836] {dagbag.py:507} INFO - Filling up the DagBag from /usr/local/lib/python3.10/dist-packages/airflow/example_dags/tutorial.py
[2022-06-14 18:50:34,841] {processor.py:651} INFO - DAG(s) dict_keys(['tutorial']) retrieved from /usr/local/lib/python3.10/dist-packages/airflow/example_dags/tutorial.py
[2022-06-14 18:50:34,856] {logging_mixin.py:115} INFO - [2022-06-14 18:50:34,856] {dag.py:2371} INFO - Sync 1 DAGs
[2022-06-14 18:50:34,872] {logging_mixin.py:115} INFO - [2022-06-14 18:50:34,872] {dag.py:2915} INFO - Setting next_dagrun for tutorial to 2022-06-13T13:20:34.871782+00:00, run_after=2022-06-14T13:20:34.871782+00:00
[2022-06-14 18:50:34,889] {processor.py:161} INFO - Processing /usr/local/lib/python3.10/dist-packages/airflow/example_dags/tutorial.py took 0.056 seconds
[2022-06-14 18:51:10,673] {processor.py:153} INFO - Started process (PID=8470) to work on /usr/local/lib/python3.10/dist-packages/airflow/example_dags/tutorial.py
[2022-06-14 18:51:10,674] {processor.py:641} INFO - Processing file /usr/local/lib/python3.10/dist-packages/airflow/example_dags/tutorial.py for tasks to queue
[2022-06-14 18:51:10,674] {logging_mixin.py:115} INFO - [2022-06-14 18:51:10,674] {dagbag.py:507} INFO - Filling up the DagBag from /usr/local/lib/python3.10/dist-packages/airflow/example_dags/tutorial.py
[2022-06-14 18:51:10,681] {processor.py:651} INFO - DAG(s) dict_keys(['tutorial']) retrieved from /usr/local/lib/python3.10/dist-packages/airflow/example_dags/tutorial.py
[2022-06-14 18:51:10,696] {logging_mixin.py:115} INFO - [2022-06-14 18:51:10,696] {dag.py:2371} INFO - Sync 1 DAGs
[2022-06-14 18:51:10,712] {logging_mixin.py:115} INFO - [2022-06-14 18:51:10,712] {dag.py:2915} INFO - Setting next_dagrun for tutorial to 2022-06-13T13:21:10.712238+00:00, run_after=2022-06-14T13:21:10.712238+00:00
[2022-06-14 18:51:10,730] {processor.py:161} INFO - Processing /usr/local/lib/python3.10/dist-packages/airflow/example_dags/tutorial.py took 0.060 seconds
[2022-06-14 18:51:51,480] {processor.py:153} INFO - Started process (PID=8534) to work on /usr/local/lib/python3.10/dist-packages/airflow/example_dags/tutorial.py
[2022-06-14 18:51:51,481] {processor.py:641} INFO - Processing file /usr/local/lib/python3.10/dist-packages/airflow/example_dags/tutorial.py for tasks to queue
[2022-06-14 18:51:51,481] {logging_mixin.py:115} INFO - [2022-06-14 18:51:51,481] {dagbag.py:507} INFO - Filling up the DagBag from /usr/local/lib/python3.10/dist-packages/airflow/example_dags/tutorial.py
[2022-06-14 18:51:51,488] {processor.py:651} INFO - DAG(s) dict_keys(['tutorial']) retrieved from /usr/local/lib/python3.10/dist-packages/airflow/example_dags/tutorial.py
[2022-06-14 18:51:51,504] {logging_mixin.py:115} INFO - [2022-06-14 18:51:51,504] {dag.py:2371} INFO - Sync 1 DAGs
[2022-06-14 18:51:51,521] {logging_mixin.py:115} INFO - [2022-06-14 18:51:51,521] {dag.py:2915} INFO - Setting next_dagrun for tutorial to 2022-06-13T13:21:51.521229+00:00, run_after=2022-06-14T13:21:51.521229+00:00
[2022-06-14 18:51:51,539] {processor.py:161} INFO - Processing /usr/local/lib/python3.10/dist-packages/airflow/example_dags/tutorial.py took 0.062 seconds
[2022-06-14 18:52:26,351] {processor.py:153} INFO - Started process (PID=8591) to work on /usr/local/lib/python3.10/dist-packages/airflow/example_dags/tutorial.py
[2022-06-14 18:52:26,352] {processor.py:641} INFO - Processing file /usr/local/lib/python3.10/dist-packages/airflow/example_dags/tutorial.py for tasks to queue
[2022-06-14 18:52:26,353] {logging_mixin.py:115} INFO - [2022-06-14 18:52:26,353] {dagbag.py:507} INFO - Filling up the DagBag from /usr/local/lib/python3.10/dist-packages/airflow/example_dags/tutorial.py
[2022-06-14 18:52:26,359] {processor.py:651} INFO - DAG(s) dict_keys(['tutorial']) retrieved from /usr/local/lib/python3.10/dist-packages/airflow/example_dags/tutorial.py
[2022-06-14 18:52:26,374] {logging_mixin.py:115} INFO - [2022-06-14 18:52:26,374] {dag.py:2371} INFO - Sync 1 DAGs
[2022-06-14 18:52:26,390] {logging_mixin.py:115} INFO - [2022-06-14 18:52:26,390] {dag.py:2915} INFO - Setting next_dagrun for tutorial to 2022-06-13T13:22:26.390500+00:00, run_after=2022-06-14T13:22:26.390500+00:00
[2022-06-14 18:52:26,409] {processor.py:161} INFO - Processing /usr/local/lib/python3.10/dist-packages/airflow/example_dags/tutorial.py took 0.060 seconds
[2022-06-14 18:53:02,533] {processor.py:153} INFO - Started process (PID=8663) to work on /usr/local/lib/python3.10/dist-packages/airflow/example_dags/tutorial.py
[2022-06-14 18:53:02,534] {processor.py:641} INFO - Processing file /usr/local/lib/python3.10/dist-packages/airflow/example_dags/tutorial.py for tasks to queue
[2022-06-14 18:53:02,534] {logging_mixin.py:115} INFO - [2022-06-14 18:53:02,534] {dagbag.py:507} INFO - Filling up the DagBag from /usr/local/lib/python3.10/dist-packages/airflow/example_dags/tutorial.py
[2022-06-14 18:53:02,540] {processor.py:651} INFO - DAG(s) dict_keys(['tutorial']) retrieved from /usr/local/lib/python3.10/dist-packages/airflow/example_dags/tutorial.py
[2022-06-14 18:53:02,556] {logging_mixin.py:115} INFO - [2022-06-14 18:53:02,556] {dag.py:2371} INFO - Sync 1 DAGs
[2022-06-14 18:53:02,572] {logging_mixin.py:115} INFO - [2022-06-14 18:53:02,572] {dag.py:2915} INFO - Setting next_dagrun for tutorial to 2022-06-13T13:23:02.571921+00:00, run_after=2022-06-14T13:23:02.571921+00:00
[2022-06-14 18:53:02,590] {processor.py:161} INFO - Processing /usr/local/lib/python3.10/dist-packages/airflow/example_dags/tutorial.py took 0.060 seconds
[2022-06-14 18:53:39,549] {processor.py:153} INFO - Started process (PID=8720) to work on /usr/local/lib/python3.10/dist-packages/airflow/example_dags/tutorial.py
[2022-06-14 18:53:39,549] {processor.py:641} INFO - Processing file /usr/local/lib/python3.10/dist-packages/airflow/example_dags/tutorial.py for tasks to queue
[2022-06-14 18:53:39,550] {logging_mixin.py:115} INFO - [2022-06-14 18:53:39,550] {dagbag.py:507} INFO - Filling up the DagBag from /usr/local/lib/python3.10/dist-packages/airflow/example_dags/tutorial.py
[2022-06-14 18:53:39,556] {processor.py:651} INFO - DAG(s) dict_keys(['tutorial']) retrieved from /usr/local/lib/python3.10/dist-packages/airflow/example_dags/tutorial.py
[2022-06-14 18:53:39,571] {logging_mixin.py:115} INFO - [2022-06-14 18:53:39,571] {dag.py:2371} INFO - Sync 1 DAGs
[2022-06-14 18:53:39,587] {logging_mixin.py:115} INFO - [2022-06-14 18:53:39,587] {dag.py:2915} INFO - Setting next_dagrun for tutorial to 2022-06-13T13:23:39.587363+00:00, run_after=2022-06-14T13:23:39.587363+00:00
[2022-06-14 18:53:39,605] {processor.py:161} INFO - Processing /usr/local/lib/python3.10/dist-packages/airflow/example_dags/tutorial.py took 0.059 seconds
[2022-06-14 18:54:17,619] {processor.py:153} INFO - Started process (PID=8777) to work on /usr/local/lib/python3.10/dist-packages/airflow/example_dags/tutorial.py
[2022-06-14 18:54:17,620] {processor.py:641} INFO - Processing file /usr/local/lib/python3.10/dist-packages/airflow/example_dags/tutorial.py for tasks to queue
[2022-06-14 18:54:17,621] {logging_mixin.py:115} INFO - [2022-06-14 18:54:17,621] {dagbag.py:507} INFO - Filling up the DagBag from /usr/local/lib/python3.10/dist-packages/airflow/example_dags/tutorial.py
[2022-06-14 18:54:17,626] {processor.py:651} INFO - DAG(s) dict_keys(['tutorial']) retrieved from /usr/local/lib/python3.10/dist-packages/airflow/example_dags/tutorial.py
[2022-06-14 18:54:17,643] {logging_mixin.py:115} INFO - [2022-06-14 18:54:17,642] {dag.py:2371} INFO - Sync 1 DAGs
[2022-06-14 18:54:17,658] {logging_mixin.py:115} INFO - [2022-06-14 18:54:17,658] {dag.py:2915} INFO - Setting next_dagrun for tutorial to 2022-06-13T13:24:17.658527+00:00, run_after=2022-06-14T13:24:17.658527+00:00
[2022-06-14 18:54:17,676] {processor.py:161} INFO - Processing /usr/local/lib/python3.10/dist-packages/airflow/example_dags/tutorial.py took 0.060 seconds
[2022-06-14 18:54:55,465] {processor.py:153} INFO - Started process (PID=8834) to work on /usr/local/lib/python3.10/dist-packages/airflow/example_dags/tutorial.py
[2022-06-14 18:54:55,466] {processor.py:641} INFO - Processing file /usr/local/lib/python3.10/dist-packages/airflow/example_dags/tutorial.py for tasks to queue
[2022-06-14 18:54:55,466] {logging_mixin.py:115} INFO - [2022-06-14 18:54:55,466] {dagbag.py:507} INFO - Filling up the DagBag from /usr/local/lib/python3.10/dist-packages/airflow/example_dags/tutorial.py
[2022-06-14 18:54:55,472] {processor.py:651} INFO - DAG(s) dict_keys(['tutorial']) retrieved from /usr/local/lib/python3.10/dist-packages/airflow/example_dags/tutorial.py
[2022-06-14 18:54:55,489] {logging_mixin.py:115} INFO - [2022-06-14 18:54:55,488] {dag.py:2371} INFO - Sync 1 DAGs
[2022-06-14 18:54:55,505] {logging_mixin.py:115} INFO - [2022-06-14 18:54:55,505] {dag.py:2915} INFO - Setting next_dagrun for tutorial to 2022-06-13T13:24:55.504840+00:00, run_after=2022-06-14T13:24:55.504840+00:00
[2022-06-14 18:54:55,522] {processor.py:161} INFO - Processing /usr/local/lib/python3.10/dist-packages/airflow/example_dags/tutorial.py took 0.060 seconds
[2022-06-14 18:55:37,852] {processor.py:153} INFO - Started process (PID=8886) to work on /usr/local/lib/python3.10/dist-packages/airflow/example_dags/tutorial.py
[2022-06-14 18:55:37,852] {processor.py:641} INFO - Processing file /usr/local/lib/python3.10/dist-packages/airflow/example_dags/tutorial.py for tasks to queue
[2022-06-14 18:55:37,853] {logging_mixin.py:115} INFO - [2022-06-14 18:55:37,853] {dagbag.py:507} INFO - Filling up the DagBag from /usr/local/lib/python3.10/dist-packages/airflow/example_dags/tutorial.py
[2022-06-14 18:55:37,859] {processor.py:651} INFO - DAG(s) dict_keys(['tutorial']) retrieved from /usr/local/lib/python3.10/dist-packages/airflow/example_dags/tutorial.py
[2022-06-14 18:55:37,876] {logging_mixin.py:115} INFO - [2022-06-14 18:55:37,876] {dag.py:2371} INFO - Sync 1 DAGs
[2022-06-14 18:55:37,892] {logging_mixin.py:115} INFO - [2022-06-14 18:55:37,892] {dag.py:2915} INFO - Setting next_dagrun for tutorial to 2022-06-13T13:25:37.891894+00:00, run_after=2022-06-14T13:25:37.891894+00:00
[2022-06-14 18:55:37,910] {processor.py:161} INFO - Processing /usr/local/lib/python3.10/dist-packages/airflow/example_dags/tutorial.py took 0.062 seconds
[2022-06-14 18:56:18,401] {processor.py:153} INFO - Started process (PID=8939) to work on /usr/local/lib/python3.10/dist-packages/airflow/example_dags/tutorial.py
[2022-06-14 18:56:18,402] {processor.py:641} INFO - Processing file /usr/local/lib/python3.10/dist-packages/airflow/example_dags/tutorial.py for tasks to queue
[2022-06-14 18:56:18,402] {logging_mixin.py:115} INFO - [2022-06-14 18:56:18,402] {dagbag.py:507} INFO - Filling up the DagBag from /usr/local/lib/python3.10/dist-packages/airflow/example_dags/tutorial.py
[2022-06-14 18:56:18,408] {processor.py:651} INFO - DAG(s) dict_keys(['tutorial']) retrieved from /usr/local/lib/python3.10/dist-packages/airflow/example_dags/tutorial.py
[2022-06-14 18:56:18,425] {logging_mixin.py:115} INFO - [2022-06-14 18:56:18,425] {dag.py:2371} INFO - Sync 1 DAGs
[2022-06-14 18:56:18,441] {logging_mixin.py:115} INFO - [2022-06-14 18:56:18,441] {dag.py:2915} INFO - Setting next_dagrun for tutorial to 2022-06-13T13:26:18.440826+00:00, run_after=2022-06-14T13:26:18.440826+00:00
[2022-06-14 18:56:18,459] {processor.py:161} INFO - Processing /usr/local/lib/python3.10/dist-packages/airflow/example_dags/tutorial.py took 0.062 seconds
[2022-06-14 18:56:58,872] {processor.py:153} INFO - Started process (PID=8998) to work on /usr/local/lib/python3.10/dist-packages/airflow/example_dags/tutorial.py
[2022-06-14 18:56:58,873] {processor.py:641} INFO - Processing file /usr/local/lib/python3.10/dist-packages/airflow/example_dags/tutorial.py for tasks to queue
[2022-06-14 18:56:58,873] {logging_mixin.py:115} INFO - [2022-06-14 18:56:58,873] {dagbag.py:507} INFO - Filling up the DagBag from /usr/local/lib/python3.10/dist-packages/airflow/example_dags/tutorial.py
[2022-06-14 18:56:58,879] {processor.py:651} INFO - DAG(s) dict_keys(['tutorial']) retrieved from /usr/local/lib/python3.10/dist-packages/airflow/example_dags/tutorial.py
[2022-06-14 18:56:58,895] {logging_mixin.py:115} INFO - [2022-06-14 18:56:58,895] {dag.py:2371} INFO - Sync 1 DAGs
[2022-06-14 18:56:58,911] {logging_mixin.py:115} INFO - [2022-06-14 18:56:58,911] {dag.py:2915} INFO - Setting next_dagrun for tutorial to 2022-06-13T13:26:58.911376+00:00, run_after=2022-06-14T13:26:58.911376+00:00
[2022-06-14 18:56:58,929] {processor.py:161} INFO - Processing /usr/local/lib/python3.10/dist-packages/airflow/example_dags/tutorial.py took 0.061 seconds
[2022-06-14 18:57:37,308] {processor.py:153} INFO - Started process (PID=9076) to work on /usr/local/lib/python3.10/dist-packages/airflow/example_dags/tutorial.py
[2022-06-14 18:57:37,309] {processor.py:641} INFO - Processing file /usr/local/lib/python3.10/dist-packages/airflow/example_dags/tutorial.py for tasks to queue
[2022-06-14 18:57:37,309] {logging_mixin.py:115} INFO - [2022-06-14 18:57:37,309] {dagbag.py:507} INFO - Filling up the DagBag from /usr/local/lib/python3.10/dist-packages/airflow/example_dags/tutorial.py
[2022-06-14 18:57:37,314] {processor.py:651} INFO - DAG(s) dict_keys(['tutorial']) retrieved from /usr/local/lib/python3.10/dist-packages/airflow/example_dags/tutorial.py
[2022-06-14 18:57:37,328] {logging_mixin.py:115} INFO - [2022-06-14 18:57:37,328] {dag.py:2371} INFO - Sync 1 DAGs
[2022-06-14 18:57:37,345] {logging_mixin.py:115} INFO - [2022-06-14 18:57:37,345] {dag.py:2915} INFO - Setting next_dagrun for tutorial to 2022-06-13T13:27:37.345450+00:00, run_after=2022-06-14T13:27:37.345450+00:00
[2022-06-14 18:57:37,363] {processor.py:161} INFO - Processing /usr/local/lib/python3.10/dist-packages/airflow/example_dags/tutorial.py took 0.058 seconds
[2022-06-14 18:58:12,258] {processor.py:153} INFO - Started process (PID=9120) to work on /usr/local/lib/python3.10/dist-packages/airflow/example_dags/tutorial.py
[2022-06-14 18:58:12,259] {processor.py:641} INFO - Processing file /usr/local/lib/python3.10/dist-packages/airflow/example_dags/tutorial.py for tasks to queue
[2022-06-14 18:58:12,259] {logging_mixin.py:115} INFO - [2022-06-14 18:58:12,259] {dagbag.py:507} INFO - Filling up the DagBag from /usr/local/lib/python3.10/dist-packages/airflow/example_dags/tutorial.py
[2022-06-14 18:58:12,264] {processor.py:651} INFO - DAG(s) dict_keys(['tutorial']) retrieved from /usr/local/lib/python3.10/dist-packages/airflow/example_dags/tutorial.py
[2022-06-14 18:58:12,279] {logging_mixin.py:115} INFO - [2022-06-14 18:58:12,278] {dag.py:2371} INFO - Sync 1 DAGs
[2022-06-14 18:58:12,297] {logging_mixin.py:115} INFO - [2022-06-14 18:58:12,297] {dag.py:2915} INFO - Setting next_dagrun for tutorial to 2022-06-13T13:28:12.296846+00:00, run_after=2022-06-14T13:28:12.296846+00:00
[2022-06-14 18:58:12,315] {processor.py:161} INFO - Processing /usr/local/lib/python3.10/dist-packages/airflow/example_dags/tutorial.py took 0.059 seconds
[2022-06-14 18:58:48,371] {processor.py:153} INFO - Started process (PID=9174) to work on /usr/local/lib/python3.10/dist-packages/airflow/example_dags/tutorial.py
[2022-06-14 18:58:48,372] {processor.py:641} INFO - Processing file /usr/local/lib/python3.10/dist-packages/airflow/example_dags/tutorial.py for tasks to queue
[2022-06-14 18:58:48,373] {logging_mixin.py:115} INFO - [2022-06-14 18:58:48,373] {dagbag.py:507} INFO - Filling up the DagBag from /usr/local/lib/python3.10/dist-packages/airflow/example_dags/tutorial.py
[2022-06-14 18:58:48,377] {processor.py:651} INFO - DAG(s) dict_keys(['tutorial']) retrieved from /usr/local/lib/python3.10/dist-packages/airflow/example_dags/tutorial.py
[2022-06-14 18:58:48,392] {logging_mixin.py:115} INFO - [2022-06-14 18:58:48,392] {dag.py:2371} INFO - Sync 1 DAGs
[2022-06-14 18:58:48,409] {logging_mixin.py:115} INFO - [2022-06-14 18:58:48,409] {dag.py:2915} INFO - Setting next_dagrun for tutorial to 2022-06-13T13:28:48.409498+00:00, run_after=2022-06-14T13:28:48.409498+00:00
[2022-06-14 18:58:48,427] {processor.py:161} INFO - Processing /usr/local/lib/python3.10/dist-packages/airflow/example_dags/tutorial.py took 0.059 seconds
[2022-06-14 18:59:23,324] {processor.py:153} INFO - Started process (PID=9227) to work on /usr/local/lib/python3.10/dist-packages/airflow/example_dags/tutorial.py
[2022-06-14 18:59:23,324] {processor.py:641} INFO - Processing file /usr/local/lib/python3.10/dist-packages/airflow/example_dags/tutorial.py for tasks to queue
[2022-06-14 18:59:23,325] {logging_mixin.py:115} INFO - [2022-06-14 18:59:23,325] {dagbag.py:507} INFO - Filling up the DagBag from /usr/local/lib/python3.10/dist-packages/airflow/example_dags/tutorial.py
[2022-06-14 18:59:23,329] {processor.py:651} INFO - DAG(s) dict_keys(['tutorial']) retrieved from /usr/local/lib/python3.10/dist-packages/airflow/example_dags/tutorial.py
[2022-06-14 18:59:23,344] {logging_mixin.py:115} INFO - [2022-06-14 18:59:23,344] {dag.py:2371} INFO - Sync 1 DAGs
[2022-06-14 18:59:23,361] {logging_mixin.py:115} INFO - [2022-06-14 18:59:23,361] {dag.py:2915} INFO - Setting next_dagrun for tutorial to 2022-06-13T13:29:23.361196+00:00, run_after=2022-06-14T13:29:23.361196+00:00
[2022-06-14 18:59:23,380] {processor.py:161} INFO - Processing /usr/local/lib/python3.10/dist-packages/airflow/example_dags/tutorial.py took 0.058 seconds
[2022-06-14 19:00:03,428] {processor.py:153} INFO - Started process (PID=9290) to work on /usr/local/lib/python3.10/dist-packages/airflow/example_dags/tutorial.py
[2022-06-14 19:00:03,429] {processor.py:641} INFO - Processing file /usr/local/lib/python3.10/dist-packages/airflow/example_dags/tutorial.py for tasks to queue
[2022-06-14 19:00:03,429] {logging_mixin.py:115} INFO - [2022-06-14 19:00:03,429] {dagbag.py:507} INFO - Filling up the DagBag from /usr/local/lib/python3.10/dist-packages/airflow/example_dags/tutorial.py
[2022-06-14 19:00:03,434] {processor.py:651} INFO - DAG(s) dict_keys(['tutorial']) retrieved from /usr/local/lib/python3.10/dist-packages/airflow/example_dags/tutorial.py
[2022-06-14 19:00:03,449] {logging_mixin.py:115} INFO - [2022-06-14 19:00:03,449] {dag.py:2371} INFO - Sync 1 DAGs
[2022-06-14 19:00:03,467] {logging_mixin.py:115} INFO - [2022-06-14 19:00:03,467] {dag.py:2915} INFO - Setting next_dagrun for tutorial to 2022-06-13T13:30:03.466768+00:00, run_after=2022-06-14T13:30:03.466768+00:00
[2022-06-14 19:00:03,485] {processor.py:161} INFO - Processing /usr/local/lib/python3.10/dist-packages/airflow/example_dags/tutorial.py took 0.059 seconds
[2022-06-14 19:00:39,436] {processor.py:153} INFO - Started process (PID=9349) to work on /usr/local/lib/python3.10/dist-packages/airflow/example_dags/tutorial.py
[2022-06-14 19:00:39,437] {processor.py:641} INFO - Processing file /usr/local/lib/python3.10/dist-packages/airflow/example_dags/tutorial.py for tasks to queue
[2022-06-14 19:00:39,438] {logging_mixin.py:115} INFO - [2022-06-14 19:00:39,437] {dagbag.py:507} INFO - Filling up the DagBag from /usr/local/lib/python3.10/dist-packages/airflow/example_dags/tutorial.py
[2022-06-14 19:00:39,445] {processor.py:651} INFO - DAG(s) dict_keys(['tutorial']) retrieved from /usr/local/lib/python3.10/dist-packages/airflow/example_dags/tutorial.py
[2022-06-14 19:00:39,465] {logging_mixin.py:115} INFO - [2022-06-14 19:00:39,465] {dag.py:2371} INFO - Sync 1 DAGs
[2022-06-14 19:00:39,483] {logging_mixin.py:115} INFO - [2022-06-14 19:00:39,483] {dag.py:2915} INFO - Setting next_dagrun for tutorial to 2022-06-13T13:30:39.482775+00:00, run_after=2022-06-14T13:30:39.482775+00:00
[2022-06-14 19:00:39,502] {processor.py:161} INFO - Processing /usr/local/lib/python3.10/dist-packages/airflow/example_dags/tutorial.py took 0.069 seconds
[2022-06-14 19:01:15,053] {processor.py:153} INFO - Started process (PID=9401) to work on /usr/local/lib/python3.10/dist-packages/airflow/example_dags/tutorial.py
[2022-06-14 19:01:15,054] {processor.py:641} INFO - Processing file /usr/local/lib/python3.10/dist-packages/airflow/example_dags/tutorial.py for tasks to queue
[2022-06-14 19:01:15,054] {logging_mixin.py:115} INFO - [2022-06-14 19:01:15,054] {dagbag.py:507} INFO - Filling up the DagBag from /usr/local/lib/python3.10/dist-packages/airflow/example_dags/tutorial.py
[2022-06-14 19:01:15,060] {processor.py:651} INFO - DAG(s) dict_keys(['tutorial']) retrieved from /usr/local/lib/python3.10/dist-packages/airflow/example_dags/tutorial.py
[2022-06-14 19:01:15,075] {logging_mixin.py:115} INFO - [2022-06-14 19:01:15,075] {dag.py:2371} INFO - Sync 1 DAGs
[2022-06-14 19:01:15,094] {logging_mixin.py:115} INFO - [2022-06-14 19:01:15,093] {dag.py:2915} INFO - Setting next_dagrun for tutorial to 2022-06-13T13:31:15.093585+00:00, run_after=2022-06-14T13:31:15.093585+00:00
[2022-06-14 19:01:15,112] {processor.py:161} INFO - Processing /usr/local/lib/python3.10/dist-packages/airflow/example_dags/tutorial.py took 0.062 seconds
[2022-06-14 19:01:52,767] {processor.py:153} INFO - Started process (PID=9452) to work on /usr/local/lib/python3.10/dist-packages/airflow/example_dags/tutorial.py
[2022-06-14 19:01:52,767] {processor.py:641} INFO - Processing file /usr/local/lib/python3.10/dist-packages/airflow/example_dags/tutorial.py for tasks to queue
[2022-06-14 19:01:52,768] {logging_mixin.py:115} INFO - [2022-06-14 19:01:52,768] {dagbag.py:507} INFO - Filling up the DagBag from /usr/local/lib/python3.10/dist-packages/airflow/example_dags/tutorial.py
[2022-06-14 19:01:52,773] {processor.py:651} INFO - DAG(s) dict_keys(['tutorial']) retrieved from /usr/local/lib/python3.10/dist-packages/airflow/example_dags/tutorial.py
[2022-06-14 19:01:52,787] {logging_mixin.py:115} INFO - [2022-06-14 19:01:52,787] {dag.py:2371} INFO - Sync 1 DAGs
[2022-06-14 19:01:52,806] {logging_mixin.py:115} INFO - [2022-06-14 19:01:52,806] {dag.py:2915} INFO - Setting next_dagrun for tutorial to 2022-06-13T13:31:52.806225+00:00, run_after=2022-06-14T13:31:52.806225+00:00
[2022-06-14 19:01:52,824] {processor.py:161} INFO - Processing /usr/local/lib/python3.10/dist-packages/airflow/example_dags/tutorial.py took 0.060 seconds
[2022-06-14 19:02:34,004] {processor.py:153} INFO - Started process (PID=9508) to work on /usr/local/lib/python3.10/dist-packages/airflow/example_dags/tutorial.py
[2022-06-14 19:02:34,005] {processor.py:641} INFO - Processing file /usr/local/lib/python3.10/dist-packages/airflow/example_dags/tutorial.py for tasks to queue
[2022-06-14 19:02:34,005] {logging_mixin.py:115} INFO - [2022-06-14 19:02:34,005] {dagbag.py:507} INFO - Filling up the DagBag from /usr/local/lib/python3.10/dist-packages/airflow/example_dags/tutorial.py
[2022-06-14 19:02:34,010] {processor.py:651} INFO - DAG(s) dict_keys(['tutorial']) retrieved from /usr/local/lib/python3.10/dist-packages/airflow/example_dags/tutorial.py
[2022-06-14 19:02:34,025] {logging_mixin.py:115} INFO - [2022-06-14 19:02:34,025] {dag.py:2371} INFO - Sync 1 DAGs
[2022-06-14 19:02:34,043] {logging_mixin.py:115} INFO - [2022-06-14 19:02:34,043] {dag.py:2915} INFO - Setting next_dagrun for tutorial to 2022-06-13T13:32:34.042878+00:00, run_after=2022-06-14T13:32:34.042878+00:00
[2022-06-14 19:02:34,061] {processor.py:161} INFO - Processing /usr/local/lib/python3.10/dist-packages/airflow/example_dags/tutorial.py took 0.059 seconds
[2022-06-14 19:03:14,189] {processor.py:153} INFO - Started process (PID=9601) to work on /usr/local/lib/python3.10/dist-packages/airflow/example_dags/tutorial.py
[2022-06-14 19:03:14,190] {processor.py:641} INFO - Processing file /usr/local/lib/python3.10/dist-packages/airflow/example_dags/tutorial.py for tasks to queue
[2022-06-14 19:03:14,190] {logging_mixin.py:115} INFO - [2022-06-14 19:03:14,190] {dagbag.py:507} INFO - Filling up the DagBag from /usr/local/lib/python3.10/dist-packages/airflow/example_dags/tutorial.py
[2022-06-14 19:03:14,195] {processor.py:651} INFO - DAG(s) dict_keys(['tutorial']) retrieved from /usr/local/lib/python3.10/dist-packages/airflow/example_dags/tutorial.py
[2022-06-14 19:03:14,211] {logging_mixin.py:115} INFO - [2022-06-14 19:03:14,211] {dag.py:2371} INFO - Sync 1 DAGs
[2022-06-14 19:03:14,228] {logging_mixin.py:115} INFO - [2022-06-14 19:03:14,228] {dag.py:2915} INFO - Setting next_dagrun for tutorial to 2022-06-13T13:33:14.228533+00:00, run_after=2022-06-14T13:33:14.228533+00:00
[2022-06-14 19:03:14,247] {processor.py:161} INFO - Processing /usr/local/lib/python3.10/dist-packages/airflow/example_dags/tutorial.py took 0.060 seconds
[2022-06-14 19:03:50,305] {processor.py:153} INFO - Started process (PID=9647) to work on /usr/local/lib/python3.10/dist-packages/airflow/example_dags/tutorial.py
[2022-06-14 19:03:50,306] {processor.py:641} INFO - Processing file /usr/local/lib/python3.10/dist-packages/airflow/example_dags/tutorial.py for tasks to queue
[2022-06-14 19:03:50,306] {logging_mixin.py:115} INFO - [2022-06-14 19:03:50,306] {dagbag.py:507} INFO - Filling up the DagBag from /usr/local/lib/python3.10/dist-packages/airflow/example_dags/tutorial.py
[2022-06-14 19:03:50,311] {processor.py:651} INFO - DAG(s) dict_keys(['tutorial']) retrieved from /usr/local/lib/python3.10/dist-packages/airflow/example_dags/tutorial.py
[2022-06-14 19:03:50,326] {logging_mixin.py:115} INFO - [2022-06-14 19:03:50,326] {dag.py:2371} INFO - Sync 1 DAGs
[2022-06-14 19:03:50,343] {logging_mixin.py:115} INFO - [2022-06-14 19:03:50,343] {dag.py:2915} INFO - Setting next_dagrun for tutorial to 2022-06-13T13:33:50.342901+00:00, run_after=2022-06-14T13:33:50.342901+00:00
[2022-06-14 19:03:50,361] {processor.py:161} INFO - Processing /usr/local/lib/python3.10/dist-packages/airflow/example_dags/tutorial.py took 0.058 seconds
[2022-06-14 19:04:30,752] {processor.py:153} INFO - Started process (PID=9705) to work on /usr/local/lib/python3.10/dist-packages/airflow/example_dags/tutorial.py
[2022-06-14 19:04:30,752] {processor.py:641} INFO - Processing file /usr/local/lib/python3.10/dist-packages/airflow/example_dags/tutorial.py for tasks to queue
[2022-06-14 19:04:30,753] {logging_mixin.py:115} INFO - [2022-06-14 19:04:30,753] {dagbag.py:507} INFO - Filling up the DagBag from /usr/local/lib/python3.10/dist-packages/airflow/example_dags/tutorial.py
[2022-06-14 19:04:30,758] {processor.py:651} INFO - DAG(s) dict_keys(['tutorial']) retrieved from /usr/local/lib/python3.10/dist-packages/airflow/example_dags/tutorial.py
[2022-06-14 19:04:30,773] {logging_mixin.py:115} INFO - [2022-06-14 19:04:30,773] {dag.py:2371} INFO - Sync 1 DAGs
[2022-06-14 19:04:30,791] {logging_mixin.py:115} INFO - [2022-06-14 19:04:30,791] {dag.py:2915} INFO - Setting next_dagrun for tutorial to 2022-06-13T13:34:30.790959+00:00, run_after=2022-06-14T13:34:30.790959+00:00
[2022-06-14 19:04:30,810] {processor.py:161} INFO - Processing /usr/local/lib/python3.10/dist-packages/airflow/example_dags/tutorial.py took 0.061 seconds
[2022-06-14 19:05:07,319] {processor.py:153} INFO - Started process (PID=9752) to work on /usr/local/lib/python3.10/dist-packages/airflow/example_dags/tutorial.py
[2022-06-14 19:05:07,320] {processor.py:641} INFO - Processing file /usr/local/lib/python3.10/dist-packages/airflow/example_dags/tutorial.py for tasks to queue
[2022-06-14 19:05:07,320] {logging_mixin.py:115} INFO - [2022-06-14 19:05:07,320] {dagbag.py:507} INFO - Filling up the DagBag from /usr/local/lib/python3.10/dist-packages/airflow/example_dags/tutorial.py
[2022-06-14 19:05:07,325] {processor.py:651} INFO - DAG(s) dict_keys(['tutorial']) retrieved from /usr/local/lib/python3.10/dist-packages/airflow/example_dags/tutorial.py
[2022-06-14 19:05:07,341] {logging_mixin.py:115} INFO - [2022-06-14 19:05:07,340] {dag.py:2371} INFO - Sync 1 DAGs
[2022-06-14 19:05:07,358] {logging_mixin.py:115} INFO - [2022-06-14 19:05:07,358] {dag.py:2915} INFO - Setting next_dagrun for tutorial to 2022-06-13T13:35:07.358093+00:00, run_after=2022-06-14T13:35:07.358093+00:00
[2022-06-14 19:05:07,378] {processor.py:161} INFO - Processing /usr/local/lib/python3.10/dist-packages/airflow/example_dags/tutorial.py took 0.061 seconds
[2022-06-14 19:05:49,863] {processor.py:153} INFO - Started process (PID=9817) to work on /usr/local/lib/python3.10/dist-packages/airflow/example_dags/tutorial.py
[2022-06-14 19:05:49,864] {processor.py:641} INFO - Processing file /usr/local/lib/python3.10/dist-packages/airflow/example_dags/tutorial.py for tasks to queue
[2022-06-14 19:05:49,864] {logging_mixin.py:115} INFO - [2022-06-14 19:05:49,864] {dagbag.py:507} INFO - Filling up the DagBag from /usr/local/lib/python3.10/dist-packages/airflow/example_dags/tutorial.py
[2022-06-14 19:05:49,869] {processor.py:651} INFO - DAG(s) dict_keys(['tutorial']) retrieved from /usr/local/lib/python3.10/dist-packages/airflow/example_dags/tutorial.py
[2022-06-14 19:05:49,885] {logging_mixin.py:115} INFO - [2022-06-14 19:05:49,885] {dag.py:2371} INFO - Sync 1 DAGs
[2022-06-14 19:05:49,902] {logging_mixin.py:115} INFO - [2022-06-14 19:05:49,902] {dag.py:2915} INFO - Setting next_dagrun for tutorial to 2022-06-13T13:35:49.902218+00:00, run_after=2022-06-14T13:35:49.902218+00:00
[2022-06-14 19:05:49,921] {processor.py:161} INFO - Processing /usr/local/lib/python3.10/dist-packages/airflow/example_dags/tutorial.py took 0.060 seconds
[2022-06-14 19:06:27,191] {processor.py:153} INFO - Started process (PID=9864) to work on /usr/local/lib/python3.10/dist-packages/airflow/example_dags/tutorial.py
[2022-06-14 19:06:27,192] {processor.py:641} INFO - Processing file /usr/local/lib/python3.10/dist-packages/airflow/example_dags/tutorial.py for tasks to queue
[2022-06-14 19:06:27,192] {logging_mixin.py:115} INFO - [2022-06-14 19:06:27,192] {dagbag.py:507} INFO - Filling up the DagBag from /usr/local/lib/python3.10/dist-packages/airflow/example_dags/tutorial.py
[2022-06-14 19:06:27,197] {processor.py:651} INFO - DAG(s) dict_keys(['tutorial']) retrieved from /usr/local/lib/python3.10/dist-packages/airflow/example_dags/tutorial.py
[2022-06-14 19:06:27,212] {logging_mixin.py:115} INFO - [2022-06-14 19:06:27,212] {dag.py:2371} INFO - Sync 1 DAGs
[2022-06-14 19:06:27,229] {logging_mixin.py:115} INFO - [2022-06-14 19:06:27,229] {dag.py:2915} INFO - Setting next_dagrun for tutorial to 2022-06-13T13:36:27.229325+00:00, run_after=2022-06-14T13:36:27.229325+00:00
[2022-06-14 19:06:27,248] {processor.py:161} INFO - Processing /usr/local/lib/python3.10/dist-packages/airflow/example_dags/tutorial.py took 0.060 seconds
[2022-06-14 19:07:05,415] {processor.py:153} INFO - Started process (PID=9923) to work on /usr/local/lib/python3.10/dist-packages/airflow/example_dags/tutorial.py
[2022-06-14 19:07:05,416] {processor.py:641} INFO - Processing file /usr/local/lib/python3.10/dist-packages/airflow/example_dags/tutorial.py for tasks to queue
[2022-06-14 19:07:05,417] {logging_mixin.py:115} INFO - [2022-06-14 19:07:05,416] {dagbag.py:507} INFO - Filling up the DagBag from /usr/local/lib/python3.10/dist-packages/airflow/example_dags/tutorial.py
[2022-06-14 19:07:05,421] {processor.py:651} INFO - DAG(s) dict_keys(['tutorial']) retrieved from /usr/local/lib/python3.10/dist-packages/airflow/example_dags/tutorial.py
[2022-06-14 19:07:05,437] {logging_mixin.py:115} INFO - [2022-06-14 19:07:05,437] {dag.py:2371} INFO - Sync 1 DAGs
[2022-06-14 19:07:05,453] {logging_mixin.py:115} INFO - [2022-06-14 19:07:05,453] {dag.py:2915} INFO - Setting next_dagrun for tutorial to 2022-06-13T13:37:05.453577+00:00, run_after=2022-06-14T13:37:05.453577+00:00
[2022-06-14 19:07:05,472] {processor.py:161} INFO - Processing /usr/local/lib/python3.10/dist-packages/airflow/example_dags/tutorial.py took 0.059 seconds
[2022-06-14 19:07:48,559] {processor.py:153} INFO - Started process (PID=9981) to work on /usr/local/lib/python3.10/dist-packages/airflow/example_dags/tutorial.py
[2022-06-14 19:07:48,560] {processor.py:641} INFO - Processing file /usr/local/lib/python3.10/dist-packages/airflow/example_dags/tutorial.py for tasks to queue
[2022-06-14 19:07:48,560] {logging_mixin.py:115} INFO - [2022-06-14 19:07:48,560] {dagbag.py:507} INFO - Filling up the DagBag from /usr/local/lib/python3.10/dist-packages/airflow/example_dags/tutorial.py
[2022-06-14 19:07:48,565] {processor.py:651} INFO - DAG(s) dict_keys(['tutorial']) retrieved from /usr/local/lib/python3.10/dist-packages/airflow/example_dags/tutorial.py
[2022-06-14 19:07:48,580] {logging_mixin.py:115} INFO - [2022-06-14 19:07:48,580] {dag.py:2371} INFO - Sync 1 DAGs
[2022-06-14 19:07:48,597] {logging_mixin.py:115} INFO - [2022-06-14 19:07:48,597] {dag.py:2915} INFO - Setting next_dagrun for tutorial to 2022-06-13T13:37:48.597047+00:00, run_after=2022-06-14T13:37:48.597047+00:00
[2022-06-14 19:07:48,615] {processor.py:161} INFO - Processing /usr/local/lib/python3.10/dist-packages/airflow/example_dags/tutorial.py took 0.059 seconds
[2022-06-14 19:08:25,591] {processor.py:153} INFO - Started process (PID=10032) to work on /usr/local/lib/python3.10/dist-packages/airflow/example_dags/tutorial.py
[2022-06-14 19:08:25,591] {processor.py:641} INFO - Processing file /usr/local/lib/python3.10/dist-packages/airflow/example_dags/tutorial.py for tasks to queue
[2022-06-14 19:08:25,592] {logging_mixin.py:115} INFO - [2022-06-14 19:08:25,592] {dagbag.py:507} INFO - Filling up the DagBag from /usr/local/lib/python3.10/dist-packages/airflow/example_dags/tutorial.py
[2022-06-14 19:08:25,597] {processor.py:651} INFO - DAG(s) dict_keys(['tutorial']) retrieved from /usr/local/lib/python3.10/dist-packages/airflow/example_dags/tutorial.py
[2022-06-14 19:08:25,613] {logging_mixin.py:115} INFO - [2022-06-14 19:08:25,613] {dag.py:2371} INFO - Sync 1 DAGs
[2022-06-14 19:08:25,631] {logging_mixin.py:115} INFO - [2022-06-14 19:08:25,631] {dag.py:2915} INFO - Setting next_dagrun for tutorial to 2022-06-13T13:38:25.630821+00:00, run_after=2022-06-14T13:38:25.630821+00:00
[2022-06-14 19:08:25,650] {processor.py:161} INFO - Processing /usr/local/lib/python3.10/dist-packages/airflow/example_dags/tutorial.py took 0.062 seconds
[2022-06-14 19:09:08,122] {processor.py:153} INFO - Started process (PID=10094) to work on /usr/local/lib/python3.10/dist-packages/airflow/example_dags/tutorial.py
[2022-06-14 19:09:08,123] {processor.py:641} INFO - Processing file /usr/local/lib/python3.10/dist-packages/airflow/example_dags/tutorial.py for tasks to queue
[2022-06-14 19:09:08,124] {logging_mixin.py:115} INFO - [2022-06-14 19:09:08,123] {dagbag.py:507} INFO - Filling up the DagBag from /usr/local/lib/python3.10/dist-packages/airflow/example_dags/tutorial.py
[2022-06-14 19:09:08,129] {processor.py:651} INFO - DAG(s) dict_keys(['tutorial']) retrieved from /usr/local/lib/python3.10/dist-packages/airflow/example_dags/tutorial.py
[2022-06-14 19:09:08,144] {logging_mixin.py:115} INFO - [2022-06-14 19:09:08,144] {dag.py:2371} INFO - Sync 1 DAGs
[2022-06-14 19:09:08,162] {logging_mixin.py:115} INFO - [2022-06-14 19:09:08,162] {dag.py:2915} INFO - Setting next_dagrun for tutorial to 2022-06-13T13:39:08.161782+00:00, run_after=2022-06-14T13:39:08.161782+00:00
[2022-06-14 19:09:08,181] {processor.py:161} INFO - Processing /usr/local/lib/python3.10/dist-packages/airflow/example_dags/tutorial.py took 0.061 seconds
[2022-06-14 19:09:44,203] {processor.py:153} INFO - Started process (PID=10141) to work on /usr/local/lib/python3.10/dist-packages/airflow/example_dags/tutorial.py
[2022-06-14 19:09:44,204] {processor.py:641} INFO - Processing file /usr/local/lib/python3.10/dist-packages/airflow/example_dags/tutorial.py for tasks to queue
[2022-06-14 19:09:44,204] {logging_mixin.py:115} INFO - [2022-06-14 19:09:44,204] {dagbag.py:507} INFO - Filling up the DagBag from /usr/local/lib/python3.10/dist-packages/airflow/example_dags/tutorial.py
[2022-06-14 19:09:44,210] {processor.py:651} INFO - DAG(s) dict_keys(['tutorial']) retrieved from /usr/local/lib/python3.10/dist-packages/airflow/example_dags/tutorial.py
[2022-06-14 19:09:44,225] {logging_mixin.py:115} INFO - [2022-06-14 19:09:44,225] {dag.py:2371} INFO - Sync 1 DAGs
[2022-06-14 19:09:44,243] {logging_mixin.py:115} INFO - [2022-06-14 19:09:44,243] {dag.py:2915} INFO - Setting next_dagrun for tutorial to 2022-06-13T13:39:44.243053+00:00, run_after=2022-06-14T13:39:44.243053+00:00
[2022-06-14 19:09:44,261] {processor.py:161} INFO - Processing /usr/local/lib/python3.10/dist-packages/airflow/example_dags/tutorial.py took 0.061 seconds
[2022-06-14 19:10:18,648] {processor.py:153} INFO - Started process (PID=10210) to work on /usr/local/lib/python3.10/dist-packages/airflow/example_dags/tutorial.py
[2022-06-14 19:10:18,649] {processor.py:641} INFO - Processing file /usr/local/lib/python3.10/dist-packages/airflow/example_dags/tutorial.py for tasks to queue
[2022-06-14 19:10:18,649] {logging_mixin.py:115} INFO - [2022-06-14 19:10:18,649] {dagbag.py:507} INFO - Filling up the DagBag from /usr/local/lib/python3.10/dist-packages/airflow/example_dags/tutorial.py
[2022-06-14 19:10:18,654] {processor.py:651} INFO - DAG(s) dict_keys(['tutorial']) retrieved from /usr/local/lib/python3.10/dist-packages/airflow/example_dags/tutorial.py
[2022-06-14 19:10:18,668] {logging_mixin.py:115} INFO - [2022-06-14 19:10:18,667] {dag.py:2371} INFO - Sync 1 DAGs
[2022-06-14 19:10:18,684] {logging_mixin.py:115} INFO - [2022-06-14 19:10:18,684] {dag.py:2915} INFO - Setting next_dagrun for tutorial to 2022-06-13T13:40:18.684452+00:00, run_after=2022-06-14T13:40:18.684452+00:00
[2022-06-14 19:10:18,703] {processor.py:161} INFO - Processing /usr/local/lib/python3.10/dist-packages/airflow/example_dags/tutorial.py took 0.058 seconds
