[2022-06-16 19:59:25,967] {taskinstance.py:1159} INFO - Dependencies all met for <TaskInstance: example_bash_operator.run_after_loop scheduled__2022-06-15T00:00:00+00:00 [queued]>
[2022-06-16 19:59:25,984] {taskinstance.py:1159} INFO - Dependencies all met for <TaskInstance: example_bash_operator.run_after_loop scheduled__2022-06-15T00:00:00+00:00 [queued]>
[2022-06-16 19:59:25,984] {taskinstance.py:1356} INFO - 
--------------------------------------------------------------------------------
[2022-06-16 19:59:25,984] {taskinstance.py:1357} INFO - Starting attempt 1 of 1
[2022-06-16 19:59:25,984] {taskinstance.py:1358} INFO - 
--------------------------------------------------------------------------------
[2022-06-16 19:59:26,082] {taskinstance.py:1377} INFO - Executing <Task(BashOperator): run_after_loop> on 2022-06-15 00:00:00+00:00
[2022-06-16 19:59:26,086] {standard_task_runner.py:52} INFO - Started process 4968 to run task
[2022-06-16 19:59:26,090] {standard_task_runner.py:79} INFO - Running: ['airflow', 'tasks', 'run', 'example_bash_operator', 'run_after_loop', 'scheduled__2022-06-15T00:00:00+00:00', '--job-id', '128', '--raw', '--subdir', '/usr/local/lib/python3.10/dist-packages/airflow/example_dags/example_bash_operator.py', '--cfg-path', '/tmp/tmp5tvxox00', '--error-file', '/tmp/tmprjk3mg4a']
[2022-06-16 19:59:26,091] {standard_task_runner.py:80} INFO - Job 128: Subtask run_after_loop
[2022-06-16 19:59:26,164] {task_command.py:369} INFO - Running <TaskInstance: example_bash_operator.run_after_loop scheduled__2022-06-15T00:00:00+00:00 [running]> on host roshan-Latitude-E5440
[2022-06-16 19:59:26,272] {taskinstance.py:1569} INFO - Exporting the following env vars:
AIRFLOW_CTX_DAG_OWNER=airflow
AIRFLOW_CTX_DAG_ID=example_bash_operator
AIRFLOW_CTX_TASK_ID=run_after_loop
AIRFLOW_CTX_EXECUTION_DATE=2022-06-15T00:00:00+00:00
AIRFLOW_CTX_TRY_NUMBER=1
AIRFLOW_CTX_DAG_RUN_ID=scheduled__2022-06-15T00:00:00+00:00
[2022-06-16 19:59:26,274] {subprocess.py:62} INFO - Tmp dir root location: 
 /tmp
[2022-06-16 19:59:26,274] {subprocess.py:74} INFO - Running command: ['bash', '-c', 'echo 1']
[2022-06-16 19:59:26,283] {subprocess.py:85} INFO - Output:
[2022-06-16 19:59:26,284] {subprocess.py:92} INFO - 1
[2022-06-16 19:59:26,285] {subprocess.py:96} INFO - Command exited with return code 0
[2022-06-16 19:59:26,330] {taskinstance.py:1395} INFO - Marking task as SUCCESS. dag_id=example_bash_operator, task_id=run_after_loop, execution_date=20220615T000000, start_date=20220616T142925, end_date=20220616T142926
[2022-06-16 19:59:26,385] {local_task_job.py:156} INFO - Task exited with return code 0
[2022-06-16 19:59:26,423] {local_task_job.py:273} INFO - 0 downstream tasks scheduled from follow-on schedule check
