[2022-06-16 19:59:05,084] {taskinstance.py:1159} INFO - Dependencies all met for <TaskInstance: example_bash_operator.runme_0 scheduled__2022-06-15T00:00:00+00:00 [queued]>
[2022-06-16 19:59:05,101] {taskinstance.py:1159} INFO - Dependencies all met for <TaskInstance: example_bash_operator.runme_0 scheduled__2022-06-15T00:00:00+00:00 [queued]>
[2022-06-16 19:59:05,102] {taskinstance.py:1356} INFO - 
--------------------------------------------------------------------------------
[2022-06-16 19:59:05,102] {taskinstance.py:1357} INFO - Starting attempt 1 of 1
[2022-06-16 19:59:05,102] {taskinstance.py:1358} INFO - 
--------------------------------------------------------------------------------
[2022-06-16 19:59:05,141] {taskinstance.py:1377} INFO - Executing <Task(BashOperator): runme_0> on 2022-06-15 00:00:00+00:00
[2022-06-16 19:59:05,146] {standard_task_runner.py:52} INFO - Started process 4812 to run task
[2022-06-16 19:59:05,153] {standard_task_runner.py:79} INFO - Running: ['airflow', 'tasks', 'run', 'example_bash_operator', 'runme_0', 'scheduled__2022-06-15T00:00:00+00:00', '--job-id', '122', '--raw', '--subdir', '/usr/local/lib/python3.10/dist-packages/airflow/example_dags/example_bash_operator.py', '--cfg-path', '/tmp/tmp0hnfsfcd', '--error-file', '/tmp/tmpx8k_zc2s']
[2022-06-16 19:59:05,155] {standard_task_runner.py:80} INFO - Job 122: Subtask runme_0
[2022-06-16 19:59:05,274] {task_command.py:369} INFO - Running <TaskInstance: example_bash_operator.runme_0 scheduled__2022-06-15T00:00:00+00:00 [running]> on host roshan-Latitude-E5440
[2022-06-16 19:59:05,539] {taskinstance.py:1569} INFO - Exporting the following env vars:
AIRFLOW_CTX_DAG_OWNER=airflow
AIRFLOW_CTX_DAG_ID=example_bash_operator
AIRFLOW_CTX_TASK_ID=runme_0
AIRFLOW_CTX_EXECUTION_DATE=2022-06-15T00:00:00+00:00
AIRFLOW_CTX_TRY_NUMBER=1
AIRFLOW_CTX_DAG_RUN_ID=scheduled__2022-06-15T00:00:00+00:00
[2022-06-16 19:59:05,540] {subprocess.py:62} INFO - Tmp dir root location: 
 /tmp
[2022-06-16 19:59:05,543] {subprocess.py:74} INFO - Running command: ['bash', '-c', 'echo "example_bash_operator__runme_0__20220615" && sleep 1']
[2022-06-16 19:59:05,557] {subprocess.py:85} INFO - Output:
[2022-06-16 19:59:05,558] {subprocess.py:92} INFO - example_bash_operator__runme_0__20220615
[2022-06-16 19:59:06,560] {subprocess.py:96} INFO - Command exited with return code 0
[2022-06-16 19:59:06,709] {taskinstance.py:1395} INFO - Marking task as SUCCESS. dag_id=example_bash_operator, task_id=runme_0, execution_date=20220615T000000, start_date=20220616T142905, end_date=20220616T142906
[2022-06-16 19:59:06,769] {local_task_job.py:156} INFO - Task exited with return code 0
[2022-06-16 19:59:06,826] {local_task_job.py:273} INFO - 0 downstream tasks scheduled from follow-on schedule check
