[2022-05-19 19:11:01,365] {processor.py:153} INFO - Started process (PID=8130) to work on /usr/local/lib/python3.10/dist-packages/airflow/example_dags/plugins/workday.py
[2022-05-19 19:11:01,366] {processor.py:641} INFO - Processing file /usr/local/lib/python3.10/dist-packages/airflow/example_dags/plugins/workday.py for tasks to queue
[2022-05-19 19:11:01,366] {logging_mixin.py:115} INFO - [2022-05-19 19:11:01,366] {dagbag.py:507} INFO - Filling up the DagBag from /usr/local/lib/python3.10/dist-packages/airflow/example_dags/plugins/workday.py
[2022-05-19 19:11:01,369] {processor.py:653} WARNING - No viable dags retrieved from /usr/local/lib/python3.10/dist-packages/airflow/example_dags/plugins/workday.py
[2022-05-19 19:11:01,384] {processor.py:161} INFO - Processing /usr/local/lib/python3.10/dist-packages/airflow/example_dags/plugins/workday.py took 0.022 seconds
[2022-05-19 19:11:35,557] {processor.py:153} INFO - Started process (PID=8361) to work on /usr/local/lib/python3.10/dist-packages/airflow/example_dags/plugins/workday.py
[2022-05-19 19:11:35,558] {processor.py:641} INFO - Processing file /usr/local/lib/python3.10/dist-packages/airflow/example_dags/plugins/workday.py for tasks to queue
[2022-05-19 19:11:35,559] {logging_mixin.py:115} INFO - [2022-05-19 19:11:35,558] {dagbag.py:507} INFO - Filling up the DagBag from /usr/local/lib/python3.10/dist-packages/airflow/example_dags/plugins/workday.py
[2022-05-19 19:11:35,560] {processor.py:653} WARNING - No viable dags retrieved from /usr/local/lib/python3.10/dist-packages/airflow/example_dags/plugins/workday.py
[2022-05-19 19:11:35,569] {processor.py:161} INFO - Processing /usr/local/lib/python3.10/dist-packages/airflow/example_dags/plugins/workday.py took 0.014 seconds
[2022-05-19 19:12:14,786] {processor.py:153} INFO - Started process (PID=8479) to work on /usr/local/lib/python3.10/dist-packages/airflow/example_dags/plugins/workday.py
[2022-05-19 19:12:14,787] {processor.py:641} INFO - Processing file /usr/local/lib/python3.10/dist-packages/airflow/example_dags/plugins/workday.py for tasks to queue
[2022-05-19 19:12:14,787] {logging_mixin.py:115} INFO - [2022-05-19 19:12:14,787] {dagbag.py:507} INFO - Filling up the DagBag from /usr/local/lib/python3.10/dist-packages/airflow/example_dags/plugins/workday.py
[2022-05-19 19:12:14,790] {processor.py:653} WARNING - No viable dags retrieved from /usr/local/lib/python3.10/dist-packages/airflow/example_dags/plugins/workday.py
[2022-05-19 19:12:14,801] {processor.py:161} INFO - Processing /usr/local/lib/python3.10/dist-packages/airflow/example_dags/plugins/workday.py took 0.019 seconds
[2022-05-19 19:12:46,223] {processor.py:153} INFO - Started process (PID=8516) to work on /usr/local/lib/python3.10/dist-packages/airflow/example_dags/plugins/workday.py
[2022-05-19 19:12:46,223] {processor.py:641} INFO - Processing file /usr/local/lib/python3.10/dist-packages/airflow/example_dags/plugins/workday.py for tasks to queue
[2022-05-19 19:12:46,224] {logging_mixin.py:115} INFO - [2022-05-19 19:12:46,224] {dagbag.py:507} INFO - Filling up the DagBag from /usr/local/lib/python3.10/dist-packages/airflow/example_dags/plugins/workday.py
[2022-05-19 19:12:46,226] {processor.py:653} WARNING - No viable dags retrieved from /usr/local/lib/python3.10/dist-packages/airflow/example_dags/plugins/workday.py
[2022-05-19 19:12:46,237] {processor.py:161} INFO - Processing /usr/local/lib/python3.10/dist-packages/airflow/example_dags/plugins/workday.py took 0.018 seconds
[2022-05-19 19:13:23,249] {processor.py:153} INFO - Started process (PID=8556) to work on /usr/local/lib/python3.10/dist-packages/airflow/example_dags/plugins/workday.py
[2022-05-19 19:13:23,250] {processor.py:641} INFO - Processing file /usr/local/lib/python3.10/dist-packages/airflow/example_dags/plugins/workday.py for tasks to queue
[2022-05-19 19:13:23,250] {logging_mixin.py:115} INFO - [2022-05-19 19:13:23,250] {dagbag.py:507} INFO - Filling up the DagBag from /usr/local/lib/python3.10/dist-packages/airflow/example_dags/plugins/workday.py
[2022-05-19 19:13:23,252] {processor.py:653} WARNING - No viable dags retrieved from /usr/local/lib/python3.10/dist-packages/airflow/example_dags/plugins/workday.py
[2022-05-19 19:13:23,264] {processor.py:161} INFO - Processing /usr/local/lib/python3.10/dist-packages/airflow/example_dags/plugins/workday.py took 0.018 seconds
[2022-05-19 19:13:57,722] {processor.py:153} INFO - Started process (PID=8662) to work on /usr/local/lib/python3.10/dist-packages/airflow/example_dags/plugins/workday.py
[2022-05-19 19:13:57,723] {processor.py:641} INFO - Processing file /usr/local/lib/python3.10/dist-packages/airflow/example_dags/plugins/workday.py for tasks to queue
[2022-05-19 19:13:57,723] {logging_mixin.py:115} INFO - [2022-05-19 19:13:57,723] {dagbag.py:507} INFO - Filling up the DagBag from /usr/local/lib/python3.10/dist-packages/airflow/example_dags/plugins/workday.py
[2022-05-19 19:13:57,725] {processor.py:653} WARNING - No viable dags retrieved from /usr/local/lib/python3.10/dist-packages/airflow/example_dags/plugins/workday.py
[2022-05-19 19:13:57,737] {processor.py:161} INFO - Processing /usr/local/lib/python3.10/dist-packages/airflow/example_dags/plugins/workday.py took 0.019 seconds
[2022-05-19 19:14:30,682] {processor.py:153} INFO - Started process (PID=8705) to work on /usr/local/lib/python3.10/dist-packages/airflow/example_dags/plugins/workday.py
[2022-05-19 19:14:30,683] {processor.py:641} INFO - Processing file /usr/local/lib/python3.10/dist-packages/airflow/example_dags/plugins/workday.py for tasks to queue
[2022-05-19 19:14:30,683] {logging_mixin.py:115} INFO - [2022-05-19 19:14:30,683] {dagbag.py:507} INFO - Filling up the DagBag from /usr/local/lib/python3.10/dist-packages/airflow/example_dags/plugins/workday.py
[2022-05-19 19:14:30,685] {processor.py:653} WARNING - No viable dags retrieved from /usr/local/lib/python3.10/dist-packages/airflow/example_dags/plugins/workday.py
[2022-05-19 19:14:30,697] {processor.py:161} INFO - Processing /usr/local/lib/python3.10/dist-packages/airflow/example_dags/plugins/workday.py took 0.018 seconds
[2022-05-19 19:15:02,913] {processor.py:153} INFO - Started process (PID=8750) to work on /usr/local/lib/python3.10/dist-packages/airflow/example_dags/plugins/workday.py
[2022-05-19 19:15:02,914] {processor.py:641} INFO - Processing file /usr/local/lib/python3.10/dist-packages/airflow/example_dags/plugins/workday.py for tasks to queue
[2022-05-19 19:15:02,914] {logging_mixin.py:115} INFO - [2022-05-19 19:15:02,914] {dagbag.py:507} INFO - Filling up the DagBag from /usr/local/lib/python3.10/dist-packages/airflow/example_dags/plugins/workday.py
[2022-05-19 19:15:02,916] {processor.py:653} WARNING - No viable dags retrieved from /usr/local/lib/python3.10/dist-packages/airflow/example_dags/plugins/workday.py
[2022-05-19 19:15:02,929] {processor.py:161} INFO - Processing /usr/local/lib/python3.10/dist-packages/airflow/example_dags/plugins/workday.py took 0.020 seconds
[2022-05-19 19:15:43,037] {processor.py:153} INFO - Started process (PID=8817) to work on /usr/local/lib/python3.10/dist-packages/airflow/example_dags/plugins/workday.py
[2022-05-19 19:15:43,038] {processor.py:641} INFO - Processing file /usr/local/lib/python3.10/dist-packages/airflow/example_dags/plugins/workday.py for tasks to queue
[2022-05-19 19:15:43,039] {logging_mixin.py:115} INFO - [2022-05-19 19:15:43,038] {dagbag.py:507} INFO - Filling up the DagBag from /usr/local/lib/python3.10/dist-packages/airflow/example_dags/plugins/workday.py
[2022-05-19 19:15:43,041] {processor.py:653} WARNING - No viable dags retrieved from /usr/local/lib/python3.10/dist-packages/airflow/example_dags/plugins/workday.py
[2022-05-19 19:15:43,051] {processor.py:161} INFO - Processing /usr/local/lib/python3.10/dist-packages/airflow/example_dags/plugins/workday.py took 0.017 seconds
[2022-05-19 19:16:20,673] {processor.py:153} INFO - Started process (PID=8870) to work on /usr/local/lib/python3.10/dist-packages/airflow/example_dags/plugins/workday.py
[2022-05-19 19:16:20,674] {processor.py:641} INFO - Processing file /usr/local/lib/python3.10/dist-packages/airflow/example_dags/plugins/workday.py for tasks to queue
[2022-05-19 19:16:20,674] {logging_mixin.py:115} INFO - [2022-05-19 19:16:20,674] {dagbag.py:507} INFO - Filling up the DagBag from /usr/local/lib/python3.10/dist-packages/airflow/example_dags/plugins/workday.py
[2022-05-19 19:16:20,677] {processor.py:653} WARNING - No viable dags retrieved from /usr/local/lib/python3.10/dist-packages/airflow/example_dags/plugins/workday.py
[2022-05-19 19:16:20,689] {processor.py:161} INFO - Processing /usr/local/lib/python3.10/dist-packages/airflow/example_dags/plugins/workday.py took 0.019 seconds
[2022-05-19 19:16:56,854] {processor.py:153} INFO - Started process (PID=8911) to work on /usr/local/lib/python3.10/dist-packages/airflow/example_dags/plugins/workday.py
[2022-05-19 19:16:56,855] {processor.py:641} INFO - Processing file /usr/local/lib/python3.10/dist-packages/airflow/example_dags/plugins/workday.py for tasks to queue
[2022-05-19 19:16:56,855] {logging_mixin.py:115} INFO - [2022-05-19 19:16:56,855] {dagbag.py:507} INFO - Filling up the DagBag from /usr/local/lib/python3.10/dist-packages/airflow/example_dags/plugins/workday.py
[2022-05-19 19:16:56,857] {processor.py:653} WARNING - No viable dags retrieved from /usr/local/lib/python3.10/dist-packages/airflow/example_dags/plugins/workday.py
[2022-05-19 19:16:56,869] {processor.py:161} INFO - Processing /usr/local/lib/python3.10/dist-packages/airflow/example_dags/plugins/workday.py took 0.018 seconds
[2022-05-19 19:17:30,133] {processor.py:153} INFO - Started process (PID=8995) to work on /usr/local/lib/python3.10/dist-packages/airflow/example_dags/plugins/workday.py
[2022-05-19 19:17:30,134] {processor.py:641} INFO - Processing file /usr/local/lib/python3.10/dist-packages/airflow/example_dags/plugins/workday.py for tasks to queue
[2022-05-19 19:17:30,134] {logging_mixin.py:115} INFO - [2022-05-19 19:17:30,134] {dagbag.py:507} INFO - Filling up the DagBag from /usr/local/lib/python3.10/dist-packages/airflow/example_dags/plugins/workday.py
[2022-05-19 19:17:30,137] {processor.py:653} WARNING - No viable dags retrieved from /usr/local/lib/python3.10/dist-packages/airflow/example_dags/plugins/workday.py
[2022-05-19 19:17:30,147] {processor.py:161} INFO - Processing /usr/local/lib/python3.10/dist-packages/airflow/example_dags/plugins/workday.py took 0.017 seconds
[2022-05-19 19:18:08,057] {processor.py:153} INFO - Started process (PID=9070) to work on /usr/local/lib/python3.10/dist-packages/airflow/example_dags/plugins/workday.py
[2022-05-19 19:18:08,058] {processor.py:641} INFO - Processing file /usr/local/lib/python3.10/dist-packages/airflow/example_dags/plugins/workday.py for tasks to queue
[2022-05-19 19:18:08,059] {logging_mixin.py:115} INFO - [2022-05-19 19:18:08,059] {dagbag.py:507} INFO - Filling up the DagBag from /usr/local/lib/python3.10/dist-packages/airflow/example_dags/plugins/workday.py
[2022-05-19 19:18:08,061] {processor.py:653} WARNING - No viable dags retrieved from /usr/local/lib/python3.10/dist-packages/airflow/example_dags/plugins/workday.py
[2022-05-19 19:18:08,073] {processor.py:161} INFO - Processing /usr/local/lib/python3.10/dist-packages/airflow/example_dags/plugins/workday.py took 0.019 seconds
[2022-05-19 19:18:43,657] {processor.py:153} INFO - Started process (PID=9151) to work on /usr/local/lib/python3.10/dist-packages/airflow/example_dags/plugins/workday.py
[2022-05-19 19:18:43,658] {processor.py:641} INFO - Processing file /usr/local/lib/python3.10/dist-packages/airflow/example_dags/plugins/workday.py for tasks to queue
[2022-05-19 19:18:43,658] {logging_mixin.py:115} INFO - [2022-05-19 19:18:43,658] {dagbag.py:507} INFO - Filling up the DagBag from /usr/local/lib/python3.10/dist-packages/airflow/example_dags/plugins/workday.py
[2022-05-19 19:18:43,660] {processor.py:653} WARNING - No viable dags retrieved from /usr/local/lib/python3.10/dist-packages/airflow/example_dags/plugins/workday.py
[2022-05-19 19:18:43,671] {processor.py:161} INFO - Processing /usr/local/lib/python3.10/dist-packages/airflow/example_dags/plugins/workday.py took 0.018 seconds
[2022-05-19 19:19:20,190] {processor.py:153} INFO - Started process (PID=9361) to work on /usr/local/lib/python3.10/dist-packages/airflow/example_dags/plugins/workday.py
[2022-05-19 19:19:20,192] {processor.py:641} INFO - Processing file /usr/local/lib/python3.10/dist-packages/airflow/example_dags/plugins/workday.py for tasks to queue
[2022-05-19 19:19:20,193] {logging_mixin.py:115} INFO - [2022-05-19 19:19:20,193] {dagbag.py:507} INFO - Filling up the DagBag from /usr/local/lib/python3.10/dist-packages/airflow/example_dags/plugins/workday.py
[2022-05-19 19:19:20,195] {processor.py:653} WARNING - No viable dags retrieved from /usr/local/lib/python3.10/dist-packages/airflow/example_dags/plugins/workday.py
[2022-05-19 19:19:20,206] {processor.py:161} INFO - Processing /usr/local/lib/python3.10/dist-packages/airflow/example_dags/plugins/workday.py took 0.019 seconds
[2022-05-19 19:19:59,157] {processor.py:153} INFO - Started process (PID=9456) to work on /usr/local/lib/python3.10/dist-packages/airflow/example_dags/plugins/workday.py
[2022-05-19 19:19:59,158] {processor.py:641} INFO - Processing file /usr/local/lib/python3.10/dist-packages/airflow/example_dags/plugins/workday.py for tasks to queue
[2022-05-19 19:19:59,158] {logging_mixin.py:115} INFO - [2022-05-19 19:19:59,158] {dagbag.py:507} INFO - Filling up the DagBag from /usr/local/lib/python3.10/dist-packages/airflow/example_dags/plugins/workday.py
[2022-05-19 19:19:59,160] {processor.py:653} WARNING - No viable dags retrieved from /usr/local/lib/python3.10/dist-packages/airflow/example_dags/plugins/workday.py
[2022-05-19 19:19:59,172] {processor.py:161} INFO - Processing /usr/local/lib/python3.10/dist-packages/airflow/example_dags/plugins/workday.py took 0.018 seconds
[2022-05-19 19:20:32,603] {processor.py:153} INFO - Started process (PID=9519) to work on /usr/local/lib/python3.10/dist-packages/airflow/example_dags/plugins/workday.py
[2022-05-19 19:20:32,604] {processor.py:641} INFO - Processing file /usr/local/lib/python3.10/dist-packages/airflow/example_dags/plugins/workday.py for tasks to queue
[2022-05-19 19:20:32,604] {logging_mixin.py:115} INFO - [2022-05-19 19:20:32,604] {dagbag.py:507} INFO - Filling up the DagBag from /usr/local/lib/python3.10/dist-packages/airflow/example_dags/plugins/workday.py
[2022-05-19 19:20:32,606] {processor.py:653} WARNING - No viable dags retrieved from /usr/local/lib/python3.10/dist-packages/airflow/example_dags/plugins/workday.py
[2022-05-19 19:20:32,618] {processor.py:161} INFO - Processing /usr/local/lib/python3.10/dist-packages/airflow/example_dags/plugins/workday.py took 0.018 seconds
[2022-05-19 19:21:09,349] {processor.py:153} INFO - Started process (PID=9566) to work on /usr/local/lib/python3.10/dist-packages/airflow/example_dags/plugins/workday.py
[2022-05-19 19:21:09,350] {processor.py:641} INFO - Processing file /usr/local/lib/python3.10/dist-packages/airflow/example_dags/plugins/workday.py for tasks to queue
[2022-05-19 19:21:09,351] {logging_mixin.py:115} INFO - [2022-05-19 19:21:09,351] {dagbag.py:507} INFO - Filling up the DagBag from /usr/local/lib/python3.10/dist-packages/airflow/example_dags/plugins/workday.py
[2022-05-19 19:21:09,353] {processor.py:653} WARNING - No viable dags retrieved from /usr/local/lib/python3.10/dist-packages/airflow/example_dags/plugins/workday.py
[2022-05-19 19:21:09,365] {processor.py:161} INFO - Processing /usr/local/lib/python3.10/dist-packages/airflow/example_dags/plugins/workday.py took 0.019 seconds
[2022-05-19 19:21:48,059] {processor.py:153} INFO - Started process (PID=9616) to work on /usr/local/lib/python3.10/dist-packages/airflow/example_dags/plugins/workday.py
[2022-05-19 19:21:48,060] {processor.py:641} INFO - Processing file /usr/local/lib/python3.10/dist-packages/airflow/example_dags/plugins/workday.py for tasks to queue
[2022-05-19 19:21:48,060] {logging_mixin.py:115} INFO - [2022-05-19 19:21:48,060] {dagbag.py:507} INFO - Filling up the DagBag from /usr/local/lib/python3.10/dist-packages/airflow/example_dags/plugins/workday.py
[2022-05-19 19:21:48,062] {processor.py:653} WARNING - No viable dags retrieved from /usr/local/lib/python3.10/dist-packages/airflow/example_dags/plugins/workday.py
[2022-05-19 19:21:48,073] {processor.py:161} INFO - Processing /usr/local/lib/python3.10/dist-packages/airflow/example_dags/plugins/workday.py took 0.017 seconds
[2022-05-19 19:22:22,965] {processor.py:153} INFO - Started process (PID=9822) to work on /usr/local/lib/python3.10/dist-packages/airflow/example_dags/plugins/workday.py
[2022-05-19 19:22:22,966] {processor.py:641} INFO - Processing file /usr/local/lib/python3.10/dist-packages/airflow/example_dags/plugins/workday.py for tasks to queue
[2022-05-19 19:22:22,966] {logging_mixin.py:115} INFO - [2022-05-19 19:22:22,966] {dagbag.py:507} INFO - Filling up the DagBag from /usr/local/lib/python3.10/dist-packages/airflow/example_dags/plugins/workday.py
[2022-05-19 19:22:22,969] {processor.py:653} WARNING - No viable dags retrieved from /usr/local/lib/python3.10/dist-packages/airflow/example_dags/plugins/workday.py
[2022-05-19 19:22:22,980] {processor.py:161} INFO - Processing /usr/local/lib/python3.10/dist-packages/airflow/example_dags/plugins/workday.py took 0.018 seconds
[2022-05-19 19:22:57,354] {processor.py:153} INFO - Started process (PID=9906) to work on /usr/local/lib/python3.10/dist-packages/airflow/example_dags/plugins/workday.py
[2022-05-19 19:22:57,355] {processor.py:641} INFO - Processing file /usr/local/lib/python3.10/dist-packages/airflow/example_dags/plugins/workday.py for tasks to queue
[2022-05-19 19:22:57,355] {logging_mixin.py:115} INFO - [2022-05-19 19:22:57,355] {dagbag.py:507} INFO - Filling up the DagBag from /usr/local/lib/python3.10/dist-packages/airflow/example_dags/plugins/workday.py
[2022-05-19 19:22:57,357] {processor.py:653} WARNING - No viable dags retrieved from /usr/local/lib/python3.10/dist-packages/airflow/example_dags/plugins/workday.py
[2022-05-19 19:22:57,369] {processor.py:161} INFO - Processing /usr/local/lib/python3.10/dist-packages/airflow/example_dags/plugins/workday.py took 0.019 seconds
[2022-05-19 19:23:33,533] {processor.py:153} INFO - Started process (PID=9952) to work on /usr/local/lib/python3.10/dist-packages/airflow/example_dags/plugins/workday.py
[2022-05-19 19:23:33,534] {processor.py:641} INFO - Processing file /usr/local/lib/python3.10/dist-packages/airflow/example_dags/plugins/workday.py for tasks to queue
[2022-05-19 19:23:33,535] {logging_mixin.py:115} INFO - [2022-05-19 19:23:33,535] {dagbag.py:507} INFO - Filling up the DagBag from /usr/local/lib/python3.10/dist-packages/airflow/example_dags/plugins/workday.py
[2022-05-19 19:23:33,537] {processor.py:653} WARNING - No viable dags retrieved from /usr/local/lib/python3.10/dist-packages/airflow/example_dags/plugins/workday.py
[2022-05-19 19:23:33,549] {processor.py:161} INFO - Processing /usr/local/lib/python3.10/dist-packages/airflow/example_dags/plugins/workday.py took 0.019 seconds
[2022-05-19 19:24:05,502] {processor.py:153} INFO - Started process (PID=9996) to work on /usr/local/lib/python3.10/dist-packages/airflow/example_dags/plugins/workday.py
[2022-05-19 19:24:05,503] {processor.py:641} INFO - Processing file /usr/local/lib/python3.10/dist-packages/airflow/example_dags/plugins/workday.py for tasks to queue
[2022-05-19 19:24:05,503] {logging_mixin.py:115} INFO - [2022-05-19 19:24:05,503] {dagbag.py:507} INFO - Filling up the DagBag from /usr/local/lib/python3.10/dist-packages/airflow/example_dags/plugins/workday.py
[2022-05-19 19:24:05,505] {processor.py:653} WARNING - No viable dags retrieved from /usr/local/lib/python3.10/dist-packages/airflow/example_dags/plugins/workday.py
[2022-05-19 19:24:05,517] {processor.py:161} INFO - Processing /usr/local/lib/python3.10/dist-packages/airflow/example_dags/plugins/workday.py took 0.019 seconds
[2022-05-19 19:24:39,427] {processor.py:153} INFO - Started process (PID=10030) to work on /usr/local/lib/python3.10/dist-packages/airflow/example_dags/plugins/workday.py
[2022-05-19 19:24:39,428] {processor.py:641} INFO - Processing file /usr/local/lib/python3.10/dist-packages/airflow/example_dags/plugins/workday.py for tasks to queue
[2022-05-19 19:24:39,429] {logging_mixin.py:115} INFO - [2022-05-19 19:24:39,429] {dagbag.py:507} INFO - Filling up the DagBag from /usr/local/lib/python3.10/dist-packages/airflow/example_dags/plugins/workday.py
[2022-05-19 19:24:39,431] {processor.py:653} WARNING - No viable dags retrieved from /usr/local/lib/python3.10/dist-packages/airflow/example_dags/plugins/workday.py
[2022-05-19 19:24:39,445] {processor.py:161} INFO - Processing /usr/local/lib/python3.10/dist-packages/airflow/example_dags/plugins/workday.py took 0.021 seconds
[2022-05-19 19:25:17,111] {processor.py:153} INFO - Started process (PID=10074) to work on /usr/local/lib/python3.10/dist-packages/airflow/example_dags/plugins/workday.py
[2022-05-19 19:25:17,112] {processor.py:641} INFO - Processing file /usr/local/lib/python3.10/dist-packages/airflow/example_dags/plugins/workday.py for tasks to queue
[2022-05-19 19:25:17,112] {logging_mixin.py:115} INFO - [2022-05-19 19:25:17,112] {dagbag.py:507} INFO - Filling up the DagBag from /usr/local/lib/python3.10/dist-packages/airflow/example_dags/plugins/workday.py
[2022-05-19 19:25:17,114] {processor.py:653} WARNING - No viable dags retrieved from /usr/local/lib/python3.10/dist-packages/airflow/example_dags/plugins/workday.py
[2022-05-19 19:25:17,126] {processor.py:161} INFO - Processing /usr/local/lib/python3.10/dist-packages/airflow/example_dags/plugins/workday.py took 0.018 seconds
[2022-05-19 19:25:56,337] {processor.py:153} INFO - Started process (PID=10145) to work on /usr/local/lib/python3.10/dist-packages/airflow/example_dags/plugins/workday.py
[2022-05-19 19:25:56,338] {processor.py:641} INFO - Processing file /usr/local/lib/python3.10/dist-packages/airflow/example_dags/plugins/workday.py for tasks to queue
[2022-05-19 19:25:56,339] {logging_mixin.py:115} INFO - [2022-05-19 19:25:56,339] {dagbag.py:507} INFO - Filling up the DagBag from /usr/local/lib/python3.10/dist-packages/airflow/example_dags/plugins/workday.py
[2022-05-19 19:25:56,341] {processor.py:653} WARNING - No viable dags retrieved from /usr/local/lib/python3.10/dist-packages/airflow/example_dags/plugins/workday.py
[2022-05-19 19:25:56,353] {processor.py:161} INFO - Processing /usr/local/lib/python3.10/dist-packages/airflow/example_dags/plugins/workday.py took 0.019 seconds
[2022-05-19 19:26:28,390] {processor.py:153} INFO - Started process (PID=10194) to work on /usr/local/lib/python3.10/dist-packages/airflow/example_dags/plugins/workday.py
[2022-05-19 19:26:28,390] {processor.py:641} INFO - Processing file /usr/local/lib/python3.10/dist-packages/airflow/example_dags/plugins/workday.py for tasks to queue
[2022-05-19 19:26:28,391] {logging_mixin.py:115} INFO - [2022-05-19 19:26:28,391] {dagbag.py:507} INFO - Filling up the DagBag from /usr/local/lib/python3.10/dist-packages/airflow/example_dags/plugins/workday.py
[2022-05-19 19:26:28,393] {processor.py:653} WARNING - No viable dags retrieved from /usr/local/lib/python3.10/dist-packages/airflow/example_dags/plugins/workday.py
[2022-05-19 19:26:28,404] {processor.py:161} INFO - Processing /usr/local/lib/python3.10/dist-packages/airflow/example_dags/plugins/workday.py took 0.018 seconds
[2022-05-19 19:27:02,650] {processor.py:153} INFO - Started process (PID=10246) to work on /usr/local/lib/python3.10/dist-packages/airflow/example_dags/plugins/workday.py
[2022-05-19 19:27:02,651] {processor.py:641} INFO - Processing file /usr/local/lib/python3.10/dist-packages/airflow/example_dags/plugins/workday.py for tasks to queue
[2022-05-19 19:27:02,651] {logging_mixin.py:115} INFO - [2022-05-19 19:27:02,651] {dagbag.py:507} INFO - Filling up the DagBag from /usr/local/lib/python3.10/dist-packages/airflow/example_dags/plugins/workday.py
[2022-05-19 19:27:02,653] {processor.py:653} WARNING - No viable dags retrieved from /usr/local/lib/python3.10/dist-packages/airflow/example_dags/plugins/workday.py
[2022-05-19 19:27:02,665] {processor.py:161} INFO - Processing /usr/local/lib/python3.10/dist-packages/airflow/example_dags/plugins/workday.py took 0.018 seconds
[2022-05-19 19:27:37,871] {processor.py:153} INFO - Started process (PID=10296) to work on /usr/local/lib/python3.10/dist-packages/airflow/example_dags/plugins/workday.py
[2022-05-19 19:27:37,872] {processor.py:641} INFO - Processing file /usr/local/lib/python3.10/dist-packages/airflow/example_dags/plugins/workday.py for tasks to queue
[2022-05-19 19:27:37,872] {logging_mixin.py:115} INFO - [2022-05-19 19:27:37,872] {dagbag.py:507} INFO - Filling up the DagBag from /usr/local/lib/python3.10/dist-packages/airflow/example_dags/plugins/workday.py
[2022-05-19 19:27:37,874] {processor.py:653} WARNING - No viable dags retrieved from /usr/local/lib/python3.10/dist-packages/airflow/example_dags/plugins/workday.py
[2022-05-19 19:27:37,886] {processor.py:161} INFO - Processing /usr/local/lib/python3.10/dist-packages/airflow/example_dags/plugins/workday.py took 0.019 seconds
[2022-05-19 19:28:10,839] {processor.py:153} INFO - Started process (PID=10333) to work on /usr/local/lib/python3.10/dist-packages/airflow/example_dags/plugins/workday.py
[2022-05-19 19:28:10,840] {processor.py:641} INFO - Processing file /usr/local/lib/python3.10/dist-packages/airflow/example_dags/plugins/workday.py for tasks to queue
[2022-05-19 19:28:10,840] {logging_mixin.py:115} INFO - [2022-05-19 19:28:10,840] {dagbag.py:507} INFO - Filling up the DagBag from /usr/local/lib/python3.10/dist-packages/airflow/example_dags/plugins/workday.py
[2022-05-19 19:28:10,842] {processor.py:653} WARNING - No viable dags retrieved from /usr/local/lib/python3.10/dist-packages/airflow/example_dags/plugins/workday.py
[2022-05-19 19:28:10,854] {processor.py:161} INFO - Processing /usr/local/lib/python3.10/dist-packages/airflow/example_dags/plugins/workday.py took 0.019 seconds
[2022-05-19 19:28:44,129] {processor.py:153} INFO - Started process (PID=10372) to work on /usr/local/lib/python3.10/dist-packages/airflow/example_dags/plugins/workday.py
[2022-05-19 19:28:44,130] {processor.py:641} INFO - Processing file /usr/local/lib/python3.10/dist-packages/airflow/example_dags/plugins/workday.py for tasks to queue
[2022-05-19 19:28:44,130] {logging_mixin.py:115} INFO - [2022-05-19 19:28:44,130] {dagbag.py:507} INFO - Filling up the DagBag from /usr/local/lib/python3.10/dist-packages/airflow/example_dags/plugins/workday.py
[2022-05-19 19:28:44,132] {processor.py:653} WARNING - No viable dags retrieved from /usr/local/lib/python3.10/dist-packages/airflow/example_dags/plugins/workday.py
[2022-05-19 19:28:44,144] {processor.py:161} INFO - Processing /usr/local/lib/python3.10/dist-packages/airflow/example_dags/plugins/workday.py took 0.018 seconds
[2022-05-19 19:29:23,159] {processor.py:153} INFO - Started process (PID=10430) to work on /usr/local/lib/python3.10/dist-packages/airflow/example_dags/plugins/workday.py
[2022-05-19 19:29:23,160] {processor.py:641} INFO - Processing file /usr/local/lib/python3.10/dist-packages/airflow/example_dags/plugins/workday.py for tasks to queue
[2022-05-19 19:29:23,160] {logging_mixin.py:115} INFO - [2022-05-19 19:29:23,160] {dagbag.py:507} INFO - Filling up the DagBag from /usr/local/lib/python3.10/dist-packages/airflow/example_dags/plugins/workday.py
[2022-05-19 19:29:23,162] {processor.py:653} WARNING - No viable dags retrieved from /usr/local/lib/python3.10/dist-packages/airflow/example_dags/plugins/workday.py
[2022-05-19 19:29:23,174] {processor.py:161} INFO - Processing /usr/local/lib/python3.10/dist-packages/airflow/example_dags/plugins/workday.py took 0.018 seconds
[2022-05-19 19:29:55,229] {processor.py:153} INFO - Started process (PID=10513) to work on /usr/local/lib/python3.10/dist-packages/airflow/example_dags/plugins/workday.py
[2022-05-19 19:29:55,230] {processor.py:641} INFO - Processing file /usr/local/lib/python3.10/dist-packages/airflow/example_dags/plugins/workday.py for tasks to queue
[2022-05-19 19:29:55,230] {logging_mixin.py:115} INFO - [2022-05-19 19:29:55,230] {dagbag.py:507} INFO - Filling up the DagBag from /usr/local/lib/python3.10/dist-packages/airflow/example_dags/plugins/workday.py
[2022-05-19 19:29:55,232] {processor.py:653} WARNING - No viable dags retrieved from /usr/local/lib/python3.10/dist-packages/airflow/example_dags/plugins/workday.py
[2022-05-19 19:29:55,245] {processor.py:161} INFO - Processing /usr/local/lib/python3.10/dist-packages/airflow/example_dags/plugins/workday.py took 0.019 seconds
[2022-05-19 19:30:28,114] {processor.py:153} INFO - Started process (PID=10725) to work on /usr/local/lib/python3.10/dist-packages/airflow/example_dags/plugins/workday.py
[2022-05-19 19:30:28,114] {processor.py:641} INFO - Processing file /usr/local/lib/python3.10/dist-packages/airflow/example_dags/plugins/workday.py for tasks to queue
[2022-05-19 19:30:28,115] {logging_mixin.py:115} INFO - [2022-05-19 19:30:28,115] {dagbag.py:507} INFO - Filling up the DagBag from /usr/local/lib/python3.10/dist-packages/airflow/example_dags/plugins/workday.py
[2022-05-19 19:30:28,116] {processor.py:653} WARNING - No viable dags retrieved from /usr/local/lib/python3.10/dist-packages/airflow/example_dags/plugins/workday.py
[2022-05-19 19:30:28,126] {processor.py:161} INFO - Processing /usr/local/lib/python3.10/dist-packages/airflow/example_dags/plugins/workday.py took 0.014 seconds
[2022-05-19 19:31:04,806] {processor.py:153} INFO - Started process (PID=10867) to work on /usr/local/lib/python3.10/dist-packages/airflow/example_dags/plugins/workday.py
[2022-05-19 19:31:04,807] {processor.py:641} INFO - Processing file /usr/local/lib/python3.10/dist-packages/airflow/example_dags/plugins/workday.py for tasks to queue
[2022-05-19 19:31:04,807] {logging_mixin.py:115} INFO - [2022-05-19 19:31:04,807] {dagbag.py:507} INFO - Filling up the DagBag from /usr/local/lib/python3.10/dist-packages/airflow/example_dags/plugins/workday.py
[2022-05-19 19:31:04,809] {processor.py:653} WARNING - No viable dags retrieved from /usr/local/lib/python3.10/dist-packages/airflow/example_dags/plugins/workday.py
[2022-05-19 19:31:04,820] {processor.py:161} INFO - Processing /usr/local/lib/python3.10/dist-packages/airflow/example_dags/plugins/workday.py took 0.017 seconds
[2022-05-19 19:31:36,463] {processor.py:153} INFO - Started process (PID=10904) to work on /usr/local/lib/python3.10/dist-packages/airflow/example_dags/plugins/workday.py
[2022-05-19 19:31:36,464] {processor.py:641} INFO - Processing file /usr/local/lib/python3.10/dist-packages/airflow/example_dags/plugins/workday.py for tasks to queue
[2022-05-19 19:31:36,464] {logging_mixin.py:115} INFO - [2022-05-19 19:31:36,464] {dagbag.py:507} INFO - Filling up the DagBag from /usr/local/lib/python3.10/dist-packages/airflow/example_dags/plugins/workday.py
[2022-05-19 19:31:36,466] {processor.py:653} WARNING - No viable dags retrieved from /usr/local/lib/python3.10/dist-packages/airflow/example_dags/plugins/workday.py
[2022-05-19 19:31:36,475] {processor.py:161} INFO - Processing /usr/local/lib/python3.10/dist-packages/airflow/example_dags/plugins/workday.py took 0.016 seconds
[2022-05-19 19:32:11,429] {processor.py:153} INFO - Started process (PID=11040) to work on /usr/local/lib/python3.10/dist-packages/airflow/example_dags/plugins/workday.py
[2022-05-19 19:32:11,430] {processor.py:641} INFO - Processing file /usr/local/lib/python3.10/dist-packages/airflow/example_dags/plugins/workday.py for tasks to queue
[2022-05-19 19:32:11,431] {logging_mixin.py:115} INFO - [2022-05-19 19:32:11,430] {dagbag.py:507} INFO - Filling up the DagBag from /usr/local/lib/python3.10/dist-packages/airflow/example_dags/plugins/workday.py
[2022-05-19 19:32:11,433] {processor.py:653} WARNING - No viable dags retrieved from /usr/local/lib/python3.10/dist-packages/airflow/example_dags/plugins/workday.py
[2022-05-19 19:32:11,444] {processor.py:161} INFO - Processing /usr/local/lib/python3.10/dist-packages/airflow/example_dags/plugins/workday.py took 0.018 seconds
[2022-05-19 19:32:44,898] {processor.py:153} INFO - Started process (PID=11108) to work on /usr/local/lib/python3.10/dist-packages/airflow/example_dags/plugins/workday.py
[2022-05-19 19:32:44,898] {processor.py:641} INFO - Processing file /usr/local/lib/python3.10/dist-packages/airflow/example_dags/plugins/workday.py for tasks to queue
[2022-05-19 19:32:44,899] {logging_mixin.py:115} INFO - [2022-05-19 19:32:44,899] {dagbag.py:507} INFO - Filling up the DagBag from /usr/local/lib/python3.10/dist-packages/airflow/example_dags/plugins/workday.py
[2022-05-19 19:32:44,901] {processor.py:653} WARNING - No viable dags retrieved from /usr/local/lib/python3.10/dist-packages/airflow/example_dags/plugins/workday.py
[2022-05-19 19:32:44,912] {processor.py:161} INFO - Processing /usr/local/lib/python3.10/dist-packages/airflow/example_dags/plugins/workday.py took 0.017 seconds
[2022-05-19 19:33:17,417] {processor.py:153} INFO - Started process (PID=11144) to work on /usr/local/lib/python3.10/dist-packages/airflow/example_dags/plugins/workday.py
[2022-05-19 19:33:17,418] {processor.py:641} INFO - Processing file /usr/local/lib/python3.10/dist-packages/airflow/example_dags/plugins/workday.py for tasks to queue
[2022-05-19 19:33:17,419] {logging_mixin.py:115} INFO - [2022-05-19 19:33:17,419] {dagbag.py:507} INFO - Filling up the DagBag from /usr/local/lib/python3.10/dist-packages/airflow/example_dags/plugins/workday.py
[2022-05-19 19:33:17,421] {processor.py:653} WARNING - No viable dags retrieved from /usr/local/lib/python3.10/dist-packages/airflow/example_dags/plugins/workday.py
[2022-05-19 19:33:17,433] {processor.py:161} INFO - Processing /usr/local/lib/python3.10/dist-packages/airflow/example_dags/plugins/workday.py took 0.018 seconds
[2022-05-19 19:33:55,031] {processor.py:153} INFO - Started process (PID=11184) to work on /usr/local/lib/python3.10/dist-packages/airflow/example_dags/plugins/workday.py
[2022-05-19 19:33:55,031] {processor.py:641} INFO - Processing file /usr/local/lib/python3.10/dist-packages/airflow/example_dags/plugins/workday.py for tasks to queue
[2022-05-19 19:33:55,032] {logging_mixin.py:115} INFO - [2022-05-19 19:33:55,032] {dagbag.py:507} INFO - Filling up the DagBag from /usr/local/lib/python3.10/dist-packages/airflow/example_dags/plugins/workday.py
[2022-05-19 19:33:55,034] {processor.py:653} WARNING - No viable dags retrieved from /usr/local/lib/python3.10/dist-packages/airflow/example_dags/plugins/workday.py
[2022-05-19 19:33:55,045] {processor.py:161} INFO - Processing /usr/local/lib/python3.10/dist-packages/airflow/example_dags/plugins/workday.py took 0.018 seconds
[2022-05-19 19:34:31,278] {processor.py:153} INFO - Started process (PID=11288) to work on /usr/local/lib/python3.10/dist-packages/airflow/example_dags/plugins/workday.py
[2022-05-19 19:34:31,279] {processor.py:641} INFO - Processing file /usr/local/lib/python3.10/dist-packages/airflow/example_dags/plugins/workday.py for tasks to queue
[2022-05-19 19:34:31,279] {logging_mixin.py:115} INFO - [2022-05-19 19:34:31,279] {dagbag.py:507} INFO - Filling up the DagBag from /usr/local/lib/python3.10/dist-packages/airflow/example_dags/plugins/workday.py
[2022-05-19 19:34:31,281] {processor.py:653} WARNING - No viable dags retrieved from /usr/local/lib/python3.10/dist-packages/airflow/example_dags/plugins/workday.py
[2022-05-19 19:34:31,293] {processor.py:161} INFO - Processing /usr/local/lib/python3.10/dist-packages/airflow/example_dags/plugins/workday.py took 0.018 seconds
[2022-05-19 19:35:10,079] {processor.py:153} INFO - Started process (PID=11485) to work on /usr/local/lib/python3.10/dist-packages/airflow/example_dags/plugins/workday.py
[2022-05-19 19:35:10,079] {processor.py:641} INFO - Processing file /usr/local/lib/python3.10/dist-packages/airflow/example_dags/plugins/workday.py for tasks to queue
[2022-05-19 19:35:10,080] {logging_mixin.py:115} INFO - [2022-05-19 19:35:10,080] {dagbag.py:507} INFO - Filling up the DagBag from /usr/local/lib/python3.10/dist-packages/airflow/example_dags/plugins/workday.py
[2022-05-19 19:35:10,082] {processor.py:653} WARNING - No viable dags retrieved from /usr/local/lib/python3.10/dist-packages/airflow/example_dags/plugins/workday.py
[2022-05-19 19:35:10,093] {processor.py:161} INFO - Processing /usr/local/lib/python3.10/dist-packages/airflow/example_dags/plugins/workday.py took 0.018 seconds
[2022-05-19 19:35:42,070] {processor.py:153} INFO - Started process (PID=11546) to work on /usr/local/lib/python3.10/dist-packages/airflow/example_dags/plugins/workday.py
[2022-05-19 19:35:42,071] {processor.py:641} INFO - Processing file /usr/local/lib/python3.10/dist-packages/airflow/example_dags/plugins/workday.py for tasks to queue
[2022-05-19 19:35:42,071] {logging_mixin.py:115} INFO - [2022-05-19 19:35:42,071] {dagbag.py:507} INFO - Filling up the DagBag from /usr/local/lib/python3.10/dist-packages/airflow/example_dags/plugins/workday.py
[2022-05-19 19:35:42,073] {processor.py:653} WARNING - No viable dags retrieved from /usr/local/lib/python3.10/dist-packages/airflow/example_dags/plugins/workday.py
[2022-05-19 19:35:42,085] {processor.py:161} INFO - Processing /usr/local/lib/python3.10/dist-packages/airflow/example_dags/plugins/workday.py took 0.018 seconds
[2022-05-19 19:36:14,874] {processor.py:153} INFO - Started process (PID=11649) to work on /usr/local/lib/python3.10/dist-packages/airflow/example_dags/plugins/workday.py
[2022-05-19 19:36:14,875] {processor.py:641} INFO - Processing file /usr/local/lib/python3.10/dist-packages/airflow/example_dags/plugins/workday.py for tasks to queue
[2022-05-19 19:36:14,875] {logging_mixin.py:115} INFO - [2022-05-19 19:36:14,875] {dagbag.py:507} INFO - Filling up the DagBag from /usr/local/lib/python3.10/dist-packages/airflow/example_dags/plugins/workday.py
[2022-05-19 19:36:14,877] {processor.py:653} WARNING - No viable dags retrieved from /usr/local/lib/python3.10/dist-packages/airflow/example_dags/plugins/workday.py
[2022-05-19 19:36:14,889] {processor.py:161} INFO - Processing /usr/local/lib/python3.10/dist-packages/airflow/example_dags/plugins/workday.py took 0.018 seconds
[2022-05-19 19:36:53,441] {processor.py:153} INFO - Started process (PID=11696) to work on /usr/local/lib/python3.10/dist-packages/airflow/example_dags/plugins/workday.py
[2022-05-19 19:36:53,442] {processor.py:641} INFO - Processing file /usr/local/lib/python3.10/dist-packages/airflow/example_dags/plugins/workday.py for tasks to queue
[2022-05-19 19:36:53,443] {logging_mixin.py:115} INFO - [2022-05-19 19:36:53,443] {dagbag.py:507} INFO - Filling up the DagBag from /usr/local/lib/python3.10/dist-packages/airflow/example_dags/plugins/workday.py
[2022-05-19 19:36:53,445] {processor.py:653} WARNING - No viable dags retrieved from /usr/local/lib/python3.10/dist-packages/airflow/example_dags/plugins/workday.py
[2022-05-19 19:36:53,457] {processor.py:161} INFO - Processing /usr/local/lib/python3.10/dist-packages/airflow/example_dags/plugins/workday.py took 0.019 seconds
[2022-05-19 19:37:29,725] {processor.py:153} INFO - Started process (PID=11733) to work on /usr/local/lib/python3.10/dist-packages/airflow/example_dags/plugins/workday.py
[2022-05-19 19:37:29,726] {processor.py:641} INFO - Processing file /usr/local/lib/python3.10/dist-packages/airflow/example_dags/plugins/workday.py for tasks to queue
[2022-05-19 19:37:29,726] {logging_mixin.py:115} INFO - [2022-05-19 19:37:29,726] {dagbag.py:507} INFO - Filling up the DagBag from /usr/local/lib/python3.10/dist-packages/airflow/example_dags/plugins/workday.py
[2022-05-19 19:37:29,729] {processor.py:653} WARNING - No viable dags retrieved from /usr/local/lib/python3.10/dist-packages/airflow/example_dags/plugins/workday.py
[2022-05-19 19:37:29,741] {processor.py:161} INFO - Processing /usr/local/lib/python3.10/dist-packages/airflow/example_dags/plugins/workday.py took 0.019 seconds
[2022-05-19 19:38:09,862] {processor.py:153} INFO - Started process (PID=11778) to work on /usr/local/lib/python3.10/dist-packages/airflow/example_dags/plugins/workday.py
[2022-05-19 19:38:09,862] {processor.py:641} INFO - Processing file /usr/local/lib/python3.10/dist-packages/airflow/example_dags/plugins/workday.py for tasks to queue
[2022-05-19 19:38:09,863] {logging_mixin.py:115} INFO - [2022-05-19 19:38:09,863] {dagbag.py:507} INFO - Filling up the DagBag from /usr/local/lib/python3.10/dist-packages/airflow/example_dags/plugins/workday.py
[2022-05-19 19:38:09,865] {processor.py:653} WARNING - No viable dags retrieved from /usr/local/lib/python3.10/dist-packages/airflow/example_dags/plugins/workday.py
[2022-05-19 19:38:09,877] {processor.py:161} INFO - Processing /usr/local/lib/python3.10/dist-packages/airflow/example_dags/plugins/workday.py took 0.019 seconds
[2022-05-19 19:38:44,626] {processor.py:153} INFO - Started process (PID=11816) to work on /usr/local/lib/python3.10/dist-packages/airflow/example_dags/plugins/workday.py
[2022-05-19 19:38:44,627] {processor.py:641} INFO - Processing file /usr/local/lib/python3.10/dist-packages/airflow/example_dags/plugins/workday.py for tasks to queue
[2022-05-19 19:38:44,628] {logging_mixin.py:115} INFO - [2022-05-19 19:38:44,628] {dagbag.py:507} INFO - Filling up the DagBag from /usr/local/lib/python3.10/dist-packages/airflow/example_dags/plugins/workday.py
[2022-05-19 19:38:44,630] {processor.py:653} WARNING - No viable dags retrieved from /usr/local/lib/python3.10/dist-packages/airflow/example_dags/plugins/workday.py
[2022-05-19 19:38:44,641] {processor.py:161} INFO - Processing /usr/local/lib/python3.10/dist-packages/airflow/example_dags/plugins/workday.py took 0.018 seconds
[2022-05-19 19:39:22,541] {processor.py:153} INFO - Started process (PID=11862) to work on /usr/local/lib/python3.10/dist-packages/airflow/example_dags/plugins/workday.py
[2022-05-19 19:39:22,542] {processor.py:641} INFO - Processing file /usr/local/lib/python3.10/dist-packages/airflow/example_dags/plugins/workday.py for tasks to queue
[2022-05-19 19:39:22,543] {logging_mixin.py:115} INFO - [2022-05-19 19:39:22,543] {dagbag.py:507} INFO - Filling up the DagBag from /usr/local/lib/python3.10/dist-packages/airflow/example_dags/plugins/workday.py
[2022-05-19 19:39:22,545] {processor.py:653} WARNING - No viable dags retrieved from /usr/local/lib/python3.10/dist-packages/airflow/example_dags/plugins/workday.py
[2022-05-19 19:39:22,557] {processor.py:161} INFO - Processing /usr/local/lib/python3.10/dist-packages/airflow/example_dags/plugins/workday.py took 0.019 seconds
[2022-05-19 19:40:00,417] {processor.py:153} INFO - Started process (PID=11964) to work on /usr/local/lib/python3.10/dist-packages/airflow/example_dags/plugins/workday.py
[2022-05-19 19:40:00,418] {processor.py:641} INFO - Processing file /usr/local/lib/python3.10/dist-packages/airflow/example_dags/plugins/workday.py for tasks to queue
[2022-05-19 19:40:00,419] {logging_mixin.py:115} INFO - [2022-05-19 19:40:00,419] {dagbag.py:507} INFO - Filling up the DagBag from /usr/local/lib/python3.10/dist-packages/airflow/example_dags/plugins/workday.py
[2022-05-19 19:40:00,421] {processor.py:653} WARNING - No viable dags retrieved from /usr/local/lib/python3.10/dist-packages/airflow/example_dags/plugins/workday.py
[2022-05-19 19:40:00,432] {processor.py:161} INFO - Processing /usr/local/lib/python3.10/dist-packages/airflow/example_dags/plugins/workday.py took 0.017 seconds
[2022-05-19 19:40:36,779] {processor.py:153} INFO - Started process (PID=12198) to work on /usr/local/lib/python3.10/dist-packages/airflow/example_dags/plugins/workday.py
[2022-05-19 19:40:36,779] {processor.py:641} INFO - Processing file /usr/local/lib/python3.10/dist-packages/airflow/example_dags/plugins/workday.py for tasks to queue
[2022-05-19 19:40:36,780] {logging_mixin.py:115} INFO - [2022-05-19 19:40:36,780] {dagbag.py:507} INFO - Filling up the DagBag from /usr/local/lib/python3.10/dist-packages/airflow/example_dags/plugins/workday.py
[2022-05-19 19:40:36,782] {processor.py:653} WARNING - No viable dags retrieved from /usr/local/lib/python3.10/dist-packages/airflow/example_dags/plugins/workday.py
[2022-05-19 19:40:36,793] {processor.py:161} INFO - Processing /usr/local/lib/python3.10/dist-packages/airflow/example_dags/plugins/workday.py took 0.017 seconds
[2022-05-19 19:41:14,197] {processor.py:153} INFO - Started process (PID=12406) to work on /usr/local/lib/python3.10/dist-packages/airflow/example_dags/plugins/workday.py
[2022-05-19 19:41:14,198] {processor.py:641} INFO - Processing file /usr/local/lib/python3.10/dist-packages/airflow/example_dags/plugins/workday.py for tasks to queue
[2022-05-19 19:41:14,199] {logging_mixin.py:115} INFO - [2022-05-19 19:41:14,199] {dagbag.py:507} INFO - Filling up the DagBag from /usr/local/lib/python3.10/dist-packages/airflow/example_dags/plugins/workday.py
[2022-05-19 19:41:14,202] {processor.py:653} WARNING - No viable dags retrieved from /usr/local/lib/python3.10/dist-packages/airflow/example_dags/plugins/workday.py
[2022-05-19 19:41:14,214] {processor.py:161} INFO - Processing /usr/local/lib/python3.10/dist-packages/airflow/example_dags/plugins/workday.py took 0.020 seconds
[2022-05-19 19:41:53,309] {processor.py:153} INFO - Started process (PID=12568) to work on /usr/local/lib/python3.10/dist-packages/airflow/example_dags/plugins/workday.py
[2022-05-19 19:41:53,310] {processor.py:641} INFO - Processing file /usr/local/lib/python3.10/dist-packages/airflow/example_dags/plugins/workday.py for tasks to queue
[2022-05-19 19:41:53,310] {logging_mixin.py:115} INFO - [2022-05-19 19:41:53,310] {dagbag.py:507} INFO - Filling up the DagBag from /usr/local/lib/python3.10/dist-packages/airflow/example_dags/plugins/workday.py
[2022-05-19 19:41:53,313] {processor.py:653} WARNING - No viable dags retrieved from /usr/local/lib/python3.10/dist-packages/airflow/example_dags/plugins/workday.py
[2022-05-19 19:41:53,325] {processor.py:161} INFO - Processing /usr/local/lib/python3.10/dist-packages/airflow/example_dags/plugins/workday.py took 0.019 seconds
[2022-05-19 19:42:25,265] {processor.py:153} INFO - Started process (PID=12785) to work on /usr/local/lib/python3.10/dist-packages/airflow/example_dags/plugins/workday.py
[2022-05-19 19:42:25,265] {processor.py:641} INFO - Processing file /usr/local/lib/python3.10/dist-packages/airflow/example_dags/plugins/workday.py for tasks to queue
[2022-05-19 19:42:25,266] {logging_mixin.py:115} INFO - [2022-05-19 19:42:25,266] {dagbag.py:507} INFO - Filling up the DagBag from /usr/local/lib/python3.10/dist-packages/airflow/example_dags/plugins/workday.py
[2022-05-19 19:42:25,268] {processor.py:653} WARNING - No viable dags retrieved from /usr/local/lib/python3.10/dist-packages/airflow/example_dags/plugins/workday.py
[2022-05-19 19:42:25,279] {processor.py:161} INFO - Processing /usr/local/lib/python3.10/dist-packages/airflow/example_dags/plugins/workday.py took 0.017 seconds
[2022-05-19 19:43:02,328] {processor.py:153} INFO - Started process (PID=12908) to work on /usr/local/lib/python3.10/dist-packages/airflow/example_dags/plugins/workday.py
[2022-05-19 19:43:02,329] {processor.py:641} INFO - Processing file /usr/local/lib/python3.10/dist-packages/airflow/example_dags/plugins/workday.py for tasks to queue
[2022-05-19 19:43:02,330] {logging_mixin.py:115} INFO - [2022-05-19 19:43:02,329] {dagbag.py:507} INFO - Filling up the DagBag from /usr/local/lib/python3.10/dist-packages/airflow/example_dags/plugins/workday.py
[2022-05-19 19:43:02,332] {processor.py:653} WARNING - No viable dags retrieved from /usr/local/lib/python3.10/dist-packages/airflow/example_dags/plugins/workday.py
[2022-05-19 19:43:02,348] {processor.py:161} INFO - Processing /usr/local/lib/python3.10/dist-packages/airflow/example_dags/plugins/workday.py took 0.025 seconds
[2022-05-19 19:43:41,866] {processor.py:153} INFO - Started process (PID=12948) to work on /usr/local/lib/python3.10/dist-packages/airflow/example_dags/plugins/workday.py
[2022-05-19 19:43:41,866] {processor.py:641} INFO - Processing file /usr/local/lib/python3.10/dist-packages/airflow/example_dags/plugins/workday.py for tasks to queue
[2022-05-19 19:43:41,867] {logging_mixin.py:115} INFO - [2022-05-19 19:43:41,867] {dagbag.py:507} INFO - Filling up the DagBag from /usr/local/lib/python3.10/dist-packages/airflow/example_dags/plugins/workday.py
[2022-05-19 19:43:41,869] {processor.py:653} WARNING - No viable dags retrieved from /usr/local/lib/python3.10/dist-packages/airflow/example_dags/plugins/workday.py
[2022-05-19 19:43:41,881] {processor.py:161} INFO - Processing /usr/local/lib/python3.10/dist-packages/airflow/example_dags/plugins/workday.py took 0.018 seconds
[2022-05-19 19:44:19,154] {processor.py:153} INFO - Started process (PID=12996) to work on /usr/local/lib/python3.10/dist-packages/airflow/example_dags/plugins/workday.py
[2022-05-19 19:44:19,155] {processor.py:641} INFO - Processing file /usr/local/lib/python3.10/dist-packages/airflow/example_dags/plugins/workday.py for tasks to queue
[2022-05-19 19:44:19,155] {logging_mixin.py:115} INFO - [2022-05-19 19:44:19,155] {dagbag.py:507} INFO - Filling up the DagBag from /usr/local/lib/python3.10/dist-packages/airflow/example_dags/plugins/workday.py
[2022-05-19 19:44:19,158] {processor.py:653} WARNING - No viable dags retrieved from /usr/local/lib/python3.10/dist-packages/airflow/example_dags/plugins/workday.py
[2022-05-19 19:44:19,170] {processor.py:161} INFO - Processing /usr/local/lib/python3.10/dist-packages/airflow/example_dags/plugins/workday.py took 0.019 seconds
[2022-05-19 19:44:56,915] {processor.py:153} INFO - Started process (PID=13039) to work on /usr/local/lib/python3.10/dist-packages/airflow/example_dags/plugins/workday.py
[2022-05-19 19:44:56,915] {processor.py:641} INFO - Processing file /usr/local/lib/python3.10/dist-packages/airflow/example_dags/plugins/workday.py for tasks to queue
[2022-05-19 19:44:56,916] {logging_mixin.py:115} INFO - [2022-05-19 19:44:56,916] {dagbag.py:507} INFO - Filling up the DagBag from /usr/local/lib/python3.10/dist-packages/airflow/example_dags/plugins/workday.py
[2022-05-19 19:44:56,918] {processor.py:653} WARNING - No viable dags retrieved from /usr/local/lib/python3.10/dist-packages/airflow/example_dags/plugins/workday.py
[2022-05-19 19:44:56,930] {processor.py:161} INFO - Processing /usr/local/lib/python3.10/dist-packages/airflow/example_dags/plugins/workday.py took 0.018 seconds
[2022-05-19 19:45:31,313] {processor.py:153} INFO - Started process (PID=13102) to work on /usr/local/lib/python3.10/dist-packages/airflow/example_dags/plugins/workday.py
[2022-05-19 19:45:31,314] {processor.py:641} INFO - Processing file /usr/local/lib/python3.10/dist-packages/airflow/example_dags/plugins/workday.py for tasks to queue
[2022-05-19 19:45:31,314] {logging_mixin.py:115} INFO - [2022-05-19 19:45:31,314] {dagbag.py:507} INFO - Filling up the DagBag from /usr/local/lib/python3.10/dist-packages/airflow/example_dags/plugins/workday.py
[2022-05-19 19:45:31,316] {processor.py:653} WARNING - No viable dags retrieved from /usr/local/lib/python3.10/dist-packages/airflow/example_dags/plugins/workday.py
[2022-05-19 19:45:31,329] {processor.py:161} INFO - Processing /usr/local/lib/python3.10/dist-packages/airflow/example_dags/plugins/workday.py took 0.019 seconds
[2022-05-19 19:46:06,731] {processor.py:153} INFO - Started process (PID=13144) to work on /usr/local/lib/python3.10/dist-packages/airflow/example_dags/plugins/workday.py
[2022-05-19 19:46:06,732] {processor.py:641} INFO - Processing file /usr/local/lib/python3.10/dist-packages/airflow/example_dags/plugins/workday.py for tasks to queue
[2022-05-19 19:46:06,732] {logging_mixin.py:115} INFO - [2022-05-19 19:46:06,732] {dagbag.py:507} INFO - Filling up the DagBag from /usr/local/lib/python3.10/dist-packages/airflow/example_dags/plugins/workday.py
[2022-05-19 19:46:06,734] {processor.py:653} WARNING - No viable dags retrieved from /usr/local/lib/python3.10/dist-packages/airflow/example_dags/plugins/workday.py
[2022-05-19 19:46:06,746] {processor.py:161} INFO - Processing /usr/local/lib/python3.10/dist-packages/airflow/example_dags/plugins/workday.py took 0.019 seconds
[2022-05-19 19:46:44,112] {processor.py:153} INFO - Started process (PID=13186) to work on /usr/local/lib/python3.10/dist-packages/airflow/example_dags/plugins/workday.py
[2022-05-19 19:46:44,113] {processor.py:641} INFO - Processing file /usr/local/lib/python3.10/dist-packages/airflow/example_dags/plugins/workday.py for tasks to queue
[2022-05-19 19:46:44,114] {logging_mixin.py:115} INFO - [2022-05-19 19:46:44,114] {dagbag.py:507} INFO - Filling up the DagBag from /usr/local/lib/python3.10/dist-packages/airflow/example_dags/plugins/workday.py
[2022-05-19 19:46:44,116] {processor.py:653} WARNING - No viable dags retrieved from /usr/local/lib/python3.10/dist-packages/airflow/example_dags/plugins/workday.py
[2022-05-19 19:46:44,125] {processor.py:161} INFO - Processing /usr/local/lib/python3.10/dist-packages/airflow/example_dags/plugins/workday.py took 0.016 seconds
[2022-05-19 19:47:18,379] {processor.py:153} INFO - Started process (PID=13227) to work on /usr/local/lib/python3.10/dist-packages/airflow/example_dags/plugins/workday.py
[2022-05-19 19:47:18,379] {processor.py:641} INFO - Processing file /usr/local/lib/python3.10/dist-packages/airflow/example_dags/plugins/workday.py for tasks to queue
[2022-05-19 19:47:18,380] {logging_mixin.py:115} INFO - [2022-05-19 19:47:18,380] {dagbag.py:507} INFO - Filling up the DagBag from /usr/local/lib/python3.10/dist-packages/airflow/example_dags/plugins/workday.py
[2022-05-19 19:47:18,382] {processor.py:653} WARNING - No viable dags retrieved from /usr/local/lib/python3.10/dist-packages/airflow/example_dags/plugins/workday.py
[2022-05-19 19:47:18,393] {processor.py:161} INFO - Processing /usr/local/lib/python3.10/dist-packages/airflow/example_dags/plugins/workday.py took 0.017 seconds
[2022-05-19 19:47:54,281] {processor.py:153} INFO - Started process (PID=13263) to work on /usr/local/lib/python3.10/dist-packages/airflow/example_dags/plugins/workday.py
[2022-05-19 19:47:54,282] {processor.py:641} INFO - Processing file /usr/local/lib/python3.10/dist-packages/airflow/example_dags/plugins/workday.py for tasks to queue
[2022-05-19 19:47:54,282] {logging_mixin.py:115} INFO - [2022-05-19 19:47:54,282] {dagbag.py:507} INFO - Filling up the DagBag from /usr/local/lib/python3.10/dist-packages/airflow/example_dags/plugins/workday.py
[2022-05-19 19:47:54,285] {processor.py:653} WARNING - No viable dags retrieved from /usr/local/lib/python3.10/dist-packages/airflow/example_dags/plugins/workday.py
[2022-05-19 19:47:54,296] {processor.py:161} INFO - Processing /usr/local/lib/python3.10/dist-packages/airflow/example_dags/plugins/workday.py took 0.018 seconds
[2022-05-19 19:48:26,439] {processor.py:153} INFO - Started process (PID=13300) to work on /usr/local/lib/python3.10/dist-packages/airflow/example_dags/plugins/workday.py
[2022-05-19 19:48:26,439] {processor.py:641} INFO - Processing file /usr/local/lib/python3.10/dist-packages/airflow/example_dags/plugins/workday.py for tasks to queue
[2022-05-19 19:48:26,440] {logging_mixin.py:115} INFO - [2022-05-19 19:48:26,440] {dagbag.py:507} INFO - Filling up the DagBag from /usr/local/lib/python3.10/dist-packages/airflow/example_dags/plugins/workday.py
[2022-05-19 19:48:26,442] {processor.py:653} WARNING - No viable dags retrieved from /usr/local/lib/python3.10/dist-packages/airflow/example_dags/plugins/workday.py
[2022-05-19 19:48:26,453] {processor.py:161} INFO - Processing /usr/local/lib/python3.10/dist-packages/airflow/example_dags/plugins/workday.py took 0.018 seconds
[2022-05-19 19:49:04,986] {processor.py:153} INFO - Started process (PID=13346) to work on /usr/local/lib/python3.10/dist-packages/airflow/example_dags/plugins/workday.py
[2022-05-19 19:49:04,987] {processor.py:641} INFO - Processing file /usr/local/lib/python3.10/dist-packages/airflow/example_dags/plugins/workday.py for tasks to queue
[2022-05-19 19:49:04,987] {logging_mixin.py:115} INFO - [2022-05-19 19:49:04,987] {dagbag.py:507} INFO - Filling up the DagBag from /usr/local/lib/python3.10/dist-packages/airflow/example_dags/plugins/workday.py
[2022-05-19 19:49:04,989] {processor.py:653} WARNING - No viable dags retrieved from /usr/local/lib/python3.10/dist-packages/airflow/example_dags/plugins/workday.py
[2022-05-19 19:49:05,001] {processor.py:161} INFO - Processing /usr/local/lib/python3.10/dist-packages/airflow/example_dags/plugins/workday.py took 0.019 seconds
[2022-05-19 19:49:45,034] {processor.py:153} INFO - Started process (PID=13388) to work on /usr/local/lib/python3.10/dist-packages/airflow/example_dags/plugins/workday.py
[2022-05-19 19:49:45,035] {processor.py:641} INFO - Processing file /usr/local/lib/python3.10/dist-packages/airflow/example_dags/plugins/workday.py for tasks to queue
[2022-05-19 19:49:45,036] {logging_mixin.py:115} INFO - [2022-05-19 19:49:45,036] {dagbag.py:507} INFO - Filling up the DagBag from /usr/local/lib/python3.10/dist-packages/airflow/example_dags/plugins/workday.py
[2022-05-19 19:49:45,038] {processor.py:653} WARNING - No viable dags retrieved from /usr/local/lib/python3.10/dist-packages/airflow/example_dags/plugins/workday.py
[2022-05-19 19:49:45,049] {processor.py:161} INFO - Processing /usr/local/lib/python3.10/dist-packages/airflow/example_dags/plugins/workday.py took 0.018 seconds
[2022-05-19 19:50:21,223] {processor.py:153} INFO - Started process (PID=13430) to work on /usr/local/lib/python3.10/dist-packages/airflow/example_dags/plugins/workday.py
[2022-05-19 19:50:21,223] {processor.py:641} INFO - Processing file /usr/local/lib/python3.10/dist-packages/airflow/example_dags/plugins/workday.py for tasks to queue
[2022-05-19 19:50:21,224] {logging_mixin.py:115} INFO - [2022-05-19 19:50:21,224] {dagbag.py:507} INFO - Filling up the DagBag from /usr/local/lib/python3.10/dist-packages/airflow/example_dags/plugins/workday.py
[2022-05-19 19:50:21,225] {processor.py:653} WARNING - No viable dags retrieved from /usr/local/lib/python3.10/dist-packages/airflow/example_dags/plugins/workday.py
[2022-05-19 19:50:21,235] {processor.py:161} INFO - Processing /usr/local/lib/python3.10/dist-packages/airflow/example_dags/plugins/workday.py took 0.014 seconds
[2022-05-19 19:51:01,381] {processor.py:153} INFO - Started process (PID=13548) to work on /usr/local/lib/python3.10/dist-packages/airflow/example_dags/plugins/workday.py
[2022-05-19 19:51:01,382] {processor.py:641} INFO - Processing file /usr/local/lib/python3.10/dist-packages/airflow/example_dags/plugins/workday.py for tasks to queue
[2022-05-19 19:51:01,382] {logging_mixin.py:115} INFO - [2022-05-19 19:51:01,382] {dagbag.py:507} INFO - Filling up the DagBag from /usr/local/lib/python3.10/dist-packages/airflow/example_dags/plugins/workday.py
[2022-05-19 19:51:01,384] {processor.py:653} WARNING - No viable dags retrieved from /usr/local/lib/python3.10/dist-packages/airflow/example_dags/plugins/workday.py
[2022-05-19 19:51:01,396] {processor.py:161} INFO - Processing /usr/local/lib/python3.10/dist-packages/airflow/example_dags/plugins/workday.py took 0.018 seconds
[2022-05-19 19:51:35,122] {processor.py:153} INFO - Started process (PID=13584) to work on /usr/local/lib/python3.10/dist-packages/airflow/example_dags/plugins/workday.py
[2022-05-19 19:51:35,123] {processor.py:641} INFO - Processing file /usr/local/lib/python3.10/dist-packages/airflow/example_dags/plugins/workday.py for tasks to queue
[2022-05-19 19:51:35,123] {logging_mixin.py:115} INFO - [2022-05-19 19:51:35,123] {dagbag.py:507} INFO - Filling up the DagBag from /usr/local/lib/python3.10/dist-packages/airflow/example_dags/plugins/workday.py
[2022-05-19 19:51:35,125] {processor.py:653} WARNING - No viable dags retrieved from /usr/local/lib/python3.10/dist-packages/airflow/example_dags/plugins/workday.py
[2022-05-19 19:51:35,137] {processor.py:161} INFO - Processing /usr/local/lib/python3.10/dist-packages/airflow/example_dags/plugins/workday.py took 0.018 seconds
[2022-05-19 19:52:11,477] {processor.py:153} INFO - Started process (PID=13624) to work on /usr/local/lib/python3.10/dist-packages/airflow/example_dags/plugins/workday.py
[2022-05-19 19:52:11,478] {processor.py:641} INFO - Processing file /usr/local/lib/python3.10/dist-packages/airflow/example_dags/plugins/workday.py for tasks to queue
[2022-05-19 19:52:11,479] {logging_mixin.py:115} INFO - [2022-05-19 19:52:11,479] {dagbag.py:507} INFO - Filling up the DagBag from /usr/local/lib/python3.10/dist-packages/airflow/example_dags/plugins/workday.py
[2022-05-19 19:52:11,481] {processor.py:653} WARNING - No viable dags retrieved from /usr/local/lib/python3.10/dist-packages/airflow/example_dags/plugins/workday.py
[2022-05-19 19:52:11,493] {processor.py:161} INFO - Processing /usr/local/lib/python3.10/dist-packages/airflow/example_dags/plugins/workday.py took 0.019 seconds
[2022-05-19 19:52:46,381] {processor.py:153} INFO - Started process (PID=13662) to work on /usr/local/lib/python3.10/dist-packages/airflow/example_dags/plugins/workday.py
[2022-05-19 19:52:46,382] {processor.py:641} INFO - Processing file /usr/local/lib/python3.10/dist-packages/airflow/example_dags/plugins/workday.py for tasks to queue
[2022-05-19 19:52:46,383] {logging_mixin.py:115} INFO - [2022-05-19 19:52:46,383] {dagbag.py:507} INFO - Filling up the DagBag from /usr/local/lib/python3.10/dist-packages/airflow/example_dags/plugins/workday.py
[2022-05-19 19:52:46,385] {processor.py:653} WARNING - No viable dags retrieved from /usr/local/lib/python3.10/dist-packages/airflow/example_dags/plugins/workday.py
[2022-05-19 19:52:46,396] {processor.py:161} INFO - Processing /usr/local/lib/python3.10/dist-packages/airflow/example_dags/plugins/workday.py took 0.018 seconds
[2022-05-19 19:53:22,187] {processor.py:153} INFO - Started process (PID=13765) to work on /usr/local/lib/python3.10/dist-packages/airflow/example_dags/plugins/workday.py
[2022-05-19 19:53:22,188] {processor.py:641} INFO - Processing file /usr/local/lib/python3.10/dist-packages/airflow/example_dags/plugins/workday.py for tasks to queue
[2022-05-19 19:53:22,188] {logging_mixin.py:115} INFO - [2022-05-19 19:53:22,188] {dagbag.py:507} INFO - Filling up the DagBag from /usr/local/lib/python3.10/dist-packages/airflow/example_dags/plugins/workday.py
[2022-05-19 19:53:22,191] {processor.py:653} WARNING - No viable dags retrieved from /usr/local/lib/python3.10/dist-packages/airflow/example_dags/plugins/workday.py
[2022-05-19 19:53:22,202] {processor.py:161} INFO - Processing /usr/local/lib/python3.10/dist-packages/airflow/example_dags/plugins/workday.py took 0.018 seconds
[2022-05-19 19:54:00,098] {processor.py:153} INFO - Started process (PID=13815) to work on /usr/local/lib/python3.10/dist-packages/airflow/example_dags/plugins/workday.py
[2022-05-19 19:54:00,098] {processor.py:641} INFO - Processing file /usr/local/lib/python3.10/dist-packages/airflow/example_dags/plugins/workday.py for tasks to queue
[2022-05-19 19:54:00,099] {logging_mixin.py:115} INFO - [2022-05-19 19:54:00,099] {dagbag.py:507} INFO - Filling up the DagBag from /usr/local/lib/python3.10/dist-packages/airflow/example_dags/plugins/workday.py
[2022-05-19 19:54:00,101] {processor.py:653} WARNING - No viable dags retrieved from /usr/local/lib/python3.10/dist-packages/airflow/example_dags/plugins/workday.py
[2022-05-19 19:54:00,112] {processor.py:161} INFO - Processing /usr/local/lib/python3.10/dist-packages/airflow/example_dags/plugins/workday.py took 0.018 seconds
[2022-05-19 19:54:38,557] {processor.py:153} INFO - Started process (PID=13916) to work on /usr/local/lib/python3.10/dist-packages/airflow/example_dags/plugins/workday.py
[2022-05-19 19:54:38,558] {processor.py:641} INFO - Processing file /usr/local/lib/python3.10/dist-packages/airflow/example_dags/plugins/workday.py for tasks to queue
[2022-05-19 19:54:38,559] {logging_mixin.py:115} INFO - [2022-05-19 19:54:38,559] {dagbag.py:507} INFO - Filling up the DagBag from /usr/local/lib/python3.10/dist-packages/airflow/example_dags/plugins/workday.py
[2022-05-19 19:54:38,561] {processor.py:653} WARNING - No viable dags retrieved from /usr/local/lib/python3.10/dist-packages/airflow/example_dags/plugins/workday.py
[2022-05-19 19:54:38,573] {processor.py:161} INFO - Processing /usr/local/lib/python3.10/dist-packages/airflow/example_dags/plugins/workday.py took 0.019 seconds
[2022-05-19 19:55:17,366] {processor.py:153} INFO - Started process (PID=14016) to work on /usr/local/lib/python3.10/dist-packages/airflow/example_dags/plugins/workday.py
[2022-05-19 19:55:17,367] {processor.py:641} INFO - Processing file /usr/local/lib/python3.10/dist-packages/airflow/example_dags/plugins/workday.py for tasks to queue
[2022-05-19 19:55:17,367] {logging_mixin.py:115} INFO - [2022-05-19 19:55:17,367] {dagbag.py:507} INFO - Filling up the DagBag from /usr/local/lib/python3.10/dist-packages/airflow/example_dags/plugins/workday.py
[2022-05-19 19:55:17,369] {processor.py:653} WARNING - No viable dags retrieved from /usr/local/lib/python3.10/dist-packages/airflow/example_dags/plugins/workday.py
[2022-05-19 19:55:17,380] {processor.py:161} INFO - Processing /usr/local/lib/python3.10/dist-packages/airflow/example_dags/plugins/workday.py took 0.017 seconds
[2022-05-19 19:55:49,778] {processor.py:153} INFO - Started process (PID=14161) to work on /usr/local/lib/python3.10/dist-packages/airflow/example_dags/plugins/workday.py
[2022-05-19 19:55:49,778] {processor.py:641} INFO - Processing file /usr/local/lib/python3.10/dist-packages/airflow/example_dags/plugins/workday.py for tasks to queue
[2022-05-19 19:55:49,779] {logging_mixin.py:115} INFO - [2022-05-19 19:55:49,779] {dagbag.py:507} INFO - Filling up the DagBag from /usr/local/lib/python3.10/dist-packages/airflow/example_dags/plugins/workday.py
[2022-05-19 19:55:49,781] {processor.py:653} WARNING - No viable dags retrieved from /usr/local/lib/python3.10/dist-packages/airflow/example_dags/plugins/workday.py
[2022-05-19 19:55:49,792] {processor.py:161} INFO - Processing /usr/local/lib/python3.10/dist-packages/airflow/example_dags/plugins/workday.py took 0.017 seconds
[2022-05-19 19:56:23,032] {processor.py:153} INFO - Started process (PID=14209) to work on /usr/local/lib/python3.10/dist-packages/airflow/example_dags/plugins/workday.py
[2022-05-19 19:56:23,032] {processor.py:641} INFO - Processing file /usr/local/lib/python3.10/dist-packages/airflow/example_dags/plugins/workday.py for tasks to queue
[2022-05-19 19:56:23,033] {logging_mixin.py:115} INFO - [2022-05-19 19:56:23,033] {dagbag.py:507} INFO - Filling up the DagBag from /usr/local/lib/python3.10/dist-packages/airflow/example_dags/plugins/workday.py
[2022-05-19 19:56:23,036] {processor.py:653} WARNING - No viable dags retrieved from /usr/local/lib/python3.10/dist-packages/airflow/example_dags/plugins/workday.py
[2022-05-19 19:56:23,047] {processor.py:161} INFO - Processing /usr/local/lib/python3.10/dist-packages/airflow/example_dags/plugins/workday.py took 0.018 seconds
[2022-05-19 19:57:01,075] {processor.py:153} INFO - Started process (PID=14338) to work on /usr/local/lib/python3.10/dist-packages/airflow/example_dags/plugins/workday.py
[2022-05-19 19:57:01,075] {processor.py:641} INFO - Processing file /usr/local/lib/python3.10/dist-packages/airflow/example_dags/plugins/workday.py for tasks to queue
[2022-05-19 19:57:01,076] {logging_mixin.py:115} INFO - [2022-05-19 19:57:01,076] {dagbag.py:507} INFO - Filling up the DagBag from /usr/local/lib/python3.10/dist-packages/airflow/example_dags/plugins/workday.py
[2022-05-19 19:57:01,077] {processor.py:653} WARNING - No viable dags retrieved from /usr/local/lib/python3.10/dist-packages/airflow/example_dags/plugins/workday.py
[2022-05-19 19:57:01,086] {processor.py:161} INFO - Processing /usr/local/lib/python3.10/dist-packages/airflow/example_dags/plugins/workday.py took 0.014 seconds
[2022-05-19 19:57:36,818] {processor.py:153} INFO - Started process (PID=14453) to work on /usr/local/lib/python3.10/dist-packages/airflow/example_dags/plugins/workday.py
[2022-05-19 19:57:36,819] {processor.py:641} INFO - Processing file /usr/local/lib/python3.10/dist-packages/airflow/example_dags/plugins/workday.py for tasks to queue
[2022-05-19 19:57:36,819] {logging_mixin.py:115} INFO - [2022-05-19 19:57:36,819] {dagbag.py:507} INFO - Filling up the DagBag from /usr/local/lib/python3.10/dist-packages/airflow/example_dags/plugins/workday.py
[2022-05-19 19:57:36,821] {processor.py:653} WARNING - No viable dags retrieved from /usr/local/lib/python3.10/dist-packages/airflow/example_dags/plugins/workday.py
[2022-05-19 19:57:36,833] {processor.py:161} INFO - Processing /usr/local/lib/python3.10/dist-packages/airflow/example_dags/plugins/workday.py took 0.018 seconds
[2022-05-19 19:58:15,730] {processor.py:153} INFO - Started process (PID=14497) to work on /usr/local/lib/python3.10/dist-packages/airflow/example_dags/plugins/workday.py
[2022-05-19 19:58:15,731] {processor.py:641} INFO - Processing file /usr/local/lib/python3.10/dist-packages/airflow/example_dags/plugins/workday.py for tasks to queue
[2022-05-19 19:58:15,731] {logging_mixin.py:115} INFO - [2022-05-19 19:58:15,731] {dagbag.py:507} INFO - Filling up the DagBag from /usr/local/lib/python3.10/dist-packages/airflow/example_dags/plugins/workday.py
[2022-05-19 19:58:15,733] {processor.py:653} WARNING - No viable dags retrieved from /usr/local/lib/python3.10/dist-packages/airflow/example_dags/plugins/workday.py
[2022-05-19 19:58:15,745] {processor.py:161} INFO - Processing /usr/local/lib/python3.10/dist-packages/airflow/example_dags/plugins/workday.py took 0.018 seconds
[2022-05-19 19:58:48,982] {processor.py:153} INFO - Started process (PID=14536) to work on /usr/local/lib/python3.10/dist-packages/airflow/example_dags/plugins/workday.py
[2022-05-19 19:58:48,983] {processor.py:641} INFO - Processing file /usr/local/lib/python3.10/dist-packages/airflow/example_dags/plugins/workday.py for tasks to queue
[2022-05-19 19:58:48,983] {logging_mixin.py:115} INFO - [2022-05-19 19:58:48,983] {dagbag.py:507} INFO - Filling up the DagBag from /usr/local/lib/python3.10/dist-packages/airflow/example_dags/plugins/workday.py
[2022-05-19 19:58:48,986] {processor.py:653} WARNING - No viable dags retrieved from /usr/local/lib/python3.10/dist-packages/airflow/example_dags/plugins/workday.py
[2022-05-19 19:58:48,997] {processor.py:161} INFO - Processing /usr/local/lib/python3.10/dist-packages/airflow/example_dags/plugins/workday.py took 0.018 seconds
[2022-05-19 19:59:24,041] {processor.py:153} INFO - Started process (PID=14580) to work on /usr/local/lib/python3.10/dist-packages/airflow/example_dags/plugins/workday.py
[2022-05-19 19:59:24,042] {processor.py:641} INFO - Processing file /usr/local/lib/python3.10/dist-packages/airflow/example_dags/plugins/workday.py for tasks to queue
[2022-05-19 19:59:24,043] {logging_mixin.py:115} INFO - [2022-05-19 19:59:24,042] {dagbag.py:507} INFO - Filling up the DagBag from /usr/local/lib/python3.10/dist-packages/airflow/example_dags/plugins/workday.py
[2022-05-19 19:59:24,045] {processor.py:653} WARNING - No viable dags retrieved from /usr/local/lib/python3.10/dist-packages/airflow/example_dags/plugins/workday.py
[2022-05-19 19:59:24,056] {processor.py:161} INFO - Processing /usr/local/lib/python3.10/dist-packages/airflow/example_dags/plugins/workday.py took 0.018 seconds
[2022-05-19 19:59:56,715] {processor.py:153} INFO - Started process (PID=14623) to work on /usr/local/lib/python3.10/dist-packages/airflow/example_dags/plugins/workday.py
[2022-05-19 19:59:56,716] {processor.py:641} INFO - Processing file /usr/local/lib/python3.10/dist-packages/airflow/example_dags/plugins/workday.py for tasks to queue
[2022-05-19 19:59:56,717] {logging_mixin.py:115} INFO - [2022-05-19 19:59:56,716] {dagbag.py:507} INFO - Filling up the DagBag from /usr/local/lib/python3.10/dist-packages/airflow/example_dags/plugins/workday.py
[2022-05-19 19:59:56,719] {processor.py:653} WARNING - No viable dags retrieved from /usr/local/lib/python3.10/dist-packages/airflow/example_dags/plugins/workday.py
[2022-05-19 19:59:56,730] {processor.py:161} INFO - Processing /usr/local/lib/python3.10/dist-packages/airflow/example_dags/plugins/workday.py took 0.018 seconds
[2022-05-19 20:00:34,961] {processor.py:153} INFO - Started process (PID=14697) to work on /usr/local/lib/python3.10/dist-packages/airflow/example_dags/plugins/workday.py
[2022-05-19 20:00:34,962] {processor.py:641} INFO - Processing file /usr/local/lib/python3.10/dist-packages/airflow/example_dags/plugins/workday.py for tasks to queue
[2022-05-19 20:00:34,963] {logging_mixin.py:115} INFO - [2022-05-19 20:00:34,963] {dagbag.py:507} INFO - Filling up the DagBag from /usr/local/lib/python3.10/dist-packages/airflow/example_dags/plugins/workday.py
[2022-05-19 20:00:34,965] {processor.py:653} WARNING - No viable dags retrieved from /usr/local/lib/python3.10/dist-packages/airflow/example_dags/plugins/workday.py
[2022-05-19 20:00:34,977] {processor.py:161} INFO - Processing /usr/local/lib/python3.10/dist-packages/airflow/example_dags/plugins/workday.py took 0.018 seconds
[2022-05-19 20:01:12,637] {processor.py:153} INFO - Started process (PID=14739) to work on /usr/local/lib/python3.10/dist-packages/airflow/example_dags/plugins/workday.py
[2022-05-19 20:01:12,638] {processor.py:641} INFO - Processing file /usr/local/lib/python3.10/dist-packages/airflow/example_dags/plugins/workday.py for tasks to queue
[2022-05-19 20:01:12,638] {logging_mixin.py:115} INFO - [2022-05-19 20:01:12,638] {dagbag.py:507} INFO - Filling up the DagBag from /usr/local/lib/python3.10/dist-packages/airflow/example_dags/plugins/workday.py
[2022-05-19 20:01:12,641] {processor.py:653} WARNING - No viable dags retrieved from /usr/local/lib/python3.10/dist-packages/airflow/example_dags/plugins/workday.py
[2022-05-19 20:01:12,653] {processor.py:161} INFO - Processing /usr/local/lib/python3.10/dist-packages/airflow/example_dags/plugins/workday.py took 0.019 seconds
[2022-05-19 20:01:48,453] {processor.py:153} INFO - Started process (PID=14777) to work on /usr/local/lib/python3.10/dist-packages/airflow/example_dags/plugins/workday.py
[2022-05-19 20:01:48,454] {processor.py:641} INFO - Processing file /usr/local/lib/python3.10/dist-packages/airflow/example_dags/plugins/workday.py for tasks to queue
[2022-05-19 20:01:48,455] {logging_mixin.py:115} INFO - [2022-05-19 20:01:48,454] {dagbag.py:507} INFO - Filling up the DagBag from /usr/local/lib/python3.10/dist-packages/airflow/example_dags/plugins/workday.py
[2022-05-19 20:01:48,457] {processor.py:653} WARNING - No viable dags retrieved from /usr/local/lib/python3.10/dist-packages/airflow/example_dags/plugins/workday.py
[2022-05-19 20:01:48,468] {processor.py:161} INFO - Processing /usr/local/lib/python3.10/dist-packages/airflow/example_dags/plugins/workday.py took 0.018 seconds
[2022-05-19 20:02:20,587] {processor.py:153} INFO - Started process (PID=14812) to work on /usr/local/lib/python3.10/dist-packages/airflow/example_dags/plugins/workday.py
[2022-05-19 20:02:20,588] {processor.py:641} INFO - Processing file /usr/local/lib/python3.10/dist-packages/airflow/example_dags/plugins/workday.py for tasks to queue
[2022-05-19 20:02:20,588] {logging_mixin.py:115} INFO - [2022-05-19 20:02:20,588] {dagbag.py:507} INFO - Filling up the DagBag from /usr/local/lib/python3.10/dist-packages/airflow/example_dags/plugins/workday.py
[2022-05-19 20:02:20,590] {processor.py:653} WARNING - No viable dags retrieved from /usr/local/lib/python3.10/dist-packages/airflow/example_dags/plugins/workday.py
[2022-05-19 20:02:20,602] {processor.py:161} INFO - Processing /usr/local/lib/python3.10/dist-packages/airflow/example_dags/plugins/workday.py took 0.019 seconds
[2022-05-19 20:02:56,926] {processor.py:153} INFO - Started process (PID=14858) to work on /usr/local/lib/python3.10/dist-packages/airflow/example_dags/plugins/workday.py
[2022-05-19 20:02:56,927] {processor.py:641} INFO - Processing file /usr/local/lib/python3.10/dist-packages/airflow/example_dags/plugins/workday.py for tasks to queue
[2022-05-19 20:02:56,927] {logging_mixin.py:115} INFO - [2022-05-19 20:02:56,927] {dagbag.py:507} INFO - Filling up the DagBag from /usr/local/lib/python3.10/dist-packages/airflow/example_dags/plugins/workday.py
[2022-05-19 20:02:56,929] {processor.py:653} WARNING - No viable dags retrieved from /usr/local/lib/python3.10/dist-packages/airflow/example_dags/plugins/workday.py
[2022-05-19 20:02:56,941] {processor.py:161} INFO - Processing /usr/local/lib/python3.10/dist-packages/airflow/example_dags/plugins/workday.py took 0.019 seconds
[2022-05-19 20:03:28,529] {processor.py:153} INFO - Started process (PID=14892) to work on /usr/local/lib/python3.10/dist-packages/airflow/example_dags/plugins/workday.py
[2022-05-19 20:03:28,529] {processor.py:641} INFO - Processing file /usr/local/lib/python3.10/dist-packages/airflow/example_dags/plugins/workday.py for tasks to queue
[2022-05-19 20:03:28,530] {logging_mixin.py:115} INFO - [2022-05-19 20:03:28,530] {dagbag.py:507} INFO - Filling up the DagBag from /usr/local/lib/python3.10/dist-packages/airflow/example_dags/plugins/workday.py
[2022-05-19 20:03:28,532] {processor.py:653} WARNING - No viable dags retrieved from /usr/local/lib/python3.10/dist-packages/airflow/example_dags/plugins/workday.py
[2022-05-19 20:03:28,543] {processor.py:161} INFO - Processing /usr/local/lib/python3.10/dist-packages/airflow/example_dags/plugins/workday.py took 0.018 seconds
[2022-05-19 20:04:00,700] {processor.py:153} INFO - Started process (PID=15139) to work on /usr/local/lib/python3.10/dist-packages/airflow/example_dags/plugins/workday.py
[2022-05-19 20:04:00,701] {processor.py:641} INFO - Processing file /usr/local/lib/python3.10/dist-packages/airflow/example_dags/plugins/workday.py for tasks to queue
[2022-05-19 20:04:00,702] {logging_mixin.py:115} INFO - [2022-05-19 20:04:00,702] {dagbag.py:507} INFO - Filling up the DagBag from /usr/local/lib/python3.10/dist-packages/airflow/example_dags/plugins/workday.py
[2022-05-19 20:04:00,704] {processor.py:653} WARNING - No viable dags retrieved from /usr/local/lib/python3.10/dist-packages/airflow/example_dags/plugins/workday.py
[2022-05-19 20:04:00,715] {processor.py:161} INFO - Processing /usr/local/lib/python3.10/dist-packages/airflow/example_dags/plugins/workday.py took 0.018 seconds
[2022-05-19 20:04:39,162] {processor.py:153} INFO - Started process (PID=15303) to work on /usr/local/lib/python3.10/dist-packages/airflow/example_dags/plugins/workday.py
[2022-05-19 20:04:39,163] {processor.py:641} INFO - Processing file /usr/local/lib/python3.10/dist-packages/airflow/example_dags/plugins/workday.py for tasks to queue
[2022-05-19 20:04:39,163] {logging_mixin.py:115} INFO - [2022-05-19 20:04:39,163] {dagbag.py:507} INFO - Filling up the DagBag from /usr/local/lib/python3.10/dist-packages/airflow/example_dags/plugins/workday.py
[2022-05-19 20:04:39,165] {processor.py:653} WARNING - No viable dags retrieved from /usr/local/lib/python3.10/dist-packages/airflow/example_dags/plugins/workday.py
[2022-05-19 20:04:39,177] {processor.py:161} INFO - Processing /usr/local/lib/python3.10/dist-packages/airflow/example_dags/plugins/workday.py took 0.019 seconds
[2022-05-19 20:05:11,321] {processor.py:153} INFO - Started process (PID=15339) to work on /usr/local/lib/python3.10/dist-packages/airflow/example_dags/plugins/workday.py
[2022-05-19 20:05:11,322] {processor.py:641} INFO - Processing file /usr/local/lib/python3.10/dist-packages/airflow/example_dags/plugins/workday.py for tasks to queue
[2022-05-19 20:05:11,323] {logging_mixin.py:115} INFO - [2022-05-19 20:05:11,323] {dagbag.py:507} INFO - Filling up the DagBag from /usr/local/lib/python3.10/dist-packages/airflow/example_dags/plugins/workday.py
[2022-05-19 20:05:11,325] {processor.py:653} WARNING - No viable dags retrieved from /usr/local/lib/python3.10/dist-packages/airflow/example_dags/plugins/workday.py
[2022-05-19 20:05:11,337] {processor.py:161} INFO - Processing /usr/local/lib/python3.10/dist-packages/airflow/example_dags/plugins/workday.py took 0.019 seconds
[2022-05-19 20:05:46,393] {processor.py:153} INFO - Started process (PID=15405) to work on /usr/local/lib/python3.10/dist-packages/airflow/example_dags/plugins/workday.py
[2022-05-19 20:05:46,394] {processor.py:641} INFO - Processing file /usr/local/lib/python3.10/dist-packages/airflow/example_dags/plugins/workday.py for tasks to queue
[2022-05-19 20:05:46,395] {logging_mixin.py:115} INFO - [2022-05-19 20:05:46,394] {dagbag.py:507} INFO - Filling up the DagBag from /usr/local/lib/python3.10/dist-packages/airflow/example_dags/plugins/workday.py
[2022-05-19 20:05:46,397] {processor.py:653} WARNING - No viable dags retrieved from /usr/local/lib/python3.10/dist-packages/airflow/example_dags/plugins/workday.py
[2022-05-19 20:05:46,409] {processor.py:161} INFO - Processing /usr/local/lib/python3.10/dist-packages/airflow/example_dags/plugins/workday.py took 0.019 seconds
[2022-05-19 20:06:19,033] {processor.py:153} INFO - Started process (PID=15446) to work on /usr/local/lib/python3.10/dist-packages/airflow/example_dags/plugins/workday.py
[2022-05-19 20:06:19,034] {processor.py:641} INFO - Processing file /usr/local/lib/python3.10/dist-packages/airflow/example_dags/plugins/workday.py for tasks to queue
[2022-05-19 20:06:19,035] {logging_mixin.py:115} INFO - [2022-05-19 20:06:19,035] {dagbag.py:507} INFO - Filling up the DagBag from /usr/local/lib/python3.10/dist-packages/airflow/example_dags/plugins/workday.py
[2022-05-19 20:06:19,037] {processor.py:653} WARNING - No viable dags retrieved from /usr/local/lib/python3.10/dist-packages/airflow/example_dags/plugins/workday.py
[2022-05-19 20:06:19,049] {processor.py:161} INFO - Processing /usr/local/lib/python3.10/dist-packages/airflow/example_dags/plugins/workday.py took 0.019 seconds
[2022-05-19 20:06:54,841] {processor.py:153} INFO - Started process (PID=15486) to work on /usr/local/lib/python3.10/dist-packages/airflow/example_dags/plugins/workday.py
[2022-05-19 20:06:54,842] {processor.py:641} INFO - Processing file /usr/local/lib/python3.10/dist-packages/airflow/example_dags/plugins/workday.py for tasks to queue
[2022-05-19 20:06:54,842] {logging_mixin.py:115} INFO - [2022-05-19 20:06:54,842] {dagbag.py:507} INFO - Filling up the DagBag from /usr/local/lib/python3.10/dist-packages/airflow/example_dags/plugins/workday.py
[2022-05-19 20:06:54,844] {processor.py:653} WARNING - No viable dags retrieved from /usr/local/lib/python3.10/dist-packages/airflow/example_dags/plugins/workday.py
[2022-05-19 20:06:54,855] {processor.py:161} INFO - Processing /usr/local/lib/python3.10/dist-packages/airflow/example_dags/plugins/workday.py took 0.018 seconds
[2022-05-19 20:07:28,783] {processor.py:153} INFO - Started process (PID=15520) to work on /usr/local/lib/python3.10/dist-packages/airflow/example_dags/plugins/workday.py
[2022-05-19 20:07:28,784] {processor.py:641} INFO - Processing file /usr/local/lib/python3.10/dist-packages/airflow/example_dags/plugins/workday.py for tasks to queue
[2022-05-19 20:07:28,784] {logging_mixin.py:115} INFO - [2022-05-19 20:07:28,784] {dagbag.py:507} INFO - Filling up the DagBag from /usr/local/lib/python3.10/dist-packages/airflow/example_dags/plugins/workday.py
[2022-05-19 20:07:28,786] {processor.py:653} WARNING - No viable dags retrieved from /usr/local/lib/python3.10/dist-packages/airflow/example_dags/plugins/workday.py
[2022-05-19 20:07:28,798] {processor.py:161} INFO - Processing /usr/local/lib/python3.10/dist-packages/airflow/example_dags/plugins/workday.py took 0.019 seconds
[2022-05-19 20:08:06,910] {processor.py:153} INFO - Started process (PID=15566) to work on /usr/local/lib/python3.10/dist-packages/airflow/example_dags/plugins/workday.py
[2022-05-19 20:08:06,911] {processor.py:641} INFO - Processing file /usr/local/lib/python3.10/dist-packages/airflow/example_dags/plugins/workday.py for tasks to queue
[2022-05-19 20:08:06,912] {logging_mixin.py:115} INFO - [2022-05-19 20:08:06,912] {dagbag.py:507} INFO - Filling up the DagBag from /usr/local/lib/python3.10/dist-packages/airflow/example_dags/plugins/workday.py
[2022-05-19 20:08:06,914] {processor.py:653} WARNING - No viable dags retrieved from /usr/local/lib/python3.10/dist-packages/airflow/example_dags/plugins/workday.py
[2022-05-19 20:08:06,927] {processor.py:161} INFO - Processing /usr/local/lib/python3.10/dist-packages/airflow/example_dags/plugins/workday.py took 0.020 seconds
[2022-05-19 20:08:44,069] {processor.py:153} INFO - Started process (PID=15608) to work on /usr/local/lib/python3.10/dist-packages/airflow/example_dags/plugins/workday.py
[2022-05-19 20:08:44,070] {processor.py:641} INFO - Processing file /usr/local/lib/python3.10/dist-packages/airflow/example_dags/plugins/workday.py for tasks to queue
[2022-05-19 20:08:44,070] {logging_mixin.py:115} INFO - [2022-05-19 20:08:44,070] {dagbag.py:507} INFO - Filling up the DagBag from /usr/local/lib/python3.10/dist-packages/airflow/example_dags/plugins/workday.py
[2022-05-19 20:08:44,072] {processor.py:653} WARNING - No viable dags retrieved from /usr/local/lib/python3.10/dist-packages/airflow/example_dags/plugins/workday.py
[2022-05-19 20:08:44,085] {processor.py:161} INFO - Processing /usr/local/lib/python3.10/dist-packages/airflow/example_dags/plugins/workday.py took 0.019 seconds
[2022-05-19 20:09:16,317] {processor.py:153} INFO - Started process (PID=15646) to work on /usr/local/lib/python3.10/dist-packages/airflow/example_dags/plugins/workday.py
[2022-05-19 20:09:16,318] {processor.py:641} INFO - Processing file /usr/local/lib/python3.10/dist-packages/airflow/example_dags/plugins/workday.py for tasks to queue
[2022-05-19 20:09:16,318] {logging_mixin.py:115} INFO - [2022-05-19 20:09:16,318] {dagbag.py:507} INFO - Filling up the DagBag from /usr/local/lib/python3.10/dist-packages/airflow/example_dags/plugins/workday.py
[2022-05-19 20:09:16,320] {processor.py:653} WARNING - No viable dags retrieved from /usr/local/lib/python3.10/dist-packages/airflow/example_dags/plugins/workday.py
[2022-05-19 20:09:16,332] {processor.py:161} INFO - Processing /usr/local/lib/python3.10/dist-packages/airflow/example_dags/plugins/workday.py took 0.019 seconds
[2022-05-19 20:09:53,502] {processor.py:153} INFO - Started process (PID=15688) to work on /usr/local/lib/python3.10/dist-packages/airflow/example_dags/plugins/workday.py
[2022-05-19 20:09:53,503] {processor.py:641} INFO - Processing file /usr/local/lib/python3.10/dist-packages/airflow/example_dags/plugins/workday.py for tasks to queue
[2022-05-19 20:09:53,503] {logging_mixin.py:115} INFO - [2022-05-19 20:09:53,503] {dagbag.py:507} INFO - Filling up the DagBag from /usr/local/lib/python3.10/dist-packages/airflow/example_dags/plugins/workday.py
[2022-05-19 20:09:53,505] {processor.py:653} WARNING - No viable dags retrieved from /usr/local/lib/python3.10/dist-packages/airflow/example_dags/plugins/workday.py
[2022-05-19 20:09:53,517] {processor.py:161} INFO - Processing /usr/local/lib/python3.10/dist-packages/airflow/example_dags/plugins/workday.py took 0.019 seconds
[2022-05-19 20:10:26,924] {processor.py:153} INFO - Started process (PID=15754) to work on /usr/local/lib/python3.10/dist-packages/airflow/example_dags/plugins/workday.py
[2022-05-19 20:10:26,925] {processor.py:641} INFO - Processing file /usr/local/lib/python3.10/dist-packages/airflow/example_dags/plugins/workday.py for tasks to queue
[2022-05-19 20:10:26,925] {logging_mixin.py:115} INFO - [2022-05-19 20:10:26,925] {dagbag.py:507} INFO - Filling up the DagBag from /usr/local/lib/python3.10/dist-packages/airflow/example_dags/plugins/workday.py
[2022-05-19 20:10:26,927] {processor.py:653} WARNING - No viable dags retrieved from /usr/local/lib/python3.10/dist-packages/airflow/example_dags/plugins/workday.py
[2022-05-19 20:10:26,937] {processor.py:161} INFO - Processing /usr/local/lib/python3.10/dist-packages/airflow/example_dags/plugins/workday.py took 0.016 seconds
