[2022-05-17 18:14:14,747] {taskinstance.py:1159} INFO - Dependencies all met for <TaskInstance: example_bash_operator.this_will_skip scheduled__2022-05-16T00:00:00+00:00 [queued]>
[2022-05-17 18:14:14,754] {taskinstance.py:1159} INFO - Dependencies all met for <TaskInstance: example_bash_operator.this_will_skip scheduled__2022-05-16T00:00:00+00:00 [queued]>
[2022-05-17 18:14:14,754] {taskinstance.py:1356} INFO - 
--------------------------------------------------------------------------------
[2022-05-17 18:14:14,754] {taskinstance.py:1357} INFO - Starting attempt 1 of 1
[2022-05-17 18:14:14,754] {taskinstance.py:1358} INFO - 
--------------------------------------------------------------------------------
[2022-05-17 18:14:14,776] {taskinstance.py:1377} INFO - Executing <Task(BashOperator): this_will_skip> on 2022-05-16 00:00:00+00:00
[2022-05-17 18:14:14,778] {standard_task_runner.py:52} INFO - Started process 4505 to run task
[2022-05-17 18:14:14,781] {standard_task_runner.py:79} INFO - Running: ['airflow', 'tasks', 'run', 'example_bash_operator', 'this_will_skip', 'scheduled__2022-05-16T00:00:00+00:00', '--job-id', '64', '--raw', '--subdir', '/usr/local/lib/python3.10/dist-packages/airflow/example_dags/example_bash_operator.py', '--cfg-path', '/tmp/tmp6o6mn23v', '--error-file', '/tmp/tmpdelq3fyz']
[2022-05-17 18:14:14,782] {standard_task_runner.py:80} INFO - Job 64: Subtask this_will_skip
[2022-05-17 18:14:14,820] {task_command.py:369} INFO - Running <TaskInstance: example_bash_operator.this_will_skip scheduled__2022-05-16T00:00:00+00:00 [running]> on host roshan-Latitude-E5440
[2022-05-17 18:14:14,873] {taskinstance.py:1569} INFO - Exporting the following env vars:
AIRFLOW_CTX_DAG_OWNER=airflow
AIRFLOW_CTX_DAG_ID=example_bash_operator
AIRFLOW_CTX_TASK_ID=this_will_skip
AIRFLOW_CTX_EXECUTION_DATE=2022-05-16T00:00:00+00:00
AIRFLOW_CTX_TRY_NUMBER=1
AIRFLOW_CTX_DAG_RUN_ID=scheduled__2022-05-16T00:00:00+00:00
[2022-05-17 18:14:14,874] {subprocess.py:62} INFO - Tmp dir root location: 
 /tmp
[2022-05-17 18:14:14,874] {subprocess.py:74} INFO - Running command: ['bash', '-c', 'echo "hello world"; exit 99;']
[2022-05-17 18:14:14,879] {subprocess.py:85} INFO - Output:
[2022-05-17 18:14:14,880] {subprocess.py:92} INFO - hello world
[2022-05-17 18:14:14,880] {subprocess.py:96} INFO - Command exited with return code 99
[2022-05-17 18:14:14,881] {taskinstance.py:1478} INFO - Bash command returned exit code 99. Skipping.
[2022-05-17 18:14:14,888] {taskinstance.py:1395} INFO - Marking task as SKIPPED. dag_id=example_bash_operator, task_id=this_will_skip, execution_date=20220516T000000, start_date=20220517T124414, end_date=20220517T124414
[2022-05-17 18:14:14,913] {local_task_job.py:156} INFO - Task exited with return code 0
[2022-05-17 18:14:14,945] {local_task_job.py:273} INFO - 0 downstream tasks scheduled from follow-on schedule check
